[2025-03-23T14:58:14.970+0000] {processor.py:186} INFO - Started process (PID=89) to work on /home/airflow/.local/lib/python3.12/site-packages/airflow/example_dags/example_dag_decorator.py
[2025-03-23T14:58:14.970+0000] {processor.py:914} INFO - Processing file /home/airflow/.local/lib/python3.12/site-packages/airflow/example_dags/example_dag_decorator.py for tasks to queue
[2025-03-23T14:58:14.972+0000] {logging_mixin.py:190} INFO - [2025-03-23T14:58:14.972+0000] {dagbag.py:588} INFO - Filling up the DagBag from /home/airflow/.local/lib/python3.12/site-packages/airflow/example_dags/example_dag_decorator.py
[2025-03-23T14:58:15.319+0000] {processor.py:925} INFO - DAG(s) 'example_dag_decorator' retrieved from /home/airflow/.local/lib/python3.12/site-packages/airflow/example_dags/example_dag_decorator.py
[2025-03-23T14:58:15.413+0000] {logging_mixin.py:190} INFO - [2025-03-23T14:58:15.413+0000] {override.py:1912} INFO - Created Permission View: can read on DAG:example_dag_decorator
[2025-03-23T14:58:15.420+0000] {logging_mixin.py:190} INFO - [2025-03-23T14:58:15.420+0000] {override.py:1912} INFO - Created Permission View: can edit on DAG:example_dag_decorator
[2025-03-23T14:58:15.425+0000] {logging_mixin.py:190} INFO - [2025-03-23T14:58:15.424+0000] {override.py:1912} INFO - Created Permission View: can delete on DAG:example_dag_decorator
[2025-03-23T14:58:15.429+0000] {logging_mixin.py:190} INFO - [2025-03-23T14:58:15.429+0000] {override.py:1912} INFO - Created Permission View: can read on DAG Run:example_dag_decorator
[2025-03-23T14:58:15.434+0000] {logging_mixin.py:190} INFO - [2025-03-23T14:58:15.434+0000] {override.py:1912} INFO - Created Permission View: can delete on DAG Run:example_dag_decorator
[2025-03-23T14:58:15.439+0000] {logging_mixin.py:190} INFO - [2025-03-23T14:58:15.439+0000] {override.py:1912} INFO - Created Permission View: menu access on DAG Run:example_dag_decorator
[2025-03-23T14:58:15.443+0000] {logging_mixin.py:190} INFO - [2025-03-23T14:58:15.443+0000] {override.py:1912} INFO - Created Permission View: can create on DAG Run:example_dag_decorator
[2025-03-23T14:58:15.444+0000] {logging_mixin.py:190} INFO - [2025-03-23T14:58:15.444+0000] {dag.py:3239} INFO - Sync 1 DAGs
[2025-03-23T14:58:15.454+0000] {logging_mixin.py:190} INFO - [2025-03-23T14:58:15.454+0000] {dag.py:3262} INFO - Creating ORM DAG for example_dag_decorator
[2025-03-23T14:58:15.455+0000] {logging_mixin.py:190} INFO - [2025-03-23T14:58:15.455+0000] {dag.py:4180} INFO - Setting next_dagrun for example_dag_decorator to None, run_after=None
[2025-03-23T14:58:15.467+0000] {processor.py:208} INFO - Processing /home/airflow/.local/lib/python3.12/site-packages/airflow/example_dags/example_dag_decorator.py took 0.502 seconds
[2025-03-23T14:58:45.566+0000] {processor.py:186} INFO - Started process (PID=158) to work on /home/airflow/.local/lib/python3.12/site-packages/airflow/example_dags/example_dag_decorator.py
[2025-03-23T14:58:45.567+0000] {processor.py:914} INFO - Processing file /home/airflow/.local/lib/python3.12/site-packages/airflow/example_dags/example_dag_decorator.py for tasks to queue
[2025-03-23T14:58:45.569+0000] {logging_mixin.py:190} INFO - [2025-03-23T14:58:45.569+0000] {dagbag.py:588} INFO - Filling up the DagBag from /home/airflow/.local/lib/python3.12/site-packages/airflow/example_dags/example_dag_decorator.py
[2025-03-23T14:58:45.657+0000] {processor.py:925} INFO - DAG(s) 'example_dag_decorator' retrieved from /home/airflow/.local/lib/python3.12/site-packages/airflow/example_dags/example_dag_decorator.py
[2025-03-23T14:58:45.754+0000] {logging_mixin.py:190} INFO - [2025-03-23T14:58:45.754+0000] {dag.py:3239} INFO - Sync 1 DAGs
[2025-03-23T14:58:45.764+0000] {logging_mixin.py:190} INFO - [2025-03-23T14:58:45.764+0000] {dag.py:4180} INFO - Setting next_dagrun for example_dag_decorator to None, run_after=None
[2025-03-23T14:58:45.777+0000] {processor.py:208} INFO - Processing /home/airflow/.local/lib/python3.12/site-packages/airflow/example_dags/example_dag_decorator.py took 0.216 seconds
[2025-03-23T14:59:15.992+0000] {processor.py:186} INFO - Started process (PID=221) to work on /home/airflow/.local/lib/python3.12/site-packages/airflow/example_dags/example_dag_decorator.py
[2025-03-23T14:59:15.993+0000] {processor.py:914} INFO - Processing file /home/airflow/.local/lib/python3.12/site-packages/airflow/example_dags/example_dag_decorator.py for tasks to queue
[2025-03-23T14:59:15.995+0000] {logging_mixin.py:190} INFO - [2025-03-23T14:59:15.994+0000] {dagbag.py:588} INFO - Filling up the DagBag from /home/airflow/.local/lib/python3.12/site-packages/airflow/example_dags/example_dag_decorator.py
[2025-03-23T14:59:16.105+0000] {processor.py:925} INFO - DAG(s) 'example_dag_decorator' retrieved from /home/airflow/.local/lib/python3.12/site-packages/airflow/example_dags/example_dag_decorator.py
[2025-03-23T14:59:16.125+0000] {logging_mixin.py:190} INFO - [2025-03-23T14:59:16.125+0000] {dag.py:3239} INFO - Sync 1 DAGs
[2025-03-23T14:59:16.137+0000] {logging_mixin.py:190} INFO - [2025-03-23T14:59:16.137+0000] {dag.py:4180} INFO - Setting next_dagrun for example_dag_decorator to None, run_after=None
[2025-03-23T14:59:16.151+0000] {processor.py:208} INFO - Processing /home/airflow/.local/lib/python3.12/site-packages/airflow/example_dags/example_dag_decorator.py took 0.165 seconds
[2025-03-23T14:59:46.540+0000] {processor.py:186} INFO - Started process (PID=284) to work on /home/airflow/.local/lib/python3.12/site-packages/airflow/example_dags/example_dag_decorator.py
[2025-03-23T14:59:46.541+0000] {processor.py:914} INFO - Processing file /home/airflow/.local/lib/python3.12/site-packages/airflow/example_dags/example_dag_decorator.py for tasks to queue
[2025-03-23T14:59:46.543+0000] {logging_mixin.py:190} INFO - [2025-03-23T14:59:46.543+0000] {dagbag.py:588} INFO - Filling up the DagBag from /home/airflow/.local/lib/python3.12/site-packages/airflow/example_dags/example_dag_decorator.py
[2025-03-23T14:59:46.627+0000] {processor.py:925} INFO - DAG(s) 'example_dag_decorator' retrieved from /home/airflow/.local/lib/python3.12/site-packages/airflow/example_dags/example_dag_decorator.py
[2025-03-23T14:59:46.728+0000] {logging_mixin.py:190} INFO - [2025-03-23T14:59:46.727+0000] {dag.py:3239} INFO - Sync 1 DAGs
[2025-03-23T14:59:46.738+0000] {logging_mixin.py:190} INFO - [2025-03-23T14:59:46.738+0000] {dag.py:4180} INFO - Setting next_dagrun for example_dag_decorator to None, run_after=None
[2025-03-23T14:59:46.752+0000] {processor.py:208} INFO - Processing /home/airflow/.local/lib/python3.12/site-packages/airflow/example_dags/example_dag_decorator.py took 0.218 seconds
[2025-03-23T15:00:16.984+0000] {processor.py:186} INFO - Started process (PID=347) to work on /home/airflow/.local/lib/python3.12/site-packages/airflow/example_dags/example_dag_decorator.py
[2025-03-23T15:00:16.985+0000] {processor.py:914} INFO - Processing file /home/airflow/.local/lib/python3.12/site-packages/airflow/example_dags/example_dag_decorator.py for tasks to queue
[2025-03-23T15:00:16.987+0000] {logging_mixin.py:190} INFO - [2025-03-23T15:00:16.987+0000] {dagbag.py:588} INFO - Filling up the DagBag from /home/airflow/.local/lib/python3.12/site-packages/airflow/example_dags/example_dag_decorator.py
[2025-03-23T15:00:17.074+0000] {processor.py:925} INFO - DAG(s) 'example_dag_decorator' retrieved from /home/airflow/.local/lib/python3.12/site-packages/airflow/example_dags/example_dag_decorator.py
[2025-03-23T15:00:17.175+0000] {logging_mixin.py:190} INFO - [2025-03-23T15:00:17.175+0000] {dag.py:3239} INFO - Sync 1 DAGs
[2025-03-23T15:00:17.185+0000] {logging_mixin.py:190} INFO - [2025-03-23T15:00:17.185+0000] {dag.py:4180} INFO - Setting next_dagrun for example_dag_decorator to None, run_after=None
[2025-03-23T15:00:17.199+0000] {processor.py:208} INFO - Processing /home/airflow/.local/lib/python3.12/site-packages/airflow/example_dags/example_dag_decorator.py took 0.221 seconds
