[2025-03-23T14:58:19.832+0000] {processor.py:186} INFO - Started process (PID=118) to work on /home/airflow/.local/lib/python3.12/site-packages/airflow/example_dags/example_setup_teardown_taskflow.py
[2025-03-23T14:58:19.832+0000] {processor.py:914} INFO - Processing file /home/airflow/.local/lib/python3.12/site-packages/airflow/example_dags/example_setup_teardown_taskflow.py for tasks to queue
[2025-03-23T14:58:19.834+0000] {logging_mixin.py:190} INFO - [2025-03-23T14:58:19.834+0000] {dagbag.py:588} INFO - Filling up the DagBag from /home/airflow/.local/lib/python3.12/site-packages/airflow/example_dags/example_setup_teardown_taskflow.py
[2025-03-23T14:58:19.845+0000] {processor.py:925} INFO - DAG(s) 'example_setup_teardown_taskflow' retrieved from /home/airflow/.local/lib/python3.12/site-packages/airflow/example_dags/example_setup_teardown_taskflow.py
[2025-03-23T14:58:19.943+0000] {logging_mixin.py:190} INFO - [2025-03-23T14:58:19.942+0000] {override.py:1912} INFO - Created Permission View: can read on DAG:example_setup_teardown_taskflow
[2025-03-23T14:58:19.950+0000] {logging_mixin.py:190} INFO - [2025-03-23T14:58:19.950+0000] {override.py:1912} INFO - Created Permission View: can edit on DAG:example_setup_teardown_taskflow
[2025-03-23T14:58:19.955+0000] {logging_mixin.py:190} INFO - [2025-03-23T14:58:19.954+0000] {override.py:1912} INFO - Created Permission View: can delete on DAG:example_setup_teardown_taskflow
[2025-03-23T14:58:19.959+0000] {logging_mixin.py:190} INFO - [2025-03-23T14:58:19.959+0000] {override.py:1912} INFO - Created Permission View: can read on DAG Run:example_setup_teardown_taskflow
[2025-03-23T14:58:19.963+0000] {logging_mixin.py:190} INFO - [2025-03-23T14:58:19.963+0000] {override.py:1912} INFO - Created Permission View: can delete on DAG Run:example_setup_teardown_taskflow
[2025-03-23T14:58:19.968+0000] {logging_mixin.py:190} INFO - [2025-03-23T14:58:19.967+0000] {override.py:1912} INFO - Created Permission View: menu access on DAG Run:example_setup_teardown_taskflow
[2025-03-23T14:58:19.973+0000] {logging_mixin.py:190} INFO - [2025-03-23T14:58:19.972+0000] {override.py:1912} INFO - Created Permission View: can create on DAG Run:example_setup_teardown_taskflow
[2025-03-23T14:58:19.973+0000] {logging_mixin.py:190} INFO - [2025-03-23T14:58:19.973+0000] {dag.py:3239} INFO - Sync 1 DAGs
[2025-03-23T14:58:19.983+0000] {logging_mixin.py:190} INFO - [2025-03-23T14:58:19.983+0000] {dag.py:3262} INFO - Creating ORM DAG for example_setup_teardown_taskflow
[2025-03-23T14:58:19.984+0000] {logging_mixin.py:190} INFO - [2025-03-23T14:58:19.984+0000] {dag.py:4180} INFO - Setting next_dagrun for example_setup_teardown_taskflow to None, run_after=None
[2025-03-23T14:58:19.996+0000] {processor.py:208} INFO - Processing /home/airflow/.local/lib/python3.12/site-packages/airflow/example_dags/example_setup_teardown_taskflow.py took 0.169 seconds
[2025-03-23T14:58:50.268+0000] {processor.py:186} INFO - Started process (PID=181) to work on /home/airflow/.local/lib/python3.12/site-packages/airflow/example_dags/example_setup_teardown_taskflow.py
[2025-03-23T14:58:50.269+0000] {processor.py:914} INFO - Processing file /home/airflow/.local/lib/python3.12/site-packages/airflow/example_dags/example_setup_teardown_taskflow.py for tasks to queue
[2025-03-23T14:58:50.271+0000] {logging_mixin.py:190} INFO - [2025-03-23T14:58:50.270+0000] {dagbag.py:588} INFO - Filling up the DagBag from /home/airflow/.local/lib/python3.12/site-packages/airflow/example_dags/example_setup_teardown_taskflow.py
[2025-03-23T14:58:50.280+0000] {processor.py:925} INFO - DAG(s) 'example_setup_teardown_taskflow' retrieved from /home/airflow/.local/lib/python3.12/site-packages/airflow/example_dags/example_setup_teardown_taskflow.py
[2025-03-23T14:58:50.300+0000] {logging_mixin.py:190} INFO - [2025-03-23T14:58:50.300+0000] {dag.py:3239} INFO - Sync 1 DAGs
[2025-03-23T14:58:50.315+0000] {logging_mixin.py:190} INFO - [2025-03-23T14:58:50.315+0000] {dag.py:4180} INFO - Setting next_dagrun for example_setup_teardown_taskflow to None, run_after=None
[2025-03-23T14:58:50.329+0000] {processor.py:208} INFO - Processing /home/airflow/.local/lib/python3.12/site-packages/airflow/example_dags/example_setup_teardown_taskflow.py took 0.067 seconds
[2025-03-23T14:59:21.564+0000] {processor.py:186} INFO - Started process (PID=244) to work on /home/airflow/.local/lib/python3.12/site-packages/airflow/example_dags/example_setup_teardown_taskflow.py
[2025-03-23T14:59:21.565+0000] {processor.py:914} INFO - Processing file /home/airflow/.local/lib/python3.12/site-packages/airflow/example_dags/example_setup_teardown_taskflow.py for tasks to queue
[2025-03-23T14:59:21.567+0000] {logging_mixin.py:190} INFO - [2025-03-23T14:59:21.567+0000] {dagbag.py:588} INFO - Filling up the DagBag from /home/airflow/.local/lib/python3.12/site-packages/airflow/example_dags/example_setup_teardown_taskflow.py
[2025-03-23T14:59:21.577+0000] {processor.py:925} INFO - DAG(s) 'example_setup_teardown_taskflow' retrieved from /home/airflow/.local/lib/python3.12/site-packages/airflow/example_dags/example_setup_teardown_taskflow.py
[2025-03-23T14:59:21.596+0000] {logging_mixin.py:190} INFO - [2025-03-23T14:59:21.596+0000] {dag.py:3239} INFO - Sync 1 DAGs
[2025-03-23T14:59:21.608+0000] {logging_mixin.py:190} INFO - [2025-03-23T14:59:21.608+0000] {dag.py:4180} INFO - Setting next_dagrun for example_setup_teardown_taskflow to None, run_after=None
[2025-03-23T14:59:21.622+0000] {processor.py:208} INFO - Processing /home/airflow/.local/lib/python3.12/site-packages/airflow/example_dags/example_setup_teardown_taskflow.py took 0.063 seconds
[2025-03-23T14:59:52.080+0000] {processor.py:186} INFO - Started process (PID=307) to work on /home/airflow/.local/lib/python3.12/site-packages/airflow/example_dags/example_setup_teardown_taskflow.py
[2025-03-23T14:59:52.081+0000] {processor.py:914} INFO - Processing file /home/airflow/.local/lib/python3.12/site-packages/airflow/example_dags/example_setup_teardown_taskflow.py for tasks to queue
[2025-03-23T14:59:52.083+0000] {logging_mixin.py:190} INFO - [2025-03-23T14:59:52.083+0000] {dagbag.py:588} INFO - Filling up the DagBag from /home/airflow/.local/lib/python3.12/site-packages/airflow/example_dags/example_setup_teardown_taskflow.py
[2025-03-23T14:59:52.093+0000] {processor.py:925} INFO - DAG(s) 'example_setup_teardown_taskflow' retrieved from /home/airflow/.local/lib/python3.12/site-packages/airflow/example_dags/example_setup_teardown_taskflow.py
[2025-03-23T14:59:52.114+0000] {logging_mixin.py:190} INFO - [2025-03-23T14:59:52.113+0000] {dag.py:3239} INFO - Sync 1 DAGs
[2025-03-23T14:59:52.127+0000] {logging_mixin.py:190} INFO - [2025-03-23T14:59:52.127+0000] {dag.py:4180} INFO - Setting next_dagrun for example_setup_teardown_taskflow to None, run_after=None
[2025-03-23T14:59:52.142+0000] {processor.py:208} INFO - Processing /home/airflow/.local/lib/python3.12/site-packages/airflow/example_dags/example_setup_teardown_taskflow.py took 0.068 seconds
[2025-03-23T15:00:23.332+0000] {processor.py:186} INFO - Started process (PID=370) to work on /home/airflow/.local/lib/python3.12/site-packages/airflow/example_dags/example_setup_teardown_taskflow.py
[2025-03-23T15:00:23.333+0000] {processor.py:914} INFO - Processing file /home/airflow/.local/lib/python3.12/site-packages/airflow/example_dags/example_setup_teardown_taskflow.py for tasks to queue
[2025-03-23T15:00:23.335+0000] {logging_mixin.py:190} INFO - [2025-03-23T15:00:23.334+0000] {dagbag.py:588} INFO - Filling up the DagBag from /home/airflow/.local/lib/python3.12/site-packages/airflow/example_dags/example_setup_teardown_taskflow.py
[2025-03-23T15:00:23.345+0000] {processor.py:925} INFO - DAG(s) 'example_setup_teardown_taskflow' retrieved from /home/airflow/.local/lib/python3.12/site-packages/airflow/example_dags/example_setup_teardown_taskflow.py
[2025-03-23T15:00:23.368+0000] {logging_mixin.py:190} INFO - [2025-03-23T15:00:23.367+0000] {dag.py:3239} INFO - Sync 1 DAGs
[2025-03-23T15:00:23.384+0000] {logging_mixin.py:190} INFO - [2025-03-23T15:00:23.383+0000] {dag.py:4180} INFO - Setting next_dagrun for example_setup_teardown_taskflow to None, run_after=None
[2025-03-23T15:00:23.398+0000] {processor.py:208} INFO - Processing /home/airflow/.local/lib/python3.12/site-packages/airflow/example_dags/example_setup_teardown_taskflow.py took 0.072 seconds
