[2025-03-23T14:58:16.805+0000] {processor.py:186} INFO - Started process (PID=99) to work on /home/airflow/.local/lib/python3.12/site-packages/airflow/example_dags/example_display_name.py
[2025-03-23T14:58:16.806+0000] {processor.py:914} INFO - Processing file /home/airflow/.local/lib/python3.12/site-packages/airflow/example_dags/example_display_name.py for tasks to queue
[2025-03-23T14:58:16.808+0000] {logging_mixin.py:190} INFO - [2025-03-23T14:58:16.808+0000] {dagbag.py:588} INFO - Filling up the DagBag from /home/airflow/.local/lib/python3.12/site-packages/airflow/example_dags/example_display_name.py
[2025-03-23T14:58:16.816+0000] {processor.py:925} INFO - DAG(s) 'example_display_name' retrieved from /home/airflow/.local/lib/python3.12/site-packages/airflow/example_dags/example_display_name.py
[2025-03-23T14:58:16.916+0000] {logging_mixin.py:190} INFO - [2025-03-23T14:58:16.916+0000] {override.py:1912} INFO - Created Permission View: can read on DAG:example_display_name
[2025-03-23T14:58:16.923+0000] {logging_mixin.py:190} INFO - [2025-03-23T14:58:16.923+0000] {override.py:1912} INFO - Created Permission View: can edit on DAG:example_display_name
[2025-03-23T14:58:16.928+0000] {logging_mixin.py:190} INFO - [2025-03-23T14:58:16.928+0000] {override.py:1912} INFO - Created Permission View: can delete on DAG:example_display_name
[2025-03-23T14:58:16.934+0000] {logging_mixin.py:190} INFO - [2025-03-23T14:58:16.934+0000] {override.py:1912} INFO - Created Permission View: can read on DAG Run:example_display_name
[2025-03-23T14:58:16.939+0000] {logging_mixin.py:190} INFO - [2025-03-23T14:58:16.939+0000] {override.py:1912} INFO - Created Permission View: can delete on DAG Run:example_display_name
[2025-03-23T14:58:16.943+0000] {logging_mixin.py:190} INFO - [2025-03-23T14:58:16.943+0000] {override.py:1912} INFO - Created Permission View: menu access on DAG Run:example_display_name
[2025-03-23T14:58:16.947+0000] {logging_mixin.py:190} INFO - [2025-03-23T14:58:16.947+0000] {override.py:1912} INFO - Created Permission View: can create on DAG Run:example_display_name
[2025-03-23T14:58:16.948+0000] {logging_mixin.py:190} INFO - [2025-03-23T14:58:16.948+0000] {dag.py:3239} INFO - Sync 1 DAGs
[2025-03-23T14:58:16.960+0000] {logging_mixin.py:190} INFO - [2025-03-23T14:58:16.960+0000] {dag.py:3262} INFO - Creating ORM DAG for example_display_name
[2025-03-23T14:58:16.961+0000] {logging_mixin.py:190} INFO - [2025-03-23T14:58:16.961+0000] {dag.py:4180} INFO - Setting next_dagrun for example_display_name to None, run_after=None
[2025-03-23T14:58:16.972+0000] {processor.py:208} INFO - Processing /home/airflow/.local/lib/python3.12/site-packages/airflow/example_dags/example_display_name.py took 0.173 seconds
[2025-03-23T14:58:47.476+0000] {processor.py:186} INFO - Started process (PID=161) to work on /home/airflow/.local/lib/python3.12/site-packages/airflow/example_dags/example_display_name.py
[2025-03-23T14:58:47.477+0000] {processor.py:914} INFO - Processing file /home/airflow/.local/lib/python3.12/site-packages/airflow/example_dags/example_display_name.py for tasks to queue
[2025-03-23T14:58:47.478+0000] {logging_mixin.py:190} INFO - [2025-03-23T14:58:47.478+0000] {dagbag.py:588} INFO - Filling up the DagBag from /home/airflow/.local/lib/python3.12/site-packages/airflow/example_dags/example_display_name.py
[2025-03-23T14:58:47.485+0000] {processor.py:925} INFO - DAG(s) 'example_display_name' retrieved from /home/airflow/.local/lib/python3.12/site-packages/airflow/example_dags/example_display_name.py
[2025-03-23T14:58:47.502+0000] {logging_mixin.py:190} INFO - [2025-03-23T14:58:47.502+0000] {dag.py:3239} INFO - Sync 1 DAGs
[2025-03-23T14:58:47.514+0000] {logging_mixin.py:190} INFO - [2025-03-23T14:58:47.514+0000] {dag.py:4180} INFO - Setting next_dagrun for example_display_name to None, run_after=None
[2025-03-23T14:58:47.528+0000] {processor.py:208} INFO - Processing /home/airflow/.local/lib/python3.12/site-packages/airflow/example_dags/example_display_name.py took 0.057 seconds
[2025-03-23T14:59:18.705+0000] {processor.py:186} INFO - Started process (PID=224) to work on /home/airflow/.local/lib/python3.12/site-packages/airflow/example_dags/example_display_name.py
[2025-03-23T14:59:18.706+0000] {processor.py:914} INFO - Processing file /home/airflow/.local/lib/python3.12/site-packages/airflow/example_dags/example_display_name.py for tasks to queue
[2025-03-23T14:59:18.708+0000] {logging_mixin.py:190} INFO - [2025-03-23T14:59:18.708+0000] {dagbag.py:588} INFO - Filling up the DagBag from /home/airflow/.local/lib/python3.12/site-packages/airflow/example_dags/example_display_name.py
[2025-03-23T14:59:18.715+0000] {processor.py:925} INFO - DAG(s) 'example_display_name' retrieved from /home/airflow/.local/lib/python3.12/site-packages/airflow/example_dags/example_display_name.py
[2025-03-23T14:59:18.733+0000] {logging_mixin.py:190} INFO - [2025-03-23T14:59:18.733+0000] {dag.py:3239} INFO - Sync 1 DAGs
[2025-03-23T14:59:18.746+0000] {logging_mixin.py:190} INFO - [2025-03-23T14:59:18.746+0000] {dag.py:4180} INFO - Setting next_dagrun for example_display_name to None, run_after=None
[2025-03-23T14:59:18.761+0000] {processor.py:208} INFO - Processing /home/airflow/.local/lib/python3.12/site-packages/airflow/example_dags/example_display_name.py took 0.061 seconds
[2025-03-23T14:59:49.462+0000] {processor.py:186} INFO - Started process (PID=287) to work on /home/airflow/.local/lib/python3.12/site-packages/airflow/example_dags/example_display_name.py
[2025-03-23T14:59:49.463+0000] {processor.py:914} INFO - Processing file /home/airflow/.local/lib/python3.12/site-packages/airflow/example_dags/example_display_name.py for tasks to queue
[2025-03-23T14:59:49.465+0000] {logging_mixin.py:190} INFO - [2025-03-23T14:59:49.465+0000] {dagbag.py:588} INFO - Filling up the DagBag from /home/airflow/.local/lib/python3.12/site-packages/airflow/example_dags/example_display_name.py
[2025-03-23T14:59:49.472+0000] {processor.py:925} INFO - DAG(s) 'example_display_name' retrieved from /home/airflow/.local/lib/python3.12/site-packages/airflow/example_dags/example_display_name.py
[2025-03-23T14:59:49.489+0000] {logging_mixin.py:190} INFO - [2025-03-23T14:59:49.489+0000] {dag.py:3239} INFO - Sync 1 DAGs
[2025-03-23T14:59:49.501+0000] {logging_mixin.py:190} INFO - [2025-03-23T14:59:49.501+0000] {dag.py:4180} INFO - Setting next_dagrun for example_display_name to None, run_after=None
[2025-03-23T14:59:49.515+0000] {processor.py:208} INFO - Processing /home/airflow/.local/lib/python3.12/site-packages/airflow/example_dags/example_display_name.py took 0.058 seconds
[2025-03-23T15:00:20.738+0000] {processor.py:186} INFO - Started process (PID=350) to work on /home/airflow/.local/lib/python3.12/site-packages/airflow/example_dags/example_display_name.py
[2025-03-23T15:00:20.739+0000] {processor.py:914} INFO - Processing file /home/airflow/.local/lib/python3.12/site-packages/airflow/example_dags/example_display_name.py for tasks to queue
[2025-03-23T15:00:20.741+0000] {logging_mixin.py:190} INFO - [2025-03-23T15:00:20.740+0000] {dagbag.py:588} INFO - Filling up the DagBag from /home/airflow/.local/lib/python3.12/site-packages/airflow/example_dags/example_display_name.py
[2025-03-23T15:00:20.747+0000] {processor.py:925} INFO - DAG(s) 'example_display_name' retrieved from /home/airflow/.local/lib/python3.12/site-packages/airflow/example_dags/example_display_name.py
[2025-03-23T15:00:20.764+0000] {logging_mixin.py:190} INFO - [2025-03-23T15:00:20.764+0000] {dag.py:3239} INFO - Sync 1 DAGs
[2025-03-23T15:00:20.776+0000] {logging_mixin.py:190} INFO - [2025-03-23T15:00:20.776+0000] {dag.py:4180} INFO - Setting next_dagrun for example_display_name to None, run_after=None
[2025-03-23T15:00:20.790+0000] {processor.py:208} INFO - Processing /home/airflow/.local/lib/python3.12/site-packages/airflow/example_dags/example_display_name.py took 0.057 seconds
