[2025-03-23T14:58:18.027+0000] {processor.py:186} INFO - Started process (PID=105) to work on /home/airflow/.local/lib/python3.12/site-packages/airflow/example_dags/example_latest_only.py
[2025-03-23T14:58:18.027+0000] {processor.py:914} INFO - Processing file /home/airflow/.local/lib/python3.12/site-packages/airflow/example_dags/example_latest_only.py for tasks to queue
[2025-03-23T14:58:18.029+0000] {logging_mixin.py:190} INFO - [2025-03-23T14:58:18.029+0000] {dagbag.py:588} INFO - Filling up the DagBag from /home/airflow/.local/lib/python3.12/site-packages/airflow/example_dags/example_latest_only.py
[2025-03-23T14:58:18.037+0000] {processor.py:925} INFO - DAG(s) 'latest_only' retrieved from /home/airflow/.local/lib/python3.12/site-packages/airflow/example_dags/example_latest_only.py
[2025-03-23T14:58:18.131+0000] {logging_mixin.py:190} INFO - [2025-03-23T14:58:18.131+0000] {override.py:1912} INFO - Created Permission View: can read on DAG:latest_only
[2025-03-23T14:58:18.138+0000] {logging_mixin.py:190} INFO - [2025-03-23T14:58:18.138+0000] {override.py:1912} INFO - Created Permission View: can edit on DAG:latest_only
[2025-03-23T14:58:18.143+0000] {logging_mixin.py:190} INFO - [2025-03-23T14:58:18.143+0000] {override.py:1912} INFO - Created Permission View: can delete on DAG:latest_only
[2025-03-23T14:58:18.147+0000] {logging_mixin.py:190} INFO - [2025-03-23T14:58:18.147+0000] {override.py:1912} INFO - Created Permission View: can read on DAG Run:latest_only
[2025-03-23T14:58:18.153+0000] {logging_mixin.py:190} INFO - [2025-03-23T14:58:18.152+0000] {override.py:1912} INFO - Created Permission View: can delete on DAG Run:latest_only
[2025-03-23T14:58:18.157+0000] {logging_mixin.py:190} INFO - [2025-03-23T14:58:18.157+0000] {override.py:1912} INFO - Created Permission View: menu access on DAG Run:latest_only
[2025-03-23T14:58:18.162+0000] {logging_mixin.py:190} INFO - [2025-03-23T14:58:18.162+0000] {override.py:1912} INFO - Created Permission View: can create on DAG Run:latest_only
[2025-03-23T14:58:18.162+0000] {logging_mixin.py:190} INFO - [2025-03-23T14:58:18.162+0000] {dag.py:3239} INFO - Sync 1 DAGs
[2025-03-23T14:58:18.174+0000] {logging_mixin.py:190} INFO - [2025-03-23T14:58:18.173+0000] {dag.py:3262} INFO - Creating ORM DAG for latest_only
[2025-03-23T14:58:18.181+0000] {logging_mixin.py:190} INFO - [2025-03-23T14:58:18.181+0000] {dag.py:4180} INFO - Setting next_dagrun for latest_only to 2025-03-23 08:00:00+00:00, run_after=2025-03-23 12:00:00+00:00
[2025-03-23T14:58:18.195+0000] {processor.py:208} INFO - Processing /home/airflow/.local/lib/python3.12/site-packages/airflow/example_dags/example_latest_only.py took 0.174 seconds
[2025-03-23T14:58:49.344+0000] {processor.py:186} INFO - Started process (PID=168) to work on /home/airflow/.local/lib/python3.12/site-packages/airflow/example_dags/example_latest_only.py
[2025-03-23T14:58:49.345+0000] {processor.py:914} INFO - Processing file /home/airflow/.local/lib/python3.12/site-packages/airflow/example_dags/example_latest_only.py for tasks to queue
[2025-03-23T14:58:49.347+0000] {logging_mixin.py:190} INFO - [2025-03-23T14:58:49.347+0000] {dagbag.py:588} INFO - Filling up the DagBag from /home/airflow/.local/lib/python3.12/site-packages/airflow/example_dags/example_latest_only.py
[2025-03-23T14:58:49.354+0000] {processor.py:925} INFO - DAG(s) 'latest_only' retrieved from /home/airflow/.local/lib/python3.12/site-packages/airflow/example_dags/example_latest_only.py
[2025-03-23T14:58:49.372+0000] {logging_mixin.py:190} INFO - [2025-03-23T14:58:49.372+0000] {dag.py:3239} INFO - Sync 1 DAGs
[2025-03-23T14:58:49.392+0000] {logging_mixin.py:190} INFO - [2025-03-23T14:58:49.392+0000] {dag.py:4180} INFO - Setting next_dagrun for latest_only to 2025-03-23 08:00:00+00:00, run_after=2025-03-23 12:00:00+00:00
[2025-03-23T14:58:49.406+0000] {processor.py:208} INFO - Processing /home/airflow/.local/lib/python3.12/site-packages/airflow/example_dags/example_latest_only.py took 0.067 seconds
[2025-03-23T14:59:20.589+0000] {processor.py:186} INFO - Started process (PID=231) to work on /home/airflow/.local/lib/python3.12/site-packages/airflow/example_dags/example_latest_only.py
[2025-03-23T14:59:20.590+0000] {processor.py:914} INFO - Processing file /home/airflow/.local/lib/python3.12/site-packages/airflow/example_dags/example_latest_only.py for tasks to queue
[2025-03-23T14:59:20.592+0000] {logging_mixin.py:190} INFO - [2025-03-23T14:59:20.592+0000] {dagbag.py:588} INFO - Filling up the DagBag from /home/airflow/.local/lib/python3.12/site-packages/airflow/example_dags/example_latest_only.py
[2025-03-23T14:59:20.598+0000] {processor.py:925} INFO - DAG(s) 'latest_only' retrieved from /home/airflow/.local/lib/python3.12/site-packages/airflow/example_dags/example_latest_only.py
[2025-03-23T14:59:20.617+0000] {logging_mixin.py:190} INFO - [2025-03-23T14:59:20.617+0000] {dag.py:3239} INFO - Sync 1 DAGs
[2025-03-23T14:59:20.638+0000] {logging_mixin.py:190} INFO - [2025-03-23T14:59:20.637+0000] {dag.py:4180} INFO - Setting next_dagrun for latest_only to 2025-03-23 08:00:00+00:00, run_after=2025-03-23 12:00:00+00:00
[2025-03-23T14:59:20.657+0000] {processor.py:208} INFO - Processing /home/airflow/.local/lib/python3.12/site-packages/airflow/example_dags/example_latest_only.py took 0.073 seconds
[2025-03-23T14:59:51.318+0000] {processor.py:186} INFO - Started process (PID=294) to work on /home/airflow/.local/lib/python3.12/site-packages/airflow/example_dags/example_latest_only.py
[2025-03-23T14:59:51.319+0000] {processor.py:914} INFO - Processing file /home/airflow/.local/lib/python3.12/site-packages/airflow/example_dags/example_latest_only.py for tasks to queue
[2025-03-23T14:59:51.321+0000] {logging_mixin.py:190} INFO - [2025-03-23T14:59:51.320+0000] {dagbag.py:588} INFO - Filling up the DagBag from /home/airflow/.local/lib/python3.12/site-packages/airflow/example_dags/example_latest_only.py
[2025-03-23T14:59:51.327+0000] {processor.py:925} INFO - DAG(s) 'latest_only' retrieved from /home/airflow/.local/lib/python3.12/site-packages/airflow/example_dags/example_latest_only.py
[2025-03-23T14:59:51.344+0000] {logging_mixin.py:190} INFO - [2025-03-23T14:59:51.343+0000] {dag.py:3239} INFO - Sync 1 DAGs
[2025-03-23T14:59:51.364+0000] {logging_mixin.py:190} INFO - [2025-03-23T14:59:51.364+0000] {dag.py:4180} INFO - Setting next_dagrun for latest_only to 2025-03-23 08:00:00+00:00, run_after=2025-03-23 12:00:00+00:00
[2025-03-23T14:59:51.377+0000] {processor.py:208} INFO - Processing /home/airflow/.local/lib/python3.12/site-packages/airflow/example_dags/example_latest_only.py took 0.064 seconds
[2025-03-23T15:00:22.604+0000] {processor.py:186} INFO - Started process (PID=357) to work on /home/airflow/.local/lib/python3.12/site-packages/airflow/example_dags/example_latest_only.py
[2025-03-23T15:00:22.605+0000] {processor.py:914} INFO - Processing file /home/airflow/.local/lib/python3.12/site-packages/airflow/example_dags/example_latest_only.py for tasks to queue
[2025-03-23T15:00:22.607+0000] {logging_mixin.py:190} INFO - [2025-03-23T15:00:22.606+0000] {dagbag.py:588} INFO - Filling up the DagBag from /home/airflow/.local/lib/python3.12/site-packages/airflow/example_dags/example_latest_only.py
[2025-03-23T15:00:22.613+0000] {processor.py:925} INFO - DAG(s) 'latest_only' retrieved from /home/airflow/.local/lib/python3.12/site-packages/airflow/example_dags/example_latest_only.py
[2025-03-23T15:00:22.630+0000] {logging_mixin.py:190} INFO - [2025-03-23T15:00:22.630+0000] {dag.py:3239} INFO - Sync 1 DAGs
[2025-03-23T15:00:22.650+0000] {logging_mixin.py:190} INFO - [2025-03-23T15:00:22.650+0000] {dag.py:4180} INFO - Setting next_dagrun for latest_only to 2025-03-23 08:00:00+00:00, run_after=2025-03-23 12:00:00+00:00
[2025-03-23T15:00:22.663+0000] {processor.py:208} INFO - Processing /home/airflow/.local/lib/python3.12/site-packages/airflow/example_dags/example_latest_only.py took 0.065 seconds
