[2025-03-23T14:58:21.636+0000] {processor.py:186} INFO - Started process (PID=131) to work on /home/airflow/.local/lib/python3.12/site-packages/airflow/example_dags/example_xcomargs.py
[2025-03-23T14:58:21.637+0000] {processor.py:914} INFO - Processing file /home/airflow/.local/lib/python3.12/site-packages/airflow/example_dags/example_xcomargs.py for tasks to queue
[2025-03-23T14:58:21.639+0000] {logging_mixin.py:190} INFO - [2025-03-23T14:58:21.639+0000] {dagbag.py:588} INFO - Filling up the DagBag from /home/airflow/.local/lib/python3.12/site-packages/airflow/example_dags/example_xcomargs.py
[2025-03-23T14:58:21.650+0000] {processor.py:925} INFO - DAG(s) 'example_xcom_args_with_operators', 'example_xcom_args' retrieved from /home/airflow/.local/lib/python3.12/site-packages/airflow/example_dags/example_xcomargs.py
[2025-03-23T14:58:21.741+0000] {logging_mixin.py:190} INFO - [2025-03-23T14:58:21.741+0000] {override.py:1912} INFO - Created Permission View: can read on DAG:example_xcom_args_with_operators
[2025-03-23T14:58:21.748+0000] {logging_mixin.py:190} INFO - [2025-03-23T14:58:21.748+0000] {override.py:1912} INFO - Created Permission View: can edit on DAG:example_xcom_args_with_operators
[2025-03-23T14:58:21.752+0000] {logging_mixin.py:190} INFO - [2025-03-23T14:58:21.752+0000] {override.py:1912} INFO - Created Permission View: can delete on DAG:example_xcom_args_with_operators
[2025-03-23T14:58:21.756+0000] {logging_mixin.py:190} INFO - [2025-03-23T14:58:21.756+0000] {override.py:1912} INFO - Created Permission View: can read on DAG Run:example_xcom_args_with_operators
[2025-03-23T14:58:21.760+0000] {logging_mixin.py:190} INFO - [2025-03-23T14:58:21.760+0000] {override.py:1912} INFO - Created Permission View: can delete on DAG Run:example_xcom_args_with_operators
[2025-03-23T14:58:21.764+0000] {logging_mixin.py:190} INFO - [2025-03-23T14:58:21.764+0000] {override.py:1912} INFO - Created Permission View: menu access on DAG Run:example_xcom_args_with_operators
[2025-03-23T14:58:21.768+0000] {logging_mixin.py:190} INFO - [2025-03-23T14:58:21.768+0000] {override.py:1912} INFO - Created Permission View: can create on DAG Run:example_xcom_args_with_operators
[2025-03-23T14:58:21.777+0000] {logging_mixin.py:190} INFO - [2025-03-23T14:58:21.776+0000] {override.py:1912} INFO - Created Permission View: can read on DAG:example_xcom_args
[2025-03-23T14:58:21.781+0000] {logging_mixin.py:190} INFO - [2025-03-23T14:58:21.781+0000] {override.py:1912} INFO - Created Permission View: can edit on DAG:example_xcom_args
[2025-03-23T14:58:21.785+0000] {logging_mixin.py:190} INFO - [2025-03-23T14:58:21.785+0000] {override.py:1912} INFO - Created Permission View: can delete on DAG:example_xcom_args
[2025-03-23T14:58:21.789+0000] {logging_mixin.py:190} INFO - [2025-03-23T14:58:21.789+0000] {override.py:1912} INFO - Created Permission View: can read on DAG Run:example_xcom_args
[2025-03-23T14:58:21.794+0000] {logging_mixin.py:190} INFO - [2025-03-23T14:58:21.794+0000] {override.py:1912} INFO - Created Permission View: can delete on DAG Run:example_xcom_args
[2025-03-23T14:58:21.798+0000] {logging_mixin.py:190} INFO - [2025-03-23T14:58:21.798+0000] {override.py:1912} INFO - Created Permission View: menu access on DAG Run:example_xcom_args
[2025-03-23T14:58:21.802+0000] {logging_mixin.py:190} INFO - [2025-03-23T14:58:21.802+0000] {override.py:1912} INFO - Created Permission View: can create on DAG Run:example_xcom_args
[2025-03-23T14:58:21.802+0000] {logging_mixin.py:190} INFO - [2025-03-23T14:58:21.802+0000] {dag.py:3239} INFO - Sync 2 DAGs
[2025-03-23T14:58:21.813+0000] {logging_mixin.py:190} INFO - [2025-03-23T14:58:21.812+0000] {dag.py:3262} INFO - Creating ORM DAG for example_xcom_args
[2025-03-23T14:58:21.813+0000] {logging_mixin.py:190} INFO - [2025-03-23T14:58:21.813+0000] {dag.py:3262} INFO - Creating ORM DAG for example_xcom_args_with_operators
[2025-03-23T14:58:21.813+0000] {logging_mixin.py:190} INFO - [2025-03-23T14:58:21.813+0000] {dag.py:4180} INFO - Setting next_dagrun for example_xcom_args to None, run_after=None
[2025-03-23T14:58:21.814+0000] {logging_mixin.py:190} INFO - [2025-03-23T14:58:21.814+0000] {dag.py:4180} INFO - Setting next_dagrun for example_xcom_args_with_operators to None, run_after=None
[2025-03-23T14:58:21.826+0000] {processor.py:208} INFO - Processing /home/airflow/.local/lib/python3.12/site-packages/airflow/example_dags/example_xcomargs.py took 0.196 seconds
[2025-03-23T14:58:51.894+0000] {processor.py:186} INFO - Started process (PID=194) to work on /home/airflow/.local/lib/python3.12/site-packages/airflow/example_dags/example_xcomargs.py
[2025-03-23T14:58:51.895+0000] {processor.py:914} INFO - Processing file /home/airflow/.local/lib/python3.12/site-packages/airflow/example_dags/example_xcomargs.py for tasks to queue
[2025-03-23T14:58:51.897+0000] {logging_mixin.py:190} INFO - [2025-03-23T14:58:51.897+0000] {dagbag.py:588} INFO - Filling up the DagBag from /home/airflow/.local/lib/python3.12/site-packages/airflow/example_dags/example_xcomargs.py
[2025-03-23T14:58:51.906+0000] {processor.py:925} INFO - DAG(s) 'example_xcom_args_with_operators', 'example_xcom_args' retrieved from /home/airflow/.local/lib/python3.12/site-packages/airflow/example_dags/example_xcomargs.py
[2025-03-23T14:58:51.926+0000] {logging_mixin.py:190} INFO - [2025-03-23T14:58:51.926+0000] {dag.py:3239} INFO - Sync 2 DAGs
[2025-03-23T14:58:51.939+0000] {logging_mixin.py:190} INFO - [2025-03-23T14:58:51.939+0000] {dag.py:4180} INFO - Setting next_dagrun for example_xcom_args to None, run_after=None
[2025-03-23T14:58:51.942+0000] {logging_mixin.py:190} INFO - [2025-03-23T14:58:51.942+0000] {dag.py:4180} INFO - Setting next_dagrun for example_xcom_args_with_operators to None, run_after=None
[2025-03-23T14:58:51.954+0000] {processor.py:208} INFO - Processing /home/airflow/.local/lib/python3.12/site-packages/airflow/example_dags/example_xcomargs.py took 0.066 seconds
[2025-03-23T14:59:22.290+0000] {processor.py:186} INFO - Started process (PID=257) to work on /home/airflow/.local/lib/python3.12/site-packages/airflow/example_dags/example_xcomargs.py
[2025-03-23T14:59:22.291+0000] {processor.py:914} INFO - Processing file /home/airflow/.local/lib/python3.12/site-packages/airflow/example_dags/example_xcomargs.py for tasks to queue
[2025-03-23T14:59:22.293+0000] {logging_mixin.py:190} INFO - [2025-03-23T14:59:22.293+0000] {dagbag.py:588} INFO - Filling up the DagBag from /home/airflow/.local/lib/python3.12/site-packages/airflow/example_dags/example_xcomargs.py
[2025-03-23T14:59:22.302+0000] {processor.py:925} INFO - DAG(s) 'example_xcom_args_with_operators', 'example_xcom_args' retrieved from /home/airflow/.local/lib/python3.12/site-packages/airflow/example_dags/example_xcomargs.py
[2025-03-23T14:59:22.323+0000] {logging_mixin.py:190} INFO - [2025-03-23T14:59:22.323+0000] {dag.py:3239} INFO - Sync 2 DAGs
[2025-03-23T14:59:22.336+0000] {logging_mixin.py:190} INFO - [2025-03-23T14:59:22.336+0000] {dag.py:4180} INFO - Setting next_dagrun for example_xcom_args to None, run_after=None
[2025-03-23T14:59:22.339+0000] {logging_mixin.py:190} INFO - [2025-03-23T14:59:22.339+0000] {dag.py:4180} INFO - Setting next_dagrun for example_xcom_args_with_operators to None, run_after=None
[2025-03-23T14:59:22.351+0000] {processor.py:208} INFO - Processing /home/airflow/.local/lib/python3.12/site-packages/airflow/example_dags/example_xcomargs.py took 0.066 seconds
[2025-03-23T14:59:52.898+0000] {processor.py:186} INFO - Started process (PID=320) to work on /home/airflow/.local/lib/python3.12/site-packages/airflow/example_dags/example_xcomargs.py
[2025-03-23T14:59:52.899+0000] {processor.py:914} INFO - Processing file /home/airflow/.local/lib/python3.12/site-packages/airflow/example_dags/example_xcomargs.py for tasks to queue
[2025-03-23T14:59:52.901+0000] {logging_mixin.py:190} INFO - [2025-03-23T14:59:52.900+0000] {dagbag.py:588} INFO - Filling up the DagBag from /home/airflow/.local/lib/python3.12/site-packages/airflow/example_dags/example_xcomargs.py
[2025-03-23T14:59:52.910+0000] {processor.py:925} INFO - DAG(s) 'example_xcom_args_with_operators', 'example_xcom_args' retrieved from /home/airflow/.local/lib/python3.12/site-packages/airflow/example_dags/example_xcomargs.py
[2025-03-23T14:59:52.930+0000] {logging_mixin.py:190} INFO - [2025-03-23T14:59:52.930+0000] {dag.py:3239} INFO - Sync 2 DAGs
[2025-03-23T14:59:52.943+0000] {logging_mixin.py:190} INFO - [2025-03-23T14:59:52.943+0000] {dag.py:4180} INFO - Setting next_dagrun for example_xcom_args to None, run_after=None
[2025-03-23T14:59:52.946+0000] {logging_mixin.py:190} INFO - [2025-03-23T14:59:52.946+0000] {dag.py:4180} INFO - Setting next_dagrun for example_xcom_args_with_operators to None, run_after=None
[2025-03-23T14:59:52.958+0000] {processor.py:208} INFO - Processing /home/airflow/.local/lib/python3.12/site-packages/airflow/example_dags/example_xcomargs.py took 0.066 seconds
[2025-03-23T15:00:24.174+0000] {processor.py:186} INFO - Started process (PID=383) to work on /home/airflow/.local/lib/python3.12/site-packages/airflow/example_dags/example_xcomargs.py
[2025-03-23T15:00:24.175+0000] {processor.py:914} INFO - Processing file /home/airflow/.local/lib/python3.12/site-packages/airflow/example_dags/example_xcomargs.py for tasks to queue
[2025-03-23T15:00:24.177+0000] {logging_mixin.py:190} INFO - [2025-03-23T15:00:24.177+0000] {dagbag.py:588} INFO - Filling up the DagBag from /home/airflow/.local/lib/python3.12/site-packages/airflow/example_dags/example_xcomargs.py
[2025-03-23T15:00:24.188+0000] {processor.py:925} INFO - DAG(s) 'example_xcom_args', 'example_xcom_args_with_operators' retrieved from /home/airflow/.local/lib/python3.12/site-packages/airflow/example_dags/example_xcomargs.py
[2025-03-23T15:00:24.210+0000] {logging_mixin.py:190} INFO - [2025-03-23T15:00:24.209+0000] {dag.py:3239} INFO - Sync 2 DAGs
[2025-03-23T15:00:24.223+0000] {logging_mixin.py:190} INFO - [2025-03-23T15:00:24.222+0000] {dag.py:4180} INFO - Setting next_dagrun for example_xcom_args to None, run_after=None
[2025-03-23T15:00:24.226+0000] {logging_mixin.py:190} INFO - [2025-03-23T15:00:24.225+0000] {dag.py:4180} INFO - Setting next_dagrun for example_xcom_args_with_operators to None, run_after=None
[2025-03-23T15:00:24.238+0000] {processor.py:208} INFO - Processing /home/airflow/.local/lib/python3.12/site-packages/airflow/example_dags/example_xcomargs.py took 0.069 seconds
