[2025-03-23T14:58:13.837+0000] {processor.py:186} INFO - Started process (PID=81) to work on /home/airflow/.local/lib/python3.12/site-packages/airflow/example_dags/example_bash_operator.py
[2025-03-23T14:58:13.838+0000] {processor.py:914} INFO - Processing file /home/airflow/.local/lib/python3.12/site-packages/airflow/example_dags/example_bash_operator.py for tasks to queue
[2025-03-23T14:58:13.840+0000] {logging_mixin.py:190} INFO - [2025-03-23T14:58:13.839+0000] {dagbag.py:588} INFO - Filling up the DagBag from /home/airflow/.local/lib/python3.12/site-packages/airflow/example_dags/example_bash_operator.py
[2025-03-23T14:58:13.854+0000] {processor.py:925} INFO - DAG(s) 'example_bash_operator' retrieved from /home/airflow/.local/lib/python3.12/site-packages/airflow/example_dags/example_bash_operator.py
[2025-03-23T14:58:14.074+0000] {logging_mixin.py:190} INFO - [2025-03-23T14:58:14.074+0000] {override.py:1912} INFO - Created Permission View: can read on DAG:example_bash_operator
[2025-03-23T14:58:14.083+0000] {logging_mixin.py:190} INFO - [2025-03-23T14:58:14.082+0000] {override.py:1912} INFO - Created Permission View: can edit on DAG:example_bash_operator
[2025-03-23T14:58:14.088+0000] {logging_mixin.py:190} INFO - [2025-03-23T14:58:14.088+0000] {override.py:1912} INFO - Created Permission View: can delete on DAG:example_bash_operator
[2025-03-23T14:58:14.094+0000] {logging_mixin.py:190} INFO - [2025-03-23T14:58:14.094+0000] {override.py:1912} INFO - Created Permission View: can read on DAG Run:example_bash_operator
[2025-03-23T14:58:14.099+0000] {logging_mixin.py:190} INFO - [2025-03-23T14:58:14.099+0000] {override.py:1912} INFO - Created Permission View: can delete on DAG Run:example_bash_operator
[2025-03-23T14:58:14.103+0000] {logging_mixin.py:190} INFO - [2025-03-23T14:58:14.103+0000] {override.py:1912} INFO - Created Permission View: menu access on DAG Run:example_bash_operator
[2025-03-23T14:58:14.108+0000] {logging_mixin.py:190} INFO - [2025-03-23T14:58:14.108+0000] {override.py:1912} INFO - Created Permission View: can create on DAG Run:example_bash_operator
[2025-03-23T14:58:14.108+0000] {logging_mixin.py:190} INFO - [2025-03-23T14:58:14.108+0000] {dag.py:3239} INFO - Sync 1 DAGs
[2025-03-23T14:58:14.119+0000] {logging_mixin.py:190} INFO - [2025-03-23T14:58:14.119+0000] {dag.py:3262} INFO - Creating ORM DAG for example_bash_operator
[2025-03-23T14:58:14.128+0000] {logging_mixin.py:190} INFO - [2025-03-23T14:58:14.128+0000] {dag.py:4180} INFO - Setting next_dagrun for example_bash_operator to 2025-03-22 00:00:00+00:00, run_after=2025-03-23 00:00:00+00:00
[2025-03-23T14:58:14.147+0000] {processor.py:208} INFO - Processing /home/airflow/.local/lib/python3.12/site-packages/airflow/example_dags/example_bash_operator.py took 0.315 seconds
[2025-03-23T14:58:44.922+0000] {processor.py:186} INFO - Started process (PID=144) to work on /home/airflow/.local/lib/python3.12/site-packages/airflow/example_dags/example_bash_operator.py
[2025-03-23T14:58:44.923+0000] {processor.py:914} INFO - Processing file /home/airflow/.local/lib/python3.12/site-packages/airflow/example_dags/example_bash_operator.py for tasks to queue
[2025-03-23T14:58:44.925+0000] {logging_mixin.py:190} INFO - [2025-03-23T14:58:44.925+0000] {dagbag.py:588} INFO - Filling up the DagBag from /home/airflow/.local/lib/python3.12/site-packages/airflow/example_dags/example_bash_operator.py
[2025-03-23T14:58:44.936+0000] {processor.py:925} INFO - DAG(s) 'example_bash_operator' retrieved from /home/airflow/.local/lib/python3.12/site-packages/airflow/example_dags/example_bash_operator.py
[2025-03-23T14:58:44.958+0000] {logging_mixin.py:190} INFO - [2025-03-23T14:58:44.957+0000] {dag.py:3239} INFO - Sync 1 DAGs
[2025-03-23T14:58:44.977+0000] {logging_mixin.py:190} INFO - [2025-03-23T14:58:44.977+0000] {dag.py:4180} INFO - Setting next_dagrun for example_bash_operator to 2025-03-22 00:00:00+00:00, run_after=2025-03-23 00:00:00+00:00
[2025-03-23T14:58:44.991+0000] {processor.py:208} INFO - Processing /home/airflow/.local/lib/python3.12/site-packages/airflow/example_dags/example_bash_operator.py took 0.073 seconds
[2025-03-23T14:59:15.547+0000] {processor.py:186} INFO - Started process (PID=213) to work on /home/airflow/.local/lib/python3.12/site-packages/airflow/example_dags/example_bash_operator.py
[2025-03-23T14:59:15.548+0000] {processor.py:914} INFO - Processing file /home/airflow/.local/lib/python3.12/site-packages/airflow/example_dags/example_bash_operator.py for tasks to queue
[2025-03-23T14:59:15.550+0000] {logging_mixin.py:190} INFO - [2025-03-23T14:59:15.550+0000] {dagbag.py:588} INFO - Filling up the DagBag from /home/airflow/.local/lib/python3.12/site-packages/airflow/example_dags/example_bash_operator.py
[2025-03-23T14:59:15.563+0000] {processor.py:925} INFO - DAG(s) 'example_bash_operator' retrieved from /home/airflow/.local/lib/python3.12/site-packages/airflow/example_dags/example_bash_operator.py
[2025-03-23T14:59:15.586+0000] {logging_mixin.py:190} INFO - [2025-03-23T14:59:15.586+0000] {dag.py:3239} INFO - Sync 1 DAGs
[2025-03-23T14:59:15.606+0000] {logging_mixin.py:190} INFO - [2025-03-23T14:59:15.606+0000] {dag.py:4180} INFO - Setting next_dagrun for example_bash_operator to 2025-03-22 00:00:00+00:00, run_after=2025-03-23 00:00:00+00:00
[2025-03-23T14:59:15.620+0000] {processor.py:208} INFO - Processing /home/airflow/.local/lib/python3.12/site-packages/airflow/example_dags/example_bash_operator.py took 0.078 seconds
[2025-03-23T14:59:45.936+0000] {processor.py:186} INFO - Started process (PID=276) to work on /home/airflow/.local/lib/python3.12/site-packages/airflow/example_dags/example_bash_operator.py
[2025-03-23T14:59:45.938+0000] {processor.py:914} INFO - Processing file /home/airflow/.local/lib/python3.12/site-packages/airflow/example_dags/example_bash_operator.py for tasks to queue
[2025-03-23T14:59:45.939+0000] {logging_mixin.py:190} INFO - [2025-03-23T14:59:45.939+0000] {dagbag.py:588} INFO - Filling up the DagBag from /home/airflow/.local/lib/python3.12/site-packages/airflow/example_dags/example_bash_operator.py
[2025-03-23T14:59:45.951+0000] {processor.py:925} INFO - DAG(s) 'example_bash_operator' retrieved from /home/airflow/.local/lib/python3.12/site-packages/airflow/example_dags/example_bash_operator.py
[2025-03-23T14:59:45.973+0000] {logging_mixin.py:190} INFO - [2025-03-23T14:59:45.973+0000] {dag.py:3239} INFO - Sync 1 DAGs
[2025-03-23T14:59:45.992+0000] {logging_mixin.py:190} INFO - [2025-03-23T14:59:45.992+0000] {dag.py:4180} INFO - Setting next_dagrun for example_bash_operator to 2025-03-22 00:00:00+00:00, run_after=2025-03-23 00:00:00+00:00
[2025-03-23T14:59:46.006+0000] {processor.py:208} INFO - Processing /home/airflow/.local/lib/python3.12/site-packages/airflow/example_dags/example_bash_operator.py took 0.074 seconds
[2025-03-23T15:00:16.492+0000] {processor.py:186} INFO - Started process (PID=339) to work on /home/airflow/.local/lib/python3.12/site-packages/airflow/example_dags/example_bash_operator.py
[2025-03-23T15:00:16.493+0000] {processor.py:914} INFO - Processing file /home/airflow/.local/lib/python3.12/site-packages/airflow/example_dags/example_bash_operator.py for tasks to queue
[2025-03-23T15:00:16.495+0000] {logging_mixin.py:190} INFO - [2025-03-23T15:00:16.495+0000] {dagbag.py:588} INFO - Filling up the DagBag from /home/airflow/.local/lib/python3.12/site-packages/airflow/example_dags/example_bash_operator.py
[2025-03-23T15:00:16.505+0000] {processor.py:925} INFO - DAG(s) 'example_bash_operator' retrieved from /home/airflow/.local/lib/python3.12/site-packages/airflow/example_dags/example_bash_operator.py
[2025-03-23T15:00:16.527+0000] {logging_mixin.py:190} INFO - [2025-03-23T15:00:16.526+0000] {dag.py:3239} INFO - Sync 1 DAGs
[2025-03-23T15:00:16.545+0000] {logging_mixin.py:190} INFO - [2025-03-23T15:00:16.545+0000] {dag.py:4180} INFO - Setting next_dagrun for example_bash_operator to 2025-03-22 00:00:00+00:00, run_after=2025-03-23 00:00:00+00:00
[2025-03-23T15:00:16.559+0000] {processor.py:208} INFO - Processing /home/airflow/.local/lib/python3.12/site-packages/airflow/example_dags/example_bash_operator.py took 0.072 seconds
