[2025-03-23T14:58:20.490+0000] {processor.py:186} INFO - Started process (PID=125) to work on /home/airflow/.local/lib/python3.12/site-packages/airflow/example_dags/example_task_group_decorator.py
[2025-03-23T14:58:20.491+0000] {processor.py:914} INFO - Processing file /home/airflow/.local/lib/python3.12/site-packages/airflow/example_dags/example_task_group_decorator.py for tasks to queue
[2025-03-23T14:58:20.493+0000] {logging_mixin.py:190} INFO - [2025-03-23T14:58:20.493+0000] {dagbag.py:588} INFO - Filling up the DagBag from /home/airflow/.local/lib/python3.12/site-packages/airflow/example_dags/example_task_group_decorator.py
[2025-03-23T14:58:20.511+0000] {processor.py:925} INFO - DAG(s) 'example_task_group_decorator' retrieved from /home/airflow/.local/lib/python3.12/site-packages/airflow/example_dags/example_task_group_decorator.py
[2025-03-23T14:58:20.910+0000] {logging_mixin.py:190} INFO - [2025-03-23T14:58:20.910+0000] {override.py:1912} INFO - Created Permission View: can read on DAG:example_task_group_decorator
[2025-03-23T14:58:20.919+0000] {logging_mixin.py:190} INFO - [2025-03-23T14:58:20.919+0000] {override.py:1912} INFO - Created Permission View: can edit on DAG:example_task_group_decorator
[2025-03-23T14:58:20.925+0000] {logging_mixin.py:190} INFO - [2025-03-23T14:58:20.924+0000] {override.py:1912} INFO - Created Permission View: can delete on DAG:example_task_group_decorator
[2025-03-23T14:58:20.931+0000] {logging_mixin.py:190} INFO - [2025-03-23T14:58:20.931+0000] {override.py:1912} INFO - Created Permission View: can read on DAG Run:example_task_group_decorator
[2025-03-23T14:58:20.936+0000] {logging_mixin.py:190} INFO - [2025-03-23T14:58:20.936+0000] {override.py:1912} INFO - Created Permission View: can delete on DAG Run:example_task_group_decorator
[2025-03-23T14:58:20.941+0000] {logging_mixin.py:190} INFO - [2025-03-23T14:58:20.941+0000] {override.py:1912} INFO - Created Permission View: menu access on DAG Run:example_task_group_decorator
[2025-03-23T14:58:20.946+0000] {logging_mixin.py:190} INFO - [2025-03-23T14:58:20.946+0000] {override.py:1912} INFO - Created Permission View: can create on DAG Run:example_task_group_decorator
[2025-03-23T14:58:20.946+0000] {logging_mixin.py:190} INFO - [2025-03-23T14:58:20.946+0000] {dag.py:3239} INFO - Sync 1 DAGs
[2025-03-23T14:58:20.958+0000] {logging_mixin.py:190} INFO - [2025-03-23T14:58:20.958+0000] {dag.py:3262} INFO - Creating ORM DAG for example_task_group_decorator
[2025-03-23T14:58:20.959+0000] {logging_mixin.py:190} INFO - [2025-03-23T14:58:20.959+0000] {dag.py:4180} INFO - Setting next_dagrun for example_task_group_decorator to None, run_after=None
[2025-03-23T14:58:20.972+0000] {processor.py:208} INFO - Processing /home/airflow/.local/lib/python3.12/site-packages/airflow/example_dags/example_task_group_decorator.py took 0.488 seconds
[2025-03-23T14:58:51.569+0000] {processor.py:186} INFO - Started process (PID=188) to work on /home/airflow/.local/lib/python3.12/site-packages/airflow/example_dags/example_task_group_decorator.py
[2025-03-23T14:58:51.570+0000] {processor.py:914} INFO - Processing file /home/airflow/.local/lib/python3.12/site-packages/airflow/example_dags/example_task_group_decorator.py for tasks to queue
[2025-03-23T14:58:51.572+0000] {logging_mixin.py:190} INFO - [2025-03-23T14:58:51.572+0000] {dagbag.py:588} INFO - Filling up the DagBag from /home/airflow/.local/lib/python3.12/site-packages/airflow/example_dags/example_task_group_decorator.py
[2025-03-23T14:58:51.585+0000] {processor.py:925} INFO - DAG(s) 'example_task_group_decorator' retrieved from /home/airflow/.local/lib/python3.12/site-packages/airflow/example_dags/example_task_group_decorator.py
[2025-03-23T14:58:51.607+0000] {logging_mixin.py:190} INFO - [2025-03-23T14:58:51.607+0000] {dag.py:3239} INFO - Sync 1 DAGs
[2025-03-23T14:58:51.620+0000] {logging_mixin.py:190} INFO - [2025-03-23T14:58:51.619+0000] {dag.py:4180} INFO - Setting next_dagrun for example_task_group_decorator to None, run_after=None
[2025-03-23T14:58:51.634+0000] {processor.py:208} INFO - Processing /home/airflow/.local/lib/python3.12/site-packages/airflow/example_dags/example_task_group_decorator.py took 0.070 seconds
[2025-03-23T14:59:21.959+0000] {processor.py:186} INFO - Started process (PID=251) to work on /home/airflow/.local/lib/python3.12/site-packages/airflow/example_dags/example_task_group_decorator.py
[2025-03-23T14:59:21.960+0000] {processor.py:914} INFO - Processing file /home/airflow/.local/lib/python3.12/site-packages/airflow/example_dags/example_task_group_decorator.py for tasks to queue
[2025-03-23T14:59:21.962+0000] {logging_mixin.py:190} INFO - [2025-03-23T14:59:21.962+0000] {dagbag.py:588} INFO - Filling up the DagBag from /home/airflow/.local/lib/python3.12/site-packages/airflow/example_dags/example_task_group_decorator.py
[2025-03-23T14:59:21.975+0000] {processor.py:925} INFO - DAG(s) 'example_task_group_decorator' retrieved from /home/airflow/.local/lib/python3.12/site-packages/airflow/example_dags/example_task_group_decorator.py
[2025-03-23T14:59:21.997+0000] {logging_mixin.py:190} INFO - [2025-03-23T14:59:21.996+0000] {dag.py:3239} INFO - Sync 1 DAGs
[2025-03-23T14:59:22.009+0000] {logging_mixin.py:190} INFO - [2025-03-23T14:59:22.009+0000] {dag.py:4180} INFO - Setting next_dagrun for example_task_group_decorator to None, run_after=None
[2025-03-23T14:59:22.022+0000] {processor.py:208} INFO - Processing /home/airflow/.local/lib/python3.12/site-packages/airflow/example_dags/example_task_group_decorator.py took 0.068 seconds
[2025-03-23T14:59:52.575+0000] {processor.py:186} INFO - Started process (PID=314) to work on /home/airflow/.local/lib/python3.12/site-packages/airflow/example_dags/example_task_group_decorator.py
[2025-03-23T14:59:52.576+0000] {processor.py:914} INFO - Processing file /home/airflow/.local/lib/python3.12/site-packages/airflow/example_dags/example_task_group_decorator.py for tasks to queue
[2025-03-23T14:59:52.579+0000] {logging_mixin.py:190} INFO - [2025-03-23T14:59:52.578+0000] {dagbag.py:588} INFO - Filling up the DagBag from /home/airflow/.local/lib/python3.12/site-packages/airflow/example_dags/example_task_group_decorator.py
[2025-03-23T14:59:52.595+0000] {processor.py:925} INFO - DAG(s) 'example_task_group_decorator' retrieved from /home/airflow/.local/lib/python3.12/site-packages/airflow/example_dags/example_task_group_decorator.py
[2025-03-23T14:59:52.618+0000] {logging_mixin.py:190} INFO - [2025-03-23T14:59:52.618+0000] {dag.py:3239} INFO - Sync 1 DAGs
[2025-03-23T14:59:52.631+0000] {logging_mixin.py:190} INFO - [2025-03-23T14:59:52.631+0000] {dag.py:4180} INFO - Setting next_dagrun for example_task_group_decorator to None, run_after=None
[2025-03-23T14:59:52.647+0000] {processor.py:208} INFO - Processing /home/airflow/.local/lib/python3.12/site-packages/airflow/example_dags/example_task_group_decorator.py took 0.077 seconds
[2025-03-23T15:00:23.859+0000] {processor.py:186} INFO - Started process (PID=377) to work on /home/airflow/.local/lib/python3.12/site-packages/airflow/example_dags/example_task_group_decorator.py
[2025-03-23T15:00:23.860+0000] {processor.py:914} INFO - Processing file /home/airflow/.local/lib/python3.12/site-packages/airflow/example_dags/example_task_group_decorator.py for tasks to queue
[2025-03-23T15:00:23.863+0000] {logging_mixin.py:190} INFO - [2025-03-23T15:00:23.862+0000] {dagbag.py:588} INFO - Filling up the DagBag from /home/airflow/.local/lib/python3.12/site-packages/airflow/example_dags/example_task_group_decorator.py
[2025-03-23T15:00:23.876+0000] {processor.py:925} INFO - DAG(s) 'example_task_group_decorator' retrieved from /home/airflow/.local/lib/python3.12/site-packages/airflow/example_dags/example_task_group_decorator.py
[2025-03-23T15:00:23.897+0000] {logging_mixin.py:190} INFO - [2025-03-23T15:00:23.897+0000] {dag.py:3239} INFO - Sync 1 DAGs
[2025-03-23T15:00:23.909+0000] {logging_mixin.py:190} INFO - [2025-03-23T15:00:23.909+0000] {dag.py:4180} INFO - Setting next_dagrun for example_task_group_decorator to None, run_after=None
[2025-03-23T15:00:23.925+0000] {processor.py:208} INFO - Processing /home/airflow/.local/lib/python3.12/site-packages/airflow/example_dags/example_task_group_decorator.py took 0.070 seconds
