[2025-03-23T14:58:13.826+0000] {processor.py:186} INFO - Started process (PID=80) to work on /home/airflow/.local/lib/python3.12/site-packages/airflow/example_dags/example_bash_decorator.py
[2025-03-23T14:58:13.827+0000] {processor.py:914} INFO - Processing file /home/airflow/.local/lib/python3.12/site-packages/airflow/example_dags/example_bash_decorator.py for tasks to queue
[2025-03-23T14:58:13.829+0000] {logging_mixin.py:190} INFO - [2025-03-23T14:58:13.829+0000] {dagbag.py:588} INFO - Filling up the DagBag from /home/airflow/.local/lib/python3.12/site-packages/airflow/example_dags/example_bash_decorator.py
[2025-03-23T14:58:13.853+0000] {processor.py:925} INFO - DAG(s) 'example_bash_decorator' retrieved from /home/airflow/.local/lib/python3.12/site-packages/airflow/example_dags/example_bash_decorator.py
[2025-03-23T14:58:14.069+0000] {logging_mixin.py:190} INFO - [2025-03-23T14:58:14.068+0000] {override.py:1912} INFO - Created Permission View: can read on DAG:example_bash_decorator
[2025-03-23T14:58:14.076+0000] {logging_mixin.py:190} INFO - [2025-03-23T14:58:14.076+0000] {override.py:1912} INFO - Created Permission View: can edit on DAG:example_bash_decorator
[2025-03-23T14:58:14.081+0000] {logging_mixin.py:190} INFO - [2025-03-23T14:58:14.081+0000] {override.py:1912} INFO - Created Permission View: can delete on DAG:example_bash_decorator
[2025-03-23T14:58:14.086+0000] {logging_mixin.py:190} INFO - [2025-03-23T14:58:14.086+0000] {override.py:1912} INFO - Created Permission View: can read on DAG Run:example_bash_decorator
[2025-03-23T14:58:14.092+0000] {logging_mixin.py:190} INFO - [2025-03-23T14:58:14.091+0000] {override.py:1912} INFO - Created Permission View: can delete on DAG Run:example_bash_decorator
[2025-03-23T14:58:14.097+0000] {logging_mixin.py:190} INFO - [2025-03-23T14:58:14.097+0000] {override.py:1912} INFO - Created Permission View: menu access on DAG Run:example_bash_decorator
[2025-03-23T14:58:14.102+0000] {logging_mixin.py:190} INFO - [2025-03-23T14:58:14.102+0000] {override.py:1912} INFO - Created Permission View: can create on DAG Run:example_bash_decorator
[2025-03-23T14:58:14.102+0000] {logging_mixin.py:190} INFO - [2025-03-23T14:58:14.102+0000] {dag.py:3239} INFO - Sync 1 DAGs
[2025-03-23T14:58:14.113+0000] {logging_mixin.py:190} INFO - [2025-03-23T14:58:14.112+0000] {dag.py:3262} INFO - Creating ORM DAG for example_bash_decorator
[2025-03-23T14:58:14.113+0000] {logging_mixin.py:190} INFO - [2025-03-23T14:58:14.113+0000] {dag.py:4180} INFO - Setting next_dagrun for example_bash_decorator to None, run_after=None
[2025-03-23T14:58:14.125+0000] {processor.py:208} INFO - Processing /home/airflow/.local/lib/python3.12/site-packages/airflow/example_dags/example_bash_decorator.py took 0.304 seconds
[2025-03-23T14:58:44.915+0000] {processor.py:186} INFO - Started process (PID=143) to work on /home/airflow/.local/lib/python3.12/site-packages/airflow/example_dags/example_bash_decorator.py
[2025-03-23T14:58:44.916+0000] {processor.py:914} INFO - Processing file /home/airflow/.local/lib/python3.12/site-packages/airflow/example_dags/example_bash_decorator.py for tasks to queue
[2025-03-23T14:58:44.918+0000] {logging_mixin.py:190} INFO - [2025-03-23T14:58:44.918+0000] {dagbag.py:588} INFO - Filling up the DagBag from /home/airflow/.local/lib/python3.12/site-packages/airflow/example_dags/example_bash_decorator.py
[2025-03-23T14:58:44.931+0000] {processor.py:925} INFO - DAG(s) 'example_bash_decorator' retrieved from /home/airflow/.local/lib/python3.12/site-packages/airflow/example_dags/example_bash_decorator.py
[2025-03-23T14:58:44.951+0000] {logging_mixin.py:190} INFO - [2025-03-23T14:58:44.951+0000] {dag.py:3239} INFO - Sync 1 DAGs
[2025-03-23T14:58:44.963+0000] {logging_mixin.py:190} INFO - [2025-03-23T14:58:44.963+0000] {dag.py:4180} INFO - Setting next_dagrun for example_bash_decorator to None, run_after=None
[2025-03-23T14:58:44.977+0000] {processor.py:208} INFO - Processing /home/airflow/.local/lib/python3.12/site-packages/airflow/example_dags/example_bash_decorator.py took 0.067 seconds
[2025-03-23T14:59:15.538+0000] {processor.py:186} INFO - Started process (PID=212) to work on /home/airflow/.local/lib/python3.12/site-packages/airflow/example_dags/example_bash_decorator.py
[2025-03-23T14:59:15.539+0000] {processor.py:914} INFO - Processing file /home/airflow/.local/lib/python3.12/site-packages/airflow/example_dags/example_bash_decorator.py for tasks to queue
[2025-03-23T14:59:15.541+0000] {logging_mixin.py:190} INFO - [2025-03-23T14:59:15.541+0000] {dagbag.py:588} INFO - Filling up the DagBag from /home/airflow/.local/lib/python3.12/site-packages/airflow/example_dags/example_bash_decorator.py
[2025-03-23T14:59:15.554+0000] {processor.py:925} INFO - DAG(s) 'example_bash_decorator' retrieved from /home/airflow/.local/lib/python3.12/site-packages/airflow/example_dags/example_bash_decorator.py
[2025-03-23T14:59:15.574+0000] {logging_mixin.py:190} INFO - [2025-03-23T14:59:15.574+0000] {dag.py:3239} INFO - Sync 1 DAGs
[2025-03-23T14:59:15.586+0000] {logging_mixin.py:190} INFO - [2025-03-23T14:59:15.586+0000] {dag.py:4180} INFO - Setting next_dagrun for example_bash_decorator to None, run_after=None
[2025-03-23T14:59:15.599+0000] {processor.py:208} INFO - Processing /home/airflow/.local/lib/python3.12/site-packages/airflow/example_dags/example_bash_decorator.py took 0.067 seconds
[2025-03-23T14:59:45.929+0000] {processor.py:186} INFO - Started process (PID=275) to work on /home/airflow/.local/lib/python3.12/site-packages/airflow/example_dags/example_bash_decorator.py
[2025-03-23T14:59:45.930+0000] {processor.py:914} INFO - Processing file /home/airflow/.local/lib/python3.12/site-packages/airflow/example_dags/example_bash_decorator.py for tasks to queue
[2025-03-23T14:59:45.932+0000] {logging_mixin.py:190} INFO - [2025-03-23T14:59:45.931+0000] {dagbag.py:588} INFO - Filling up the DagBag from /home/airflow/.local/lib/python3.12/site-packages/airflow/example_dags/example_bash_decorator.py
[2025-03-23T14:59:45.945+0000] {processor.py:925} INFO - DAG(s) 'example_bash_decorator' retrieved from /home/airflow/.local/lib/python3.12/site-packages/airflow/example_dags/example_bash_decorator.py
[2025-03-23T14:59:45.965+0000] {logging_mixin.py:190} INFO - [2025-03-23T14:59:45.964+0000] {dag.py:3239} INFO - Sync 1 DAGs
[2025-03-23T14:59:45.977+0000] {logging_mixin.py:190} INFO - [2025-03-23T14:59:45.976+0000] {dag.py:4180} INFO - Setting next_dagrun for example_bash_decorator to None, run_after=None
[2025-03-23T14:59:45.990+0000] {processor.py:208} INFO - Processing /home/airflow/.local/lib/python3.12/site-packages/airflow/example_dags/example_bash_decorator.py took 0.066 seconds
[2025-03-23T15:00:16.484+0000] {processor.py:186} INFO - Started process (PID=338) to work on /home/airflow/.local/lib/python3.12/site-packages/airflow/example_dags/example_bash_decorator.py
[2025-03-23T15:00:16.485+0000] {processor.py:914} INFO - Processing file /home/airflow/.local/lib/python3.12/site-packages/airflow/example_dags/example_bash_decorator.py for tasks to queue
[2025-03-23T15:00:16.487+0000] {logging_mixin.py:190} INFO - [2025-03-23T15:00:16.487+0000] {dagbag.py:588} INFO - Filling up the DagBag from /home/airflow/.local/lib/python3.12/site-packages/airflow/example_dags/example_bash_decorator.py
[2025-03-23T15:00:16.501+0000] {processor.py:925} INFO - DAG(s) 'example_bash_decorator' retrieved from /home/airflow/.local/lib/python3.12/site-packages/airflow/example_dags/example_bash_decorator.py
[2025-03-23T15:00:16.521+0000] {logging_mixin.py:190} INFO - [2025-03-23T15:00:16.520+0000] {dag.py:3239} INFO - Sync 1 DAGs
[2025-03-23T15:00:16.533+0000] {logging_mixin.py:190} INFO - [2025-03-23T15:00:16.533+0000] {dag.py:4180} INFO - Setting next_dagrun for example_bash_decorator to None, run_after=None
[2025-03-23T15:00:16.547+0000] {processor.py:208} INFO - Processing /home/airflow/.local/lib/python3.12/site-packages/airflow/example_dags/example_bash_decorator.py took 0.068 seconds
