[2025-03-23T14:58:21.005+0000] {processor.py:186} INFO - Started process (PID=126) to work on /home/airflow/.local/lib/python3.12/site-packages/airflow/example_dags/example_time_delta_sensor_async.py
[2025-03-23T14:58:21.006+0000] {processor.py:914} INFO - Processing file /home/airflow/.local/lib/python3.12/site-packages/airflow/example_dags/example_time_delta_sensor_async.py for tasks to queue
[2025-03-23T14:58:21.008+0000] {logging_mixin.py:190} INFO - [2025-03-23T14:58:21.008+0000] {dagbag.py:588} INFO - Filling up the DagBag from /home/airflow/.local/lib/python3.12/site-packages/airflow/example_dags/example_time_delta_sensor_async.py
[2025-03-23T14:58:21.015+0000] {processor.py:925} INFO - DAG(s) 'example_time_delta_sensor_async' retrieved from /home/airflow/.local/lib/python3.12/site-packages/airflow/example_dags/example_time_delta_sensor_async.py
[2025-03-23T14:58:21.112+0000] {logging_mixin.py:190} INFO - [2025-03-23T14:58:21.111+0000] {override.py:1912} INFO - Created Permission View: can read on DAG:example_time_delta_sensor_async
[2025-03-23T14:58:21.119+0000] {logging_mixin.py:190} INFO - [2025-03-23T14:58:21.119+0000] {override.py:1912} INFO - Created Permission View: can edit on DAG:example_time_delta_sensor_async
[2025-03-23T14:58:21.123+0000] {logging_mixin.py:190} INFO - [2025-03-23T14:58:21.123+0000] {override.py:1912} INFO - Created Permission View: can delete on DAG:example_time_delta_sensor_async
[2025-03-23T14:58:21.128+0000] {logging_mixin.py:190} INFO - [2025-03-23T14:58:21.128+0000] {override.py:1912} INFO - Created Permission View: can read on DAG Run:example_time_delta_sensor_async
[2025-03-23T14:58:21.132+0000] {logging_mixin.py:190} INFO - [2025-03-23T14:58:21.132+0000] {override.py:1912} INFO - Created Permission View: can delete on DAG Run:example_time_delta_sensor_async
[2025-03-23T14:58:21.136+0000] {logging_mixin.py:190} INFO - [2025-03-23T14:58:21.136+0000] {override.py:1912} INFO - Created Permission View: menu access on DAG Run:example_time_delta_sensor_async
[2025-03-23T14:58:21.140+0000] {logging_mixin.py:190} INFO - [2025-03-23T14:58:21.140+0000] {override.py:1912} INFO - Created Permission View: can create on DAG Run:example_time_delta_sensor_async
[2025-03-23T14:58:21.140+0000] {logging_mixin.py:190} INFO - [2025-03-23T14:58:21.140+0000] {dag.py:3239} INFO - Sync 1 DAGs
[2025-03-23T14:58:21.151+0000] {logging_mixin.py:190} INFO - [2025-03-23T14:58:21.151+0000] {dag.py:3262} INFO - Creating ORM DAG for example_time_delta_sensor_async
[2025-03-23T14:58:21.151+0000] {logging_mixin.py:190} INFO - [2025-03-23T14:58:21.151+0000] {dag.py:4180} INFO - Setting next_dagrun for example_time_delta_sensor_async to None, run_after=None
[2025-03-23T14:58:21.164+0000] {processor.py:208} INFO - Processing /home/airflow/.local/lib/python3.12/site-packages/airflow/example_dags/example_time_delta_sensor_async.py took 0.164 seconds
[2025-03-23T14:58:51.648+0000] {processor.py:186} INFO - Started process (PID=189) to work on /home/airflow/.local/lib/python3.12/site-packages/airflow/example_dags/example_time_delta_sensor_async.py
[2025-03-23T14:58:51.649+0000] {processor.py:914} INFO - Processing file /home/airflow/.local/lib/python3.12/site-packages/airflow/example_dags/example_time_delta_sensor_async.py for tasks to queue
[2025-03-23T14:58:51.652+0000] {logging_mixin.py:190} INFO - [2025-03-23T14:58:51.651+0000] {dagbag.py:588} INFO - Filling up the DagBag from /home/airflow/.local/lib/python3.12/site-packages/airflow/example_dags/example_time_delta_sensor_async.py
[2025-03-23T14:58:51.658+0000] {processor.py:925} INFO - DAG(s) 'example_time_delta_sensor_async' retrieved from /home/airflow/.local/lib/python3.12/site-packages/airflow/example_dags/example_time_delta_sensor_async.py
[2025-03-23T14:58:51.674+0000] {logging_mixin.py:190} INFO - [2025-03-23T14:58:51.674+0000] {dag.py:3239} INFO - Sync 1 DAGs
[2025-03-23T14:58:51.687+0000] {logging_mixin.py:190} INFO - [2025-03-23T14:58:51.687+0000] {dag.py:4180} INFO - Setting next_dagrun for example_time_delta_sensor_async to None, run_after=None
[2025-03-23T14:58:51.701+0000] {processor.py:208} INFO - Processing /home/airflow/.local/lib/python3.12/site-packages/airflow/example_dags/example_time_delta_sensor_async.py took 0.058 seconds
[2025-03-23T14:59:22.026+0000] {processor.py:186} INFO - Started process (PID=252) to work on /home/airflow/.local/lib/python3.12/site-packages/airflow/example_dags/example_time_delta_sensor_async.py
[2025-03-23T14:59:22.027+0000] {processor.py:914} INFO - Processing file /home/airflow/.local/lib/python3.12/site-packages/airflow/example_dags/example_time_delta_sensor_async.py for tasks to queue
[2025-03-23T14:59:22.029+0000] {logging_mixin.py:190} INFO - [2025-03-23T14:59:22.029+0000] {dagbag.py:588} INFO - Filling up the DagBag from /home/airflow/.local/lib/python3.12/site-packages/airflow/example_dags/example_time_delta_sensor_async.py
[2025-03-23T14:59:22.035+0000] {processor.py:925} INFO - DAG(s) 'example_time_delta_sensor_async' retrieved from /home/airflow/.local/lib/python3.12/site-packages/airflow/example_dags/example_time_delta_sensor_async.py
[2025-03-23T14:59:22.052+0000] {logging_mixin.py:190} INFO - [2025-03-23T14:59:22.051+0000] {dag.py:3239} INFO - Sync 1 DAGs
[2025-03-23T14:59:22.064+0000] {logging_mixin.py:190} INFO - [2025-03-23T14:59:22.064+0000] {dag.py:4180} INFO - Setting next_dagrun for example_time_delta_sensor_async to None, run_after=None
[2025-03-23T14:59:22.080+0000] {processor.py:208} INFO - Processing /home/airflow/.local/lib/python3.12/site-packages/airflow/example_dags/example_time_delta_sensor_async.py took 0.059 seconds
[2025-03-23T14:59:52.636+0000] {processor.py:186} INFO - Started process (PID=315) to work on /home/airflow/.local/lib/python3.12/site-packages/airflow/example_dags/example_time_delta_sensor_async.py
[2025-03-23T14:59:52.637+0000] {processor.py:914} INFO - Processing file /home/airflow/.local/lib/python3.12/site-packages/airflow/example_dags/example_time_delta_sensor_async.py for tasks to queue
[2025-03-23T14:59:52.639+0000] {logging_mixin.py:190} INFO - [2025-03-23T14:59:52.639+0000] {dagbag.py:588} INFO - Filling up the DagBag from /home/airflow/.local/lib/python3.12/site-packages/airflow/example_dags/example_time_delta_sensor_async.py
[2025-03-23T14:59:52.645+0000] {processor.py:925} INFO - DAG(s) 'example_time_delta_sensor_async' retrieved from /home/airflow/.local/lib/python3.12/site-packages/airflow/example_dags/example_time_delta_sensor_async.py
[2025-03-23T14:59:52.662+0000] {logging_mixin.py:190} INFO - [2025-03-23T14:59:52.662+0000] {dag.py:3239} INFO - Sync 1 DAGs
[2025-03-23T14:59:52.675+0000] {logging_mixin.py:190} INFO - [2025-03-23T14:59:52.675+0000] {dag.py:4180} INFO - Setting next_dagrun for example_time_delta_sensor_async to None, run_after=None
[2025-03-23T14:59:52.689+0000] {processor.py:208} INFO - Processing /home/airflow/.local/lib/python3.12/site-packages/airflow/example_dags/example_time_delta_sensor_async.py took 0.058 seconds
[2025-03-23T15:00:23.901+0000] {processor.py:186} INFO - Started process (PID=378) to work on /home/airflow/.local/lib/python3.12/site-packages/airflow/example_dags/example_time_delta_sensor_async.py
[2025-03-23T15:00:23.902+0000] {processor.py:914} INFO - Processing file /home/airflow/.local/lib/python3.12/site-packages/airflow/example_dags/example_time_delta_sensor_async.py for tasks to queue
[2025-03-23T15:00:23.905+0000] {logging_mixin.py:190} INFO - [2025-03-23T15:00:23.904+0000] {dagbag.py:588} INFO - Filling up the DagBag from /home/airflow/.local/lib/python3.12/site-packages/airflow/example_dags/example_time_delta_sensor_async.py
[2025-03-23T15:00:23.911+0000] {processor.py:925} INFO - DAG(s) 'example_time_delta_sensor_async' retrieved from /home/airflow/.local/lib/python3.12/site-packages/airflow/example_dags/example_time_delta_sensor_async.py
[2025-03-23T15:00:23.928+0000] {logging_mixin.py:190} INFO - [2025-03-23T15:00:23.928+0000] {dag.py:3239} INFO - Sync 1 DAGs
[2025-03-23T15:00:23.941+0000] {logging_mixin.py:190} INFO - [2025-03-23T15:00:23.941+0000] {dag.py:4180} INFO - Setting next_dagrun for example_time_delta_sensor_async to None, run_after=None
[2025-03-23T15:00:23.955+0000] {processor.py:208} INFO - Processing /home/airflow/.local/lib/python3.12/site-packages/airflow/example_dags/example_time_delta_sensor_async.py took 0.059 seconds
