[2025-03-23T14:58:17.410+0000] {processor.py:186} INFO - Started process (PID=102) to work on /home/airflow/.local/lib/python3.12/site-packages/airflow/example_dags/example_external_task_marker_dag.py
[2025-03-23T14:58:17.410+0000] {processor.py:914} INFO - Processing file /home/airflow/.local/lib/python3.12/site-packages/airflow/example_dags/example_external_task_marker_dag.py for tasks to queue
[2025-03-23T14:58:17.412+0000] {logging_mixin.py:190} INFO - [2025-03-23T14:58:17.412+0000] {dagbag.py:588} INFO - Filling up the DagBag from /home/airflow/.local/lib/python3.12/site-packages/airflow/example_dags/example_external_task_marker_dag.py
[2025-03-23T14:58:17.421+0000] {processor.py:925} INFO - DAG(s) 'example_external_task_marker_parent', 'example_external_task_marker_child' retrieved from /home/airflow/.local/lib/python3.12/site-packages/airflow/example_dags/example_external_task_marker_dag.py
[2025-03-23T14:58:17.512+0000] {logging_mixin.py:190} INFO - [2025-03-23T14:58:17.511+0000] {override.py:1912} INFO - Created Permission View: can read on DAG:example_external_task_marker_parent
[2025-03-23T14:58:17.518+0000] {logging_mixin.py:190} INFO - [2025-03-23T14:58:17.518+0000] {override.py:1912} INFO - Created Permission View: can edit on DAG:example_external_task_marker_parent
[2025-03-23T14:58:17.523+0000] {logging_mixin.py:190} INFO - [2025-03-23T14:58:17.522+0000] {override.py:1912} INFO - Created Permission View: can delete on DAG:example_external_task_marker_parent
[2025-03-23T14:58:17.527+0000] {logging_mixin.py:190} INFO - [2025-03-23T14:58:17.527+0000] {override.py:1912} INFO - Created Permission View: can read on DAG Run:example_external_task_marker_parent
[2025-03-23T14:58:17.531+0000] {logging_mixin.py:190} INFO - [2025-03-23T14:58:17.531+0000] {override.py:1912} INFO - Created Permission View: can delete on DAG Run:example_external_task_marker_parent
[2025-03-23T14:58:17.536+0000] {logging_mixin.py:190} INFO - [2025-03-23T14:58:17.535+0000] {override.py:1912} INFO - Created Permission View: menu access on DAG Run:example_external_task_marker_parent
[2025-03-23T14:58:17.540+0000] {logging_mixin.py:190} INFO - [2025-03-23T14:58:17.540+0000] {override.py:1912} INFO - Created Permission View: can create on DAG Run:example_external_task_marker_parent
[2025-03-23T14:58:17.549+0000] {logging_mixin.py:190} INFO - [2025-03-23T14:58:17.549+0000] {override.py:1912} INFO - Created Permission View: can read on DAG:example_external_task_marker_child
[2025-03-23T14:58:17.553+0000] {logging_mixin.py:190} INFO - [2025-03-23T14:58:17.553+0000] {override.py:1912} INFO - Created Permission View: can edit on DAG:example_external_task_marker_child
[2025-03-23T14:58:17.558+0000] {logging_mixin.py:190} INFO - [2025-03-23T14:58:17.557+0000] {override.py:1912} INFO - Created Permission View: can delete on DAG:example_external_task_marker_child
[2025-03-23T14:58:17.562+0000] {logging_mixin.py:190} INFO - [2025-03-23T14:58:17.562+0000] {override.py:1912} INFO - Created Permission View: can read on DAG Run:example_external_task_marker_child
[2025-03-23T14:58:17.567+0000] {logging_mixin.py:190} INFO - [2025-03-23T14:58:17.566+0000] {override.py:1912} INFO - Created Permission View: can delete on DAG Run:example_external_task_marker_child
[2025-03-23T14:58:17.571+0000] {logging_mixin.py:190} INFO - [2025-03-23T14:58:17.571+0000] {override.py:1912} INFO - Created Permission View: menu access on DAG Run:example_external_task_marker_child
[2025-03-23T14:58:17.575+0000] {logging_mixin.py:190} INFO - [2025-03-23T14:58:17.575+0000] {override.py:1912} INFO - Created Permission View: can create on DAG Run:example_external_task_marker_child
[2025-03-23T14:58:17.576+0000] {logging_mixin.py:190} INFO - [2025-03-23T14:58:17.575+0000] {dag.py:3239} INFO - Sync 2 DAGs
[2025-03-23T14:58:17.587+0000] {logging_mixin.py:190} INFO - [2025-03-23T14:58:17.587+0000] {dag.py:3262} INFO - Creating ORM DAG for example_external_task_marker_child
[2025-03-23T14:58:17.588+0000] {logging_mixin.py:190} INFO - [2025-03-23T14:58:17.588+0000] {dag.py:3262} INFO - Creating ORM DAG for example_external_task_marker_parent
[2025-03-23T14:58:17.588+0000] {logging_mixin.py:190} INFO - [2025-03-23T14:58:17.588+0000] {dag.py:4180} INFO - Setting next_dagrun for example_external_task_marker_child to None, run_after=None
[2025-03-23T14:58:17.589+0000] {logging_mixin.py:190} INFO - [2025-03-23T14:58:17.588+0000] {dag.py:4180} INFO - Setting next_dagrun for example_external_task_marker_parent to None, run_after=None
[2025-03-23T14:58:17.601+0000] {processor.py:208} INFO - Processing /home/airflow/.local/lib/python3.12/site-packages/airflow/example_dags/example_external_task_marker_dag.py took 0.197 seconds
[2025-03-23T14:58:47.641+0000] {processor.py:186} INFO - Started process (PID=164) to work on /home/airflow/.local/lib/python3.12/site-packages/airflow/example_dags/example_external_task_marker_dag.py
[2025-03-23T14:58:47.642+0000] {processor.py:914} INFO - Processing file /home/airflow/.local/lib/python3.12/site-packages/airflow/example_dags/example_external_task_marker_dag.py for tasks to queue
[2025-03-23T14:58:47.644+0000] {logging_mixin.py:190} INFO - [2025-03-23T14:58:47.643+0000] {dagbag.py:588} INFO - Filling up the DagBag from /home/airflow/.local/lib/python3.12/site-packages/airflow/example_dags/example_external_task_marker_dag.py
[2025-03-23T14:58:47.651+0000] {processor.py:925} INFO - DAG(s) 'example_external_task_marker_child', 'example_external_task_marker_parent' retrieved from /home/airflow/.local/lib/python3.12/site-packages/airflow/example_dags/example_external_task_marker_dag.py
[2025-03-23T14:58:47.671+0000] {logging_mixin.py:190} INFO - [2025-03-23T14:58:47.671+0000] {dag.py:3239} INFO - Sync 2 DAGs
[2025-03-23T14:58:47.684+0000] {logging_mixin.py:190} INFO - [2025-03-23T14:58:47.684+0000] {dag.py:4180} INFO - Setting next_dagrun for example_external_task_marker_child to None, run_after=None
[2025-03-23T14:58:47.687+0000] {logging_mixin.py:190} INFO - [2025-03-23T14:58:47.687+0000] {dag.py:4180} INFO - Setting next_dagrun for example_external_task_marker_parent to None, run_after=None
[2025-03-23T14:58:47.700+0000] {processor.py:208} INFO - Processing /home/airflow/.local/lib/python3.12/site-packages/airflow/example_dags/example_external_task_marker_dag.py took 0.065 seconds
[2025-03-23T14:59:18.816+0000] {processor.py:186} INFO - Started process (PID=227) to work on /home/airflow/.local/lib/python3.12/site-packages/airflow/example_dags/example_external_task_marker_dag.py
[2025-03-23T14:59:18.817+0000] {processor.py:914} INFO - Processing file /home/airflow/.local/lib/python3.12/site-packages/airflow/example_dags/example_external_task_marker_dag.py for tasks to queue
[2025-03-23T14:59:18.819+0000] {logging_mixin.py:190} INFO - [2025-03-23T14:59:18.819+0000] {dagbag.py:588} INFO - Filling up the DagBag from /home/airflow/.local/lib/python3.12/site-packages/airflow/example_dags/example_external_task_marker_dag.py
[2025-03-23T14:59:18.826+0000] {processor.py:925} INFO - DAG(s) 'example_external_task_marker_child', 'example_external_task_marker_parent' retrieved from /home/airflow/.local/lib/python3.12/site-packages/airflow/example_dags/example_external_task_marker_dag.py
[2025-03-23T14:59:18.854+0000] {logging_mixin.py:190} INFO - [2025-03-23T14:59:18.854+0000] {dag.py:3239} INFO - Sync 2 DAGs
[2025-03-23T14:59:18.867+0000] {logging_mixin.py:190} INFO - [2025-03-23T14:59:18.867+0000] {dag.py:4180} INFO - Setting next_dagrun for example_external_task_marker_child to None, run_after=None
[2025-03-23T14:59:18.870+0000] {logging_mixin.py:190} INFO - [2025-03-23T14:59:18.870+0000] {dag.py:4180} INFO - Setting next_dagrun for example_external_task_marker_parent to None, run_after=None
[2025-03-23T14:59:18.884+0000] {processor.py:208} INFO - Processing /home/airflow/.local/lib/python3.12/site-packages/airflow/example_dags/example_external_task_marker_dag.py took 0.073 seconds
[2025-03-23T14:59:49.629+0000] {processor.py:186} INFO - Started process (PID=290) to work on /home/airflow/.local/lib/python3.12/site-packages/airflow/example_dags/example_external_task_marker_dag.py
[2025-03-23T14:59:49.630+0000] {processor.py:914} INFO - Processing file /home/airflow/.local/lib/python3.12/site-packages/airflow/example_dags/example_external_task_marker_dag.py for tasks to queue
[2025-03-23T14:59:49.632+0000] {logging_mixin.py:190} INFO - [2025-03-23T14:59:49.632+0000] {dagbag.py:588} INFO - Filling up the DagBag from /home/airflow/.local/lib/python3.12/site-packages/airflow/example_dags/example_external_task_marker_dag.py
[2025-03-23T14:59:49.639+0000] {processor.py:925} INFO - DAG(s) 'example_external_task_marker_parent', 'example_external_task_marker_child' retrieved from /home/airflow/.local/lib/python3.12/site-packages/airflow/example_dags/example_external_task_marker_dag.py
[2025-03-23T14:59:49.660+0000] {logging_mixin.py:190} INFO - [2025-03-23T14:59:49.660+0000] {dag.py:3239} INFO - Sync 2 DAGs
[2025-03-23T14:59:49.674+0000] {logging_mixin.py:190} INFO - [2025-03-23T14:59:49.674+0000] {dag.py:4180} INFO - Setting next_dagrun for example_external_task_marker_child to None, run_after=None
[2025-03-23T14:59:49.677+0000] {logging_mixin.py:190} INFO - [2025-03-23T14:59:49.677+0000] {dag.py:4180} INFO - Setting next_dagrun for example_external_task_marker_parent to None, run_after=None
[2025-03-23T14:59:49.689+0000] {processor.py:208} INFO - Processing /home/airflow/.local/lib/python3.12/site-packages/airflow/example_dags/example_external_task_marker_dag.py took 0.066 seconds
[2025-03-23T15:00:20.906+0000] {processor.py:186} INFO - Started process (PID=353) to work on /home/airflow/.local/lib/python3.12/site-packages/airflow/example_dags/example_external_task_marker_dag.py
[2025-03-23T15:00:20.907+0000] {processor.py:914} INFO - Processing file /home/airflow/.local/lib/python3.12/site-packages/airflow/example_dags/example_external_task_marker_dag.py for tasks to queue
[2025-03-23T15:00:20.909+0000] {logging_mixin.py:190} INFO - [2025-03-23T15:00:20.909+0000] {dagbag.py:588} INFO - Filling up the DagBag from /home/airflow/.local/lib/python3.12/site-packages/airflow/example_dags/example_external_task_marker_dag.py
[2025-03-23T15:00:20.916+0000] {processor.py:925} INFO - DAG(s) 'example_external_task_marker_parent', 'example_external_task_marker_child' retrieved from /home/airflow/.local/lib/python3.12/site-packages/airflow/example_dags/example_external_task_marker_dag.py
[2025-03-23T15:00:20.938+0000] {logging_mixin.py:190} INFO - [2025-03-23T15:00:20.938+0000] {dag.py:3239} INFO - Sync 2 DAGs
[2025-03-23T15:00:20.951+0000] {logging_mixin.py:190} INFO - [2025-03-23T15:00:20.951+0000] {dag.py:4180} INFO - Setting next_dagrun for example_external_task_marker_child to None, run_after=None
[2025-03-23T15:00:20.954+0000] {logging_mixin.py:190} INFO - [2025-03-23T15:00:20.954+0000] {dag.py:4180} INFO - Setting next_dagrun for example_external_task_marker_parent to None, run_after=None
[2025-03-23T15:00:20.967+0000] {processor.py:208} INFO - Processing /home/airflow/.local/lib/python3.12/site-packages/airflow/example_dags/example_external_task_marker_dag.py took 0.067 seconds
