[2025-03-23T14:58:14.872+0000] {processor.py:186} INFO - Started process (PID=88) to work on /home/airflow/.local/lib/python3.12/site-packages/airflow/example_dags/example_complex.py
[2025-03-23T14:58:14.874+0000] {processor.py:914} INFO - Processing file /home/airflow/.local/lib/python3.12/site-packages/airflow/example_dags/example_complex.py for tasks to queue
[2025-03-23T14:58:14.876+0000] {logging_mixin.py:190} INFO - [2025-03-23T14:58:14.875+0000] {dagbag.py:588} INFO - Filling up the DagBag from /home/airflow/.local/lib/python3.12/site-packages/airflow/example_dags/example_complex.py
[2025-03-23T14:58:14.889+0000] {processor.py:925} INFO - DAG(s) 'example_complex' retrieved from /home/airflow/.local/lib/python3.12/site-packages/airflow/example_dags/example_complex.py
[2025-03-23T14:58:15.021+0000] {logging_mixin.py:190} INFO - [2025-03-23T14:58:15.021+0000] {override.py:1912} INFO - Created Permission View: can read on DAG:example_complex
[2025-03-23T14:58:15.028+0000] {logging_mixin.py:190} INFO - [2025-03-23T14:58:15.028+0000] {override.py:1912} INFO - Created Permission View: can edit on DAG:example_complex
[2025-03-23T14:58:15.033+0000] {logging_mixin.py:190} INFO - [2025-03-23T14:58:15.032+0000] {override.py:1912} INFO - Created Permission View: can delete on DAG:example_complex
[2025-03-23T14:58:15.038+0000] {logging_mixin.py:190} INFO - [2025-03-23T14:58:15.038+0000] {override.py:1912} INFO - Created Permission View: can read on DAG Run:example_complex
[2025-03-23T14:58:15.043+0000] {logging_mixin.py:190} INFO - [2025-03-23T14:58:15.042+0000] {override.py:1912} INFO - Created Permission View: can delete on DAG Run:example_complex
[2025-03-23T14:58:15.047+0000] {logging_mixin.py:190} INFO - [2025-03-23T14:58:15.047+0000] {override.py:1912} INFO - Created Permission View: menu access on DAG Run:example_complex
[2025-03-23T14:58:15.052+0000] {logging_mixin.py:190} INFO - [2025-03-23T14:58:15.052+0000] {override.py:1912} INFO - Created Permission View: can create on DAG Run:example_complex
[2025-03-23T14:58:15.052+0000] {logging_mixin.py:190} INFO - [2025-03-23T14:58:15.052+0000] {dag.py:3239} INFO - Sync 1 DAGs
[2025-03-23T14:58:15.066+0000] {logging_mixin.py:190} INFO - [2025-03-23T14:58:15.066+0000] {dag.py:3262} INFO - Creating ORM DAG for example_complex
[2025-03-23T14:58:15.067+0000] {logging_mixin.py:190} INFO - [2025-03-23T14:58:15.067+0000] {dag.py:4180} INFO - Setting next_dagrun for example_complex to None, run_after=None
[2025-03-23T14:58:15.082+0000] {processor.py:208} INFO - Processing /home/airflow/.local/lib/python3.12/site-packages/airflow/example_dags/example_complex.py took 0.215 seconds
[2025-03-23T14:58:45.478+0000] {processor.py:186} INFO - Started process (PID=157) to work on /home/airflow/.local/lib/python3.12/site-packages/airflow/example_dags/example_complex.py
[2025-03-23T14:58:45.479+0000] {processor.py:914} INFO - Processing file /home/airflow/.local/lib/python3.12/site-packages/airflow/example_dags/example_complex.py for tasks to queue
[2025-03-23T14:58:45.481+0000] {logging_mixin.py:190} INFO - [2025-03-23T14:58:45.481+0000] {dagbag.py:588} INFO - Filling up the DagBag from /home/airflow/.local/lib/python3.12/site-packages/airflow/example_dags/example_complex.py
[2025-03-23T14:58:45.491+0000] {processor.py:925} INFO - DAG(s) 'example_complex' retrieved from /home/airflow/.local/lib/python3.12/site-packages/airflow/example_dags/example_complex.py
[2025-03-23T14:58:45.518+0000] {logging_mixin.py:190} INFO - [2025-03-23T14:58:45.518+0000] {dag.py:3239} INFO - Sync 1 DAGs
[2025-03-23T14:58:45.533+0000] {logging_mixin.py:190} INFO - [2025-03-23T14:58:45.532+0000] {dag.py:4180} INFO - Setting next_dagrun for example_complex to None, run_after=None
[2025-03-23T14:58:45.551+0000] {processor.py:208} INFO - Processing /home/airflow/.local/lib/python3.12/site-packages/airflow/example_dags/example_complex.py took 0.078 seconds
[2025-03-23T14:59:15.955+0000] {processor.py:186} INFO - Started process (PID=220) to work on /home/airflow/.local/lib/python3.12/site-packages/airflow/example_dags/example_complex.py
[2025-03-23T14:59:15.956+0000] {processor.py:914} INFO - Processing file /home/airflow/.local/lib/python3.12/site-packages/airflow/example_dags/example_complex.py for tasks to queue
[2025-03-23T14:59:15.958+0000] {logging_mixin.py:190} INFO - [2025-03-23T14:59:15.958+0000] {dagbag.py:588} INFO - Filling up the DagBag from /home/airflow/.local/lib/python3.12/site-packages/airflow/example_dags/example_complex.py
[2025-03-23T14:59:15.969+0000] {processor.py:925} INFO - DAG(s) 'example_complex' retrieved from /home/airflow/.local/lib/python3.12/site-packages/airflow/example_dags/example_complex.py
[2025-03-23T14:59:15.996+0000] {logging_mixin.py:190} INFO - [2025-03-23T14:59:15.996+0000] {dag.py:3239} INFO - Sync 1 DAGs
[2025-03-23T14:59:16.009+0000] {logging_mixin.py:190} INFO - [2025-03-23T14:59:16.009+0000] {dag.py:4180} INFO - Setting next_dagrun for example_complex to None, run_after=None
[2025-03-23T14:59:16.024+0000] {processor.py:208} INFO - Processing /home/airflow/.local/lib/python3.12/site-packages/airflow/example_dags/example_complex.py took 0.074 seconds
[2025-03-23T14:59:46.440+0000] {processor.py:186} INFO - Started process (PID=283) to work on /home/airflow/.local/lib/python3.12/site-packages/airflow/example_dags/example_complex.py
[2025-03-23T14:59:46.441+0000] {processor.py:914} INFO - Processing file /home/airflow/.local/lib/python3.12/site-packages/airflow/example_dags/example_complex.py for tasks to queue
[2025-03-23T14:59:46.443+0000] {logging_mixin.py:190} INFO - [2025-03-23T14:59:46.442+0000] {dagbag.py:588} INFO - Filling up the DagBag from /home/airflow/.local/lib/python3.12/site-packages/airflow/example_dags/example_complex.py
[2025-03-23T14:59:46.453+0000] {processor.py:925} INFO - DAG(s) 'example_complex' retrieved from /home/airflow/.local/lib/python3.12/site-packages/airflow/example_dags/example_complex.py
[2025-03-23T14:59:46.480+0000] {logging_mixin.py:190} INFO - [2025-03-23T14:59:46.480+0000] {dag.py:3239} INFO - Sync 1 DAGs
[2025-03-23T14:59:46.493+0000] {logging_mixin.py:190} INFO - [2025-03-23T14:59:46.492+0000] {dag.py:4180} INFO - Setting next_dagrun for example_complex to None, run_after=None
[2025-03-23T14:59:46.507+0000] {processor.py:208} INFO - Processing /home/airflow/.local/lib/python3.12/site-packages/airflow/example_dags/example_complex.py took 0.072 seconds
[2025-03-23T15:00:16.974+0000] {processor.py:186} INFO - Started process (PID=346) to work on /home/airflow/.local/lib/python3.12/site-packages/airflow/example_dags/example_complex.py
[2025-03-23T15:00:16.975+0000] {processor.py:914} INFO - Processing file /home/airflow/.local/lib/python3.12/site-packages/airflow/example_dags/example_complex.py for tasks to queue
[2025-03-23T15:00:16.977+0000] {logging_mixin.py:190} INFO - [2025-03-23T15:00:16.977+0000] {dagbag.py:588} INFO - Filling up the DagBag from /home/airflow/.local/lib/python3.12/site-packages/airflow/example_dags/example_complex.py
[2025-03-23T15:00:16.987+0000] {processor.py:925} INFO - DAG(s) 'example_complex' retrieved from /home/airflow/.local/lib/python3.12/site-packages/airflow/example_dags/example_complex.py
[2025-03-23T15:00:17.014+0000] {logging_mixin.py:190} INFO - [2025-03-23T15:00:17.013+0000] {dag.py:3239} INFO - Sync 1 DAGs
[2025-03-23T15:00:17.025+0000] {logging_mixin.py:190} INFO - [2025-03-23T15:00:17.025+0000] {dag.py:4180} INFO - Setting next_dagrun for example_complex to None, run_after=None
[2025-03-23T15:00:17.039+0000] {processor.py:208} INFO - Processing /home/airflow/.local/lib/python3.12/site-packages/airflow/example_dags/example_complex.py took 0.069 seconds
