[2025-03-23T14:58:21.208+0000] {processor.py:186} INFO - Started process (PID=128) to work on /home/airflow/.local/lib/python3.12/site-packages/airflow/example_dags/example_trigger_target_dag.py
[2025-03-23T14:58:21.208+0000] {processor.py:914} INFO - Processing file /home/airflow/.local/lib/python3.12/site-packages/airflow/example_dags/example_trigger_target_dag.py for tasks to queue
[2025-03-23T14:58:21.210+0000] {logging_mixin.py:190} INFO - [2025-03-23T14:58:21.210+0000] {dagbag.py:588} INFO - Filling up the DagBag from /home/airflow/.local/lib/python3.12/site-packages/airflow/example_dags/example_trigger_target_dag.py
[2025-03-23T14:58:21.218+0000] {processor.py:925} INFO - DAG(s) 'example_trigger_target_dag' retrieved from /home/airflow/.local/lib/python3.12/site-packages/airflow/example_dags/example_trigger_target_dag.py
[2025-03-23T14:58:21.309+0000] {logging_mixin.py:190} INFO - [2025-03-23T14:58:21.308+0000] {override.py:1912} INFO - Created Permission View: can read on DAG:example_trigger_target_dag
[2025-03-23T14:58:21.316+0000] {logging_mixin.py:190} INFO - [2025-03-23T14:58:21.316+0000] {override.py:1912} INFO - Created Permission View: can edit on DAG:example_trigger_target_dag
[2025-03-23T14:58:21.321+0000] {logging_mixin.py:190} INFO - [2025-03-23T14:58:21.320+0000] {override.py:1912} INFO - Created Permission View: can delete on DAG:example_trigger_target_dag
[2025-03-23T14:58:21.326+0000] {logging_mixin.py:190} INFO - [2025-03-23T14:58:21.325+0000] {override.py:1912} INFO - Created Permission View: can read on DAG Run:example_trigger_target_dag
[2025-03-23T14:58:21.330+0000] {logging_mixin.py:190} INFO - [2025-03-23T14:58:21.330+0000] {override.py:1912} INFO - Created Permission View: can delete on DAG Run:example_trigger_target_dag
[2025-03-23T14:58:21.334+0000] {logging_mixin.py:190} INFO - [2025-03-23T14:58:21.334+0000] {override.py:1912} INFO - Created Permission View: menu access on DAG Run:example_trigger_target_dag
[2025-03-23T14:58:21.338+0000] {logging_mixin.py:190} INFO - [2025-03-23T14:58:21.338+0000] {override.py:1912} INFO - Created Permission View: can create on DAG Run:example_trigger_target_dag
[2025-03-23T14:58:21.339+0000] {logging_mixin.py:190} INFO - [2025-03-23T14:58:21.339+0000] {dag.py:3239} INFO - Sync 1 DAGs
[2025-03-23T14:58:21.349+0000] {logging_mixin.py:190} INFO - [2025-03-23T14:58:21.349+0000] {dag.py:3262} INFO - Creating ORM DAG for example_trigger_target_dag
[2025-03-23T14:58:21.349+0000] {logging_mixin.py:190} INFO - [2025-03-23T14:58:21.349+0000] {dag.py:4180} INFO - Setting next_dagrun for example_trigger_target_dag to None, run_after=None
[2025-03-23T14:58:21.361+0000] {processor.py:208} INFO - Processing /home/airflow/.local/lib/python3.12/site-packages/airflow/example_dags/example_trigger_target_dag.py took 0.159 seconds
[2025-03-23T14:58:51.733+0000] {processor.py:186} INFO - Started process (PID=191) to work on /home/airflow/.local/lib/python3.12/site-packages/airflow/example_dags/example_trigger_target_dag.py
[2025-03-23T14:58:51.734+0000] {processor.py:914} INFO - Processing file /home/airflow/.local/lib/python3.12/site-packages/airflow/example_dags/example_trigger_target_dag.py for tasks to queue
[2025-03-23T14:58:51.736+0000] {logging_mixin.py:190} INFO - [2025-03-23T14:58:51.736+0000] {dagbag.py:588} INFO - Filling up the DagBag from /home/airflow/.local/lib/python3.12/site-packages/airflow/example_dags/example_trigger_target_dag.py
[2025-03-23T14:58:51.743+0000] {processor.py:925} INFO - DAG(s) 'example_trigger_target_dag' retrieved from /home/airflow/.local/lib/python3.12/site-packages/airflow/example_dags/example_trigger_target_dag.py
[2025-03-23T14:58:51.760+0000] {logging_mixin.py:190} INFO - [2025-03-23T14:58:51.759+0000] {dag.py:3239} INFO - Sync 1 DAGs
[2025-03-23T14:58:51.772+0000] {logging_mixin.py:190} INFO - [2025-03-23T14:58:51.772+0000] {dag.py:4180} INFO - Setting next_dagrun for example_trigger_target_dag to None, run_after=None
[2025-03-23T14:58:51.787+0000] {processor.py:208} INFO - Processing /home/airflow/.local/lib/python3.12/site-packages/airflow/example_dags/example_trigger_target_dag.py took 0.060 seconds
[2025-03-23T14:59:22.117+0000] {processor.py:186} INFO - Started process (PID=254) to work on /home/airflow/.local/lib/python3.12/site-packages/airflow/example_dags/example_trigger_target_dag.py
[2025-03-23T14:59:22.118+0000] {processor.py:914} INFO - Processing file /home/airflow/.local/lib/python3.12/site-packages/airflow/example_dags/example_trigger_target_dag.py for tasks to queue
[2025-03-23T14:59:22.120+0000] {logging_mixin.py:190} INFO - [2025-03-23T14:59:22.120+0000] {dagbag.py:588} INFO - Filling up the DagBag from /home/airflow/.local/lib/python3.12/site-packages/airflow/example_dags/example_trigger_target_dag.py
[2025-03-23T14:59:22.127+0000] {processor.py:925} INFO - DAG(s) 'example_trigger_target_dag' retrieved from /home/airflow/.local/lib/python3.12/site-packages/airflow/example_dags/example_trigger_target_dag.py
[2025-03-23T14:59:22.145+0000] {logging_mixin.py:190} INFO - [2025-03-23T14:59:22.144+0000] {dag.py:3239} INFO - Sync 1 DAGs
[2025-03-23T14:59:22.159+0000] {logging_mixin.py:190} INFO - [2025-03-23T14:59:22.159+0000] {dag.py:4180} INFO - Setting next_dagrun for example_trigger_target_dag to None, run_after=None
[2025-03-23T14:59:22.173+0000] {processor.py:208} INFO - Processing /home/airflow/.local/lib/python3.12/site-packages/airflow/example_dags/example_trigger_target_dag.py took 0.061 seconds
[2025-03-23T14:59:52.719+0000] {processor.py:186} INFO - Started process (PID=317) to work on /home/airflow/.local/lib/python3.12/site-packages/airflow/example_dags/example_trigger_target_dag.py
[2025-03-23T14:59:52.720+0000] {processor.py:914} INFO - Processing file /home/airflow/.local/lib/python3.12/site-packages/airflow/example_dags/example_trigger_target_dag.py for tasks to queue
[2025-03-23T14:59:52.722+0000] {logging_mixin.py:190} INFO - [2025-03-23T14:59:52.721+0000] {dagbag.py:588} INFO - Filling up the DagBag from /home/airflow/.local/lib/python3.12/site-packages/airflow/example_dags/example_trigger_target_dag.py
[2025-03-23T14:59:52.728+0000] {processor.py:925} INFO - DAG(s) 'example_trigger_target_dag' retrieved from /home/airflow/.local/lib/python3.12/site-packages/airflow/example_dags/example_trigger_target_dag.py
[2025-03-23T14:59:52.746+0000] {logging_mixin.py:190} INFO - [2025-03-23T14:59:52.746+0000] {dag.py:3239} INFO - Sync 1 DAGs
[2025-03-23T14:59:52.758+0000] {logging_mixin.py:190} INFO - [2025-03-23T14:59:52.758+0000] {dag.py:4180} INFO - Setting next_dagrun for example_trigger_target_dag to None, run_after=None
[2025-03-23T14:59:52.772+0000] {processor.py:208} INFO - Processing /home/airflow/.local/lib/python3.12/site-packages/airflow/example_dags/example_trigger_target_dag.py took 0.059 seconds
[2025-03-23T15:00:23.988+0000] {processor.py:186} INFO - Started process (PID=380) to work on /home/airflow/.local/lib/python3.12/site-packages/airflow/example_dags/example_trigger_target_dag.py
[2025-03-23T15:00:23.989+0000] {processor.py:914} INFO - Processing file /home/airflow/.local/lib/python3.12/site-packages/airflow/example_dags/example_trigger_target_dag.py for tasks to queue
[2025-03-23T15:00:23.992+0000] {logging_mixin.py:190} INFO - [2025-03-23T15:00:23.992+0000] {dagbag.py:588} INFO - Filling up the DagBag from /home/airflow/.local/lib/python3.12/site-packages/airflow/example_dags/example_trigger_target_dag.py
[2025-03-23T15:00:23.999+0000] {processor.py:925} INFO - DAG(s) 'example_trigger_target_dag' retrieved from /home/airflow/.local/lib/python3.12/site-packages/airflow/example_dags/example_trigger_target_dag.py
[2025-03-23T15:00:24.018+0000] {logging_mixin.py:190} INFO - [2025-03-23T15:00:24.018+0000] {dag.py:3239} INFO - Sync 1 DAGs
[2025-03-23T15:00:24.031+0000] {logging_mixin.py:190} INFO - [2025-03-23T15:00:24.031+0000] {dag.py:4180} INFO - Setting next_dagrun for example_trigger_target_dag to None, run_after=None
[2025-03-23T15:00:24.047+0000] {processor.py:208} INFO - Processing /home/airflow/.local/lib/python3.12/site-packages/airflow/example_dags/example_trigger_target_dag.py took 0.064 seconds
