[2025-03-23T14:58:20.428+0000] {processor.py:186} INFO - Started process (PID=124) to work on /home/airflow/.local/lib/python3.12/site-packages/airflow/example_dags/example_task_group.py
[2025-03-23T14:58:20.428+0000] {processor.py:914} INFO - Processing file /home/airflow/.local/lib/python3.12/site-packages/airflow/example_dags/example_task_group.py for tasks to queue
[2025-03-23T14:58:20.431+0000] {logging_mixin.py:190} INFO - [2025-03-23T14:58:20.430+0000] {dagbag.py:588} INFO - Filling up the DagBag from /home/airflow/.local/lib/python3.12/site-packages/airflow/example_dags/example_task_group.py
[2025-03-23T14:58:20.440+0000] {processor.py:925} INFO - DAG(s) 'example_task_group' retrieved from /home/airflow/.local/lib/python3.12/site-packages/airflow/example_dags/example_task_group.py
[2025-03-23T14:58:20.910+0000] {logging_mixin.py:190} INFO - [2025-03-23T14:58:20.909+0000] {override.py:1912} INFO - Created Permission View: can read on DAG:example_task_group
[2025-03-23T14:58:20.919+0000] {logging_mixin.py:190} INFO - [2025-03-23T14:58:20.918+0000] {override.py:1912} INFO - Created Permission View: can edit on DAG:example_task_group
[2025-03-23T14:58:20.924+0000] {logging_mixin.py:190} INFO - [2025-03-23T14:58:20.923+0000] {override.py:1912} INFO - Created Permission View: can delete on DAG:example_task_group
[2025-03-23T14:58:20.931+0000] {logging_mixin.py:190} INFO - [2025-03-23T14:58:20.930+0000] {override.py:1912} INFO - Created Permission View: can read on DAG Run:example_task_group
[2025-03-23T14:58:20.936+0000] {logging_mixin.py:190} INFO - [2025-03-23T14:58:20.935+0000] {override.py:1912} INFO - Created Permission View: can delete on DAG Run:example_task_group
[2025-03-23T14:58:20.941+0000] {logging_mixin.py:190} INFO - [2025-03-23T14:58:20.940+0000] {override.py:1912} INFO - Created Permission View: menu access on DAG Run:example_task_group
[2025-03-23T14:58:20.946+0000] {logging_mixin.py:190} INFO - [2025-03-23T14:58:20.946+0000] {override.py:1912} INFO - Created Permission View: can create on DAG Run:example_task_group
[2025-03-23T14:58:20.946+0000] {logging_mixin.py:190} INFO - [2025-03-23T14:58:20.946+0000] {dag.py:3239} INFO - Sync 1 DAGs
[2025-03-23T14:58:20.957+0000] {logging_mixin.py:190} INFO - [2025-03-23T14:58:20.957+0000] {dag.py:3262} INFO - Creating ORM DAG for example_task_group
[2025-03-23T14:58:20.958+0000] {logging_mixin.py:190} INFO - [2025-03-23T14:58:20.957+0000] {dag.py:4180} INFO - Setting next_dagrun for example_task_group to None, run_after=None
[2025-03-23T14:58:20.970+0000] {processor.py:208} INFO - Processing /home/airflow/.local/lib/python3.12/site-packages/airflow/example_dags/example_task_group.py took 0.548 seconds
[2025-03-23T14:58:51.561+0000] {processor.py:186} INFO - Started process (PID=187) to work on /home/airflow/.local/lib/python3.12/site-packages/airflow/example_dags/example_task_group.py
[2025-03-23T14:58:51.562+0000] {processor.py:914} INFO - Processing file /home/airflow/.local/lib/python3.12/site-packages/airflow/example_dags/example_task_group.py for tasks to queue
[2025-03-23T14:58:51.564+0000] {logging_mixin.py:190} INFO - [2025-03-23T14:58:51.564+0000] {dagbag.py:588} INFO - Filling up the DagBag from /home/airflow/.local/lib/python3.12/site-packages/airflow/example_dags/example_task_group.py
[2025-03-23T14:58:51.571+0000] {processor.py:925} INFO - DAG(s) 'example_task_group' retrieved from /home/airflow/.local/lib/python3.12/site-packages/airflow/example_dags/example_task_group.py
[2025-03-23T14:58:51.591+0000] {logging_mixin.py:190} INFO - [2025-03-23T14:58:51.591+0000] {dag.py:3239} INFO - Sync 1 DAGs
[2025-03-23T14:58:51.604+0000] {logging_mixin.py:190} INFO - [2025-03-23T14:58:51.603+0000] {dag.py:4180} INFO - Setting next_dagrun for example_task_group to None, run_after=None
[2025-03-23T14:58:51.617+0000] {processor.py:208} INFO - Processing /home/airflow/.local/lib/python3.12/site-packages/airflow/example_dags/example_task_group.py took 0.062 seconds
[2025-03-23T14:59:21.939+0000] {processor.py:186} INFO - Started process (PID=250) to work on /home/airflow/.local/lib/python3.12/site-packages/airflow/example_dags/example_task_group.py
[2025-03-23T14:59:21.940+0000] {processor.py:914} INFO - Processing file /home/airflow/.local/lib/python3.12/site-packages/airflow/example_dags/example_task_group.py for tasks to queue
[2025-03-23T14:59:21.942+0000] {logging_mixin.py:190} INFO - [2025-03-23T14:59:21.942+0000] {dagbag.py:588} INFO - Filling up the DagBag from /home/airflow/.local/lib/python3.12/site-packages/airflow/example_dags/example_task_group.py
[2025-03-23T14:59:21.950+0000] {processor.py:925} INFO - DAG(s) 'example_task_group' retrieved from /home/airflow/.local/lib/python3.12/site-packages/airflow/example_dags/example_task_group.py
[2025-03-23T14:59:21.968+0000] {logging_mixin.py:190} INFO - [2025-03-23T14:59:21.968+0000] {dag.py:3239} INFO - Sync 1 DAGs
[2025-03-23T14:59:21.981+0000] {logging_mixin.py:190} INFO - [2025-03-23T14:59:21.980+0000] {dag.py:4180} INFO - Setting next_dagrun for example_task_group to None, run_after=None
[2025-03-23T14:59:21.994+0000] {processor.py:208} INFO - Processing /home/airflow/.local/lib/python3.12/site-packages/airflow/example_dags/example_task_group.py took 0.060 seconds
[2025-03-23T14:59:52.544+0000] {processor.py:186} INFO - Started process (PID=313) to work on /home/airflow/.local/lib/python3.12/site-packages/airflow/example_dags/example_task_group.py
[2025-03-23T14:59:52.545+0000] {processor.py:914} INFO - Processing file /home/airflow/.local/lib/python3.12/site-packages/airflow/example_dags/example_task_group.py for tasks to queue
[2025-03-23T14:59:52.548+0000] {logging_mixin.py:190} INFO - [2025-03-23T14:59:52.547+0000] {dagbag.py:588} INFO - Filling up the DagBag from /home/airflow/.local/lib/python3.12/site-packages/airflow/example_dags/example_task_group.py
[2025-03-23T14:59:52.555+0000] {processor.py:925} INFO - DAG(s) 'example_task_group' retrieved from /home/airflow/.local/lib/python3.12/site-packages/airflow/example_dags/example_task_group.py
[2025-03-23T14:59:52.574+0000] {logging_mixin.py:190} INFO - [2025-03-23T14:59:52.574+0000] {dag.py:3239} INFO - Sync 1 DAGs
[2025-03-23T14:59:52.588+0000] {logging_mixin.py:190} INFO - [2025-03-23T14:59:52.588+0000] {dag.py:4180} INFO - Setting next_dagrun for example_task_group to None, run_after=None
[2025-03-23T14:59:52.603+0000] {processor.py:208} INFO - Processing /home/airflow/.local/lib/python3.12/site-packages/airflow/example_dags/example_task_group.py took 0.064 seconds
[2025-03-23T15:00:23.809+0000] {processor.py:186} INFO - Started process (PID=376) to work on /home/airflow/.local/lib/python3.12/site-packages/airflow/example_dags/example_task_group.py
[2025-03-23T15:00:23.810+0000] {processor.py:914} INFO - Processing file /home/airflow/.local/lib/python3.12/site-packages/airflow/example_dags/example_task_group.py for tasks to queue
[2025-03-23T15:00:23.813+0000] {logging_mixin.py:190} INFO - [2025-03-23T15:00:23.812+0000] {dagbag.py:588} INFO - Filling up the DagBag from /home/airflow/.local/lib/python3.12/site-packages/airflow/example_dags/example_task_group.py
[2025-03-23T15:00:23.820+0000] {processor.py:925} INFO - DAG(s) 'example_task_group' retrieved from /home/airflow/.local/lib/python3.12/site-packages/airflow/example_dags/example_task_group.py
[2025-03-23T15:00:23.840+0000] {logging_mixin.py:190} INFO - [2025-03-23T15:00:23.840+0000] {dag.py:3239} INFO - Sync 1 DAGs
[2025-03-23T15:00:23.852+0000] {logging_mixin.py:190} INFO - [2025-03-23T15:00:23.852+0000] {dag.py:4180} INFO - Setting next_dagrun for example_task_group to None, run_after=None
[2025-03-23T15:00:23.867+0000] {processor.py:208} INFO - Processing /home/airflow/.local/lib/python3.12/site-packages/airflow/example_dags/example_task_group.py took 0.063 seconds
