[2025-03-23T14:58:20.262+0000] {processor.py:186} INFO - Started process (PID=123) to work on /home/airflow/.local/lib/python3.12/site-packages/airflow/example_dags/example_subdag_operator.py
[2025-03-23T14:58:20.263+0000] {processor.py:914} INFO - Processing file /home/airflow/.local/lib/python3.12/site-packages/airflow/example_dags/example_subdag_operator.py for tasks to queue
[2025-03-23T14:58:20.265+0000] {logging_mixin.py:190} INFO - [2025-03-23T14:58:20.264+0000] {dagbag.py:588} INFO - Filling up the DagBag from /home/airflow/.local/lib/python3.12/site-packages/airflow/example_dags/example_subdag_operator.py
[2025-03-23T14:58:20.292+0000] {processor.py:925} INFO - DAG(s) 'example_subdag_operator.section-1', 'example_subdag_operator.section-2', 'example_subdag_operator' retrieved from /home/airflow/.local/lib/python3.12/site-packages/airflow/example_dags/example_subdag_operator.py
[2025-03-23T14:58:20.383+0000] {logging_mixin.py:190} INFO - [2025-03-23T14:58:20.383+0000] {override.py:1912} INFO - Created Permission View: can read on DAG:example_subdag_operator
[2025-03-23T14:58:20.391+0000] {logging_mixin.py:190} INFO - [2025-03-23T14:58:20.391+0000] {override.py:1912} INFO - Created Permission View: can edit on DAG:example_subdag_operator
[2025-03-23T14:58:20.396+0000] {logging_mixin.py:190} INFO - [2025-03-23T14:58:20.396+0000] {override.py:1912} INFO - Created Permission View: can delete on DAG:example_subdag_operator
[2025-03-23T14:58:20.401+0000] {logging_mixin.py:190} INFO - [2025-03-23T14:58:20.401+0000] {override.py:1912} INFO - Created Permission View: can read on DAG Run:example_subdag_operator
[2025-03-23T14:58:20.405+0000] {logging_mixin.py:190} INFO - [2025-03-23T14:58:20.405+0000] {override.py:1912} INFO - Created Permission View: can delete on DAG Run:example_subdag_operator
[2025-03-23T14:58:20.411+0000] {logging_mixin.py:190} INFO - [2025-03-23T14:58:20.410+0000] {override.py:1912} INFO - Created Permission View: menu access on DAG Run:example_subdag_operator
[2025-03-23T14:58:20.415+0000] {logging_mixin.py:190} INFO - [2025-03-23T14:58:20.415+0000] {override.py:1912} INFO - Created Permission View: can create on DAG Run:example_subdag_operator
[2025-03-23T14:58:20.415+0000] {logging_mixin.py:190} INFO - [2025-03-23T14:58:20.415+0000] {dag.py:3239} INFO - Sync 3 DAGs
[2025-03-23T14:58:20.426+0000] {logging_mixin.py:190} INFO - [2025-03-23T14:58:20.426+0000] {dag.py:3262} INFO - Creating ORM DAG for example_subdag_operator.section-1
[2025-03-23T14:58:20.427+0000] {logging_mixin.py:190} INFO - [2025-03-23T14:58:20.427+0000] {dag.py:3262} INFO - Creating ORM DAG for example_subdag_operator
[2025-03-23T14:58:20.427+0000] {logging_mixin.py:190} INFO - [2025-03-23T14:58:20.427+0000] {dag.py:3262} INFO - Creating ORM DAG for example_subdag_operator.section-2
[2025-03-23T14:58:20.434+0000] {logging_mixin.py:190} INFO - [2025-03-23T14:58:20.434+0000] {dag.py:4180} INFO - Setting next_dagrun for example_subdag_operator to 2022-01-01 00:00:00+00:00, run_after=2022-01-01 00:00:00+00:00
[2025-03-23T14:58:20.435+0000] {logging_mixin.py:190} INFO - [2025-03-23T14:58:20.435+0000] {dag.py:4180} INFO - Setting next_dagrun for example_subdag_operator.section-1 to None, run_after=None
[2025-03-23T14:58:20.435+0000] {logging_mixin.py:190} INFO - [2025-03-23T14:58:20.435+0000] {dag.py:4180} INFO - Setting next_dagrun for example_subdag_operator.section-2 to None, run_after=None
[2025-03-23T14:58:20.442+0000] {logging_mixin.py:190} INFO - [2025-03-23T14:58:20.442+0000] {dag.py:3239} INFO - Sync 2 DAGs
[2025-03-23T14:58:20.446+0000] {logging_mixin.py:190} INFO - [2025-03-23T14:58:20.446+0000] {dag.py:4180} INFO - Setting next_dagrun for example_subdag_operator.section-1 to None, run_after=None
[2025-03-23T14:58:20.448+0000] {logging_mixin.py:190} INFO - [2025-03-23T14:58:20.448+0000] {dag.py:4180} INFO - Setting next_dagrun for example_subdag_operator.section-2 to None, run_after=None
[2025-03-23T14:58:20.458+0000] {processor.py:208} INFO - Processing /home/airflow/.local/lib/python3.12/site-packages/airflow/example_dags/example_subdag_operator.py took 0.201 seconds
[2025-03-23T14:58:50.548+0000] {processor.py:186} INFO - Started process (PID=186) to work on /home/airflow/.local/lib/python3.12/site-packages/airflow/example_dags/example_subdag_operator.py
[2025-03-23T14:58:50.549+0000] {processor.py:914} INFO - Processing file /home/airflow/.local/lib/python3.12/site-packages/airflow/example_dags/example_subdag_operator.py for tasks to queue
[2025-03-23T14:58:50.551+0000] {logging_mixin.py:190} INFO - [2025-03-23T14:58:50.551+0000] {dagbag.py:588} INFO - Filling up the DagBag from /home/airflow/.local/lib/python3.12/site-packages/airflow/example_dags/example_subdag_operator.py
[2025-03-23T14:58:50.577+0000] {processor.py:925} INFO - DAG(s) 'example_subdag_operator.section-1', 'example_subdag_operator.section-2', 'example_subdag_operator' retrieved from /home/airflow/.local/lib/python3.12/site-packages/airflow/example_dags/example_subdag_operator.py
[2025-03-23T14:58:50.590+0000] {logging_mixin.py:190} INFO - [2025-03-23T14:58:50.589+0000] {dag.py:3239} INFO - Sync 3 DAGs
[2025-03-23T14:58:50.609+0000] {logging_mixin.py:190} INFO - [2025-03-23T14:58:50.609+0000] {dag.py:4180} INFO - Setting next_dagrun for example_subdag_operator to 2022-01-01 00:00:00+00:00, run_after=2022-01-01 00:00:00+00:00
[2025-03-23T14:58:50.612+0000] {logging_mixin.py:190} INFO - [2025-03-23T14:58:50.612+0000] {dag.py:4180} INFO - Setting next_dagrun for example_subdag_operator.section-1 to None, run_after=None
[2025-03-23T14:58:50.614+0000] {logging_mixin.py:190} INFO - [2025-03-23T14:58:50.613+0000] {dag.py:4180} INFO - Setting next_dagrun for example_subdag_operator.section-2 to None, run_after=None
[2025-03-23T14:58:50.620+0000] {logging_mixin.py:190} INFO - [2025-03-23T14:58:50.620+0000] {dag.py:3239} INFO - Sync 2 DAGs
[2025-03-23T14:58:50.625+0000] {logging_mixin.py:190} INFO - [2025-03-23T14:58:50.625+0000] {dag.py:4180} INFO - Setting next_dagrun for example_subdag_operator.section-1 to None, run_after=None
[2025-03-23T14:58:50.625+0000] {logging_mixin.py:190} INFO - [2025-03-23T14:58:50.625+0000] {dag.py:4180} INFO - Setting next_dagrun for example_subdag_operator.section-2 to None, run_after=None
[2025-03-23T14:58:50.633+0000] {processor.py:208} INFO - Processing /home/airflow/.local/lib/python3.12/site-packages/airflow/example_dags/example_subdag_operator.py took 0.091 seconds
[2025-03-23T14:59:21.844+0000] {processor.py:186} INFO - Started process (PID=249) to work on /home/airflow/.local/lib/python3.12/site-packages/airflow/example_dags/example_subdag_operator.py
[2025-03-23T14:59:21.845+0000] {processor.py:914} INFO - Processing file /home/airflow/.local/lib/python3.12/site-packages/airflow/example_dags/example_subdag_operator.py for tasks to queue
[2025-03-23T14:59:21.847+0000] {logging_mixin.py:190} INFO - [2025-03-23T14:59:21.847+0000] {dagbag.py:588} INFO - Filling up the DagBag from /home/airflow/.local/lib/python3.12/site-packages/airflow/example_dags/example_subdag_operator.py
[2025-03-23T14:59:21.871+0000] {processor.py:925} INFO - DAG(s) 'example_subdag_operator.section-1', 'example_subdag_operator.section-2', 'example_subdag_operator' retrieved from /home/airflow/.local/lib/python3.12/site-packages/airflow/example_dags/example_subdag_operator.py
[2025-03-23T14:59:21.885+0000] {logging_mixin.py:190} INFO - [2025-03-23T14:59:21.885+0000] {dag.py:3239} INFO - Sync 3 DAGs
[2025-03-23T14:59:21.905+0000] {logging_mixin.py:190} INFO - [2025-03-23T14:59:21.905+0000] {dag.py:4180} INFO - Setting next_dagrun for example_subdag_operator to 2022-01-01 00:00:00+00:00, run_after=2022-01-01 00:00:00+00:00
[2025-03-23T14:59:21.908+0000] {logging_mixin.py:190} INFO - [2025-03-23T14:59:21.908+0000] {dag.py:4180} INFO - Setting next_dagrun for example_subdag_operator.section-1 to None, run_after=None
[2025-03-23T14:59:21.909+0000] {logging_mixin.py:190} INFO - [2025-03-23T14:59:21.909+0000] {dag.py:4180} INFO - Setting next_dagrun for example_subdag_operator.section-2 to None, run_after=None
[2025-03-23T14:59:21.914+0000] {logging_mixin.py:190} INFO - [2025-03-23T14:59:21.914+0000] {dag.py:3239} INFO - Sync 2 DAGs
[2025-03-23T14:59:21.918+0000] {logging_mixin.py:190} INFO - [2025-03-23T14:59:21.917+0000] {dag.py:4180} INFO - Setting next_dagrun for example_subdag_operator.section-1 to None, run_after=None
[2025-03-23T14:59:21.918+0000] {logging_mixin.py:190} INFO - [2025-03-23T14:59:21.918+0000] {dag.py:4180} INFO - Setting next_dagrun for example_subdag_operator.section-2 to None, run_after=None
[2025-03-23T14:59:21.925+0000] {processor.py:208} INFO - Processing /home/airflow/.local/lib/python3.12/site-packages/airflow/example_dags/example_subdag_operator.py took 0.086 seconds
[2025-03-23T14:59:52.462+0000] {processor.py:186} INFO - Started process (PID=312) to work on /home/airflow/.local/lib/python3.12/site-packages/airflow/example_dags/example_subdag_operator.py
[2025-03-23T14:59:52.463+0000] {processor.py:914} INFO - Processing file /home/airflow/.local/lib/python3.12/site-packages/airflow/example_dags/example_subdag_operator.py for tasks to queue
[2025-03-23T14:59:52.465+0000] {logging_mixin.py:190} INFO - [2025-03-23T14:59:52.465+0000] {dagbag.py:588} INFO - Filling up the DagBag from /home/airflow/.local/lib/python3.12/site-packages/airflow/example_dags/example_subdag_operator.py
[2025-03-23T14:59:52.488+0000] {processor.py:925} INFO - DAG(s) 'example_subdag_operator.section-1', 'example_subdag_operator.section-2', 'example_subdag_operator' retrieved from /home/airflow/.local/lib/python3.12/site-packages/airflow/example_dags/example_subdag_operator.py
[2025-03-23T14:59:52.501+0000] {logging_mixin.py:190} INFO - [2025-03-23T14:59:52.501+0000] {dag.py:3239} INFO - Sync 3 DAGs
[2025-03-23T14:59:52.521+0000] {logging_mixin.py:190} INFO - [2025-03-23T14:59:52.521+0000] {dag.py:4180} INFO - Setting next_dagrun for example_subdag_operator to 2022-01-01 00:00:00+00:00, run_after=2022-01-01 00:00:00+00:00
[2025-03-23T14:59:52.525+0000] {logging_mixin.py:190} INFO - [2025-03-23T14:59:52.525+0000] {dag.py:4180} INFO - Setting next_dagrun for example_subdag_operator.section-1 to None, run_after=None
[2025-03-23T14:59:52.526+0000] {logging_mixin.py:190} INFO - [2025-03-23T14:59:52.526+0000] {dag.py:4180} INFO - Setting next_dagrun for example_subdag_operator.section-2 to None, run_after=None
[2025-03-23T14:59:52.531+0000] {logging_mixin.py:190} INFO - [2025-03-23T14:59:52.531+0000] {dag.py:3239} INFO - Sync 2 DAGs
[2025-03-23T14:59:52.536+0000] {logging_mixin.py:190} INFO - [2025-03-23T14:59:52.536+0000] {dag.py:4180} INFO - Setting next_dagrun for example_subdag_operator.section-1 to None, run_after=None
[2025-03-23T14:59:52.536+0000] {logging_mixin.py:190} INFO - [2025-03-23T14:59:52.536+0000] {dag.py:4180} INFO - Setting next_dagrun for example_subdag_operator.section-2 to None, run_after=None
[2025-03-23T14:59:52.544+0000] {processor.py:208} INFO - Processing /home/airflow/.local/lib/python3.12/site-packages/airflow/example_dags/example_subdag_operator.py took 0.088 seconds
[2025-03-23T15:00:23.746+0000] {processor.py:186} INFO - Started process (PID=375) to work on /home/airflow/.local/lib/python3.12/site-packages/airflow/example_dags/example_subdag_operator.py
[2025-03-23T15:00:23.748+0000] {processor.py:914} INFO - Processing file /home/airflow/.local/lib/python3.12/site-packages/airflow/example_dags/example_subdag_operator.py for tasks to queue
[2025-03-23T15:00:23.750+0000] {logging_mixin.py:190} INFO - [2025-03-23T15:00:23.749+0000] {dagbag.py:588} INFO - Filling up the DagBag from /home/airflow/.local/lib/python3.12/site-packages/airflow/example_dags/example_subdag_operator.py
[2025-03-23T15:00:23.772+0000] {processor.py:925} INFO - DAG(s) 'example_subdag_operator.section-1', 'example_subdag_operator.section-2', 'example_subdag_operator' retrieved from /home/airflow/.local/lib/python3.12/site-packages/airflow/example_dags/example_subdag_operator.py
[2025-03-23T15:00:23.786+0000] {logging_mixin.py:190} INFO - [2025-03-23T15:00:23.785+0000] {dag.py:3239} INFO - Sync 3 DAGs
[2025-03-23T15:00:23.806+0000] {logging_mixin.py:190} INFO - [2025-03-23T15:00:23.805+0000] {dag.py:4180} INFO - Setting next_dagrun for example_subdag_operator to 2022-01-01 00:00:00+00:00, run_after=2022-01-01 00:00:00+00:00
[2025-03-23T15:00:23.809+0000] {logging_mixin.py:190} INFO - [2025-03-23T15:00:23.808+0000] {dag.py:4180} INFO - Setting next_dagrun for example_subdag_operator.section-1 to None, run_after=None
[2025-03-23T15:00:23.810+0000] {logging_mixin.py:190} INFO - [2025-03-23T15:00:23.809+0000] {dag.py:4180} INFO - Setting next_dagrun for example_subdag_operator.section-2 to None, run_after=None
[2025-03-23T15:00:23.815+0000] {logging_mixin.py:190} INFO - [2025-03-23T15:00:23.815+0000] {dag.py:3239} INFO - Sync 2 DAGs
[2025-03-23T15:00:23.819+0000] {logging_mixin.py:190} INFO - [2025-03-23T15:00:23.819+0000] {dag.py:4180} INFO - Setting next_dagrun for example_subdag_operator.section-1 to None, run_after=None
[2025-03-23T15:00:23.819+0000] {logging_mixin.py:190} INFO - [2025-03-23T15:00:23.819+0000] {dag.py:4180} INFO - Setting next_dagrun for example_subdag_operator.section-2 to None, run_after=None
[2025-03-23T15:00:23.827+0000] {processor.py:208} INFO - Processing /home/airflow/.local/lib/python3.12/site-packages/airflow/example_dags/example_subdag_operator.py took 0.086 seconds
