[2025-03-23T14:58:14.159+0000] {processor.py:186} INFO - Started process (PID=82) to work on /home/airflow/.local/lib/python3.12/site-packages/airflow/example_dags/example_branch_datetime_operator.py
[2025-03-23T14:58:14.160+0000] {processor.py:914} INFO - Processing file /home/airflow/.local/lib/python3.12/site-packages/airflow/example_dags/example_branch_datetime_operator.py for tasks to queue
[2025-03-23T14:58:14.162+0000] {logging_mixin.py:190} INFO - [2025-03-23T14:58:14.162+0000] {dagbag.py:588} INFO - Filling up the DagBag from /home/airflow/.local/lib/python3.12/site-packages/airflow/example_dags/example_branch_datetime_operator.py
[2025-03-23T14:58:14.174+0000] {processor.py:925} INFO - DAG(s) 'example_branch_datetime_operator', 'example_branch_datetime_operator_2', 'example_branch_datetime_operator_3' retrieved from /home/airflow/.local/lib/python3.12/site-packages/airflow/example_dags/example_branch_datetime_operator.py
[2025-03-23T14:58:14.276+0000] {logging_mixin.py:190} INFO - [2025-03-23T14:58:14.275+0000] {override.py:1912} INFO - Created Permission View: can read on DAG:example_branch_datetime_operator
[2025-03-23T14:58:14.283+0000] {logging_mixin.py:190} INFO - [2025-03-23T14:58:14.283+0000] {override.py:1912} INFO - Created Permission View: can edit on DAG:example_branch_datetime_operator
[2025-03-23T14:58:14.288+0000] {logging_mixin.py:190} INFO - [2025-03-23T14:58:14.288+0000] {override.py:1912} INFO - Created Permission View: can delete on DAG:example_branch_datetime_operator
[2025-03-23T14:58:14.293+0000] {logging_mixin.py:190} INFO - [2025-03-23T14:58:14.293+0000] {override.py:1912} INFO - Created Permission View: can read on DAG Run:example_branch_datetime_operator
[2025-03-23T14:58:14.298+0000] {logging_mixin.py:190} INFO - [2025-03-23T14:58:14.297+0000] {override.py:1912} INFO - Created Permission View: can delete on DAG Run:example_branch_datetime_operator
[2025-03-23T14:58:14.303+0000] {logging_mixin.py:190} INFO - [2025-03-23T14:58:14.302+0000] {override.py:1912} INFO - Created Permission View: menu access on DAG Run:example_branch_datetime_operator
[2025-03-23T14:58:14.308+0000] {logging_mixin.py:190} INFO - [2025-03-23T14:58:14.307+0000] {override.py:1912} INFO - Created Permission View: can create on DAG Run:example_branch_datetime_operator
[2025-03-23T14:58:14.318+0000] {logging_mixin.py:190} INFO - [2025-03-23T14:58:14.318+0000] {override.py:1912} INFO - Created Permission View: can read on DAG:example_branch_datetime_operator_2
[2025-03-23T14:58:14.323+0000] {logging_mixin.py:190} INFO - [2025-03-23T14:58:14.322+0000] {override.py:1912} INFO - Created Permission View: can edit on DAG:example_branch_datetime_operator_2
[2025-03-23T14:58:14.328+0000] {logging_mixin.py:190} INFO - [2025-03-23T14:58:14.328+0000] {override.py:1912} INFO - Created Permission View: can delete on DAG:example_branch_datetime_operator_2
[2025-03-23T14:58:14.334+0000] {logging_mixin.py:190} INFO - [2025-03-23T14:58:14.334+0000] {override.py:1912} INFO - Created Permission View: can read on DAG Run:example_branch_datetime_operator_2
[2025-03-23T14:58:14.340+0000] {logging_mixin.py:190} INFO - [2025-03-23T14:58:14.340+0000] {override.py:1912} INFO - Created Permission View: can delete on DAG Run:example_branch_datetime_operator_2
[2025-03-23T14:58:14.346+0000] {logging_mixin.py:190} INFO - [2025-03-23T14:58:14.345+0000] {override.py:1912} INFO - Created Permission View: menu access on DAG Run:example_branch_datetime_operator_2
[2025-03-23T14:58:14.350+0000] {logging_mixin.py:190} INFO - [2025-03-23T14:58:14.350+0000] {override.py:1912} INFO - Created Permission View: can create on DAG Run:example_branch_datetime_operator_2
[2025-03-23T14:58:14.360+0000] {logging_mixin.py:190} INFO - [2025-03-23T14:58:14.360+0000] {override.py:1912} INFO - Created Permission View: can read on DAG:example_branch_datetime_operator_3
[2025-03-23T14:58:14.366+0000] {logging_mixin.py:190} INFO - [2025-03-23T14:58:14.366+0000] {override.py:1912} INFO - Created Permission View: can edit on DAG:example_branch_datetime_operator_3
[2025-03-23T14:58:14.371+0000] {logging_mixin.py:190} INFO - [2025-03-23T14:58:14.371+0000] {override.py:1912} INFO - Created Permission View: can delete on DAG:example_branch_datetime_operator_3
[2025-03-23T14:58:14.376+0000] {logging_mixin.py:190} INFO - [2025-03-23T14:58:14.376+0000] {override.py:1912} INFO - Created Permission View: can read on DAG Run:example_branch_datetime_operator_3
[2025-03-23T14:58:14.381+0000] {logging_mixin.py:190} INFO - [2025-03-23T14:58:14.381+0000] {override.py:1912} INFO - Created Permission View: can delete on DAG Run:example_branch_datetime_operator_3
[2025-03-23T14:58:14.386+0000] {logging_mixin.py:190} INFO - [2025-03-23T14:58:14.386+0000] {override.py:1912} INFO - Created Permission View: menu access on DAG Run:example_branch_datetime_operator_3
[2025-03-23T14:58:14.393+0000] {logging_mixin.py:190} INFO - [2025-03-23T14:58:14.392+0000] {override.py:1912} INFO - Created Permission View: can create on DAG Run:example_branch_datetime_operator_3
[2025-03-23T14:58:14.393+0000] {logging_mixin.py:190} INFO - [2025-03-23T14:58:14.393+0000] {dag.py:3239} INFO - Sync 3 DAGs
[2025-03-23T14:58:14.406+0000] {logging_mixin.py:190} INFO - [2025-03-23T14:58:14.406+0000] {dag.py:3262} INFO - Creating ORM DAG for example_branch_datetime_operator_3
[2025-03-23T14:58:14.406+0000] {logging_mixin.py:190} INFO - [2025-03-23T14:58:14.406+0000] {dag.py:3262} INFO - Creating ORM DAG for example_branch_datetime_operator_2
[2025-03-23T14:58:14.407+0000] {logging_mixin.py:190} INFO - [2025-03-23T14:58:14.407+0000] {dag.py:3262} INFO - Creating ORM DAG for example_branch_datetime_operator
[2025-03-23T14:58:14.417+0000] {logging_mixin.py:190} INFO - [2025-03-23T14:58:14.417+0000] {dag.py:4180} INFO - Setting next_dagrun for example_branch_datetime_operator to 2025-03-22 00:00:00+00:00, run_after=2025-03-23 00:00:00+00:00
[2025-03-23T14:58:14.419+0000] {logging_mixin.py:190} INFO - [2025-03-23T14:58:14.418+0000] {dag.py:4180} INFO - Setting next_dagrun for example_branch_datetime_operator_2 to 2025-03-22 00:00:00+00:00, run_after=2025-03-23 00:00:00+00:00
[2025-03-23T14:58:14.420+0000] {logging_mixin.py:190} INFO - [2025-03-23T14:58:14.420+0000] {dag.py:4180} INFO - Setting next_dagrun for example_branch_datetime_operator_3 to 2025-03-22 00:00:00+00:00, run_after=2025-03-23 00:00:00+00:00
[2025-03-23T14:58:14.434+0000] {processor.py:208} INFO - Processing /home/airflow/.local/lib/python3.12/site-packages/airflow/example_dags/example_branch_datetime_operator.py took 0.280 seconds
[2025-03-23T14:58:45.011+0000] {processor.py:186} INFO - Started process (PID=145) to work on /home/airflow/.local/lib/python3.12/site-packages/airflow/example_dags/example_branch_datetime_operator.py
[2025-03-23T14:58:45.012+0000] {processor.py:914} INFO - Processing file /home/airflow/.local/lib/python3.12/site-packages/airflow/example_dags/example_branch_datetime_operator.py for tasks to queue
[2025-03-23T14:58:45.013+0000] {logging_mixin.py:190} INFO - [2025-03-23T14:58:45.013+0000] {dagbag.py:588} INFO - Filling up the DagBag from /home/airflow/.local/lib/python3.12/site-packages/airflow/example_dags/example_branch_datetime_operator.py
[2025-03-23T14:58:45.044+0000] {processor.py:925} INFO - DAG(s) 'example_branch_datetime_operator_2', 'example_branch_datetime_operator_3', 'example_branch_datetime_operator' retrieved from /home/airflow/.local/lib/python3.12/site-packages/airflow/example_dags/example_branch_datetime_operator.py
[2025-03-23T14:58:45.067+0000] {logging_mixin.py:190} INFO - [2025-03-23T14:58:45.067+0000] {dag.py:3239} INFO - Sync 3 DAGs
[2025-03-23T14:58:45.087+0000] {logging_mixin.py:190} INFO - [2025-03-23T14:58:45.087+0000] {dag.py:4180} INFO - Setting next_dagrun for example_branch_datetime_operator to 2025-03-22 00:00:00+00:00, run_after=2025-03-23 00:00:00+00:00
[2025-03-23T14:58:45.091+0000] {logging_mixin.py:190} INFO - [2025-03-23T14:58:45.091+0000] {dag.py:4180} INFO - Setting next_dagrun for example_branch_datetime_operator_2 to 2025-03-22 00:00:00+00:00, run_after=2025-03-23 00:00:00+00:00
[2025-03-23T14:58:45.093+0000] {logging_mixin.py:190} INFO - [2025-03-23T14:58:45.093+0000] {dag.py:4180} INFO - Setting next_dagrun for example_branch_datetime_operator_3 to 2025-03-22 00:00:00+00:00, run_after=2025-03-23 00:00:00+00:00
[2025-03-23T14:58:45.105+0000] {processor.py:208} INFO - Processing /home/airflow/.local/lib/python3.12/site-packages/airflow/example_dags/example_branch_datetime_operator.py took 0.100 seconds
[2025-03-23T14:59:15.630+0000] {processor.py:186} INFO - Started process (PID=214) to work on /home/airflow/.local/lib/python3.12/site-packages/airflow/example_dags/example_branch_datetime_operator.py
[2025-03-23T14:59:15.631+0000] {processor.py:914} INFO - Processing file /home/airflow/.local/lib/python3.12/site-packages/airflow/example_dags/example_branch_datetime_operator.py for tasks to queue
[2025-03-23T14:59:15.633+0000] {logging_mixin.py:190} INFO - [2025-03-23T14:59:15.633+0000] {dagbag.py:588} INFO - Filling up the DagBag from /home/airflow/.local/lib/python3.12/site-packages/airflow/example_dags/example_branch_datetime_operator.py
[2025-03-23T14:59:15.645+0000] {processor.py:925} INFO - DAG(s) 'example_branch_datetime_operator_3', 'example_branch_datetime_operator', 'example_branch_datetime_operator_2' retrieved from /home/airflow/.local/lib/python3.12/site-packages/airflow/example_dags/example_branch_datetime_operator.py
[2025-03-23T14:59:15.668+0000] {logging_mixin.py:190} INFO - [2025-03-23T14:59:15.668+0000] {dag.py:3239} INFO - Sync 3 DAGs
[2025-03-23T14:59:15.689+0000] {logging_mixin.py:190} INFO - [2025-03-23T14:59:15.689+0000] {dag.py:4180} INFO - Setting next_dagrun for example_branch_datetime_operator to 2025-03-22 00:00:00+00:00, run_after=2025-03-23 00:00:00+00:00
[2025-03-23T14:59:15.693+0000] {logging_mixin.py:190} INFO - [2025-03-23T14:59:15.693+0000] {dag.py:4180} INFO - Setting next_dagrun for example_branch_datetime_operator_2 to 2025-03-22 00:00:00+00:00, run_after=2025-03-23 00:00:00+00:00
[2025-03-23T14:59:15.695+0000] {logging_mixin.py:190} INFO - [2025-03-23T14:59:15.694+0000] {dag.py:4180} INFO - Setting next_dagrun for example_branch_datetime_operator_3 to 2025-03-22 00:00:00+00:00, run_after=2025-03-23 00:00:00+00:00
[2025-03-23T14:59:15.706+0000] {processor.py:208} INFO - Processing /home/airflow/.local/lib/python3.12/site-packages/airflow/example_dags/example_branch_datetime_operator.py took 0.081 seconds
[2025-03-23T14:59:46.022+0000] {processor.py:186} INFO - Started process (PID=277) to work on /home/airflow/.local/lib/python3.12/site-packages/airflow/example_dags/example_branch_datetime_operator.py
[2025-03-23T14:59:46.023+0000] {processor.py:914} INFO - Processing file /home/airflow/.local/lib/python3.12/site-packages/airflow/example_dags/example_branch_datetime_operator.py for tasks to queue
[2025-03-23T14:59:46.024+0000] {logging_mixin.py:190} INFO - [2025-03-23T14:59:46.024+0000] {dagbag.py:588} INFO - Filling up the DagBag from /home/airflow/.local/lib/python3.12/site-packages/airflow/example_dags/example_branch_datetime_operator.py
[2025-03-23T14:59:46.035+0000] {processor.py:925} INFO - DAG(s) 'example_branch_datetime_operator_3', 'example_branch_datetime_operator_2', 'example_branch_datetime_operator' retrieved from /home/airflow/.local/lib/python3.12/site-packages/airflow/example_dags/example_branch_datetime_operator.py
[2025-03-23T14:59:46.058+0000] {logging_mixin.py:190} INFO - [2025-03-23T14:59:46.057+0000] {dag.py:3239} INFO - Sync 3 DAGs
[2025-03-23T14:59:46.078+0000] {logging_mixin.py:190} INFO - [2025-03-23T14:59:46.078+0000] {dag.py:4180} INFO - Setting next_dagrun for example_branch_datetime_operator to 2025-03-22 00:00:00+00:00, run_after=2025-03-23 00:00:00+00:00
[2025-03-23T14:59:46.082+0000] {logging_mixin.py:190} INFO - [2025-03-23T14:59:46.082+0000] {dag.py:4180} INFO - Setting next_dagrun for example_branch_datetime_operator_2 to 2025-03-22 00:00:00+00:00, run_after=2025-03-23 00:00:00+00:00
[2025-03-23T14:59:46.084+0000] {logging_mixin.py:190} INFO - [2025-03-23T14:59:46.084+0000] {dag.py:4180} INFO - Setting next_dagrun for example_branch_datetime_operator_3 to 2025-03-22 00:00:00+00:00, run_after=2025-03-23 00:00:00+00:00
[2025-03-23T14:59:46.096+0000] {processor.py:208} INFO - Processing /home/airflow/.local/lib/python3.12/site-packages/airflow/example_dags/example_branch_datetime_operator.py took 0.080 seconds
[2025-03-23T15:00:16.575+0000] {processor.py:186} INFO - Started process (PID=340) to work on /home/airflow/.local/lib/python3.12/site-packages/airflow/example_dags/example_branch_datetime_operator.py
[2025-03-23T15:00:16.576+0000] {processor.py:914} INFO - Processing file /home/airflow/.local/lib/python3.12/site-packages/airflow/example_dags/example_branch_datetime_operator.py for tasks to queue
[2025-03-23T15:00:16.578+0000] {logging_mixin.py:190} INFO - [2025-03-23T15:00:16.578+0000] {dagbag.py:588} INFO - Filling up the DagBag from /home/airflow/.local/lib/python3.12/site-packages/airflow/example_dags/example_branch_datetime_operator.py
[2025-03-23T15:00:16.589+0000] {processor.py:925} INFO - DAG(s) 'example_branch_datetime_operator', 'example_branch_datetime_operator_2', 'example_branch_datetime_operator_3' retrieved from /home/airflow/.local/lib/python3.12/site-packages/airflow/example_dags/example_branch_datetime_operator.py
[2025-03-23T15:00:16.611+0000] {logging_mixin.py:190} INFO - [2025-03-23T15:00:16.611+0000] {dag.py:3239} INFO - Sync 3 DAGs
[2025-03-23T15:00:16.631+0000] {logging_mixin.py:190} INFO - [2025-03-23T15:00:16.631+0000] {dag.py:4180} INFO - Setting next_dagrun for example_branch_datetime_operator to 2025-03-22 00:00:00+00:00, run_after=2025-03-23 00:00:00+00:00
[2025-03-23T15:00:16.635+0000] {logging_mixin.py:190} INFO - [2025-03-23T15:00:16.635+0000] {dag.py:4180} INFO - Setting next_dagrun for example_branch_datetime_operator_2 to 2025-03-22 00:00:00+00:00, run_after=2025-03-23 00:00:00+00:00
[2025-03-23T15:00:16.637+0000] {logging_mixin.py:190} INFO - [2025-03-23T15:00:16.637+0000] {dag.py:4180} INFO - Setting next_dagrun for example_branch_datetime_operator_3 to 2025-03-22 00:00:00+00:00, run_after=2025-03-23 00:00:00+00:00
[2025-03-23T15:00:16.649+0000] {processor.py:208} INFO - Processing /home/airflow/.local/lib/python3.12/site-packages/airflow/example_dags/example_branch_datetime_operator.py took 0.078 seconds
