[2025-03-23T14:58:21.199+0000] {processor.py:186} INFO - Started process (PID=127) to work on /home/airflow/.local/lib/python3.12/site-packages/airflow/example_dags/example_trigger_controller_dag.py
[2025-03-23T14:58:21.199+0000] {processor.py:914} INFO - Processing file /home/airflow/.local/lib/python3.12/site-packages/airflow/example_dags/example_trigger_controller_dag.py for tasks to queue
[2025-03-23T14:58:21.201+0000] {logging_mixin.py:190} INFO - [2025-03-23T14:58:21.201+0000] {dagbag.py:588} INFO - Filling up the DagBag from /home/airflow/.local/lib/python3.12/site-packages/airflow/example_dags/example_trigger_controller_dag.py
[2025-03-23T14:58:21.209+0000] {processor.py:925} INFO - DAG(s) 'example_trigger_controller_dag' retrieved from /home/airflow/.local/lib/python3.12/site-packages/airflow/example_dags/example_trigger_controller_dag.py
[2025-03-23T14:58:21.301+0000] {logging_mixin.py:190} INFO - [2025-03-23T14:58:21.300+0000] {override.py:1912} INFO - Created Permission View: can read on DAG:example_trigger_controller_dag
[2025-03-23T14:58:21.308+0000] {logging_mixin.py:190} INFO - [2025-03-23T14:58:21.308+0000] {override.py:1912} INFO - Created Permission View: can edit on DAG:example_trigger_controller_dag
[2025-03-23T14:58:21.313+0000] {logging_mixin.py:190} INFO - [2025-03-23T14:58:21.312+0000] {override.py:1912} INFO - Created Permission View: can delete on DAG:example_trigger_controller_dag
[2025-03-23T14:58:21.317+0000] {logging_mixin.py:190} INFO - [2025-03-23T14:58:21.317+0000] {override.py:1912} INFO - Created Permission View: can read on DAG Run:example_trigger_controller_dag
[2025-03-23T14:58:21.321+0000] {logging_mixin.py:190} INFO - [2025-03-23T14:58:21.321+0000] {override.py:1912} INFO - Created Permission View: can delete on DAG Run:example_trigger_controller_dag
[2025-03-23T14:58:21.325+0000] {logging_mixin.py:190} INFO - [2025-03-23T14:58:21.325+0000] {override.py:1912} INFO - Created Permission View: menu access on DAG Run:example_trigger_controller_dag
[2025-03-23T14:58:21.329+0000] {logging_mixin.py:190} INFO - [2025-03-23T14:58:21.329+0000] {override.py:1912} INFO - Created Permission View: can create on DAG Run:example_trigger_controller_dag
[2025-03-23T14:58:21.330+0000] {logging_mixin.py:190} INFO - [2025-03-23T14:58:21.330+0000] {dag.py:3239} INFO - Sync 1 DAGs
[2025-03-23T14:58:21.340+0000] {logging_mixin.py:190} INFO - [2025-03-23T14:58:21.340+0000] {dag.py:3262} INFO - Creating ORM DAG for example_trigger_controller_dag
[2025-03-23T14:58:21.347+0000] {logging_mixin.py:190} INFO - [2025-03-23T14:58:21.347+0000] {dag.py:4180} INFO - Setting next_dagrun for example_trigger_controller_dag to 2021-01-01 00:00:00+00:00, run_after=2021-01-01 00:00:00+00:00
[2025-03-23T14:58:21.358+0000] {processor.py:208} INFO - Processing /home/airflow/.local/lib/python3.12/site-packages/airflow/example_dags/example_trigger_controller_dag.py took 0.166 seconds
[2025-03-23T14:58:51.668+0000] {processor.py:186} INFO - Started process (PID=190) to work on /home/airflow/.local/lib/python3.12/site-packages/airflow/example_dags/example_trigger_controller_dag.py
[2025-03-23T14:58:51.669+0000] {processor.py:914} INFO - Processing file /home/airflow/.local/lib/python3.12/site-packages/airflow/example_dags/example_trigger_controller_dag.py for tasks to queue
[2025-03-23T14:58:51.671+0000] {logging_mixin.py:190} INFO - [2025-03-23T14:58:51.671+0000] {dagbag.py:588} INFO - Filling up the DagBag from /home/airflow/.local/lib/python3.12/site-packages/airflow/example_dags/example_trigger_controller_dag.py
[2025-03-23T14:58:51.677+0000] {processor.py:925} INFO - DAG(s) 'example_trigger_controller_dag' retrieved from /home/airflow/.local/lib/python3.12/site-packages/airflow/example_dags/example_trigger_controller_dag.py
[2025-03-23T14:58:51.693+0000] {logging_mixin.py:190} INFO - [2025-03-23T14:58:51.693+0000] {dag.py:3239} INFO - Sync 1 DAGs
[2025-03-23T14:58:51.713+0000] {logging_mixin.py:190} INFO - [2025-03-23T14:58:51.712+0000] {dag.py:4180} INFO - Setting next_dagrun for example_trigger_controller_dag to 2021-01-01 00:00:00+00:00, run_after=2021-01-01 00:00:00+00:00
[2025-03-23T14:58:51.726+0000] {processor.py:208} INFO - Processing /home/airflow/.local/lib/python3.12/site-packages/airflow/example_dags/example_trigger_controller_dag.py took 0.064 seconds
[2025-03-23T14:59:22.056+0000] {processor.py:186} INFO - Started process (PID=253) to work on /home/airflow/.local/lib/python3.12/site-packages/airflow/example_dags/example_trigger_controller_dag.py
[2025-03-23T14:59:22.057+0000] {processor.py:914} INFO - Processing file /home/airflow/.local/lib/python3.12/site-packages/airflow/example_dags/example_trigger_controller_dag.py for tasks to queue
[2025-03-23T14:59:22.059+0000] {logging_mixin.py:190} INFO - [2025-03-23T14:59:22.059+0000] {dagbag.py:588} INFO - Filling up the DagBag from /home/airflow/.local/lib/python3.12/site-packages/airflow/example_dags/example_trigger_controller_dag.py
[2025-03-23T14:59:22.065+0000] {processor.py:925} INFO - DAG(s) 'example_trigger_controller_dag' retrieved from /home/airflow/.local/lib/python3.12/site-packages/airflow/example_dags/example_trigger_controller_dag.py
[2025-03-23T14:59:22.083+0000] {logging_mixin.py:190} INFO - [2025-03-23T14:59:22.082+0000] {dag.py:3239} INFO - Sync 1 DAGs
[2025-03-23T14:59:22.103+0000] {logging_mixin.py:190} INFO - [2025-03-23T14:59:22.103+0000] {dag.py:4180} INFO - Setting next_dagrun for example_trigger_controller_dag to 2021-01-01 00:00:00+00:00, run_after=2021-01-01 00:00:00+00:00
[2025-03-23T14:59:22.119+0000] {processor.py:208} INFO - Processing /home/airflow/.local/lib/python3.12/site-packages/airflow/example_dags/example_trigger_controller_dag.py took 0.069 seconds
[2025-03-23T14:59:52.680+0000] {processor.py:186} INFO - Started process (PID=316) to work on /home/airflow/.local/lib/python3.12/site-packages/airflow/example_dags/example_trigger_controller_dag.py
[2025-03-23T14:59:52.681+0000] {processor.py:914} INFO - Processing file /home/airflow/.local/lib/python3.12/site-packages/airflow/example_dags/example_trigger_controller_dag.py for tasks to queue
[2025-03-23T14:59:52.683+0000] {logging_mixin.py:190} INFO - [2025-03-23T14:59:52.683+0000] {dagbag.py:588} INFO - Filling up the DagBag from /home/airflow/.local/lib/python3.12/site-packages/airflow/example_dags/example_trigger_controller_dag.py
[2025-03-23T14:59:52.689+0000] {processor.py:925} INFO - DAG(s) 'example_trigger_controller_dag' retrieved from /home/airflow/.local/lib/python3.12/site-packages/airflow/example_dags/example_trigger_controller_dag.py
[2025-03-23T14:59:52.706+0000] {logging_mixin.py:190} INFO - [2025-03-23T14:59:52.706+0000] {dag.py:3239} INFO - Sync 1 DAGs
[2025-03-23T14:59:52.726+0000] {logging_mixin.py:190} INFO - [2025-03-23T14:59:52.726+0000] {dag.py:4180} INFO - Setting next_dagrun for example_trigger_controller_dag to 2021-01-01 00:00:00+00:00, run_after=2021-01-01 00:00:00+00:00
[2025-03-23T14:59:52.740+0000] {processor.py:208} INFO - Processing /home/airflow/.local/lib/python3.12/site-packages/airflow/example_dags/example_trigger_controller_dag.py took 0.066 seconds
[2025-03-23T15:00:23.957+0000] {processor.py:186} INFO - Started process (PID=379) to work on /home/airflow/.local/lib/python3.12/site-packages/airflow/example_dags/example_trigger_controller_dag.py
[2025-03-23T15:00:23.958+0000] {processor.py:914} INFO - Processing file /home/airflow/.local/lib/python3.12/site-packages/airflow/example_dags/example_trigger_controller_dag.py for tasks to queue
[2025-03-23T15:00:23.961+0000] {logging_mixin.py:190} INFO - [2025-03-23T15:00:23.961+0000] {dagbag.py:588} INFO - Filling up the DagBag from /home/airflow/.local/lib/python3.12/site-packages/airflow/example_dags/example_trigger_controller_dag.py
[2025-03-23T15:00:23.967+0000] {processor.py:925} INFO - DAG(s) 'example_trigger_controller_dag' retrieved from /home/airflow/.local/lib/python3.12/site-packages/airflow/example_dags/example_trigger_controller_dag.py
[2025-03-23T15:00:23.984+0000] {logging_mixin.py:190} INFO - [2025-03-23T15:00:23.984+0000] {dag.py:3239} INFO - Sync 1 DAGs
[2025-03-23T15:00:24.003+0000] {logging_mixin.py:190} INFO - [2025-03-23T15:00:24.003+0000] {dag.py:4180} INFO - Setting next_dagrun for example_trigger_controller_dag to 2021-01-01 00:00:00+00:00, run_after=2021-01-01 00:00:00+00:00
[2025-03-23T15:00:24.017+0000] {processor.py:208} INFO - Processing /home/airflow/.local/lib/python3.12/site-packages/airflow/example_dags/example_trigger_controller_dag.py took 0.065 seconds
