[2025-03-23T14:58:20.061+0000] {processor.py:186} INFO - Started process (PID=121) to work on /home/airflow/.local/lib/python3.12/site-packages/airflow/example_dags/example_skip_dag.py
[2025-03-23T14:58:20.062+0000] {processor.py:914} INFO - Processing file /home/airflow/.local/lib/python3.12/site-packages/airflow/example_dags/example_skip_dag.py for tasks to queue
[2025-03-23T14:58:20.064+0000] {logging_mixin.py:190} INFO - [2025-03-23T14:58:20.063+0000] {dagbag.py:588} INFO - Filling up the DagBag from /home/airflow/.local/lib/python3.12/site-packages/airflow/example_dags/example_skip_dag.py
[2025-03-23T14:58:20.072+0000] {processor.py:925} INFO - DAG(s) 'example_skip_dag' retrieved from /home/airflow/.local/lib/python3.12/site-packages/airflow/example_dags/example_skip_dag.py
[2025-03-23T14:58:20.168+0000] {logging_mixin.py:190} INFO - [2025-03-23T14:58:20.168+0000] {override.py:1912} INFO - Created Permission View: can read on DAG:example_skip_dag
[2025-03-23T14:58:20.175+0000] {logging_mixin.py:190} INFO - [2025-03-23T14:58:20.175+0000] {override.py:1912} INFO - Created Permission View: can edit on DAG:example_skip_dag
[2025-03-23T14:58:20.180+0000] {logging_mixin.py:190} INFO - [2025-03-23T14:58:20.180+0000] {override.py:1912} INFO - Created Permission View: can delete on DAG:example_skip_dag
[2025-03-23T14:58:20.185+0000] {logging_mixin.py:190} INFO - [2025-03-23T14:58:20.185+0000] {override.py:1912} INFO - Created Permission View: can read on DAG Run:example_skip_dag
[2025-03-23T14:58:20.189+0000] {logging_mixin.py:190} INFO - [2025-03-23T14:58:20.189+0000] {override.py:1912} INFO - Created Permission View: can delete on DAG Run:example_skip_dag
[2025-03-23T14:58:20.193+0000] {logging_mixin.py:190} INFO - [2025-03-23T14:58:20.193+0000] {override.py:1912} INFO - Created Permission View: menu access on DAG Run:example_skip_dag
[2025-03-23T14:58:20.198+0000] {logging_mixin.py:190} INFO - [2025-03-23T14:58:20.197+0000] {override.py:1912} INFO - Created Permission View: can create on DAG Run:example_skip_dag
[2025-03-23T14:58:20.198+0000] {logging_mixin.py:190} INFO - [2025-03-23T14:58:20.198+0000] {dag.py:3239} INFO - Sync 1 DAGs
[2025-03-23T14:58:20.209+0000] {logging_mixin.py:190} INFO - [2025-03-23T14:58:20.208+0000] {dag.py:3262} INFO - Creating ORM DAG for example_skip_dag
[2025-03-23T14:58:20.216+0000] {logging_mixin.py:190} INFO - [2025-03-23T14:58:20.216+0000] {dag.py:4180} INFO - Setting next_dagrun for example_skip_dag to 2025-03-22 00:00:00+00:00, run_after=2025-03-23 00:00:00+00:00
[2025-03-23T14:58:20.228+0000] {processor.py:208} INFO - Processing /home/airflow/.local/lib/python3.12/site-packages/airflow/example_dags/example_skip_dag.py took 0.173 seconds
[2025-03-23T14:58:50.383+0000] {processor.py:186} INFO - Started process (PID=184) to work on /home/airflow/.local/lib/python3.12/site-packages/airflow/example_dags/example_skip_dag.py
[2025-03-23T14:58:50.384+0000] {processor.py:914} INFO - Processing file /home/airflow/.local/lib/python3.12/site-packages/airflow/example_dags/example_skip_dag.py for tasks to queue
[2025-03-23T14:58:50.387+0000] {logging_mixin.py:190} INFO - [2025-03-23T14:58:50.386+0000] {dagbag.py:588} INFO - Filling up the DagBag from /home/airflow/.local/lib/python3.12/site-packages/airflow/example_dags/example_skip_dag.py
[2025-03-23T14:58:50.393+0000] {processor.py:925} INFO - DAG(s) 'example_skip_dag' retrieved from /home/airflow/.local/lib/python3.12/site-packages/airflow/example_dags/example_skip_dag.py
[2025-03-23T14:58:50.412+0000] {logging_mixin.py:190} INFO - [2025-03-23T14:58:50.412+0000] {dag.py:3239} INFO - Sync 1 DAGs
[2025-03-23T14:58:50.432+0000] {logging_mixin.py:190} INFO - [2025-03-23T14:58:50.432+0000] {dag.py:4180} INFO - Setting next_dagrun for example_skip_dag to 2025-03-22 00:00:00+00:00, run_after=2025-03-23 00:00:00+00:00
[2025-03-23T14:58:50.446+0000] {processor.py:208} INFO - Processing /home/airflow/.local/lib/python3.12/site-packages/airflow/example_dags/example_skip_dag.py took 0.067 seconds
[2025-03-23T14:59:21.745+0000] {processor.py:186} INFO - Started process (PID=247) to work on /home/airflow/.local/lib/python3.12/site-packages/airflow/example_dags/example_skip_dag.py
[2025-03-23T14:59:21.746+0000] {processor.py:914} INFO - Processing file /home/airflow/.local/lib/python3.12/site-packages/airflow/example_dags/example_skip_dag.py for tasks to queue
[2025-03-23T14:59:21.748+0000] {logging_mixin.py:190} INFO - [2025-03-23T14:59:21.748+0000] {dagbag.py:588} INFO - Filling up the DagBag from /home/airflow/.local/lib/python3.12/site-packages/airflow/example_dags/example_skip_dag.py
[2025-03-23T14:59:21.755+0000] {processor.py:925} INFO - DAG(s) 'example_skip_dag' retrieved from /home/airflow/.local/lib/python3.12/site-packages/airflow/example_dags/example_skip_dag.py
[2025-03-23T14:59:21.773+0000] {logging_mixin.py:190} INFO - [2025-03-23T14:59:21.773+0000] {dag.py:3239} INFO - Sync 1 DAGs
[2025-03-23T14:59:21.793+0000] {logging_mixin.py:190} INFO - [2025-03-23T14:59:21.793+0000] {dag.py:4180} INFO - Setting next_dagrun for example_skip_dag to 2025-03-22 00:00:00+00:00, run_after=2025-03-23 00:00:00+00:00
[2025-03-23T14:59:21.806+0000] {processor.py:208} INFO - Processing /home/airflow/.local/lib/python3.12/site-packages/airflow/example_dags/example_skip_dag.py took 0.066 seconds
[2025-03-23T14:59:52.363+0000] {processor.py:186} INFO - Started process (PID=310) to work on /home/airflow/.local/lib/python3.12/site-packages/airflow/example_dags/example_skip_dag.py
[2025-03-23T14:59:52.364+0000] {processor.py:914} INFO - Processing file /home/airflow/.local/lib/python3.12/site-packages/airflow/example_dags/example_skip_dag.py for tasks to queue
[2025-03-23T14:59:52.367+0000] {logging_mixin.py:190} INFO - [2025-03-23T14:59:52.367+0000] {dagbag.py:588} INFO - Filling up the DagBag from /home/airflow/.local/lib/python3.12/site-packages/airflow/example_dags/example_skip_dag.py
[2025-03-23T14:59:52.375+0000] {processor.py:925} INFO - DAG(s) 'example_skip_dag' retrieved from /home/airflow/.local/lib/python3.12/site-packages/airflow/example_dags/example_skip_dag.py
[2025-03-23T14:59:52.396+0000] {logging_mixin.py:190} INFO - [2025-03-23T14:59:52.396+0000] {dag.py:3239} INFO - Sync 1 DAGs
[2025-03-23T14:59:52.416+0000] {logging_mixin.py:190} INFO - [2025-03-23T14:59:52.416+0000] {dag.py:4180} INFO - Setting next_dagrun for example_skip_dag to 2025-03-22 00:00:00+00:00, run_after=2025-03-23 00:00:00+00:00
[2025-03-23T14:59:52.431+0000] {processor.py:208} INFO - Processing /home/airflow/.local/lib/python3.12/site-packages/airflow/example_dags/example_skip_dag.py took 0.073 seconds
[2025-03-23T15:00:23.619+0000] {processor.py:186} INFO - Started process (PID=373) to work on /home/airflow/.local/lib/python3.12/site-packages/airflow/example_dags/example_skip_dag.py
[2025-03-23T15:00:23.620+0000] {processor.py:914} INFO - Processing file /home/airflow/.local/lib/python3.12/site-packages/airflow/example_dags/example_skip_dag.py for tasks to queue
[2025-03-23T15:00:23.622+0000] {logging_mixin.py:190} INFO - [2025-03-23T15:00:23.622+0000] {dagbag.py:588} INFO - Filling up the DagBag from /home/airflow/.local/lib/python3.12/site-packages/airflow/example_dags/example_skip_dag.py
[2025-03-23T15:00:23.629+0000] {processor.py:925} INFO - DAG(s) 'example_skip_dag' retrieved from /home/airflow/.local/lib/python3.12/site-packages/airflow/example_dags/example_skip_dag.py
[2025-03-23T15:00:23.648+0000] {logging_mixin.py:190} INFO - [2025-03-23T15:00:23.648+0000] {dag.py:3239} INFO - Sync 1 DAGs
[2025-03-23T15:00:23.668+0000] {logging_mixin.py:190} INFO - [2025-03-23T15:00:23.667+0000] {dag.py:4180} INFO - Setting next_dagrun for example_skip_dag to 2025-03-22 00:00:00+00:00, run_after=2025-03-23 00:00:00+00:00
[2025-03-23T15:00:23.681+0000] {processor.py:208} INFO - Processing /home/airflow/.local/lib/python3.12/site-packages/airflow/example_dags/example_skip_dag.py took 0.068 seconds
