[2025-03-23T14:58:18.430+0000] {processor.py:186} INFO - Started process (PID=108) to work on /home/airflow/.local/lib/python3.12/site-packages/airflow/example_dags/example_nested_branch_dag.py
[2025-03-23T14:58:18.430+0000] {processor.py:914} INFO - Processing file /home/airflow/.local/lib/python3.12/site-packages/airflow/example_dags/example_nested_branch_dag.py for tasks to queue
[2025-03-23T14:58:18.432+0000] {logging_mixin.py:190} INFO - [2025-03-23T14:58:18.432+0000] {dagbag.py:588} INFO - Filling up the DagBag from /home/airflow/.local/lib/python3.12/site-packages/airflow/example_dags/example_nested_branch_dag.py
[2025-03-23T14:58:18.444+0000] {processor.py:925} INFO - DAG(s) 'example_nested_branch_dag' retrieved from /home/airflow/.local/lib/python3.12/site-packages/airflow/example_dags/example_nested_branch_dag.py
[2025-03-23T14:58:18.544+0000] {logging_mixin.py:190} INFO - [2025-03-23T14:58:18.544+0000] {override.py:1912} INFO - Created Permission View: can read on DAG:example_nested_branch_dag
[2025-03-23T14:58:18.551+0000] {logging_mixin.py:190} INFO - [2025-03-23T14:58:18.551+0000] {override.py:1912} INFO - Created Permission View: can edit on DAG:example_nested_branch_dag
[2025-03-23T14:58:18.555+0000] {logging_mixin.py:190} INFO - [2025-03-23T14:58:18.555+0000] {override.py:1912} INFO - Created Permission View: can delete on DAG:example_nested_branch_dag
[2025-03-23T14:58:18.561+0000] {logging_mixin.py:190} INFO - [2025-03-23T14:58:18.561+0000] {override.py:1912} INFO - Created Permission View: can read on DAG Run:example_nested_branch_dag
[2025-03-23T14:58:18.566+0000] {logging_mixin.py:190} INFO - [2025-03-23T14:58:18.566+0000] {override.py:1912} INFO - Created Permission View: can delete on DAG Run:example_nested_branch_dag
[2025-03-23T14:58:18.573+0000] {logging_mixin.py:190} INFO - [2025-03-23T14:58:18.573+0000] {override.py:1912} INFO - Created Permission View: menu access on DAG Run:example_nested_branch_dag
[2025-03-23T14:58:18.578+0000] {logging_mixin.py:190} INFO - [2025-03-23T14:58:18.578+0000] {override.py:1912} INFO - Created Permission View: can create on DAG Run:example_nested_branch_dag
[2025-03-23T14:58:18.578+0000] {logging_mixin.py:190} INFO - [2025-03-23T14:58:18.578+0000] {dag.py:3239} INFO - Sync 1 DAGs
[2025-03-23T14:58:18.589+0000] {logging_mixin.py:190} INFO - [2025-03-23T14:58:18.589+0000] {dag.py:3262} INFO - Creating ORM DAG for example_nested_branch_dag
[2025-03-23T14:58:18.597+0000] {logging_mixin.py:190} INFO - [2025-03-23T14:58:18.597+0000] {dag.py:4180} INFO - Setting next_dagrun for example_nested_branch_dag to 2025-03-22 00:00:00+00:00, run_after=2025-03-23 00:00:00+00:00
[2025-03-23T14:58:18.609+0000] {processor.py:208} INFO - Processing /home/airflow/.local/lib/python3.12/site-packages/airflow/example_dags/example_nested_branch_dag.py took 0.185 seconds
[2025-03-23T14:58:49.485+0000] {processor.py:186} INFO - Started process (PID=171) to work on /home/airflow/.local/lib/python3.12/site-packages/airflow/example_dags/example_nested_branch_dag.py
[2025-03-23T14:58:49.486+0000] {processor.py:914} INFO - Processing file /home/airflow/.local/lib/python3.12/site-packages/airflow/example_dags/example_nested_branch_dag.py for tasks to queue
[2025-03-23T14:58:49.488+0000] {logging_mixin.py:190} INFO - [2025-03-23T14:58:49.488+0000] {dagbag.py:588} INFO - Filling up the DagBag from /home/airflow/.local/lib/python3.12/site-packages/airflow/example_dags/example_nested_branch_dag.py
[2025-03-23T14:58:49.499+0000] {processor.py:925} INFO - DAG(s) 'example_nested_branch_dag' retrieved from /home/airflow/.local/lib/python3.12/site-packages/airflow/example_dags/example_nested_branch_dag.py
[2025-03-23T14:58:49.518+0000] {logging_mixin.py:190} INFO - [2025-03-23T14:58:49.518+0000] {dag.py:3239} INFO - Sync 1 DAGs
[2025-03-23T14:58:49.540+0000] {logging_mixin.py:190} INFO - [2025-03-23T14:58:49.540+0000] {dag.py:4180} INFO - Setting next_dagrun for example_nested_branch_dag to 2025-03-22 00:00:00+00:00, run_after=2025-03-23 00:00:00+00:00
[2025-03-23T14:58:49.554+0000] {processor.py:208} INFO - Processing /home/airflow/.local/lib/python3.12/site-packages/airflow/example_dags/example_nested_branch_dag.py took 0.074 seconds
[2025-03-23T14:59:20.750+0000] {processor.py:186} INFO - Started process (PID=234) to work on /home/airflow/.local/lib/python3.12/site-packages/airflow/example_dags/example_nested_branch_dag.py
[2025-03-23T14:59:20.751+0000] {processor.py:914} INFO - Processing file /home/airflow/.local/lib/python3.12/site-packages/airflow/example_dags/example_nested_branch_dag.py for tasks to queue
[2025-03-23T14:59:20.753+0000] {logging_mixin.py:190} INFO - [2025-03-23T14:59:20.753+0000] {dagbag.py:588} INFO - Filling up the DagBag from /home/airflow/.local/lib/python3.12/site-packages/airflow/example_dags/example_nested_branch_dag.py
[2025-03-23T14:59:20.764+0000] {processor.py:925} INFO - DAG(s) 'example_nested_branch_dag' retrieved from /home/airflow/.local/lib/python3.12/site-packages/airflow/example_dags/example_nested_branch_dag.py
[2025-03-23T14:59:20.783+0000] {logging_mixin.py:190} INFO - [2025-03-23T14:59:20.782+0000] {dag.py:3239} INFO - Sync 1 DAGs
[2025-03-23T14:59:20.802+0000] {logging_mixin.py:190} INFO - [2025-03-23T14:59:20.802+0000] {dag.py:4180} INFO - Setting next_dagrun for example_nested_branch_dag to 2025-03-22 00:00:00+00:00, run_after=2025-03-23 00:00:00+00:00
[2025-03-23T14:59:20.816+0000] {processor.py:208} INFO - Processing /home/airflow/.local/lib/python3.12/site-packages/airflow/example_dags/example_nested_branch_dag.py took 0.071 seconds
[2025-03-23T14:59:51.474+0000] {processor.py:186} INFO - Started process (PID=297) to work on /home/airflow/.local/lib/python3.12/site-packages/airflow/example_dags/example_nested_branch_dag.py
[2025-03-23T14:59:51.475+0000] {processor.py:914} INFO - Processing file /home/airflow/.local/lib/python3.12/site-packages/airflow/example_dags/example_nested_branch_dag.py for tasks to queue
[2025-03-23T14:59:51.478+0000] {logging_mixin.py:190} INFO - [2025-03-23T14:59:51.477+0000] {dagbag.py:588} INFO - Filling up the DagBag from /home/airflow/.local/lib/python3.12/site-packages/airflow/example_dags/example_nested_branch_dag.py
[2025-03-23T14:59:51.490+0000] {processor.py:925} INFO - DAG(s) 'example_nested_branch_dag' retrieved from /home/airflow/.local/lib/python3.12/site-packages/airflow/example_dags/example_nested_branch_dag.py
[2025-03-23T14:59:51.509+0000] {logging_mixin.py:190} INFO - [2025-03-23T14:59:51.509+0000] {dag.py:3239} INFO - Sync 1 DAGs
[2025-03-23T14:59:51.530+0000] {logging_mixin.py:190} INFO - [2025-03-23T14:59:51.530+0000] {dag.py:4180} INFO - Setting next_dagrun for example_nested_branch_dag to 2025-03-22 00:00:00+00:00, run_after=2025-03-23 00:00:00+00:00
[2025-03-23T14:59:51.544+0000] {processor.py:208} INFO - Processing /home/airflow/.local/lib/python3.12/site-packages/airflow/example_dags/example_nested_branch_dag.py took 0.077 seconds
[2025-03-23T15:00:22.751+0000] {processor.py:186} INFO - Started process (PID=360) to work on /home/airflow/.local/lib/python3.12/site-packages/airflow/example_dags/example_nested_branch_dag.py
[2025-03-23T15:00:22.752+0000] {processor.py:914} INFO - Processing file /home/airflow/.local/lib/python3.12/site-packages/airflow/example_dags/example_nested_branch_dag.py for tasks to queue
[2025-03-23T15:00:22.753+0000] {logging_mixin.py:190} INFO - [2025-03-23T15:00:22.753+0000] {dagbag.py:588} INFO - Filling up the DagBag from /home/airflow/.local/lib/python3.12/site-packages/airflow/example_dags/example_nested_branch_dag.py
[2025-03-23T15:00:22.764+0000] {processor.py:925} INFO - DAG(s) 'example_nested_branch_dag' retrieved from /home/airflow/.local/lib/python3.12/site-packages/airflow/example_dags/example_nested_branch_dag.py
[2025-03-23T15:00:22.782+0000] {logging_mixin.py:190} INFO - [2025-03-23T15:00:22.782+0000] {dag.py:3239} INFO - Sync 1 DAGs
[2025-03-23T15:00:22.802+0000] {logging_mixin.py:190} INFO - [2025-03-23T15:00:22.802+0000] {dag.py:4180} INFO - Setting next_dagrun for example_nested_branch_dag to 2025-03-22 00:00:00+00:00, run_after=2025-03-23 00:00:00+00:00
[2025-03-23T15:00:22.815+0000] {processor.py:208} INFO - Processing /home/airflow/.local/lib/python3.12/site-packages/airflow/example_dags/example_nested_branch_dag.py took 0.070 seconds
