[2025-03-23T14:58:15.503+0000] {processor.py:186} INFO - Started process (PID=97) to work on /home/airflow/.local/lib/python3.12/site-packages/airflow/example_dags/example_dataset_alias_with_no_taskflow.py
[2025-03-23T14:58:15.504+0000] {processor.py:914} INFO - Processing file /home/airflow/.local/lib/python3.12/site-packages/airflow/example_dags/example_dataset_alias_with_no_taskflow.py for tasks to queue
[2025-03-23T14:58:15.505+0000] {logging_mixin.py:190} INFO - [2025-03-23T14:58:15.505+0000] {dagbag.py:588} INFO - Filling up the DagBag from /home/airflow/.local/lib/python3.12/site-packages/airflow/example_dags/example_dataset_alias_with_no_taskflow.py
[2025-03-23T14:58:16.485+0000] {processor.py:925} INFO - DAG(s) 'dataset_alias_example_alias_consumer_with_no_taskflow', 'dataset_s3_bucket_producer_with_no_taskflow', 'dataset_alias_example_alias_producer_with_no_taskflow', 'dataset_s3_bucket_consumer_with_no_taskflow' retrieved from /home/airflow/.local/lib/python3.12/site-packages/airflow/example_dags/example_dataset_alias_with_no_taskflow.py
[2025-03-23T14:58:16.571+0000] {logging_mixin.py:190} INFO - [2025-03-23T14:58:16.570+0000] {override.py:1912} INFO - Created Permission View: can read on DAG:dataset_alias_example_alias_consumer_with_no_taskflow
[2025-03-23T14:58:16.579+0000] {logging_mixin.py:190} INFO - [2025-03-23T14:58:16.578+0000] {override.py:1912} INFO - Created Permission View: can edit on DAG:dataset_alias_example_alias_consumer_with_no_taskflow
[2025-03-23T14:58:16.583+0000] {logging_mixin.py:190} INFO - [2025-03-23T14:58:16.583+0000] {override.py:1912} INFO - Created Permission View: can delete on DAG:dataset_alias_example_alias_consumer_with_no_taskflow
[2025-03-23T14:58:16.588+0000] {logging_mixin.py:190} INFO - [2025-03-23T14:58:16.588+0000] {override.py:1912} INFO - Created Permission View: can read on DAG Run:dataset_alias_example_alias_consumer_with_no_taskflow
[2025-03-23T14:58:16.593+0000] {logging_mixin.py:190} INFO - [2025-03-23T14:58:16.593+0000] {override.py:1912} INFO - Created Permission View: can delete on DAG Run:dataset_alias_example_alias_consumer_with_no_taskflow
[2025-03-23T14:58:16.598+0000] {logging_mixin.py:190} INFO - [2025-03-23T14:58:16.597+0000] {override.py:1912} INFO - Created Permission View: menu access on DAG Run:dataset_alias_example_alias_consumer_with_no_taskflow
[2025-03-23T14:58:16.602+0000] {logging_mixin.py:190} INFO - [2025-03-23T14:58:16.602+0000] {override.py:1912} INFO - Created Permission View: can create on DAG Run:dataset_alias_example_alias_consumer_with_no_taskflow
[2025-03-23T14:58:16.612+0000] {logging_mixin.py:190} INFO - [2025-03-23T14:58:16.611+0000] {override.py:1912} INFO - Created Permission View: can read on DAG:dataset_s3_bucket_producer_with_no_taskflow
[2025-03-23T14:58:16.616+0000] {logging_mixin.py:190} INFO - [2025-03-23T14:58:16.616+0000] {override.py:1912} INFO - Created Permission View: can edit on DAG:dataset_s3_bucket_producer_with_no_taskflow
[2025-03-23T14:58:16.621+0000] {logging_mixin.py:190} INFO - [2025-03-23T14:58:16.621+0000] {override.py:1912} INFO - Created Permission View: can delete on DAG:dataset_s3_bucket_producer_with_no_taskflow
[2025-03-23T14:58:16.626+0000] {logging_mixin.py:190} INFO - [2025-03-23T14:58:16.626+0000] {override.py:1912} INFO - Created Permission View: can read on DAG Run:dataset_s3_bucket_producer_with_no_taskflow
[2025-03-23T14:58:16.631+0000] {logging_mixin.py:190} INFO - [2025-03-23T14:58:16.631+0000] {override.py:1912} INFO - Created Permission View: can delete on DAG Run:dataset_s3_bucket_producer_with_no_taskflow
[2025-03-23T14:58:16.636+0000] {logging_mixin.py:190} INFO - [2025-03-23T14:58:16.636+0000] {override.py:1912} INFO - Created Permission View: menu access on DAG Run:dataset_s3_bucket_producer_with_no_taskflow
[2025-03-23T14:58:16.641+0000] {logging_mixin.py:190} INFO - [2025-03-23T14:58:16.640+0000] {override.py:1912} INFO - Created Permission View: can create on DAG Run:dataset_s3_bucket_producer_with_no_taskflow
[2025-03-23T14:58:16.651+0000] {logging_mixin.py:190} INFO - [2025-03-23T14:58:16.651+0000] {override.py:1912} INFO - Created Permission View: can read on DAG:dataset_alias_example_alias_producer_with_no_taskflow
[2025-03-23T14:58:16.656+0000] {logging_mixin.py:190} INFO - [2025-03-23T14:58:16.656+0000] {override.py:1912} INFO - Created Permission View: can edit on DAG:dataset_alias_example_alias_producer_with_no_taskflow
[2025-03-23T14:58:16.661+0000] {logging_mixin.py:190} INFO - [2025-03-23T14:58:16.661+0000] {override.py:1912} INFO - Created Permission View: can delete on DAG:dataset_alias_example_alias_producer_with_no_taskflow
[2025-03-23T14:58:16.666+0000] {logging_mixin.py:190} INFO - [2025-03-23T14:58:16.666+0000] {override.py:1912} INFO - Created Permission View: can read on DAG Run:dataset_alias_example_alias_producer_with_no_taskflow
[2025-03-23T14:58:16.670+0000] {logging_mixin.py:190} INFO - [2025-03-23T14:58:16.670+0000] {override.py:1912} INFO - Created Permission View: can delete on DAG Run:dataset_alias_example_alias_producer_with_no_taskflow
[2025-03-23T14:58:16.675+0000] {logging_mixin.py:190} INFO - [2025-03-23T14:58:16.675+0000] {override.py:1912} INFO - Created Permission View: menu access on DAG Run:dataset_alias_example_alias_producer_with_no_taskflow
[2025-03-23T14:58:16.679+0000] {logging_mixin.py:190} INFO - [2025-03-23T14:58:16.679+0000] {override.py:1912} INFO - Created Permission View: can create on DAG Run:dataset_alias_example_alias_producer_with_no_taskflow
[2025-03-23T14:58:16.687+0000] {logging_mixin.py:190} INFO - [2025-03-23T14:58:16.687+0000] {override.py:1912} INFO - Created Permission View: can read on DAG:dataset_s3_bucket_consumer_with_no_taskflow
[2025-03-23T14:58:16.692+0000] {logging_mixin.py:190} INFO - [2025-03-23T14:58:16.692+0000] {override.py:1912} INFO - Created Permission View: can edit on DAG:dataset_s3_bucket_consumer_with_no_taskflow
[2025-03-23T14:58:16.696+0000] {logging_mixin.py:190} INFO - [2025-03-23T14:58:16.696+0000] {override.py:1912} INFO - Created Permission View: can delete on DAG:dataset_s3_bucket_consumer_with_no_taskflow
[2025-03-23T14:58:16.701+0000] {logging_mixin.py:190} INFO - [2025-03-23T14:58:16.701+0000] {override.py:1912} INFO - Created Permission View: can read on DAG Run:dataset_s3_bucket_consumer_with_no_taskflow
[2025-03-23T14:58:16.707+0000] {logging_mixin.py:190} INFO - [2025-03-23T14:58:16.707+0000] {override.py:1912} INFO - Created Permission View: can delete on DAG Run:dataset_s3_bucket_consumer_with_no_taskflow
[2025-03-23T14:58:16.712+0000] {logging_mixin.py:190} INFO - [2025-03-23T14:58:16.712+0000] {override.py:1912} INFO - Created Permission View: menu access on DAG Run:dataset_s3_bucket_consumer_with_no_taskflow
[2025-03-23T14:58:16.717+0000] {logging_mixin.py:190} INFO - [2025-03-23T14:58:16.717+0000] {override.py:1912} INFO - Created Permission View: can create on DAG Run:dataset_s3_bucket_consumer_with_no_taskflow
[2025-03-23T14:58:16.718+0000] {logging_mixin.py:190} INFO - [2025-03-23T14:58:16.718+0000] {dag.py:3239} INFO - Sync 4 DAGs
[2025-03-23T14:58:16.730+0000] {logging_mixin.py:190} INFO - [2025-03-23T14:58:16.729+0000] {dag.py:3262} INFO - Creating ORM DAG for dataset_alias_example_alias_producer_with_no_taskflow
[2025-03-23T14:58:16.730+0000] {logging_mixin.py:190} INFO - [2025-03-23T14:58:16.730+0000] {dag.py:3262} INFO - Creating ORM DAG for dataset_s3_bucket_producer_with_no_taskflow
[2025-03-23T14:58:16.731+0000] {logging_mixin.py:190} INFO - [2025-03-23T14:58:16.731+0000] {dag.py:3262} INFO - Creating ORM DAG for dataset_s3_bucket_consumer_with_no_taskflow
[2025-03-23T14:58:16.731+0000] {logging_mixin.py:190} INFO - [2025-03-23T14:58:16.731+0000] {dag.py:3262} INFO - Creating ORM DAG for dataset_alias_example_alias_consumer_with_no_taskflow
[2025-03-23T14:58:16.739+0000] {logging_mixin.py:190} INFO - [2025-03-23T14:58:16.739+0000] {dag.py:4180} INFO - Setting next_dagrun for dataset_alias_example_alias_consumer_with_no_taskflow to None, run_after=None
[2025-03-23T14:58:16.740+0000] {logging_mixin.py:190} INFO - [2025-03-23T14:58:16.740+0000] {dag.py:4180} INFO - Setting next_dagrun for dataset_alias_example_alias_producer_with_no_taskflow to None, run_after=None
[2025-03-23T14:58:16.740+0000] {logging_mixin.py:190} INFO - [2025-03-23T14:58:16.740+0000] {dag.py:4180} INFO - Setting next_dagrun for dataset_s3_bucket_consumer_with_no_taskflow to None, run_after=None
[2025-03-23T14:58:16.741+0000] {logging_mixin.py:190} INFO - [2025-03-23T14:58:16.741+0000] {dag.py:4180} INFO - Setting next_dagrun for dataset_s3_bucket_producer_with_no_taskflow to None, run_after=None
[2025-03-23T14:58:16.761+0000] {processor.py:208} INFO - Processing /home/airflow/.local/lib/python3.12/site-packages/airflow/example_dags/example_dataset_alias_with_no_taskflow.py took 1.264 seconds
[2025-03-23T14:58:46.823+0000] {processor.py:186} INFO - Started process (PID=160) to work on /home/airflow/.local/lib/python3.12/site-packages/airflow/example_dags/example_dataset_alias_with_no_taskflow.py
[2025-03-23T14:58:46.824+0000] {processor.py:914} INFO - Processing file /home/airflow/.local/lib/python3.12/site-packages/airflow/example_dags/example_dataset_alias_with_no_taskflow.py for tasks to queue
[2025-03-23T14:58:46.826+0000] {logging_mixin.py:190} INFO - [2025-03-23T14:58:46.825+0000] {dagbag.py:588} INFO - Filling up the DagBag from /home/airflow/.local/lib/python3.12/site-packages/airflow/example_dags/example_dataset_alias_with_no_taskflow.py
[2025-03-23T14:58:47.373+0000] {processor.py:925} INFO - DAG(s) 'dataset_s3_bucket_consumer_with_no_taskflow', 'dataset_s3_bucket_producer_with_no_taskflow', 'dataset_alias_example_alias_producer_with_no_taskflow', 'dataset_alias_example_alias_consumer_with_no_taskflow' retrieved from /home/airflow/.local/lib/python3.12/site-packages/airflow/example_dags/example_dataset_alias_with_no_taskflow.py
[2025-03-23T14:58:47.389+0000] {logging_mixin.py:190} INFO - [2025-03-23T14:58:47.389+0000] {dag.py:3239} INFO - Sync 4 DAGs
[2025-03-23T14:58:47.407+0000] {logging_mixin.py:190} INFO - [2025-03-23T14:58:47.407+0000] {dag.py:4180} INFO - Setting next_dagrun for dataset_alias_example_alias_consumer_with_no_taskflow to None, run_after=None
[2025-03-23T14:58:47.409+0000] {logging_mixin.py:190} INFO - [2025-03-23T14:58:47.409+0000] {dag.py:4180} INFO - Setting next_dagrun for dataset_alias_example_alias_producer_with_no_taskflow to None, run_after=None
[2025-03-23T14:58:47.410+0000] {logging_mixin.py:190} INFO - [2025-03-23T14:58:47.410+0000] {dag.py:4180} INFO - Setting next_dagrun for dataset_s3_bucket_consumer_with_no_taskflow to None, run_after=None
[2025-03-23T14:58:47.411+0000] {logging_mixin.py:190} INFO - [2025-03-23T14:58:47.411+0000] {dag.py:4180} INFO - Setting next_dagrun for dataset_s3_bucket_producer_with_no_taskflow to None, run_after=None
[2025-03-23T14:58:47.429+0000] {processor.py:208} INFO - Processing /home/airflow/.local/lib/python3.12/site-packages/airflow/example_dags/example_dataset_alias_with_no_taskflow.py took 0.612 seconds
[2025-03-23T14:59:18.078+0000] {processor.py:186} INFO - Started process (PID=223) to work on /home/airflow/.local/lib/python3.12/site-packages/airflow/example_dags/example_dataset_alias_with_no_taskflow.py
[2025-03-23T14:59:18.079+0000] {processor.py:914} INFO - Processing file /home/airflow/.local/lib/python3.12/site-packages/airflow/example_dags/example_dataset_alias_with_no_taskflow.py for tasks to queue
[2025-03-23T14:59:18.081+0000] {logging_mixin.py:190} INFO - [2025-03-23T14:59:18.081+0000] {dagbag.py:588} INFO - Filling up the DagBag from /home/airflow/.local/lib/python3.12/site-packages/airflow/example_dags/example_dataset_alias_with_no_taskflow.py
[2025-03-23T14:59:18.616+0000] {processor.py:925} INFO - DAG(s) 'dataset_alias_example_alias_producer_with_no_taskflow', 'dataset_alias_example_alias_consumer_with_no_taskflow', 'dataset_s3_bucket_consumer_with_no_taskflow', 'dataset_s3_bucket_producer_with_no_taskflow' retrieved from /home/airflow/.local/lib/python3.12/site-packages/airflow/example_dags/example_dataset_alias_with_no_taskflow.py
[2025-03-23T14:59:18.635+0000] {logging_mixin.py:190} INFO - [2025-03-23T14:59:18.634+0000] {dag.py:3239} INFO - Sync 4 DAGs
[2025-03-23T14:59:18.654+0000] {logging_mixin.py:190} INFO - [2025-03-23T14:59:18.654+0000] {dag.py:4180} INFO - Setting next_dagrun for dataset_alias_example_alias_consumer_with_no_taskflow to None, run_after=None
[2025-03-23T14:59:18.656+0000] {logging_mixin.py:190} INFO - [2025-03-23T14:59:18.656+0000] {dag.py:4180} INFO - Setting next_dagrun for dataset_alias_example_alias_producer_with_no_taskflow to None, run_after=None
[2025-03-23T14:59:18.658+0000] {logging_mixin.py:190} INFO - [2025-03-23T14:59:18.657+0000] {dag.py:4180} INFO - Setting next_dagrun for dataset_s3_bucket_consumer_with_no_taskflow to None, run_after=None
[2025-03-23T14:59:18.659+0000] {logging_mixin.py:190} INFO - [2025-03-23T14:59:18.658+0000] {dag.py:4180} INFO - Setting next_dagrun for dataset_s3_bucket_producer_with_no_taskflow to None, run_after=None
[2025-03-23T14:59:18.676+0000] {processor.py:208} INFO - Processing /home/airflow/.local/lib/python3.12/site-packages/airflow/example_dags/example_dataset_alias_with_no_taskflow.py took 0.603 seconds
[2025-03-23T14:59:48.804+0000] {processor.py:186} INFO - Started process (PID=286) to work on /home/airflow/.local/lib/python3.12/site-packages/airflow/example_dags/example_dataset_alias_with_no_taskflow.py
[2025-03-23T14:59:48.805+0000] {processor.py:914} INFO - Processing file /home/airflow/.local/lib/python3.12/site-packages/airflow/example_dags/example_dataset_alias_with_no_taskflow.py for tasks to queue
[2025-03-23T14:59:48.807+0000] {logging_mixin.py:190} INFO - [2025-03-23T14:59:48.807+0000] {dagbag.py:588} INFO - Filling up the DagBag from /home/airflow/.local/lib/python3.12/site-packages/airflow/example_dags/example_dataset_alias_with_no_taskflow.py
[2025-03-23T14:59:49.362+0000] {processor.py:925} INFO - DAG(s) 'dataset_s3_bucket_consumer_with_no_taskflow', 'dataset_alias_example_alias_producer_with_no_taskflow', 'dataset_s3_bucket_producer_with_no_taskflow', 'dataset_alias_example_alias_consumer_with_no_taskflow' retrieved from /home/airflow/.local/lib/python3.12/site-packages/airflow/example_dags/example_dataset_alias_with_no_taskflow.py
[2025-03-23T14:59:49.381+0000] {logging_mixin.py:190} INFO - [2025-03-23T14:59:49.381+0000] {dag.py:3239} INFO - Sync 4 DAGs
[2025-03-23T14:59:49.401+0000] {logging_mixin.py:190} INFO - [2025-03-23T14:59:49.401+0000] {dag.py:4180} INFO - Setting next_dagrun for dataset_alias_example_alias_consumer_with_no_taskflow to None, run_after=None
[2025-03-23T14:59:49.403+0000] {logging_mixin.py:190} INFO - [2025-03-23T14:59:49.403+0000] {dag.py:4180} INFO - Setting next_dagrun for dataset_alias_example_alias_producer_with_no_taskflow to None, run_after=None
[2025-03-23T14:59:49.404+0000] {logging_mixin.py:190} INFO - [2025-03-23T14:59:49.404+0000] {dag.py:4180} INFO - Setting next_dagrun for dataset_s3_bucket_consumer_with_no_taskflow to None, run_after=None
[2025-03-23T14:59:49.405+0000] {logging_mixin.py:190} INFO - [2025-03-23T14:59:49.405+0000] {dag.py:4180} INFO - Setting next_dagrun for dataset_s3_bucket_producer_with_no_taskflow to None, run_after=None
[2025-03-23T14:59:49.422+0000] {processor.py:208} INFO - Processing /home/airflow/.local/lib/python3.12/site-packages/airflow/example_dags/example_dataset_alias_with_no_taskflow.py took 0.623 seconds
[2025-03-23T15:00:20.094+0000] {processor.py:186} INFO - Started process (PID=349) to work on /home/airflow/.local/lib/python3.12/site-packages/airflow/example_dags/example_dataset_alias_with_no_taskflow.py
[2025-03-23T15:00:20.095+0000] {processor.py:914} INFO - Processing file /home/airflow/.local/lib/python3.12/site-packages/airflow/example_dags/example_dataset_alias_with_no_taskflow.py for tasks to queue
[2025-03-23T15:00:20.096+0000] {logging_mixin.py:190} INFO - [2025-03-23T15:00:20.096+0000] {dagbag.py:588} INFO - Filling up the DagBag from /home/airflow/.local/lib/python3.12/site-packages/airflow/example_dags/example_dataset_alias_with_no_taskflow.py
[2025-03-23T15:00:20.647+0000] {processor.py:925} INFO - DAG(s) 'dataset_s3_bucket_producer_with_no_taskflow', 'dataset_s3_bucket_consumer_with_no_taskflow', 'dataset_alias_example_alias_producer_with_no_taskflow', 'dataset_alias_example_alias_consumer_with_no_taskflow' retrieved from /home/airflow/.local/lib/python3.12/site-packages/airflow/example_dags/example_dataset_alias_with_no_taskflow.py
[2025-03-23T15:00:20.665+0000] {logging_mixin.py:190} INFO - [2025-03-23T15:00:20.664+0000] {dag.py:3239} INFO - Sync 4 DAGs
[2025-03-23T15:00:20.685+0000] {logging_mixin.py:190} INFO - [2025-03-23T15:00:20.685+0000] {dag.py:4180} INFO - Setting next_dagrun for dataset_alias_example_alias_consumer_with_no_taskflow to None, run_after=None
[2025-03-23T15:00:20.687+0000] {logging_mixin.py:190} INFO - [2025-03-23T15:00:20.687+0000] {dag.py:4180} INFO - Setting next_dagrun for dataset_alias_example_alias_producer_with_no_taskflow to None, run_after=None
[2025-03-23T15:00:20.689+0000] {logging_mixin.py:190} INFO - [2025-03-23T15:00:20.688+0000] {dag.py:4180} INFO - Setting next_dagrun for dataset_s3_bucket_consumer_with_no_taskflow to None, run_after=None
[2025-03-23T15:00:20.689+0000] {logging_mixin.py:190} INFO - [2025-03-23T15:00:20.689+0000] {dag.py:4180} INFO - Setting next_dagrun for dataset_s3_bucket_producer_with_no_taskflow to None, run_after=None
[2025-03-23T15:00:20.705+0000] {processor.py:208} INFO - Processing /home/airflow/.local/lib/python3.12/site-packages/airflow/example_dags/example_dataset_alias_with_no_taskflow.py took 0.617 seconds
