[2025-03-23T14:58:19.667+0000] {processor.py:186} INFO - Started process (PID=117) to work on /home/airflow/.local/lib/python3.12/site-packages/airflow/example_dags/example_setup_teardown.py
[2025-03-23T14:58:19.668+0000] {processor.py:914} INFO - Processing file /home/airflow/.local/lib/python3.12/site-packages/airflow/example_dags/example_setup_teardown.py for tasks to queue
[2025-03-23T14:58:19.670+0000] {logging_mixin.py:190} INFO - [2025-03-23T14:58:19.669+0000] {dagbag.py:588} INFO - Filling up the DagBag from /home/airflow/.local/lib/python3.12/site-packages/airflow/example_dags/example_setup_teardown.py
[2025-03-23T14:58:19.678+0000] {processor.py:925} INFO - DAG(s) 'example_setup_teardown' retrieved from /home/airflow/.local/lib/python3.12/site-packages/airflow/example_dags/example_setup_teardown.py
[2025-03-23T14:58:19.773+0000] {logging_mixin.py:190} INFO - [2025-03-23T14:58:19.773+0000] {override.py:1912} INFO - Created Permission View: can read on DAG:example_setup_teardown
[2025-03-23T14:58:19.781+0000] {logging_mixin.py:190} INFO - [2025-03-23T14:58:19.781+0000] {override.py:1912} INFO - Created Permission View: can edit on DAG:example_setup_teardown
[2025-03-23T14:58:19.785+0000] {logging_mixin.py:190} INFO - [2025-03-23T14:58:19.785+0000] {override.py:1912} INFO - Created Permission View: can delete on DAG:example_setup_teardown
[2025-03-23T14:58:19.791+0000] {logging_mixin.py:190} INFO - [2025-03-23T14:58:19.791+0000] {override.py:1912} INFO - Created Permission View: can read on DAG Run:example_setup_teardown
[2025-03-23T14:58:19.796+0000] {logging_mixin.py:190} INFO - [2025-03-23T14:58:19.796+0000] {override.py:1912} INFO - Created Permission View: can delete on DAG Run:example_setup_teardown
[2025-03-23T14:58:19.800+0000] {logging_mixin.py:190} INFO - [2025-03-23T14:58:19.800+0000] {override.py:1912} INFO - Created Permission View: menu access on DAG Run:example_setup_teardown
[2025-03-23T14:58:19.805+0000] {logging_mixin.py:190} INFO - [2025-03-23T14:58:19.805+0000] {override.py:1912} INFO - Created Permission View: can create on DAG Run:example_setup_teardown
[2025-03-23T14:58:19.805+0000] {logging_mixin.py:190} INFO - [2025-03-23T14:58:19.805+0000] {dag.py:3239} INFO - Sync 1 DAGs
[2025-03-23T14:58:19.816+0000] {logging_mixin.py:190} INFO - [2025-03-23T14:58:19.816+0000] {dag.py:3262} INFO - Creating ORM DAG for example_setup_teardown
[2025-03-23T14:58:19.816+0000] {logging_mixin.py:190} INFO - [2025-03-23T14:58:19.816+0000] {dag.py:4180} INFO - Setting next_dagrun for example_setup_teardown to None, run_after=None
[2025-03-23T14:58:19.827+0000] {processor.py:208} INFO - Processing /home/airflow/.local/lib/python3.12/site-packages/airflow/example_dags/example_setup_teardown.py took 0.166 seconds
[2025-03-23T14:58:50.197+0000] {processor.py:186} INFO - Started process (PID=180) to work on /home/airflow/.local/lib/python3.12/site-packages/airflow/example_dags/example_setup_teardown.py
[2025-03-23T14:58:50.198+0000] {processor.py:914} INFO - Processing file /home/airflow/.local/lib/python3.12/site-packages/airflow/example_dags/example_setup_teardown.py for tasks to queue
[2025-03-23T14:58:50.200+0000] {logging_mixin.py:190} INFO - [2025-03-23T14:58:50.200+0000] {dagbag.py:588} INFO - Filling up the DagBag from /home/airflow/.local/lib/python3.12/site-packages/airflow/example_dags/example_setup_teardown.py
[2025-03-23T14:58:50.207+0000] {processor.py:925} INFO - DAG(s) 'example_setup_teardown' retrieved from /home/airflow/.local/lib/python3.12/site-packages/airflow/example_dags/example_setup_teardown.py
[2025-03-23T14:58:50.225+0000] {logging_mixin.py:190} INFO - [2025-03-23T14:58:50.225+0000] {dag.py:3239} INFO - Sync 1 DAGs
[2025-03-23T14:58:50.238+0000] {logging_mixin.py:190} INFO - [2025-03-23T14:58:50.238+0000] {dag.py:4180} INFO - Setting next_dagrun for example_setup_teardown to None, run_after=None
[2025-03-23T14:58:50.256+0000] {processor.py:208} INFO - Processing /home/airflow/.local/lib/python3.12/site-packages/airflow/example_dags/example_setup_teardown.py took 0.064 seconds
[2025-03-23T14:59:21.479+0000] {processor.py:186} INFO - Started process (PID=243) to work on /home/airflow/.local/lib/python3.12/site-packages/airflow/example_dags/example_setup_teardown.py
[2025-03-23T14:59:21.480+0000] {processor.py:914} INFO - Processing file /home/airflow/.local/lib/python3.12/site-packages/airflow/example_dags/example_setup_teardown.py for tasks to queue
[2025-03-23T14:59:21.482+0000] {logging_mixin.py:190} INFO - [2025-03-23T14:59:21.481+0000] {dagbag.py:588} INFO - Filling up the DagBag from /home/airflow/.local/lib/python3.12/site-packages/airflow/example_dags/example_setup_teardown.py
[2025-03-23T14:59:21.489+0000] {processor.py:925} INFO - DAG(s) 'example_setup_teardown' retrieved from /home/airflow/.local/lib/python3.12/site-packages/airflow/example_dags/example_setup_teardown.py
[2025-03-23T14:59:21.508+0000] {logging_mixin.py:190} INFO - [2025-03-23T14:59:21.508+0000] {dag.py:3239} INFO - Sync 1 DAGs
[2025-03-23T14:59:21.520+0000] {logging_mixin.py:190} INFO - [2025-03-23T14:59:21.520+0000] {dag.py:4180} INFO - Setting next_dagrun for example_setup_teardown to None, run_after=None
[2025-03-23T14:59:21.534+0000] {processor.py:208} INFO - Processing /home/airflow/.local/lib/python3.12/site-packages/airflow/example_dags/example_setup_teardown.py took 0.061 seconds
[2025-03-23T14:59:51.992+0000] {processor.py:186} INFO - Started process (PID=306) to work on /home/airflow/.local/lib/python3.12/site-packages/airflow/example_dags/example_setup_teardown.py
[2025-03-23T14:59:51.993+0000] {processor.py:914} INFO - Processing file /home/airflow/.local/lib/python3.12/site-packages/airflow/example_dags/example_setup_teardown.py for tasks to queue
[2025-03-23T14:59:51.995+0000] {logging_mixin.py:190} INFO - [2025-03-23T14:59:51.994+0000] {dagbag.py:588} INFO - Filling up the DagBag from /home/airflow/.local/lib/python3.12/site-packages/airflow/example_dags/example_setup_teardown.py
[2025-03-23T14:59:52.002+0000] {processor.py:925} INFO - DAG(s) 'example_setup_teardown' retrieved from /home/airflow/.local/lib/python3.12/site-packages/airflow/example_dags/example_setup_teardown.py
[2025-03-23T14:59:52.021+0000] {logging_mixin.py:190} INFO - [2025-03-23T14:59:52.020+0000] {dag.py:3239} INFO - Sync 1 DAGs
[2025-03-23T14:59:52.033+0000] {logging_mixin.py:190} INFO - [2025-03-23T14:59:52.032+0000] {dag.py:4180} INFO - Setting next_dagrun for example_setup_teardown to None, run_after=None
[2025-03-23T14:59:52.046+0000] {processor.py:208} INFO - Processing /home/airflow/.local/lib/python3.12/site-packages/airflow/example_dags/example_setup_teardown.py took 0.061 seconds
[2025-03-23T15:00:23.243+0000] {processor.py:186} INFO - Started process (PID=369) to work on /home/airflow/.local/lib/python3.12/site-packages/airflow/example_dags/example_setup_teardown.py
[2025-03-23T15:00:23.244+0000] {processor.py:914} INFO - Processing file /home/airflow/.local/lib/python3.12/site-packages/airflow/example_dags/example_setup_teardown.py for tasks to queue
[2025-03-23T15:00:23.246+0000] {logging_mixin.py:190} INFO - [2025-03-23T15:00:23.246+0000] {dagbag.py:588} INFO - Filling up the DagBag from /home/airflow/.local/lib/python3.12/site-packages/airflow/example_dags/example_setup_teardown.py
[2025-03-23T15:00:23.254+0000] {processor.py:925} INFO - DAG(s) 'example_setup_teardown' retrieved from /home/airflow/.local/lib/python3.12/site-packages/airflow/example_dags/example_setup_teardown.py
[2025-03-23T15:00:23.272+0000] {logging_mixin.py:190} INFO - [2025-03-23T15:00:23.271+0000] {dag.py:3239} INFO - Sync 1 DAGs
[2025-03-23T15:00:23.285+0000] {logging_mixin.py:190} INFO - [2025-03-23T15:00:23.284+0000] {dag.py:4180} INFO - Setting next_dagrun for example_setup_teardown to None, run_after=None
[2025-03-23T15:00:23.300+0000] {processor.py:208} INFO - Processing /home/airflow/.local/lib/python3.12/site-packages/airflow/example_dags/example_setup_teardown.py took 0.062 seconds
