[2025-03-23T14:58:21.392+0000] {processor.py:186} INFO - Started process (PID=129) to work on /home/airflow/.local/lib/python3.12/site-packages/airflow/example_dags/example_workday_timetable.py
[2025-03-23T14:58:21.393+0000] {processor.py:914} INFO - Processing file /home/airflow/.local/lib/python3.12/site-packages/airflow/example_dags/example_workday_timetable.py for tasks to queue
[2025-03-23T14:58:21.395+0000] {logging_mixin.py:190} INFO - [2025-03-23T14:58:21.394+0000] {dagbag.py:588} INFO - Filling up the DagBag from /home/airflow/.local/lib/python3.12/site-packages/airflow/example_dags/example_workday_timetable.py
[2025-03-23T14:58:21.400+0000] {processor.py:925} INFO - DAG(s) 'example_workday_timetable' retrieved from /home/airflow/.local/lib/python3.12/site-packages/airflow/example_dags/example_workday_timetable.py
[2025-03-23T14:58:21.495+0000] {logging_mixin.py:190} INFO - [2025-03-23T14:58:21.494+0000] {override.py:1912} INFO - Created Permission View: can read on DAG:example_workday_timetable
[2025-03-23T14:58:21.502+0000] {logging_mixin.py:190} INFO - [2025-03-23T14:58:21.502+0000] {override.py:1912} INFO - Created Permission View: can edit on DAG:example_workday_timetable
[2025-03-23T14:58:21.506+0000] {logging_mixin.py:190} INFO - [2025-03-23T14:58:21.506+0000] {override.py:1912} INFO - Created Permission View: can delete on DAG:example_workday_timetable
[2025-03-23T14:58:21.512+0000] {logging_mixin.py:190} INFO - [2025-03-23T14:58:21.512+0000] {override.py:1912} INFO - Created Permission View: can read on DAG Run:example_workday_timetable
[2025-03-23T14:58:21.516+0000] {logging_mixin.py:190} INFO - [2025-03-23T14:58:21.516+0000] {override.py:1912} INFO - Created Permission View: can delete on DAG Run:example_workday_timetable
[2025-03-23T14:58:21.520+0000] {logging_mixin.py:190} INFO - [2025-03-23T14:58:21.520+0000] {override.py:1912} INFO - Created Permission View: menu access on DAG Run:example_workday_timetable
[2025-03-23T14:58:21.524+0000] {logging_mixin.py:190} INFO - [2025-03-23T14:58:21.524+0000] {override.py:1912} INFO - Created Permission View: can create on DAG Run:example_workday_timetable
[2025-03-23T14:58:21.525+0000] {logging_mixin.py:190} INFO - [2025-03-23T14:58:21.524+0000] {dag.py:3239} INFO - Sync 1 DAGs
[2025-03-23T14:58:21.537+0000] {logging_mixin.py:190} INFO - [2025-03-23T14:58:21.537+0000] {dag.py:3262} INFO - Creating ORM DAG for example_workday_timetable
[2025-03-23T14:58:21.579+0000] {logging_mixin.py:190} INFO - [2025-03-23T14:58:21.579+0000] {dag.py:4180} INFO - Setting next_dagrun for example_workday_timetable to 2021-01-04 00:00:00+00:00, run_after=2021-01-05 00:00:00+00:00
[2025-03-23T14:58:21.592+0000] {processor.py:208} INFO - Processing /home/airflow/.local/lib/python3.12/site-packages/airflow/example_dags/example_workday_timetable.py took 0.206 seconds
[2025-03-23T14:58:51.760+0000] {processor.py:186} INFO - Started process (PID=192) to work on /home/airflow/.local/lib/python3.12/site-packages/airflow/example_dags/example_workday_timetable.py
[2025-03-23T14:58:51.761+0000] {processor.py:914} INFO - Processing file /home/airflow/.local/lib/python3.12/site-packages/airflow/example_dags/example_workday_timetable.py for tasks to queue
[2025-03-23T14:58:51.763+0000] {logging_mixin.py:190} INFO - [2025-03-23T14:58:51.763+0000] {dagbag.py:588} INFO - Filling up the DagBag from /home/airflow/.local/lib/python3.12/site-packages/airflow/example_dags/example_workday_timetable.py
[2025-03-23T14:58:51.769+0000] {processor.py:925} INFO - DAG(s) 'example_workday_timetable' retrieved from /home/airflow/.local/lib/python3.12/site-packages/airflow/example_dags/example_workday_timetable.py
[2025-03-23T14:58:51.786+0000] {logging_mixin.py:190} INFO - [2025-03-23T14:58:51.786+0000] {dag.py:3239} INFO - Sync 1 DAGs
[2025-03-23T14:58:51.839+0000] {logging_mixin.py:190} INFO - [2025-03-23T14:58:51.839+0000] {dag.py:4180} INFO - Setting next_dagrun for example_workday_timetable to 2021-01-04 00:00:00+00:00, run_after=2021-01-05 00:00:00+00:00
[2025-03-23T14:58:51.853+0000] {processor.py:208} INFO - Processing /home/airflow/.local/lib/python3.12/site-packages/airflow/example_dags/example_workday_timetable.py took 0.099 seconds
[2025-03-23T14:59:22.157+0000] {processor.py:186} INFO - Started process (PID=255) to work on /home/airflow/.local/lib/python3.12/site-packages/airflow/example_dags/example_workday_timetable.py
[2025-03-23T14:59:22.158+0000] {processor.py:914} INFO - Processing file /home/airflow/.local/lib/python3.12/site-packages/airflow/example_dags/example_workday_timetable.py for tasks to queue
[2025-03-23T14:59:22.160+0000] {logging_mixin.py:190} INFO - [2025-03-23T14:59:22.160+0000] {dagbag.py:588} INFO - Filling up the DagBag from /home/airflow/.local/lib/python3.12/site-packages/airflow/example_dags/example_workday_timetable.py
[2025-03-23T14:59:22.166+0000] {processor.py:925} INFO - DAG(s) 'example_workday_timetable' retrieved from /home/airflow/.local/lib/python3.12/site-packages/airflow/example_dags/example_workday_timetable.py
[2025-03-23T14:59:22.184+0000] {logging_mixin.py:190} INFO - [2025-03-23T14:59:22.184+0000] {dag.py:3239} INFO - Sync 1 DAGs
[2025-03-23T14:59:22.242+0000] {logging_mixin.py:190} INFO - [2025-03-23T14:59:22.242+0000] {dag.py:4180} INFO - Setting next_dagrun for example_workday_timetable to 2021-01-04 00:00:00+00:00, run_after=2021-01-05 00:00:00+00:00
[2025-03-23T14:59:22.257+0000] {processor.py:208} INFO - Processing /home/airflow/.local/lib/python3.12/site-packages/airflow/example_dags/example_workday_timetable.py took 0.105 seconds
[2025-03-23T14:59:52.773+0000] {processor.py:186} INFO - Started process (PID=318) to work on /home/airflow/.local/lib/python3.12/site-packages/airflow/example_dags/example_workday_timetable.py
[2025-03-23T14:59:52.774+0000] {processor.py:914} INFO - Processing file /home/airflow/.local/lib/python3.12/site-packages/airflow/example_dags/example_workday_timetable.py for tasks to queue
[2025-03-23T14:59:52.777+0000] {logging_mixin.py:190} INFO - [2025-03-23T14:59:52.776+0000] {dagbag.py:588} INFO - Filling up the DagBag from /home/airflow/.local/lib/python3.12/site-packages/airflow/example_dags/example_workday_timetable.py
[2025-03-23T14:59:52.782+0000] {processor.py:925} INFO - DAG(s) 'example_workday_timetable' retrieved from /home/airflow/.local/lib/python3.12/site-packages/airflow/example_dags/example_workday_timetable.py
[2025-03-23T14:59:52.799+0000] {logging_mixin.py:190} INFO - [2025-03-23T14:59:52.798+0000] {dag.py:3239} INFO - Sync 1 DAGs
[2025-03-23T14:59:52.851+0000] {logging_mixin.py:190} INFO - [2025-03-23T14:59:52.851+0000] {dag.py:4180} INFO - Setting next_dagrun for example_workday_timetable to 2021-01-04 00:00:00+00:00, run_after=2021-01-05 00:00:00+00:00
[2025-03-23T14:59:52.866+0000] {processor.py:208} INFO - Processing /home/airflow/.local/lib/python3.12/site-packages/airflow/example_dags/example_workday_timetable.py took 0.098 seconds
[2025-03-23T15:00:24.050+0000] {processor.py:186} INFO - Started process (PID=381) to work on /home/airflow/.local/lib/python3.12/site-packages/airflow/example_dags/example_workday_timetable.py
[2025-03-23T15:00:24.051+0000] {processor.py:914} INFO - Processing file /home/airflow/.local/lib/python3.12/site-packages/airflow/example_dags/example_workday_timetable.py for tasks to queue
[2025-03-23T15:00:24.054+0000] {logging_mixin.py:190} INFO - [2025-03-23T15:00:24.053+0000] {dagbag.py:588} INFO - Filling up the DagBag from /home/airflow/.local/lib/python3.12/site-packages/airflow/example_dags/example_workday_timetable.py
[2025-03-23T15:00:24.059+0000] {processor.py:925} INFO - DAG(s) 'example_workday_timetable' retrieved from /home/airflow/.local/lib/python3.12/site-packages/airflow/example_dags/example_workday_timetable.py
[2025-03-23T15:00:24.076+0000] {logging_mixin.py:190} INFO - [2025-03-23T15:00:24.076+0000] {dag.py:3239} INFO - Sync 1 DAGs
[2025-03-23T15:00:24.131+0000] {logging_mixin.py:190} INFO - [2025-03-23T15:00:24.131+0000] {dag.py:4180} INFO - Setting next_dagrun for example_workday_timetable to 2021-01-04 00:00:00+00:00, run_after=2021-01-05 00:00:00+00:00
[2025-03-23T15:00:24.145+0000] {processor.py:208} INFO - Processing /home/airflow/.local/lib/python3.12/site-packages/airflow/example_dags/example_workday_timetable.py took 0.100 seconds
