[2025-03-23T14:58:20.029+0000] {processor.py:186} INFO - Started process (PID=120) to work on /home/airflow/.local/lib/python3.12/site-packages/airflow/example_dags/example_short_circuit_operator.py
[2025-03-23T14:58:20.030+0000] {processor.py:914} INFO - Processing file /home/airflow/.local/lib/python3.12/site-packages/airflow/example_dags/example_short_circuit_operator.py for tasks to queue
[2025-03-23T14:58:20.032+0000] {logging_mixin.py:190} INFO - [2025-03-23T14:58:20.032+0000] {dagbag.py:588} INFO - Filling up the DagBag from /home/airflow/.local/lib/python3.12/site-packages/airflow/example_dags/example_short_circuit_operator.py
[2025-03-23T14:58:20.041+0000] {processor.py:925} INFO - DAG(s) 'example_short_circuit_operator' retrieved from /home/airflow/.local/lib/python3.12/site-packages/airflow/example_dags/example_short_circuit_operator.py
[2025-03-23T14:58:20.138+0000] {logging_mixin.py:190} INFO - [2025-03-23T14:58:20.137+0000] {override.py:1912} INFO - Created Permission View: can read on DAG:example_short_circuit_operator
[2025-03-23T14:58:20.145+0000] {logging_mixin.py:190} INFO - [2025-03-23T14:58:20.145+0000] {override.py:1912} INFO - Created Permission View: can edit on DAG:example_short_circuit_operator
[2025-03-23T14:58:20.149+0000] {logging_mixin.py:190} INFO - [2025-03-23T14:58:20.149+0000] {override.py:1912} INFO - Created Permission View: can delete on DAG:example_short_circuit_operator
[2025-03-23T14:58:20.153+0000] {logging_mixin.py:190} INFO - [2025-03-23T14:58:20.153+0000] {override.py:1912} INFO - Created Permission View: can read on DAG Run:example_short_circuit_operator
[2025-03-23T14:58:20.158+0000] {logging_mixin.py:190} INFO - [2025-03-23T14:58:20.157+0000] {override.py:1912} INFO - Created Permission View: can delete on DAG Run:example_short_circuit_operator
[2025-03-23T14:58:20.162+0000] {logging_mixin.py:190} INFO - [2025-03-23T14:58:20.161+0000] {override.py:1912} INFO - Created Permission View: menu access on DAG Run:example_short_circuit_operator
[2025-03-23T14:58:20.166+0000] {logging_mixin.py:190} INFO - [2025-03-23T14:58:20.166+0000] {override.py:1912} INFO - Created Permission View: can create on DAG Run:example_short_circuit_operator
[2025-03-23T14:58:20.166+0000] {logging_mixin.py:190} INFO - [2025-03-23T14:58:20.166+0000] {dag.py:3239} INFO - Sync 1 DAGs
[2025-03-23T14:58:20.177+0000] {logging_mixin.py:190} INFO - [2025-03-23T14:58:20.176+0000] {dag.py:3262} INFO - Creating ORM DAG for example_short_circuit_operator
[2025-03-23T14:58:20.177+0000] {logging_mixin.py:190} INFO - [2025-03-23T14:58:20.177+0000] {dag.py:4180} INFO - Setting next_dagrun for example_short_circuit_operator to None, run_after=None
[2025-03-23T14:58:20.188+0000] {processor.py:208} INFO - Processing /home/airflow/.local/lib/python3.12/site-packages/airflow/example_dags/example_short_circuit_operator.py took 0.164 seconds
[2025-03-23T14:58:50.361+0000] {processor.py:186} INFO - Started process (PID=183) to work on /home/airflow/.local/lib/python3.12/site-packages/airflow/example_dags/example_short_circuit_operator.py
[2025-03-23T14:58:50.362+0000] {processor.py:914} INFO - Processing file /home/airflow/.local/lib/python3.12/site-packages/airflow/example_dags/example_short_circuit_operator.py for tasks to queue
[2025-03-23T14:58:50.364+0000] {logging_mixin.py:190} INFO - [2025-03-23T14:58:50.363+0000] {dagbag.py:588} INFO - Filling up the DagBag from /home/airflow/.local/lib/python3.12/site-packages/airflow/example_dags/example_short_circuit_operator.py
[2025-03-23T14:58:50.371+0000] {processor.py:925} INFO - DAG(s) 'example_short_circuit_operator' retrieved from /home/airflow/.local/lib/python3.12/site-packages/airflow/example_dags/example_short_circuit_operator.py
[2025-03-23T14:58:50.392+0000] {logging_mixin.py:190} INFO - [2025-03-23T14:58:50.392+0000] {dag.py:3239} INFO - Sync 1 DAGs
[2025-03-23T14:58:50.405+0000] {logging_mixin.py:190} INFO - [2025-03-23T14:58:50.405+0000] {dag.py:4180} INFO - Setting next_dagrun for example_short_circuit_operator to None, run_after=None
[2025-03-23T14:58:50.420+0000] {processor.py:208} INFO - Processing /home/airflow/.local/lib/python3.12/site-packages/airflow/example_dags/example_short_circuit_operator.py took 0.064 seconds
[2025-03-23T14:59:21.662+0000] {processor.py:186} INFO - Started process (PID=246) to work on /home/airflow/.local/lib/python3.12/site-packages/airflow/example_dags/example_short_circuit_operator.py
[2025-03-23T14:59:21.663+0000] {processor.py:914} INFO - Processing file /home/airflow/.local/lib/python3.12/site-packages/airflow/example_dags/example_short_circuit_operator.py for tasks to queue
[2025-03-23T14:59:21.665+0000] {logging_mixin.py:190} INFO - [2025-03-23T14:59:21.665+0000] {dagbag.py:588} INFO - Filling up the DagBag from /home/airflow/.local/lib/python3.12/site-packages/airflow/example_dags/example_short_circuit_operator.py
[2025-03-23T14:59:21.673+0000] {processor.py:925} INFO - DAG(s) 'example_short_circuit_operator' retrieved from /home/airflow/.local/lib/python3.12/site-packages/airflow/example_dags/example_short_circuit_operator.py
[2025-03-23T14:59:21.693+0000] {logging_mixin.py:190} INFO - [2025-03-23T14:59:21.693+0000] {dag.py:3239} INFO - Sync 1 DAGs
[2025-03-23T14:59:21.705+0000] {logging_mixin.py:190} INFO - [2025-03-23T14:59:21.705+0000] {dag.py:4180} INFO - Setting next_dagrun for example_short_circuit_operator to None, run_after=None
[2025-03-23T14:59:21.719+0000] {processor.py:208} INFO - Processing /home/airflow/.local/lib/python3.12/site-packages/airflow/example_dags/example_short_circuit_operator.py took 0.062 seconds
[2025-03-23T14:59:52.272+0000] {processor.py:186} INFO - Started process (PID=309) to work on /home/airflow/.local/lib/python3.12/site-packages/airflow/example_dags/example_short_circuit_operator.py
[2025-03-23T14:59:52.274+0000] {processor.py:914} INFO - Processing file /home/airflow/.local/lib/python3.12/site-packages/airflow/example_dags/example_short_circuit_operator.py for tasks to queue
[2025-03-23T14:59:52.275+0000] {logging_mixin.py:190} INFO - [2025-03-23T14:59:52.275+0000] {dagbag.py:588} INFO - Filling up the DagBag from /home/airflow/.local/lib/python3.12/site-packages/airflow/example_dags/example_short_circuit_operator.py
[2025-03-23T14:59:52.283+0000] {processor.py:925} INFO - DAG(s) 'example_short_circuit_operator' retrieved from /home/airflow/.local/lib/python3.12/site-packages/airflow/example_dags/example_short_circuit_operator.py
[2025-03-23T14:59:52.304+0000] {logging_mixin.py:190} INFO - [2025-03-23T14:59:52.304+0000] {dag.py:3239} INFO - Sync 1 DAGs
[2025-03-23T14:59:52.316+0000] {logging_mixin.py:190} INFO - [2025-03-23T14:59:52.316+0000] {dag.py:4180} INFO - Setting next_dagrun for example_short_circuit_operator to None, run_after=None
[2025-03-23T14:59:52.331+0000] {processor.py:208} INFO - Processing /home/airflow/.local/lib/python3.12/site-packages/airflow/example_dags/example_short_circuit_operator.py took 0.064 seconds
[2025-03-23T15:00:23.531+0000] {processor.py:186} INFO - Started process (PID=372) to work on /home/airflow/.local/lib/python3.12/site-packages/airflow/example_dags/example_short_circuit_operator.py
[2025-03-23T15:00:23.532+0000] {processor.py:914} INFO - Processing file /home/airflow/.local/lib/python3.12/site-packages/airflow/example_dags/example_short_circuit_operator.py for tasks to queue
[2025-03-23T15:00:23.533+0000] {logging_mixin.py:190} INFO - [2025-03-23T15:00:23.533+0000] {dagbag.py:588} INFO - Filling up the DagBag from /home/airflow/.local/lib/python3.12/site-packages/airflow/example_dags/example_short_circuit_operator.py
[2025-03-23T15:00:23.541+0000] {processor.py:925} INFO - DAG(s) 'example_short_circuit_operator' retrieved from /home/airflow/.local/lib/python3.12/site-packages/airflow/example_dags/example_short_circuit_operator.py
[2025-03-23T15:00:23.562+0000] {logging_mixin.py:190} INFO - [2025-03-23T15:00:23.562+0000] {dag.py:3239} INFO - Sync 1 DAGs
[2025-03-23T15:00:23.574+0000] {logging_mixin.py:190} INFO - [2025-03-23T15:00:23.574+0000] {dag.py:4180} INFO - Setting next_dagrun for example_short_circuit_operator to None, run_after=None
[2025-03-23T15:00:23.588+0000] {processor.py:208} INFO - Processing /home/airflow/.local/lib/python3.12/site-packages/airflow/example_dags/example_short_circuit_operator.py took 0.063 seconds
