[2025-03-23T14:58:18.646+0000] {processor.py:186} INFO - Started process (PID=110) to work on /home/airflow/.local/lib/python3.12/site-packages/airflow/example_dags/example_params_trigger_ui.py
[2025-03-23T14:58:18.646+0000] {processor.py:914} INFO - Processing file /home/airflow/.local/lib/python3.12/site-packages/airflow/example_dags/example_params_trigger_ui.py for tasks to queue
[2025-03-23T14:58:18.648+0000] {logging_mixin.py:190} INFO - [2025-03-23T14:58:18.648+0000] {dagbag.py:588} INFO - Filling up the DagBag from /home/airflow/.local/lib/python3.12/site-packages/airflow/example_dags/example_params_trigger_ui.py
[2025-03-23T14:58:18.661+0000] {processor.py:925} INFO - DAG(s) 'example_params_trigger_ui' retrieved from /home/airflow/.local/lib/python3.12/site-packages/airflow/example_dags/example_params_trigger_ui.py
[2025-03-23T14:58:18.778+0000] {logging_mixin.py:190} INFO - [2025-03-23T14:58:18.778+0000] {override.py:1912} INFO - Created Permission View: can read on DAG:example_params_trigger_ui
[2025-03-23T14:58:18.785+0000] {logging_mixin.py:190} INFO - [2025-03-23T14:58:18.785+0000] {override.py:1912} INFO - Created Permission View: can edit on DAG:example_params_trigger_ui
[2025-03-23T14:58:18.790+0000] {logging_mixin.py:190} INFO - [2025-03-23T14:58:18.789+0000] {override.py:1912} INFO - Created Permission View: can delete on DAG:example_params_trigger_ui
[2025-03-23T14:58:18.794+0000] {logging_mixin.py:190} INFO - [2025-03-23T14:58:18.794+0000] {override.py:1912} INFO - Created Permission View: can read on DAG Run:example_params_trigger_ui
[2025-03-23T14:58:18.798+0000] {logging_mixin.py:190} INFO - [2025-03-23T14:58:18.798+0000] {override.py:1912} INFO - Created Permission View: can delete on DAG Run:example_params_trigger_ui
[2025-03-23T14:58:18.802+0000] {logging_mixin.py:190} INFO - [2025-03-23T14:58:18.802+0000] {override.py:1912} INFO - Created Permission View: menu access on DAG Run:example_params_trigger_ui
[2025-03-23T14:58:18.806+0000] {logging_mixin.py:190} INFO - [2025-03-23T14:58:18.806+0000] {override.py:1912} INFO - Created Permission View: can create on DAG Run:example_params_trigger_ui
[2025-03-23T14:58:18.807+0000] {logging_mixin.py:190} INFO - [2025-03-23T14:58:18.807+0000] {dag.py:3239} INFO - Sync 1 DAGs
[2025-03-23T14:58:18.817+0000] {logging_mixin.py:190} INFO - [2025-03-23T14:58:18.817+0000] {dag.py:3262} INFO - Creating ORM DAG for example_params_trigger_ui
[2025-03-23T14:58:18.818+0000] {logging_mixin.py:190} INFO - [2025-03-23T14:58:18.817+0000] {dag.py:4180} INFO - Setting next_dagrun for example_params_trigger_ui to None, run_after=None
[2025-03-23T14:58:18.830+0000] {processor.py:208} INFO - Processing /home/airflow/.local/lib/python3.12/site-packages/airflow/example_dags/example_params_trigger_ui.py took 0.190 seconds
[2025-03-23T14:58:49.588+0000] {processor.py:186} INFO - Started process (PID=173) to work on /home/airflow/.local/lib/python3.12/site-packages/airflow/example_dags/example_params_trigger_ui.py
[2025-03-23T14:58:49.589+0000] {processor.py:914} INFO - Processing file /home/airflow/.local/lib/python3.12/site-packages/airflow/example_dags/example_params_trigger_ui.py for tasks to queue
[2025-03-23T14:58:49.591+0000] {logging_mixin.py:190} INFO - [2025-03-23T14:58:49.591+0000] {dagbag.py:588} INFO - Filling up the DagBag from /home/airflow/.local/lib/python3.12/site-packages/airflow/example_dags/example_params_trigger_ui.py
[2025-03-23T14:58:49.601+0000] {processor.py:925} INFO - DAG(s) 'example_params_trigger_ui' retrieved from /home/airflow/.local/lib/python3.12/site-packages/airflow/example_dags/example_params_trigger_ui.py
[2025-03-23T14:58:49.639+0000] {logging_mixin.py:190} INFO - [2025-03-23T14:58:49.638+0000] {dag.py:3239} INFO - Sync 1 DAGs
[2025-03-23T14:58:49.651+0000] {logging_mixin.py:190} INFO - [2025-03-23T14:58:49.651+0000] {dag.py:4180} INFO - Setting next_dagrun for example_params_trigger_ui to None, run_after=None
[2025-03-23T14:58:49.665+0000] {processor.py:208} INFO - Processing /home/airflow/.local/lib/python3.12/site-packages/airflow/example_dags/example_params_trigger_ui.py took 0.082 seconds
[2025-03-23T14:59:20.786+0000] {processor.py:186} INFO - Started process (PID=235) to work on /home/airflow/.local/lib/python3.12/site-packages/airflow/example_dags/example_params_trigger_ui.py
[2025-03-23T14:59:20.787+0000] {processor.py:914} INFO - Processing file /home/airflow/.local/lib/python3.12/site-packages/airflow/example_dags/example_params_trigger_ui.py for tasks to queue
[2025-03-23T14:59:20.789+0000] {logging_mixin.py:190} INFO - [2025-03-23T14:59:20.789+0000] {dagbag.py:588} INFO - Filling up the DagBag from /home/airflow/.local/lib/python3.12/site-packages/airflow/example_dags/example_params_trigger_ui.py
[2025-03-23T14:59:20.799+0000] {processor.py:925} INFO - DAG(s) 'example_params_trigger_ui' retrieved from /home/airflow/.local/lib/python3.12/site-packages/airflow/example_dags/example_params_trigger_ui.py
[2025-03-23T14:59:20.843+0000] {logging_mixin.py:190} INFO - [2025-03-23T14:59:20.843+0000] {dag.py:3239} INFO - Sync 1 DAGs
[2025-03-23T14:59:20.856+0000] {logging_mixin.py:190} INFO - [2025-03-23T14:59:20.856+0000] {dag.py:4180} INFO - Setting next_dagrun for example_params_trigger_ui to None, run_after=None
[2025-03-23T14:59:20.870+0000] {processor.py:208} INFO - Processing /home/airflow/.local/lib/python3.12/site-packages/airflow/example_dags/example_params_trigger_ui.py took 0.090 seconds
[2025-03-23T14:59:51.503+0000] {processor.py:186} INFO - Started process (PID=298) to work on /home/airflow/.local/lib/python3.12/site-packages/airflow/example_dags/example_params_trigger_ui.py
[2025-03-23T14:59:51.504+0000] {processor.py:914} INFO - Processing file /home/airflow/.local/lib/python3.12/site-packages/airflow/example_dags/example_params_trigger_ui.py for tasks to queue
[2025-03-23T14:59:51.506+0000] {logging_mixin.py:190} INFO - [2025-03-23T14:59:51.506+0000] {dagbag.py:588} INFO - Filling up the DagBag from /home/airflow/.local/lib/python3.12/site-packages/airflow/example_dags/example_params_trigger_ui.py
[2025-03-23T14:59:51.516+0000] {processor.py:925} INFO - DAG(s) 'example_params_trigger_ui' retrieved from /home/airflow/.local/lib/python3.12/site-packages/airflow/example_dags/example_params_trigger_ui.py
[2025-03-23T14:59:51.555+0000] {logging_mixin.py:190} INFO - [2025-03-23T14:59:51.554+0000] {dag.py:3239} INFO - Sync 1 DAGs
[2025-03-23T14:59:51.567+0000] {logging_mixin.py:190} INFO - [2025-03-23T14:59:51.567+0000] {dag.py:4180} INFO - Setting next_dagrun for example_params_trigger_ui to None, run_after=None
[2025-03-23T14:59:51.582+0000] {processor.py:208} INFO - Processing /home/airflow/.local/lib/python3.12/site-packages/airflow/example_dags/example_params_trigger_ui.py took 0.084 seconds
[2025-03-23T15:00:22.786+0000] {processor.py:186} INFO - Started process (PID=361) to work on /home/airflow/.local/lib/python3.12/site-packages/airflow/example_dags/example_params_trigger_ui.py
[2025-03-23T15:00:22.787+0000] {processor.py:914} INFO - Processing file /home/airflow/.local/lib/python3.12/site-packages/airflow/example_dags/example_params_trigger_ui.py for tasks to queue
[2025-03-23T15:00:22.788+0000] {logging_mixin.py:190} INFO - [2025-03-23T15:00:22.788+0000] {dagbag.py:588} INFO - Filling up the DagBag from /home/airflow/.local/lib/python3.12/site-packages/airflow/example_dags/example_params_trigger_ui.py
[2025-03-23T15:00:22.799+0000] {processor.py:925} INFO - DAG(s) 'example_params_trigger_ui' retrieved from /home/airflow/.local/lib/python3.12/site-packages/airflow/example_dags/example_params_trigger_ui.py
[2025-03-23T15:00:22.836+0000] {logging_mixin.py:190} INFO - [2025-03-23T15:00:22.836+0000] {dag.py:3239} INFO - Sync 1 DAGs
[2025-03-23T15:00:22.849+0000] {logging_mixin.py:190} INFO - [2025-03-23T15:00:22.848+0000] {dag.py:4180} INFO - Setting next_dagrun for example_params_trigger_ui to None, run_after=None
[2025-03-23T15:00:22.862+0000] {processor.py:208} INFO - Processing /home/airflow/.local/lib/python3.12/site-packages/airflow/example_dags/example_params_trigger_ui.py took 0.082 seconds
