[2025-03-23T14:58:16.727+0000] {processor.py:186} INFO - Started process (PID=98) to work on /home/airflow/.local/lib/python3.12/site-packages/airflow/example_dags/example_datasets.py
[2025-03-23T14:58:16.727+0000] {processor.py:914} INFO - Processing file /home/airflow/.local/lib/python3.12/site-packages/airflow/example_dags/example_datasets.py for tasks to queue
[2025-03-23T14:58:16.729+0000] {logging_mixin.py:190} INFO - [2025-03-23T14:58:16.729+0000] {dagbag.py:588} INFO - Filling up the DagBag from /home/airflow/.local/lib/python3.12/site-packages/airflow/example_dags/example_datasets.py
[2025-03-23T14:58:17.266+0000] {processor.py:925} INFO - DAG(s) 'dataset_produces_2', 'consume_1_or_both_2_and_3_with_dataset_expressions', 'dataset_consumes_1_and_2', 'dataset_consumes_1_never_scheduled', 'dataset_consumes_1', 'conditional_dataset_and_time_based_timetable', 'dataset_consumes_unknown_never_scheduled', 'dataset_produces_1', 'consume_1_and_2_with_dataset_expressions', 'consume_1_or_2_with_dataset_expressions' retrieved from /home/airflow/.local/lib/python3.12/site-packages/airflow/example_dags/example_datasets.py
[2025-03-23T14:58:17.356+0000] {logging_mixin.py:190} INFO - [2025-03-23T14:58:17.356+0000] {override.py:1912} INFO - Created Permission View: can read on DAG:dataset_produces_2
[2025-03-23T14:58:17.364+0000] {logging_mixin.py:190} INFO - [2025-03-23T14:58:17.363+0000] {override.py:1912} INFO - Created Permission View: can edit on DAG:dataset_produces_2
[2025-03-23T14:58:17.368+0000] {logging_mixin.py:190} INFO - [2025-03-23T14:58:17.368+0000] {override.py:1912} INFO - Created Permission View: can delete on DAG:dataset_produces_2
[2025-03-23T14:58:17.373+0000] {logging_mixin.py:190} INFO - [2025-03-23T14:58:17.373+0000] {override.py:1912} INFO - Created Permission View: can read on DAG Run:dataset_produces_2
[2025-03-23T14:58:17.378+0000] {logging_mixin.py:190} INFO - [2025-03-23T14:58:17.378+0000] {override.py:1912} INFO - Created Permission View: can delete on DAG Run:dataset_produces_2
[2025-03-23T14:58:17.382+0000] {logging_mixin.py:190} INFO - [2025-03-23T14:58:17.382+0000] {override.py:1912} INFO - Created Permission View: menu access on DAG Run:dataset_produces_2
[2025-03-23T14:58:17.387+0000] {logging_mixin.py:190} INFO - [2025-03-23T14:58:17.387+0000] {override.py:1912} INFO - Created Permission View: can create on DAG Run:dataset_produces_2
[2025-03-23T14:58:17.396+0000] {logging_mixin.py:190} INFO - [2025-03-23T14:58:17.396+0000] {override.py:1912} INFO - Created Permission View: can read on DAG:consume_1_or_both_2_and_3_with_dataset_expressions
[2025-03-23T14:58:17.401+0000] {logging_mixin.py:190} INFO - [2025-03-23T14:58:17.401+0000] {override.py:1912} INFO - Created Permission View: can edit on DAG:consume_1_or_both_2_and_3_with_dataset_expressions
[2025-03-23T14:58:17.405+0000] {logging_mixin.py:190} INFO - [2025-03-23T14:58:17.405+0000] {override.py:1912} INFO - Created Permission View: can delete on DAG:consume_1_or_both_2_and_3_with_dataset_expressions
[2025-03-23T14:58:17.410+0000] {logging_mixin.py:190} INFO - [2025-03-23T14:58:17.410+0000] {override.py:1912} INFO - Created Permission View: can read on DAG Run:consume_1_or_both_2_and_3_with_dataset_expressions
[2025-03-23T14:58:17.415+0000] {logging_mixin.py:190} INFO - [2025-03-23T14:58:17.415+0000] {override.py:1912} INFO - Created Permission View: can delete on DAG Run:consume_1_or_both_2_and_3_with_dataset_expressions
[2025-03-23T14:58:17.419+0000] {logging_mixin.py:190} INFO - [2025-03-23T14:58:17.419+0000] {override.py:1912} INFO - Created Permission View: menu access on DAG Run:consume_1_or_both_2_and_3_with_dataset_expressions
[2025-03-23T14:58:17.424+0000] {logging_mixin.py:190} INFO - [2025-03-23T14:58:17.424+0000] {override.py:1912} INFO - Created Permission View: can create on DAG Run:consume_1_or_both_2_and_3_with_dataset_expressions
[2025-03-23T14:58:17.432+0000] {logging_mixin.py:190} INFO - [2025-03-23T14:58:17.432+0000] {override.py:1912} INFO - Created Permission View: can read on DAG:dataset_consumes_1_and_2
[2025-03-23T14:58:17.437+0000] {logging_mixin.py:190} INFO - [2025-03-23T14:58:17.437+0000] {override.py:1912} INFO - Created Permission View: can edit on DAG:dataset_consumes_1_and_2
[2025-03-23T14:58:17.441+0000] {logging_mixin.py:190} INFO - [2025-03-23T14:58:17.441+0000] {override.py:1912} INFO - Created Permission View: can delete on DAG:dataset_consumes_1_and_2
[2025-03-23T14:58:17.446+0000] {logging_mixin.py:190} INFO - [2025-03-23T14:58:17.446+0000] {override.py:1912} INFO - Created Permission View: can read on DAG Run:dataset_consumes_1_and_2
[2025-03-23T14:58:17.451+0000] {logging_mixin.py:190} INFO - [2025-03-23T14:58:17.451+0000] {override.py:1912} INFO - Created Permission View: can delete on DAG Run:dataset_consumes_1_and_2
[2025-03-23T14:58:17.455+0000] {logging_mixin.py:190} INFO - [2025-03-23T14:58:17.455+0000] {override.py:1912} INFO - Created Permission View: menu access on DAG Run:dataset_consumes_1_and_2
[2025-03-23T14:58:17.460+0000] {logging_mixin.py:190} INFO - [2025-03-23T14:58:17.459+0000] {override.py:1912} INFO - Created Permission View: can create on DAG Run:dataset_consumes_1_and_2
[2025-03-23T14:58:17.468+0000] {logging_mixin.py:190} INFO - [2025-03-23T14:58:17.468+0000] {override.py:1912} INFO - Created Permission View: can read on DAG:dataset_consumes_1_never_scheduled
[2025-03-23T14:58:17.472+0000] {logging_mixin.py:190} INFO - [2025-03-23T14:58:17.472+0000] {override.py:1912} INFO - Created Permission View: can edit on DAG:dataset_consumes_1_never_scheduled
[2025-03-23T14:58:17.477+0000] {logging_mixin.py:190} INFO - [2025-03-23T14:58:17.476+0000] {override.py:1912} INFO - Created Permission View: can delete on DAG:dataset_consumes_1_never_scheduled
[2025-03-23T14:58:17.481+0000] {logging_mixin.py:190} INFO - [2025-03-23T14:58:17.481+0000] {override.py:1912} INFO - Created Permission View: can read on DAG Run:dataset_consumes_1_never_scheduled
[2025-03-23T14:58:17.486+0000] {logging_mixin.py:190} INFO - [2025-03-23T14:58:17.485+0000] {override.py:1912} INFO - Created Permission View: can delete on DAG Run:dataset_consumes_1_never_scheduled
[2025-03-23T14:58:17.490+0000] {logging_mixin.py:190} INFO - [2025-03-23T14:58:17.490+0000] {override.py:1912} INFO - Created Permission View: menu access on DAG Run:dataset_consumes_1_never_scheduled
[2025-03-23T14:58:17.494+0000] {logging_mixin.py:190} INFO - [2025-03-23T14:58:17.494+0000] {override.py:1912} INFO - Created Permission View: can create on DAG Run:dataset_consumes_1_never_scheduled
[2025-03-23T14:58:17.502+0000] {logging_mixin.py:190} INFO - [2025-03-23T14:58:17.502+0000] {override.py:1912} INFO - Created Permission View: can read on DAG:dataset_consumes_1
[2025-03-23T14:58:17.507+0000] {logging_mixin.py:190} INFO - [2025-03-23T14:58:17.507+0000] {override.py:1912} INFO - Created Permission View: can edit on DAG:dataset_consumes_1
[2025-03-23T14:58:17.512+0000] {logging_mixin.py:190} INFO - [2025-03-23T14:58:17.511+0000] {override.py:1912} INFO - Created Permission View: can delete on DAG:dataset_consumes_1
[2025-03-23T14:58:17.516+0000] {logging_mixin.py:190} INFO - [2025-03-23T14:58:17.516+0000] {override.py:1912} INFO - Created Permission View: can read on DAG Run:dataset_consumes_1
[2025-03-23T14:58:17.520+0000] {logging_mixin.py:190} INFO - [2025-03-23T14:58:17.520+0000] {override.py:1912} INFO - Created Permission View: can delete on DAG Run:dataset_consumes_1
[2025-03-23T14:58:17.525+0000] {logging_mixin.py:190} INFO - [2025-03-23T14:58:17.525+0000] {override.py:1912} INFO - Created Permission View: menu access on DAG Run:dataset_consumes_1
[2025-03-23T14:58:17.529+0000] {logging_mixin.py:190} INFO - [2025-03-23T14:58:17.529+0000] {override.py:1912} INFO - Created Permission View: can create on DAG Run:dataset_consumes_1
[2025-03-23T14:58:17.538+0000] {logging_mixin.py:190} INFO - [2025-03-23T14:58:17.538+0000] {override.py:1912} INFO - Created Permission View: can read on DAG:conditional_dataset_and_time_based_timetable
[2025-03-23T14:58:17.544+0000] {logging_mixin.py:190} INFO - [2025-03-23T14:58:17.543+0000] {override.py:1912} INFO - Created Permission View: can edit on DAG:conditional_dataset_and_time_based_timetable
[2025-03-23T14:58:17.548+0000] {logging_mixin.py:190} INFO - [2025-03-23T14:58:17.548+0000] {override.py:1912} INFO - Created Permission View: can delete on DAG:conditional_dataset_and_time_based_timetable
[2025-03-23T14:58:17.553+0000] {logging_mixin.py:190} INFO - [2025-03-23T14:58:17.552+0000] {override.py:1912} INFO - Created Permission View: can read on DAG Run:conditional_dataset_and_time_based_timetable
[2025-03-23T14:58:17.557+0000] {logging_mixin.py:190} INFO - [2025-03-23T14:58:17.557+0000] {override.py:1912} INFO - Created Permission View: can delete on DAG Run:conditional_dataset_and_time_based_timetable
[2025-03-23T14:58:17.561+0000] {logging_mixin.py:190} INFO - [2025-03-23T14:58:17.561+0000] {override.py:1912} INFO - Created Permission View: menu access on DAG Run:conditional_dataset_and_time_based_timetable
[2025-03-23T14:58:17.566+0000] {logging_mixin.py:190} INFO - [2025-03-23T14:58:17.566+0000] {override.py:1912} INFO - Created Permission View: can create on DAG Run:conditional_dataset_and_time_based_timetable
[2025-03-23T14:58:17.574+0000] {logging_mixin.py:190} INFO - [2025-03-23T14:58:17.574+0000] {override.py:1912} INFO - Created Permission View: can read on DAG:dataset_consumes_unknown_never_scheduled
[2025-03-23T14:58:17.578+0000] {logging_mixin.py:190} INFO - [2025-03-23T14:58:17.578+0000] {override.py:1912} INFO - Created Permission View: can edit on DAG:dataset_consumes_unknown_never_scheduled
[2025-03-23T14:58:17.582+0000] {logging_mixin.py:190} INFO - [2025-03-23T14:58:17.582+0000] {override.py:1912} INFO - Created Permission View: can delete on DAG:dataset_consumes_unknown_never_scheduled
[2025-03-23T14:58:17.587+0000] {logging_mixin.py:190} INFO - [2025-03-23T14:58:17.587+0000] {override.py:1912} INFO - Created Permission View: can read on DAG Run:dataset_consumes_unknown_never_scheduled
[2025-03-23T14:58:17.591+0000] {logging_mixin.py:190} INFO - [2025-03-23T14:58:17.591+0000] {override.py:1912} INFO - Created Permission View: can delete on DAG Run:dataset_consumes_unknown_never_scheduled
[2025-03-23T14:58:17.596+0000] {logging_mixin.py:190} INFO - [2025-03-23T14:58:17.596+0000] {override.py:1912} INFO - Created Permission View: menu access on DAG Run:dataset_consumes_unknown_never_scheduled
[2025-03-23T14:58:17.600+0000] {logging_mixin.py:190} INFO - [2025-03-23T14:58:17.600+0000] {override.py:1912} INFO - Created Permission View: can create on DAG Run:dataset_consumes_unknown_never_scheduled
[2025-03-23T14:58:17.609+0000] {logging_mixin.py:190} INFO - [2025-03-23T14:58:17.609+0000] {override.py:1912} INFO - Created Permission View: can read on DAG:dataset_produces_1
[2025-03-23T14:58:17.613+0000] {logging_mixin.py:190} INFO - [2025-03-23T14:58:17.613+0000] {override.py:1912} INFO - Created Permission View: can edit on DAG:dataset_produces_1
[2025-03-23T14:58:17.617+0000] {logging_mixin.py:190} INFO - [2025-03-23T14:58:17.617+0000] {override.py:1912} INFO - Created Permission View: can delete on DAG:dataset_produces_1
[2025-03-23T14:58:17.623+0000] {logging_mixin.py:190} INFO - [2025-03-23T14:58:17.622+0000] {override.py:1912} INFO - Created Permission View: can read on DAG Run:dataset_produces_1
[2025-03-23T14:58:17.627+0000] {logging_mixin.py:190} INFO - [2025-03-23T14:58:17.627+0000] {override.py:1912} INFO - Created Permission View: can delete on DAG Run:dataset_produces_1
[2025-03-23T14:58:17.633+0000] {logging_mixin.py:190} INFO - [2025-03-23T14:58:17.633+0000] {override.py:1912} INFO - Created Permission View: menu access on DAG Run:dataset_produces_1
[2025-03-23T14:58:17.638+0000] {logging_mixin.py:190} INFO - [2025-03-23T14:58:17.637+0000] {override.py:1912} INFO - Created Permission View: can create on DAG Run:dataset_produces_1
[2025-03-23T14:58:17.647+0000] {logging_mixin.py:190} INFO - [2025-03-23T14:58:17.647+0000] {override.py:1912} INFO - Created Permission View: can read on DAG:consume_1_and_2_with_dataset_expressions
[2025-03-23T14:58:17.652+0000] {logging_mixin.py:190} INFO - [2025-03-23T14:58:17.652+0000] {override.py:1912} INFO - Created Permission View: can edit on DAG:consume_1_and_2_with_dataset_expressions
[2025-03-23T14:58:17.657+0000] {logging_mixin.py:190} INFO - [2025-03-23T14:58:17.657+0000] {override.py:1912} INFO - Created Permission View: can delete on DAG:consume_1_and_2_with_dataset_expressions
[2025-03-23T14:58:17.661+0000] {logging_mixin.py:190} INFO - [2025-03-23T14:58:17.661+0000] {override.py:1912} INFO - Created Permission View: can read on DAG Run:consume_1_and_2_with_dataset_expressions
[2025-03-23T14:58:17.666+0000] {logging_mixin.py:190} INFO - [2025-03-23T14:58:17.666+0000] {override.py:1912} INFO - Created Permission View: can delete on DAG Run:consume_1_and_2_with_dataset_expressions
[2025-03-23T14:58:17.670+0000] {logging_mixin.py:190} INFO - [2025-03-23T14:58:17.670+0000] {override.py:1912} INFO - Created Permission View: menu access on DAG Run:consume_1_and_2_with_dataset_expressions
[2025-03-23T14:58:17.675+0000] {logging_mixin.py:190} INFO - [2025-03-23T14:58:17.674+0000] {override.py:1912} INFO - Created Permission View: can create on DAG Run:consume_1_and_2_with_dataset_expressions
[2025-03-23T14:58:17.683+0000] {logging_mixin.py:190} INFO - [2025-03-23T14:58:17.683+0000] {override.py:1912} INFO - Created Permission View: can read on DAG:consume_1_or_2_with_dataset_expressions
[2025-03-23T14:58:17.688+0000] {logging_mixin.py:190} INFO - [2025-03-23T14:58:17.687+0000] {override.py:1912} INFO - Created Permission View: can edit on DAG:consume_1_or_2_with_dataset_expressions
[2025-03-23T14:58:17.692+0000] {logging_mixin.py:190} INFO - [2025-03-23T14:58:17.692+0000] {override.py:1912} INFO - Created Permission View: can delete on DAG:consume_1_or_2_with_dataset_expressions
[2025-03-23T14:58:17.697+0000] {logging_mixin.py:190} INFO - [2025-03-23T14:58:17.697+0000] {override.py:1912} INFO - Created Permission View: can read on DAG Run:consume_1_or_2_with_dataset_expressions
[2025-03-23T14:58:17.702+0000] {logging_mixin.py:190} INFO - [2025-03-23T14:58:17.702+0000] {override.py:1912} INFO - Created Permission View: can delete on DAG Run:consume_1_or_2_with_dataset_expressions
[2025-03-23T14:58:17.706+0000] {logging_mixin.py:190} INFO - [2025-03-23T14:58:17.706+0000] {override.py:1912} INFO - Created Permission View: menu access on DAG Run:consume_1_or_2_with_dataset_expressions
[2025-03-23T14:58:17.711+0000] {logging_mixin.py:190} INFO - [2025-03-23T14:58:17.711+0000] {override.py:1912} INFO - Created Permission View: can create on DAG Run:consume_1_or_2_with_dataset_expressions
[2025-03-23T14:58:17.711+0000] {logging_mixin.py:190} INFO - [2025-03-23T14:58:17.711+0000] {dag.py:3239} INFO - Sync 10 DAGs
[2025-03-23T14:58:17.724+0000] {logging_mixin.py:190} INFO - [2025-03-23T14:58:17.723+0000] {dag.py:3262} INFO - Creating ORM DAG for consume_1_or_both_2_and_3_with_dataset_expressions
[2025-03-23T14:58:17.724+0000] {logging_mixin.py:190} INFO - [2025-03-23T14:58:17.724+0000] {dag.py:3262} INFO - Creating ORM DAG for consume_1_and_2_with_dataset_expressions
[2025-03-23T14:58:17.725+0000] {logging_mixin.py:190} INFO - [2025-03-23T14:58:17.725+0000] {dag.py:3262} INFO - Creating ORM DAG for dataset_consumes_unknown_never_scheduled
[2025-03-23T14:58:17.725+0000] {logging_mixin.py:190} INFO - [2025-03-23T14:58:17.725+0000] {dag.py:3262} INFO - Creating ORM DAG for dataset_produces_2
[2025-03-23T14:58:17.726+0000] {logging_mixin.py:190} INFO - [2025-03-23T14:58:17.726+0000] {dag.py:3262} INFO - Creating ORM DAG for dataset_produces_1
[2025-03-23T14:58:17.726+0000] {logging_mixin.py:190} INFO - [2025-03-23T14:58:17.726+0000] {dag.py:3262} INFO - Creating ORM DAG for dataset_consumes_1_never_scheduled
[2025-03-23T14:58:17.727+0000] {logging_mixin.py:190} INFO - [2025-03-23T14:58:17.727+0000] {dag.py:3262} INFO - Creating ORM DAG for consume_1_or_2_with_dataset_expressions
[2025-03-23T14:58:17.727+0000] {logging_mixin.py:190} INFO - [2025-03-23T14:58:17.727+0000] {dag.py:3262} INFO - Creating ORM DAG for dataset_consumes_1
[2025-03-23T14:58:17.728+0000] {logging_mixin.py:190} INFO - [2025-03-23T14:58:17.728+0000] {dag.py:3262} INFO - Creating ORM DAG for dataset_consumes_1_and_2
[2025-03-23T14:58:17.728+0000] {logging_mixin.py:190} INFO - [2025-03-23T14:58:17.728+0000] {dag.py:3262} INFO - Creating ORM DAG for conditional_dataset_and_time_based_timetable
[2025-03-23T14:58:17.737+0000] {logging_mixin.py:190} INFO - [2025-03-23T14:58:17.737+0000] {dag.py:4180} INFO - Setting next_dagrun for conditional_dataset_and_time_based_timetable to 2025-03-19 01:00:00+00:00, run_after=2025-03-19 01:00:00+00:00
[2025-03-23T14:58:17.738+0000] {logging_mixin.py:190} INFO - [2025-03-23T14:58:17.737+0000] {dag.py:4180} INFO - Setting next_dagrun for consume_1_and_2_with_dataset_expressions to None, run_after=None
[2025-03-23T14:58:17.738+0000] {logging_mixin.py:190} INFO - [2025-03-23T14:58:17.738+0000] {dag.py:4180} INFO - Setting next_dagrun for consume_1_or_2_with_dataset_expressions to None, run_after=None
[2025-03-23T14:58:17.738+0000] {logging_mixin.py:190} INFO - [2025-03-23T14:58:17.738+0000] {dag.py:4180} INFO - Setting next_dagrun for consume_1_or_both_2_and_3_with_dataset_expressions to None, run_after=None
[2025-03-23T14:58:17.738+0000] {logging_mixin.py:190} INFO - [2025-03-23T14:58:17.738+0000] {dag.py:4180} INFO - Setting next_dagrun for dataset_consumes_1 to None, run_after=None
[2025-03-23T14:58:17.739+0000] {logging_mixin.py:190} INFO - [2025-03-23T14:58:17.739+0000] {dag.py:4180} INFO - Setting next_dagrun for dataset_consumes_1_and_2 to None, run_after=None
[2025-03-23T14:58:17.740+0000] {logging_mixin.py:190} INFO - [2025-03-23T14:58:17.739+0000] {dag.py:4180} INFO - Setting next_dagrun for dataset_consumes_1_never_scheduled to None, run_after=None
[2025-03-23T14:58:17.740+0000] {logging_mixin.py:190} INFO - [2025-03-23T14:58:17.740+0000] {dag.py:4180} INFO - Setting next_dagrun for dataset_consumes_unknown_never_scheduled to None, run_after=None
[2025-03-23T14:58:17.741+0000] {logging_mixin.py:190} INFO - [2025-03-23T14:58:17.741+0000] {dag.py:4180} INFO - Setting next_dagrun for dataset_produces_1 to 2025-03-22 00:00:00+00:00, run_after=2025-03-23 00:00:00+00:00
[2025-03-23T14:58:17.742+0000] {logging_mixin.py:190} INFO - [2025-03-23T14:58:17.742+0000] {dag.py:4180} INFO - Setting next_dagrun for dataset_produces_2 to None, run_after=None
[2025-03-23T14:58:17.776+0000] {processor.py:208} INFO - Processing /home/airflow/.local/lib/python3.12/site-packages/airflow/example_dags/example_datasets.py took 1.055 seconds
[2025-03-23T14:58:48.659+0000] {processor.py:186} INFO - Started process (PID=165) to work on /home/airflow/.local/lib/python3.12/site-packages/airflow/example_dags/example_datasets.py
[2025-03-23T14:58:48.660+0000] {processor.py:914} INFO - Processing file /home/airflow/.local/lib/python3.12/site-packages/airflow/example_dags/example_datasets.py for tasks to queue
[2025-03-23T14:58:48.662+0000] {logging_mixin.py:190} INFO - [2025-03-23T14:58:48.662+0000] {dagbag.py:588} INFO - Filling up the DagBag from /home/airflow/.local/lib/python3.12/site-packages/airflow/example_dags/example_datasets.py
[2025-03-23T14:58:49.203+0000] {processor.py:925} INFO - DAG(s) 'dataset_consumes_1_never_scheduled', 'conditional_dataset_and_time_based_timetable', 'dataset_produces_1', 'consume_1_or_both_2_and_3_with_dataset_expressions', 'dataset_consumes_1_and_2', 'consume_1_or_2_with_dataset_expressions', 'dataset_produces_2', 'consume_1_and_2_with_dataset_expressions', 'dataset_consumes_unknown_never_scheduled', 'dataset_consumes_1' retrieved from /home/airflow/.local/lib/python3.12/site-packages/airflow/example_dags/example_datasets.py
[2025-03-23T14:58:49.237+0000] {logging_mixin.py:190} INFO - [2025-03-23T14:58:49.237+0000] {dag.py:3239} INFO - Sync 10 DAGs
[2025-03-23T14:58:49.258+0000] {logging_mixin.py:190} INFO - [2025-03-23T14:58:49.258+0000] {dag.py:4180} INFO - Setting next_dagrun for conditional_dataset_and_time_based_timetable to 2025-03-19 01:00:00+00:00, run_after=2025-03-19 01:00:00+00:00
[2025-03-23T14:58:49.261+0000] {logging_mixin.py:190} INFO - [2025-03-23T14:58:49.261+0000] {dag.py:4180} INFO - Setting next_dagrun for consume_1_and_2_with_dataset_expressions to None, run_after=None
[2025-03-23T14:58:49.263+0000] {logging_mixin.py:190} INFO - [2025-03-23T14:58:49.263+0000] {dag.py:4180} INFO - Setting next_dagrun for consume_1_or_2_with_dataset_expressions to None, run_after=None
[2025-03-23T14:58:49.264+0000] {logging_mixin.py:190} INFO - [2025-03-23T14:58:49.264+0000] {dag.py:4180} INFO - Setting next_dagrun for consume_1_or_both_2_and_3_with_dataset_expressions to None, run_after=None
[2025-03-23T14:58:49.265+0000] {logging_mixin.py:190} INFO - [2025-03-23T14:58:49.265+0000] {dag.py:4180} INFO - Setting next_dagrun for dataset_consumes_1 to None, run_after=None
[2025-03-23T14:58:49.266+0000] {logging_mixin.py:190} INFO - [2025-03-23T14:58:49.266+0000] {dag.py:4180} INFO - Setting next_dagrun for dataset_consumes_1_and_2 to None, run_after=None
[2025-03-23T14:58:49.267+0000] {logging_mixin.py:190} INFO - [2025-03-23T14:58:49.267+0000] {dag.py:4180} INFO - Setting next_dagrun for dataset_consumes_1_never_scheduled to None, run_after=None
[2025-03-23T14:58:49.268+0000] {logging_mixin.py:190} INFO - [2025-03-23T14:58:49.268+0000] {dag.py:4180} INFO - Setting next_dagrun for dataset_consumes_unknown_never_scheduled to None, run_after=None
[2025-03-23T14:58:49.270+0000] {logging_mixin.py:190} INFO - [2025-03-23T14:58:49.270+0000] {dag.py:4180} INFO - Setting next_dagrun for dataset_produces_1 to 2025-03-22 00:00:00+00:00, run_after=2025-03-23 00:00:00+00:00
[2025-03-23T14:58:49.271+0000] {logging_mixin.py:190} INFO - [2025-03-23T14:58:49.270+0000] {dag.py:4180} INFO - Setting next_dagrun for dataset_produces_2 to None, run_after=None
[2025-03-23T14:58:49.297+0000] {processor.py:208} INFO - Processing /home/airflow/.local/lib/python3.12/site-packages/airflow/example_dags/example_datasets.py took 0.644 seconds
[2025-03-23T14:59:19.895+0000] {processor.py:186} INFO - Started process (PID=228) to work on /home/airflow/.local/lib/python3.12/site-packages/airflow/example_dags/example_datasets.py
[2025-03-23T14:59:19.896+0000] {processor.py:914} INFO - Processing file /home/airflow/.local/lib/python3.12/site-packages/airflow/example_dags/example_datasets.py for tasks to queue
[2025-03-23T14:59:19.898+0000] {logging_mixin.py:190} INFO - [2025-03-23T14:59:19.897+0000] {dagbag.py:588} INFO - Filling up the DagBag from /home/airflow/.local/lib/python3.12/site-packages/airflow/example_dags/example_datasets.py
[2025-03-23T14:59:20.446+0000] {processor.py:925} INFO - DAG(s) 'dataset_consumes_1', 'consume_1_and_2_with_dataset_expressions', 'dataset_consumes_1_and_2', 'dataset_produces_1', 'dataset_produces_2', 'consume_1_or_2_with_dataset_expressions', 'consume_1_or_both_2_and_3_with_dataset_expressions', 'conditional_dataset_and_time_based_timetable', 'dataset_consumes_unknown_never_scheduled', 'dataset_consumes_1_never_scheduled' retrieved from /home/airflow/.local/lib/python3.12/site-packages/airflow/example_dags/example_datasets.py
[2025-03-23T14:59:20.482+0000] {logging_mixin.py:190} INFO - [2025-03-23T14:59:20.481+0000] {dag.py:3239} INFO - Sync 10 DAGs
[2025-03-23T14:59:20.506+0000] {logging_mixin.py:190} INFO - [2025-03-23T14:59:20.505+0000] {dag.py:4180} INFO - Setting next_dagrun for conditional_dataset_and_time_based_timetable to 2025-03-19 01:00:00+00:00, run_after=2025-03-19 01:00:00+00:00
[2025-03-23T14:59:20.509+0000] {logging_mixin.py:190} INFO - [2025-03-23T14:59:20.508+0000] {dag.py:4180} INFO - Setting next_dagrun for consume_1_and_2_with_dataset_expressions to None, run_after=None
[2025-03-23T14:59:20.510+0000] {logging_mixin.py:190} INFO - [2025-03-23T14:59:20.510+0000] {dag.py:4180} INFO - Setting next_dagrun for consume_1_or_2_with_dataset_expressions to None, run_after=None
[2025-03-23T14:59:20.511+0000] {logging_mixin.py:190} INFO - [2025-03-23T14:59:20.510+0000] {dag.py:4180} INFO - Setting next_dagrun for consume_1_or_both_2_and_3_with_dataset_expressions to None, run_after=None
[2025-03-23T14:59:20.512+0000] {logging_mixin.py:190} INFO - [2025-03-23T14:59:20.511+0000] {dag.py:4180} INFO - Setting next_dagrun for dataset_consumes_1 to None, run_after=None
[2025-03-23T14:59:20.512+0000] {logging_mixin.py:190} INFO - [2025-03-23T14:59:20.512+0000] {dag.py:4180} INFO - Setting next_dagrun for dataset_consumes_1_and_2 to None, run_after=None
[2025-03-23T14:59:20.513+0000] {logging_mixin.py:190} INFO - [2025-03-23T14:59:20.513+0000] {dag.py:4180} INFO - Setting next_dagrun for dataset_consumes_1_never_scheduled to None, run_after=None
[2025-03-23T14:59:20.514+0000] {logging_mixin.py:190} INFO - [2025-03-23T14:59:20.514+0000] {dag.py:4180} INFO - Setting next_dagrun for dataset_consumes_unknown_never_scheduled to None, run_after=None
[2025-03-23T14:59:20.516+0000] {logging_mixin.py:190} INFO - [2025-03-23T14:59:20.516+0000] {dag.py:4180} INFO - Setting next_dagrun for dataset_produces_1 to 2025-03-22 00:00:00+00:00, run_after=2025-03-23 00:00:00+00:00
[2025-03-23T14:59:20.517+0000] {logging_mixin.py:190} INFO - [2025-03-23T14:59:20.517+0000] {dag.py:4180} INFO - Setting next_dagrun for dataset_produces_2 to None, run_after=None
[2025-03-23T14:59:20.547+0000] {processor.py:208} INFO - Processing /home/airflow/.local/lib/python3.12/site-packages/airflow/example_dags/example_datasets.py took 0.658 seconds
[2025-03-23T14:59:50.643+0000] {processor.py:186} INFO - Started process (PID=291) to work on /home/airflow/.local/lib/python3.12/site-packages/airflow/example_dags/example_datasets.py
[2025-03-23T14:59:50.644+0000] {processor.py:914} INFO - Processing file /home/airflow/.local/lib/python3.12/site-packages/airflow/example_dags/example_datasets.py for tasks to queue
[2025-03-23T14:59:50.646+0000] {logging_mixin.py:190} INFO - [2025-03-23T14:59:50.646+0000] {dagbag.py:588} INFO - Filling up the DagBag from /home/airflow/.local/lib/python3.12/site-packages/airflow/example_dags/example_datasets.py
[2025-03-23T14:59:51.177+0000] {processor.py:925} INFO - DAG(s) 'dataset_consumes_1_never_scheduled', 'dataset_consumes_1', 'consume_1_or_2_with_dataset_expressions', 'dataset_produces_1', 'dataset_produces_2', 'consume_1_and_2_with_dataset_expressions', 'dataset_consumes_1_and_2', 'conditional_dataset_and_time_based_timetable', 'dataset_consumes_unknown_never_scheduled', 'consume_1_or_both_2_and_3_with_dataset_expressions' retrieved from /home/airflow/.local/lib/python3.12/site-packages/airflow/example_dags/example_datasets.py
[2025-03-23T14:59:51.215+0000] {logging_mixin.py:190} INFO - [2025-03-23T14:59:51.215+0000] {dag.py:3239} INFO - Sync 10 DAGs
[2025-03-23T14:59:51.238+0000] {logging_mixin.py:190} INFO - [2025-03-23T14:59:51.238+0000] {dag.py:4180} INFO - Setting next_dagrun for conditional_dataset_and_time_based_timetable to 2025-03-19 01:00:00+00:00, run_after=2025-03-19 01:00:00+00:00
[2025-03-23T14:59:51.241+0000] {logging_mixin.py:190} INFO - [2025-03-23T14:59:51.241+0000] {dag.py:4180} INFO - Setting next_dagrun for consume_1_and_2_with_dataset_expressions to None, run_after=None
[2025-03-23T14:59:51.242+0000] {logging_mixin.py:190} INFO - [2025-03-23T14:59:51.242+0000] {dag.py:4180} INFO - Setting next_dagrun for consume_1_or_2_with_dataset_expressions to None, run_after=None
[2025-03-23T14:59:51.243+0000] {logging_mixin.py:190} INFO - [2025-03-23T14:59:51.243+0000] {dag.py:4180} INFO - Setting next_dagrun for consume_1_or_both_2_and_3_with_dataset_expressions to None, run_after=None
[2025-03-23T14:59:51.244+0000] {logging_mixin.py:190} INFO - [2025-03-23T14:59:51.244+0000] {dag.py:4180} INFO - Setting next_dagrun for dataset_consumes_1 to None, run_after=None
[2025-03-23T14:59:51.245+0000] {logging_mixin.py:190} INFO - [2025-03-23T14:59:51.245+0000] {dag.py:4180} INFO - Setting next_dagrun for dataset_consumes_1_and_2 to None, run_after=None
[2025-03-23T14:59:51.246+0000] {logging_mixin.py:190} INFO - [2025-03-23T14:59:51.246+0000] {dag.py:4180} INFO - Setting next_dagrun for dataset_consumes_1_never_scheduled to None, run_after=None
[2025-03-23T14:59:51.247+0000] {logging_mixin.py:190} INFO - [2025-03-23T14:59:51.247+0000] {dag.py:4180} INFO - Setting next_dagrun for dataset_consumes_unknown_never_scheduled to None, run_after=None
[2025-03-23T14:59:51.249+0000] {logging_mixin.py:190} INFO - [2025-03-23T14:59:51.249+0000] {dag.py:4180} INFO - Setting next_dagrun for dataset_produces_1 to 2025-03-22 00:00:00+00:00, run_after=2025-03-23 00:00:00+00:00
[2025-03-23T14:59:51.250+0000] {logging_mixin.py:190} INFO - [2025-03-23T14:59:51.250+0000] {dag.py:4180} INFO - Setting next_dagrun for dataset_produces_2 to None, run_after=None
[2025-03-23T14:59:51.276+0000] {processor.py:208} INFO - Processing /home/airflow/.local/lib/python3.12/site-packages/airflow/example_dags/example_datasets.py took 0.638 seconds
[2025-03-23T15:00:21.918+0000] {processor.py:186} INFO - Started process (PID=354) to work on /home/airflow/.local/lib/python3.12/site-packages/airflow/example_dags/example_datasets.py
[2025-03-23T15:00:21.919+0000] {processor.py:914} INFO - Processing file /home/airflow/.local/lib/python3.12/site-packages/airflow/example_dags/example_datasets.py for tasks to queue
[2025-03-23T15:00:21.921+0000] {logging_mixin.py:190} INFO - [2025-03-23T15:00:21.921+0000] {dagbag.py:588} INFO - Filling up the DagBag from /home/airflow/.local/lib/python3.12/site-packages/airflow/example_dags/example_datasets.py
[2025-03-23T15:00:22.465+0000] {processor.py:925} INFO - DAG(s) 'consume_1_or_2_with_dataset_expressions', 'dataset_consumes_1_never_scheduled', 'dataset_produces_2', 'consume_1_or_both_2_and_3_with_dataset_expressions', 'dataset_consumes_1', 'dataset_consumes_unknown_never_scheduled', 'consume_1_and_2_with_dataset_expressions', 'dataset_produces_1', 'dataset_consumes_1_and_2', 'conditional_dataset_and_time_based_timetable' retrieved from /home/airflow/.local/lib/python3.12/site-packages/airflow/example_dags/example_datasets.py
[2025-03-23T15:00:22.500+0000] {logging_mixin.py:190} INFO - [2025-03-23T15:00:22.500+0000] {dag.py:3239} INFO - Sync 10 DAGs
[2025-03-23T15:00:22.523+0000] {logging_mixin.py:190} INFO - [2025-03-23T15:00:22.523+0000] {dag.py:4180} INFO - Setting next_dagrun for conditional_dataset_and_time_based_timetable to 2025-03-19 01:00:00+00:00, run_after=2025-03-19 01:00:00+00:00
[2025-03-23T15:00:22.526+0000] {logging_mixin.py:190} INFO - [2025-03-23T15:00:22.526+0000] {dag.py:4180} INFO - Setting next_dagrun for consume_1_and_2_with_dataset_expressions to None, run_after=None
[2025-03-23T15:00:22.527+0000] {logging_mixin.py:190} INFO - [2025-03-23T15:00:22.527+0000] {dag.py:4180} INFO - Setting next_dagrun for consume_1_or_2_with_dataset_expressions to None, run_after=None
[2025-03-23T15:00:22.528+0000] {logging_mixin.py:190} INFO - [2025-03-23T15:00:22.528+0000] {dag.py:4180} INFO - Setting next_dagrun for consume_1_or_both_2_and_3_with_dataset_expressions to None, run_after=None
[2025-03-23T15:00:22.529+0000] {logging_mixin.py:190} INFO - [2025-03-23T15:00:22.529+0000] {dag.py:4180} INFO - Setting next_dagrun for dataset_consumes_1 to None, run_after=None
[2025-03-23T15:00:22.530+0000] {logging_mixin.py:190} INFO - [2025-03-23T15:00:22.530+0000] {dag.py:4180} INFO - Setting next_dagrun for dataset_consumes_1_and_2 to None, run_after=None
[2025-03-23T15:00:22.531+0000] {logging_mixin.py:190} INFO - [2025-03-23T15:00:22.531+0000] {dag.py:4180} INFO - Setting next_dagrun for dataset_consumes_1_never_scheduled to None, run_after=None
[2025-03-23T15:00:22.532+0000] {logging_mixin.py:190} INFO - [2025-03-23T15:00:22.532+0000] {dag.py:4180} INFO - Setting next_dagrun for dataset_consumes_unknown_never_scheduled to None, run_after=None
[2025-03-23T15:00:22.534+0000] {logging_mixin.py:190} INFO - [2025-03-23T15:00:22.534+0000] {dag.py:4180} INFO - Setting next_dagrun for dataset_produces_1 to 2025-03-22 00:00:00+00:00, run_after=2025-03-23 00:00:00+00:00
[2025-03-23T15:00:22.535+0000] {logging_mixin.py:190} INFO - [2025-03-23T15:00:22.535+0000] {dag.py:4180} INFO - Setting next_dagrun for dataset_produces_2 to None, run_after=None
[2025-03-23T15:00:22.562+0000] {processor.py:208} INFO - Processing /home/airflow/.local/lib/python3.12/site-packages/airflow/example_dags/example_datasets.py took 0.649 seconds
