[2025-03-23T14:58:14.402+0000] {processor.py:186} INFO - Started process (PID=84) to work on /home/airflow/.local/lib/python3.12/site-packages/airflow/example_dags/example_branch_labels.py
[2025-03-23T14:58:14.403+0000] {processor.py:914} INFO - Processing file /home/airflow/.local/lib/python3.12/site-packages/airflow/example_dags/example_branch_labels.py for tasks to queue
[2025-03-23T14:58:14.405+0000] {logging_mixin.py:190} INFO - [2025-03-23T14:58:14.405+0000] {dagbag.py:588} INFO - Filling up the DagBag from /home/airflow/.local/lib/python3.12/site-packages/airflow/example_dags/example_branch_labels.py
[2025-03-23T14:58:14.415+0000] {processor.py:925} INFO - DAG(s) 'example_branch_labels' retrieved from /home/airflow/.local/lib/python3.12/site-packages/airflow/example_dags/example_branch_labels.py
[2025-03-23T14:58:14.529+0000] {logging_mixin.py:190} INFO - [2025-03-23T14:58:14.528+0000] {override.py:1912} INFO - Created Permission View: can read on DAG:example_branch_labels
[2025-03-23T14:58:14.538+0000] {logging_mixin.py:190} INFO - [2025-03-23T14:58:14.538+0000] {override.py:1912} INFO - Created Permission View: can edit on DAG:example_branch_labels
[2025-03-23T14:58:14.543+0000] {logging_mixin.py:190} INFO - [2025-03-23T14:58:14.543+0000] {override.py:1912} INFO - Created Permission View: can delete on DAG:example_branch_labels
[2025-03-23T14:58:14.549+0000] {logging_mixin.py:190} INFO - [2025-03-23T14:58:14.549+0000] {override.py:1912} INFO - Created Permission View: can read on DAG Run:example_branch_labels
[2025-03-23T14:58:14.554+0000] {logging_mixin.py:190} INFO - [2025-03-23T14:58:14.554+0000] {override.py:1912} INFO - Created Permission View: can delete on DAG Run:example_branch_labels
[2025-03-23T14:58:14.561+0000] {logging_mixin.py:190} INFO - [2025-03-23T14:58:14.561+0000] {override.py:1912} INFO - Created Permission View: menu access on DAG Run:example_branch_labels
[2025-03-23T14:58:14.566+0000] {logging_mixin.py:190} INFO - [2025-03-23T14:58:14.566+0000] {override.py:1912} INFO - Created Permission View: can create on DAG Run:example_branch_labels
[2025-03-23T14:58:14.566+0000] {logging_mixin.py:190} INFO - [2025-03-23T14:58:14.566+0000] {dag.py:3239} INFO - Sync 1 DAGs
[2025-03-23T14:58:14.577+0000] {logging_mixin.py:190} INFO - [2025-03-23T14:58:14.577+0000] {dag.py:3262} INFO - Creating ORM DAG for example_branch_labels
[2025-03-23T14:58:14.587+0000] {logging_mixin.py:190} INFO - [2025-03-23T14:58:14.587+0000] {dag.py:4180} INFO - Setting next_dagrun for example_branch_labels to 2025-03-22 00:00:00+00:00, run_after=2025-03-23 00:00:00+00:00
[2025-03-23T14:58:14.600+0000] {processor.py:208} INFO - Processing /home/airflow/.local/lib/python3.12/site-packages/airflow/example_dags/example_branch_labels.py took 0.203 seconds
[2025-03-23T14:58:45.142+0000] {processor.py:186} INFO - Started process (PID=147) to work on /home/airflow/.local/lib/python3.12/site-packages/airflow/example_dags/example_branch_labels.py
[2025-03-23T14:58:45.142+0000] {processor.py:914} INFO - Processing file /home/airflow/.local/lib/python3.12/site-packages/airflow/example_dags/example_branch_labels.py for tasks to queue
[2025-03-23T14:58:45.144+0000] {logging_mixin.py:190} INFO - [2025-03-23T14:58:45.144+0000] {dagbag.py:588} INFO - Filling up the DagBag from /home/airflow/.local/lib/python3.12/site-packages/airflow/example_dags/example_branch_labels.py
[2025-03-23T14:58:45.153+0000] {processor.py:925} INFO - DAG(s) 'example_branch_labels' retrieved from /home/airflow/.local/lib/python3.12/site-packages/airflow/example_dags/example_branch_labels.py
[2025-03-23T14:58:45.172+0000] {logging_mixin.py:190} INFO - [2025-03-23T14:58:45.171+0000] {dag.py:3239} INFO - Sync 1 DAGs
[2025-03-23T14:58:45.192+0000] {logging_mixin.py:190} INFO - [2025-03-23T14:58:45.192+0000] {dag.py:4180} INFO - Setting next_dagrun for example_branch_labels to 2025-03-22 00:00:00+00:00, run_after=2025-03-23 00:00:00+00:00
[2025-03-23T14:58:45.208+0000] {processor.py:208} INFO - Processing /home/airflow/.local/lib/python3.12/site-packages/airflow/example_dags/example_branch_labels.py took 0.072 seconds
[2025-03-23T14:59:15.737+0000] {processor.py:186} INFO - Started process (PID=216) to work on /home/airflow/.local/lib/python3.12/site-packages/airflow/example_dags/example_branch_labels.py
[2025-03-23T14:59:15.743+0000] {processor.py:914} INFO - Processing file /home/airflow/.local/lib/python3.12/site-packages/airflow/example_dags/example_branch_labels.py for tasks to queue
[2025-03-23T14:59:15.745+0000] {logging_mixin.py:190} INFO - [2025-03-23T14:59:15.744+0000] {dagbag.py:588} INFO - Filling up the DagBag from /home/airflow/.local/lib/python3.12/site-packages/airflow/example_dags/example_branch_labels.py
[2025-03-23T14:59:15.753+0000] {processor.py:925} INFO - DAG(s) 'example_branch_labels' retrieved from /home/airflow/.local/lib/python3.12/site-packages/airflow/example_dags/example_branch_labels.py
[2025-03-23T14:59:15.771+0000] {logging_mixin.py:190} INFO - [2025-03-23T14:59:15.771+0000] {dag.py:3239} INFO - Sync 1 DAGs
[2025-03-23T14:59:15.791+0000] {logging_mixin.py:190} INFO - [2025-03-23T14:59:15.791+0000] {dag.py:4180} INFO - Setting next_dagrun for example_branch_labels to 2025-03-22 00:00:00+00:00, run_after=2025-03-23 00:00:00+00:00
[2025-03-23T14:59:15.804+0000] {processor.py:208} INFO - Processing /home/airflow/.local/lib/python3.12/site-packages/airflow/example_dags/example_branch_labels.py took 0.072 seconds
[2025-03-23T14:59:46.129+0000] {processor.py:186} INFO - Started process (PID=279) to work on /home/airflow/.local/lib/python3.12/site-packages/airflow/example_dags/example_branch_labels.py
[2025-03-23T14:59:46.130+0000] {processor.py:914} INFO - Processing file /home/airflow/.local/lib/python3.12/site-packages/airflow/example_dags/example_branch_labels.py for tasks to queue
[2025-03-23T14:59:46.132+0000] {logging_mixin.py:190} INFO - [2025-03-23T14:59:46.132+0000] {dagbag.py:588} INFO - Filling up the DagBag from /home/airflow/.local/lib/python3.12/site-packages/airflow/example_dags/example_branch_labels.py
[2025-03-23T14:59:46.141+0000] {processor.py:925} INFO - DAG(s) 'example_branch_labels' retrieved from /home/airflow/.local/lib/python3.12/site-packages/airflow/example_dags/example_branch_labels.py
[2025-03-23T14:59:46.159+0000] {logging_mixin.py:190} INFO - [2025-03-23T14:59:46.159+0000] {dag.py:3239} INFO - Sync 1 DAGs
[2025-03-23T14:59:46.179+0000] {logging_mixin.py:190} INFO - [2025-03-23T14:59:46.179+0000] {dag.py:4180} INFO - Setting next_dagrun for example_branch_labels to 2025-03-22 00:00:00+00:00, run_after=2025-03-23 00:00:00+00:00
[2025-03-23T14:59:46.192+0000] {processor.py:208} INFO - Processing /home/airflow/.local/lib/python3.12/site-packages/airflow/example_dags/example_branch_labels.py took 0.069 seconds
[2025-03-23T15:00:16.682+0000] {processor.py:186} INFO - Started process (PID=342) to work on /home/airflow/.local/lib/python3.12/site-packages/airflow/example_dags/example_branch_labels.py
[2025-03-23T15:00:16.683+0000] {processor.py:914} INFO - Processing file /home/airflow/.local/lib/python3.12/site-packages/airflow/example_dags/example_branch_labels.py for tasks to queue
[2025-03-23T15:00:16.685+0000] {logging_mixin.py:190} INFO - [2025-03-23T15:00:16.685+0000] {dagbag.py:588} INFO - Filling up the DagBag from /home/airflow/.local/lib/python3.12/site-packages/airflow/example_dags/example_branch_labels.py
[2025-03-23T15:00:16.693+0000] {processor.py:925} INFO - DAG(s) 'example_branch_labels' retrieved from /home/airflow/.local/lib/python3.12/site-packages/airflow/example_dags/example_branch_labels.py
[2025-03-23T15:00:16.711+0000] {logging_mixin.py:190} INFO - [2025-03-23T15:00:16.711+0000] {dag.py:3239} INFO - Sync 1 DAGs
[2025-03-23T15:00:16.729+0000] {logging_mixin.py:190} INFO - [2025-03-23T15:00:16.729+0000] {dag.py:4180} INFO - Setting next_dagrun for example_branch_labels to 2025-03-22 00:00:00+00:00, run_after=2025-03-23 00:00:00+00:00
[2025-03-23T15:00:16.742+0000] {processor.py:208} INFO - Processing /home/airflow/.local/lib/python3.12/site-packages/airflow/example_dags/example_branch_labels.py took 0.065 seconds
