[2025-03-23T14:58:18.227+0000] {processor.py:186} INFO - Started process (PID=106) to work on /home/airflow/.local/lib/python3.12/site-packages/airflow/example_dags/example_latest_only_with_trigger.py
[2025-03-23T14:58:18.228+0000] {processor.py:914} INFO - Processing file /home/airflow/.local/lib/python3.12/site-packages/airflow/example_dags/example_latest_only_with_trigger.py for tasks to queue
[2025-03-23T14:58:18.230+0000] {logging_mixin.py:190} INFO - [2025-03-23T14:58:18.229+0000] {dagbag.py:588} INFO - Filling up the DagBag from /home/airflow/.local/lib/python3.12/site-packages/airflow/example_dags/example_latest_only_with_trigger.py
[2025-03-23T14:58:18.237+0000] {processor.py:925} INFO - DAG(s) 'latest_only_with_trigger' retrieved from /home/airflow/.local/lib/python3.12/site-packages/airflow/example_dags/example_latest_only_with_trigger.py
[2025-03-23T14:58:18.333+0000] {logging_mixin.py:190} INFO - [2025-03-23T14:58:18.332+0000] {override.py:1912} INFO - Created Permission View: can read on DAG:latest_only_with_trigger
[2025-03-23T14:58:18.340+0000] {logging_mixin.py:190} INFO - [2025-03-23T14:58:18.340+0000] {override.py:1912} INFO - Created Permission View: can edit on DAG:latest_only_with_trigger
[2025-03-23T14:58:18.345+0000] {logging_mixin.py:190} INFO - [2025-03-23T14:58:18.345+0000] {override.py:1912} INFO - Created Permission View: can delete on DAG:latest_only_with_trigger
[2025-03-23T14:58:18.350+0000] {logging_mixin.py:190} INFO - [2025-03-23T14:58:18.349+0000] {override.py:1912} INFO - Created Permission View: can read on DAG Run:latest_only_with_trigger
[2025-03-23T14:58:18.355+0000] {logging_mixin.py:190} INFO - [2025-03-23T14:58:18.355+0000] {override.py:1912} INFO - Created Permission View: can delete on DAG Run:latest_only_with_trigger
[2025-03-23T14:58:18.359+0000] {logging_mixin.py:190} INFO - [2025-03-23T14:58:18.359+0000] {override.py:1912} INFO - Created Permission View: menu access on DAG Run:latest_only_with_trigger
[2025-03-23T14:58:18.363+0000] {logging_mixin.py:190} INFO - [2025-03-23T14:58:18.363+0000] {override.py:1912} INFO - Created Permission View: can create on DAG Run:latest_only_with_trigger
[2025-03-23T14:58:18.364+0000] {logging_mixin.py:190} INFO - [2025-03-23T14:58:18.364+0000] {dag.py:3239} INFO - Sync 1 DAGs
[2025-03-23T14:58:18.374+0000] {logging_mixin.py:190} INFO - [2025-03-23T14:58:18.374+0000] {dag.py:3262} INFO - Creating ORM DAG for latest_only_with_trigger
[2025-03-23T14:58:18.382+0000] {logging_mixin.py:190} INFO - [2025-03-23T14:58:18.382+0000] {dag.py:4180} INFO - Setting next_dagrun for latest_only_with_trigger to 2025-03-23 08:00:00+00:00, run_after=2025-03-23 12:00:00+00:00
[2025-03-23T14:58:18.394+0000] {processor.py:208} INFO - Processing /home/airflow/.local/lib/python3.12/site-packages/airflow/example_dags/example_latest_only_with_trigger.py took 0.173 seconds
[2025-03-23T14:58:49.390+0000] {processor.py:186} INFO - Started process (PID=169) to work on /home/airflow/.local/lib/python3.12/site-packages/airflow/example_dags/example_latest_only_with_trigger.py
[2025-03-23T14:58:49.391+0000] {processor.py:914} INFO - Processing file /home/airflow/.local/lib/python3.12/site-packages/airflow/example_dags/example_latest_only_with_trigger.py for tasks to queue
[2025-03-23T14:58:49.393+0000] {logging_mixin.py:190} INFO - [2025-03-23T14:58:49.392+0000] {dagbag.py:588} INFO - Filling up the DagBag from /home/airflow/.local/lib/python3.12/site-packages/airflow/example_dags/example_latest_only_with_trigger.py
[2025-03-23T14:58:49.400+0000] {processor.py:925} INFO - DAG(s) 'latest_only_with_trigger' retrieved from /home/airflow/.local/lib/python3.12/site-packages/airflow/example_dags/example_latest_only_with_trigger.py
[2025-03-23T14:58:49.417+0000] {logging_mixin.py:190} INFO - [2025-03-23T14:58:49.417+0000] {dag.py:3239} INFO - Sync 1 DAGs
[2025-03-23T14:58:49.437+0000] {logging_mixin.py:190} INFO - [2025-03-23T14:58:49.437+0000] {dag.py:4180} INFO - Setting next_dagrun for latest_only_with_trigger to 2025-03-23 08:00:00+00:00, run_after=2025-03-23 12:00:00+00:00
[2025-03-23T14:58:49.452+0000] {processor.py:208} INFO - Processing /home/airflow/.local/lib/python3.12/site-packages/airflow/example_dags/example_latest_only_with_trigger.py took 0.068 seconds
[2025-03-23T14:59:20.650+0000] {processor.py:186} INFO - Started process (PID=232) to work on /home/airflow/.local/lib/python3.12/site-packages/airflow/example_dags/example_latest_only_with_trigger.py
[2025-03-23T14:59:20.651+0000] {processor.py:914} INFO - Processing file /home/airflow/.local/lib/python3.12/site-packages/airflow/example_dags/example_latest_only_with_trigger.py for tasks to queue
[2025-03-23T14:59:20.653+0000] {logging_mixin.py:190} INFO - [2025-03-23T14:59:20.652+0000] {dagbag.py:588} INFO - Filling up the DagBag from /home/airflow/.local/lib/python3.12/site-packages/airflow/example_dags/example_latest_only_with_trigger.py
[2025-03-23T14:59:20.660+0000] {processor.py:925} INFO - DAG(s) 'latest_only_with_trigger' retrieved from /home/airflow/.local/lib/python3.12/site-packages/airflow/example_dags/example_latest_only_with_trigger.py
[2025-03-23T14:59:20.680+0000] {logging_mixin.py:190} INFO - [2025-03-23T14:59:20.680+0000] {dag.py:3239} INFO - Sync 1 DAGs
[2025-03-23T14:59:20.700+0000] {logging_mixin.py:190} INFO - [2025-03-23T14:59:20.700+0000] {dag.py:4180} INFO - Setting next_dagrun for latest_only_with_trigger to 2025-03-23 08:00:00+00:00, run_after=2025-03-23 12:00:00+00:00
[2025-03-23T14:59:20.715+0000] {processor.py:208} INFO - Processing /home/airflow/.local/lib/python3.12/site-packages/airflow/example_dags/example_latest_only_with_trigger.py took 0.071 seconds
[2025-03-23T14:59:51.377+0000] {processor.py:186} INFO - Started process (PID=295) to work on /home/airflow/.local/lib/python3.12/site-packages/airflow/example_dags/example_latest_only_with_trigger.py
[2025-03-23T14:59:51.378+0000] {processor.py:914} INFO - Processing file /home/airflow/.local/lib/python3.12/site-packages/airflow/example_dags/example_latest_only_with_trigger.py for tasks to queue
[2025-03-23T14:59:51.379+0000] {logging_mixin.py:190} INFO - [2025-03-23T14:59:51.379+0000] {dagbag.py:588} INFO - Filling up the DagBag from /home/airflow/.local/lib/python3.12/site-packages/airflow/example_dags/example_latest_only_with_trigger.py
[2025-03-23T14:59:51.386+0000] {processor.py:925} INFO - DAG(s) 'latest_only_with_trigger' retrieved from /home/airflow/.local/lib/python3.12/site-packages/airflow/example_dags/example_latest_only_with_trigger.py
[2025-03-23T14:59:51.404+0000] {logging_mixin.py:190} INFO - [2025-03-23T14:59:51.404+0000] {dag.py:3239} INFO - Sync 1 DAGs
[2025-03-23T14:59:51.425+0000] {logging_mixin.py:190} INFO - [2025-03-23T14:59:51.425+0000] {dag.py:4180} INFO - Setting next_dagrun for latest_only_with_trigger to 2025-03-23 08:00:00+00:00, run_after=2025-03-23 12:00:00+00:00
[2025-03-23T14:59:51.439+0000] {processor.py:208} INFO - Processing /home/airflow/.local/lib/python3.12/site-packages/airflow/example_dags/example_latest_only_with_trigger.py took 0.068 seconds
[2025-03-23T15:00:22.660+0000] {processor.py:186} INFO - Started process (PID=358) to work on /home/airflow/.local/lib/python3.12/site-packages/airflow/example_dags/example_latest_only_with_trigger.py
[2025-03-23T15:00:22.661+0000] {processor.py:914} INFO - Processing file /home/airflow/.local/lib/python3.12/site-packages/airflow/example_dags/example_latest_only_with_trigger.py for tasks to queue
[2025-03-23T15:00:22.662+0000] {logging_mixin.py:190} INFO - [2025-03-23T15:00:22.662+0000] {dagbag.py:588} INFO - Filling up the DagBag from /home/airflow/.local/lib/python3.12/site-packages/airflow/example_dags/example_latest_only_with_trigger.py
[2025-03-23T15:00:22.669+0000] {processor.py:925} INFO - DAG(s) 'latest_only_with_trigger' retrieved from /home/airflow/.local/lib/python3.12/site-packages/airflow/example_dags/example_latest_only_with_trigger.py
[2025-03-23T15:00:22.687+0000] {logging_mixin.py:190} INFO - [2025-03-23T15:00:22.687+0000] {dag.py:3239} INFO - Sync 1 DAGs
[2025-03-23T15:00:22.707+0000] {logging_mixin.py:190} INFO - [2025-03-23T15:00:22.707+0000] {dag.py:4180} INFO - Setting next_dagrun for latest_only_with_trigger to 2025-03-23 08:00:00+00:00, run_after=2025-03-23 12:00:00+00:00
[2025-03-23T15:00:22.720+0000] {processor.py:208} INFO - Processing /home/airflow/.local/lib/python3.12/site-packages/airflow/example_dags/example_latest_only_with_trigger.py took 0.066 seconds
