[2025-03-23T14:58:17.822+0000] {processor.py:186} INFO - Started process (PID=104) to work on /home/airflow/.local/lib/python3.12/site-packages/airflow/example_dags/example_kubernetes_executor.py
[2025-03-23T14:58:17.823+0000] {processor.py:914} INFO - Processing file /home/airflow/.local/lib/python3.12/site-packages/airflow/example_dags/example_kubernetes_executor.py for tasks to queue
[2025-03-23T14:58:17.825+0000] {logging_mixin.py:190} INFO - [2025-03-23T14:58:17.824+0000] {dagbag.py:588} INFO - Filling up the DagBag from /home/airflow/.local/lib/python3.12/site-packages/airflow/example_dags/example_kubernetes_executor.py
[2025-03-23T14:58:17.839+0000] {processor.py:925} INFO - DAG(s) 'example_kubernetes_executor' retrieved from /home/airflow/.local/lib/python3.12/site-packages/airflow/example_dags/example_kubernetes_executor.py
[2025-03-23T14:58:17.940+0000] {logging_mixin.py:190} INFO - [2025-03-23T14:58:17.939+0000] {override.py:1912} INFO - Created Permission View: can read on DAG:example_kubernetes_executor
[2025-03-23T14:58:17.949+0000] {logging_mixin.py:190} INFO - [2025-03-23T14:58:17.949+0000] {override.py:1912} INFO - Created Permission View: can edit on DAG:example_kubernetes_executor
[2025-03-23T14:58:17.953+0000] {logging_mixin.py:190} INFO - [2025-03-23T14:58:17.953+0000] {override.py:1912} INFO - Created Permission View: can delete on DAG:example_kubernetes_executor
[2025-03-23T14:58:17.958+0000] {logging_mixin.py:190} INFO - [2025-03-23T14:58:17.958+0000] {override.py:1912} INFO - Created Permission View: can read on DAG Run:example_kubernetes_executor
[2025-03-23T14:58:17.962+0000] {logging_mixin.py:190} INFO - [2025-03-23T14:58:17.962+0000] {override.py:1912} INFO - Created Permission View: can delete on DAG Run:example_kubernetes_executor
[2025-03-23T14:58:17.966+0000] {logging_mixin.py:190} INFO - [2025-03-23T14:58:17.966+0000] {override.py:1912} INFO - Created Permission View: menu access on DAG Run:example_kubernetes_executor
[2025-03-23T14:58:17.971+0000] {logging_mixin.py:190} INFO - [2025-03-23T14:58:17.970+0000] {override.py:1912} INFO - Created Permission View: can create on DAG Run:example_kubernetes_executor
[2025-03-23T14:58:17.971+0000] {logging_mixin.py:190} INFO - [2025-03-23T14:58:17.971+0000] {dag.py:3239} INFO - Sync 1 DAGs
[2025-03-23T14:58:17.981+0000] {logging_mixin.py:190} INFO - [2025-03-23T14:58:17.981+0000] {dag.py:3262} INFO - Creating ORM DAG for example_kubernetes_executor
[2025-03-23T14:58:17.982+0000] {logging_mixin.py:190} INFO - [2025-03-23T14:58:17.982+0000] {dag.py:4180} INFO - Setting next_dagrun for example_kubernetes_executor to None, run_after=None
[2025-03-23T14:58:17.993+0000] {processor.py:208} INFO - Processing /home/airflow/.local/lib/python3.12/site-packages/airflow/example_dags/example_kubernetes_executor.py took 0.177 seconds
[2025-03-23T14:58:49.290+0000] {processor.py:186} INFO - Started process (PID=167) to work on /home/airflow/.local/lib/python3.12/site-packages/airflow/example_dags/example_kubernetes_executor.py
[2025-03-23T14:58:49.291+0000] {processor.py:914} INFO - Processing file /home/airflow/.local/lib/python3.12/site-packages/airflow/example_dags/example_kubernetes_executor.py for tasks to queue
[2025-03-23T14:58:49.293+0000] {logging_mixin.py:190} INFO - [2025-03-23T14:58:49.293+0000] {dagbag.py:588} INFO - Filling up the DagBag from /home/airflow/.local/lib/python3.12/site-packages/airflow/example_dags/example_kubernetes_executor.py
[2025-03-23T14:58:49.307+0000] {processor.py:925} INFO - DAG(s) 'example_kubernetes_executor' retrieved from /home/airflow/.local/lib/python3.12/site-packages/airflow/example_dags/example_kubernetes_executor.py
[2025-03-23T14:58:49.329+0000] {logging_mixin.py:190} INFO - [2025-03-23T14:58:49.329+0000] {dag.py:3239} INFO - Sync 1 DAGs
[2025-03-23T14:58:49.344+0000] {logging_mixin.py:190} INFO - [2025-03-23T14:58:49.343+0000] {dag.py:4180} INFO - Setting next_dagrun for example_kubernetes_executor to None, run_after=None
[2025-03-23T14:58:49.358+0000] {processor.py:208} INFO - Processing /home/airflow/.local/lib/python3.12/site-packages/airflow/example_dags/example_kubernetes_executor.py took 0.074 seconds
[2025-03-23T14:59:20.547+0000] {processor.py:186} INFO - Started process (PID=230) to work on /home/airflow/.local/lib/python3.12/site-packages/airflow/example_dags/example_kubernetes_executor.py
[2025-03-23T14:59:20.548+0000] {processor.py:914} INFO - Processing file /home/airflow/.local/lib/python3.12/site-packages/airflow/example_dags/example_kubernetes_executor.py for tasks to queue
[2025-03-23T14:59:20.549+0000] {logging_mixin.py:190} INFO - [2025-03-23T14:59:20.549+0000] {dagbag.py:588} INFO - Filling up the DagBag from /home/airflow/.local/lib/python3.12/site-packages/airflow/example_dags/example_kubernetes_executor.py
[2025-03-23T14:59:20.563+0000] {processor.py:925} INFO - DAG(s) 'example_kubernetes_executor' retrieved from /home/airflow/.local/lib/python3.12/site-packages/airflow/example_dags/example_kubernetes_executor.py
[2025-03-23T14:59:20.584+0000] {logging_mixin.py:190} INFO - [2025-03-23T14:59:20.584+0000] {dag.py:3239} INFO - Sync 1 DAGs
[2025-03-23T14:59:20.596+0000] {logging_mixin.py:190} INFO - [2025-03-23T14:59:20.596+0000] {dag.py:4180} INFO - Setting next_dagrun for example_kubernetes_executor to None, run_after=None
[2025-03-23T14:59:20.610+0000] {processor.py:208} INFO - Processing /home/airflow/.local/lib/python3.12/site-packages/airflow/example_dags/example_kubernetes_executor.py took 0.069 seconds
[2025-03-23T14:59:51.280+0000] {processor.py:186} INFO - Started process (PID=293) to work on /home/airflow/.local/lib/python3.12/site-packages/airflow/example_dags/example_kubernetes_executor.py
[2025-03-23T14:59:51.281+0000] {processor.py:914} INFO - Processing file /home/airflow/.local/lib/python3.12/site-packages/airflow/example_dags/example_kubernetes_executor.py for tasks to queue
[2025-03-23T14:59:51.283+0000] {logging_mixin.py:190} INFO - [2025-03-23T14:59:51.283+0000] {dagbag.py:588} INFO - Filling up the DagBag from /home/airflow/.local/lib/python3.12/site-packages/airflow/example_dags/example_kubernetes_executor.py
[2025-03-23T14:59:51.296+0000] {processor.py:925} INFO - DAG(s) 'example_kubernetes_executor' retrieved from /home/airflow/.local/lib/python3.12/site-packages/airflow/example_dags/example_kubernetes_executor.py
[2025-03-23T14:59:51.316+0000] {logging_mixin.py:190} INFO - [2025-03-23T14:59:51.316+0000] {dag.py:3239} INFO - Sync 1 DAGs
[2025-03-23T14:59:51.329+0000] {logging_mixin.py:190} INFO - [2025-03-23T14:59:51.329+0000] {dag.py:4180} INFO - Setting next_dagrun for example_kubernetes_executor to None, run_after=None
[2025-03-23T14:59:51.342+0000] {processor.py:208} INFO - Processing /home/airflow/.local/lib/python3.12/site-packages/airflow/example_dags/example_kubernetes_executor.py took 0.068 seconds
[2025-03-23T15:00:22.566+0000] {processor.py:186} INFO - Started process (PID=356) to work on /home/airflow/.local/lib/python3.12/site-packages/airflow/example_dags/example_kubernetes_executor.py
[2025-03-23T15:00:22.567+0000] {processor.py:914} INFO - Processing file /home/airflow/.local/lib/python3.12/site-packages/airflow/example_dags/example_kubernetes_executor.py for tasks to queue
[2025-03-23T15:00:22.569+0000] {logging_mixin.py:190} INFO - [2025-03-23T15:00:22.569+0000] {dagbag.py:588} INFO - Filling up the DagBag from /home/airflow/.local/lib/python3.12/site-packages/airflow/example_dags/example_kubernetes_executor.py
[2025-03-23T15:00:22.581+0000] {processor.py:925} INFO - DAG(s) 'example_kubernetes_executor' retrieved from /home/airflow/.local/lib/python3.12/site-packages/airflow/example_dags/example_kubernetes_executor.py
[2025-03-23T15:00:22.602+0000] {logging_mixin.py:190} INFO - [2025-03-23T15:00:22.602+0000] {dag.py:3239} INFO - Sync 1 DAGs
[2025-03-23T15:00:22.614+0000] {logging_mixin.py:190} INFO - [2025-03-23T15:00:22.614+0000] {dag.py:4180} INFO - Setting next_dagrun for example_kubernetes_executor to None, run_after=None
[2025-03-23T15:00:22.628+0000] {processor.py:208} INFO - Processing /home/airflow/.local/lib/python3.12/site-packages/airflow/example_dags/example_kubernetes_executor.py took 0.067 seconds
