[2025-03-23T14:58:17.631+0000] {processor.py:186} INFO - Started process (PID=103) to work on /home/airflow/.local/lib/python3.12/site-packages/airflow/example_dags/example_inlet_event_extra.py
[2025-03-23T14:58:17.632+0000] {processor.py:914} INFO - Processing file /home/airflow/.local/lib/python3.12/site-packages/airflow/example_dags/example_inlet_event_extra.py for tasks to queue
[2025-03-23T14:58:17.634+0000] {logging_mixin.py:190} INFO - [2025-03-23T14:58:17.633+0000] {dagbag.py:588} INFO - Filling up the DagBag from /home/airflow/.local/lib/python3.12/site-packages/airflow/example_dags/example_inlet_event_extra.py
[2025-03-23T14:58:18.169+0000] {processor.py:925} INFO - DAG(s) 'read_dataset_event', 'read_dataset_event_from_classic' retrieved from /home/airflow/.local/lib/python3.12/site-packages/airflow/example_dags/example_inlet_event_extra.py
[2025-03-23T14:58:18.262+0000] {logging_mixin.py:190} INFO - [2025-03-23T14:58:18.261+0000] {override.py:1912} INFO - Created Permission View: can read on DAG:read_dataset_event
[2025-03-23T14:58:18.269+0000] {logging_mixin.py:190} INFO - [2025-03-23T14:58:18.269+0000] {override.py:1912} INFO - Created Permission View: can edit on DAG:read_dataset_event
[2025-03-23T14:58:18.273+0000] {logging_mixin.py:190} INFO - [2025-03-23T14:58:18.273+0000] {override.py:1912} INFO - Created Permission View: can delete on DAG:read_dataset_event
[2025-03-23T14:58:18.278+0000] {logging_mixin.py:190} INFO - [2025-03-23T14:58:18.278+0000] {override.py:1912} INFO - Created Permission View: can read on DAG Run:read_dataset_event
[2025-03-23T14:58:18.283+0000] {logging_mixin.py:190} INFO - [2025-03-23T14:58:18.282+0000] {override.py:1912} INFO - Created Permission View: can delete on DAG Run:read_dataset_event
[2025-03-23T14:58:18.287+0000] {logging_mixin.py:190} INFO - [2025-03-23T14:58:18.287+0000] {override.py:1912} INFO - Created Permission View: menu access on DAG Run:read_dataset_event
[2025-03-23T14:58:18.292+0000] {logging_mixin.py:190} INFO - [2025-03-23T14:58:18.291+0000] {override.py:1912} INFO - Created Permission View: can create on DAG Run:read_dataset_event
[2025-03-23T14:58:18.301+0000] {logging_mixin.py:190} INFO - [2025-03-23T14:58:18.300+0000] {override.py:1912} INFO - Created Permission View: can read on DAG:read_dataset_event_from_classic
[2025-03-23T14:58:18.305+0000] {logging_mixin.py:190} INFO - [2025-03-23T14:58:18.305+0000] {override.py:1912} INFO - Created Permission View: can edit on DAG:read_dataset_event_from_classic
[2025-03-23T14:58:18.310+0000] {logging_mixin.py:190} INFO - [2025-03-23T14:58:18.310+0000] {override.py:1912} INFO - Created Permission View: can delete on DAG:read_dataset_event_from_classic
[2025-03-23T14:58:18.315+0000] {logging_mixin.py:190} INFO - [2025-03-23T14:58:18.315+0000] {override.py:1912} INFO - Created Permission View: can read on DAG Run:read_dataset_event_from_classic
[2025-03-23T14:58:18.320+0000] {logging_mixin.py:190} INFO - [2025-03-23T14:58:18.319+0000] {override.py:1912} INFO - Created Permission View: can delete on DAG Run:read_dataset_event_from_classic
[2025-03-23T14:58:18.324+0000] {logging_mixin.py:190} INFO - [2025-03-23T14:58:18.324+0000] {override.py:1912} INFO - Created Permission View: menu access on DAG Run:read_dataset_event_from_classic
[2025-03-23T14:58:18.329+0000] {logging_mixin.py:190} INFO - [2025-03-23T14:58:18.329+0000] {override.py:1912} INFO - Created Permission View: can create on DAG Run:read_dataset_event_from_classic
[2025-03-23T14:58:18.329+0000] {logging_mixin.py:190} INFO - [2025-03-23T14:58:18.329+0000] {dag.py:3239} INFO - Sync 2 DAGs
[2025-03-23T14:58:18.343+0000] {logging_mixin.py:190} INFO - [2025-03-23T14:58:18.342+0000] {dag.py:3262} INFO - Creating ORM DAG for read_dataset_event_from_classic
[2025-03-23T14:58:18.344+0000] {logging_mixin.py:190} INFO - [2025-03-23T14:58:18.343+0000] {dag.py:3262} INFO - Creating ORM DAG for read_dataset_event
[2025-03-23T14:58:18.352+0000] {logging_mixin.py:190} INFO - [2025-03-23T14:58:18.352+0000] {dag.py:4180} INFO - Setting next_dagrun for read_dataset_event to 2025-03-22 00:00:00+00:00, run_after=2025-03-23 00:00:00+00:00
[2025-03-23T14:58:18.354+0000] {logging_mixin.py:190} INFO - [2025-03-23T14:58:18.354+0000] {dag.py:4180} INFO - Setting next_dagrun for read_dataset_event_from_classic to 2025-03-22 00:00:00+00:00, run_after=2025-03-23 00:00:00+00:00
[2025-03-23T14:58:18.367+0000] {processor.py:208} INFO - Processing /home/airflow/.local/lib/python3.12/site-packages/airflow/example_dags/example_inlet_event_extra.py took 0.741 seconds
[2025-03-23T14:58:48.671+0000] {processor.py:186} INFO - Started process (PID=166) to work on /home/airflow/.local/lib/python3.12/site-packages/airflow/example_dags/example_inlet_event_extra.py
[2025-03-23T14:58:48.672+0000] {processor.py:914} INFO - Processing file /home/airflow/.local/lib/python3.12/site-packages/airflow/example_dags/example_inlet_event_extra.py for tasks to queue
[2025-03-23T14:58:48.674+0000] {logging_mixin.py:190} INFO - [2025-03-23T14:58:48.674+0000] {dagbag.py:588} INFO - Filling up the DagBag from /home/airflow/.local/lib/python3.12/site-packages/airflow/example_dags/example_inlet_event_extra.py
[2025-03-23T14:58:49.195+0000] {processor.py:925} INFO - DAG(s) 'read_dataset_event', 'read_dataset_event_from_classic' retrieved from /home/airflow/.local/lib/python3.12/site-packages/airflow/example_dags/example_inlet_event_extra.py
[2025-03-23T14:58:49.213+0000] {logging_mixin.py:190} INFO - [2025-03-23T14:58:49.213+0000] {dag.py:3239} INFO - Sync 2 DAGs
[2025-03-23T14:58:49.233+0000] {logging_mixin.py:190} INFO - [2025-03-23T14:58:49.233+0000] {dag.py:4180} INFO - Setting next_dagrun for read_dataset_event to 2025-03-22 00:00:00+00:00, run_after=2025-03-23 00:00:00+00:00
[2025-03-23T14:58:49.237+0000] {logging_mixin.py:190} INFO - [2025-03-23T14:58:49.237+0000] {dag.py:4180} INFO - Setting next_dagrun for read_dataset_event_from_classic to 2025-03-22 00:00:00+00:00, run_after=2025-03-23 00:00:00+00:00
[2025-03-23T14:58:49.249+0000] {processor.py:208} INFO - Processing /home/airflow/.local/lib/python3.12/site-packages/airflow/example_dags/example_inlet_event_extra.py took 0.583 seconds
[2025-03-23T14:59:19.904+0000] {processor.py:186} INFO - Started process (PID=229) to work on /home/airflow/.local/lib/python3.12/site-packages/airflow/example_dags/example_inlet_event_extra.py
[2025-03-23T14:59:19.905+0000] {processor.py:914} INFO - Processing file /home/airflow/.local/lib/python3.12/site-packages/airflow/example_dags/example_inlet_event_extra.py for tasks to queue
[2025-03-23T14:59:19.907+0000] {logging_mixin.py:190} INFO - [2025-03-23T14:59:19.906+0000] {dagbag.py:588} INFO - Filling up the DagBag from /home/airflow/.local/lib/python3.12/site-packages/airflow/example_dags/example_inlet_event_extra.py
[2025-03-23T14:59:20.447+0000] {processor.py:925} INFO - DAG(s) 'read_dataset_event_from_classic', 'read_dataset_event' retrieved from /home/airflow/.local/lib/python3.12/site-packages/airflow/example_dags/example_inlet_event_extra.py
[2025-03-23T14:59:20.466+0000] {logging_mixin.py:190} INFO - [2025-03-23T14:59:20.466+0000] {dag.py:3239} INFO - Sync 2 DAGs
[2025-03-23T14:59:20.487+0000] {logging_mixin.py:190} INFO - [2025-03-23T14:59:20.487+0000] {dag.py:4180} INFO - Setting next_dagrun for read_dataset_event to 2025-03-22 00:00:00+00:00, run_after=2025-03-23 00:00:00+00:00
[2025-03-23T14:59:20.491+0000] {logging_mixin.py:190} INFO - [2025-03-23T14:59:20.491+0000] {dag.py:4180} INFO - Setting next_dagrun for read_dataset_event_from_classic to 2025-03-22 00:00:00+00:00, run_after=2025-03-23 00:00:00+00:00
[2025-03-23T14:59:20.505+0000] {processor.py:208} INFO - Processing /home/airflow/.local/lib/python3.12/site-packages/airflow/example_dags/example_inlet_event_extra.py took 0.607 seconds
[2025-03-23T14:59:50.652+0000] {processor.py:186} INFO - Started process (PID=292) to work on /home/airflow/.local/lib/python3.12/site-packages/airflow/example_dags/example_inlet_event_extra.py
[2025-03-23T14:59:50.653+0000] {processor.py:914} INFO - Processing file /home/airflow/.local/lib/python3.12/site-packages/airflow/example_dags/example_inlet_event_extra.py for tasks to queue
[2025-03-23T14:59:50.655+0000] {logging_mixin.py:190} INFO - [2025-03-23T14:59:50.654+0000] {dagbag.py:588} INFO - Filling up the DagBag from /home/airflow/.local/lib/python3.12/site-packages/airflow/example_dags/example_inlet_event_extra.py
[2025-03-23T14:59:51.182+0000] {processor.py:925} INFO - DAG(s) 'read_dataset_event', 'read_dataset_event_from_classic' retrieved from /home/airflow/.local/lib/python3.12/site-packages/airflow/example_dags/example_inlet_event_extra.py
[2025-03-23T14:59:51.200+0000] {logging_mixin.py:190} INFO - [2025-03-23T14:59:51.200+0000] {dag.py:3239} INFO - Sync 2 DAGs
[2025-03-23T14:59:51.221+0000] {logging_mixin.py:190} INFO - [2025-03-23T14:59:51.221+0000] {dag.py:4180} INFO - Setting next_dagrun for read_dataset_event to 2025-03-22 00:00:00+00:00, run_after=2025-03-23 00:00:00+00:00
[2025-03-23T14:59:51.226+0000] {logging_mixin.py:190} INFO - [2025-03-23T14:59:51.226+0000] {dag.py:4180} INFO - Setting next_dagrun for read_dataset_event_from_classic to 2025-03-22 00:00:00+00:00, run_after=2025-03-23 00:00:00+00:00
[2025-03-23T14:59:51.239+0000] {processor.py:208} INFO - Processing /home/airflow/.local/lib/python3.12/site-packages/airflow/example_dags/example_inlet_event_extra.py took 0.592 seconds
[2025-03-23T15:00:21.929+0000] {processor.py:186} INFO - Started process (PID=355) to work on /home/airflow/.local/lib/python3.12/site-packages/airflow/example_dags/example_inlet_event_extra.py
[2025-03-23T15:00:21.930+0000] {processor.py:914} INFO - Processing file /home/airflow/.local/lib/python3.12/site-packages/airflow/example_dags/example_inlet_event_extra.py for tasks to queue
[2025-03-23T15:00:21.932+0000] {logging_mixin.py:190} INFO - [2025-03-23T15:00:21.932+0000] {dagbag.py:588} INFO - Filling up the DagBag from /home/airflow/.local/lib/python3.12/site-packages/airflow/example_dags/example_inlet_event_extra.py
[2025-03-23T15:00:22.466+0000] {processor.py:925} INFO - DAG(s) 'read_dataset_event', 'read_dataset_event_from_classic' retrieved from /home/airflow/.local/lib/python3.12/site-packages/airflow/example_dags/example_inlet_event_extra.py
[2025-03-23T15:00:22.484+0000] {logging_mixin.py:190} INFO - [2025-03-23T15:00:22.484+0000] {dag.py:3239} INFO - Sync 2 DAGs
[2025-03-23T15:00:22.507+0000] {logging_mixin.py:190} INFO - [2025-03-23T15:00:22.507+0000] {dag.py:4180} INFO - Setting next_dagrun for read_dataset_event to 2025-03-22 00:00:00+00:00, run_after=2025-03-23 00:00:00+00:00
[2025-03-23T15:00:22.512+0000] {logging_mixin.py:190} INFO - [2025-03-23T15:00:22.512+0000] {dag.py:4180} INFO - Setting next_dagrun for read_dataset_event_from_classic to 2025-03-22 00:00:00+00:00, run_after=2025-03-23 00:00:00+00:00
[2025-03-23T15:00:22.524+0000] {processor.py:208} INFO - Processing /home/airflow/.local/lib/python3.12/site-packages/airflow/example_dags/example_inlet_event_extra.py took 0.601 seconds
