[2025-03-23T14:58:18.409+0000] {processor.py:186} INFO - Started process (PID=107) to work on /home/airflow/.local/lib/python3.12/site-packages/airflow/example_dags/example_local_kubernetes_executor.py
[2025-03-23T14:58:18.410+0000] {processor.py:914} INFO - Processing file /home/airflow/.local/lib/python3.12/site-packages/airflow/example_dags/example_local_kubernetes_executor.py for tasks to queue
[2025-03-23T14:58:18.411+0000] {logging_mixin.py:190} INFO - [2025-03-23T14:58:18.411+0000] {dagbag.py:588} INFO - Filling up the DagBag from /home/airflow/.local/lib/python3.12/site-packages/airflow/example_dags/example_local_kubernetes_executor.py
[2025-03-23T14:58:18.421+0000] {processor.py:925} INFO - DAG(s) 'example_local_kubernetes_executor' retrieved from /home/airflow/.local/lib/python3.12/site-packages/airflow/example_dags/example_local_kubernetes_executor.py
[2025-03-23T14:58:18.516+0000] {logging_mixin.py:190} INFO - [2025-03-23T14:58:18.516+0000] {override.py:1912} INFO - Created Permission View: can read on DAG:example_local_kubernetes_executor
[2025-03-23T14:58:18.524+0000] {logging_mixin.py:190} INFO - [2025-03-23T14:58:18.524+0000] {override.py:1912} INFO - Created Permission View: can edit on DAG:example_local_kubernetes_executor
[2025-03-23T14:58:18.529+0000] {logging_mixin.py:190} INFO - [2025-03-23T14:58:18.529+0000] {override.py:1912} INFO - Created Permission View: can delete on DAG:example_local_kubernetes_executor
[2025-03-23T14:58:18.534+0000] {logging_mixin.py:190} INFO - [2025-03-23T14:58:18.533+0000] {override.py:1912} INFO - Created Permission View: can read on DAG Run:example_local_kubernetes_executor
[2025-03-23T14:58:18.539+0000] {logging_mixin.py:190} INFO - [2025-03-23T14:58:18.539+0000] {override.py:1912} INFO - Created Permission View: can delete on DAG Run:example_local_kubernetes_executor
[2025-03-23T14:58:18.544+0000] {logging_mixin.py:190} INFO - [2025-03-23T14:58:18.544+0000] {override.py:1912} INFO - Created Permission View: menu access on DAG Run:example_local_kubernetes_executor
[2025-03-23T14:58:18.548+0000] {logging_mixin.py:190} INFO - [2025-03-23T14:58:18.548+0000] {override.py:1912} INFO - Created Permission View: can create on DAG Run:example_local_kubernetes_executor
[2025-03-23T14:58:18.548+0000] {logging_mixin.py:190} INFO - [2025-03-23T14:58:18.548+0000] {dag.py:3239} INFO - Sync 1 DAGs
[2025-03-23T14:58:18.559+0000] {logging_mixin.py:190} INFO - [2025-03-23T14:58:18.558+0000] {dag.py:3262} INFO - Creating ORM DAG for example_local_kubernetes_executor
[2025-03-23T14:58:18.559+0000] {logging_mixin.py:190} INFO - [2025-03-23T14:58:18.559+0000] {dag.py:4180} INFO - Setting next_dagrun for example_local_kubernetes_executor to None, run_after=None
[2025-03-23T14:58:18.571+0000] {processor.py:208} INFO - Processing /home/airflow/.local/lib/python3.12/site-packages/airflow/example_dags/example_local_kubernetes_executor.py took 0.168 seconds
[2025-03-23T14:58:49.439+0000] {processor.py:186} INFO - Started process (PID=170) to work on /home/airflow/.local/lib/python3.12/site-packages/airflow/example_dags/example_local_kubernetes_executor.py
[2025-03-23T14:58:49.440+0000] {processor.py:914} INFO - Processing file /home/airflow/.local/lib/python3.12/site-packages/airflow/example_dags/example_local_kubernetes_executor.py for tasks to queue
[2025-03-23T14:58:49.442+0000] {logging_mixin.py:190} INFO - [2025-03-23T14:58:49.441+0000] {dagbag.py:588} INFO - Filling up the DagBag from /home/airflow/.local/lib/python3.12/site-packages/airflow/example_dags/example_local_kubernetes_executor.py
[2025-03-23T14:58:49.451+0000] {processor.py:925} INFO - DAG(s) 'example_local_kubernetes_executor' retrieved from /home/airflow/.local/lib/python3.12/site-packages/airflow/example_dags/example_local_kubernetes_executor.py
[2025-03-23T14:58:49.469+0000] {logging_mixin.py:190} INFO - [2025-03-23T14:58:49.468+0000] {dag.py:3239} INFO - Sync 1 DAGs
[2025-03-23T14:58:49.481+0000] {logging_mixin.py:190} INFO - [2025-03-23T14:58:49.481+0000] {dag.py:4180} INFO - Setting next_dagrun for example_local_kubernetes_executor to None, run_after=None
[2025-03-23T14:58:49.495+0000] {processor.py:208} INFO - Processing /home/airflow/.local/lib/python3.12/site-packages/airflow/example_dags/example_local_kubernetes_executor.py took 0.062 seconds
[2025-03-23T14:59:20.689+0000] {processor.py:186} INFO - Started process (PID=233) to work on /home/airflow/.local/lib/python3.12/site-packages/airflow/example_dags/example_local_kubernetes_executor.py
[2025-03-23T14:59:20.690+0000] {processor.py:914} INFO - Processing file /home/airflow/.local/lib/python3.12/site-packages/airflow/example_dags/example_local_kubernetes_executor.py for tasks to queue
[2025-03-23T14:59:20.692+0000] {logging_mixin.py:190} INFO - [2025-03-23T14:59:20.691+0000] {dagbag.py:588} INFO - Filling up the DagBag from /home/airflow/.local/lib/python3.12/site-packages/airflow/example_dags/example_local_kubernetes_executor.py
[2025-03-23T14:59:20.700+0000] {processor.py:925} INFO - DAG(s) 'example_local_kubernetes_executor' retrieved from /home/airflow/.local/lib/python3.12/site-packages/airflow/example_dags/example_local_kubernetes_executor.py
[2025-03-23T14:59:20.718+0000] {logging_mixin.py:190} INFO - [2025-03-23T14:59:20.718+0000] {dag.py:3239} INFO - Sync 1 DAGs
[2025-03-23T14:59:20.731+0000] {logging_mixin.py:190} INFO - [2025-03-23T14:59:20.731+0000] {dag.py:4180} INFO - Setting next_dagrun for example_local_kubernetes_executor to None, run_after=None
[2025-03-23T14:59:20.754+0000] {processor.py:208} INFO - Processing /home/airflow/.local/lib/python3.12/site-packages/airflow/example_dags/example_local_kubernetes_executor.py took 0.071 seconds
[2025-03-23T14:59:51.410+0000] {processor.py:186} INFO - Started process (PID=296) to work on /home/airflow/.local/lib/python3.12/site-packages/airflow/example_dags/example_local_kubernetes_executor.py
[2025-03-23T14:59:51.411+0000] {processor.py:914} INFO - Processing file /home/airflow/.local/lib/python3.12/site-packages/airflow/example_dags/example_local_kubernetes_executor.py for tasks to queue
[2025-03-23T14:59:51.413+0000] {logging_mixin.py:190} INFO - [2025-03-23T14:59:51.413+0000] {dagbag.py:588} INFO - Filling up the DagBag from /home/airflow/.local/lib/python3.12/site-packages/airflow/example_dags/example_local_kubernetes_executor.py
[2025-03-23T14:59:51.422+0000] {processor.py:925} INFO - DAG(s) 'example_local_kubernetes_executor' retrieved from /home/airflow/.local/lib/python3.12/site-packages/airflow/example_dags/example_local_kubernetes_executor.py
[2025-03-23T14:59:51.440+0000] {logging_mixin.py:190} INFO - [2025-03-23T14:59:51.440+0000] {dag.py:3239} INFO - Sync 1 DAGs
[2025-03-23T14:59:51.453+0000] {logging_mixin.py:190} INFO - [2025-03-23T14:59:51.452+0000] {dag.py:4180} INFO - Setting next_dagrun for example_local_kubernetes_executor to None, run_after=None
[2025-03-23T14:59:51.467+0000] {processor.py:208} INFO - Processing /home/airflow/.local/lib/python3.12/site-packages/airflow/example_dags/example_local_kubernetes_executor.py took 0.062 seconds
[2025-03-23T15:00:22.696+0000] {processor.py:186} INFO - Started process (PID=359) to work on /home/airflow/.local/lib/python3.12/site-packages/airflow/example_dags/example_local_kubernetes_executor.py
[2025-03-23T15:00:22.697+0000] {processor.py:914} INFO - Processing file /home/airflow/.local/lib/python3.12/site-packages/airflow/example_dags/example_local_kubernetes_executor.py for tasks to queue
[2025-03-23T15:00:22.699+0000] {logging_mixin.py:190} INFO - [2025-03-23T15:00:22.699+0000] {dagbag.py:588} INFO - Filling up the DagBag from /home/airflow/.local/lib/python3.12/site-packages/airflow/example_dags/example_local_kubernetes_executor.py
[2025-03-23T15:00:22.708+0000] {processor.py:925} INFO - DAG(s) 'example_local_kubernetes_executor' retrieved from /home/airflow/.local/lib/python3.12/site-packages/airflow/example_dags/example_local_kubernetes_executor.py
[2025-03-23T15:00:22.725+0000] {logging_mixin.py:190} INFO - [2025-03-23T15:00:22.725+0000] {dag.py:3239} INFO - Sync 1 DAGs
[2025-03-23T15:00:22.737+0000] {logging_mixin.py:190} INFO - [2025-03-23T15:00:22.737+0000] {dag.py:4180} INFO - Setting next_dagrun for example_local_kubernetes_executor to None, run_after=None
[2025-03-23T15:00:22.751+0000] {processor.py:208} INFO - Processing /home/airflow/.local/lib/python3.12/site-packages/airflow/example_dags/example_local_kubernetes_executor.py took 0.060 seconds
