[2025-03-23T14:58:18.862+0000] {processor.py:186} INFO - Started process (PID=111) to work on /home/airflow/.local/lib/python3.12/site-packages/airflow/example_dags/example_params_ui_tutorial.py
[2025-03-23T14:58:18.863+0000] {processor.py:914} INFO - Processing file /home/airflow/.local/lib/python3.12/site-packages/airflow/example_dags/example_params_ui_tutorial.py for tasks to queue
[2025-03-23T14:58:18.865+0000] {logging_mixin.py:190} INFO - [2025-03-23T14:58:18.865+0000] {dagbag.py:588} INFO - Filling up the DagBag from /home/airflow/.local/lib/python3.12/site-packages/airflow/example_dags/example_params_ui_tutorial.py
[2025-03-23T14:58:18.875+0000] {processor.py:925} INFO - DAG(s) 'example_params_ui_tutorial' retrieved from /home/airflow/.local/lib/python3.12/site-packages/airflow/example_dags/example_params_ui_tutorial.py
[2025-03-23T14:58:18.993+0000] {logging_mixin.py:190} INFO - [2025-03-23T14:58:18.992+0000] {override.py:1912} INFO - Created Permission View: can read on DAG:example_params_ui_tutorial
[2025-03-23T14:58:19.000+0000] {logging_mixin.py:190} INFO - [2025-03-23T14:58:19.000+0000] {override.py:1912} INFO - Created Permission View: can edit on DAG:example_params_ui_tutorial
[2025-03-23T14:58:19.004+0000] {logging_mixin.py:190} INFO - [2025-03-23T14:58:19.004+0000] {override.py:1912} INFO - Created Permission View: can delete on DAG:example_params_ui_tutorial
[2025-03-23T14:58:19.009+0000] {logging_mixin.py:190} INFO - [2025-03-23T14:58:19.009+0000] {override.py:1912} INFO - Created Permission View: can read on DAG Run:example_params_ui_tutorial
[2025-03-23T14:58:19.013+0000] {logging_mixin.py:190} INFO - [2025-03-23T14:58:19.013+0000] {override.py:1912} INFO - Created Permission View: can delete on DAG Run:example_params_ui_tutorial
[2025-03-23T14:58:19.017+0000] {logging_mixin.py:190} INFO - [2025-03-23T14:58:19.017+0000] {override.py:1912} INFO - Created Permission View: menu access on DAG Run:example_params_ui_tutorial
[2025-03-23T14:58:19.021+0000] {logging_mixin.py:190} INFO - [2025-03-23T14:58:19.021+0000] {override.py:1912} INFO - Created Permission View: can create on DAG Run:example_params_ui_tutorial
[2025-03-23T14:58:19.021+0000] {logging_mixin.py:190} INFO - [2025-03-23T14:58:19.021+0000] {dag.py:3239} INFO - Sync 1 DAGs
[2025-03-23T14:58:19.032+0000] {logging_mixin.py:190} INFO - [2025-03-23T14:58:19.032+0000] {dag.py:3262} INFO - Creating ORM DAG for example_params_ui_tutorial
[2025-03-23T14:58:19.032+0000] {logging_mixin.py:190} INFO - [2025-03-23T14:58:19.032+0000] {dag.py:4180} INFO - Setting next_dagrun for example_params_ui_tutorial to None, run_after=None
[2025-03-23T14:58:19.046+0000] {processor.py:208} INFO - Processing /home/airflow/.local/lib/python3.12/site-packages/airflow/example_dags/example_params_ui_tutorial.py took 0.189 seconds
[2025-03-23T14:58:49.700+0000] {processor.py:186} INFO - Started process (PID=174) to work on /home/airflow/.local/lib/python3.12/site-packages/airflow/example_dags/example_params_ui_tutorial.py
[2025-03-23T14:58:49.701+0000] {processor.py:914} INFO - Processing file /home/airflow/.local/lib/python3.12/site-packages/airflow/example_dags/example_params_ui_tutorial.py for tasks to queue
[2025-03-23T14:58:49.703+0000] {logging_mixin.py:190} INFO - [2025-03-23T14:58:49.702+0000] {dagbag.py:588} INFO - Filling up the DagBag from /home/airflow/.local/lib/python3.12/site-packages/airflow/example_dags/example_params_ui_tutorial.py
[2025-03-23T14:58:49.711+0000] {processor.py:925} INFO - DAG(s) 'example_params_ui_tutorial' retrieved from /home/airflow/.local/lib/python3.12/site-packages/airflow/example_dags/example_params_ui_tutorial.py
[2025-03-23T14:58:49.749+0000] {logging_mixin.py:190} INFO - [2025-03-23T14:58:49.749+0000] {dag.py:3239} INFO - Sync 1 DAGs
[2025-03-23T14:58:49.761+0000] {logging_mixin.py:190} INFO - [2025-03-23T14:58:49.761+0000] {dag.py:4180} INFO - Setting next_dagrun for example_params_ui_tutorial to None, run_after=None
[2025-03-23T14:58:49.775+0000] {processor.py:208} INFO - Processing /home/airflow/.local/lib/python3.12/site-packages/airflow/example_dags/example_params_ui_tutorial.py took 0.082 seconds
[2025-03-23T14:59:20.862+0000] {processor.py:186} INFO - Started process (PID=236) to work on /home/airflow/.local/lib/python3.12/site-packages/airflow/example_dags/example_params_ui_tutorial.py
[2025-03-23T14:59:20.863+0000] {processor.py:914} INFO - Processing file /home/airflow/.local/lib/python3.12/site-packages/airflow/example_dags/example_params_ui_tutorial.py for tasks to queue
[2025-03-23T14:59:20.864+0000] {logging_mixin.py:190} INFO - [2025-03-23T14:59:20.864+0000] {dagbag.py:588} INFO - Filling up the DagBag from /home/airflow/.local/lib/python3.12/site-packages/airflow/example_dags/example_params_ui_tutorial.py
[2025-03-23T14:59:20.873+0000] {processor.py:925} INFO - DAG(s) 'example_params_ui_tutorial' retrieved from /home/airflow/.local/lib/python3.12/site-packages/airflow/example_dags/example_params_ui_tutorial.py
[2025-03-23T14:59:20.915+0000] {logging_mixin.py:190} INFO - [2025-03-23T14:59:20.915+0000] {dag.py:3239} INFO - Sync 1 DAGs
[2025-03-23T14:59:20.929+0000] {logging_mixin.py:190} INFO - [2025-03-23T14:59:20.929+0000] {dag.py:4180} INFO - Setting next_dagrun for example_params_ui_tutorial to None, run_after=None
[2025-03-23T14:59:20.948+0000] {processor.py:208} INFO - Processing /home/airflow/.local/lib/python3.12/site-packages/airflow/example_dags/example_params_ui_tutorial.py took 0.091 seconds
[2025-03-23T14:59:51.578+0000] {processor.py:186} INFO - Started process (PID=299) to work on /home/airflow/.local/lib/python3.12/site-packages/airflow/example_dags/example_params_ui_tutorial.py
[2025-03-23T14:59:51.579+0000] {processor.py:914} INFO - Processing file /home/airflow/.local/lib/python3.12/site-packages/airflow/example_dags/example_params_ui_tutorial.py for tasks to queue
[2025-03-23T14:59:51.581+0000] {logging_mixin.py:190} INFO - [2025-03-23T14:59:51.580+0000] {dagbag.py:588} INFO - Filling up the DagBag from /home/airflow/.local/lib/python3.12/site-packages/airflow/example_dags/example_params_ui_tutorial.py
[2025-03-23T14:59:51.589+0000] {processor.py:925} INFO - DAG(s) 'example_params_ui_tutorial' retrieved from /home/airflow/.local/lib/python3.12/site-packages/airflow/example_dags/example_params_ui_tutorial.py
[2025-03-23T14:59:51.627+0000] {logging_mixin.py:190} INFO - [2025-03-23T14:59:51.627+0000] {dag.py:3239} INFO - Sync 1 DAGs
[2025-03-23T14:59:51.639+0000] {logging_mixin.py:190} INFO - [2025-03-23T14:59:51.639+0000] {dag.py:4180} INFO - Setting next_dagrun for example_params_ui_tutorial to None, run_after=None
[2025-03-23T14:59:51.653+0000] {processor.py:208} INFO - Processing /home/airflow/.local/lib/python3.12/site-packages/airflow/example_dags/example_params_ui_tutorial.py took 0.081 seconds
[2025-03-23T15:00:22.847+0000] {processor.py:186} INFO - Started process (PID=362) to work on /home/airflow/.local/lib/python3.12/site-packages/airflow/example_dags/example_params_ui_tutorial.py
[2025-03-23T15:00:22.848+0000] {processor.py:914} INFO - Processing file /home/airflow/.local/lib/python3.12/site-packages/airflow/example_dags/example_params_ui_tutorial.py for tasks to queue
[2025-03-23T15:00:22.850+0000] {logging_mixin.py:190} INFO - [2025-03-23T15:00:22.850+0000] {dagbag.py:588} INFO - Filling up the DagBag from /home/airflow/.local/lib/python3.12/site-packages/airflow/example_dags/example_params_ui_tutorial.py
[2025-03-23T15:00:22.858+0000] {processor.py:925} INFO - DAG(s) 'example_params_ui_tutorial' retrieved from /home/airflow/.local/lib/python3.12/site-packages/airflow/example_dags/example_params_ui_tutorial.py
[2025-03-23T15:00:22.898+0000] {logging_mixin.py:190} INFO - [2025-03-23T15:00:22.898+0000] {dag.py:3239} INFO - Sync 1 DAGs
[2025-03-23T15:00:22.911+0000] {logging_mixin.py:190} INFO - [2025-03-23T15:00:22.911+0000] {dag.py:4180} INFO - Setting next_dagrun for example_params_ui_tutorial to None, run_after=None
[2025-03-23T15:00:22.925+0000] {processor.py:208} INFO - Processing /home/airflow/.local/lib/python3.12/site-packages/airflow/example_dags/example_params_ui_tutorial.py took 0.083 seconds
