[2025-03-23T14:58:14.744+0000] {processor.py:186} INFO - Started process (PID=87) to work on /home/airflow/.local/lib/python3.12/site-packages/airflow/example_dags/example_branch_python_dop_operator_3.py
[2025-03-23T14:58:14.744+0000] {processor.py:914} INFO - Processing file /home/airflow/.local/lib/python3.12/site-packages/airflow/example_dags/example_branch_python_dop_operator_3.py for tasks to queue
[2025-03-23T14:58:14.746+0000] {logging_mixin.py:190} INFO - [2025-03-23T14:58:14.746+0000] {dagbag.py:588} INFO - Filling up the DagBag from /home/airflow/.local/lib/python3.12/site-packages/airflow/example_dags/example_branch_python_dop_operator_3.py
[2025-03-23T14:58:14.756+0000] {processor.py:925} INFO - DAG(s) 'example_branch_dop_operator_v3' retrieved from /home/airflow/.local/lib/python3.12/site-packages/airflow/example_dags/example_branch_python_dop_operator_3.py
[2025-03-23T14:58:14.869+0000] {logging_mixin.py:190} INFO - [2025-03-23T14:58:14.868+0000] {override.py:1912} INFO - Created Permission View: can read on DAG:example_branch_dop_operator_v3
[2025-03-23T14:58:14.877+0000] {logging_mixin.py:190} INFO - [2025-03-23T14:58:14.877+0000] {override.py:1912} INFO - Created Permission View: can edit on DAG:example_branch_dop_operator_v3
[2025-03-23T14:58:14.881+0000] {logging_mixin.py:190} INFO - [2025-03-23T14:58:14.881+0000] {override.py:1912} INFO - Created Permission View: can delete on DAG:example_branch_dop_operator_v3
[2025-03-23T14:58:14.886+0000] {logging_mixin.py:190} INFO - [2025-03-23T14:58:14.886+0000] {override.py:1912} INFO - Created Permission View: can read on DAG Run:example_branch_dop_operator_v3
[2025-03-23T14:58:14.892+0000] {logging_mixin.py:190} INFO - [2025-03-23T14:58:14.892+0000] {override.py:1912} INFO - Created Permission View: can delete on DAG Run:example_branch_dop_operator_v3
[2025-03-23T14:58:14.896+0000] {logging_mixin.py:190} INFO - [2025-03-23T14:58:14.896+0000] {override.py:1912} INFO - Created Permission View: menu access on DAG Run:example_branch_dop_operator_v3
[2025-03-23T14:58:14.901+0000] {logging_mixin.py:190} INFO - [2025-03-23T14:58:14.900+0000] {override.py:1912} INFO - Created Permission View: can create on DAG Run:example_branch_dop_operator_v3
[2025-03-23T14:58:14.901+0000] {logging_mixin.py:190} INFO - [2025-03-23T14:58:14.901+0000] {dag.py:3239} INFO - Sync 1 DAGs
[2025-03-23T14:58:14.911+0000] {logging_mixin.py:190} INFO - [2025-03-23T14:58:14.911+0000] {dag.py:3262} INFO - Creating ORM DAG for example_branch_dop_operator_v3
[2025-03-23T14:58:14.923+0000] {logging_mixin.py:190} INFO - [2025-03-23T14:58:14.922+0000] {dag.py:4180} INFO - Setting next_dagrun for example_branch_dop_operator_v3 to 2025-03-23 14:57:00+00:00, run_after=2025-03-23 14:58:00+00:00
[2025-03-23T14:58:14.935+0000] {processor.py:208} INFO - Processing /home/airflow/.local/lib/python3.12/site-packages/airflow/example_dags/example_branch_python_dop_operator_3.py took 0.197 seconds
[2025-03-23T14:58:45.467+0000] {processor.py:186} INFO - Started process (PID=156) to work on /home/airflow/.local/lib/python3.12/site-packages/airflow/example_dags/example_branch_python_dop_operator_3.py
[2025-03-23T14:58:45.468+0000] {processor.py:914} INFO - Processing file /home/airflow/.local/lib/python3.12/site-packages/airflow/example_dags/example_branch_python_dop_operator_3.py for tasks to queue
[2025-03-23T14:58:45.469+0000] {logging_mixin.py:190} INFO - [2025-03-23T14:58:45.469+0000] {dagbag.py:588} INFO - Filling up the DagBag from /home/airflow/.local/lib/python3.12/site-packages/airflow/example_dags/example_branch_python_dop_operator_3.py
[2025-03-23T14:58:45.479+0000] {processor.py:925} INFO - DAG(s) 'example_branch_dop_operator_v3' retrieved from /home/airflow/.local/lib/python3.12/site-packages/airflow/example_dags/example_branch_python_dop_operator_3.py
[2025-03-23T14:58:45.496+0000] {logging_mixin.py:190} INFO - [2025-03-23T14:58:45.496+0000] {dag.py:3239} INFO - Sync 1 DAGs
[2025-03-23T14:58:45.518+0000] {logging_mixin.py:190} INFO - [2025-03-23T14:58:45.518+0000] {dag.py:4180} INFO - Setting next_dagrun for example_branch_dop_operator_v3 to 2025-03-23 14:57:00+00:00, run_after=2025-03-23 14:58:00+00:00
[2025-03-23T14:58:45.532+0000] {processor.py:208} INFO - Processing /home/airflow/.local/lib/python3.12/site-packages/airflow/example_dags/example_branch_python_dop_operator_3.py took 0.071 seconds
[2025-03-23T14:59:15.882+0000] {processor.py:186} INFO - Started process (PID=219) to work on /home/airflow/.local/lib/python3.12/site-packages/airflow/example_dags/example_branch_python_dop_operator_3.py
[2025-03-23T14:59:15.883+0000] {processor.py:914} INFO - Processing file /home/airflow/.local/lib/python3.12/site-packages/airflow/example_dags/example_branch_python_dop_operator_3.py for tasks to queue
[2025-03-23T14:59:15.885+0000] {logging_mixin.py:190} INFO - [2025-03-23T14:59:15.884+0000] {dagbag.py:588} INFO - Filling up the DagBag from /home/airflow/.local/lib/python3.12/site-packages/airflow/example_dags/example_branch_python_dop_operator_3.py
[2025-03-23T14:59:15.895+0000] {processor.py:925} INFO - DAG(s) 'example_branch_dop_operator_v3' retrieved from /home/airflow/.local/lib/python3.12/site-packages/airflow/example_dags/example_branch_python_dop_operator_3.py
[2025-03-23T14:59:15.914+0000] {logging_mixin.py:190} INFO - [2025-03-23T14:59:15.914+0000] {dag.py:3239} INFO - Sync 1 DAGs
[2025-03-23T14:59:15.938+0000] {logging_mixin.py:190} INFO - [2025-03-23T14:59:15.938+0000] {dag.py:4180} INFO - Setting next_dagrun for example_branch_dop_operator_v3 to 2025-03-23 14:58:00+00:00, run_after=2025-03-23 14:59:00+00:00
[2025-03-23T14:59:15.957+0000] {processor.py:208} INFO - Processing /home/airflow/.local/lib/python3.12/site-packages/airflow/example_dags/example_branch_python_dop_operator_3.py took 0.081 seconds
[2025-03-23T14:59:46.342+0000] {processor.py:186} INFO - Started process (PID=282) to work on /home/airflow/.local/lib/python3.12/site-packages/airflow/example_dags/example_branch_python_dop_operator_3.py
[2025-03-23T14:59:46.342+0000] {processor.py:914} INFO - Processing file /home/airflow/.local/lib/python3.12/site-packages/airflow/example_dags/example_branch_python_dop_operator_3.py for tasks to queue
[2025-03-23T14:59:46.344+0000] {logging_mixin.py:190} INFO - [2025-03-23T14:59:46.344+0000] {dagbag.py:588} INFO - Filling up the DagBag from /home/airflow/.local/lib/python3.12/site-packages/airflow/example_dags/example_branch_python_dop_operator_3.py
[2025-03-23T14:59:46.354+0000] {processor.py:925} INFO - DAG(s) 'example_branch_dop_operator_v3' retrieved from /home/airflow/.local/lib/python3.12/site-packages/airflow/example_dags/example_branch_python_dop_operator_3.py
[2025-03-23T14:59:46.372+0000] {logging_mixin.py:190} INFO - [2025-03-23T14:59:46.372+0000] {dag.py:3239} INFO - Sync 1 DAGs
[2025-03-23T14:59:46.394+0000] {logging_mixin.py:190} INFO - [2025-03-23T14:59:46.394+0000] {dag.py:4180} INFO - Setting next_dagrun for example_branch_dop_operator_v3 to 2025-03-23 14:58:00+00:00, run_after=2025-03-23 14:59:00+00:00
[2025-03-23T14:59:46.408+0000] {processor.py:208} INFO - Processing /home/airflow/.local/lib/python3.12/site-packages/airflow/example_dags/example_branch_python_dop_operator_3.py took 0.071 seconds
[2025-03-23T15:00:16.880+0000] {processor.py:186} INFO - Started process (PID=345) to work on /home/airflow/.local/lib/python3.12/site-packages/airflow/example_dags/example_branch_python_dop_operator_3.py
[2025-03-23T15:00:16.881+0000] {processor.py:914} INFO - Processing file /home/airflow/.local/lib/python3.12/site-packages/airflow/example_dags/example_branch_python_dop_operator_3.py for tasks to queue
[2025-03-23T15:00:16.883+0000] {logging_mixin.py:190} INFO - [2025-03-23T15:00:16.882+0000] {dagbag.py:588} INFO - Filling up the DagBag from /home/airflow/.local/lib/python3.12/site-packages/airflow/example_dags/example_branch_python_dop_operator_3.py
[2025-03-23T15:00:16.892+0000] {processor.py:925} INFO - DAG(s) 'example_branch_dop_operator_v3' retrieved from /home/airflow/.local/lib/python3.12/site-packages/airflow/example_dags/example_branch_python_dop_operator_3.py
[2025-03-23T15:00:16.908+0000] {logging_mixin.py:190} INFO - [2025-03-23T15:00:16.908+0000] {dag.py:3239} INFO - Sync 1 DAGs
[2025-03-23T15:00:16.930+0000] {logging_mixin.py:190} INFO - [2025-03-23T15:00:16.930+0000] {dag.py:4180} INFO - Setting next_dagrun for example_branch_dop_operator_v3 to 2025-03-23 14:59:00+00:00, run_after=2025-03-23 15:00:00+00:00
[2025-03-23T15:00:16.944+0000] {processor.py:208} INFO - Processing /home/airflow/.local/lib/python3.12/site-packages/airflow/example_dags/example_branch_python_dop_operator_3.py took 0.069 seconds
