[2025-03-23T14:58:19.289+0000] {processor.py:186} INFO - Started process (PID=113) to work on /home/airflow/.local/lib/python3.12/site-packages/airflow/example_dags/example_python_decorator.py
[2025-03-23T14:58:19.290+0000] {processor.py:914} INFO - Processing file /home/airflow/.local/lib/python3.12/site-packages/airflow/example_dags/example_python_decorator.py for tasks to queue
[2025-03-23T14:58:19.292+0000] {logging_mixin.py:190} INFO - [2025-03-23T14:58:19.291+0000] {dagbag.py:588} INFO - Filling up the DagBag from /home/airflow/.local/lib/python3.12/site-packages/airflow/example_dags/example_python_decorator.py
[2025-03-23T14:58:19.306+0000] {processor.py:925} INFO - DAG(s) 'example_python_decorator' retrieved from /home/airflow/.local/lib/python3.12/site-packages/airflow/example_dags/example_python_decorator.py
[2025-03-23T14:58:19.398+0000] {logging_mixin.py:190} INFO - [2025-03-23T14:58:19.398+0000] {override.py:1912} INFO - Created Permission View: can read on DAG:example_python_decorator
[2025-03-23T14:58:19.405+0000] {logging_mixin.py:190} INFO - [2025-03-23T14:58:19.405+0000] {override.py:1912} INFO - Created Permission View: can edit on DAG:example_python_decorator
[2025-03-23T14:58:19.410+0000] {logging_mixin.py:190} INFO - [2025-03-23T14:58:19.409+0000] {override.py:1912} INFO - Created Permission View: can delete on DAG:example_python_decorator
[2025-03-23T14:58:19.414+0000] {logging_mixin.py:190} INFO - [2025-03-23T14:58:19.414+0000] {override.py:1912} INFO - Created Permission View: can read on DAG Run:example_python_decorator
[2025-03-23T14:58:19.419+0000] {logging_mixin.py:190} INFO - [2025-03-23T14:58:19.419+0000] {override.py:1912} INFO - Created Permission View: can delete on DAG Run:example_python_decorator
[2025-03-23T14:58:19.423+0000] {logging_mixin.py:190} INFO - [2025-03-23T14:58:19.423+0000] {override.py:1912} INFO - Created Permission View: menu access on DAG Run:example_python_decorator
[2025-03-23T14:58:19.427+0000] {logging_mixin.py:190} INFO - [2025-03-23T14:58:19.427+0000] {override.py:1912} INFO - Created Permission View: can create on DAG Run:example_python_decorator
[2025-03-23T14:58:19.428+0000] {logging_mixin.py:190} INFO - [2025-03-23T14:58:19.427+0000] {dag.py:3239} INFO - Sync 1 DAGs
[2025-03-23T14:58:19.437+0000] {logging_mixin.py:190} INFO - [2025-03-23T14:58:19.437+0000] {dag.py:3262} INFO - Creating ORM DAG for example_python_decorator
[2025-03-23T14:58:19.438+0000] {logging_mixin.py:190} INFO - [2025-03-23T14:58:19.438+0000] {dag.py:4180} INFO - Setting next_dagrun for example_python_decorator to None, run_after=None
[2025-03-23T14:58:19.450+0000] {processor.py:208} INFO - Processing /home/airflow/.local/lib/python3.12/site-packages/airflow/example_dags/example_python_decorator.py took 0.166 seconds
[2025-03-23T14:58:49.916+0000] {processor.py:186} INFO - Started process (PID=176) to work on /home/airflow/.local/lib/python3.12/site-packages/airflow/example_dags/example_python_decorator.py
[2025-03-23T14:58:49.917+0000] {processor.py:914} INFO - Processing file /home/airflow/.local/lib/python3.12/site-packages/airflow/example_dags/example_python_decorator.py for tasks to queue
[2025-03-23T14:58:49.919+0000] {logging_mixin.py:190} INFO - [2025-03-23T14:58:49.918+0000] {dagbag.py:588} INFO - Filling up the DagBag from /home/airflow/.local/lib/python3.12/site-packages/airflow/example_dags/example_python_decorator.py
[2025-03-23T14:58:49.931+0000] {processor.py:925} INFO - DAG(s) 'example_python_decorator' retrieved from /home/airflow/.local/lib/python3.12/site-packages/airflow/example_dags/example_python_decorator.py
[2025-03-23T14:58:49.952+0000] {logging_mixin.py:190} INFO - [2025-03-23T14:58:49.952+0000] {dag.py:3239} INFO - Sync 1 DAGs
[2025-03-23T14:58:49.966+0000] {logging_mixin.py:190} INFO - [2025-03-23T14:58:49.965+0000] {dag.py:4180} INFO - Setting next_dagrun for example_python_decorator to None, run_after=None
[2025-03-23T14:58:49.982+0000] {processor.py:208} INFO - Processing /home/airflow/.local/lib/python3.12/site-packages/airflow/example_dags/example_python_decorator.py took 0.072 seconds
[2025-03-23T14:59:21.089+0000] {processor.py:186} INFO - Started process (PID=239) to work on /home/airflow/.local/lib/python3.12/site-packages/airflow/example_dags/example_python_decorator.py
[2025-03-23T14:59:21.091+0000] {processor.py:914} INFO - Processing file /home/airflow/.local/lib/python3.12/site-packages/airflow/example_dags/example_python_decorator.py for tasks to queue
[2025-03-23T14:59:21.093+0000] {logging_mixin.py:190} INFO - [2025-03-23T14:59:21.092+0000] {dagbag.py:588} INFO - Filling up the DagBag from /home/airflow/.local/lib/python3.12/site-packages/airflow/example_dags/example_python_decorator.py
[2025-03-23T14:59:21.106+0000] {processor.py:925} INFO - DAG(s) 'example_python_decorator' retrieved from /home/airflow/.local/lib/python3.12/site-packages/airflow/example_dags/example_python_decorator.py
[2025-03-23T14:59:21.127+0000] {logging_mixin.py:190} INFO - [2025-03-23T14:59:21.127+0000] {dag.py:3239} INFO - Sync 1 DAGs
[2025-03-23T14:59:21.145+0000] {logging_mixin.py:190} INFO - [2025-03-23T14:59:21.145+0000] {dag.py:4180} INFO - Setting next_dagrun for example_python_decorator to None, run_after=None
[2025-03-23T14:59:21.159+0000] {processor.py:208} INFO - Processing /home/airflow/.local/lib/python3.12/site-packages/airflow/example_dags/example_python_decorator.py took 0.076 seconds
[2025-03-23T14:59:51.686+0000] {processor.py:186} INFO - Started process (PID=301) to work on /home/airflow/.local/lib/python3.12/site-packages/airflow/example_dags/example_python_decorator.py
[2025-03-23T14:59:51.687+0000] {processor.py:914} INFO - Processing file /home/airflow/.local/lib/python3.12/site-packages/airflow/example_dags/example_python_decorator.py for tasks to queue
[2025-03-23T14:59:51.689+0000] {logging_mixin.py:190} INFO - [2025-03-23T14:59:51.689+0000] {dagbag.py:588} INFO - Filling up the DagBag from /home/airflow/.local/lib/python3.12/site-packages/airflow/example_dags/example_python_decorator.py
[2025-03-23T14:59:51.703+0000] {processor.py:925} INFO - DAG(s) 'example_python_decorator' retrieved from /home/airflow/.local/lib/python3.12/site-packages/airflow/example_dags/example_python_decorator.py
[2025-03-23T14:59:51.722+0000] {logging_mixin.py:190} INFO - [2025-03-23T14:59:51.722+0000] {dag.py:3239} INFO - Sync 1 DAGs
[2025-03-23T14:59:51.734+0000] {logging_mixin.py:190} INFO - [2025-03-23T14:59:51.734+0000] {dag.py:4180} INFO - Setting next_dagrun for example_python_decorator to None, run_after=None
[2025-03-23T14:59:51.748+0000] {processor.py:208} INFO - Processing /home/airflow/.local/lib/python3.12/site-packages/airflow/example_dags/example_python_decorator.py took 0.068 seconds
[2025-03-23T15:00:22.959+0000] {processor.py:186} INFO - Started process (PID=364) to work on /home/airflow/.local/lib/python3.12/site-packages/airflow/example_dags/example_python_decorator.py
[2025-03-23T15:00:22.960+0000] {processor.py:914} INFO - Processing file /home/airflow/.local/lib/python3.12/site-packages/airflow/example_dags/example_python_decorator.py for tasks to queue
[2025-03-23T15:00:22.962+0000] {logging_mixin.py:190} INFO - [2025-03-23T15:00:22.961+0000] {dagbag.py:588} INFO - Filling up the DagBag from /home/airflow/.local/lib/python3.12/site-packages/airflow/example_dags/example_python_decorator.py
[2025-03-23T15:00:22.975+0000] {processor.py:925} INFO - DAG(s) 'example_python_decorator' retrieved from /home/airflow/.local/lib/python3.12/site-packages/airflow/example_dags/example_python_decorator.py
[2025-03-23T15:00:22.995+0000] {logging_mixin.py:190} INFO - [2025-03-23T15:00:22.995+0000] {dag.py:3239} INFO - Sync 1 DAGs
[2025-03-23T15:00:23.008+0000] {logging_mixin.py:190} INFO - [2025-03-23T15:00:23.008+0000] {dag.py:4180} INFO - Setting next_dagrun for example_python_decorator to None, run_after=None
[2025-03-23T15:00:23.022+0000] {processor.py:208} INFO - Processing /home/airflow/.local/lib/python3.12/site-packages/airflow/example_dags/example_python_decorator.py took 0.069 seconds
