[2025-03-23T14:58:20.222+0000] {processor.py:186} INFO - Started process (PID=122) to work on /home/airflow/.local/lib/python3.12/site-packages/airflow/example_dags/example_sla_dag.py
[2025-03-23T14:58:20.222+0000] {processor.py:914} INFO - Processing file /home/airflow/.local/lib/python3.12/site-packages/airflow/example_dags/example_sla_dag.py for tasks to queue
[2025-03-23T14:58:20.224+0000] {logging_mixin.py:190} INFO - [2025-03-23T14:58:20.224+0000] {dagbag.py:588} INFO - Filling up the DagBag from /home/airflow/.local/lib/python3.12/site-packages/airflow/example_dags/example_sla_dag.py
[2025-03-23T14:58:20.235+0000] {processor.py:925} INFO - DAG(s) 'example_sla_dag' retrieved from /home/airflow/.local/lib/python3.12/site-packages/airflow/example_dags/example_sla_dag.py
[2025-03-23T14:58:20.332+0000] {logging_mixin.py:190} INFO - [2025-03-23T14:58:20.332+0000] {override.py:1912} INFO - Created Permission View: can read on DAG:example_sla_dag
[2025-03-23T14:58:20.340+0000] {logging_mixin.py:190} INFO - [2025-03-23T14:58:20.340+0000] {override.py:1912} INFO - Created Permission View: can edit on DAG:example_sla_dag
[2025-03-23T14:58:20.344+0000] {logging_mixin.py:190} INFO - [2025-03-23T14:58:20.344+0000] {override.py:1912} INFO - Created Permission View: can delete on DAG:example_sla_dag
[2025-03-23T14:58:20.349+0000] {logging_mixin.py:190} INFO - [2025-03-23T14:58:20.349+0000] {override.py:1912} INFO - Created Permission View: can read on DAG Run:example_sla_dag
[2025-03-23T14:58:20.355+0000] {logging_mixin.py:190} INFO - [2025-03-23T14:58:20.355+0000] {override.py:1912} INFO - Created Permission View: can delete on DAG Run:example_sla_dag
[2025-03-23T14:58:20.360+0000] {logging_mixin.py:190} INFO - [2025-03-23T14:58:20.359+0000] {override.py:1912} INFO - Created Permission View: menu access on DAG Run:example_sla_dag
[2025-03-23T14:58:20.364+0000] {logging_mixin.py:190} INFO - [2025-03-23T14:58:20.364+0000] {override.py:1912} INFO - Created Permission View: can create on DAG Run:example_sla_dag
[2025-03-23T14:58:20.364+0000] {logging_mixin.py:190} INFO - [2025-03-23T14:58:20.364+0000] {dag.py:3239} INFO - Sync 1 DAGs
[2025-03-23T14:58:20.375+0000] {logging_mixin.py:190} INFO - [2025-03-23T14:58:20.375+0000] {dag.py:3262} INFO - Creating ORM DAG for example_sla_dag
[2025-03-23T14:58:20.384+0000] {logging_mixin.py:190} INFO - [2025-03-23T14:58:20.384+0000] {dag.py:4180} INFO - Setting next_dagrun for example_sla_dag to 2025-03-23 14:56:00+00:00, run_after=2025-03-23 14:58:00+00:00
[2025-03-23T14:58:20.395+0000] {processor.py:208} INFO - Processing /home/airflow/.local/lib/python3.12/site-packages/airflow/example_dags/example_sla_dag.py took 0.178 seconds
[2025-03-23T14:58:50.454+0000] {processor.py:186} INFO - Started process (PID=185) to work on /home/airflow/.local/lib/python3.12/site-packages/airflow/example_dags/example_sla_dag.py
[2025-03-23T14:58:50.455+0000] {processor.py:914} INFO - Processing file /home/airflow/.local/lib/python3.12/site-packages/airflow/example_dags/example_sla_dag.py for tasks to queue
[2025-03-23T14:58:50.457+0000] {logging_mixin.py:190} INFO - [2025-03-23T14:58:50.457+0000] {dagbag.py:588} INFO - Filling up the DagBag from /home/airflow/.local/lib/python3.12/site-packages/airflow/example_dags/example_sla_dag.py
[2025-03-23T14:58:50.466+0000] {processor.py:925} INFO - DAG(s) 'example_sla_dag' retrieved from /home/airflow/.local/lib/python3.12/site-packages/airflow/example_dags/example_sla_dag.py
[2025-03-23T14:58:50.482+0000] {logging_mixin.py:190} INFO - [2025-03-23T14:58:50.482+0000] {dag.py:3239} INFO - Sync 1 DAGs
[2025-03-23T14:58:50.504+0000] {logging_mixin.py:190} INFO - [2025-03-23T14:58:50.504+0000] {dag.py:4180} INFO - Setting next_dagrun for example_sla_dag to 2025-03-23 14:56:00+00:00, run_after=2025-03-23 14:58:00+00:00
[2025-03-23T14:58:50.517+0000] {processor.py:208} INFO - Processing /home/airflow/.local/lib/python3.12/site-packages/airflow/example_dags/example_sla_dag.py took 0.069 seconds
[2025-03-23T14:59:21.836+0000] {processor.py:186} INFO - Started process (PID=248) to work on /home/airflow/.local/lib/python3.12/site-packages/airflow/example_dags/example_sla_dag.py
[2025-03-23T14:59:21.837+0000] {processor.py:914} INFO - Processing file /home/airflow/.local/lib/python3.12/site-packages/airflow/example_dags/example_sla_dag.py for tasks to queue
[2025-03-23T14:59:21.840+0000] {logging_mixin.py:190} INFO - [2025-03-23T14:59:21.839+0000] {dagbag.py:588} INFO - Filling up the DagBag from /home/airflow/.local/lib/python3.12/site-packages/airflow/example_dags/example_sla_dag.py
[2025-03-23T14:59:21.849+0000] {processor.py:925} INFO - DAG(s) 'example_sla_dag' retrieved from /home/airflow/.local/lib/python3.12/site-packages/airflow/example_dags/example_sla_dag.py
[2025-03-23T14:59:21.867+0000] {logging_mixin.py:190} INFO - [2025-03-23T14:59:21.866+0000] {dag.py:3239} INFO - Sync 1 DAGs
[2025-03-23T14:59:21.891+0000] {logging_mixin.py:190} INFO - [2025-03-23T14:59:21.891+0000] {dag.py:4180} INFO - Setting next_dagrun for example_sla_dag to 2025-03-23 14:56:00+00:00, run_after=2025-03-23 14:58:00+00:00
[2025-03-23T14:59:21.907+0000] {processor.py:208} INFO - Processing /home/airflow/.local/lib/python3.12/site-packages/airflow/example_dags/example_sla_dag.py took 0.076 seconds
[2025-03-23T14:59:52.445+0000] {processor.py:186} INFO - Started process (PID=311) to work on /home/airflow/.local/lib/python3.12/site-packages/airflow/example_dags/example_sla_dag.py
[2025-03-23T14:59:52.446+0000] {processor.py:914} INFO - Processing file /home/airflow/.local/lib/python3.12/site-packages/airflow/example_dags/example_sla_dag.py for tasks to queue
[2025-03-23T14:59:52.449+0000] {logging_mixin.py:190} INFO - [2025-03-23T14:59:52.448+0000] {dagbag.py:588} INFO - Filling up the DagBag from /home/airflow/.local/lib/python3.12/site-packages/airflow/example_dags/example_sla_dag.py
[2025-03-23T14:59:52.458+0000] {processor.py:925} INFO - DAG(s) 'example_sla_dag' retrieved from /home/airflow/.local/lib/python3.12/site-packages/airflow/example_dags/example_sla_dag.py
[2025-03-23T14:59:52.474+0000] {logging_mixin.py:190} INFO - [2025-03-23T14:59:52.474+0000] {dag.py:3239} INFO - Sync 1 DAGs
[2025-03-23T14:59:52.496+0000] {logging_mixin.py:190} INFO - [2025-03-23T14:59:52.495+0000] {dag.py:4180} INFO - Setting next_dagrun for example_sla_dag to 2025-03-23 14:56:00+00:00, run_after=2025-03-23 14:58:00+00:00
[2025-03-23T14:59:52.511+0000] {processor.py:208} INFO - Processing /home/airflow/.local/lib/python3.12/site-packages/airflow/example_dags/example_sla_dag.py took 0.071 seconds
[2025-03-23T15:00:23.712+0000] {processor.py:186} INFO - Started process (PID=374) to work on /home/airflow/.local/lib/python3.12/site-packages/airflow/example_dags/example_sla_dag.py
[2025-03-23T15:00:23.713+0000] {processor.py:914} INFO - Processing file /home/airflow/.local/lib/python3.12/site-packages/airflow/example_dags/example_sla_dag.py for tasks to queue
[2025-03-23T15:00:23.715+0000] {logging_mixin.py:190} INFO - [2025-03-23T15:00:23.715+0000] {dagbag.py:588} INFO - Filling up the DagBag from /home/airflow/.local/lib/python3.12/site-packages/airflow/example_dags/example_sla_dag.py
[2025-03-23T15:00:23.724+0000] {processor.py:925} INFO - DAG(s) 'example_sla_dag' retrieved from /home/airflow/.local/lib/python3.12/site-packages/airflow/example_dags/example_sla_dag.py
[2025-03-23T15:00:23.741+0000] {logging_mixin.py:190} INFO - [2025-03-23T15:00:23.741+0000] {dag.py:3239} INFO - Sync 1 DAGs
[2025-03-23T15:00:23.763+0000] {logging_mixin.py:190} INFO - [2025-03-23T15:00:23.763+0000] {dag.py:4180} INFO - Setting next_dagrun for example_sla_dag to 2025-03-23 14:58:00+00:00, run_after=2025-03-23 15:00:00+00:00
[2025-03-23T15:00:23.777+0000] {processor.py:208} INFO - Processing /home/airflow/.local/lib/python3.12/site-packages/airflow/example_dags/example_sla_dag.py took 0.070 seconds
