[2025-03-23T14:58:17.004+0000] {processor.py:186} INFO - Started process (PID=100) to work on /home/airflow/.local/lib/python3.12/site-packages/airflow/example_dags/example_dynamic_task_mapping.py
[2025-03-23T14:58:17.005+0000] {processor.py:914} INFO - Processing file /home/airflow/.local/lib/python3.12/site-packages/airflow/example_dags/example_dynamic_task_mapping.py for tasks to queue
[2025-03-23T14:58:17.007+0000] {logging_mixin.py:190} INFO - [2025-03-23T14:58:17.007+0000] {dagbag.py:588} INFO - Filling up the DagBag from /home/airflow/.local/lib/python3.12/site-packages/airflow/example_dags/example_dynamic_task_mapping.py
[2025-03-23T14:58:17.016+0000] {processor.py:925} INFO - DAG(s) 'example_dynamic_task_mapping' retrieved from /home/airflow/.local/lib/python3.12/site-packages/airflow/example_dags/example_dynamic_task_mapping.py
[2025-03-23T14:58:17.117+0000] {logging_mixin.py:190} INFO - [2025-03-23T14:58:17.117+0000] {override.py:1912} INFO - Created Permission View: can read on DAG:example_dynamic_task_mapping
[2025-03-23T14:58:17.125+0000] {logging_mixin.py:190} INFO - [2025-03-23T14:58:17.124+0000] {override.py:1912} INFO - Created Permission View: can edit on DAG:example_dynamic_task_mapping
[2025-03-23T14:58:17.129+0000] {logging_mixin.py:190} INFO - [2025-03-23T14:58:17.129+0000] {override.py:1912} INFO - Created Permission View: can delete on DAG:example_dynamic_task_mapping
[2025-03-23T14:58:17.134+0000] {logging_mixin.py:190} INFO - [2025-03-23T14:58:17.133+0000] {override.py:1912} INFO - Created Permission View: can read on DAG Run:example_dynamic_task_mapping
[2025-03-23T14:58:17.139+0000] {logging_mixin.py:190} INFO - [2025-03-23T14:58:17.139+0000] {override.py:1912} INFO - Created Permission View: can delete on DAG Run:example_dynamic_task_mapping
[2025-03-23T14:58:17.143+0000] {logging_mixin.py:190} INFO - [2025-03-23T14:58:17.143+0000] {override.py:1912} INFO - Created Permission View: menu access on DAG Run:example_dynamic_task_mapping
[2025-03-23T14:58:17.148+0000] {logging_mixin.py:190} INFO - [2025-03-23T14:58:17.148+0000] {override.py:1912} INFO - Created Permission View: can create on DAG Run:example_dynamic_task_mapping
[2025-03-23T14:58:17.148+0000] {logging_mixin.py:190} INFO - [2025-03-23T14:58:17.148+0000] {dag.py:3239} INFO - Sync 1 DAGs
[2025-03-23T14:58:17.160+0000] {logging_mixin.py:190} INFO - [2025-03-23T14:58:17.160+0000] {dag.py:3262} INFO - Creating ORM DAG for example_dynamic_task_mapping
[2025-03-23T14:58:17.161+0000] {logging_mixin.py:190} INFO - [2025-03-23T14:58:17.161+0000] {dag.py:4180} INFO - Setting next_dagrun for example_dynamic_task_mapping to None, run_after=None
[2025-03-23T14:58:17.173+0000] {processor.py:208} INFO - Processing /home/airflow/.local/lib/python3.12/site-packages/airflow/example_dags/example_dynamic_task_mapping.py took 0.174 seconds
[2025-03-23T14:58:47.556+0000] {processor.py:186} INFO - Started process (PID=162) to work on /home/airflow/.local/lib/python3.12/site-packages/airflow/example_dags/example_dynamic_task_mapping.py
[2025-03-23T14:58:47.557+0000] {processor.py:914} INFO - Processing file /home/airflow/.local/lib/python3.12/site-packages/airflow/example_dags/example_dynamic_task_mapping.py for tasks to queue
[2025-03-23T14:58:47.559+0000] {logging_mixin.py:190} INFO - [2025-03-23T14:58:47.559+0000] {dagbag.py:588} INFO - Filling up the DagBag from /home/airflow/.local/lib/python3.12/site-packages/airflow/example_dags/example_dynamic_task_mapping.py
[2025-03-23T14:58:47.566+0000] {processor.py:925} INFO - DAG(s) 'example_dynamic_task_mapping' retrieved from /home/airflow/.local/lib/python3.12/site-packages/airflow/example_dags/example_dynamic_task_mapping.py
[2025-03-23T14:58:47.584+0000] {logging_mixin.py:190} INFO - [2025-03-23T14:58:47.584+0000] {dag.py:3239} INFO - Sync 1 DAGs
[2025-03-23T14:58:47.596+0000] {logging_mixin.py:190} INFO - [2025-03-23T14:58:47.596+0000] {dag.py:4180} INFO - Setting next_dagrun for example_dynamic_task_mapping to None, run_after=None
[2025-03-23T14:58:47.609+0000] {processor.py:208} INFO - Processing /home/airflow/.local/lib/python3.12/site-packages/airflow/example_dags/example_dynamic_task_mapping.py took 0.058 seconds
[2025-03-23T14:59:18.721+0000] {processor.py:186} INFO - Started process (PID=225) to work on /home/airflow/.local/lib/python3.12/site-packages/airflow/example_dags/example_dynamic_task_mapping.py
[2025-03-23T14:59:18.722+0000] {processor.py:914} INFO - Processing file /home/airflow/.local/lib/python3.12/site-packages/airflow/example_dags/example_dynamic_task_mapping.py for tasks to queue
[2025-03-23T14:59:18.724+0000] {logging_mixin.py:190} INFO - [2025-03-23T14:59:18.724+0000] {dagbag.py:588} INFO - Filling up the DagBag from /home/airflow/.local/lib/python3.12/site-packages/airflow/example_dags/example_dynamic_task_mapping.py
[2025-03-23T14:59:18.733+0000] {processor.py:925} INFO - DAG(s) 'example_dynamic_task_mapping' retrieved from /home/airflow/.local/lib/python3.12/site-packages/airflow/example_dags/example_dynamic_task_mapping.py
[2025-03-23T14:59:18.753+0000] {logging_mixin.py:190} INFO - [2025-03-23T14:59:18.753+0000] {dag.py:3239} INFO - Sync 1 DAGs
[2025-03-23T14:59:18.766+0000] {logging_mixin.py:190} INFO - [2025-03-23T14:59:18.766+0000] {dag.py:4180} INFO - Setting next_dagrun for example_dynamic_task_mapping to None, run_after=None
[2025-03-23T14:59:18.781+0000] {processor.py:208} INFO - Processing /home/airflow/.local/lib/python3.12/site-packages/airflow/example_dags/example_dynamic_task_mapping.py took 0.066 seconds
[2025-03-23T14:59:49.546+0000] {processor.py:186} INFO - Started process (PID=288) to work on /home/airflow/.local/lib/python3.12/site-packages/airflow/example_dags/example_dynamic_task_mapping.py
[2025-03-23T14:59:49.547+0000] {processor.py:914} INFO - Processing file /home/airflow/.local/lib/python3.12/site-packages/airflow/example_dags/example_dynamic_task_mapping.py for tasks to queue
[2025-03-23T14:59:49.549+0000] {logging_mixin.py:190} INFO - [2025-03-23T14:59:49.549+0000] {dagbag.py:588} INFO - Filling up the DagBag from /home/airflow/.local/lib/python3.12/site-packages/airflow/example_dags/example_dynamic_task_mapping.py
[2025-03-23T14:59:49.557+0000] {processor.py:925} INFO - DAG(s) 'example_dynamic_task_mapping' retrieved from /home/airflow/.local/lib/python3.12/site-packages/airflow/example_dags/example_dynamic_task_mapping.py
[2025-03-23T14:59:49.574+0000] {logging_mixin.py:190} INFO - [2025-03-23T14:59:49.573+0000] {dag.py:3239} INFO - Sync 1 DAGs
[2025-03-23T14:59:49.586+0000] {logging_mixin.py:190} INFO - [2025-03-23T14:59:49.585+0000] {dag.py:4180} INFO - Setting next_dagrun for example_dynamic_task_mapping to None, run_after=None
[2025-03-23T14:59:49.599+0000] {processor.py:208} INFO - Processing /home/airflow/.local/lib/python3.12/site-packages/airflow/example_dags/example_dynamic_task_mapping.py took 0.057 seconds
[2025-03-23T15:00:20.820+0000] {processor.py:186} INFO - Started process (PID=351) to work on /home/airflow/.local/lib/python3.12/site-packages/airflow/example_dags/example_dynamic_task_mapping.py
[2025-03-23T15:00:20.821+0000] {processor.py:914} INFO - Processing file /home/airflow/.local/lib/python3.12/site-packages/airflow/example_dags/example_dynamic_task_mapping.py for tasks to queue
[2025-03-23T15:00:20.823+0000] {logging_mixin.py:190} INFO - [2025-03-23T15:00:20.822+0000] {dagbag.py:588} INFO - Filling up the DagBag from /home/airflow/.local/lib/python3.12/site-packages/airflow/example_dags/example_dynamic_task_mapping.py
[2025-03-23T15:00:20.830+0000] {processor.py:925} INFO - DAG(s) 'example_dynamic_task_mapping' retrieved from /home/airflow/.local/lib/python3.12/site-packages/airflow/example_dags/example_dynamic_task_mapping.py
[2025-03-23T15:00:20.847+0000] {logging_mixin.py:190} INFO - [2025-03-23T15:00:20.847+0000] {dag.py:3239} INFO - Sync 1 DAGs
[2025-03-23T15:00:20.859+0000] {logging_mixin.py:190} INFO - [2025-03-23T15:00:20.859+0000] {dag.py:4180} INFO - Setting next_dagrun for example_dynamic_task_mapping to None, run_after=None
[2025-03-23T15:00:20.872+0000] {processor.py:208} INFO - Processing /home/airflow/.local/lib/python3.12/site-packages/airflow/example_dags/example_dynamic_task_mapping.py took 0.057 seconds
