[2025-03-23T14:58:19.625+0000] {processor.py:186} INFO - Started process (PID=116) to work on /home/airflow/.local/lib/python3.12/site-packages/airflow/example_dags/example_sensors.py
[2025-03-23T14:58:19.626+0000] {processor.py:914} INFO - Processing file /home/airflow/.local/lib/python3.12/site-packages/airflow/example_dags/example_sensors.py for tasks to queue
[2025-03-23T14:58:19.628+0000] {logging_mixin.py:190} INFO - [2025-03-23T14:58:19.627+0000] {dagbag.py:588} INFO - Filling up the DagBag from /home/airflow/.local/lib/python3.12/site-packages/airflow/example_dags/example_sensors.py
[2025-03-23T14:58:19.640+0000] {processor.py:925} INFO - DAG(s) 'example_sensors' retrieved from /home/airflow/.local/lib/python3.12/site-packages/airflow/example_dags/example_sensors.py
[2025-03-23T14:58:19.740+0000] {logging_mixin.py:190} INFO - [2025-03-23T14:58:19.740+0000] {override.py:1912} INFO - Created Permission View: can read on DAG:example_sensors
[2025-03-23T14:58:19.747+0000] {logging_mixin.py:190} INFO - [2025-03-23T14:58:19.747+0000] {override.py:1912} INFO - Created Permission View: can edit on DAG:example_sensors
[2025-03-23T14:58:19.751+0000] {logging_mixin.py:190} INFO - [2025-03-23T14:58:19.751+0000] {override.py:1912} INFO - Created Permission View: can delete on DAG:example_sensors
[2025-03-23T14:58:19.757+0000] {logging_mixin.py:190} INFO - [2025-03-23T14:58:19.757+0000] {override.py:1912} INFO - Created Permission View: can read on DAG Run:example_sensors
[2025-03-23T14:58:19.762+0000] {logging_mixin.py:190} INFO - [2025-03-23T14:58:19.761+0000] {override.py:1912} INFO - Created Permission View: can delete on DAG Run:example_sensors
[2025-03-23T14:58:19.766+0000] {logging_mixin.py:190} INFO - [2025-03-23T14:58:19.766+0000] {override.py:1912} INFO - Created Permission View: menu access on DAG Run:example_sensors
[2025-03-23T14:58:19.771+0000] {logging_mixin.py:190} INFO - [2025-03-23T14:58:19.771+0000] {override.py:1912} INFO - Created Permission View: can create on DAG Run:example_sensors
[2025-03-23T14:58:19.772+0000] {logging_mixin.py:190} INFO - [2025-03-23T14:58:19.772+0000] {dag.py:3239} INFO - Sync 1 DAGs
[2025-03-23T14:58:19.784+0000] {logging_mixin.py:190} INFO - [2025-03-23T14:58:19.783+0000] {dag.py:3262} INFO - Creating ORM DAG for example_sensors
[2025-03-23T14:58:19.784+0000] {logging_mixin.py:190} INFO - [2025-03-23T14:58:19.784+0000] {dag.py:4180} INFO - Setting next_dagrun for example_sensors to None, run_after=None
[2025-03-23T14:58:19.797+0000] {processor.py:208} INFO - Processing /home/airflow/.local/lib/python3.12/site-packages/airflow/example_dags/example_sensors.py took 0.177 seconds
[2025-03-23T14:58:50.169+0000] {processor.py:186} INFO - Started process (PID=179) to work on /home/airflow/.local/lib/python3.12/site-packages/airflow/example_dags/example_sensors.py
[2025-03-23T14:58:50.169+0000] {processor.py:914} INFO - Processing file /home/airflow/.local/lib/python3.12/site-packages/airflow/example_dags/example_sensors.py for tasks to queue
[2025-03-23T14:58:50.172+0000] {logging_mixin.py:190} INFO - [2025-03-23T14:58:50.171+0000] {dagbag.py:588} INFO - Filling up the DagBag from /home/airflow/.local/lib/python3.12/site-packages/airflow/example_dags/example_sensors.py
[2025-03-23T14:58:50.183+0000] {processor.py:925} INFO - DAG(s) 'example_sensors' retrieved from /home/airflow/.local/lib/python3.12/site-packages/airflow/example_dags/example_sensors.py
[2025-03-23T14:58:50.207+0000] {logging_mixin.py:190} INFO - [2025-03-23T14:58:50.207+0000] {dag.py:3239} INFO - Sync 1 DAGs
[2025-03-23T14:58:50.220+0000] {logging_mixin.py:190} INFO - [2025-03-23T14:58:50.219+0000] {dag.py:4180} INFO - Setting next_dagrun for example_sensors to None, run_after=None
[2025-03-23T14:58:50.234+0000] {processor.py:208} INFO - Processing /home/airflow/.local/lib/python3.12/site-packages/airflow/example_dags/example_sensors.py took 0.072 seconds
[2025-03-23T14:59:21.384+0000] {processor.py:186} INFO - Started process (PID=242) to work on /home/airflow/.local/lib/python3.12/site-packages/airflow/example_dags/example_sensors.py
[2025-03-23T14:59:21.385+0000] {processor.py:914} INFO - Processing file /home/airflow/.local/lib/python3.12/site-packages/airflow/example_dags/example_sensors.py for tasks to queue
[2025-03-23T14:59:21.387+0000] {logging_mixin.py:190} INFO - [2025-03-23T14:59:21.386+0000] {dagbag.py:588} INFO - Filling up the DagBag from /home/airflow/.local/lib/python3.12/site-packages/airflow/example_dags/example_sensors.py
[2025-03-23T14:59:21.397+0000] {processor.py:925} INFO - DAG(s) 'example_sensors' retrieved from /home/airflow/.local/lib/python3.12/site-packages/airflow/example_dags/example_sensors.py
[2025-03-23T14:59:21.420+0000] {logging_mixin.py:190} INFO - [2025-03-23T14:59:21.420+0000] {dag.py:3239} INFO - Sync 1 DAGs
[2025-03-23T14:59:21.433+0000] {logging_mixin.py:190} INFO - [2025-03-23T14:59:21.433+0000] {dag.py:4180} INFO - Setting next_dagrun for example_sensors to None, run_after=None
[2025-03-23T14:59:21.447+0000] {processor.py:208} INFO - Processing /home/airflow/.local/lib/python3.12/site-packages/airflow/example_dags/example_sensors.py took 0.068 seconds
[2025-03-23T14:59:51.895+0000] {processor.py:186} INFO - Started process (PID=305) to work on /home/airflow/.local/lib/python3.12/site-packages/airflow/example_dags/example_sensors.py
[2025-03-23T14:59:51.896+0000] {processor.py:914} INFO - Processing file /home/airflow/.local/lib/python3.12/site-packages/airflow/example_dags/example_sensors.py for tasks to queue
[2025-03-23T14:59:51.898+0000] {logging_mixin.py:190} INFO - [2025-03-23T14:59:51.897+0000] {dagbag.py:588} INFO - Filling up the DagBag from /home/airflow/.local/lib/python3.12/site-packages/airflow/example_dags/example_sensors.py
[2025-03-23T14:59:51.908+0000] {processor.py:925} INFO - DAG(s) 'example_sensors' retrieved from /home/airflow/.local/lib/python3.12/site-packages/airflow/example_dags/example_sensors.py
[2025-03-23T14:59:51.930+0000] {logging_mixin.py:190} INFO - [2025-03-23T14:59:51.930+0000] {dag.py:3239} INFO - Sync 1 DAGs
[2025-03-23T14:59:51.942+0000] {logging_mixin.py:190} INFO - [2025-03-23T14:59:51.942+0000] {dag.py:4180} INFO - Setting next_dagrun for example_sensors to None, run_after=None
[2025-03-23T14:59:51.958+0000] {processor.py:208} INFO - Processing /home/airflow/.local/lib/python3.12/site-packages/airflow/example_dags/example_sensors.py took 0.069 seconds
[2025-03-23T15:00:23.145+0000] {processor.py:186} INFO - Started process (PID=368) to work on /home/airflow/.local/lib/python3.12/site-packages/airflow/example_dags/example_sensors.py
[2025-03-23T15:00:23.146+0000] {processor.py:914} INFO - Processing file /home/airflow/.local/lib/python3.12/site-packages/airflow/example_dags/example_sensors.py for tasks to queue
[2025-03-23T15:00:23.148+0000] {logging_mixin.py:190} INFO - [2025-03-23T15:00:23.148+0000] {dagbag.py:588} INFO - Filling up the DagBag from /home/airflow/.local/lib/python3.12/site-packages/airflow/example_dags/example_sensors.py
[2025-03-23T15:00:23.158+0000] {processor.py:925} INFO - DAG(s) 'example_sensors' retrieved from /home/airflow/.local/lib/python3.12/site-packages/airflow/example_dags/example_sensors.py
[2025-03-23T15:00:23.182+0000] {logging_mixin.py:190} INFO - [2025-03-23T15:00:23.182+0000] {dag.py:3239} INFO - Sync 1 DAGs
[2025-03-23T15:00:23.196+0000] {logging_mixin.py:190} INFO - [2025-03-23T15:00:23.196+0000] {dag.py:4180} INFO - Setting next_dagrun for example_sensors to None, run_after=None
[2025-03-23T15:00:23.211+0000] {processor.py:208} INFO - Processing /home/airflow/.local/lib/python3.12/site-packages/airflow/example_dags/example_sensors.py took 0.071 seconds
