[2025-03-23T14:58:18.608+0000] {processor.py:186} INFO - Started process (PID=109) to work on /home/airflow/.local/lib/python3.12/site-packages/airflow/example_dags/example_outlet_event_extra.py
[2025-03-23T14:58:18.608+0000] {processor.py:914} INFO - Processing file /home/airflow/.local/lib/python3.12/site-packages/airflow/example_dags/example_outlet_event_extra.py for tasks to queue
[2025-03-23T14:58:18.610+0000] {logging_mixin.py:190} INFO - [2025-03-23T14:58:18.610+0000] {dagbag.py:588} INFO - Filling up the DagBag from /home/airflow/.local/lib/python3.12/site-packages/airflow/example_dags/example_outlet_event_extra.py
[2025-03-23T14:58:19.145+0000] {processor.py:925} INFO - DAG(s) 'dataset_with_extra_from_classic_operator', 'dataset_with_extra_by_yield', 'dataset_with_extra_by_context' retrieved from /home/airflow/.local/lib/python3.12/site-packages/airflow/example_dags/example_outlet_event_extra.py
[2025-03-23T14:58:19.238+0000] {logging_mixin.py:190} INFO - [2025-03-23T14:58:19.237+0000] {override.py:1912} INFO - Created Permission View: can read on DAG:dataset_with_extra_from_classic_operator
[2025-03-23T14:58:19.245+0000] {logging_mixin.py:190} INFO - [2025-03-23T14:58:19.245+0000] {override.py:1912} INFO - Created Permission View: can edit on DAG:dataset_with_extra_from_classic_operator
[2025-03-23T14:58:19.250+0000] {logging_mixin.py:190} INFO - [2025-03-23T14:58:19.249+0000] {override.py:1912} INFO - Created Permission View: can delete on DAG:dataset_with_extra_from_classic_operator
[2025-03-23T14:58:19.255+0000] {logging_mixin.py:190} INFO - [2025-03-23T14:58:19.255+0000] {override.py:1912} INFO - Created Permission View: can read on DAG Run:dataset_with_extra_from_classic_operator
[2025-03-23T14:58:19.260+0000] {logging_mixin.py:190} INFO - [2025-03-23T14:58:19.260+0000] {override.py:1912} INFO - Created Permission View: can delete on DAG Run:dataset_with_extra_from_classic_operator
[2025-03-23T14:58:19.264+0000] {logging_mixin.py:190} INFO - [2025-03-23T14:58:19.264+0000] {override.py:1912} INFO - Created Permission View: menu access on DAG Run:dataset_with_extra_from_classic_operator
[2025-03-23T14:58:19.269+0000] {logging_mixin.py:190} INFO - [2025-03-23T14:58:19.269+0000] {override.py:1912} INFO - Created Permission View: can create on DAG Run:dataset_with_extra_from_classic_operator
[2025-03-23T14:58:19.279+0000] {logging_mixin.py:190} INFO - [2025-03-23T14:58:19.279+0000] {override.py:1912} INFO - Created Permission View: can read on DAG:dataset_with_extra_by_yield
[2025-03-23T14:58:19.283+0000] {logging_mixin.py:190} INFO - [2025-03-23T14:58:19.283+0000] {override.py:1912} INFO - Created Permission View: can edit on DAG:dataset_with_extra_by_yield
[2025-03-23T14:58:19.288+0000] {logging_mixin.py:190} INFO - [2025-03-23T14:58:19.288+0000] {override.py:1912} INFO - Created Permission View: can delete on DAG:dataset_with_extra_by_yield
[2025-03-23T14:58:19.293+0000] {logging_mixin.py:190} INFO - [2025-03-23T14:58:19.293+0000] {override.py:1912} INFO - Created Permission View: can read on DAG Run:dataset_with_extra_by_yield
[2025-03-23T14:58:19.298+0000] {logging_mixin.py:190} INFO - [2025-03-23T14:58:19.297+0000] {override.py:1912} INFO - Created Permission View: can delete on DAG Run:dataset_with_extra_by_yield
[2025-03-23T14:58:19.302+0000] {logging_mixin.py:190} INFO - [2025-03-23T14:58:19.302+0000] {override.py:1912} INFO - Created Permission View: menu access on DAG Run:dataset_with_extra_by_yield
[2025-03-23T14:58:19.306+0000] {logging_mixin.py:190} INFO - [2025-03-23T14:58:19.306+0000] {override.py:1912} INFO - Created Permission View: can create on DAG Run:dataset_with_extra_by_yield
[2025-03-23T14:58:19.314+0000] {logging_mixin.py:190} INFO - [2025-03-23T14:58:19.314+0000] {override.py:1912} INFO - Created Permission View: can read on DAG:dataset_with_extra_by_context
[2025-03-23T14:58:19.319+0000] {logging_mixin.py:190} INFO - [2025-03-23T14:58:19.319+0000] {override.py:1912} INFO - Created Permission View: can edit on DAG:dataset_with_extra_by_context
[2025-03-23T14:58:19.324+0000] {logging_mixin.py:190} INFO - [2025-03-23T14:58:19.324+0000] {override.py:1912} INFO - Created Permission View: can delete on DAG:dataset_with_extra_by_context
[2025-03-23T14:58:19.329+0000] {logging_mixin.py:190} INFO - [2025-03-23T14:58:19.329+0000] {override.py:1912} INFO - Created Permission View: can read on DAG Run:dataset_with_extra_by_context
[2025-03-23T14:58:19.334+0000] {logging_mixin.py:190} INFO - [2025-03-23T14:58:19.333+0000] {override.py:1912} INFO - Created Permission View: can delete on DAG Run:dataset_with_extra_by_context
[2025-03-23T14:58:19.338+0000] {logging_mixin.py:190} INFO - [2025-03-23T14:58:19.338+0000] {override.py:1912} INFO - Created Permission View: menu access on DAG Run:dataset_with_extra_by_context
[2025-03-23T14:58:19.342+0000] {logging_mixin.py:190} INFO - [2025-03-23T14:58:19.342+0000] {override.py:1912} INFO - Created Permission View: can create on DAG Run:dataset_with_extra_by_context
[2025-03-23T14:58:19.343+0000] {logging_mixin.py:190} INFO - [2025-03-23T14:58:19.343+0000] {dag.py:3239} INFO - Sync 3 DAGs
[2025-03-23T14:58:19.355+0000] {logging_mixin.py:190} INFO - [2025-03-23T14:58:19.354+0000] {dag.py:3262} INFO - Creating ORM DAG for dataset_with_extra_from_classic_operator
[2025-03-23T14:58:19.355+0000] {logging_mixin.py:190} INFO - [2025-03-23T14:58:19.355+0000] {dag.py:3262} INFO - Creating ORM DAG for dataset_with_extra_by_context
[2025-03-23T14:58:19.356+0000] {logging_mixin.py:190} INFO - [2025-03-23T14:58:19.356+0000] {dag.py:3262} INFO - Creating ORM DAG for dataset_with_extra_by_yield
[2025-03-23T14:58:19.364+0000] {logging_mixin.py:190} INFO - [2025-03-23T14:58:19.364+0000] {dag.py:4180} INFO - Setting next_dagrun for dataset_with_extra_by_context to 2025-03-22 00:00:00+00:00, run_after=2025-03-23 00:00:00+00:00
[2025-03-23T14:58:19.366+0000] {logging_mixin.py:190} INFO - [2025-03-23T14:58:19.366+0000] {dag.py:4180} INFO - Setting next_dagrun for dataset_with_extra_by_yield to 2025-03-22 00:00:00+00:00, run_after=2025-03-23 00:00:00+00:00
[2025-03-23T14:58:19.367+0000] {logging_mixin.py:190} INFO - [2025-03-23T14:58:19.367+0000] {dag.py:4180} INFO - Setting next_dagrun for dataset_with_extra_from_classic_operator to 2025-03-22 00:00:00+00:00, run_after=2025-03-23 00:00:00+00:00
[2025-03-23T14:58:19.385+0000] {processor.py:208} INFO - Processing /home/airflow/.local/lib/python3.12/site-packages/airflow/example_dags/example_outlet_event_extra.py took 0.783 seconds
[2025-03-23T14:58:49.528+0000] {processor.py:186} INFO - Started process (PID=172) to work on /home/airflow/.local/lib/python3.12/site-packages/airflow/example_dags/example_outlet_event_extra.py
[2025-03-23T14:58:49.529+0000] {processor.py:914} INFO - Processing file /home/airflow/.local/lib/python3.12/site-packages/airflow/example_dags/example_outlet_event_extra.py for tasks to queue
[2025-03-23T14:58:49.531+0000] {logging_mixin.py:190} INFO - [2025-03-23T14:58:49.531+0000] {dagbag.py:588} INFO - Filling up the DagBag from /home/airflow/.local/lib/python3.12/site-packages/airflow/example_dags/example_outlet_event_extra.py
[2025-03-23T14:58:50.063+0000] {processor.py:925} INFO - DAG(s) 'dataset_with_extra_by_yield', 'dataset_with_extra_from_classic_operator', 'dataset_with_extra_by_context' retrieved from /home/airflow/.local/lib/python3.12/site-packages/airflow/example_dags/example_outlet_event_extra.py
[2025-03-23T14:58:50.083+0000] {logging_mixin.py:190} INFO - [2025-03-23T14:58:50.083+0000] {dag.py:3239} INFO - Sync 3 DAGs
[2025-03-23T14:58:50.104+0000] {logging_mixin.py:190} INFO - [2025-03-23T14:58:50.104+0000] {dag.py:4180} INFO - Setting next_dagrun for dataset_with_extra_by_context to 2025-03-22 00:00:00+00:00, run_after=2025-03-23 00:00:00+00:00
[2025-03-23T14:58:50.108+0000] {logging_mixin.py:190} INFO - [2025-03-23T14:58:50.108+0000] {dag.py:4180} INFO - Setting next_dagrun for dataset_with_extra_by_yield to 2025-03-22 00:00:00+00:00, run_after=2025-03-23 00:00:00+00:00
[2025-03-23T14:58:50.110+0000] {logging_mixin.py:190} INFO - [2025-03-23T14:58:50.110+0000] {dag.py:4180} INFO - Setting next_dagrun for dataset_with_extra_from_classic_operator to 2025-03-22 00:00:00+00:00, run_after=2025-03-23 00:00:00+00:00
[2025-03-23T14:58:50.126+0000] {processor.py:208} INFO - Processing /home/airflow/.local/lib/python3.12/site-packages/airflow/example_dags/example_outlet_event_extra.py took 0.603 seconds
[2025-03-23T14:59:20.905+0000] {processor.py:186} INFO - Started process (PID=237) to work on /home/airflow/.local/lib/python3.12/site-packages/airflow/example_dags/example_outlet_event_extra.py
[2025-03-23T14:59:20.906+0000] {processor.py:914} INFO - Processing file /home/airflow/.local/lib/python3.12/site-packages/airflow/example_dags/example_outlet_event_extra.py for tasks to queue
[2025-03-23T14:59:20.908+0000] {logging_mixin.py:190} INFO - [2025-03-23T14:59:20.907+0000] {dagbag.py:588} INFO - Filling up the DagBag from /home/airflow/.local/lib/python3.12/site-packages/airflow/example_dags/example_outlet_event_extra.py
[2025-03-23T14:59:21.458+0000] {processor.py:925} INFO - DAG(s) 'dataset_with_extra_by_context', 'dataset_with_extra_from_classic_operator', 'dataset_with_extra_by_yield' retrieved from /home/airflow/.local/lib/python3.12/site-packages/airflow/example_dags/example_outlet_event_extra.py
[2025-03-23T14:59:21.478+0000] {logging_mixin.py:190} INFO - [2025-03-23T14:59:21.478+0000] {dag.py:3239} INFO - Sync 3 DAGs
[2025-03-23T14:59:21.500+0000] {logging_mixin.py:190} INFO - [2025-03-23T14:59:21.499+0000] {dag.py:4180} INFO - Setting next_dagrun for dataset_with_extra_by_context to 2025-03-22 00:00:00+00:00, run_after=2025-03-23 00:00:00+00:00
[2025-03-23T14:59:21.504+0000] {logging_mixin.py:190} INFO - [2025-03-23T14:59:21.504+0000] {dag.py:4180} INFO - Setting next_dagrun for dataset_with_extra_by_yield to 2025-03-22 00:00:00+00:00, run_after=2025-03-23 00:00:00+00:00
[2025-03-23T14:59:21.506+0000] {logging_mixin.py:190} INFO - [2025-03-23T14:59:21.506+0000] {dag.py:4180} INFO - Setting next_dagrun for dataset_with_extra_from_classic_operator to 2025-03-22 00:00:00+00:00, run_after=2025-03-23 00:00:00+00:00
[2025-03-23T14:59:21.523+0000] {processor.py:208} INFO - Processing /home/airflow/.local/lib/python3.12/site-packages/airflow/example_dags/example_outlet_event_extra.py took 0.625 seconds
[2025-03-23T14:59:51.782+0000] {processor.py:186} INFO - Started process (PID=303) to work on /home/airflow/.local/lib/python3.12/site-packages/airflow/example_dags/example_outlet_event_extra.py
[2025-03-23T14:59:51.783+0000] {processor.py:914} INFO - Processing file /home/airflow/.local/lib/python3.12/site-packages/airflow/example_dags/example_outlet_event_extra.py for tasks to queue
[2025-03-23T14:59:51.785+0000] {logging_mixin.py:190} INFO - [2025-03-23T14:59:51.784+0000] {dagbag.py:588} INFO - Filling up the DagBag from /home/airflow/.local/lib/python3.12/site-packages/airflow/example_dags/example_outlet_event_extra.py
[2025-03-23T14:59:52.328+0000] {processor.py:925} INFO - DAG(s) 'dataset_with_extra_by_yield', 'dataset_with_extra_by_context', 'dataset_with_extra_from_classic_operator' retrieved from /home/airflow/.local/lib/python3.12/site-packages/airflow/example_dags/example_outlet_event_extra.py
[2025-03-23T14:59:52.350+0000] {logging_mixin.py:190} INFO - [2025-03-23T14:59:52.350+0000] {dag.py:3239} INFO - Sync 3 DAGs
[2025-03-23T14:59:52.374+0000] {logging_mixin.py:190} INFO - [2025-03-23T14:59:52.373+0000] {dag.py:4180} INFO - Setting next_dagrun for dataset_with_extra_by_context to 2025-03-22 00:00:00+00:00, run_after=2025-03-23 00:00:00+00:00
[2025-03-23T14:59:52.379+0000] {logging_mixin.py:190} INFO - [2025-03-23T14:59:52.379+0000] {dag.py:4180} INFO - Setting next_dagrun for dataset_with_extra_by_yield to 2025-03-22 00:00:00+00:00, run_after=2025-03-23 00:00:00+00:00
[2025-03-23T14:59:52.383+0000] {logging_mixin.py:190} INFO - [2025-03-23T14:59:52.382+0000] {dag.py:4180} INFO - Setting next_dagrun for dataset_with_extra_from_classic_operator to 2025-03-22 00:00:00+00:00, run_after=2025-03-23 00:00:00+00:00
[2025-03-23T14:59:52.403+0000] {processor.py:208} INFO - Processing /home/airflow/.local/lib/python3.12/site-packages/airflow/example_dags/example_outlet_event_extra.py took 0.627 seconds
[2025-03-23T15:00:23.094+0000] {processor.py:186} INFO - Started process (PID=367) to work on /home/airflow/.local/lib/python3.12/site-packages/airflow/example_dags/example_outlet_event_extra.py
[2025-03-23T15:00:23.095+0000] {processor.py:914} INFO - Processing file /home/airflow/.local/lib/python3.12/site-packages/airflow/example_dags/example_outlet_event_extra.py for tasks to queue
[2025-03-23T15:00:23.097+0000] {logging_mixin.py:190} INFO - [2025-03-23T15:00:23.096+0000] {dagbag.py:588} INFO - Filling up the DagBag from /home/airflow/.local/lib/python3.12/site-packages/airflow/example_dags/example_outlet_event_extra.py
[2025-03-23T15:00:23.642+0000] {processor.py:925} INFO - DAG(s) 'dataset_with_extra_by_yield', 'dataset_with_extra_from_classic_operator', 'dataset_with_extra_by_context' retrieved from /home/airflow/.local/lib/python3.12/site-packages/airflow/example_dags/example_outlet_event_extra.py
[2025-03-23T15:00:23.663+0000] {logging_mixin.py:190} INFO - [2025-03-23T15:00:23.663+0000] {dag.py:3239} INFO - Sync 3 DAGs
[2025-03-23T15:00:23.683+0000] {logging_mixin.py:190} INFO - [2025-03-23T15:00:23.683+0000] {dag.py:4180} INFO - Setting next_dagrun for dataset_with_extra_by_context to 2025-03-22 00:00:00+00:00, run_after=2025-03-23 00:00:00+00:00
[2025-03-23T15:00:23.687+0000] {logging_mixin.py:190} INFO - [2025-03-23T15:00:23.687+0000] {dag.py:4180} INFO - Setting next_dagrun for dataset_with_extra_by_yield to 2025-03-22 00:00:00+00:00, run_after=2025-03-23 00:00:00+00:00
[2025-03-23T15:00:23.690+0000] {logging_mixin.py:190} INFO - [2025-03-23T15:00:23.690+0000] {dag.py:4180} INFO - Setting next_dagrun for dataset_with_extra_from_classic_operator to 2025-03-22 00:00:00+00:00, run_after=2025-03-23 00:00:00+00:00
[2025-03-23T15:00:23.705+0000] {processor.py:208} INFO - Processing /home/airflow/.local/lib/python3.12/site-packages/airflow/example_dags/example_outlet_event_extra.py took 0.616 seconds
