[2025-03-23T14:58:22.040+0000] {processor.py:186} INFO - Started process (PID=134) to work on /home/airflow/.local/lib/python3.12/site-packages/airflow/example_dags/tutorial_objectstorage.py
[2025-03-23T14:58:22.040+0000] {processor.py:914} INFO - Processing file /home/airflow/.local/lib/python3.12/site-packages/airflow/example_dags/tutorial_objectstorage.py for tasks to queue
[2025-03-23T14:58:22.042+0000] {logging_mixin.py:190} INFO - [2025-03-23T14:58:22.042+0000] {dagbag.py:588} INFO - Filling up the DagBag from /home/airflow/.local/lib/python3.12/site-packages/airflow/example_dags/tutorial_objectstorage.py
[2025-03-23T14:58:22.052+0000] {processor.py:925} INFO - DAG(s) 'tutorial_objectstorage' retrieved from /home/airflow/.local/lib/python3.12/site-packages/airflow/example_dags/tutorial_objectstorage.py
[2025-03-23T14:58:22.158+0000] {logging_mixin.py:190} INFO - [2025-03-23T14:58:22.158+0000] {override.py:1912} INFO - Created Permission View: can read on DAG:tutorial_objectstorage
[2025-03-23T14:58:22.165+0000] {logging_mixin.py:190} INFO - [2025-03-23T14:58:22.165+0000] {override.py:1912} INFO - Created Permission View: can edit on DAG:tutorial_objectstorage
[2025-03-23T14:58:22.170+0000] {logging_mixin.py:190} INFO - [2025-03-23T14:58:22.170+0000] {override.py:1912} INFO - Created Permission View: can delete on DAG:tutorial_objectstorage
[2025-03-23T14:58:22.176+0000] {logging_mixin.py:190} INFO - [2025-03-23T14:58:22.175+0000] {override.py:1912} INFO - Created Permission View: can read on DAG Run:tutorial_objectstorage
[2025-03-23T14:58:22.180+0000] {logging_mixin.py:190} INFO - [2025-03-23T14:58:22.180+0000] {override.py:1912} INFO - Created Permission View: can delete on DAG Run:tutorial_objectstorage
[2025-03-23T14:58:22.185+0000] {logging_mixin.py:190} INFO - [2025-03-23T14:58:22.185+0000] {override.py:1912} INFO - Created Permission View: menu access on DAG Run:tutorial_objectstorage
[2025-03-23T14:58:22.190+0000] {logging_mixin.py:190} INFO - [2025-03-23T14:58:22.190+0000] {override.py:1912} INFO - Created Permission View: can create on DAG Run:tutorial_objectstorage
[2025-03-23T14:58:22.190+0000] {logging_mixin.py:190} INFO - [2025-03-23T14:58:22.190+0000] {dag.py:3239} INFO - Sync 1 DAGs
[2025-03-23T14:58:22.202+0000] {logging_mixin.py:190} INFO - [2025-03-23T14:58:22.201+0000] {dag.py:3262} INFO - Creating ORM DAG for tutorial_objectstorage
[2025-03-23T14:58:22.202+0000] {logging_mixin.py:190} INFO - [2025-03-23T14:58:22.202+0000] {dag.py:4180} INFO - Setting next_dagrun for tutorial_objectstorage to None, run_after=None
[2025-03-23T14:58:22.216+0000] {processor.py:208} INFO - Processing /home/airflow/.local/lib/python3.12/site-packages/airflow/example_dags/tutorial_objectstorage.py took 0.182 seconds
[2025-03-23T14:58:53.079+0000] {processor.py:186} INFO - Started process (PID=197) to work on /home/airflow/.local/lib/python3.12/site-packages/airflow/example_dags/tutorial_objectstorage.py
[2025-03-23T14:58:53.080+0000] {processor.py:914} INFO - Processing file /home/airflow/.local/lib/python3.12/site-packages/airflow/example_dags/tutorial_objectstorage.py for tasks to queue
[2025-03-23T14:58:53.081+0000] {logging_mixin.py:190} INFO - [2025-03-23T14:58:53.081+0000] {dagbag.py:588} INFO - Filling up the DagBag from /home/airflow/.local/lib/python3.12/site-packages/airflow/example_dags/tutorial_objectstorage.py
[2025-03-23T14:58:53.090+0000] {processor.py:925} INFO - DAG(s) 'tutorial_objectstorage' retrieved from /home/airflow/.local/lib/python3.12/site-packages/airflow/example_dags/tutorial_objectstorage.py
[2025-03-23T14:58:53.107+0000] {logging_mixin.py:190} INFO - [2025-03-23T14:58:53.106+0000] {dag.py:3239} INFO - Sync 1 DAGs
[2025-03-23T14:58:53.119+0000] {logging_mixin.py:190} INFO - [2025-03-23T14:58:53.119+0000] {dag.py:4180} INFO - Setting next_dagrun for tutorial_objectstorage to None, run_after=None
[2025-03-23T14:58:53.133+0000] {processor.py:208} INFO - Processing /home/airflow/.local/lib/python3.12/site-packages/airflow/example_dags/tutorial_objectstorage.py took 0.060 seconds
[2025-03-23T14:59:23.404+0000] {processor.py:186} INFO - Started process (PID=260) to work on /home/airflow/.local/lib/python3.12/site-packages/airflow/example_dags/tutorial_objectstorage.py
[2025-03-23T14:59:23.405+0000] {processor.py:914} INFO - Processing file /home/airflow/.local/lib/python3.12/site-packages/airflow/example_dags/tutorial_objectstorage.py for tasks to queue
[2025-03-23T14:59:23.407+0000] {logging_mixin.py:190} INFO - [2025-03-23T14:59:23.407+0000] {dagbag.py:588} INFO - Filling up the DagBag from /home/airflow/.local/lib/python3.12/site-packages/airflow/example_dags/tutorial_objectstorage.py
[2025-03-23T14:59:23.416+0000] {processor.py:925} INFO - DAG(s) 'tutorial_objectstorage' retrieved from /home/airflow/.local/lib/python3.12/site-packages/airflow/example_dags/tutorial_objectstorage.py
[2025-03-23T14:59:23.434+0000] {logging_mixin.py:190} INFO - [2025-03-23T14:59:23.434+0000] {dag.py:3239} INFO - Sync 1 DAGs
[2025-03-23T14:59:23.448+0000] {logging_mixin.py:190} INFO - [2025-03-23T14:59:23.447+0000] {dag.py:4180} INFO - Setting next_dagrun for tutorial_objectstorage to None, run_after=None
[2025-03-23T14:59:23.461+0000] {processor.py:208} INFO - Processing /home/airflow/.local/lib/python3.12/site-packages/airflow/example_dags/tutorial_objectstorage.py took 0.063 seconds
[2025-03-23T14:59:54.007+0000] {processor.py:186} INFO - Started process (PID=323) to work on /home/airflow/.local/lib/python3.12/site-packages/airflow/example_dags/tutorial_objectstorage.py
[2025-03-23T14:59:54.008+0000] {processor.py:914} INFO - Processing file /home/airflow/.local/lib/python3.12/site-packages/airflow/example_dags/tutorial_objectstorage.py for tasks to queue
[2025-03-23T14:59:54.010+0000] {logging_mixin.py:190} INFO - [2025-03-23T14:59:54.009+0000] {dagbag.py:588} INFO - Filling up the DagBag from /home/airflow/.local/lib/python3.12/site-packages/airflow/example_dags/tutorial_objectstorage.py
[2025-03-23T14:59:54.018+0000] {processor.py:925} INFO - DAG(s) 'tutorial_objectstorage' retrieved from /home/airflow/.local/lib/python3.12/site-packages/airflow/example_dags/tutorial_objectstorage.py
[2025-03-23T14:59:54.035+0000] {logging_mixin.py:190} INFO - [2025-03-23T14:59:54.035+0000] {dag.py:3239} INFO - Sync 1 DAGs
[2025-03-23T14:59:54.048+0000] {logging_mixin.py:190} INFO - [2025-03-23T14:59:54.048+0000] {dag.py:4180} INFO - Setting next_dagrun for tutorial_objectstorage to None, run_after=None
[2025-03-23T14:59:54.062+0000] {processor.py:208} INFO - Processing /home/airflow/.local/lib/python3.12/site-packages/airflow/example_dags/tutorial_objectstorage.py took 0.061 seconds
[2025-03-23T15:00:24.367+0000] {processor.py:186} INFO - Started process (PID=386) to work on /home/airflow/.local/lib/python3.12/site-packages/airflow/example_dags/tutorial_objectstorage.py
[2025-03-23T15:00:24.368+0000] {processor.py:914} INFO - Processing file /home/airflow/.local/lib/python3.12/site-packages/airflow/example_dags/tutorial_objectstorage.py for tasks to queue
[2025-03-23T15:00:24.370+0000] {logging_mixin.py:190} INFO - [2025-03-23T15:00:24.370+0000] {dagbag.py:588} INFO - Filling up the DagBag from /home/airflow/.local/lib/python3.12/site-packages/airflow/example_dags/tutorial_objectstorage.py
[2025-03-23T15:00:24.379+0000] {processor.py:925} INFO - DAG(s) 'tutorial_objectstorage' retrieved from /home/airflow/.local/lib/python3.12/site-packages/airflow/example_dags/tutorial_objectstorage.py
[2025-03-23T15:00:24.397+0000] {logging_mixin.py:190} INFO - [2025-03-23T15:00:24.396+0000] {dag.py:3239} INFO - Sync 1 DAGs
[2025-03-23T15:00:24.409+0000] {logging_mixin.py:190} INFO - [2025-03-23T15:00:24.409+0000] {dag.py:4180} INFO - Setting next_dagrun for tutorial_objectstorage to None, run_after=None
[2025-03-23T15:00:24.423+0000] {processor.py:208} INFO - Processing /home/airflow/.local/lib/python3.12/site-packages/airflow/example_dags/tutorial_objectstorage.py took 0.062 seconds
