[2025-03-23T14:58:21.833+0000] {processor.py:186} INFO - Started process (PID=132) to work on /home/airflow/.local/lib/python3.12/site-packages/airflow/example_dags/tutorial.py
[2025-03-23T14:58:21.834+0000] {processor.py:914} INFO - Processing file /home/airflow/.local/lib/python3.12/site-packages/airflow/example_dags/tutorial.py for tasks to queue
[2025-03-23T14:58:21.836+0000] {logging_mixin.py:190} INFO - [2025-03-23T14:58:21.836+0000] {dagbag.py:588} INFO - Filling up the DagBag from /home/airflow/.local/lib/python3.12/site-packages/airflow/example_dags/tutorial.py
[2025-03-23T14:58:21.845+0000] {processor.py:925} INFO - DAG(s) 'tutorial' retrieved from /home/airflow/.local/lib/python3.12/site-packages/airflow/example_dags/tutorial.py
[2025-03-23T14:58:21.941+0000] {logging_mixin.py:190} INFO - [2025-03-23T14:58:21.940+0000] {override.py:1912} INFO - Created Permission View: can read on DAG:tutorial
[2025-03-23T14:58:21.948+0000] {logging_mixin.py:190} INFO - [2025-03-23T14:58:21.948+0000] {override.py:1912} INFO - Created Permission View: can edit on DAG:tutorial
[2025-03-23T14:58:21.953+0000] {logging_mixin.py:190} INFO - [2025-03-23T14:58:21.953+0000] {override.py:1912} INFO - Created Permission View: can delete on DAG:tutorial
[2025-03-23T14:58:21.958+0000] {logging_mixin.py:190} INFO - [2025-03-23T14:58:21.958+0000] {override.py:1912} INFO - Created Permission View: can read on DAG Run:tutorial
[2025-03-23T14:58:21.962+0000] {logging_mixin.py:190} INFO - [2025-03-23T14:58:21.962+0000] {override.py:1912} INFO - Created Permission View: can delete on DAG Run:tutorial
[2025-03-23T14:58:21.967+0000] {logging_mixin.py:190} INFO - [2025-03-23T14:58:21.967+0000] {override.py:1912} INFO - Created Permission View: menu access on DAG Run:tutorial
[2025-03-23T14:58:21.973+0000] {logging_mixin.py:190} INFO - [2025-03-23T14:58:21.972+0000] {override.py:1912} INFO - Created Permission View: can create on DAG Run:tutorial
[2025-03-23T14:58:21.973+0000] {logging_mixin.py:190} INFO - [2025-03-23T14:58:21.973+0000] {dag.py:3239} INFO - Sync 1 DAGs
[2025-03-23T14:58:21.985+0000] {logging_mixin.py:190} INFO - [2025-03-23T14:58:21.985+0000] {dag.py:3262} INFO - Creating ORM DAG for tutorial
[2025-03-23T14:58:21.993+0000] {logging_mixin.py:190} INFO - [2025-03-23T14:58:21.993+0000] {dag.py:4180} INFO - Setting next_dagrun for tutorial to 2025-03-22 00:00:00+00:00, run_after=2025-03-23 00:00:00+00:00
[2025-03-23T14:58:22.007+0000] {processor.py:208} INFO - Processing /home/airflow/.local/lib/python3.12/site-packages/airflow/example_dags/tutorial.py took 0.181 seconds
[2025-03-23T14:58:52.986+0000] {processor.py:186} INFO - Started process (PID=195) to work on /home/airflow/.local/lib/python3.12/site-packages/airflow/example_dags/tutorial.py
[2025-03-23T14:58:52.987+0000] {processor.py:914} INFO - Processing file /home/airflow/.local/lib/python3.12/site-packages/airflow/example_dags/tutorial.py for tasks to queue
[2025-03-23T14:58:52.989+0000] {logging_mixin.py:190} INFO - [2025-03-23T14:58:52.989+0000] {dagbag.py:588} INFO - Filling up the DagBag from /home/airflow/.local/lib/python3.12/site-packages/airflow/example_dags/tutorial.py
[2025-03-23T14:58:52.997+0000] {processor.py:925} INFO - DAG(s) 'tutorial' retrieved from /home/airflow/.local/lib/python3.12/site-packages/airflow/example_dags/tutorial.py
[2025-03-23T14:58:53.016+0000] {logging_mixin.py:190} INFO - [2025-03-23T14:58:53.016+0000] {dag.py:3239} INFO - Sync 1 DAGs
[2025-03-23T14:58:53.036+0000] {logging_mixin.py:190} INFO - [2025-03-23T14:58:53.036+0000] {dag.py:4180} INFO - Setting next_dagrun for tutorial to 2025-03-22 00:00:00+00:00, run_after=2025-03-23 00:00:00+00:00
[2025-03-23T14:58:53.051+0000] {processor.py:208} INFO - Processing /home/airflow/.local/lib/python3.12/site-packages/airflow/example_dags/tutorial.py took 0.071 seconds
[2025-03-23T14:59:23.311+0000] {processor.py:186} INFO - Started process (PID=258) to work on /home/airflow/.local/lib/python3.12/site-packages/airflow/example_dags/tutorial.py
[2025-03-23T14:59:23.312+0000] {processor.py:914} INFO - Processing file /home/airflow/.local/lib/python3.12/site-packages/airflow/example_dags/tutorial.py for tasks to queue
[2025-03-23T14:59:23.314+0000] {logging_mixin.py:190} INFO - [2025-03-23T14:59:23.313+0000] {dagbag.py:588} INFO - Filling up the DagBag from /home/airflow/.local/lib/python3.12/site-packages/airflow/example_dags/tutorial.py
[2025-03-23T14:59:23.320+0000] {processor.py:925} INFO - DAG(s) 'tutorial' retrieved from /home/airflow/.local/lib/python3.12/site-packages/airflow/example_dags/tutorial.py
[2025-03-23T14:59:23.340+0000] {logging_mixin.py:190} INFO - [2025-03-23T14:59:23.339+0000] {dag.py:3239} INFO - Sync 1 DAGs
[2025-03-23T14:59:23.362+0000] {logging_mixin.py:190} INFO - [2025-03-23T14:59:23.361+0000] {dag.py:4180} INFO - Setting next_dagrun for tutorial to 2025-03-22 00:00:00+00:00, run_after=2025-03-23 00:00:00+00:00
[2025-03-23T14:59:23.375+0000] {processor.py:208} INFO - Processing /home/airflow/.local/lib/python3.12/site-packages/airflow/example_dags/tutorial.py took 0.070 seconds
[2025-03-23T14:59:53.911+0000] {processor.py:186} INFO - Started process (PID=321) to work on /home/airflow/.local/lib/python3.12/site-packages/airflow/example_dags/tutorial.py
[2025-03-23T14:59:53.912+0000] {processor.py:914} INFO - Processing file /home/airflow/.local/lib/python3.12/site-packages/airflow/example_dags/tutorial.py for tasks to queue
[2025-03-23T14:59:53.914+0000] {logging_mixin.py:190} INFO - [2025-03-23T14:59:53.914+0000] {dagbag.py:588} INFO - Filling up the DagBag from /home/airflow/.local/lib/python3.12/site-packages/airflow/example_dags/tutorial.py
[2025-03-23T14:59:53.922+0000] {processor.py:925} INFO - DAG(s) 'tutorial' retrieved from /home/airflow/.local/lib/python3.12/site-packages/airflow/example_dags/tutorial.py
[2025-03-23T14:59:53.941+0000] {logging_mixin.py:190} INFO - [2025-03-23T14:59:53.941+0000] {dag.py:3239} INFO - Sync 1 DAGs
[2025-03-23T14:59:53.963+0000] {logging_mixin.py:190} INFO - [2025-03-23T14:59:53.963+0000] {dag.py:4180} INFO - Setting next_dagrun for tutorial to 2025-03-22 00:00:00+00:00, run_after=2025-03-23 00:00:00+00:00
[2025-03-23T14:59:53.977+0000] {processor.py:208} INFO - Processing /home/airflow/.local/lib/python3.12/site-packages/airflow/example_dags/tutorial.py took 0.071 seconds
[2025-03-23T15:00:24.271+0000] {processor.py:186} INFO - Started process (PID=384) to work on /home/airflow/.local/lib/python3.12/site-packages/airflow/example_dags/tutorial.py
[2025-03-23T15:00:24.272+0000] {processor.py:914} INFO - Processing file /home/airflow/.local/lib/python3.12/site-packages/airflow/example_dags/tutorial.py for tasks to queue
[2025-03-23T15:00:24.273+0000] {logging_mixin.py:190} INFO - [2025-03-23T15:00:24.273+0000] {dagbag.py:588} INFO - Filling up the DagBag from /home/airflow/.local/lib/python3.12/site-packages/airflow/example_dags/tutorial.py
[2025-03-23T15:00:24.281+0000] {processor.py:925} INFO - DAG(s) 'tutorial' retrieved from /home/airflow/.local/lib/python3.12/site-packages/airflow/example_dags/tutorial.py
[2025-03-23T15:00:24.299+0000] {logging_mixin.py:190} INFO - [2025-03-23T15:00:24.299+0000] {dag.py:3239} INFO - Sync 1 DAGs
[2025-03-23T15:00:24.318+0000] {logging_mixin.py:190} INFO - [2025-03-23T15:00:24.318+0000] {dag.py:4180} INFO - Setting next_dagrun for tutorial to 2025-03-22 00:00:00+00:00, run_after=2025-03-23 00:00:00+00:00
[2025-03-23T15:00:24.333+0000] {processor.py:208} INFO - Processing /home/airflow/.local/lib/python3.12/site-packages/airflow/example_dags/tutorial.py took 0.068 seconds
