[2025-05-11T17:55:14.346+0000] {local_task_job_runner.py:123} INFO - ::group::Pre task execution logs
[2025-05-11T17:55:14.690+0000] {taskinstance.py:2614} INFO - Dependencies all met for dep_context=non-requeueable deps ti=<TaskInstance: uvt_example.print_message manual__2025-05-11T17:55:07.164973+00:00 [queued]>
[2025-05-11T17:55:14.706+0000] {taskinstance.py:2614} INFO - Dependencies all met for dep_context=requeueable deps ti=<TaskInstance: uvt_example.print_message manual__2025-05-11T17:55:07.164973+00:00 [queued]>
[2025-05-11T17:55:14.706+0000] {taskinstance.py:2867} INFO - Starting attempt 1 of 2
[2025-05-11T17:55:14.727+0000] {taskinstance.py:2890} INFO - Executing <Task(PythonOperator): print_message> on 2025-05-11 17:55:07.164973+00:00
[2025-05-11T17:55:14.745+0000] {warnings.py:112} WARNING - /home/***/.local/lib/python3.12/site-packages/***/task/task_runner/standard_task_runner.py:70: DeprecationWarning: This process (pid=310) is multi-threaded, use of fork() may lead to deadlocks in the child.
  pid = os.fork()

[2025-05-11T17:55:14.748+0000] {standard_task_runner.py:72} INFO - Started process 312 to run task
[2025-05-11T17:55:14.748+0000] {standard_task_runner.py:104} INFO - Running: ['***', 'tasks', 'run', 'uvt_example', 'print_message', 'manual__2025-05-11T17:55:07.164973+00:00', '--job-id', '61', '--raw', '--subdir', 'DAGS_FOLDER/hmida.py', '--cfg-path', '/tmp/tmptsd1zayo']
[2025-05-11T17:55:14.749+0000] {standard_task_runner.py:105} INFO - Job 61: Subtask print_message
[2025-05-11T17:55:14.824+0000] {task_command.py:467} INFO - Running <TaskInstance: uvt_example.print_message manual__2025-05-11T17:55:07.164973+00:00 [running]> on host 0cb3ccf66fff
[2025-05-11T17:55:14.974+0000] {taskinstance.py:3134} INFO - Exporting env vars: AIRFLOW_CTX_DAG_OWNER='***' AIRFLOW_CTX_DAG_ID='uvt_example' AIRFLOW_CTX_TASK_ID='print_message' AIRFLOW_CTX_EXECUTION_DATE='2025-05-11T17:55:07.164973+00:00' AIRFLOW_CTX_TRY_NUMBER='1' AIRFLOW_CTX_DAG_RUN_ID='manual__2025-05-11T17:55:07.164973+00:00'
[2025-05-11T17:55:14.976+0000] {logging_mixin.py:190} INFO - Task instance is in running state
[2025-05-11T17:55:14.976+0000] {logging_mixin.py:190} INFO -  Previous state of the Task instance: queued
[2025-05-11T17:55:14.977+0000] {logging_mixin.py:190} INFO - Current task name:print_message state:running start_date:2025-05-11 17:55:14.691638+00:00
[2025-05-11T17:55:14.978+0000] {logging_mixin.py:190} INFO - Dag name:uvt_example and current dag run status:running
[2025-05-11T17:55:14.978+0000] {taskinstance.py:732} INFO - ::endgroup::
[2025-05-11T17:55:14.980+0000] {logging_mixin.py:190} INFO - Hello, Airflow!
[2025-05-11T17:55:14.980+0000] {python.py:240} INFO - Done. Returned value was: None
[2025-05-11T17:55:15.004+0000] {taskinstance.py:341} INFO - ::group::Post task execution logs
[2025-05-11T17:55:15.005+0000] {taskinstance.py:353} INFO - Marking task as SUCCESS. dag_id=uvt_example, task_id=print_message, run_id=manual__2025-05-11T17:55:07.164973+00:00, execution_date=20250511T175507, start_date=20250511T175514, end_date=20250511T175515
[2025-05-11T17:55:15.048+0000] {logging_mixin.py:190} INFO - Task instance in success state
[2025-05-11T17:55:15.048+0000] {logging_mixin.py:190} INFO -  Previous state of the Task instance: running
[2025-05-11T17:55:15.049+0000] {logging_mixin.py:190} INFO - Dag name:uvt_example queued_at:2025-05-11 17:55:07.193236+00:00
[2025-05-11T17:55:15.049+0000] {logging_mixin.py:190} INFO - Task hostname:0cb3ccf66fff operator:PythonOperator
[2025-05-11T17:55:15.084+0000] {local_task_job_runner.py:266} INFO - Task exited with return code 0
[2025-05-11T17:55:15.122+0000] {taskinstance.py:3901} INFO - 1 downstream tasks scheduled from follow-on schedule check
[2025-05-11T17:55:15.124+0000] {local_task_job_runner.py:245} INFO - ::endgroup::
