[2025-05-11T17:53:47.933+0000] {local_task_job_runner.py:123} INFO - ::group::Pre task execution logs
[2025-05-11T17:53:47.964+0000] {taskinstance.py:2614} INFO - Dependencies all met for dep_context=non-requeueable deps ti=<TaskInstance: uvt_example.run_bash_command manual__2025-05-11T17:52:39.771681+00:00 [queued]>
[2025-05-11T17:53:48.185+0000] {taskinstance.py:2614} INFO - Dependencies all met for dep_context=requeueable deps ti=<TaskInstance: uvt_example.run_bash_command manual__2025-05-11T17:52:39.771681+00:00 [queued]>
[2025-05-11T17:53:48.185+0000] {taskinstance.py:2867} INFO - Starting attempt 1 of 2
[2025-05-11T17:53:48.204+0000] {taskinstance.py:2890} INFO - Executing <Task(BashOperator): run_bash_command> on 2025-05-11 17:52:39.771681+00:00
[2025-05-11T17:53:48.218+0000] {warnings.py:112} WARNING - /home/***/.local/lib/python3.12/site-packages/***/task/task_runner/standard_task_runner.py:70: DeprecationWarning: This process (pid=287) is multi-threaded, use of fork() may lead to deadlocks in the child.
  pid = os.fork()

[2025-05-11T17:53:48.220+0000] {standard_task_runner.py:72} INFO - Started process 289 to run task
[2025-05-11T17:53:48.221+0000] {standard_task_runner.py:104} INFO - Running: ['***', 'tasks', 'run', 'uvt_example', 'run_bash_command', 'manual__2025-05-11T17:52:39.771681+00:00', '--job-id', '59', '--raw', '--subdir', 'DAGS_FOLDER/hmida.py', '--cfg-path', '/tmp/tmpeomtfosx']
[2025-05-11T17:53:48.222+0000] {standard_task_runner.py:105} INFO - Job 59: Subtask run_bash_command
[2025-05-11T17:53:48.282+0000] {task_command.py:467} INFO - Running <TaskInstance: uvt_example.run_bash_command manual__2025-05-11T17:52:39.771681+00:00 [running]> on host 0cb3ccf66fff
[2025-05-11T17:53:48.384+0000] {taskinstance.py:3134} INFO - Exporting env vars: AIRFLOW_CTX_DAG_OWNER='***' AIRFLOW_CTX_DAG_ID='uvt_example' AIRFLOW_CTX_TASK_ID='run_bash_command' AIRFLOW_CTX_EXECUTION_DATE='2025-05-11T17:52:39.771681+00:00' AIRFLOW_CTX_TRY_NUMBER='1' AIRFLOW_CTX_DAG_RUN_ID='manual__2025-05-11T17:52:39.771681+00:00'
[2025-05-11T17:53:48.385+0000] {logging_mixin.py:190} INFO - Task instance is in running state
[2025-05-11T17:53:48.386+0000] {logging_mixin.py:190} INFO -  Previous state of the Task instance: queued
[2025-05-11T17:53:48.386+0000] {logging_mixin.py:190} INFO - Current task name:run_bash_command state:running start_date:2025-05-11 17:53:47.964633+00:00
[2025-05-11T17:53:48.386+0000] {logging_mixin.py:190} INFO - Dag name:uvt_example and current dag run status:running
[2025-05-11T17:53:48.386+0000] {taskinstance.py:732} INFO - ::endgroup::
[2025-05-11T17:53:48.387+0000] {subprocess.py:78} INFO - Tmp dir root location: /tmp
[2025-05-11T17:53:48.388+0000] {subprocess.py:88} INFO - Running command: ['/usr/bin/bash', '-c', "echo 'Task completed successfully!'"]
[2025-05-11T17:53:48.421+0000] {subprocess.py:99} INFO - Output:
[2025-05-11T17:53:48.423+0000] {subprocess.py:106} INFO - Task completed successfully!
[2025-05-11T17:53:48.424+0000] {subprocess.py:110} INFO - Command exited with return code 0
[2025-05-11T17:53:48.459+0000] {taskinstance.py:341} INFO - ::group::Post task execution logs
[2025-05-11T17:53:48.460+0000] {taskinstance.py:353} INFO - Marking task as SUCCESS. dag_id=uvt_example, task_id=run_bash_command, run_id=manual__2025-05-11T17:52:39.771681+00:00, execution_date=20250511T175239, start_date=20250511T175347, end_date=20250511T175348
[2025-05-11T17:53:48.492+0000] {logging_mixin.py:190} INFO - Task instance in success state
[2025-05-11T17:53:48.493+0000] {logging_mixin.py:190} INFO -  Previous state of the Task instance: running
[2025-05-11T17:53:48.493+0000] {logging_mixin.py:190} INFO - Dag name:uvt_example queued_at:2025-05-11 17:52:39.796125+00:00
[2025-05-11T17:53:48.493+0000] {logging_mixin.py:190} INFO - Task hostname:0cb3ccf66fff operator:BashOperator
[2025-05-11T17:53:48.516+0000] {local_task_job_runner.py:266} INFO - Task exited with return code 0
[2025-05-11T17:53:48.538+0000] {taskinstance.py:3901} INFO - 0 downstream tasks scheduled from follow-on schedule check
[2025-05-11T17:53:48.540+0000] {local_task_job_runner.py:245} INFO - ::endgroup::
