[2025-05-28T13:37:14.606+0000] {processor.py:186} INFO - Started process (PID=87) to work on /opt/airflow/dags/hmida.py
[2025-05-28T13:37:14.607+0000] {processor.py:914} INFO - Processing file /opt/airflow/dags/hmida.py for tasks to queue
[2025-05-28T13:37:14.609+0000] {logging_mixin.py:190} INFO - [2025-05-28T13:37:14.609+0000] {dagbag.py:588} INFO - Filling up the DagBag from /opt/airflow/dags/hmida.py
[2025-05-28T13:37:14.624+0000] {processor.py:925} INFO - DAG(s) 'uvt_example' retrieved from /opt/airflow/dags/hmida.py
[2025-05-28T13:37:14.668+0000] {logging_mixin.py:190} INFO - [2025-05-28T13:37:14.668+0000] {dag.py:3239} INFO - Sync 1 DAGs
[2025-05-28T13:37:14.691+0000] {logging_mixin.py:190} INFO - [2025-05-28T13:37:14.690+0000] {dag.py:4180} INFO - Setting next_dagrun for uvt_example to 2025-05-27 00:00:00+00:00, run_after=2025-05-28 00:00:00+00:00
[2025-05-28T13:37:14.705+0000] {processor.py:208} INFO - Processing /opt/airflow/dags/hmida.py took 0.105 seconds
[2025-05-28T13:37:45.535+0000] {processor.py:186} INFO - Started process (PID=152) to work on /opt/airflow/dags/hmida.py
[2025-05-28T13:37:45.536+0000] {processor.py:914} INFO - Processing file /opt/airflow/dags/hmida.py for tasks to queue
[2025-05-28T13:37:45.538+0000] {logging_mixin.py:190} INFO - [2025-05-28T13:37:45.538+0000] {dagbag.py:588} INFO - Filling up the DagBag from /opt/airflow/dags/hmida.py
[2025-05-28T13:37:45.548+0000] {processor.py:925} INFO - DAG(s) 'uvt_example' retrieved from /opt/airflow/dags/hmida.py
[2025-05-28T13:37:45.567+0000] {logging_mixin.py:190} INFO - [2025-05-28T13:37:45.566+0000] {dag.py:3239} INFO - Sync 1 DAGs
[2025-05-28T13:37:45.587+0000] {logging_mixin.py:190} INFO - [2025-05-28T13:37:45.587+0000] {dag.py:4180} INFO - Setting next_dagrun for uvt_example to 2025-05-27 00:00:00+00:00, run_after=2025-05-28 00:00:00+00:00
[2025-05-28T13:37:45.601+0000] {processor.py:208} INFO - Processing /opt/airflow/dags/hmida.py took 0.072 seconds
[2025-05-28T13:38:16.377+0000] {processor.py:186} INFO - Started process (PID=217) to work on /opt/airflow/dags/hmida.py
[2025-05-28T13:38:16.379+0000] {processor.py:914} INFO - Processing file /opt/airflow/dags/hmida.py for tasks to queue
[2025-05-28T13:38:16.381+0000] {logging_mixin.py:190} INFO - [2025-05-28T13:38:16.380+0000] {dagbag.py:588} INFO - Filling up the DagBag from /opt/airflow/dags/hmida.py
[2025-05-28T13:38:16.391+0000] {processor.py:925} INFO - DAG(s) 'uvt_example' retrieved from /opt/airflow/dags/hmida.py
[2025-05-28T13:38:16.415+0000] {logging_mixin.py:190} INFO - [2025-05-28T13:38:16.415+0000] {dag.py:3239} INFO - Sync 1 DAGs
[2025-05-28T13:38:16.438+0000] {logging_mixin.py:190} INFO - [2025-05-28T13:38:16.438+0000] {dag.py:4180} INFO - Setting next_dagrun for uvt_example to 2025-05-27 00:00:00+00:00, run_after=2025-05-28 00:00:00+00:00
[2025-05-28T13:38:16.454+0000] {processor.py:208} INFO - Processing /opt/airflow/dags/hmida.py took 0.083 seconds
[2025-05-28T13:38:46.596+0000] {processor.py:186} INFO - Started process (PID=282) to work on /opt/airflow/dags/hmida.py
[2025-05-28T13:38:46.597+0000] {processor.py:914} INFO - Processing file /opt/airflow/dags/hmida.py for tasks to queue
[2025-05-28T13:38:46.600+0000] {logging_mixin.py:190} INFO - [2025-05-28T13:38:46.600+0000] {dagbag.py:588} INFO - Filling up the DagBag from /opt/airflow/dags/hmida.py
[2025-05-28T13:38:46.612+0000] {processor.py:925} INFO - DAG(s) 'uvt_example' retrieved from /opt/airflow/dags/hmida.py
[2025-05-28T13:38:46.639+0000] {logging_mixin.py:190} INFO - [2025-05-28T13:38:46.639+0000] {dag.py:3239} INFO - Sync 1 DAGs
[2025-05-28T13:38:46.680+0000] {logging_mixin.py:190} INFO - [2025-05-28T13:38:46.679+0000] {dag.py:4180} INFO - Setting next_dagrun for uvt_example to 2025-05-27 00:00:00+00:00, run_after=2025-05-28 00:00:00+00:00
[2025-05-28T13:38:46.697+0000] {processor.py:208} INFO - Processing /opt/airflow/dags/hmida.py took 0.107 seconds
[2025-05-28T13:39:16.968+0000] {processor.py:186} INFO - Started process (PID=347) to work on /opt/airflow/dags/hmida.py
[2025-05-28T13:39:16.970+0000] {processor.py:914} INFO - Processing file /opt/airflow/dags/hmida.py for tasks to queue
[2025-05-28T13:39:16.972+0000] {logging_mixin.py:190} INFO - [2025-05-28T13:39:16.971+0000] {dagbag.py:588} INFO - Filling up the DagBag from /opt/airflow/dags/hmida.py
[2025-05-28T13:39:16.982+0000] {processor.py:925} INFO - DAG(s) 'uvt_example' retrieved from /opt/airflow/dags/hmida.py
[2025-05-28T13:39:17.003+0000] {logging_mixin.py:190} INFO - [2025-05-28T13:39:17.002+0000] {dag.py:3239} INFO - Sync 1 DAGs
[2025-05-28T13:39:17.030+0000] {logging_mixin.py:190} INFO - [2025-05-28T13:39:17.030+0000] {dag.py:4180} INFO - Setting next_dagrun for uvt_example to 2025-05-27 00:00:00+00:00, run_after=2025-05-28 00:00:00+00:00
[2025-05-28T13:39:17.047+0000] {processor.py:208} INFO - Processing /opt/airflow/dags/hmida.py took 0.084 seconds
[2025-05-28T13:39:47.957+0000] {processor.py:186} INFO - Started process (PID=418) to work on /opt/airflow/dags/hmida.py
[2025-05-28T13:39:47.958+0000] {processor.py:914} INFO - Processing file /opt/airflow/dags/hmida.py for tasks to queue
[2025-05-28T13:39:47.961+0000] {logging_mixin.py:190} INFO - [2025-05-28T13:39:47.960+0000] {dagbag.py:588} INFO - Filling up the DagBag from /opt/airflow/dags/hmida.py
[2025-05-28T13:39:47.970+0000] {processor.py:925} INFO - DAG(s) 'uvt_example' retrieved from /opt/airflow/dags/hmida.py
[2025-05-28T13:39:47.987+0000] {logging_mixin.py:190} INFO - [2025-05-28T13:39:47.987+0000] {dag.py:3239} INFO - Sync 1 DAGs
[2025-05-28T13:39:48.011+0000] {logging_mixin.py:190} INFO - [2025-05-28T13:39:48.011+0000] {dag.py:4180} INFO - Setting next_dagrun for uvt_example to 2025-05-27 00:00:00+00:00, run_after=2025-05-28 00:00:00+00:00
[2025-05-28T13:39:48.027+0000] {processor.py:208} INFO - Processing /opt/airflow/dags/hmida.py took 0.075 seconds
[2025-05-28T13:40:18.615+0000] {processor.py:186} INFO - Started process (PID=483) to work on /opt/airflow/dags/hmida.py
[2025-05-28T13:40:18.616+0000] {processor.py:914} INFO - Processing file /opt/airflow/dags/hmida.py for tasks to queue
[2025-05-28T13:40:18.618+0000] {logging_mixin.py:190} INFO - [2025-05-28T13:40:18.618+0000] {dagbag.py:588} INFO - Filling up the DagBag from /opt/airflow/dags/hmida.py
[2025-05-28T13:40:18.628+0000] {processor.py:925} INFO - DAG(s) 'uvt_example' retrieved from /opt/airflow/dags/hmida.py
[2025-05-28T13:40:18.698+0000] {logging_mixin.py:190} INFO - [2025-05-28T13:40:18.698+0000] {dag.py:3239} INFO - Sync 1 DAGs
[2025-05-28T13:40:18.731+0000] {logging_mixin.py:190} INFO - [2025-05-28T13:40:18.730+0000] {dag.py:4180} INFO - Setting next_dagrun for uvt_example to 2025-05-27 00:00:00+00:00, run_after=2025-05-28 00:00:00+00:00
[2025-05-28T13:40:18.792+0000] {processor.py:208} INFO - Processing /opt/airflow/dags/hmida.py took 0.183 seconds
[2025-05-28T13:40:49.163+0000] {processor.py:186} INFO - Started process (PID=548) to work on /opt/airflow/dags/hmida.py
[2025-05-28T13:40:49.164+0000] {processor.py:914} INFO - Processing file /opt/airflow/dags/hmida.py for tasks to queue
[2025-05-28T13:40:49.166+0000] {logging_mixin.py:190} INFO - [2025-05-28T13:40:49.166+0000] {dagbag.py:588} INFO - Filling up the DagBag from /opt/airflow/dags/hmida.py
[2025-05-28T13:40:49.178+0000] {processor.py:925} INFO - DAG(s) 'uvt_example' retrieved from /opt/airflow/dags/hmida.py
[2025-05-28T13:40:49.198+0000] {logging_mixin.py:190} INFO - [2025-05-28T13:40:49.198+0000] {dag.py:3239} INFO - Sync 1 DAGs
[2025-05-28T13:40:49.222+0000] {logging_mixin.py:190} INFO - [2025-05-28T13:40:49.221+0000] {dag.py:4180} INFO - Setting next_dagrun for uvt_example to 2025-05-27 00:00:00+00:00, run_after=2025-05-28 00:00:00+00:00
[2025-05-28T13:40:49.240+0000] {processor.py:208} INFO - Processing /opt/airflow/dags/hmida.py took 0.083 seconds
[2025-05-28T13:41:19.426+0000] {processor.py:186} INFO - Started process (PID=613) to work on /opt/airflow/dags/hmida.py
[2025-05-28T13:41:19.427+0000] {processor.py:914} INFO - Processing file /opt/airflow/dags/hmida.py for tasks to queue
[2025-05-28T13:41:19.429+0000] {logging_mixin.py:190} INFO - [2025-05-28T13:41:19.428+0000] {dagbag.py:588} INFO - Filling up the DagBag from /opt/airflow/dags/hmida.py
[2025-05-28T13:41:19.438+0000] {processor.py:925} INFO - DAG(s) 'uvt_example' retrieved from /opt/airflow/dags/hmida.py
[2025-05-28T13:41:19.458+0000] {logging_mixin.py:190} INFO - [2025-05-28T13:41:19.457+0000] {dag.py:3239} INFO - Sync 1 DAGs
[2025-05-28T13:41:19.479+0000] {logging_mixin.py:190} INFO - [2025-05-28T13:41:19.479+0000] {dag.py:4180} INFO - Setting next_dagrun for uvt_example to 2025-05-27 00:00:00+00:00, run_after=2025-05-28 00:00:00+00:00
[2025-05-28T13:41:19.494+0000] {processor.py:208} INFO - Processing /opt/airflow/dags/hmida.py took 0.074 seconds
[2025-05-28T13:41:50.010+0000] {processor.py:186} INFO - Started process (PID=684) to work on /opt/airflow/dags/hmida.py
[2025-05-28T13:41:50.011+0000] {processor.py:914} INFO - Processing file /opt/airflow/dags/hmida.py for tasks to queue
[2025-05-28T13:41:50.013+0000] {logging_mixin.py:190} INFO - [2025-05-28T13:41:50.013+0000] {dagbag.py:588} INFO - Filling up the DagBag from /opt/airflow/dags/hmida.py
[2025-05-28T13:41:50.023+0000] {processor.py:925} INFO - DAG(s) 'uvt_example' retrieved from /opt/airflow/dags/hmida.py
[2025-05-28T13:41:50.043+0000] {logging_mixin.py:190} INFO - [2025-05-28T13:41:50.043+0000] {dag.py:3239} INFO - Sync 1 DAGs
[2025-05-28T13:41:50.065+0000] {logging_mixin.py:190} INFO - [2025-05-28T13:41:50.065+0000] {dag.py:4180} INFO - Setting next_dagrun for uvt_example to 2025-05-27 00:00:00+00:00, run_after=2025-05-28 00:00:00+00:00
[2025-05-28T13:41:50.080+0000] {processor.py:208} INFO - Processing /opt/airflow/dags/hmida.py took 0.077 seconds
[2025-05-28T13:42:20.125+0000] {processor.py:186} INFO - Started process (PID=754) to work on /opt/airflow/dags/hmida.py
[2025-05-28T13:42:20.126+0000] {processor.py:914} INFO - Processing file /opt/airflow/dags/hmida.py for tasks to queue
[2025-05-28T13:42:20.129+0000] {logging_mixin.py:190} INFO - [2025-05-28T13:42:20.128+0000] {dagbag.py:588} INFO - Filling up the DagBag from /opt/airflow/dags/hmida.py
[2025-05-28T13:42:20.138+0000] {processor.py:925} INFO - DAG(s) 'uvt_example' retrieved from /opt/airflow/dags/hmida.py
[2025-05-28T13:42:20.157+0000] {logging_mixin.py:190} INFO - [2025-05-28T13:42:20.156+0000] {dag.py:3239} INFO - Sync 1 DAGs
[2025-05-28T13:42:20.180+0000] {logging_mixin.py:190} INFO - [2025-05-28T13:42:20.179+0000] {dag.py:4180} INFO - Setting next_dagrun for uvt_example to 2025-05-27 00:00:00+00:00, run_after=2025-05-28 00:00:00+00:00
[2025-05-28T13:42:20.193+0000] {processor.py:208} INFO - Processing /opt/airflow/dags/hmida.py took 0.074 seconds
[2025-05-28T13:42:50.651+0000] {processor.py:186} INFO - Started process (PID=824) to work on /opt/airflow/dags/hmida.py
[2025-05-28T13:42:50.652+0000] {processor.py:914} INFO - Processing file /opt/airflow/dags/hmida.py for tasks to queue
[2025-05-28T13:42:50.654+0000] {logging_mixin.py:190} INFO - [2025-05-28T13:42:50.654+0000] {dagbag.py:588} INFO - Filling up the DagBag from /opt/airflow/dags/hmida.py
[2025-05-28T13:42:50.664+0000] {processor.py:925} INFO - DAG(s) 'uvt_example' retrieved from /opt/airflow/dags/hmida.py
[2025-05-28T13:42:50.683+0000] {logging_mixin.py:190} INFO - [2025-05-28T13:42:50.683+0000] {dag.py:3239} INFO - Sync 1 DAGs
[2025-05-28T13:42:50.705+0000] {logging_mixin.py:190} INFO - [2025-05-28T13:42:50.705+0000] {dag.py:4180} INFO - Setting next_dagrun for uvt_example to 2025-05-27 00:00:00+00:00, run_after=2025-05-28 00:00:00+00:00
[2025-05-28T13:42:50.719+0000] {processor.py:208} INFO - Processing /opt/airflow/dags/hmida.py took 0.073 seconds
[2025-05-28T13:43:21.503+0000] {processor.py:186} INFO - Started process (PID=889) to work on /opt/airflow/dags/hmida.py
[2025-05-28T13:43:21.504+0000] {processor.py:914} INFO - Processing file /opt/airflow/dags/hmida.py for tasks to queue
[2025-05-28T13:43:21.505+0000] {logging_mixin.py:190} INFO - [2025-05-28T13:43:21.505+0000] {dagbag.py:588} INFO - Filling up the DagBag from /opt/airflow/dags/hmida.py
[2025-05-28T13:43:21.515+0000] {processor.py:925} INFO - DAG(s) 'uvt_example' retrieved from /opt/airflow/dags/hmida.py
[2025-05-28T13:43:21.537+0000] {logging_mixin.py:190} INFO - [2025-05-28T13:43:21.537+0000] {dag.py:3239} INFO - Sync 1 DAGs
[2025-05-28T13:43:21.560+0000] {logging_mixin.py:190} INFO - [2025-05-28T13:43:21.560+0000] {dag.py:4180} INFO - Setting next_dagrun for uvt_example to 2025-05-27 00:00:00+00:00, run_after=2025-05-28 00:00:00+00:00
[2025-05-28T13:43:21.574+0000] {processor.py:208} INFO - Processing /opt/airflow/dags/hmida.py took 0.077 seconds
[2025-05-28T13:43:52.109+0000] {processor.py:186} INFO - Started process (PID=954) to work on /opt/airflow/dags/hmida.py
[2025-05-28T13:43:52.110+0000] {processor.py:914} INFO - Processing file /opt/airflow/dags/hmida.py for tasks to queue
[2025-05-28T13:43:52.111+0000] {logging_mixin.py:190} INFO - [2025-05-28T13:43:52.111+0000] {dagbag.py:588} INFO - Filling up the DagBag from /opt/airflow/dags/hmida.py
[2025-05-28T13:43:52.121+0000] {processor.py:925} INFO - DAG(s) 'uvt_example' retrieved from /opt/airflow/dags/hmida.py
[2025-05-28T13:43:52.140+0000] {logging_mixin.py:190} INFO - [2025-05-28T13:43:52.140+0000] {dag.py:3239} INFO - Sync 1 DAGs
[2025-05-28T13:43:52.161+0000] {logging_mixin.py:190} INFO - [2025-05-28T13:43:52.161+0000] {dag.py:4180} INFO - Setting next_dagrun for uvt_example to 2025-05-27 00:00:00+00:00, run_after=2025-05-28 00:00:00+00:00
[2025-05-28T13:43:52.176+0000] {processor.py:208} INFO - Processing /opt/airflow/dags/hmida.py took 0.073 seconds
[2025-05-28T13:44:22.718+0000] {processor.py:186} INFO - Started process (PID=1019) to work on /opt/airflow/dags/hmida.py
[2025-05-28T13:44:22.719+0000] {processor.py:914} INFO - Processing file /opt/airflow/dags/hmida.py for tasks to queue
[2025-05-28T13:44:22.720+0000] {logging_mixin.py:190} INFO - [2025-05-28T13:44:22.720+0000] {dagbag.py:588} INFO - Filling up the DagBag from /opt/airflow/dags/hmida.py
[2025-05-28T13:44:22.730+0000] {processor.py:925} INFO - DAG(s) 'uvt_example' retrieved from /opt/airflow/dags/hmida.py
[2025-05-28T13:44:22.750+0000] {logging_mixin.py:190} INFO - [2025-05-28T13:44:22.750+0000] {dag.py:3239} INFO - Sync 1 DAGs
[2025-05-28T13:44:22.772+0000] {logging_mixin.py:190} INFO - [2025-05-28T13:44:22.772+0000] {dag.py:4180} INFO - Setting next_dagrun for uvt_example to 2025-05-27 00:00:00+00:00, run_after=2025-05-28 00:00:00+00:00
[2025-05-28T13:44:22.789+0000] {processor.py:208} INFO - Processing /opt/airflow/dags/hmida.py took 0.076 seconds
[2025-05-28T13:44:53.181+0000] {processor.py:186} INFO - Started process (PID=1085) to work on /opt/airflow/dags/hmida.py
[2025-05-28T13:44:53.182+0000] {processor.py:914} INFO - Processing file /opt/airflow/dags/hmida.py for tasks to queue
[2025-05-28T13:44:53.183+0000] {logging_mixin.py:190} INFO - [2025-05-28T13:44:53.183+0000] {dagbag.py:588} INFO - Filling up the DagBag from /opt/airflow/dags/hmida.py
[2025-05-28T13:44:53.192+0000] {processor.py:925} INFO - DAG(s) 'uvt_example' retrieved from /opt/airflow/dags/hmida.py
[2025-05-28T13:44:53.212+0000] {logging_mixin.py:190} INFO - [2025-05-28T13:44:53.212+0000] {dag.py:3239} INFO - Sync 1 DAGs
[2025-05-28T13:44:53.233+0000] {logging_mixin.py:190} INFO - [2025-05-28T13:44:53.233+0000] {dag.py:4180} INFO - Setting next_dagrun for uvt_example to 2025-05-27 00:00:00+00:00, run_after=2025-05-28 00:00:00+00:00
[2025-05-28T13:44:53.247+0000] {processor.py:208} INFO - Processing /opt/airflow/dags/hmida.py took 0.071 seconds
[2025-05-28T13:45:24.247+0000] {processor.py:186} INFO - Started process (PID=1152) to work on /opt/airflow/dags/hmida.py
[2025-05-28T13:45:24.249+0000] {processor.py:914} INFO - Processing file /opt/airflow/dags/hmida.py for tasks to queue
[2025-05-28T13:45:24.250+0000] {logging_mixin.py:190} INFO - [2025-05-28T13:45:24.249+0000] {dagbag.py:588} INFO - Filling up the DagBag from /opt/airflow/dags/hmida.py
[2025-05-28T13:45:24.260+0000] {processor.py:925} INFO - DAG(s) 'uvt_example' retrieved from /opt/airflow/dags/hmida.py
[2025-05-28T13:45:24.282+0000] {logging_mixin.py:190} INFO - [2025-05-28T13:45:24.282+0000] {dag.py:3239} INFO - Sync 1 DAGs
[2025-05-28T13:45:24.303+0000] {logging_mixin.py:190} INFO - [2025-05-28T13:45:24.303+0000] {dag.py:4180} INFO - Setting next_dagrun for uvt_example to 2025-05-27 00:00:00+00:00, run_after=2025-05-28 00:00:00+00:00
[2025-05-28T13:45:24.318+0000] {processor.py:208} INFO - Processing /opt/airflow/dags/hmida.py took 0.076 seconds
[2025-05-28T13:45:54.906+0000] {processor.py:186} INFO - Started process (PID=1218) to work on /opt/airflow/dags/hmida.py
[2025-05-28T13:45:54.908+0000] {processor.py:914} INFO - Processing file /opt/airflow/dags/hmida.py for tasks to queue
[2025-05-28T13:45:54.909+0000] {logging_mixin.py:190} INFO - [2025-05-28T13:45:54.908+0000] {dagbag.py:588} INFO - Filling up the DagBag from /opt/airflow/dags/hmida.py
[2025-05-28T13:45:54.919+0000] {processor.py:925} INFO - DAG(s) 'uvt_example' retrieved from /opt/airflow/dags/hmida.py
[2025-05-28T13:45:54.938+0000] {logging_mixin.py:190} INFO - [2025-05-28T13:45:54.937+0000] {dag.py:3239} INFO - Sync 1 DAGs
[2025-05-28T13:45:54.958+0000] {logging_mixin.py:190} INFO - [2025-05-28T13:45:54.958+0000] {dag.py:4180} INFO - Setting next_dagrun for uvt_example to 2025-05-27 00:00:00+00:00, run_after=2025-05-28 00:00:00+00:00
[2025-05-28T13:45:54.971+0000] {processor.py:208} INFO - Processing /opt/airflow/dags/hmida.py took 0.071 seconds
[2025-05-28T13:46:25.894+0000] {processor.py:186} INFO - Started process (PID=1290) to work on /opt/airflow/dags/hmida.py
[2025-05-28T13:46:25.895+0000] {processor.py:914} INFO - Processing file /opt/airflow/dags/hmida.py for tasks to queue
[2025-05-28T13:46:25.896+0000] {logging_mixin.py:190} INFO - [2025-05-28T13:46:25.896+0000] {dagbag.py:588} INFO - Filling up the DagBag from /opt/airflow/dags/hmida.py
[2025-05-28T13:46:25.905+0000] {processor.py:925} INFO - DAG(s) 'uvt_example' retrieved from /opt/airflow/dags/hmida.py
[2025-05-28T13:46:25.923+0000] {logging_mixin.py:190} INFO - [2025-05-28T13:46:25.923+0000] {dag.py:3239} INFO - Sync 1 DAGs
[2025-05-28T13:46:25.944+0000] {logging_mixin.py:190} INFO - [2025-05-28T13:46:25.944+0000] {dag.py:4180} INFO - Setting next_dagrun for uvt_example to 2025-05-27 00:00:00+00:00, run_after=2025-05-28 00:00:00+00:00
[2025-05-28T13:46:25.957+0000] {processor.py:208} INFO - Processing /opt/airflow/dags/hmida.py took 0.068 seconds
[2025-05-28T13:46:56.539+0000] {processor.py:186} INFO - Started process (PID=1357) to work on /opt/airflow/dags/hmida.py
[2025-05-28T13:46:56.541+0000] {processor.py:914} INFO - Processing file /opt/airflow/dags/hmida.py for tasks to queue
[2025-05-28T13:46:56.542+0000] {logging_mixin.py:190} INFO - [2025-05-28T13:46:56.542+0000] {dagbag.py:588} INFO - Filling up the DagBag from /opt/airflow/dags/hmida.py
[2025-05-28T13:46:56.555+0000] {processor.py:925} INFO - DAG(s) 'uvt_example' retrieved from /opt/airflow/dags/hmida.py
[2025-05-28T13:46:56.578+0000] {logging_mixin.py:190} INFO - [2025-05-28T13:46:56.577+0000] {dag.py:3239} INFO - Sync 1 DAGs
[2025-05-28T13:46:56.603+0000] {logging_mixin.py:190} INFO - [2025-05-28T13:46:56.602+0000] {dag.py:4180} INFO - Setting next_dagrun for uvt_example to 2025-05-27 00:00:00+00:00, run_after=2025-05-28 00:00:00+00:00
[2025-05-28T13:46:56.624+0000] {processor.py:208} INFO - Processing /opt/airflow/dags/hmida.py took 0.092 seconds
[2025-05-28T13:47:27.351+0000] {processor.py:186} INFO - Started process (PID=1422) to work on /opt/airflow/dags/hmida.py
[2025-05-28T13:47:27.352+0000] {processor.py:914} INFO - Processing file /opt/airflow/dags/hmida.py for tasks to queue
[2025-05-28T13:47:27.353+0000] {logging_mixin.py:190} INFO - [2025-05-28T13:47:27.352+0000] {dagbag.py:588} INFO - Filling up the DagBag from /opt/airflow/dags/hmida.py
[2025-05-28T13:47:27.365+0000] {processor.py:925} INFO - DAG(s) 'uvt_example' retrieved from /opt/airflow/dags/hmida.py
[2025-05-28T13:47:27.386+0000] {logging_mixin.py:190} INFO - [2025-05-28T13:47:27.386+0000] {dag.py:3239} INFO - Sync 1 DAGs
[2025-05-28T13:47:27.409+0000] {logging_mixin.py:190} INFO - [2025-05-28T13:47:27.409+0000] {dag.py:4180} INFO - Setting next_dagrun for uvt_example to 2025-05-27 00:00:00+00:00, run_after=2025-05-28 00:00:00+00:00
[2025-05-28T13:47:27.423+0000] {processor.py:208} INFO - Processing /opt/airflow/dags/hmida.py took 0.079 seconds
[2025-05-28T13:47:57.574+0000] {processor.py:186} INFO - Started process (PID=1487) to work on /opt/airflow/dags/hmida.py
[2025-05-28T13:47:57.575+0000] {processor.py:914} INFO - Processing file /opt/airflow/dags/hmida.py for tasks to queue
[2025-05-28T13:47:57.577+0000] {logging_mixin.py:190} INFO - [2025-05-28T13:47:57.576+0000] {dagbag.py:588} INFO - Filling up the DagBag from /opt/airflow/dags/hmida.py
[2025-05-28T13:47:57.589+0000] {processor.py:925} INFO - DAG(s) 'uvt_example' retrieved from /opt/airflow/dags/hmida.py
[2025-05-28T13:47:57.615+0000] {logging_mixin.py:190} INFO - [2025-05-28T13:47:57.615+0000] {dag.py:3239} INFO - Sync 1 DAGs
[2025-05-28T13:47:57.644+0000] {logging_mixin.py:190} INFO - [2025-05-28T13:47:57.644+0000] {dag.py:4180} INFO - Setting next_dagrun for uvt_example to 2025-05-27 00:00:00+00:00, run_after=2025-05-28 00:00:00+00:00
[2025-05-28T13:47:57.661+0000] {processor.py:208} INFO - Processing /opt/airflow/dags/hmida.py took 0.094 seconds
[2025-05-28T13:48:28.667+0000] {processor.py:186} INFO - Started process (PID=1555) to work on /opt/airflow/dags/hmida.py
[2025-05-28T13:48:28.668+0000] {processor.py:914} INFO - Processing file /opt/airflow/dags/hmida.py for tasks to queue
[2025-05-28T13:48:28.669+0000] {logging_mixin.py:190} INFO - [2025-05-28T13:48:28.669+0000] {dagbag.py:588} INFO - Filling up the DagBag from /opt/airflow/dags/hmida.py
[2025-05-28T13:48:28.680+0000] {processor.py:925} INFO - DAG(s) 'uvt_example' retrieved from /opt/airflow/dags/hmida.py
[2025-05-28T13:48:28.701+0000] {logging_mixin.py:190} INFO - [2025-05-28T13:48:28.701+0000] {dag.py:3239} INFO - Sync 1 DAGs
[2025-05-28T13:48:28.724+0000] {logging_mixin.py:190} INFO - [2025-05-28T13:48:28.724+0000] {dag.py:4180} INFO - Setting next_dagrun for uvt_example to 2025-05-27 00:00:00+00:00, run_after=2025-05-28 00:00:00+00:00
[2025-05-28T13:48:28.738+0000] {processor.py:208} INFO - Processing /opt/airflow/dags/hmida.py took 0.079 seconds
[2025-05-28T13:48:59.692+0000] {processor.py:186} INFO - Started process (PID=1620) to work on /opt/airflow/dags/hmida.py
[2025-05-28T13:48:59.693+0000] {processor.py:914} INFO - Processing file /opt/airflow/dags/hmida.py for tasks to queue
[2025-05-28T13:48:59.695+0000] {logging_mixin.py:190} INFO - [2025-05-28T13:48:59.694+0000] {dagbag.py:588} INFO - Filling up the DagBag from /opt/airflow/dags/hmida.py
[2025-05-28T13:48:59.707+0000] {processor.py:925} INFO - DAG(s) 'uvt_example' retrieved from /opt/airflow/dags/hmida.py
[2025-05-28T13:48:59.730+0000] {logging_mixin.py:190} INFO - [2025-05-28T13:48:59.730+0000] {dag.py:3239} INFO - Sync 1 DAGs
[2025-05-28T13:48:59.758+0000] {logging_mixin.py:190} INFO - [2025-05-28T13:48:59.757+0000] {dag.py:4180} INFO - Setting next_dagrun for uvt_example to 2025-05-27 00:00:00+00:00, run_after=2025-05-28 00:00:00+00:00
[2025-05-28T13:48:59.784+0000] {processor.py:208} INFO - Processing /opt/airflow/dags/hmida.py took 0.099 seconds
[2025-05-28T13:49:30.521+0000] {processor.py:186} INFO - Started process (PID=1685) to work on /opt/airflow/dags/hmida.py
[2025-05-28T13:49:30.522+0000] {processor.py:914} INFO - Processing file /opt/airflow/dags/hmida.py for tasks to queue
[2025-05-28T13:49:30.523+0000] {logging_mixin.py:190} INFO - [2025-05-28T13:49:30.523+0000] {dagbag.py:588} INFO - Filling up the DagBag from /opt/airflow/dags/hmida.py
[2025-05-28T13:49:30.534+0000] {processor.py:925} INFO - DAG(s) 'uvt_example' retrieved from /opt/airflow/dags/hmida.py
[2025-05-28T13:49:30.554+0000] {logging_mixin.py:190} INFO - [2025-05-28T13:49:30.554+0000] {dag.py:3239} INFO - Sync 1 DAGs
[2025-05-28T13:49:30.577+0000] {logging_mixin.py:190} INFO - [2025-05-28T13:49:30.577+0000] {dag.py:4180} INFO - Setting next_dagrun for uvt_example to 2025-05-27 00:00:00+00:00, run_after=2025-05-28 00:00:00+00:00
[2025-05-28T13:49:30.593+0000] {processor.py:208} INFO - Processing /opt/airflow/dags/hmida.py took 0.079 seconds
[2025-05-28T13:50:01.319+0000] {processor.py:186} INFO - Started process (PID=1752) to work on /opt/airflow/dags/hmida.py
[2025-05-28T13:50:01.320+0000] {processor.py:914} INFO - Processing file /opt/airflow/dags/hmida.py for tasks to queue
[2025-05-28T13:50:01.322+0000] {logging_mixin.py:190} INFO - [2025-05-28T13:50:01.321+0000] {dagbag.py:588} INFO - Filling up the DagBag from /opt/airflow/dags/hmida.py
[2025-05-28T13:50:01.335+0000] {processor.py:925} INFO - DAG(s) 'uvt_example' retrieved from /opt/airflow/dags/hmida.py
[2025-05-28T13:50:01.367+0000] {logging_mixin.py:190} INFO - [2025-05-28T13:50:01.367+0000] {dag.py:3239} INFO - Sync 1 DAGs
[2025-05-28T13:50:01.395+0000] {logging_mixin.py:190} INFO - [2025-05-28T13:50:01.395+0000] {dag.py:4180} INFO - Setting next_dagrun for uvt_example to 2025-05-27 00:00:00+00:00, run_after=2025-05-28 00:00:00+00:00
[2025-05-28T13:50:01.411+0000] {processor.py:208} INFO - Processing /opt/airflow/dags/hmida.py took 0.100 seconds
[2025-05-28T13:50:31.979+0000] {processor.py:186} INFO - Started process (PID=1817) to work on /opt/airflow/dags/hmida.py
[2025-05-28T13:50:31.980+0000] {processor.py:914} INFO - Processing file /opt/airflow/dags/hmida.py for tasks to queue
[2025-05-28T13:50:31.982+0000] {logging_mixin.py:190} INFO - [2025-05-28T13:50:31.981+0000] {dagbag.py:588} INFO - Filling up the DagBag from /opt/airflow/dags/hmida.py
[2025-05-28T13:50:31.992+0000] {processor.py:925} INFO - DAG(s) 'uvt_example' retrieved from /opt/airflow/dags/hmida.py
[2025-05-28T13:50:32.012+0000] {logging_mixin.py:190} INFO - [2025-05-28T13:50:32.012+0000] {dag.py:3239} INFO - Sync 1 DAGs
[2025-05-28T13:50:32.037+0000] {logging_mixin.py:190} INFO - [2025-05-28T13:50:32.036+0000] {dag.py:4180} INFO - Setting next_dagrun for uvt_example to 2025-05-27 00:00:00+00:00, run_after=2025-05-28 00:00:00+00:00
[2025-05-28T13:50:32.050+0000] {processor.py:208} INFO - Processing /opt/airflow/dags/hmida.py took 0.077 seconds
[2025-05-28T13:51:02.334+0000] {processor.py:186} INFO - Started process (PID=1884) to work on /opt/airflow/dags/hmida.py
[2025-05-28T13:51:02.335+0000] {processor.py:914} INFO - Processing file /opt/airflow/dags/hmida.py for tasks to queue
[2025-05-28T13:51:02.337+0000] {logging_mixin.py:190} INFO - [2025-05-28T13:51:02.336+0000] {dagbag.py:588} INFO - Filling up the DagBag from /opt/airflow/dags/hmida.py
[2025-05-28T13:51:02.348+0000] {processor.py:925} INFO - DAG(s) 'uvt_example' retrieved from /opt/airflow/dags/hmida.py
[2025-05-28T13:51:02.370+0000] {logging_mixin.py:190} INFO - [2025-05-28T13:51:02.369+0000] {dag.py:3239} INFO - Sync 1 DAGs
[2025-05-28T13:51:02.394+0000] {logging_mixin.py:190} INFO - [2025-05-28T13:51:02.393+0000] {dag.py:4180} INFO - Setting next_dagrun for uvt_example to 2025-05-27 00:00:00+00:00, run_after=2025-05-28 00:00:00+00:00
[2025-05-28T13:51:02.412+0000] {processor.py:208} INFO - Processing /opt/airflow/dags/hmida.py took 0.085 seconds
[2025-05-28T13:51:33.186+0000] {processor.py:186} INFO - Started process (PID=1955) to work on /opt/airflow/dags/hmida.py
[2025-05-28T13:51:33.187+0000] {processor.py:914} INFO - Processing file /opt/airflow/dags/hmida.py for tasks to queue
[2025-05-28T13:51:33.188+0000] {logging_mixin.py:190} INFO - [2025-05-28T13:51:33.188+0000] {dagbag.py:588} INFO - Filling up the DagBag from /opt/airflow/dags/hmida.py
[2025-05-28T13:51:33.200+0000] {processor.py:925} INFO - DAG(s) 'uvt_example' retrieved from /opt/airflow/dags/hmida.py
[2025-05-28T13:51:33.222+0000] {logging_mixin.py:190} INFO - [2025-05-28T13:51:33.222+0000] {dag.py:3239} INFO - Sync 1 DAGs
[2025-05-28T13:51:33.249+0000] {logging_mixin.py:190} INFO - [2025-05-28T13:51:33.249+0000] {dag.py:4180} INFO - Setting next_dagrun for uvt_example to 2025-05-27 00:00:00+00:00, run_after=2025-05-28 00:00:00+00:00
[2025-05-28T13:51:33.265+0000] {processor.py:208} INFO - Processing /opt/airflow/dags/hmida.py took 0.085 seconds
[2025-05-28T13:52:03.869+0000] {processor.py:186} INFO - Started process (PID=2021) to work on /opt/airflow/dags/hmida.py
[2025-05-28T13:52:03.870+0000] {processor.py:914} INFO - Processing file /opt/airflow/dags/hmida.py for tasks to queue
[2025-05-28T13:52:03.871+0000] {logging_mixin.py:190} INFO - [2025-05-28T13:52:03.871+0000] {dagbag.py:588} INFO - Filling up the DagBag from /opt/airflow/dags/hmida.py
[2025-05-28T13:52:03.882+0000] {processor.py:925} INFO - DAG(s) 'uvt_example' retrieved from /opt/airflow/dags/hmida.py
[2025-05-28T13:52:03.914+0000] {logging_mixin.py:190} INFO - [2025-05-28T13:52:03.914+0000] {dag.py:3239} INFO - Sync 1 DAGs
[2025-05-28T13:52:03.945+0000] {logging_mixin.py:190} INFO - [2025-05-28T13:52:03.945+0000] {dag.py:4180} INFO - Setting next_dagrun for uvt_example to 2025-05-27 00:00:00+00:00, run_after=2025-05-28 00:00:00+00:00
[2025-05-28T13:52:03.965+0000] {processor.py:208} INFO - Processing /opt/airflow/dags/hmida.py took 0.103 seconds
[2025-05-28T13:52:34.701+0000] {processor.py:186} INFO - Started process (PID=2086) to work on /opt/airflow/dags/hmida.py
[2025-05-28T13:52:34.702+0000] {processor.py:914} INFO - Processing file /opt/airflow/dags/hmida.py for tasks to queue
[2025-05-28T13:52:34.704+0000] {logging_mixin.py:190} INFO - [2025-05-28T13:52:34.703+0000] {dagbag.py:588} INFO - Filling up the DagBag from /opt/airflow/dags/hmida.py
[2025-05-28T13:52:34.715+0000] {processor.py:925} INFO - DAG(s) 'uvt_example' retrieved from /opt/airflow/dags/hmida.py
[2025-05-28T13:52:34.740+0000] {logging_mixin.py:190} INFO - [2025-05-28T13:52:34.740+0000] {dag.py:3239} INFO - Sync 1 DAGs
[2025-05-28T13:52:34.769+0000] {logging_mixin.py:190} INFO - [2025-05-28T13:52:34.768+0000] {dag.py:4180} INFO - Setting next_dagrun for uvt_example to 2025-05-27 00:00:00+00:00, run_after=2025-05-28 00:00:00+00:00
[2025-05-28T13:52:34.784+0000] {processor.py:208} INFO - Processing /opt/airflow/dags/hmida.py took 0.089 seconds
[2025-05-28T13:53:05.582+0000] {processor.py:186} INFO - Started process (PID=2151) to work on /opt/airflow/dags/hmida.py
[2025-05-28T13:53:05.583+0000] {processor.py:914} INFO - Processing file /opt/airflow/dags/hmida.py for tasks to queue
[2025-05-28T13:53:05.584+0000] {logging_mixin.py:190} INFO - [2025-05-28T13:53:05.584+0000] {dagbag.py:588} INFO - Filling up the DagBag from /opt/airflow/dags/hmida.py
[2025-05-28T13:53:05.595+0000] {processor.py:925} INFO - DAG(s) 'uvt_example' retrieved from /opt/airflow/dags/hmida.py
[2025-05-28T13:53:05.618+0000] {logging_mixin.py:190} INFO - [2025-05-28T13:53:05.618+0000] {dag.py:3239} INFO - Sync 1 DAGs
[2025-05-28T13:53:05.646+0000] {logging_mixin.py:190} INFO - [2025-05-28T13:53:05.646+0000] {dag.py:4180} INFO - Setting next_dagrun for uvt_example to 2025-05-27 00:00:00+00:00, run_after=2025-05-28 00:00:00+00:00
[2025-05-28T13:53:05.661+0000] {processor.py:208} INFO - Processing /opt/airflow/dags/hmida.py took 0.086 seconds
[2025-05-28T13:53:36.134+0000] {processor.py:186} INFO - Started process (PID=2216) to work on /opt/airflow/dags/hmida.py
[2025-05-28T13:53:36.135+0000] {processor.py:914} INFO - Processing file /opt/airflow/dags/hmida.py for tasks to queue
[2025-05-28T13:53:36.137+0000] {logging_mixin.py:190} INFO - [2025-05-28T13:53:36.136+0000] {dagbag.py:588} INFO - Filling up the DagBag from /opt/airflow/dags/hmida.py
[2025-05-28T13:53:36.151+0000] {processor.py:925} INFO - DAG(s) 'uvt_example' retrieved from /opt/airflow/dags/hmida.py
[2025-05-28T13:53:36.175+0000] {logging_mixin.py:190} INFO - [2025-05-28T13:53:36.175+0000] {dag.py:3239} INFO - Sync 1 DAGs
[2025-05-28T13:53:36.203+0000] {logging_mixin.py:190} INFO - [2025-05-28T13:53:36.203+0000] {dag.py:4180} INFO - Setting next_dagrun for uvt_example to 2025-05-27 00:00:00+00:00, run_after=2025-05-28 00:00:00+00:00
[2025-05-28T13:53:36.221+0000] {processor.py:208} INFO - Processing /opt/airflow/dags/hmida.py took 0.094 seconds
[2025-05-28T13:54:06.311+0000] {processor.py:186} INFO - Started process (PID=2281) to work on /opt/airflow/dags/hmida.py
[2025-05-28T13:54:06.312+0000] {processor.py:914} INFO - Processing file /opt/airflow/dags/hmida.py for tasks to queue
[2025-05-28T13:54:06.314+0000] {logging_mixin.py:190} INFO - [2025-05-28T13:54:06.313+0000] {dagbag.py:588} INFO - Filling up the DagBag from /opt/airflow/dags/hmida.py
[2025-05-28T13:54:06.326+0000] {processor.py:925} INFO - DAG(s) 'uvt_example' retrieved from /opt/airflow/dags/hmida.py
[2025-05-28T13:54:06.350+0000] {logging_mixin.py:190} INFO - [2025-05-28T13:54:06.349+0000] {dag.py:3239} INFO - Sync 1 DAGs
[2025-05-28T13:54:06.375+0000] {logging_mixin.py:190} INFO - [2025-05-28T13:54:06.375+0000] {dag.py:4180} INFO - Setting next_dagrun for uvt_example to 2025-05-27 00:00:00+00:00, run_after=2025-05-28 00:00:00+00:00
[2025-05-28T13:54:06.392+0000] {processor.py:208} INFO - Processing /opt/airflow/dags/hmida.py took 0.088 seconds
[2025-05-28T13:54:36.714+0000] {processor.py:186} INFO - Started process (PID=2346) to work on /opt/airflow/dags/hmida.py
[2025-05-28T13:54:36.715+0000] {processor.py:914} INFO - Processing file /opt/airflow/dags/hmida.py for tasks to queue
[2025-05-28T13:54:36.716+0000] {logging_mixin.py:190} INFO - [2025-05-28T13:54:36.716+0000] {dagbag.py:588} INFO - Filling up the DagBag from /opt/airflow/dags/hmida.py
[2025-05-28T13:54:36.729+0000] {processor.py:925} INFO - DAG(s) 'uvt_example' retrieved from /opt/airflow/dags/hmida.py
[2025-05-28T13:54:36.753+0000] {logging_mixin.py:190} INFO - [2025-05-28T13:54:36.753+0000] {dag.py:3239} INFO - Sync 1 DAGs
[2025-05-28T13:54:36.778+0000] {logging_mixin.py:190} INFO - [2025-05-28T13:54:36.778+0000] {dag.py:4180} INFO - Setting next_dagrun for uvt_example to 2025-05-27 00:00:00+00:00, run_after=2025-05-28 00:00:00+00:00
[2025-05-28T13:54:36.795+0000] {processor.py:208} INFO - Processing /opt/airflow/dags/hmida.py took 0.088 seconds
[2025-05-28T13:55:07.255+0000] {processor.py:186} INFO - Started process (PID=2411) to work on /opt/airflow/dags/hmida.py
[2025-05-28T13:55:07.256+0000] {processor.py:914} INFO - Processing file /opt/airflow/dags/hmida.py for tasks to queue
[2025-05-28T13:55:07.257+0000] {logging_mixin.py:190} INFO - [2025-05-28T13:55:07.257+0000] {dagbag.py:588} INFO - Filling up the DagBag from /opt/airflow/dags/hmida.py
[2025-05-28T13:55:07.270+0000] {processor.py:925} INFO - DAG(s) 'uvt_example' retrieved from /opt/airflow/dags/hmida.py
[2025-05-28T13:55:07.294+0000] {logging_mixin.py:190} INFO - [2025-05-28T13:55:07.294+0000] {dag.py:3239} INFO - Sync 1 DAGs
[2025-05-28T13:55:07.321+0000] {logging_mixin.py:190} INFO - [2025-05-28T13:55:07.321+0000] {dag.py:4180} INFO - Setting next_dagrun for uvt_example to 2025-05-27 00:00:00+00:00, run_after=2025-05-28 00:00:00+00:00
[2025-05-28T13:55:07.339+0000] {processor.py:208} INFO - Processing /opt/airflow/dags/hmida.py took 0.091 seconds
[2025-05-28T13:55:38.096+0000] {processor.py:186} INFO - Started process (PID=2476) to work on /opt/airflow/dags/hmida.py
[2025-05-28T13:55:38.097+0000] {processor.py:914} INFO - Processing file /opt/airflow/dags/hmida.py for tasks to queue
[2025-05-28T13:55:38.098+0000] {logging_mixin.py:190} INFO - [2025-05-28T13:55:38.098+0000] {dagbag.py:588} INFO - Filling up the DagBag from /opt/airflow/dags/hmida.py
[2025-05-28T13:55:38.114+0000] {processor.py:925} INFO - DAG(s) 'uvt_example' retrieved from /opt/airflow/dags/hmida.py
[2025-05-28T13:55:38.140+0000] {logging_mixin.py:190} INFO - [2025-05-28T13:55:38.140+0000] {dag.py:3239} INFO - Sync 1 DAGs
[2025-05-28T13:55:38.179+0000] {logging_mixin.py:190} INFO - [2025-05-28T13:55:38.179+0000] {dag.py:4180} INFO - Setting next_dagrun for uvt_example to 2025-05-27 00:00:00+00:00, run_after=2025-05-28 00:00:00+00:00
[2025-05-28T13:55:38.196+0000] {processor.py:208} INFO - Processing /opt/airflow/dags/hmida.py took 0.108 seconds
[2025-05-28T13:56:08.924+0000] {processor.py:186} INFO - Started process (PID=2541) to work on /opt/airflow/dags/hmida.py
[2025-05-28T13:56:08.925+0000] {processor.py:914} INFO - Processing file /opt/airflow/dags/hmida.py for tasks to queue
[2025-05-28T13:56:08.926+0000] {logging_mixin.py:190} INFO - [2025-05-28T13:56:08.926+0000] {dagbag.py:588} INFO - Filling up the DagBag from /opt/airflow/dags/hmida.py
[2025-05-28T13:56:08.938+0000] {processor.py:925} INFO - DAG(s) 'uvt_example' retrieved from /opt/airflow/dags/hmida.py
[2025-05-28T13:56:08.963+0000] {logging_mixin.py:190} INFO - [2025-05-28T13:56:08.962+0000] {dag.py:3239} INFO - Sync 1 DAGs
[2025-05-28T13:56:08.993+0000] {logging_mixin.py:190} INFO - [2025-05-28T13:56:08.993+0000] {dag.py:4180} INFO - Setting next_dagrun for uvt_example to 2025-05-27 00:00:00+00:00, run_after=2025-05-28 00:00:00+00:00
[2025-05-28T13:56:09.013+0000] {processor.py:208} INFO - Processing /opt/airflow/dags/hmida.py took 0.097 seconds
[2025-05-28T13:56:39.617+0000] {processor.py:186} INFO - Started process (PID=2602) to work on /opt/airflow/dags/hmida.py
[2025-05-28T13:56:39.618+0000] {processor.py:914} INFO - Processing file /opt/airflow/dags/hmida.py for tasks to queue
[2025-05-28T13:56:39.620+0000] {logging_mixin.py:190} INFO - [2025-05-28T13:56:39.619+0000] {dagbag.py:588} INFO - Filling up the DagBag from /opt/airflow/dags/hmida.py
[2025-05-28T13:56:39.631+0000] {processor.py:925} INFO - DAG(s) 'uvt_example' retrieved from /opt/airflow/dags/hmida.py
[2025-05-28T13:56:39.654+0000] {logging_mixin.py:190} INFO - [2025-05-28T13:56:39.654+0000] {dag.py:3239} INFO - Sync 1 DAGs
[2025-05-28T13:56:39.678+0000] {logging_mixin.py:190} INFO - [2025-05-28T13:56:39.678+0000] {dag.py:4180} INFO - Setting next_dagrun for uvt_example to 2025-05-27 00:00:00+00:00, run_after=2025-05-28 00:00:00+00:00
[2025-05-28T13:56:39.695+0000] {processor.py:208} INFO - Processing /opt/airflow/dags/hmida.py took 0.085 seconds
[2025-05-28T13:57:09.943+0000] {processor.py:186} INFO - Started process (PID=2661) to work on /opt/airflow/dags/hmida.py
[2025-05-28T13:57:09.944+0000] {processor.py:914} INFO - Processing file /opt/airflow/dags/hmida.py for tasks to queue
[2025-05-28T13:57:09.945+0000] {logging_mixin.py:190} INFO - [2025-05-28T13:57:09.945+0000] {dagbag.py:588} INFO - Filling up the DagBag from /opt/airflow/dags/hmida.py
[2025-05-28T13:57:09.956+0000] {processor.py:925} INFO - DAG(s) 'uvt_example' retrieved from /opt/airflow/dags/hmida.py
[2025-05-28T13:57:09.975+0000] {logging_mixin.py:190} INFO - [2025-05-28T13:57:09.975+0000] {dag.py:3239} INFO - Sync 1 DAGs
[2025-05-28T13:57:09.998+0000] {logging_mixin.py:190} INFO - [2025-05-28T13:57:09.998+0000] {dag.py:4180} INFO - Setting next_dagrun for uvt_example to 2025-05-27 00:00:00+00:00, run_after=2025-05-28 00:00:00+00:00
[2025-05-28T13:57:10.015+0000] {processor.py:208} INFO - Processing /opt/airflow/dags/hmida.py took 0.079 seconds
[2025-05-28T13:57:40.372+0000] {processor.py:186} INFO - Started process (PID=2708) to work on /opt/airflow/dags/hmida.py
[2025-05-28T13:57:40.373+0000] {processor.py:914} INFO - Processing file /opt/airflow/dags/hmida.py for tasks to queue
[2025-05-28T13:57:40.374+0000] {logging_mixin.py:190} INFO - [2025-05-28T13:57:40.374+0000] {dagbag.py:588} INFO - Filling up the DagBag from /opt/airflow/dags/hmida.py
[2025-05-28T13:57:40.385+0000] {processor.py:925} INFO - DAG(s) 'uvt_example' retrieved from /opt/airflow/dags/hmida.py
[2025-05-28T13:57:40.410+0000] {logging_mixin.py:190} INFO - [2025-05-28T13:57:40.409+0000] {dag.py:3239} INFO - Sync 1 DAGs
[2025-05-28T13:57:40.435+0000] {logging_mixin.py:190} INFO - [2025-05-28T13:57:40.435+0000] {dag.py:4180} INFO - Setting next_dagrun for uvt_example to 2025-05-27 00:00:00+00:00, run_after=2025-05-28 00:00:00+00:00
[2025-05-28T13:57:40.450+0000] {processor.py:208} INFO - Processing /opt/airflow/dags/hmida.py took 0.084 seconds
[2025-05-28T13:58:11.097+0000] {processor.py:186} INFO - Started process (PID=2766) to work on /opt/airflow/dags/hmida.py
[2025-05-28T13:58:11.098+0000] {processor.py:914} INFO - Processing file /opt/airflow/dags/hmida.py for tasks to queue
[2025-05-28T13:58:11.100+0000] {logging_mixin.py:190} INFO - [2025-05-28T13:58:11.099+0000] {dagbag.py:588} INFO - Filling up the DagBag from /opt/airflow/dags/hmida.py
[2025-05-28T13:58:11.112+0000] {processor.py:925} INFO - DAG(s) 'uvt_example' retrieved from /opt/airflow/dags/hmida.py
[2025-05-28T13:58:11.135+0000] {logging_mixin.py:190} INFO - [2025-05-28T13:58:11.134+0000] {dag.py:3239} INFO - Sync 1 DAGs
[2025-05-28T13:58:11.160+0000] {logging_mixin.py:190} INFO - [2025-05-28T13:58:11.160+0000] {dag.py:4180} INFO - Setting next_dagrun for uvt_example to 2025-05-27 00:00:00+00:00, run_after=2025-05-28 00:00:00+00:00
[2025-05-28T13:58:11.175+0000] {processor.py:208} INFO - Processing /opt/airflow/dags/hmida.py took 0.084 seconds
[2025-05-28T13:58:41.281+0000] {processor.py:186} INFO - Started process (PID=2825) to work on /opt/airflow/dags/hmida.py
[2025-05-28T13:58:41.282+0000] {processor.py:914} INFO - Processing file /opt/airflow/dags/hmida.py for tasks to queue
[2025-05-28T13:58:41.284+0000] {logging_mixin.py:190} INFO - [2025-05-28T13:58:41.283+0000] {dagbag.py:588} INFO - Filling up the DagBag from /opt/airflow/dags/hmida.py
[2025-05-28T13:58:41.296+0000] {processor.py:925} INFO - DAG(s) 'uvt_example' retrieved from /opt/airflow/dags/hmida.py
[2025-05-28T13:58:41.320+0000] {logging_mixin.py:190} INFO - [2025-05-28T13:58:41.320+0000] {dag.py:3239} INFO - Sync 1 DAGs
[2025-05-28T13:58:41.351+0000] {logging_mixin.py:190} INFO - [2025-05-28T13:58:41.351+0000] {dag.py:4180} INFO - Setting next_dagrun for uvt_example to 2025-05-27 00:00:00+00:00, run_after=2025-05-28 00:00:00+00:00
[2025-05-28T13:58:41.370+0000] {processor.py:208} INFO - Processing /opt/airflow/dags/hmida.py took 0.096 seconds
[2025-05-28T13:59:12.014+0000] {processor.py:186} INFO - Started process (PID=2890) to work on /opt/airflow/dags/hmida.py
[2025-05-28T13:59:12.015+0000] {processor.py:914} INFO - Processing file /opt/airflow/dags/hmida.py for tasks to queue
[2025-05-28T13:59:12.016+0000] {logging_mixin.py:190} INFO - [2025-05-28T13:59:12.016+0000] {dagbag.py:588} INFO - Filling up the DagBag from /opt/airflow/dags/hmida.py
[2025-05-28T13:59:12.029+0000] {processor.py:925} INFO - DAG(s) 'uvt_example' retrieved from /opt/airflow/dags/hmida.py
[2025-05-28T13:59:12.055+0000] {logging_mixin.py:190} INFO - [2025-05-28T13:59:12.055+0000] {dag.py:3239} INFO - Sync 1 DAGs
[2025-05-28T13:59:12.084+0000] {logging_mixin.py:190} INFO - [2025-05-28T13:59:12.084+0000] {dag.py:4180} INFO - Setting next_dagrun for uvt_example to 2025-05-27 00:00:00+00:00, run_after=2025-05-28 00:00:00+00:00
[2025-05-28T13:59:12.108+0000] {processor.py:208} INFO - Processing /opt/airflow/dags/hmida.py took 0.101 seconds
[2025-05-28T13:59:42.408+0000] {processor.py:186} INFO - Started process (PID=2949) to work on /opt/airflow/dags/hmida.py
[2025-05-28T13:59:42.409+0000] {processor.py:914} INFO - Processing file /opt/airflow/dags/hmida.py for tasks to queue
[2025-05-28T13:59:42.411+0000] {logging_mixin.py:190} INFO - [2025-05-28T13:59:42.410+0000] {dagbag.py:588} INFO - Filling up the DagBag from /opt/airflow/dags/hmida.py
[2025-05-28T13:59:42.426+0000] {processor.py:925} INFO - DAG(s) 'uvt_example' retrieved from /opt/airflow/dags/hmida.py
[2025-05-28T13:59:42.456+0000] {logging_mixin.py:190} INFO - [2025-05-28T13:59:42.456+0000] {dag.py:3239} INFO - Sync 1 DAGs
[2025-05-28T13:59:42.490+0000] {logging_mixin.py:190} INFO - [2025-05-28T13:59:42.489+0000] {dag.py:4180} INFO - Setting next_dagrun for uvt_example to 2025-05-27 00:00:00+00:00, run_after=2025-05-28 00:00:00+00:00
[2025-05-28T13:59:42.511+0000] {processor.py:208} INFO - Processing /opt/airflow/dags/hmida.py took 0.111 seconds
[2025-05-28T14:00:12.928+0000] {processor.py:186} INFO - Started process (PID=3014) to work on /opt/airflow/dags/hmida.py
[2025-05-28T14:00:12.929+0000] {processor.py:914} INFO - Processing file /opt/airflow/dags/hmida.py for tasks to queue
[2025-05-28T14:00:12.931+0000] {logging_mixin.py:190} INFO - [2025-05-28T14:00:12.930+0000] {dagbag.py:588} INFO - Filling up the DagBag from /opt/airflow/dags/hmida.py
[2025-05-28T14:00:12.944+0000] {processor.py:925} INFO - DAG(s) 'uvt_example' retrieved from /opt/airflow/dags/hmida.py
[2025-05-28T14:00:12.971+0000] {logging_mixin.py:190} INFO - [2025-05-28T14:00:12.971+0000] {dag.py:3239} INFO - Sync 1 DAGs
[2025-05-28T14:00:12.999+0000] {logging_mixin.py:190} INFO - [2025-05-28T14:00:12.999+0000] {dag.py:4180} INFO - Setting next_dagrun for uvt_example to 2025-05-27 00:00:00+00:00, run_after=2025-05-28 00:00:00+00:00
[2025-05-28T14:00:13.017+0000] {processor.py:208} INFO - Processing /opt/airflow/dags/hmida.py took 0.096 seconds
[2025-05-28T14:00:43.927+0000] {processor.py:186} INFO - Started process (PID=3079) to work on /opt/airflow/dags/hmida.py
[2025-05-28T14:00:43.928+0000] {processor.py:914} INFO - Processing file /opt/airflow/dags/hmida.py for tasks to queue
[2025-05-28T14:00:43.930+0000] {logging_mixin.py:190} INFO - [2025-05-28T14:00:43.929+0000] {dagbag.py:588} INFO - Filling up the DagBag from /opt/airflow/dags/hmida.py
[2025-05-28T14:00:43.941+0000] {processor.py:925} INFO - DAG(s) 'uvt_example' retrieved from /opt/airflow/dags/hmida.py
[2025-05-28T14:00:43.968+0000] {logging_mixin.py:190} INFO - [2025-05-28T14:00:43.968+0000] {dag.py:3239} INFO - Sync 1 DAGs
[2025-05-28T14:00:43.997+0000] {logging_mixin.py:190} INFO - [2025-05-28T14:00:43.997+0000] {dag.py:4180} INFO - Setting next_dagrun for uvt_example to 2025-05-27 00:00:00+00:00, run_after=2025-05-28 00:00:00+00:00
[2025-05-28T14:00:44.018+0000] {processor.py:208} INFO - Processing /opt/airflow/dags/hmida.py took 0.097 seconds
[2025-05-28T14:01:14.150+0000] {processor.py:186} INFO - Started process (PID=3144) to work on /opt/airflow/dags/hmida.py
[2025-05-28T14:01:14.152+0000] {processor.py:914} INFO - Processing file /opt/airflow/dags/hmida.py for tasks to queue
[2025-05-28T14:01:14.154+0000] {logging_mixin.py:190} INFO - [2025-05-28T14:01:14.153+0000] {dagbag.py:588} INFO - Filling up the DagBag from /opt/airflow/dags/hmida.py
[2025-05-28T14:01:14.169+0000] {processor.py:925} INFO - DAG(s) 'uvt_example' retrieved from /opt/airflow/dags/hmida.py
[2025-05-28T14:01:14.204+0000] {logging_mixin.py:190} INFO - [2025-05-28T14:01:14.203+0000] {dag.py:3239} INFO - Sync 1 DAGs
[2025-05-28T14:01:14.275+0000] {logging_mixin.py:190} INFO - [2025-05-28T14:01:14.275+0000] {dag.py:4180} INFO - Setting next_dagrun for uvt_example to 2025-05-27 00:00:00+00:00, run_after=2025-05-28 00:00:00+00:00
[2025-05-28T14:01:14.296+0000] {processor.py:208} INFO - Processing /opt/airflow/dags/hmida.py took 0.154 seconds
[2025-05-28T14:01:44.375+0000] {processor.py:186} INFO - Started process (PID=3209) to work on /opt/airflow/dags/hmida.py
[2025-05-28T14:01:44.376+0000] {processor.py:914} INFO - Processing file /opt/airflow/dags/hmida.py for tasks to queue
[2025-05-28T14:01:44.378+0000] {logging_mixin.py:190} INFO - [2025-05-28T14:01:44.377+0000] {dagbag.py:588} INFO - Filling up the DagBag from /opt/airflow/dags/hmida.py
[2025-05-28T14:01:44.391+0000] {processor.py:925} INFO - DAG(s) 'uvt_example' retrieved from /opt/airflow/dags/hmida.py
[2025-05-28T14:01:44.422+0000] {logging_mixin.py:190} INFO - [2025-05-28T14:01:44.422+0000] {dag.py:3239} INFO - Sync 1 DAGs
[2025-05-28T14:01:44.480+0000] {logging_mixin.py:190} INFO - [2025-05-28T14:01:44.480+0000] {dag.py:4180} INFO - Setting next_dagrun for uvt_example to 2025-05-27 00:00:00+00:00, run_after=2025-05-28 00:00:00+00:00
[2025-05-28T14:01:44.500+0000] {processor.py:208} INFO - Processing /opt/airflow/dags/hmida.py took 0.132 seconds
[2025-05-28T14:02:15.435+0000] {processor.py:186} INFO - Started process (PID=3274) to work on /opt/airflow/dags/hmida.py
[2025-05-28T14:02:15.436+0000] {processor.py:914} INFO - Processing file /opt/airflow/dags/hmida.py for tasks to queue
[2025-05-28T14:02:15.438+0000] {logging_mixin.py:190} INFO - [2025-05-28T14:02:15.438+0000] {dagbag.py:588} INFO - Filling up the DagBag from /opt/airflow/dags/hmida.py
[2025-05-28T14:02:15.454+0000] {processor.py:925} INFO - DAG(s) 'uvt_example' retrieved from /opt/airflow/dags/hmida.py
[2025-05-28T14:02:15.486+0000] {logging_mixin.py:190} INFO - [2025-05-28T14:02:15.486+0000] {dag.py:3239} INFO - Sync 1 DAGs
[2025-05-28T14:02:15.526+0000] {logging_mixin.py:190} INFO - [2025-05-28T14:02:15.525+0000] {dag.py:4180} INFO - Setting next_dagrun for uvt_example to 2025-05-27 00:00:00+00:00, run_after=2025-05-28 00:00:00+00:00
[2025-05-28T14:02:15.549+0000] {processor.py:208} INFO - Processing /opt/airflow/dags/hmida.py took 0.126 seconds
[2025-05-28T14:02:46.205+0000] {processor.py:186} INFO - Started process (PID=3339) to work on /opt/airflow/dags/hmida.py
[2025-05-28T14:02:46.207+0000] {processor.py:914} INFO - Processing file /opt/airflow/dags/hmida.py for tasks to queue
[2025-05-28T14:02:46.209+0000] {logging_mixin.py:190} INFO - [2025-05-28T14:02:46.208+0000] {dagbag.py:588} INFO - Filling up the DagBag from /opt/airflow/dags/hmida.py
[2025-05-28T14:02:46.224+0000] {processor.py:925} INFO - DAG(s) 'uvt_example' retrieved from /opt/airflow/dags/hmida.py
[2025-05-28T14:02:46.257+0000] {logging_mixin.py:190} INFO - [2025-05-28T14:02:46.257+0000] {dag.py:3239} INFO - Sync 1 DAGs
[2025-05-28T14:02:46.298+0000] {logging_mixin.py:190} INFO - [2025-05-28T14:02:46.298+0000] {dag.py:4180} INFO - Setting next_dagrun for uvt_example to 2025-05-27 00:00:00+00:00, run_after=2025-05-28 00:00:00+00:00
[2025-05-28T14:02:46.327+0000] {processor.py:208} INFO - Processing /opt/airflow/dags/hmida.py took 0.132 seconds
[2025-05-28T14:03:16.673+0000] {processor.py:186} INFO - Started process (PID=3404) to work on /opt/airflow/dags/hmida.py
[2025-05-28T14:03:16.674+0000] {processor.py:914} INFO - Processing file /opt/airflow/dags/hmida.py for tasks to queue
[2025-05-28T14:03:16.676+0000] {logging_mixin.py:190} INFO - [2025-05-28T14:03:16.675+0000] {dagbag.py:588} INFO - Filling up the DagBag from /opt/airflow/dags/hmida.py
[2025-05-28T14:03:16.690+0000] {processor.py:925} INFO - DAG(s) 'uvt_example' retrieved from /opt/airflow/dags/hmida.py
[2025-05-28T14:03:16.719+0000] {logging_mixin.py:190} INFO - [2025-05-28T14:03:16.718+0000] {dag.py:3239} INFO - Sync 1 DAGs
[2025-05-28T14:03:16.755+0000] {logging_mixin.py:190} INFO - [2025-05-28T14:03:16.755+0000] {dag.py:4180} INFO - Setting next_dagrun for uvt_example to 2025-05-27 00:00:00+00:00, run_after=2025-05-28 00:00:00+00:00
[2025-05-28T14:03:16.786+0000] {processor.py:208} INFO - Processing /opt/airflow/dags/hmida.py took 0.121 seconds
[2025-05-28T14:03:47.300+0000] {processor.py:186} INFO - Started process (PID=3469) to work on /opt/airflow/dags/hmida.py
[2025-05-28T14:03:47.302+0000] {processor.py:914} INFO - Processing file /opt/airflow/dags/hmida.py for tasks to queue
[2025-05-28T14:03:47.303+0000] {logging_mixin.py:190} INFO - [2025-05-28T14:03:47.303+0000] {dagbag.py:588} INFO - Filling up the DagBag from /opt/airflow/dags/hmida.py
[2025-05-28T14:03:47.318+0000] {processor.py:925} INFO - DAG(s) 'uvt_example' retrieved from /opt/airflow/dags/hmida.py
[2025-05-28T14:03:47.358+0000] {logging_mixin.py:190} INFO - [2025-05-28T14:03:47.358+0000] {dag.py:3239} INFO - Sync 1 DAGs
[2025-05-28T14:03:47.400+0000] {logging_mixin.py:190} INFO - [2025-05-28T14:03:47.400+0000] {dag.py:4180} INFO - Setting next_dagrun for uvt_example to 2025-05-27 00:00:00+00:00, run_after=2025-05-28 00:00:00+00:00
[2025-05-28T14:03:47.434+0000] {processor.py:208} INFO - Processing /opt/airflow/dags/hmida.py took 0.142 seconds
[2025-05-28T14:04:18.442+0000] {processor.py:186} INFO - Started process (PID=3534) to work on /opt/airflow/dags/hmida.py
[2025-05-28T14:04:18.443+0000] {processor.py:914} INFO - Processing file /opt/airflow/dags/hmida.py for tasks to queue
[2025-05-28T14:04:18.444+0000] {logging_mixin.py:190} INFO - [2025-05-28T14:04:18.444+0000] {dagbag.py:588} INFO - Filling up the DagBag from /opt/airflow/dags/hmida.py
[2025-05-28T14:04:18.457+0000] {processor.py:925} INFO - DAG(s) 'uvt_example' retrieved from /opt/airflow/dags/hmida.py
[2025-05-28T14:04:18.483+0000] {logging_mixin.py:190} INFO - [2025-05-28T14:04:18.483+0000] {dag.py:3239} INFO - Sync 1 DAGs
[2025-05-28T14:04:18.514+0000] {logging_mixin.py:190} INFO - [2025-05-28T14:04:18.514+0000] {dag.py:4180} INFO - Setting next_dagrun for uvt_example to 2025-05-27 00:00:00+00:00, run_after=2025-05-28 00:00:00+00:00
[2025-05-28T14:04:18.538+0000] {processor.py:208} INFO - Processing /opt/airflow/dags/hmida.py took 0.103 seconds
[2025-05-28T14:04:49.445+0000] {processor.py:186} INFO - Started process (PID=3598) to work on /opt/airflow/dags/hmida.py
[2025-05-28T14:04:49.447+0000] {processor.py:914} INFO - Processing file /opt/airflow/dags/hmida.py for tasks to queue
[2025-05-28T14:04:49.449+0000] {logging_mixin.py:190} INFO - [2025-05-28T14:04:49.448+0000] {dagbag.py:588} INFO - Filling up the DagBag from /opt/airflow/dags/hmida.py
[2025-05-28T14:04:49.463+0000] {processor.py:925} INFO - DAG(s) 'uvt_example' retrieved from /opt/airflow/dags/hmida.py
[2025-05-28T14:04:49.492+0000] {logging_mixin.py:190} INFO - [2025-05-28T14:04:49.492+0000] {dag.py:3239} INFO - Sync 1 DAGs
[2025-05-28T14:04:49.528+0000] {logging_mixin.py:190} INFO - [2025-05-28T14:04:49.528+0000] {dag.py:4180} INFO - Setting next_dagrun for uvt_example to 2025-05-27 00:00:00+00:00, run_after=2025-05-28 00:00:00+00:00
[2025-05-28T14:04:49.555+0000] {processor.py:208} INFO - Processing /opt/airflow/dags/hmida.py took 0.118 seconds
[2025-05-28T14:05:20.544+0000] {processor.py:186} INFO - Started process (PID=3663) to work on /opt/airflow/dags/hmida.py
[2025-05-28T14:05:20.546+0000] {processor.py:914} INFO - Processing file /opt/airflow/dags/hmida.py for tasks to queue
[2025-05-28T14:05:20.547+0000] {logging_mixin.py:190} INFO - [2025-05-28T14:05:20.547+0000] {dagbag.py:588} INFO - Filling up the DagBag from /opt/airflow/dags/hmida.py
[2025-05-28T14:05:20.561+0000] {processor.py:925} INFO - DAG(s) 'uvt_example' retrieved from /opt/airflow/dags/hmida.py
[2025-05-28T14:05:20.589+0000] {logging_mixin.py:190} INFO - [2025-05-28T14:05:20.588+0000] {dag.py:3239} INFO - Sync 1 DAGs
[2025-05-28T14:05:20.620+0000] {logging_mixin.py:190} INFO - [2025-05-28T14:05:20.620+0000] {dag.py:4180} INFO - Setting next_dagrun for uvt_example to 2025-05-27 00:00:00+00:00, run_after=2025-05-28 00:00:00+00:00
[2025-05-28T14:05:20.640+0000] {processor.py:208} INFO - Processing /opt/airflow/dags/hmida.py took 0.103 seconds
[2025-05-28T14:05:50.965+0000] {processor.py:186} INFO - Started process (PID=3728) to work on /opt/airflow/dags/hmida.py
[2025-05-28T14:05:50.967+0000] {processor.py:914} INFO - Processing file /opt/airflow/dags/hmida.py for tasks to queue
[2025-05-28T14:05:50.969+0000] {logging_mixin.py:190} INFO - [2025-05-28T14:05:50.968+0000] {dagbag.py:588} INFO - Filling up the DagBag from /opt/airflow/dags/hmida.py
[2025-05-28T14:05:50.983+0000] {processor.py:925} INFO - DAG(s) 'uvt_example' retrieved from /opt/airflow/dags/hmida.py
[2025-05-28T14:05:51.013+0000] {logging_mixin.py:190} INFO - [2025-05-28T14:05:51.012+0000] {dag.py:3239} INFO - Sync 1 DAGs
[2025-05-28T14:05:51.050+0000] {logging_mixin.py:190} INFO - [2025-05-28T14:05:51.050+0000] {dag.py:4180} INFO - Setting next_dagrun for uvt_example to 2025-05-27 00:00:00+00:00, run_after=2025-05-28 00:00:00+00:00
[2025-05-28T14:05:51.084+0000] {processor.py:208} INFO - Processing /opt/airflow/dags/hmida.py took 0.126 seconds
[2025-05-28T14:06:21.902+0000] {processor.py:186} INFO - Started process (PID=3793) to work on /opt/airflow/dags/hmida.py
[2025-05-28T14:06:21.903+0000] {processor.py:914} INFO - Processing file /opt/airflow/dags/hmida.py for tasks to queue
[2025-05-28T14:06:21.905+0000] {logging_mixin.py:190} INFO - [2025-05-28T14:06:21.904+0000] {dagbag.py:588} INFO - Filling up the DagBag from /opt/airflow/dags/hmida.py
[2025-05-28T14:06:21.918+0000] {processor.py:925} INFO - DAG(s) 'uvt_example' retrieved from /opt/airflow/dags/hmida.py
[2025-05-28T14:06:21.951+0000] {logging_mixin.py:190} INFO - [2025-05-28T14:06:21.951+0000] {dag.py:3239} INFO - Sync 1 DAGs
[2025-05-28T14:06:21.989+0000] {logging_mixin.py:190} INFO - [2025-05-28T14:06:21.989+0000] {dag.py:4180} INFO - Setting next_dagrun for uvt_example to 2025-05-27 00:00:00+00:00, run_after=2025-05-28 00:00:00+00:00
[2025-05-28T14:06:22.010+0000] {processor.py:208} INFO - Processing /opt/airflow/dags/hmida.py took 0.116 seconds
[2025-05-28T14:06:52.382+0000] {processor.py:186} INFO - Started process (PID=3858) to work on /opt/airflow/dags/hmida.py
[2025-05-28T14:06:52.383+0000] {processor.py:914} INFO - Processing file /opt/airflow/dags/hmida.py for tasks to queue
[2025-05-28T14:06:52.384+0000] {logging_mixin.py:190} INFO - [2025-05-28T14:06:52.384+0000] {dagbag.py:588} INFO - Filling up the DagBag from /opt/airflow/dags/hmida.py
[2025-05-28T14:06:52.397+0000] {processor.py:925} INFO - DAG(s) 'uvt_example' retrieved from /opt/airflow/dags/hmida.py
[2025-05-28T14:06:52.430+0000] {logging_mixin.py:190} INFO - [2025-05-28T14:06:52.429+0000] {dag.py:3239} INFO - Sync 1 DAGs
[2025-05-28T14:06:52.469+0000] {logging_mixin.py:190} INFO - [2025-05-28T14:06:52.469+0000] {dag.py:4180} INFO - Setting next_dagrun for uvt_example to 2025-05-27 00:00:00+00:00, run_after=2025-05-28 00:00:00+00:00
[2025-05-28T14:06:52.494+0000] {processor.py:208} INFO - Processing /opt/airflow/dags/hmida.py took 0.121 seconds
[2025-05-28T14:07:23.090+0000] {processor.py:186} INFO - Started process (PID=3929) to work on /opt/airflow/dags/hmida.py
[2025-05-28T14:07:23.093+0000] {processor.py:914} INFO - Processing file /opt/airflow/dags/hmida.py for tasks to queue
[2025-05-28T14:07:23.094+0000] {logging_mixin.py:190} INFO - [2025-05-28T14:07:23.094+0000] {dagbag.py:588} INFO - Filling up the DagBag from /opt/airflow/dags/hmida.py
[2025-05-28T14:07:23.111+0000] {processor.py:925} INFO - DAG(s) 'uvt_example' retrieved from /opt/airflow/dags/hmida.py
[2025-05-28T14:07:23.145+0000] {logging_mixin.py:190} INFO - [2025-05-28T14:07:23.145+0000] {dag.py:3239} INFO - Sync 1 DAGs
[2025-05-28T14:07:23.186+0000] {logging_mixin.py:190} INFO - [2025-05-28T14:07:23.185+0000] {dag.py:4180} INFO - Setting next_dagrun for uvt_example to 2025-05-27 00:00:00+00:00, run_after=2025-05-28 00:00:00+00:00
[2025-05-28T14:07:23.215+0000] {processor.py:208} INFO - Processing /opt/airflow/dags/hmida.py took 0.135 seconds
[2025-05-28T14:07:54.087+0000] {processor.py:186} INFO - Started process (PID=3994) to work on /opt/airflow/dags/hmida.py
[2025-05-28T14:07:54.089+0000] {processor.py:914} INFO - Processing file /opt/airflow/dags/hmida.py for tasks to queue
[2025-05-28T14:07:54.091+0000] {logging_mixin.py:190} INFO - [2025-05-28T14:07:54.091+0000] {dagbag.py:588} INFO - Filling up the DagBag from /opt/airflow/dags/hmida.py
[2025-05-28T14:07:54.111+0000] {processor.py:925} INFO - DAG(s) 'uvt_example' retrieved from /opt/airflow/dags/hmida.py
[2025-05-28T14:07:54.145+0000] {logging_mixin.py:190} INFO - [2025-05-28T14:07:54.145+0000] {dag.py:3239} INFO - Sync 1 DAGs
[2025-05-28T14:07:54.192+0000] {logging_mixin.py:190} INFO - [2025-05-28T14:07:54.192+0000] {dag.py:4180} INFO - Setting next_dagrun for uvt_example to 2025-05-27 00:00:00+00:00, run_after=2025-05-28 00:00:00+00:00
[2025-05-28T14:07:54.223+0000] {processor.py:208} INFO - Processing /opt/airflow/dags/hmida.py took 0.145 seconds
[2025-05-28T14:08:25.107+0000] {processor.py:186} INFO - Started process (PID=4058) to work on /opt/airflow/dags/hmida.py
[2025-05-28T14:08:25.109+0000] {processor.py:914} INFO - Processing file /opt/airflow/dags/hmida.py for tasks to queue
[2025-05-28T14:08:25.110+0000] {logging_mixin.py:190} INFO - [2025-05-28T14:08:25.110+0000] {dagbag.py:588} INFO - Filling up the DagBag from /opt/airflow/dags/hmida.py
[2025-05-28T14:08:25.124+0000] {processor.py:925} INFO - DAG(s) 'uvt_example' retrieved from /opt/airflow/dags/hmida.py
[2025-05-28T14:08:25.157+0000] {logging_mixin.py:190} INFO - [2025-05-28T14:08:25.157+0000] {dag.py:3239} INFO - Sync 1 DAGs
[2025-05-28T14:08:25.719+0000] {logging_mixin.py:190} INFO - [2025-05-28T14:08:25.719+0000] {dag.py:4180} INFO - Setting next_dagrun for uvt_example to 2025-05-27 00:00:00+00:00, run_after=2025-05-28 00:00:00+00:00
[2025-05-28T14:08:25.743+0000] {processor.py:208} INFO - Processing /opt/airflow/dags/hmida.py took 0.644 seconds
[2025-05-28T14:08:56.492+0000] {processor.py:186} INFO - Started process (PID=4123) to work on /opt/airflow/dags/hmida.py
[2025-05-28T14:08:56.494+0000] {processor.py:914} INFO - Processing file /opt/airflow/dags/hmida.py for tasks to queue
[2025-05-28T14:08:56.497+0000] {logging_mixin.py:190} INFO - [2025-05-28T14:08:56.496+0000] {dagbag.py:588} INFO - Filling up the DagBag from /opt/airflow/dags/hmida.py
[2025-05-28T14:08:56.514+0000] {processor.py:925} INFO - DAG(s) 'uvt_example' retrieved from /opt/airflow/dags/hmida.py
[2025-05-28T14:08:56.554+0000] {logging_mixin.py:190} INFO - [2025-05-28T14:08:56.553+0000] {dag.py:3239} INFO - Sync 1 DAGs
[2025-05-28T14:08:57.101+0000] {logging_mixin.py:190} INFO - [2025-05-28T14:08:57.101+0000] {dag.py:4180} INFO - Setting next_dagrun for uvt_example to 2025-05-27 00:00:00+00:00, run_after=2025-05-28 00:00:00+00:00
[2025-05-28T14:08:57.128+0000] {processor.py:208} INFO - Processing /opt/airflow/dags/hmida.py took 0.646 seconds
[2025-05-28T14:09:28.095+0000] {processor.py:186} INFO - Started process (PID=4188) to work on /opt/airflow/dags/hmida.py
[2025-05-28T14:09:28.097+0000] {processor.py:914} INFO - Processing file /opt/airflow/dags/hmida.py for tasks to queue
[2025-05-28T14:09:28.099+0000] {logging_mixin.py:190} INFO - [2025-05-28T14:09:28.099+0000] {dagbag.py:588} INFO - Filling up the DagBag from /opt/airflow/dags/hmida.py
[2025-05-28T14:09:28.117+0000] {processor.py:925} INFO - DAG(s) 'uvt_example' retrieved from /opt/airflow/dags/hmida.py
[2025-05-28T14:09:28.205+0000] {logging_mixin.py:190} INFO - [2025-05-28T14:09:28.205+0000] {dag.py:3239} INFO - Sync 1 DAGs
[2025-05-28T14:09:28.282+0000] {logging_mixin.py:190} INFO - [2025-05-28T14:09:28.281+0000] {dag.py:4180} INFO - Setting next_dagrun for uvt_example to 2025-05-27 00:00:00+00:00, run_after=2025-05-28 00:00:00+00:00
[2025-05-28T14:09:29.289+0000] {processor.py:208} INFO - Processing /opt/airflow/dags/hmida.py took 1.251 seconds
[2025-05-28T14:09:59.938+0000] {processor.py:186} INFO - Started process (PID=4253) to work on /opt/airflow/dags/hmida.py
[2025-05-28T14:09:59.940+0000] {processor.py:914} INFO - Processing file /opt/airflow/dags/hmida.py for tasks to queue
[2025-05-28T14:09:59.941+0000] {logging_mixin.py:190} INFO - [2025-05-28T14:09:59.940+0000] {dagbag.py:588} INFO - Filling up the DagBag from /opt/airflow/dags/hmida.py
[2025-05-28T14:09:59.959+0000] {processor.py:925} INFO - DAG(s) 'uvt_example' retrieved from /opt/airflow/dags/hmida.py
[2025-05-28T14:10:00.011+0000] {logging_mixin.py:190} INFO - [2025-05-28T14:10:00.011+0000] {dag.py:3239} INFO - Sync 1 DAGs
[2025-05-28T14:10:00.081+0000] {logging_mixin.py:190} INFO - [2025-05-28T14:10:00.081+0000] {dag.py:4180} INFO - Setting next_dagrun for uvt_example to 2025-05-27 00:00:00+00:00, run_after=2025-05-28 00:00:00+00:00
[2025-05-28T14:10:00.119+0000] {processor.py:208} INFO - Processing /opt/airflow/dags/hmida.py took 0.191 seconds
[2025-05-28T14:10:30.223+0000] {processor.py:186} INFO - Started process (PID=4318) to work on /opt/airflow/dags/hmida.py
[2025-05-28T14:10:30.224+0000] {processor.py:914} INFO - Processing file /opt/airflow/dags/hmida.py for tasks to queue
[2025-05-28T14:10:30.226+0000] {logging_mixin.py:190} INFO - [2025-05-28T14:10:30.225+0000] {dagbag.py:588} INFO - Filling up the DagBag from /opt/airflow/dags/hmida.py
[2025-05-28T14:10:30.239+0000] {processor.py:925} INFO - DAG(s) 'uvt_example' retrieved from /opt/airflow/dags/hmida.py
[2025-05-28T14:10:30.267+0000] {logging_mixin.py:190} INFO - [2025-05-28T14:10:30.267+0000] {dag.py:3239} INFO - Sync 1 DAGs
[2025-05-28T14:10:30.305+0000] {logging_mixin.py:190} INFO - [2025-05-28T14:10:30.305+0000] {dag.py:4180} INFO - Setting next_dagrun for uvt_example to 2025-05-27 00:00:00+00:00, run_after=2025-05-28 00:00:00+00:00
[2025-05-28T14:10:30.341+0000] {processor.py:208} INFO - Processing /opt/airflow/dags/hmida.py took 0.126 seconds
[2025-05-28T14:11:00.723+0000] {processor.py:186} INFO - Started process (PID=4383) to work on /opt/airflow/dags/hmida.py
[2025-05-28T14:11:00.725+0000] {processor.py:914} INFO - Processing file /opt/airflow/dags/hmida.py for tasks to queue
[2025-05-28T14:11:00.727+0000] {logging_mixin.py:190} INFO - [2025-05-28T14:11:00.726+0000] {dagbag.py:588} INFO - Filling up the DagBag from /opt/airflow/dags/hmida.py
[2025-05-28T14:11:00.742+0000] {processor.py:925} INFO - DAG(s) 'uvt_example' retrieved from /opt/airflow/dags/hmida.py
[2025-05-28T14:11:00.773+0000] {logging_mixin.py:190} INFO - [2025-05-28T14:11:00.773+0000] {dag.py:3239} INFO - Sync 1 DAGs
[2025-05-28T14:11:00.820+0000] {logging_mixin.py:190} INFO - [2025-05-28T14:11:00.820+0000] {dag.py:4180} INFO - Setting next_dagrun for uvt_example to 2025-05-27 00:00:00+00:00, run_after=2025-05-28 00:00:00+00:00
[2025-05-28T14:11:00.861+0000] {processor.py:208} INFO - Processing /opt/airflow/dags/hmida.py took 0.148 seconds
[2025-05-28T14:11:31.103+0000] {processor.py:186} INFO - Started process (PID=4448) to work on /opt/airflow/dags/hmida.py
[2025-05-28T14:11:31.104+0000] {processor.py:914} INFO - Processing file /opt/airflow/dags/hmida.py for tasks to queue
[2025-05-28T14:11:31.105+0000] {logging_mixin.py:190} INFO - [2025-05-28T14:11:31.105+0000] {dagbag.py:588} INFO - Filling up the DagBag from /opt/airflow/dags/hmida.py
[2025-05-28T14:11:31.117+0000] {processor.py:925} INFO - DAG(s) 'uvt_example' retrieved from /opt/airflow/dags/hmida.py
[2025-05-28T14:11:31.147+0000] {logging_mixin.py:190} INFO - [2025-05-28T14:11:31.146+0000] {dag.py:3239} INFO - Sync 1 DAGs
[2025-05-28T14:11:31.175+0000] {logging_mixin.py:190} INFO - [2025-05-28T14:11:31.175+0000] {dag.py:4180} INFO - Setting next_dagrun for uvt_example to 2025-05-27 00:00:00+00:00, run_after=2025-05-28 00:00:00+00:00
[2025-05-28T14:11:31.196+0000] {processor.py:208} INFO - Processing /opt/airflow/dags/hmida.py took 0.100 seconds
[2025-05-28T14:12:01.888+0000] {processor.py:186} INFO - Started process (PID=4513) to work on /opt/airflow/dags/hmida.py
[2025-05-28T14:12:01.890+0000] {processor.py:914} INFO - Processing file /opt/airflow/dags/hmida.py for tasks to queue
[2025-05-28T14:12:01.891+0000] {logging_mixin.py:190} INFO - [2025-05-28T14:12:01.890+0000] {dagbag.py:588} INFO - Filling up the DagBag from /opt/airflow/dags/hmida.py
[2025-05-28T14:12:01.902+0000] {processor.py:925} INFO - DAG(s) 'uvt_example' retrieved from /opt/airflow/dags/hmida.py
[2025-05-28T14:12:01.923+0000] {logging_mixin.py:190} INFO - [2025-05-28T14:12:01.923+0000] {dag.py:3239} INFO - Sync 1 DAGs
[2025-05-28T14:12:01.949+0000] {logging_mixin.py:190} INFO - [2025-05-28T14:12:01.949+0000] {dag.py:4180} INFO - Setting next_dagrun for uvt_example to 2025-05-27 00:00:00+00:00, run_after=2025-05-28 00:00:00+00:00
[2025-05-28T14:12:01.965+0000] {processor.py:208} INFO - Processing /opt/airflow/dags/hmida.py took 0.083 seconds
[2025-05-28T14:12:32.186+0000] {processor.py:186} INFO - Started process (PID=4578) to work on /opt/airflow/dags/hmida.py
[2025-05-28T14:12:32.187+0000] {processor.py:914} INFO - Processing file /opt/airflow/dags/hmida.py for tasks to queue
[2025-05-28T14:12:32.189+0000] {logging_mixin.py:190} INFO - [2025-05-28T14:12:32.188+0000] {dagbag.py:588} INFO - Filling up the DagBag from /opt/airflow/dags/hmida.py
[2025-05-28T14:12:32.203+0000] {processor.py:925} INFO - DAG(s) 'uvt_example' retrieved from /opt/airflow/dags/hmida.py
[2025-05-28T14:12:32.229+0000] {logging_mixin.py:190} INFO - [2025-05-28T14:12:32.228+0000] {dag.py:3239} INFO - Sync 1 DAGs
[2025-05-28T14:12:32.259+0000] {logging_mixin.py:190} INFO - [2025-05-28T14:12:32.258+0000] {dag.py:4180} INFO - Setting next_dagrun for uvt_example to 2025-05-27 00:00:00+00:00, run_after=2025-05-28 00:00:00+00:00
[2025-05-28T14:12:32.277+0000] {processor.py:208} INFO - Processing /opt/airflow/dags/hmida.py took 0.098 seconds
[2025-05-28T14:13:02.862+0000] {processor.py:186} INFO - Started process (PID=4643) to work on /opt/airflow/dags/hmida.py
[2025-05-28T14:13:02.864+0000] {processor.py:914} INFO - Processing file /opt/airflow/dags/hmida.py for tasks to queue
[2025-05-28T14:13:02.865+0000] {logging_mixin.py:190} INFO - [2025-05-28T14:13:02.865+0000] {dagbag.py:588} INFO - Filling up the DagBag from /opt/airflow/dags/hmida.py
[2025-05-28T14:13:02.880+0000] {processor.py:925} INFO - DAG(s) 'uvt_example' retrieved from /opt/airflow/dags/hmida.py
[2025-05-28T14:13:02.911+0000] {logging_mixin.py:190} INFO - [2025-05-28T14:13:02.910+0000] {dag.py:3239} INFO - Sync 1 DAGs
[2025-05-28T14:13:02.985+0000] {logging_mixin.py:190} INFO - [2025-05-28T14:13:02.984+0000] {dag.py:4180} INFO - Setting next_dagrun for uvt_example to 2025-05-27 00:00:00+00:00, run_after=2025-05-28 00:00:00+00:00
[2025-05-28T14:13:03.008+0000] {processor.py:208} INFO - Processing /opt/airflow/dags/hmida.py took 0.155 seconds
[2025-05-28T14:13:33.204+0000] {processor.py:186} INFO - Started process (PID=4708) to work on /opt/airflow/dags/hmida.py
[2025-05-28T14:13:33.205+0000] {processor.py:914} INFO - Processing file /opt/airflow/dags/hmida.py for tasks to queue
[2025-05-28T14:13:33.206+0000] {logging_mixin.py:190} INFO - [2025-05-28T14:13:33.206+0000] {dagbag.py:588} INFO - Filling up the DagBag from /opt/airflow/dags/hmida.py
[2025-05-28T14:13:33.220+0000] {processor.py:925} INFO - DAG(s) 'uvt_example' retrieved from /opt/airflow/dags/hmida.py
[2025-05-28T14:13:33.285+0000] {logging_mixin.py:190} INFO - [2025-05-28T14:13:33.285+0000] {dag.py:3239} INFO - Sync 1 DAGs
[2025-05-28T14:13:33.314+0000] {logging_mixin.py:190} INFO - [2025-05-28T14:13:33.314+0000] {dag.py:4180} INFO - Setting next_dagrun for uvt_example to 2025-05-27 00:00:00+00:00, run_after=2025-05-28 00:00:00+00:00
[2025-05-28T14:13:33.332+0000] {processor.py:208} INFO - Processing /opt/airflow/dags/hmida.py took 0.136 seconds
[2025-05-28T14:14:03.411+0000] {processor.py:186} INFO - Started process (PID=4773) to work on /opt/airflow/dags/hmida.py
[2025-05-28T14:14:03.413+0000] {processor.py:914} INFO - Processing file /opt/airflow/dags/hmida.py for tasks to queue
[2025-05-28T14:14:03.414+0000] {logging_mixin.py:190} INFO - [2025-05-28T14:14:03.414+0000] {dagbag.py:588} INFO - Filling up the DagBag from /opt/airflow/dags/hmida.py
[2025-05-28T14:14:03.428+0000] {processor.py:925} INFO - DAG(s) 'uvt_example' retrieved from /opt/airflow/dags/hmida.py
[2025-05-28T14:14:03.456+0000] {logging_mixin.py:190} INFO - [2025-05-28T14:14:03.455+0000] {dag.py:3239} INFO - Sync 1 DAGs
[2025-05-28T14:14:03.484+0000] {logging_mixin.py:190} INFO - [2025-05-28T14:14:03.484+0000] {dag.py:4180} INFO - Setting next_dagrun for uvt_example to 2025-05-27 00:00:00+00:00, run_after=2025-05-28 00:00:00+00:00
[2025-05-28T14:14:03.503+0000] {processor.py:208} INFO - Processing /opt/airflow/dags/hmida.py took 0.100 seconds
[2025-05-28T14:14:34.040+0000] {processor.py:186} INFO - Started process (PID=4838) to work on /opt/airflow/dags/hmida.py
[2025-05-28T14:14:34.041+0000] {processor.py:914} INFO - Processing file /opt/airflow/dags/hmida.py for tasks to queue
[2025-05-28T14:14:34.043+0000] {logging_mixin.py:190} INFO - [2025-05-28T14:14:34.043+0000] {dagbag.py:588} INFO - Filling up the DagBag from /opt/airflow/dags/hmida.py
[2025-05-28T14:14:34.055+0000] {processor.py:925} INFO - DAG(s) 'uvt_example' retrieved from /opt/airflow/dags/hmida.py
[2025-05-28T14:14:34.078+0000] {logging_mixin.py:190} INFO - [2025-05-28T14:14:34.078+0000] {dag.py:3239} INFO - Sync 1 DAGs
[2025-05-28T14:14:34.107+0000] {logging_mixin.py:190} INFO - [2025-05-28T14:14:34.106+0000] {dag.py:4180} INFO - Setting next_dagrun for uvt_example to 2025-05-27 00:00:00+00:00, run_after=2025-05-28 00:00:00+00:00
[2025-05-28T14:14:34.127+0000] {processor.py:208} INFO - Processing /opt/airflow/dags/hmida.py took 0.094 seconds
[2025-05-28T14:15:04.575+0000] {processor.py:186} INFO - Started process (PID=4903) to work on /opt/airflow/dags/hmida.py
[2025-05-28T14:15:04.576+0000] {processor.py:914} INFO - Processing file /opt/airflow/dags/hmida.py for tasks to queue
[2025-05-28T14:15:04.577+0000] {logging_mixin.py:190} INFO - [2025-05-28T14:15:04.577+0000] {dagbag.py:588} INFO - Filling up the DagBag from /opt/airflow/dags/hmida.py
[2025-05-28T14:15:04.589+0000] {processor.py:925} INFO - DAG(s) 'uvt_example' retrieved from /opt/airflow/dags/hmida.py
[2025-05-28T14:15:04.613+0000] {logging_mixin.py:190} INFO - [2025-05-28T14:15:04.613+0000] {dag.py:3239} INFO - Sync 1 DAGs
[2025-05-28T14:15:04.641+0000] {logging_mixin.py:190} INFO - [2025-05-28T14:15:04.641+0000] {dag.py:4180} INFO - Setting next_dagrun for uvt_example to 2025-05-27 00:00:00+00:00, run_after=2025-05-28 00:00:00+00:00
[2025-05-28T14:15:04.663+0000] {processor.py:208} INFO - Processing /opt/airflow/dags/hmida.py took 0.094 seconds
