[2025-05-11T17:55:17.691+0000] {local_task_job_runner.py:123} INFO - ::group::Pre task execution logs
[2025-05-11T17:55:17.984+0000] {taskinstance.py:2614} INFO - Dependencies all met for dep_context=non-requeueable deps ti=<TaskInstance: uvt_example.run_bash_command manual__2025-05-11T17:55:07.164973+00:00 [queued]>
[2025-05-11T17:55:18.002+0000] {taskinstance.py:2614} INFO - Dependencies all met for dep_context=requeueable deps ti=<TaskInstance: uvt_example.run_bash_command manual__2025-05-11T17:55:07.164973+00:00 [queued]>
[2025-05-11T17:55:18.003+0000] {taskinstance.py:2867} INFO - Starting attempt 1 of 2
[2025-05-11T17:55:18.024+0000] {taskinstance.py:2890} INFO - Executing <Task(BashOperator): run_bash_command> on 2025-05-11 17:55:07.164973+00:00
[2025-05-11T17:55:18.042+0000] {warnings.py:112} WARNING - /home/***/.local/lib/python3.12/site-packages/***/task/task_runner/standard_task_runner.py:70: DeprecationWarning: This process (pid=314) is multi-threaded, use of fork() may lead to deadlocks in the child.
  pid = os.fork()

[2025-05-11T17:55:18.045+0000] {standard_task_runner.py:72} INFO - Started process 316 to run task
[2025-05-11T17:55:18.045+0000] {standard_task_runner.py:104} INFO - Running: ['***', 'tasks', 'run', 'uvt_example', 'run_bash_command', 'manual__2025-05-11T17:55:07.164973+00:00', '--job-id', '62', '--raw', '--subdir', 'DAGS_FOLDER/hmida.py', '--cfg-path', '/tmp/tmpy2_46w__']
[2025-05-11T17:55:18.047+0000] {standard_task_runner.py:105} INFO - Job 62: Subtask run_bash_command
[2025-05-11T17:55:18.128+0000] {task_command.py:467} INFO - Running <TaskInstance: uvt_example.run_bash_command manual__2025-05-11T17:55:07.164973+00:00 [running]> on host 0cb3ccf66fff
[2025-05-11T17:55:18.283+0000] {taskinstance.py:3134} INFO - Exporting env vars: AIRFLOW_CTX_DAG_OWNER='***' AIRFLOW_CTX_DAG_ID='uvt_example' AIRFLOW_CTX_TASK_ID='run_bash_command' AIRFLOW_CTX_EXECUTION_DATE='2025-05-11T17:55:07.164973+00:00' AIRFLOW_CTX_TRY_NUMBER='1' AIRFLOW_CTX_DAG_RUN_ID='manual__2025-05-11T17:55:07.164973+00:00'
[2025-05-11T17:55:18.285+0000] {logging_mixin.py:190} INFO - Task instance is in running state
[2025-05-11T17:55:18.285+0000] {logging_mixin.py:190} INFO -  Previous state of the Task instance: queued
[2025-05-11T17:55:18.285+0000] {logging_mixin.py:190} INFO - Current task name:run_bash_command state:running start_date:2025-05-11 17:55:17.985386+00:00
[2025-05-11T17:55:18.286+0000] {logging_mixin.py:190} INFO - Dag name:uvt_example and current dag run status:running
[2025-05-11T17:55:18.286+0000] {taskinstance.py:732} INFO - ::endgroup::
[2025-05-11T17:55:18.287+0000] {subprocess.py:78} INFO - Tmp dir root location: /tmp
[2025-05-11T17:55:18.288+0000] {subprocess.py:88} INFO - Running command: ['/usr/bin/bash', '-c', 'rm /tmp/my_file.txt']
[2025-05-11T17:55:18.328+0000] {subprocess.py:99} INFO - Output:
[2025-05-11T17:55:18.336+0000] {subprocess.py:110} INFO - Command exited with return code 0
[2025-05-11T17:55:18.384+0000] {taskinstance.py:341} INFO - ::group::Post task execution logs
[2025-05-11T17:55:18.385+0000] {taskinstance.py:353} INFO - Marking task as SUCCESS. dag_id=uvt_example, task_id=run_bash_command, run_id=manual__2025-05-11T17:55:07.164973+00:00, execution_date=20250511T175507, start_date=20250511T175517, end_date=20250511T175518
[2025-05-11T17:55:18.426+0000] {logging_mixin.py:190} INFO - Task instance in success state
[2025-05-11T17:55:18.427+0000] {logging_mixin.py:190} INFO -  Previous state of the Task instance: running
[2025-05-11T17:55:18.428+0000] {logging_mixin.py:190} INFO - Dag name:uvt_example queued_at:2025-05-11 17:55:07.193236+00:00
[2025-05-11T17:55:18.428+0000] {logging_mixin.py:190} INFO - Task hostname:0cb3ccf66fff operator:BashOperator
[2025-05-11T17:55:18.464+0000] {local_task_job_runner.py:266} INFO - Task exited with return code 0
[2025-05-11T17:55:18.495+0000] {taskinstance.py:3901} INFO - 0 downstream tasks scheduled from follow-on schedule check
[2025-05-11T17:55:18.497+0000] {local_task_job_runner.py:245} INFO - ::endgroup::
