[2025-05-28T13:37:20.346+0000] {processor.py:186} INFO - Started process (PID=132) to work on /home/airflow/.local/lib/python3.12/site-packages/airflow/example_dags/example_task_group.py
[2025-05-28T13:37:20.347+0000] {processor.py:914} INFO - Processing file /home/airflow/.local/lib/python3.12/site-packages/airflow/example_dags/example_task_group.py for tasks to queue
[2025-05-28T13:37:20.349+0000] {logging_mixin.py:190} INFO - [2025-05-28T13:37:20.349+0000] {dagbag.py:588} INFO - Filling up the DagBag from /home/airflow/.local/lib/python3.12/site-packages/airflow/example_dags/example_task_group.py
[2025-05-28T13:37:20.360+0000] {processor.py:925} INFO - DAG(s) 'example_task_group' retrieved from /home/airflow/.local/lib/python3.12/site-packages/airflow/example_dags/example_task_group.py
[2025-05-28T13:37:20.381+0000] {logging_mixin.py:190} INFO - [2025-05-28T13:37:20.381+0000] {dag.py:3239} INFO - Sync 1 DAGs
[2025-05-28T13:37:20.394+0000] {logging_mixin.py:190} INFO - [2025-05-28T13:37:20.394+0000] {dag.py:4180} INFO - Setting next_dagrun for example_task_group to None, run_after=None
[2025-05-28T13:37:20.409+0000] {processor.py:208} INFO - Processing /home/airflow/.local/lib/python3.12/site-packages/airflow/example_dags/example_task_group.py took 0.069 seconds
[2025-05-28T13:37:52.964+0000] {processor.py:186} INFO - Started process (PID=197) to work on /home/airflow/.local/lib/python3.12/site-packages/airflow/example_dags/example_task_group.py
[2025-05-28T13:37:52.965+0000] {processor.py:914} INFO - Processing file /home/airflow/.local/lib/python3.12/site-packages/airflow/example_dags/example_task_group.py for tasks to queue
[2025-05-28T13:37:52.976+0000] {logging_mixin.py:190} INFO - [2025-05-28T13:37:52.975+0000] {dagbag.py:588} INFO - Filling up the DagBag from /home/airflow/.local/lib/python3.12/site-packages/airflow/example_dags/example_task_group.py
[2025-05-28T13:37:52.986+0000] {processor.py:925} INFO - DAG(s) 'example_task_group' retrieved from /home/airflow/.local/lib/python3.12/site-packages/airflow/example_dags/example_task_group.py
[2025-05-28T13:37:53.009+0000] {logging_mixin.py:190} INFO - [2025-05-28T13:37:53.009+0000] {dag.py:3239} INFO - Sync 1 DAGs
[2025-05-28T13:37:53.025+0000] {logging_mixin.py:190} INFO - [2025-05-28T13:37:53.025+0000] {dag.py:4180} INFO - Setting next_dagrun for example_task_group to None, run_after=None
[2025-05-28T13:37:53.045+0000] {processor.py:208} INFO - Processing /home/airflow/.local/lib/python3.12/site-packages/airflow/example_dags/example_task_group.py took 0.087 seconds
[2025-05-28T13:38:24.190+0000] {processor.py:186} INFO - Started process (PID=262) to work on /home/airflow/.local/lib/python3.12/site-packages/airflow/example_dags/example_task_group.py
[2025-05-28T13:38:24.192+0000] {processor.py:914} INFO - Processing file /home/airflow/.local/lib/python3.12/site-packages/airflow/example_dags/example_task_group.py for tasks to queue
[2025-05-28T13:38:24.197+0000] {logging_mixin.py:190} INFO - [2025-05-28T13:38:24.197+0000] {dagbag.py:588} INFO - Filling up the DagBag from /home/airflow/.local/lib/python3.12/site-packages/airflow/example_dags/example_task_group.py
[2025-05-28T13:38:24.212+0000] {processor.py:925} INFO - DAG(s) 'example_task_group' retrieved from /home/airflow/.local/lib/python3.12/site-packages/airflow/example_dags/example_task_group.py
[2025-05-28T13:38:24.241+0000] {logging_mixin.py:190} INFO - [2025-05-28T13:38:24.241+0000] {dag.py:3239} INFO - Sync 1 DAGs
[2025-05-28T13:38:24.258+0000] {logging_mixin.py:190} INFO - [2025-05-28T13:38:24.257+0000] {dag.py:4180} INFO - Setting next_dagrun for example_task_group to None, run_after=None
[2025-05-28T13:38:24.275+0000] {processor.py:208} INFO - Processing /home/airflow/.local/lib/python3.12/site-packages/airflow/example_dags/example_task_group.py took 0.094 seconds
[2025-05-28T13:38:55.539+0000] {processor.py:186} INFO - Started process (PID=327) to work on /home/airflow/.local/lib/python3.12/site-packages/airflow/example_dags/example_task_group.py
[2025-05-28T13:38:55.540+0000] {processor.py:914} INFO - Processing file /home/airflow/.local/lib/python3.12/site-packages/airflow/example_dags/example_task_group.py for tasks to queue
[2025-05-28T13:38:55.544+0000] {logging_mixin.py:190} INFO - [2025-05-28T13:38:55.543+0000] {dagbag.py:588} INFO - Filling up the DagBag from /home/airflow/.local/lib/python3.12/site-packages/airflow/example_dags/example_task_group.py
[2025-05-28T13:38:55.556+0000] {processor.py:925} INFO - DAG(s) 'example_task_group' retrieved from /home/airflow/.local/lib/python3.12/site-packages/airflow/example_dags/example_task_group.py
[2025-05-28T13:38:55.586+0000] {logging_mixin.py:190} INFO - [2025-05-28T13:38:55.585+0000] {dag.py:3239} INFO - Sync 1 DAGs
[2025-05-28T13:38:55.603+0000] {logging_mixin.py:190} INFO - [2025-05-28T13:38:55.602+0000] {dag.py:4180} INFO - Setting next_dagrun for example_task_group to None, run_after=None
[2025-05-28T13:38:55.634+0000] {processor.py:208} INFO - Processing /home/airflow/.local/lib/python3.12/site-packages/airflow/example_dags/example_task_group.py took 0.105 seconds
[2025-05-28T13:39:25.842+0000] {processor.py:186} INFO - Started process (PID=392) to work on /home/airflow/.local/lib/python3.12/site-packages/airflow/example_dags/example_task_group.py
[2025-05-28T13:39:25.843+0000] {processor.py:914} INFO - Processing file /home/airflow/.local/lib/python3.12/site-packages/airflow/example_dags/example_task_group.py for tasks to queue
[2025-05-28T13:39:25.845+0000] {logging_mixin.py:190} INFO - [2025-05-28T13:39:25.845+0000] {dagbag.py:588} INFO - Filling up the DagBag from /home/airflow/.local/lib/python3.12/site-packages/airflow/example_dags/example_task_group.py
[2025-05-28T13:39:25.854+0000] {processor.py:925} INFO - DAG(s) 'example_task_group' retrieved from /home/airflow/.local/lib/python3.12/site-packages/airflow/example_dags/example_task_group.py
[2025-05-28T13:39:25.873+0000] {logging_mixin.py:190} INFO - [2025-05-28T13:39:25.873+0000] {dag.py:3239} INFO - Sync 1 DAGs
[2025-05-28T13:39:25.887+0000] {logging_mixin.py:190} INFO - [2025-05-28T13:39:25.887+0000] {dag.py:4180} INFO - Setting next_dagrun for example_task_group to None, run_after=None
[2025-05-28T13:39:25.902+0000] {processor.py:208} INFO - Processing /home/airflow/.local/lib/python3.12/site-packages/airflow/example_dags/example_task_group.py took 0.066 seconds
[2025-05-28T13:39:57.367+0000] {processor.py:186} INFO - Started process (PID=457) to work on /home/airflow/.local/lib/python3.12/site-packages/airflow/example_dags/example_task_group.py
[2025-05-28T13:39:57.368+0000] {processor.py:914} INFO - Processing file /home/airflow/.local/lib/python3.12/site-packages/airflow/example_dags/example_task_group.py for tasks to queue
[2025-05-28T13:39:57.370+0000] {logging_mixin.py:190} INFO - [2025-05-28T13:39:57.369+0000] {dagbag.py:588} INFO - Filling up the DagBag from /home/airflow/.local/lib/python3.12/site-packages/airflow/example_dags/example_task_group.py
[2025-05-28T13:39:57.379+0000] {processor.py:925} INFO - DAG(s) 'example_task_group' retrieved from /home/airflow/.local/lib/python3.12/site-packages/airflow/example_dags/example_task_group.py
[2025-05-28T13:39:57.401+0000] {logging_mixin.py:190} INFO - [2025-05-28T13:39:57.401+0000] {dag.py:3239} INFO - Sync 1 DAGs
[2025-05-28T13:39:57.414+0000] {logging_mixin.py:190} INFO - [2025-05-28T13:39:57.414+0000] {dag.py:4180} INFO - Setting next_dagrun for example_task_group to None, run_after=None
[2025-05-28T13:39:57.431+0000] {processor.py:208} INFO - Processing /home/airflow/.local/lib/python3.12/site-packages/airflow/example_dags/example_task_group.py took 0.071 seconds
[2025-05-28T13:40:28.019+0000] {processor.py:186} INFO - Started process (PID=522) to work on /home/airflow/.local/lib/python3.12/site-packages/airflow/example_dags/example_task_group.py
[2025-05-28T13:40:28.020+0000] {processor.py:914} INFO - Processing file /home/airflow/.local/lib/python3.12/site-packages/airflow/example_dags/example_task_group.py for tasks to queue
[2025-05-28T13:40:28.022+0000] {logging_mixin.py:190} INFO - [2025-05-28T13:40:28.022+0000] {dagbag.py:588} INFO - Filling up the DagBag from /home/airflow/.local/lib/python3.12/site-packages/airflow/example_dags/example_task_group.py
[2025-05-28T13:40:28.031+0000] {processor.py:925} INFO - DAG(s) 'example_task_group' retrieved from /home/airflow/.local/lib/python3.12/site-packages/airflow/example_dags/example_task_group.py
[2025-05-28T13:40:28.054+0000] {logging_mixin.py:190} INFO - [2025-05-28T13:40:28.054+0000] {dag.py:3239} INFO - Sync 1 DAGs
[2025-05-28T13:40:28.068+0000] {logging_mixin.py:190} INFO - [2025-05-28T13:40:28.068+0000] {dag.py:4180} INFO - Setting next_dagrun for example_task_group to None, run_after=None
[2025-05-28T13:40:28.085+0000] {processor.py:208} INFO - Processing /home/airflow/.local/lib/python3.12/site-packages/airflow/example_dags/example_task_group.py took 0.072 seconds
[2025-05-28T13:40:59.104+0000] {processor.py:186} INFO - Started process (PID=587) to work on /home/airflow/.local/lib/python3.12/site-packages/airflow/example_dags/example_task_group.py
[2025-05-28T13:40:59.105+0000] {processor.py:914} INFO - Processing file /home/airflow/.local/lib/python3.12/site-packages/airflow/example_dags/example_task_group.py for tasks to queue
[2025-05-28T13:40:59.107+0000] {logging_mixin.py:190} INFO - [2025-05-28T13:40:59.107+0000] {dagbag.py:588} INFO - Filling up the DagBag from /home/airflow/.local/lib/python3.12/site-packages/airflow/example_dags/example_task_group.py
[2025-05-28T13:40:59.116+0000] {processor.py:925} INFO - DAG(s) 'example_task_group' retrieved from /home/airflow/.local/lib/python3.12/site-packages/airflow/example_dags/example_task_group.py
[2025-05-28T13:40:59.135+0000] {logging_mixin.py:190} INFO - [2025-05-28T13:40:59.135+0000] {dag.py:3239} INFO - Sync 1 DAGs
[2025-05-28T13:40:59.148+0000] {logging_mixin.py:190} INFO - [2025-05-28T13:40:59.148+0000] {dag.py:4180} INFO - Setting next_dagrun for example_task_group to None, run_after=None
[2025-05-28T13:40:59.162+0000] {processor.py:208} INFO - Processing /home/airflow/.local/lib/python3.12/site-packages/airflow/example_dags/example_task_group.py took 0.064 seconds
[2025-05-28T13:41:30.544+0000] {processor.py:186} INFO - Started process (PID=652) to work on /home/airflow/.local/lib/python3.12/site-packages/airflow/example_dags/example_task_group.py
[2025-05-28T13:41:30.545+0000] {processor.py:914} INFO - Processing file /home/airflow/.local/lib/python3.12/site-packages/airflow/example_dags/example_task_group.py for tasks to queue
[2025-05-28T13:41:30.548+0000] {logging_mixin.py:190} INFO - [2025-05-28T13:41:30.548+0000] {dagbag.py:588} INFO - Filling up the DagBag from /home/airflow/.local/lib/python3.12/site-packages/airflow/example_dags/example_task_group.py
[2025-05-28T13:41:30.557+0000] {processor.py:925} INFO - DAG(s) 'example_task_group' retrieved from /home/airflow/.local/lib/python3.12/site-packages/airflow/example_dags/example_task_group.py
[2025-05-28T13:41:30.580+0000] {logging_mixin.py:190} INFO - [2025-05-28T13:41:30.580+0000] {dag.py:3239} INFO - Sync 1 DAGs
[2025-05-28T13:41:30.593+0000] {logging_mixin.py:190} INFO - [2025-05-28T13:41:30.593+0000] {dag.py:4180} INFO - Setting next_dagrun for example_task_group to None, run_after=None
[2025-05-28T13:41:30.608+0000] {processor.py:208} INFO - Processing /home/airflow/.local/lib/python3.12/site-packages/airflow/example_dags/example_task_group.py took 0.070 seconds
[2025-05-28T13:42:01.918+0000] {processor.py:186} INFO - Started process (PID=726) to work on /home/airflow/.local/lib/python3.12/site-packages/airflow/example_dags/example_task_group.py
[2025-05-28T13:42:01.920+0000] {processor.py:914} INFO - Processing file /home/airflow/.local/lib/python3.12/site-packages/airflow/example_dags/example_task_group.py for tasks to queue
[2025-05-28T13:42:01.923+0000] {logging_mixin.py:190} INFO - [2025-05-28T13:42:01.922+0000] {dagbag.py:588} INFO - Filling up the DagBag from /home/airflow/.local/lib/python3.12/site-packages/airflow/example_dags/example_task_group.py
[2025-05-28T13:42:01.931+0000] {processor.py:925} INFO - DAG(s) 'example_task_group' retrieved from /home/airflow/.local/lib/python3.12/site-packages/airflow/example_dags/example_task_group.py
[2025-05-28T13:42:01.954+0000] {logging_mixin.py:190} INFO - [2025-05-28T13:42:01.953+0000] {dag.py:3239} INFO - Sync 1 DAGs
[2025-05-28T13:42:01.968+0000] {logging_mixin.py:190} INFO - [2025-05-28T13:42:01.967+0000] {dag.py:4180} INFO - Setting next_dagrun for example_task_group to None, run_after=None
[2025-05-28T13:42:01.984+0000] {processor.py:208} INFO - Processing /home/airflow/.local/lib/python3.12/site-packages/airflow/example_dags/example_task_group.py took 0.072 seconds
[2025-05-28T13:42:33.274+0000] {processor.py:186} INFO - Started process (PID=797) to work on /home/airflow/.local/lib/python3.12/site-packages/airflow/example_dags/example_task_group.py
[2025-05-28T13:42:33.275+0000] {processor.py:914} INFO - Processing file /home/airflow/.local/lib/python3.12/site-packages/airflow/example_dags/example_task_group.py for tasks to queue
[2025-05-28T13:42:33.278+0000] {logging_mixin.py:190} INFO - [2025-05-28T13:42:33.278+0000] {dagbag.py:588} INFO - Filling up the DagBag from /home/airflow/.local/lib/python3.12/site-packages/airflow/example_dags/example_task_group.py
[2025-05-28T13:42:33.288+0000] {processor.py:925} INFO - DAG(s) 'example_task_group' retrieved from /home/airflow/.local/lib/python3.12/site-packages/airflow/example_dags/example_task_group.py
[2025-05-28T13:42:33.312+0000] {logging_mixin.py:190} INFO - [2025-05-28T13:42:33.312+0000] {dag.py:3239} INFO - Sync 1 DAGs
[2025-05-28T13:42:33.327+0000] {logging_mixin.py:190} INFO - [2025-05-28T13:42:33.327+0000] {dag.py:4180} INFO - Setting next_dagrun for example_task_group to None, run_after=None
[2025-05-28T13:42:33.344+0000] {processor.py:208} INFO - Processing /home/airflow/.local/lib/python3.12/site-packages/airflow/example_dags/example_task_group.py took 0.077 seconds
[2025-05-28T13:43:04.407+0000] {processor.py:186} INFO - Started process (PID=863) to work on /home/airflow/.local/lib/python3.12/site-packages/airflow/example_dags/example_task_group.py
[2025-05-28T13:43:04.408+0000] {processor.py:914} INFO - Processing file /home/airflow/.local/lib/python3.12/site-packages/airflow/example_dags/example_task_group.py for tasks to queue
[2025-05-28T13:43:04.411+0000] {logging_mixin.py:190} INFO - [2025-05-28T13:43:04.410+0000] {dagbag.py:588} INFO - Filling up the DagBag from /home/airflow/.local/lib/python3.12/site-packages/airflow/example_dags/example_task_group.py
[2025-05-28T13:43:04.419+0000] {processor.py:925} INFO - DAG(s) 'example_task_group' retrieved from /home/airflow/.local/lib/python3.12/site-packages/airflow/example_dags/example_task_group.py
[2025-05-28T13:43:04.439+0000] {logging_mixin.py:190} INFO - [2025-05-28T13:43:04.439+0000] {dag.py:3239} INFO - Sync 1 DAGs
[2025-05-28T13:43:04.454+0000] {logging_mixin.py:190} INFO - [2025-05-28T13:43:04.454+0000] {dag.py:4180} INFO - Setting next_dagrun for example_task_group to None, run_after=None
[2025-05-28T13:43:04.470+0000] {processor.py:208} INFO - Processing /home/airflow/.local/lib/python3.12/site-packages/airflow/example_dags/example_task_group.py took 0.069 seconds
[2025-05-28T13:43:35.050+0000] {processor.py:186} INFO - Started process (PID=928) to work on /home/airflow/.local/lib/python3.12/site-packages/airflow/example_dags/example_task_group.py
[2025-05-28T13:43:35.051+0000] {processor.py:914} INFO - Processing file /home/airflow/.local/lib/python3.12/site-packages/airflow/example_dags/example_task_group.py for tasks to queue
[2025-05-28T13:43:35.052+0000] {logging_mixin.py:190} INFO - [2025-05-28T13:43:35.052+0000] {dagbag.py:588} INFO - Filling up the DagBag from /home/airflow/.local/lib/python3.12/site-packages/airflow/example_dags/example_task_group.py
[2025-05-28T13:43:35.061+0000] {processor.py:925} INFO - DAG(s) 'example_task_group' retrieved from /home/airflow/.local/lib/python3.12/site-packages/airflow/example_dags/example_task_group.py
[2025-05-28T13:43:35.080+0000] {logging_mixin.py:190} INFO - [2025-05-28T13:43:35.080+0000] {dag.py:3239} INFO - Sync 1 DAGs
[2025-05-28T13:43:35.093+0000] {logging_mixin.py:190} INFO - [2025-05-28T13:43:35.093+0000] {dag.py:4180} INFO - Setting next_dagrun for example_task_group to None, run_after=None
[2025-05-28T13:43:35.106+0000] {processor.py:208} INFO - Processing /home/airflow/.local/lib/python3.12/site-packages/airflow/example_dags/example_task_group.py took 0.062 seconds
[2025-05-28T13:44:05.746+0000] {processor.py:186} INFO - Started process (PID=993) to work on /home/airflow/.local/lib/python3.12/site-packages/airflow/example_dags/example_task_group.py
[2025-05-28T13:44:05.747+0000] {processor.py:914} INFO - Processing file /home/airflow/.local/lib/python3.12/site-packages/airflow/example_dags/example_task_group.py for tasks to queue
[2025-05-28T13:44:05.748+0000] {logging_mixin.py:190} INFO - [2025-05-28T13:44:05.747+0000] {dagbag.py:588} INFO - Filling up the DagBag from /home/airflow/.local/lib/python3.12/site-packages/airflow/example_dags/example_task_group.py
[2025-05-28T13:44:05.756+0000] {processor.py:925} INFO - DAG(s) 'example_task_group' retrieved from /home/airflow/.local/lib/python3.12/site-packages/airflow/example_dags/example_task_group.py
[2025-05-28T13:44:05.775+0000] {logging_mixin.py:190} INFO - [2025-05-28T13:44:05.775+0000] {dag.py:3239} INFO - Sync 1 DAGs
[2025-05-28T13:44:05.788+0000] {logging_mixin.py:190} INFO - [2025-05-28T13:44:05.788+0000] {dag.py:4180} INFO - Setting next_dagrun for example_task_group to None, run_after=None
[2025-05-28T13:44:05.801+0000] {processor.py:208} INFO - Processing /home/airflow/.local/lib/python3.12/site-packages/airflow/example_dags/example_task_group.py took 0.061 seconds
[2025-05-28T13:44:37.142+0000] {processor.py:186} INFO - Started process (PID=1058) to work on /home/airflow/.local/lib/python3.12/site-packages/airflow/example_dags/example_task_group.py
[2025-05-28T13:44:37.143+0000] {processor.py:914} INFO - Processing file /home/airflow/.local/lib/python3.12/site-packages/airflow/example_dags/example_task_group.py for tasks to queue
[2025-05-28T13:44:37.144+0000] {logging_mixin.py:190} INFO - [2025-05-28T13:44:37.143+0000] {dagbag.py:588} INFO - Filling up the DagBag from /home/airflow/.local/lib/python3.12/site-packages/airflow/example_dags/example_task_group.py
[2025-05-28T13:44:37.152+0000] {processor.py:925} INFO - DAG(s) 'example_task_group' retrieved from /home/airflow/.local/lib/python3.12/site-packages/airflow/example_dags/example_task_group.py
[2025-05-28T13:44:37.172+0000] {logging_mixin.py:190} INFO - [2025-05-28T13:44:37.172+0000] {dag.py:3239} INFO - Sync 1 DAGs
[2025-05-28T13:44:37.185+0000] {logging_mixin.py:190} INFO - [2025-05-28T13:44:37.185+0000] {dag.py:4180} INFO - Setting next_dagrun for example_task_group to None, run_after=None
[2025-05-28T13:44:37.199+0000] {processor.py:208} INFO - Processing /home/airflow/.local/lib/python3.12/site-packages/airflow/example_dags/example_task_group.py took 0.062 seconds
[2025-05-28T13:45:08.064+0000] {processor.py:186} INFO - Started process (PID=1127) to work on /home/airflow/.local/lib/python3.12/site-packages/airflow/example_dags/example_task_group.py
[2025-05-28T13:45:08.065+0000] {processor.py:914} INFO - Processing file /home/airflow/.local/lib/python3.12/site-packages/airflow/example_dags/example_task_group.py for tasks to queue
[2025-05-28T13:45:08.066+0000] {logging_mixin.py:190} INFO - [2025-05-28T13:45:08.066+0000] {dagbag.py:588} INFO - Filling up the DagBag from /home/airflow/.local/lib/python3.12/site-packages/airflow/example_dags/example_task_group.py
[2025-05-28T13:45:08.075+0000] {processor.py:925} INFO - DAG(s) 'example_task_group' retrieved from /home/airflow/.local/lib/python3.12/site-packages/airflow/example_dags/example_task_group.py
[2025-05-28T13:45:08.096+0000] {logging_mixin.py:190} INFO - [2025-05-28T13:45:08.095+0000] {dag.py:3239} INFO - Sync 1 DAGs
[2025-05-28T13:45:08.109+0000] {logging_mixin.py:190} INFO - [2025-05-28T13:45:08.109+0000] {dag.py:4180} INFO - Setting next_dagrun for example_task_group to None, run_after=None
[2025-05-28T13:45:08.123+0000] {processor.py:208} INFO - Processing /home/airflow/.local/lib/python3.12/site-packages/airflow/example_dags/example_task_group.py took 0.065 seconds
[2025-05-28T13:45:39.683+0000] {processor.py:186} INFO - Started process (PID=1193) to work on /home/airflow/.local/lib/python3.12/site-packages/airflow/example_dags/example_task_group.py
[2025-05-28T13:45:39.684+0000] {processor.py:914} INFO - Processing file /home/airflow/.local/lib/python3.12/site-packages/airflow/example_dags/example_task_group.py for tasks to queue
[2025-05-28T13:45:39.685+0000] {logging_mixin.py:190} INFO - [2025-05-28T13:45:39.685+0000] {dagbag.py:588} INFO - Filling up the DagBag from /home/airflow/.local/lib/python3.12/site-packages/airflow/example_dags/example_task_group.py
[2025-05-28T13:45:39.694+0000] {processor.py:925} INFO - DAG(s) 'example_task_group' retrieved from /home/airflow/.local/lib/python3.12/site-packages/airflow/example_dags/example_task_group.py
[2025-05-28T13:45:39.714+0000] {logging_mixin.py:190} INFO - [2025-05-28T13:45:39.714+0000] {dag.py:3239} INFO - Sync 1 DAGs
[2025-05-28T13:45:39.727+0000] {logging_mixin.py:190} INFO - [2025-05-28T13:45:39.727+0000] {dag.py:4180} INFO - Setting next_dagrun for example_task_group to None, run_after=None
[2025-05-28T13:45:39.742+0000] {processor.py:208} INFO - Processing /home/airflow/.local/lib/python3.12/site-packages/airflow/example_dags/example_task_group.py took 0.064 seconds
[2025-05-28T13:46:10.748+0000] {processor.py:186} INFO - Started process (PID=1259) to work on /home/airflow/.local/lib/python3.12/site-packages/airflow/example_dags/example_task_group.py
[2025-05-28T13:46:10.749+0000] {processor.py:914} INFO - Processing file /home/airflow/.local/lib/python3.12/site-packages/airflow/example_dags/example_task_group.py for tasks to queue
[2025-05-28T13:46:10.750+0000] {logging_mixin.py:190} INFO - [2025-05-28T13:46:10.750+0000] {dagbag.py:588} INFO - Filling up the DagBag from /home/airflow/.local/lib/python3.12/site-packages/airflow/example_dags/example_task_group.py
[2025-05-28T13:46:10.759+0000] {processor.py:925} INFO - DAG(s) 'example_task_group' retrieved from /home/airflow/.local/lib/python3.12/site-packages/airflow/example_dags/example_task_group.py
[2025-05-28T13:46:10.778+0000] {logging_mixin.py:190} INFO - [2025-05-28T13:46:10.778+0000] {dag.py:3239} INFO - Sync 1 DAGs
[2025-05-28T13:46:10.792+0000] {logging_mixin.py:190} INFO - [2025-05-28T13:46:10.791+0000] {dag.py:4180} INFO - Setting next_dagrun for example_task_group to None, run_after=None
[2025-05-28T13:46:10.805+0000] {processor.py:208} INFO - Processing /home/airflow/.local/lib/python3.12/site-packages/airflow/example_dags/example_task_group.py took 0.062 seconds
[2025-05-28T13:46:42.409+0000] {processor.py:186} INFO - Started process (PID=1332) to work on /home/airflow/.local/lib/python3.12/site-packages/airflow/example_dags/example_task_group.py
[2025-05-28T13:46:42.410+0000] {processor.py:914} INFO - Processing file /home/airflow/.local/lib/python3.12/site-packages/airflow/example_dags/example_task_group.py for tasks to queue
[2025-05-28T13:46:42.411+0000] {logging_mixin.py:190} INFO - [2025-05-28T13:46:42.410+0000] {dagbag.py:588} INFO - Filling up the DagBag from /home/airflow/.local/lib/python3.12/site-packages/airflow/example_dags/example_task_group.py
[2025-05-28T13:46:42.421+0000] {processor.py:925} INFO - DAG(s) 'example_task_group' retrieved from /home/airflow/.local/lib/python3.12/site-packages/airflow/example_dags/example_task_group.py
[2025-05-28T13:46:42.442+0000] {logging_mixin.py:190} INFO - [2025-05-28T13:46:42.442+0000] {dag.py:3239} INFO - Sync 1 DAGs
[2025-05-28T13:46:42.457+0000] {logging_mixin.py:190} INFO - [2025-05-28T13:46:42.457+0000] {dag.py:4180} INFO - Setting next_dagrun for example_task_group to None, run_after=None
[2025-05-28T13:46:42.472+0000] {processor.py:208} INFO - Processing /home/airflow/.local/lib/python3.12/site-packages/airflow/example_dags/example_task_group.py took 0.069 seconds
[2025-05-28T13:47:14.777+0000] {processor.py:186} INFO - Started process (PID=1397) to work on /home/airflow/.local/lib/python3.12/site-packages/airflow/example_dags/example_task_group.py
[2025-05-28T13:47:14.778+0000] {processor.py:914} INFO - Processing file /home/airflow/.local/lib/python3.12/site-packages/airflow/example_dags/example_task_group.py for tasks to queue
[2025-05-28T13:47:14.779+0000] {logging_mixin.py:190} INFO - [2025-05-28T13:47:14.779+0000] {dagbag.py:588} INFO - Filling up the DagBag from /home/airflow/.local/lib/python3.12/site-packages/airflow/example_dags/example_task_group.py
[2025-05-28T13:47:14.790+0000] {processor.py:925} INFO - DAG(s) 'example_task_group' retrieved from /home/airflow/.local/lib/python3.12/site-packages/airflow/example_dags/example_task_group.py
[2025-05-28T13:47:14.815+0000] {logging_mixin.py:190} INFO - [2025-05-28T13:47:14.815+0000] {dag.py:3239} INFO - Sync 1 DAGs
[2025-05-28T13:47:14.832+0000] {logging_mixin.py:190} INFO - [2025-05-28T13:47:14.832+0000] {dag.py:4180} INFO - Setting next_dagrun for example_task_group to None, run_after=None
[2025-05-28T13:47:14.850+0000] {processor.py:208} INFO - Processing /home/airflow/.local/lib/python3.12/site-packages/airflow/example_dags/example_task_group.py took 0.080 seconds
[2025-05-28T13:47:45.522+0000] {processor.py:186} INFO - Started process (PID=1462) to work on /home/airflow/.local/lib/python3.12/site-packages/airflow/example_dags/example_task_group.py
[2025-05-28T13:47:45.523+0000] {processor.py:914} INFO - Processing file /home/airflow/.local/lib/python3.12/site-packages/airflow/example_dags/example_task_group.py for tasks to queue
[2025-05-28T13:47:45.524+0000] {logging_mixin.py:190} INFO - [2025-05-28T13:47:45.524+0000] {dagbag.py:588} INFO - Filling up the DagBag from /home/airflow/.local/lib/python3.12/site-packages/airflow/example_dags/example_task_group.py
[2025-05-28T13:47:45.534+0000] {processor.py:925} INFO - DAG(s) 'example_task_group' retrieved from /home/airflow/.local/lib/python3.12/site-packages/airflow/example_dags/example_task_group.py
[2025-05-28T13:47:45.553+0000] {logging_mixin.py:190} INFO - [2025-05-28T13:47:45.553+0000] {dag.py:3239} INFO - Sync 1 DAGs
[2025-05-28T13:47:45.570+0000] {logging_mixin.py:190} INFO - [2025-05-28T13:47:45.569+0000] {dag.py:4180} INFO - Setting next_dagrun for example_task_group to None, run_after=None
[2025-05-28T13:47:45.585+0000] {processor.py:208} INFO - Processing /home/airflow/.local/lib/python3.12/site-packages/airflow/example_dags/example_task_group.py took 0.070 seconds
[2025-05-28T13:48:16.473+0000] {processor.py:186} INFO - Started process (PID=1528) to work on /home/airflow/.local/lib/python3.12/site-packages/airflow/example_dags/example_task_group.py
[2025-05-28T13:48:16.474+0000] {processor.py:914} INFO - Processing file /home/airflow/.local/lib/python3.12/site-packages/airflow/example_dags/example_task_group.py for tasks to queue
[2025-05-28T13:48:16.475+0000] {logging_mixin.py:190} INFO - [2025-05-28T13:48:16.475+0000] {dagbag.py:588} INFO - Filling up the DagBag from /home/airflow/.local/lib/python3.12/site-packages/airflow/example_dags/example_task_group.py
[2025-05-28T13:48:16.484+0000] {processor.py:925} INFO - DAG(s) 'example_task_group' retrieved from /home/airflow/.local/lib/python3.12/site-packages/airflow/example_dags/example_task_group.py
[2025-05-28T13:48:16.503+0000] {logging_mixin.py:190} INFO - [2025-05-28T13:48:16.503+0000] {dag.py:3239} INFO - Sync 1 DAGs
[2025-05-28T13:48:16.516+0000] {logging_mixin.py:190} INFO - [2025-05-28T13:48:16.516+0000] {dag.py:4180} INFO - Setting next_dagrun for example_task_group to None, run_after=None
[2025-05-28T13:48:16.531+0000] {processor.py:208} INFO - Processing /home/airflow/.local/lib/python3.12/site-packages/airflow/example_dags/example_task_group.py took 0.063 seconds
[2025-05-28T13:48:48.408+0000] {processor.py:186} INFO - Started process (PID=1594) to work on /home/airflow/.local/lib/python3.12/site-packages/airflow/example_dags/example_task_group.py
[2025-05-28T13:48:48.409+0000] {processor.py:914} INFO - Processing file /home/airflow/.local/lib/python3.12/site-packages/airflow/example_dags/example_task_group.py for tasks to queue
[2025-05-28T13:48:48.411+0000] {logging_mixin.py:190} INFO - [2025-05-28T13:48:48.410+0000] {dagbag.py:588} INFO - Filling up the DagBag from /home/airflow/.local/lib/python3.12/site-packages/airflow/example_dags/example_task_group.py
[2025-05-28T13:48:48.423+0000] {processor.py:925} INFO - DAG(s) 'example_task_group' retrieved from /home/airflow/.local/lib/python3.12/site-packages/airflow/example_dags/example_task_group.py
[2025-05-28T13:48:48.448+0000] {logging_mixin.py:190} INFO - [2025-05-28T13:48:48.448+0000] {dag.py:3239} INFO - Sync 1 DAGs
[2025-05-28T13:48:48.464+0000] {logging_mixin.py:190} INFO - [2025-05-28T13:48:48.464+0000] {dag.py:4180} INFO - Setting next_dagrun for example_task_group to None, run_after=None
[2025-05-28T13:48:48.492+0000] {processor.py:208} INFO - Processing /home/airflow/.local/lib/python3.12/site-packages/airflow/example_dags/example_task_group.py took 0.092 seconds
[2025-05-28T13:49:20.344+0000] {processor.py:186} INFO - Started process (PID=1665) to work on /home/airflow/.local/lib/python3.12/site-packages/airflow/example_dags/example_task_group.py
[2025-05-28T13:49:20.345+0000] {processor.py:914} INFO - Processing file /home/airflow/.local/lib/python3.12/site-packages/airflow/example_dags/example_task_group.py for tasks to queue
[2025-05-28T13:49:20.346+0000] {logging_mixin.py:190} INFO - [2025-05-28T13:49:20.346+0000] {dagbag.py:588} INFO - Filling up the DagBag from /home/airflow/.local/lib/python3.12/site-packages/airflow/example_dags/example_task_group.py
[2025-05-28T13:49:20.376+0000] {processor.py:925} INFO - DAG(s) 'example_task_group' retrieved from /home/airflow/.local/lib/python3.12/site-packages/airflow/example_dags/example_task_group.py
[2025-05-28T13:49:20.397+0000] {logging_mixin.py:190} INFO - [2025-05-28T13:49:20.397+0000] {dag.py:3239} INFO - Sync 1 DAGs
[2025-05-28T13:49:20.411+0000] {logging_mixin.py:190} INFO - [2025-05-28T13:49:20.411+0000] {dag.py:4180} INFO - Setting next_dagrun for example_task_group to None, run_after=None
[2025-05-28T13:49:20.425+0000] {processor.py:208} INFO - Processing /home/airflow/.local/lib/python3.12/site-packages/airflow/example_dags/example_task_group.py took 0.088 seconds
[2025-05-28T13:49:51.432+0000] {processor.py:186} INFO - Started process (PID=1733) to work on /home/airflow/.local/lib/python3.12/site-packages/airflow/example_dags/example_task_group.py
[2025-05-28T13:49:51.433+0000] {processor.py:914} INFO - Processing file /home/airflow/.local/lib/python3.12/site-packages/airflow/example_dags/example_task_group.py for tasks to queue
[2025-05-28T13:49:51.434+0000] {logging_mixin.py:190} INFO - [2025-05-28T13:49:51.434+0000] {dagbag.py:588} INFO - Filling up the DagBag from /home/airflow/.local/lib/python3.12/site-packages/airflow/example_dags/example_task_group.py
[2025-05-28T13:49:51.476+0000] {processor.py:925} INFO - DAG(s) 'example_task_group' retrieved from /home/airflow/.local/lib/python3.12/site-packages/airflow/example_dags/example_task_group.py
[2025-05-28T13:49:51.497+0000] {logging_mixin.py:190} INFO - [2025-05-28T13:49:51.497+0000] {dag.py:3239} INFO - Sync 1 DAGs
[2025-05-28T13:49:51.511+0000] {logging_mixin.py:190} INFO - [2025-05-28T13:49:51.510+0000] {dag.py:4180} INFO - Setting next_dagrun for example_task_group to None, run_after=None
[2025-05-28T13:49:51.525+0000] {processor.py:208} INFO - Processing /home/airflow/.local/lib/python3.12/site-packages/airflow/example_dags/example_task_group.py took 0.100 seconds
[2025-05-28T13:50:22.160+0000] {processor.py:186} INFO - Started process (PID=1797) to work on /home/airflow/.local/lib/python3.12/site-packages/airflow/example_dags/example_task_group.py
[2025-05-28T13:50:22.161+0000] {processor.py:914} INFO - Processing file /home/airflow/.local/lib/python3.12/site-packages/airflow/example_dags/example_task_group.py for tasks to queue
[2025-05-28T13:50:22.162+0000] {logging_mixin.py:190} INFO - [2025-05-28T13:50:22.162+0000] {dagbag.py:588} INFO - Filling up the DagBag from /home/airflow/.local/lib/python3.12/site-packages/airflow/example_dags/example_task_group.py
[2025-05-28T13:50:22.172+0000] {processor.py:925} INFO - DAG(s) 'example_task_group' retrieved from /home/airflow/.local/lib/python3.12/site-packages/airflow/example_dags/example_task_group.py
[2025-05-28T13:50:22.196+0000] {logging_mixin.py:190} INFO - [2025-05-28T13:50:22.196+0000] {dag.py:3239} INFO - Sync 1 DAGs
[2025-05-28T13:50:22.210+0000] {logging_mixin.py:190} INFO - [2025-05-28T13:50:22.210+0000] {dag.py:4180} INFO - Setting next_dagrun for example_task_group to None, run_after=None
[2025-05-28T13:50:22.226+0000] {processor.py:208} INFO - Processing /home/airflow/.local/lib/python3.12/site-packages/airflow/example_dags/example_task_group.py took 0.073 seconds
[2025-05-28T13:50:52.750+0000] {processor.py:186} INFO - Started process (PID=1862) to work on /home/airflow/.local/lib/python3.12/site-packages/airflow/example_dags/example_task_group.py
[2025-05-28T13:50:52.751+0000] {processor.py:914} INFO - Processing file /home/airflow/.local/lib/python3.12/site-packages/airflow/example_dags/example_task_group.py for tasks to queue
[2025-05-28T13:50:52.752+0000] {logging_mixin.py:190} INFO - [2025-05-28T13:50:52.752+0000] {dagbag.py:588} INFO - Filling up the DagBag from /home/airflow/.local/lib/python3.12/site-packages/airflow/example_dags/example_task_group.py
[2025-05-28T13:50:52.761+0000] {processor.py:925} INFO - DAG(s) 'example_task_group' retrieved from /home/airflow/.local/lib/python3.12/site-packages/airflow/example_dags/example_task_group.py
[2025-05-28T13:50:52.787+0000] {logging_mixin.py:190} INFO - [2025-05-28T13:50:52.787+0000] {dag.py:3239} INFO - Sync 1 DAGs
[2025-05-28T13:50:52.803+0000] {logging_mixin.py:190} INFO - [2025-05-28T13:50:52.802+0000] {dag.py:4180} INFO - Setting next_dagrun for example_task_group to None, run_after=None
[2025-05-28T13:50:52.820+0000] {processor.py:208} INFO - Processing /home/airflow/.local/lib/python3.12/site-packages/airflow/example_dags/example_task_group.py took 0.077 seconds
[2025-05-28T13:51:24.427+0000] {processor.py:186} INFO - Started process (PID=1933) to work on /home/airflow/.local/lib/python3.12/site-packages/airflow/example_dags/example_task_group.py
[2025-05-28T13:51:24.428+0000] {processor.py:914} INFO - Processing file /home/airflow/.local/lib/python3.12/site-packages/airflow/example_dags/example_task_group.py for tasks to queue
[2025-05-28T13:51:24.429+0000] {logging_mixin.py:190} INFO - [2025-05-28T13:51:24.429+0000] {dagbag.py:588} INFO - Filling up the DagBag from /home/airflow/.local/lib/python3.12/site-packages/airflow/example_dags/example_task_group.py
[2025-05-28T13:51:24.440+0000] {processor.py:925} INFO - DAG(s) 'example_task_group' retrieved from /home/airflow/.local/lib/python3.12/site-packages/airflow/example_dags/example_task_group.py
[2025-05-28T13:51:24.466+0000] {logging_mixin.py:190} INFO - [2025-05-28T13:51:24.466+0000] {dag.py:3239} INFO - Sync 1 DAGs
[2025-05-28T13:51:24.483+0000] {logging_mixin.py:190} INFO - [2025-05-28T13:51:24.482+0000] {dag.py:4180} INFO - Setting next_dagrun for example_task_group to None, run_after=None
[2025-05-28T13:51:24.500+0000] {processor.py:208} INFO - Processing /home/airflow/.local/lib/python3.12/site-packages/airflow/example_dags/example_task_group.py took 0.081 seconds
[2025-05-28T13:51:55.195+0000] {processor.py:186} INFO - Started process (PID=2001) to work on /home/airflow/.local/lib/python3.12/site-packages/airflow/example_dags/example_task_group.py
[2025-05-28T13:51:55.196+0000] {processor.py:914} INFO - Processing file /home/airflow/.local/lib/python3.12/site-packages/airflow/example_dags/example_task_group.py for tasks to queue
[2025-05-28T13:51:55.198+0000] {logging_mixin.py:190} INFO - [2025-05-28T13:51:55.197+0000] {dagbag.py:588} INFO - Filling up the DagBag from /home/airflow/.local/lib/python3.12/site-packages/airflow/example_dags/example_task_group.py
[2025-05-28T13:51:55.208+0000] {processor.py:925} INFO - DAG(s) 'example_task_group' retrieved from /home/airflow/.local/lib/python3.12/site-packages/airflow/example_dags/example_task_group.py
[2025-05-28T13:51:55.230+0000] {logging_mixin.py:190} INFO - [2025-05-28T13:51:55.230+0000] {dag.py:3239} INFO - Sync 1 DAGs
[2025-05-28T13:51:55.245+0000] {logging_mixin.py:190} INFO - [2025-05-28T13:51:55.244+0000] {dag.py:4180} INFO - Setting next_dagrun for example_task_group to None, run_after=None
[2025-05-28T13:51:55.261+0000] {processor.py:208} INFO - Processing /home/airflow/.local/lib/python3.12/site-packages/airflow/example_dags/example_task_group.py took 0.073 seconds
[2025-05-28T13:52:25.993+0000] {processor.py:186} INFO - Started process (PID=2066) to work on /home/airflow/.local/lib/python3.12/site-packages/airflow/example_dags/example_task_group.py
[2025-05-28T13:52:25.995+0000] {processor.py:914} INFO - Processing file /home/airflow/.local/lib/python3.12/site-packages/airflow/example_dags/example_task_group.py for tasks to queue
[2025-05-28T13:52:25.996+0000] {logging_mixin.py:190} INFO - [2025-05-28T13:52:25.995+0000] {dagbag.py:588} INFO - Filling up the DagBag from /home/airflow/.local/lib/python3.12/site-packages/airflow/example_dags/example_task_group.py
[2025-05-28T13:52:26.005+0000] {processor.py:925} INFO - DAG(s) 'example_task_group' retrieved from /home/airflow/.local/lib/python3.12/site-packages/airflow/example_dags/example_task_group.py
[2025-05-28T13:52:26.027+0000] {logging_mixin.py:190} INFO - [2025-05-28T13:52:26.027+0000] {dag.py:3239} INFO - Sync 1 DAGs
[2025-05-28T13:52:26.043+0000] {logging_mixin.py:190} INFO - [2025-05-28T13:52:26.043+0000] {dag.py:4180} INFO - Setting next_dagrun for example_task_group to None, run_after=None
[2025-05-28T13:52:26.070+0000] {processor.py:208} INFO - Processing /home/airflow/.local/lib/python3.12/site-packages/airflow/example_dags/example_task_group.py took 0.083 seconds
[2025-05-28T13:52:58.161+0000] {processor.py:186} INFO - Started process (PID=2132) to work on /home/airflow/.local/lib/python3.12/site-packages/airflow/example_dags/example_task_group.py
[2025-05-28T13:52:58.162+0000] {processor.py:914} INFO - Processing file /home/airflow/.local/lib/python3.12/site-packages/airflow/example_dags/example_task_group.py for tasks to queue
[2025-05-28T13:52:58.163+0000] {logging_mixin.py:190} INFO - [2025-05-28T13:52:58.163+0000] {dagbag.py:588} INFO - Filling up the DagBag from /home/airflow/.local/lib/python3.12/site-packages/airflow/example_dags/example_task_group.py
[2025-05-28T13:52:58.173+0000] {processor.py:925} INFO - DAG(s) 'example_task_group' retrieved from /home/airflow/.local/lib/python3.12/site-packages/airflow/example_dags/example_task_group.py
[2025-05-28T13:52:58.198+0000] {logging_mixin.py:190} INFO - [2025-05-28T13:52:58.198+0000] {dag.py:3239} INFO - Sync 1 DAGs
[2025-05-28T13:52:58.215+0000] {logging_mixin.py:190} INFO - [2025-05-28T13:52:58.215+0000] {dag.py:4180} INFO - Setting next_dagrun for example_task_group to None, run_after=None
[2025-05-28T13:52:58.233+0000] {processor.py:208} INFO - Processing /home/airflow/.local/lib/python3.12/site-packages/airflow/example_dags/example_task_group.py took 0.080 seconds
[2025-05-28T13:53:28.828+0000] {processor.py:186} INFO - Started process (PID=2197) to work on /home/airflow/.local/lib/python3.12/site-packages/airflow/example_dags/example_task_group.py
[2025-05-28T13:53:28.829+0000] {processor.py:914} INFO - Processing file /home/airflow/.local/lib/python3.12/site-packages/airflow/example_dags/example_task_group.py for tasks to queue
[2025-05-28T13:53:28.830+0000] {logging_mixin.py:190} INFO - [2025-05-28T13:53:28.829+0000] {dagbag.py:588} INFO - Filling up the DagBag from /home/airflow/.local/lib/python3.12/site-packages/airflow/example_dags/example_task_group.py
[2025-05-28T13:53:28.841+0000] {processor.py:925} INFO - DAG(s) 'example_task_group' retrieved from /home/airflow/.local/lib/python3.12/site-packages/airflow/example_dags/example_task_group.py
[2025-05-28T13:53:28.865+0000] {logging_mixin.py:190} INFO - [2025-05-28T13:53:28.864+0000] {dag.py:3239} INFO - Sync 1 DAGs
[2025-05-28T13:53:28.879+0000] {logging_mixin.py:190} INFO - [2025-05-28T13:53:28.879+0000] {dag.py:4180} INFO - Setting next_dagrun for example_task_group to None, run_after=None
[2025-05-28T13:53:28.894+0000] {processor.py:208} INFO - Processing /home/airflow/.local/lib/python3.12/site-packages/airflow/example_dags/example_task_group.py took 0.073 seconds
[2025-05-28T13:53:59.928+0000] {processor.py:186} INFO - Started process (PID=2262) to work on /home/airflow/.local/lib/python3.12/site-packages/airflow/example_dags/example_task_group.py
[2025-05-28T13:53:59.929+0000] {processor.py:914} INFO - Processing file /home/airflow/.local/lib/python3.12/site-packages/airflow/example_dags/example_task_group.py for tasks to queue
[2025-05-28T13:53:59.930+0000] {logging_mixin.py:190} INFO - [2025-05-28T13:53:59.930+0000] {dagbag.py:588} INFO - Filling up the DagBag from /home/airflow/.local/lib/python3.12/site-packages/airflow/example_dags/example_task_group.py
[2025-05-28T13:53:59.941+0000] {processor.py:925} INFO - DAG(s) 'example_task_group' retrieved from /home/airflow/.local/lib/python3.12/site-packages/airflow/example_dags/example_task_group.py
[2025-05-28T13:53:59.967+0000] {logging_mixin.py:190} INFO - [2025-05-28T13:53:59.966+0000] {dag.py:3239} INFO - Sync 1 DAGs
[2025-05-28T13:53:59.983+0000] {logging_mixin.py:190} INFO - [2025-05-28T13:53:59.983+0000] {dag.py:4180} INFO - Setting next_dagrun for example_task_group to None, run_after=None
[2025-05-28T13:54:00.003+0000] {processor.py:208} INFO - Processing /home/airflow/.local/lib/python3.12/site-packages/airflow/example_dags/example_task_group.py took 0.082 seconds
[2025-05-28T13:54:31.052+0000] {processor.py:186} INFO - Started process (PID=2327) to work on /home/airflow/.local/lib/python3.12/site-packages/airflow/example_dags/example_task_group.py
[2025-05-28T13:54:31.053+0000] {processor.py:914} INFO - Processing file /home/airflow/.local/lib/python3.12/site-packages/airflow/example_dags/example_task_group.py for tasks to queue
[2025-05-28T13:54:31.055+0000] {logging_mixin.py:190} INFO - [2025-05-28T13:54:31.054+0000] {dagbag.py:588} INFO - Filling up the DagBag from /home/airflow/.local/lib/python3.12/site-packages/airflow/example_dags/example_task_group.py
[2025-05-28T13:54:31.065+0000] {processor.py:925} INFO - DAG(s) 'example_task_group' retrieved from /home/airflow/.local/lib/python3.12/site-packages/airflow/example_dags/example_task_group.py
[2025-05-28T13:54:31.090+0000] {logging_mixin.py:190} INFO - [2025-05-28T13:54:31.089+0000] {dag.py:3239} INFO - Sync 1 DAGs
[2025-05-28T13:54:31.105+0000] {logging_mixin.py:190} INFO - [2025-05-28T13:54:31.104+0000] {dag.py:4180} INFO - Setting next_dagrun for example_task_group to None, run_after=None
[2025-05-28T13:54:31.126+0000] {processor.py:208} INFO - Processing /home/airflow/.local/lib/python3.12/site-packages/airflow/example_dags/example_task_group.py took 0.080 seconds
[2025-05-28T13:55:03.027+0000] {processor.py:186} INFO - Started process (PID=2392) to work on /home/airflow/.local/lib/python3.12/site-packages/airflow/example_dags/example_task_group.py
[2025-05-28T13:55:03.028+0000] {processor.py:914} INFO - Processing file /home/airflow/.local/lib/python3.12/site-packages/airflow/example_dags/example_task_group.py for tasks to queue
[2025-05-28T13:55:03.030+0000] {logging_mixin.py:190} INFO - [2025-05-28T13:55:03.029+0000] {dagbag.py:588} INFO - Filling up the DagBag from /home/airflow/.local/lib/python3.12/site-packages/airflow/example_dags/example_task_group.py
[2025-05-28T13:55:03.043+0000] {processor.py:925} INFO - DAG(s) 'example_task_group' retrieved from /home/airflow/.local/lib/python3.12/site-packages/airflow/example_dags/example_task_group.py
[2025-05-28T13:55:03.076+0000] {logging_mixin.py:190} INFO - [2025-05-28T13:55:03.076+0000] {dag.py:3239} INFO - Sync 1 DAGs
[2025-05-28T13:55:03.093+0000] {logging_mixin.py:190} INFO - [2025-05-28T13:55:03.093+0000] {dag.py:4180} INFO - Setting next_dagrun for example_task_group to None, run_after=None
[2025-05-28T13:55:03.113+0000] {processor.py:208} INFO - Processing /home/airflow/.local/lib/python3.12/site-packages/airflow/example_dags/example_task_group.py took 0.094 seconds
[2025-05-28T13:55:34.703+0000] {processor.py:186} INFO - Started process (PID=2457) to work on /home/airflow/.local/lib/python3.12/site-packages/airflow/example_dags/example_task_group.py
[2025-05-28T13:55:34.704+0000] {processor.py:914} INFO - Processing file /home/airflow/.local/lib/python3.12/site-packages/airflow/example_dags/example_task_group.py for tasks to queue
[2025-05-28T13:55:34.705+0000] {logging_mixin.py:190} INFO - [2025-05-28T13:55:34.705+0000] {dagbag.py:588} INFO - Filling up the DagBag from /home/airflow/.local/lib/python3.12/site-packages/airflow/example_dags/example_task_group.py
[2025-05-28T13:55:34.715+0000] {processor.py:925} INFO - DAG(s) 'example_task_group' retrieved from /home/airflow/.local/lib/python3.12/site-packages/airflow/example_dags/example_task_group.py
[2025-05-28T13:55:34.737+0000] {logging_mixin.py:190} INFO - [2025-05-28T13:55:34.737+0000] {dag.py:3239} INFO - Sync 1 DAGs
[2025-05-28T13:55:34.782+0000] {logging_mixin.py:190} INFO - [2025-05-28T13:55:34.782+0000] {dag.py:4180} INFO - Setting next_dagrun for example_task_group to None, run_after=None
[2025-05-28T13:55:34.799+0000] {processor.py:208} INFO - Processing /home/airflow/.local/lib/python3.12/site-packages/airflow/example_dags/example_task_group.py took 0.103 seconds
[2025-05-28T13:56:07.290+0000] {processor.py:186} INFO - Started process (PID=2522) to work on /home/airflow/.local/lib/python3.12/site-packages/airflow/example_dags/example_task_group.py
[2025-05-28T13:56:07.291+0000] {processor.py:914} INFO - Processing file /home/airflow/.local/lib/python3.12/site-packages/airflow/example_dags/example_task_group.py for tasks to queue
[2025-05-28T13:56:07.292+0000] {logging_mixin.py:190} INFO - [2025-05-28T13:56:07.292+0000] {dagbag.py:588} INFO - Filling up the DagBag from /home/airflow/.local/lib/python3.12/site-packages/airflow/example_dags/example_task_group.py
[2025-05-28T13:56:07.304+0000] {processor.py:925} INFO - DAG(s) 'example_task_group' retrieved from /home/airflow/.local/lib/python3.12/site-packages/airflow/example_dags/example_task_group.py
[2025-05-28T13:56:07.330+0000] {logging_mixin.py:190} INFO - [2025-05-28T13:56:07.329+0000] {dag.py:3239} INFO - Sync 1 DAGs
[2025-05-28T13:56:07.346+0000] {logging_mixin.py:190} INFO - [2025-05-28T13:56:07.346+0000] {dag.py:4180} INFO - Setting next_dagrun for example_task_group to None, run_after=None
[2025-05-28T13:56:07.368+0000] {processor.py:208} INFO - Processing /home/airflow/.local/lib/python3.12/site-packages/airflow/example_dags/example_task_group.py took 0.085 seconds
[2025-05-28T13:56:38.275+0000] {processor.py:186} INFO - Started process (PID=2587) to work on /home/airflow/.local/lib/python3.12/site-packages/airflow/example_dags/example_task_group.py
[2025-05-28T13:56:38.276+0000] {processor.py:914} INFO - Processing file /home/airflow/.local/lib/python3.12/site-packages/airflow/example_dags/example_task_group.py for tasks to queue
[2025-05-28T13:56:38.277+0000] {logging_mixin.py:190} INFO - [2025-05-28T13:56:38.276+0000] {dagbag.py:588} INFO - Filling up the DagBag from /home/airflow/.local/lib/python3.12/site-packages/airflow/example_dags/example_task_group.py
[2025-05-28T13:56:38.287+0000] {processor.py:925} INFO - DAG(s) 'example_task_group' retrieved from /home/airflow/.local/lib/python3.12/site-packages/airflow/example_dags/example_task_group.py
[2025-05-28T13:56:38.312+0000] {logging_mixin.py:190} INFO - [2025-05-28T13:56:38.312+0000] {dag.py:3239} INFO - Sync 1 DAGs
[2025-05-28T13:56:38.328+0000] {logging_mixin.py:190} INFO - [2025-05-28T13:56:38.328+0000] {dag.py:4180} INFO - Setting next_dagrun for example_task_group to None, run_after=None
[2025-05-28T13:56:38.344+0000] {processor.py:208} INFO - Processing /home/airflow/.local/lib/python3.12/site-packages/airflow/example_dags/example_task_group.py took 0.104 seconds
[2025-05-28T13:57:09.011+0000] {processor.py:186} INFO - Started process (PID=2651) to work on /home/airflow/.local/lib/python3.12/site-packages/airflow/example_dags/example_task_group.py
[2025-05-28T13:57:09.012+0000] {processor.py:914} INFO - Processing file /home/airflow/.local/lib/python3.12/site-packages/airflow/example_dags/example_task_group.py for tasks to queue
[2025-05-28T13:57:09.013+0000] {logging_mixin.py:190} INFO - [2025-05-28T13:57:09.013+0000] {dagbag.py:588} INFO - Filling up the DagBag from /home/airflow/.local/lib/python3.12/site-packages/airflow/example_dags/example_task_group.py
[2025-05-28T13:57:09.022+0000] {processor.py:925} INFO - DAG(s) 'example_task_group' retrieved from /home/airflow/.local/lib/python3.12/site-packages/airflow/example_dags/example_task_group.py
[2025-05-28T13:57:09.043+0000] {logging_mixin.py:190} INFO - [2025-05-28T13:57:09.043+0000] {dag.py:3239} INFO - Sync 1 DAGs
[2025-05-28T13:57:09.058+0000] {logging_mixin.py:190} INFO - [2025-05-28T13:57:09.057+0000] {dag.py:4180} INFO - Setting next_dagrun for example_task_group to None, run_after=None
[2025-05-28T13:57:09.076+0000] {processor.py:208} INFO - Processing /home/airflow/.local/lib/python3.12/site-packages/airflow/example_dags/example_task_group.py took 0.072 seconds
[2025-05-28T13:57:41.550+0000] {processor.py:186} INFO - Started process (PID=2721) to work on /home/airflow/.local/lib/python3.12/site-packages/airflow/example_dags/example_task_group.py
[2025-05-28T13:57:41.551+0000] {processor.py:914} INFO - Processing file /home/airflow/.local/lib/python3.12/site-packages/airflow/example_dags/example_task_group.py for tasks to queue
[2025-05-28T13:57:41.552+0000] {logging_mixin.py:190} INFO - [2025-05-28T13:57:41.551+0000] {dagbag.py:588} INFO - Filling up the DagBag from /home/airflow/.local/lib/python3.12/site-packages/airflow/example_dags/example_task_group.py
[2025-05-28T13:57:41.561+0000] {processor.py:925} INFO - DAG(s) 'example_task_group' retrieved from /home/airflow/.local/lib/python3.12/site-packages/airflow/example_dags/example_task_group.py
[2025-05-28T13:57:41.583+0000] {logging_mixin.py:190} INFO - [2025-05-28T13:57:41.583+0000] {dag.py:3239} INFO - Sync 1 DAGs
[2025-05-28T13:57:41.596+0000] {logging_mixin.py:190} INFO - [2025-05-28T13:57:41.596+0000] {dag.py:4180} INFO - Setting next_dagrun for example_task_group to None, run_after=None
[2025-05-28T13:57:41.611+0000] {processor.py:208} INFO - Processing /home/airflow/.local/lib/python3.12/site-packages/airflow/example_dags/example_task_group.py took 0.068 seconds
[2025-05-28T13:58:13.023+0000] {processor.py:186} INFO - Started process (PID=2786) to work on /home/airflow/.local/lib/python3.12/site-packages/airflow/example_dags/example_task_group.py
[2025-05-28T13:58:13.024+0000] {processor.py:914} INFO - Processing file /home/airflow/.local/lib/python3.12/site-packages/airflow/example_dags/example_task_group.py for tasks to queue
[2025-05-28T13:58:13.026+0000] {logging_mixin.py:190} INFO - [2025-05-28T13:58:13.025+0000] {dagbag.py:588} INFO - Filling up the DagBag from /home/airflow/.local/lib/python3.12/site-packages/airflow/example_dags/example_task_group.py
[2025-05-28T13:58:13.036+0000] {processor.py:925} INFO - DAG(s) 'example_task_group' retrieved from /home/airflow/.local/lib/python3.12/site-packages/airflow/example_dags/example_task_group.py
[2025-05-28T13:58:13.058+0000] {logging_mixin.py:190} INFO - [2025-05-28T13:58:13.058+0000] {dag.py:3239} INFO - Sync 1 DAGs
[2025-05-28T13:58:13.073+0000] {logging_mixin.py:190} INFO - [2025-05-28T13:58:13.073+0000] {dag.py:4180} INFO - Setting next_dagrun for example_task_group to None, run_after=None
[2025-05-28T13:58:13.090+0000] {processor.py:208} INFO - Processing /home/airflow/.local/lib/python3.12/site-packages/airflow/example_dags/example_task_group.py took 0.073 seconds
[2025-05-28T13:58:44.320+0000] {processor.py:186} INFO - Started process (PID=2851) to work on /home/airflow/.local/lib/python3.12/site-packages/airflow/example_dags/example_task_group.py
[2025-05-28T13:58:44.321+0000] {processor.py:914} INFO - Processing file /home/airflow/.local/lib/python3.12/site-packages/airflow/example_dags/example_task_group.py for tasks to queue
[2025-05-28T13:58:44.322+0000] {logging_mixin.py:190} INFO - [2025-05-28T13:58:44.322+0000] {dagbag.py:588} INFO - Filling up the DagBag from /home/airflow/.local/lib/python3.12/site-packages/airflow/example_dags/example_task_group.py
[2025-05-28T13:58:44.332+0000] {processor.py:925} INFO - DAG(s) 'example_task_group' retrieved from /home/airflow/.local/lib/python3.12/site-packages/airflow/example_dags/example_task_group.py
[2025-05-28T13:58:44.357+0000] {logging_mixin.py:190} INFO - [2025-05-28T13:58:44.357+0000] {dag.py:3239} INFO - Sync 1 DAGs
[2025-05-28T13:58:44.385+0000] {logging_mixin.py:190} INFO - [2025-05-28T13:58:44.385+0000] {dag.py:4180} INFO - Setting next_dagrun for example_task_group to None, run_after=None
[2025-05-28T13:58:44.401+0000] {processor.py:208} INFO - Processing /home/airflow/.local/lib/python3.12/site-packages/airflow/example_dags/example_task_group.py took 0.087 seconds
[2025-05-28T13:59:16.417+0000] {processor.py:186} INFO - Started process (PID=2916) to work on /home/airflow/.local/lib/python3.12/site-packages/airflow/example_dags/example_task_group.py
[2025-05-28T13:59:16.418+0000] {processor.py:914} INFO - Processing file /home/airflow/.local/lib/python3.12/site-packages/airflow/example_dags/example_task_group.py for tasks to queue
[2025-05-28T13:59:16.420+0000] {logging_mixin.py:190} INFO - [2025-05-28T13:59:16.419+0000] {dagbag.py:588} INFO - Filling up the DagBag from /home/airflow/.local/lib/python3.12/site-packages/airflow/example_dags/example_task_group.py
[2025-05-28T13:59:16.431+0000] {processor.py:925} INFO - DAG(s) 'example_task_group' retrieved from /home/airflow/.local/lib/python3.12/site-packages/airflow/example_dags/example_task_group.py
[2025-05-28T13:59:16.456+0000] {logging_mixin.py:190} INFO - [2025-05-28T13:59:16.456+0000] {dag.py:3239} INFO - Sync 1 DAGs
[2025-05-28T13:59:16.473+0000] {logging_mixin.py:190} INFO - [2025-05-28T13:59:16.473+0000] {dag.py:4180} INFO - Setting next_dagrun for example_task_group to None, run_after=None
[2025-05-28T13:59:16.504+0000] {processor.py:208} INFO - Processing /home/airflow/.local/lib/python3.12/site-packages/airflow/example_dags/example_task_group.py took 0.095 seconds
[2025-05-28T13:59:48.550+0000] {processor.py:186} INFO - Started process (PID=2981) to work on /home/airflow/.local/lib/python3.12/site-packages/airflow/example_dags/example_task_group.py
[2025-05-28T13:59:48.552+0000] {processor.py:914} INFO - Processing file /home/airflow/.local/lib/python3.12/site-packages/airflow/example_dags/example_task_group.py for tasks to queue
[2025-05-28T13:59:48.555+0000] {logging_mixin.py:190} INFO - [2025-05-28T13:59:48.554+0000] {dagbag.py:588} INFO - Filling up the DagBag from /home/airflow/.local/lib/python3.12/site-packages/airflow/example_dags/example_task_group.py
[2025-05-28T13:59:48.579+0000] {processor.py:925} INFO - DAG(s) 'example_task_group' retrieved from /home/airflow/.local/lib/python3.12/site-packages/airflow/example_dags/example_task_group.py
[2025-05-28T13:59:48.617+0000] {logging_mixin.py:190} INFO - [2025-05-28T13:59:48.617+0000] {dag.py:3239} INFO - Sync 1 DAGs
[2025-05-28T13:59:48.646+0000] {logging_mixin.py:190} INFO - [2025-05-28T13:59:48.645+0000] {dag.py:4180} INFO - Setting next_dagrun for example_task_group to None, run_after=None
[2025-05-28T13:59:48.689+0000] {processor.py:208} INFO - Processing /home/airflow/.local/lib/python3.12/site-packages/airflow/example_dags/example_task_group.py took 0.151 seconds
[2025-05-28T14:00:19.897+0000] {processor.py:186} INFO - Started process (PID=3048) to work on /home/airflow/.local/lib/python3.12/site-packages/airflow/example_dags/example_task_group.py
[2025-05-28T14:00:19.898+0000] {processor.py:914} INFO - Processing file /home/airflow/.local/lib/python3.12/site-packages/airflow/example_dags/example_task_group.py for tasks to queue
[2025-05-28T14:00:19.899+0000] {logging_mixin.py:190} INFO - [2025-05-28T14:00:19.899+0000] {dagbag.py:588} INFO - Filling up the DagBag from /home/airflow/.local/lib/python3.12/site-packages/airflow/example_dags/example_task_group.py
[2025-05-28T14:00:19.909+0000] {processor.py:925} INFO - DAG(s) 'example_task_group' retrieved from /home/airflow/.local/lib/python3.12/site-packages/airflow/example_dags/example_task_group.py
[2025-05-28T14:00:19.935+0000] {logging_mixin.py:190} INFO - [2025-05-28T14:00:19.935+0000] {dag.py:3239} INFO - Sync 1 DAGs
[2025-05-28T14:00:19.955+0000] {logging_mixin.py:190} INFO - [2025-05-28T14:00:19.954+0000] {dag.py:4180} INFO - Setting next_dagrun for example_task_group to None, run_after=None
[2025-05-28T14:00:19.981+0000] {processor.py:208} INFO - Processing /home/airflow/.local/lib/python3.12/site-packages/airflow/example_dags/example_task_group.py took 0.091 seconds
[2025-05-28T14:00:51.592+0000] {processor.py:186} INFO - Started process (PID=3123) to work on /home/airflow/.local/lib/python3.12/site-packages/airflow/example_dags/example_task_group.py
[2025-05-28T14:00:51.594+0000] {processor.py:914} INFO - Processing file /home/airflow/.local/lib/python3.12/site-packages/airflow/example_dags/example_task_group.py for tasks to queue
[2025-05-28T14:00:51.597+0000] {logging_mixin.py:190} INFO - [2025-05-28T14:00:51.596+0000] {dagbag.py:588} INFO - Filling up the DagBag from /home/airflow/.local/lib/python3.12/site-packages/airflow/example_dags/example_task_group.py
[2025-05-28T14:00:51.612+0000] {processor.py:925} INFO - DAG(s) 'example_task_group' retrieved from /home/airflow/.local/lib/python3.12/site-packages/airflow/example_dags/example_task_group.py
[2025-05-28T14:00:51.640+0000] {logging_mixin.py:190} INFO - [2025-05-28T14:00:51.640+0000] {dag.py:3239} INFO - Sync 1 DAGs
[2025-05-28T14:00:51.660+0000] {logging_mixin.py:190} INFO - [2025-05-28T14:00:51.659+0000] {dag.py:4180} INFO - Setting next_dagrun for example_task_group to None, run_after=None
[2025-05-28T14:00:51.688+0000] {processor.py:208} INFO - Processing /home/airflow/.local/lib/python3.12/site-packages/airflow/example_dags/example_task_group.py took 0.103 seconds
[2025-05-28T14:01:22.701+0000] {processor.py:186} INFO - Started process (PID=3188) to work on /home/airflow/.local/lib/python3.12/site-packages/airflow/example_dags/example_task_group.py
[2025-05-28T14:01:22.702+0000] {processor.py:914} INFO - Processing file /home/airflow/.local/lib/python3.12/site-packages/airflow/example_dags/example_task_group.py for tasks to queue
[2025-05-28T14:01:22.704+0000] {logging_mixin.py:190} INFO - [2025-05-28T14:01:22.703+0000] {dagbag.py:588} INFO - Filling up the DagBag from /home/airflow/.local/lib/python3.12/site-packages/airflow/example_dags/example_task_group.py
[2025-05-28T14:01:22.714+0000] {processor.py:925} INFO - DAG(s) 'example_task_group' retrieved from /home/airflow/.local/lib/python3.12/site-packages/airflow/example_dags/example_task_group.py
[2025-05-28T14:01:22.747+0000] {logging_mixin.py:190} INFO - [2025-05-28T14:01:22.747+0000] {dag.py:3239} INFO - Sync 1 DAGs
[2025-05-28T14:01:22.779+0000] {logging_mixin.py:190} INFO - [2025-05-28T14:01:22.779+0000] {dag.py:4180} INFO - Setting next_dagrun for example_task_group to None, run_after=None
[2025-05-28T14:01:22.808+0000] {processor.py:208} INFO - Processing /home/airflow/.local/lib/python3.12/site-packages/airflow/example_dags/example_task_group.py took 0.114 seconds
[2025-05-28T14:01:55.349+0000] {processor.py:186} INFO - Started process (PID=3253) to work on /home/airflow/.local/lib/python3.12/site-packages/airflow/example_dags/example_task_group.py
[2025-05-28T14:01:55.351+0000] {processor.py:914} INFO - Processing file /home/airflow/.local/lib/python3.12/site-packages/airflow/example_dags/example_task_group.py for tasks to queue
[2025-05-28T14:01:55.352+0000] {logging_mixin.py:190} INFO - [2025-05-28T14:01:55.352+0000] {dagbag.py:588} INFO - Filling up the DagBag from /home/airflow/.local/lib/python3.12/site-packages/airflow/example_dags/example_task_group.py
[2025-05-28T14:01:55.365+0000] {processor.py:925} INFO - DAG(s) 'example_task_group' retrieved from /home/airflow/.local/lib/python3.12/site-packages/airflow/example_dags/example_task_group.py
[2025-05-28T14:01:55.405+0000] {logging_mixin.py:190} INFO - [2025-05-28T14:01:55.404+0000] {dag.py:3239} INFO - Sync 1 DAGs
[2025-05-28T14:01:55.431+0000] {logging_mixin.py:190} INFO - [2025-05-28T14:01:55.431+0000] {dag.py:4180} INFO - Setting next_dagrun for example_task_group to None, run_after=None
[2025-05-28T14:01:55.464+0000] {processor.py:208} INFO - Processing /home/airflow/.local/lib/python3.12/site-packages/airflow/example_dags/example_task_group.py took 0.123 seconds
[2025-05-28T14:02:27.334+0000] {processor.py:186} INFO - Started process (PID=3319) to work on /home/airflow/.local/lib/python3.12/site-packages/airflow/example_dags/example_task_group.py
[2025-05-28T14:02:27.335+0000] {processor.py:914} INFO - Processing file /home/airflow/.local/lib/python3.12/site-packages/airflow/example_dags/example_task_group.py for tasks to queue
[2025-05-28T14:02:27.337+0000] {logging_mixin.py:190} INFO - [2025-05-28T14:02:27.336+0000] {dagbag.py:588} INFO - Filling up the DagBag from /home/airflow/.local/lib/python3.12/site-packages/airflow/example_dags/example_task_group.py
[2025-05-28T14:02:27.350+0000] {processor.py:925} INFO - DAG(s) 'example_task_group' retrieved from /home/airflow/.local/lib/python3.12/site-packages/airflow/example_dags/example_task_group.py
[2025-05-28T14:02:27.390+0000] {logging_mixin.py:190} INFO - [2025-05-28T14:02:27.390+0000] {dag.py:3239} INFO - Sync 1 DAGs
[2025-05-28T14:02:27.416+0000] {logging_mixin.py:190} INFO - [2025-05-28T14:02:27.415+0000] {dag.py:4180} INFO - Setting next_dagrun for example_task_group to None, run_after=None
[2025-05-28T14:02:27.455+0000] {processor.py:208} INFO - Processing /home/airflow/.local/lib/python3.12/site-packages/airflow/example_dags/example_task_group.py took 0.130 seconds
[2025-05-28T14:02:59.871+0000] {processor.py:186} INFO - Started process (PID=3385) to work on /home/airflow/.local/lib/python3.12/site-packages/airflow/example_dags/example_task_group.py
[2025-05-28T14:02:59.872+0000] {processor.py:914} INFO - Processing file /home/airflow/.local/lib/python3.12/site-packages/airflow/example_dags/example_task_group.py for tasks to queue
[2025-05-28T14:02:59.874+0000] {logging_mixin.py:190} INFO - [2025-05-28T14:02:59.874+0000] {dagbag.py:588} INFO - Filling up the DagBag from /home/airflow/.local/lib/python3.12/site-packages/airflow/example_dags/example_task_group.py
[2025-05-28T14:02:59.887+0000] {processor.py:925} INFO - DAG(s) 'example_task_group' retrieved from /home/airflow/.local/lib/python3.12/site-packages/airflow/example_dags/example_task_group.py
[2025-05-28T14:02:59.919+0000] {logging_mixin.py:190} INFO - [2025-05-28T14:02:59.919+0000] {dag.py:3239} INFO - Sync 1 DAGs
[2025-05-28T14:02:59.944+0000] {logging_mixin.py:190} INFO - [2025-05-28T14:02:59.943+0000] {dag.py:4180} INFO - Setting next_dagrun for example_task_group to None, run_after=None
[2025-05-28T14:02:59.974+0000] {processor.py:208} INFO - Processing /home/airflow/.local/lib/python3.12/site-packages/airflow/example_dags/example_task_group.py took 0.111 seconds
[2025-05-28T14:03:30.742+0000] {processor.py:186} INFO - Started process (PID=3450) to work on /home/airflow/.local/lib/python3.12/site-packages/airflow/example_dags/example_task_group.py
[2025-05-28T14:03:30.744+0000] {processor.py:914} INFO - Processing file /home/airflow/.local/lib/python3.12/site-packages/airflow/example_dags/example_task_group.py for tasks to queue
[2025-05-28T14:03:30.745+0000] {logging_mixin.py:190} INFO - [2025-05-28T14:03:30.745+0000] {dagbag.py:588} INFO - Filling up the DagBag from /home/airflow/.local/lib/python3.12/site-packages/airflow/example_dags/example_task_group.py
[2025-05-28T14:03:30.757+0000] {processor.py:925} INFO - DAG(s) 'example_task_group' retrieved from /home/airflow/.local/lib/python3.12/site-packages/airflow/example_dags/example_task_group.py
[2025-05-28T14:03:30.791+0000] {logging_mixin.py:190} INFO - [2025-05-28T14:03:30.790+0000] {dag.py:3239} INFO - Sync 1 DAGs
[2025-05-28T14:03:30.814+0000] {logging_mixin.py:190} INFO - [2025-05-28T14:03:30.814+0000] {dag.py:4180} INFO - Setting next_dagrun for example_task_group to None, run_after=None
[2025-05-28T14:03:30.845+0000] {processor.py:208} INFO - Processing /home/airflow/.local/lib/python3.12/site-packages/airflow/example_dags/example_task_group.py took 0.111 seconds
[2025-05-28T14:04:01.763+0000] {processor.py:186} INFO - Started process (PID=3515) to work on /home/airflow/.local/lib/python3.12/site-packages/airflow/example_dags/example_task_group.py
[2025-05-28T14:04:01.765+0000] {processor.py:914} INFO - Processing file /home/airflow/.local/lib/python3.12/site-packages/airflow/example_dags/example_task_group.py for tasks to queue
[2025-05-28T14:04:01.767+0000] {logging_mixin.py:190} INFO - [2025-05-28T14:04:01.766+0000] {dagbag.py:588} INFO - Filling up the DagBag from /home/airflow/.local/lib/python3.12/site-packages/airflow/example_dags/example_task_group.py
[2025-05-28T14:04:01.782+0000] {processor.py:925} INFO - DAG(s) 'example_task_group' retrieved from /home/airflow/.local/lib/python3.12/site-packages/airflow/example_dags/example_task_group.py
[2025-05-28T14:04:01.810+0000] {logging_mixin.py:190} INFO - [2025-05-28T14:04:01.810+0000] {dag.py:3239} INFO - Sync 1 DAGs
[2025-05-28T14:04:01.827+0000] {logging_mixin.py:190} INFO - [2025-05-28T14:04:01.827+0000] {dag.py:4180} INFO - Setting next_dagrun for example_task_group to None, run_after=None
[2025-05-28T14:04:01.846+0000] {processor.py:208} INFO - Processing /home/airflow/.local/lib/python3.12/site-packages/airflow/example_dags/example_task_group.py took 0.092 seconds
[2025-05-28T14:04:32.729+0000] {processor.py:186} INFO - Started process (PID=3579) to work on /home/airflow/.local/lib/python3.12/site-packages/airflow/example_dags/example_task_group.py
[2025-05-28T14:04:32.731+0000] {processor.py:914} INFO - Processing file /home/airflow/.local/lib/python3.12/site-packages/airflow/example_dags/example_task_group.py for tasks to queue
[2025-05-28T14:04:32.732+0000] {logging_mixin.py:190} INFO - [2025-05-28T14:04:32.732+0000] {dagbag.py:588} INFO - Filling up the DagBag from /home/airflow/.local/lib/python3.12/site-packages/airflow/example_dags/example_task_group.py
[2025-05-28T14:04:32.743+0000] {processor.py:925} INFO - DAG(s) 'example_task_group' retrieved from /home/airflow/.local/lib/python3.12/site-packages/airflow/example_dags/example_task_group.py
[2025-05-28T14:04:32.791+0000] {logging_mixin.py:190} INFO - [2025-05-28T14:04:32.790+0000] {dag.py:3239} INFO - Sync 1 DAGs
[2025-05-28T14:04:32.811+0000] {logging_mixin.py:190} INFO - [2025-05-28T14:04:32.811+0000] {dag.py:4180} INFO - Setting next_dagrun for example_task_group to None, run_after=None
[2025-05-28T14:04:32.843+0000] {processor.py:208} INFO - Processing /home/airflow/.local/lib/python3.12/site-packages/airflow/example_dags/example_task_group.py took 0.122 seconds
[2025-05-28T14:05:04.707+0000] {processor.py:186} INFO - Started process (PID=3644) to work on /home/airflow/.local/lib/python3.12/site-packages/airflow/example_dags/example_task_group.py
[2025-05-28T14:05:04.709+0000] {processor.py:914} INFO - Processing file /home/airflow/.local/lib/python3.12/site-packages/airflow/example_dags/example_task_group.py for tasks to queue
[2025-05-28T14:05:04.711+0000] {logging_mixin.py:190} INFO - [2025-05-28T14:05:04.710+0000] {dagbag.py:588} INFO - Filling up the DagBag from /home/airflow/.local/lib/python3.12/site-packages/airflow/example_dags/example_task_group.py
[2025-05-28T14:05:04.722+0000] {processor.py:925} INFO - DAG(s) 'example_task_group' retrieved from /home/airflow/.local/lib/python3.12/site-packages/airflow/example_dags/example_task_group.py
[2025-05-28T14:05:04.750+0000] {logging_mixin.py:190} INFO - [2025-05-28T14:05:04.750+0000] {dag.py:3239} INFO - Sync 1 DAGs
[2025-05-28T14:05:04.767+0000] {logging_mixin.py:190} INFO - [2025-05-28T14:05:04.767+0000] {dag.py:4180} INFO - Setting next_dagrun for example_task_group to None, run_after=None
[2025-05-28T14:05:04.793+0000] {processor.py:208} INFO - Processing /home/airflow/.local/lib/python3.12/site-packages/airflow/example_dags/example_task_group.py took 0.093 seconds
[2025-05-28T14:05:36.945+0000] {processor.py:186} INFO - Started process (PID=3709) to work on /home/airflow/.local/lib/python3.12/site-packages/airflow/example_dags/example_task_group.py
[2025-05-28T14:05:36.947+0000] {processor.py:914} INFO - Processing file /home/airflow/.local/lib/python3.12/site-packages/airflow/example_dags/example_task_group.py for tasks to queue
[2025-05-28T14:05:36.949+0000] {logging_mixin.py:190} INFO - [2025-05-28T14:05:36.948+0000] {dagbag.py:588} INFO - Filling up the DagBag from /home/airflow/.local/lib/python3.12/site-packages/airflow/example_dags/example_task_group.py
[2025-05-28T14:05:36.963+0000] {processor.py:925} INFO - DAG(s) 'example_task_group' retrieved from /home/airflow/.local/lib/python3.12/site-packages/airflow/example_dags/example_task_group.py
[2025-05-28T14:05:36.998+0000] {logging_mixin.py:190} INFO - [2025-05-28T14:05:36.997+0000] {dag.py:3239} INFO - Sync 1 DAGs
[2025-05-28T14:05:37.016+0000] {logging_mixin.py:190} INFO - [2025-05-28T14:05:37.016+0000] {dag.py:4180} INFO - Setting next_dagrun for example_task_group to None, run_after=None
[2025-05-28T14:05:37.045+0000] {processor.py:208} INFO - Processing /home/airflow/.local/lib/python3.12/site-packages/airflow/example_dags/example_task_group.py took 0.109 seconds
[2025-05-28T14:06:08.315+0000] {processor.py:186} INFO - Started process (PID=3774) to work on /home/airflow/.local/lib/python3.12/site-packages/airflow/example_dags/example_task_group.py
[2025-05-28T14:06:08.316+0000] {processor.py:914} INFO - Processing file /home/airflow/.local/lib/python3.12/site-packages/airflow/example_dags/example_task_group.py for tasks to queue
[2025-05-28T14:06:08.317+0000] {logging_mixin.py:190} INFO - [2025-05-28T14:06:08.317+0000] {dagbag.py:588} INFO - Filling up the DagBag from /home/airflow/.local/lib/python3.12/site-packages/airflow/example_dags/example_task_group.py
[2025-05-28T14:06:08.329+0000] {processor.py:925} INFO - DAG(s) 'example_task_group' retrieved from /home/airflow/.local/lib/python3.12/site-packages/airflow/example_dags/example_task_group.py
[2025-05-28T14:06:08.360+0000] {logging_mixin.py:190} INFO - [2025-05-28T14:06:08.360+0000] {dag.py:3239} INFO - Sync 1 DAGs
[2025-05-28T14:06:08.383+0000] {logging_mixin.py:190} INFO - [2025-05-28T14:06:08.382+0000] {dag.py:4180} INFO - Setting next_dagrun for example_task_group to None, run_after=None
[2025-05-28T14:06:08.413+0000] {processor.py:208} INFO - Processing /home/airflow/.local/lib/python3.12/site-packages/airflow/example_dags/example_task_group.py took 0.106 seconds
[2025-05-28T14:06:39.659+0000] {processor.py:186} INFO - Started process (PID=3839) to work on /home/airflow/.local/lib/python3.12/site-packages/airflow/example_dags/example_task_group.py
[2025-05-28T14:06:39.660+0000] {processor.py:914} INFO - Processing file /home/airflow/.local/lib/python3.12/site-packages/airflow/example_dags/example_task_group.py for tasks to queue
[2025-05-28T14:06:39.662+0000] {logging_mixin.py:190} INFO - [2025-05-28T14:06:39.661+0000] {dagbag.py:588} INFO - Filling up the DagBag from /home/airflow/.local/lib/python3.12/site-packages/airflow/example_dags/example_task_group.py
[2025-05-28T14:06:39.673+0000] {processor.py:925} INFO - DAG(s) 'example_task_group' retrieved from /home/airflow/.local/lib/python3.12/site-packages/airflow/example_dags/example_task_group.py
[2025-05-28T14:06:39.707+0000] {logging_mixin.py:190} INFO - [2025-05-28T14:06:39.706+0000] {dag.py:3239} INFO - Sync 1 DAGs
[2025-05-28T14:06:39.729+0000] {logging_mixin.py:190} INFO - [2025-05-28T14:06:39.729+0000] {dag.py:4180} INFO - Setting next_dagrun for example_task_group to None, run_after=None
[2025-05-28T14:06:39.756+0000] {processor.py:208} INFO - Processing /home/airflow/.local/lib/python3.12/site-packages/airflow/example_dags/example_task_group.py took 0.108 seconds
[2025-05-28T14:07:12.056+0000] {processor.py:186} INFO - Started process (PID=3904) to work on /home/airflow/.local/lib/python3.12/site-packages/airflow/example_dags/example_task_group.py
[2025-05-28T14:07:12.057+0000] {processor.py:914} INFO - Processing file /home/airflow/.local/lib/python3.12/site-packages/airflow/example_dags/example_task_group.py for tasks to queue
[2025-05-28T14:07:12.059+0000] {logging_mixin.py:190} INFO - [2025-05-28T14:07:12.058+0000] {dagbag.py:588} INFO - Filling up the DagBag from /home/airflow/.local/lib/python3.12/site-packages/airflow/example_dags/example_task_group.py
[2025-05-28T14:07:12.071+0000] {processor.py:925} INFO - DAG(s) 'example_task_group' retrieved from /home/airflow/.local/lib/python3.12/site-packages/airflow/example_dags/example_task_group.py
[2025-05-28T14:07:12.109+0000] {logging_mixin.py:190} INFO - [2025-05-28T14:07:12.108+0000] {dag.py:3239} INFO - Sync 1 DAGs
[2025-05-28T14:07:12.135+0000] {logging_mixin.py:190} INFO - [2025-05-28T14:07:12.134+0000] {dag.py:4180} INFO - Setting next_dagrun for example_task_group to None, run_after=None
[2025-05-28T14:07:12.163+0000] {processor.py:208} INFO - Processing /home/airflow/.local/lib/python3.12/site-packages/airflow/example_dags/example_task_group.py took 0.115 seconds
[2025-05-28T14:07:46.981+0000] {processor.py:186} INFO - Started process (PID=3969) to work on /home/airflow/.local/lib/python3.12/site-packages/airflow/example_dags/example_task_group.py
[2025-05-28T14:07:46.982+0000] {processor.py:914} INFO - Processing file /home/airflow/.local/lib/python3.12/site-packages/airflow/example_dags/example_task_group.py for tasks to queue
[2025-05-28T14:07:46.984+0000] {logging_mixin.py:190} INFO - [2025-05-28T14:07:46.983+0000] {dagbag.py:588} INFO - Filling up the DagBag from /home/airflow/.local/lib/python3.12/site-packages/airflow/example_dags/example_task_group.py
[2025-05-28T14:07:46.996+0000] {processor.py:925} INFO - DAG(s) 'example_task_group' retrieved from /home/airflow/.local/lib/python3.12/site-packages/airflow/example_dags/example_task_group.py
[2025-05-28T14:07:47.029+0000] {logging_mixin.py:190} INFO - [2025-05-28T14:07:47.028+0000] {dag.py:3239} INFO - Sync 1 DAGs
[2025-05-28T14:07:47.051+0000] {logging_mixin.py:190} INFO - [2025-05-28T14:07:47.051+0000] {dag.py:4180} INFO - Setting next_dagrun for example_task_group to None, run_after=None
[2025-05-28T14:07:47.551+0000] {processor.py:208} INFO - Processing /home/airflow/.local/lib/python3.12/site-packages/airflow/example_dags/example_task_group.py took 0.578 seconds
[2025-05-28T14:08:17.914+0000] {processor.py:186} INFO - Started process (PID=4034) to work on /home/airflow/.local/lib/python3.12/site-packages/airflow/example_dags/example_task_group.py
[2025-05-28T14:08:17.916+0000] {processor.py:914} INFO - Processing file /home/airflow/.local/lib/python3.12/site-packages/airflow/example_dags/example_task_group.py for tasks to queue
[2025-05-28T14:08:17.918+0000] {logging_mixin.py:190} INFO - [2025-05-28T14:08:17.917+0000] {dagbag.py:588} INFO - Filling up the DagBag from /home/airflow/.local/lib/python3.12/site-packages/airflow/example_dags/example_task_group.py
[2025-05-28T14:08:17.931+0000] {processor.py:925} INFO - DAG(s) 'example_task_group' retrieved from /home/airflow/.local/lib/python3.12/site-packages/airflow/example_dags/example_task_group.py
[2025-05-28T14:08:17.985+0000] {logging_mixin.py:190} INFO - [2025-05-28T14:08:17.984+0000] {dag.py:3239} INFO - Sync 1 DAGs
[2025-05-28T14:08:18.015+0000] {logging_mixin.py:190} INFO - [2025-05-28T14:08:18.014+0000] {dag.py:4180} INFO - Setting next_dagrun for example_task_group to None, run_after=None
[2025-05-28T14:08:18.412+0000] {processor.py:208} INFO - Processing /home/airflow/.local/lib/python3.12/site-packages/airflow/example_dags/example_task_group.py took 0.508 seconds
[2025-05-28T14:08:49.184+0000] {processor.py:186} INFO - Started process (PID=4098) to work on /home/airflow/.local/lib/python3.12/site-packages/airflow/example_dags/example_task_group.py
[2025-05-28T14:08:49.185+0000] {processor.py:914} INFO - Processing file /home/airflow/.local/lib/python3.12/site-packages/airflow/example_dags/example_task_group.py for tasks to queue
[2025-05-28T14:08:49.187+0000] {logging_mixin.py:190} INFO - [2025-05-28T14:08:49.186+0000] {dagbag.py:588} INFO - Filling up the DagBag from /home/airflow/.local/lib/python3.12/site-packages/airflow/example_dags/example_task_group.py
[2025-05-28T14:08:49.203+0000] {processor.py:925} INFO - DAG(s) 'example_task_group' retrieved from /home/airflow/.local/lib/python3.12/site-packages/airflow/example_dags/example_task_group.py
[2025-05-28T14:08:49.243+0000] {logging_mixin.py:190} INFO - [2025-05-28T14:08:49.242+0000] {dag.py:3239} INFO - Sync 1 DAGs
[2025-05-28T14:08:49.269+0000] {logging_mixin.py:190} INFO - [2025-05-28T14:08:49.268+0000] {dag.py:4180} INFO - Setting next_dagrun for example_task_group to None, run_after=None
[2025-05-28T14:08:49.304+0000] {processor.py:208} INFO - Processing /home/airflow/.local/lib/python3.12/site-packages/airflow/example_dags/example_task_group.py took 0.131 seconds
[2025-05-28T14:09:19.820+0000] {processor.py:186} INFO - Started process (PID=4162) to work on /home/airflow/.local/lib/python3.12/site-packages/airflow/example_dags/example_task_group.py
[2025-05-28T14:09:19.822+0000] {processor.py:914} INFO - Processing file /home/airflow/.local/lib/python3.12/site-packages/airflow/example_dags/example_task_group.py for tasks to queue
[2025-05-28T14:09:19.824+0000] {logging_mixin.py:190} INFO - [2025-05-28T14:09:19.823+0000] {dagbag.py:588} INFO - Filling up the DagBag from /home/airflow/.local/lib/python3.12/site-packages/airflow/example_dags/example_task_group.py
[2025-05-28T14:09:19.840+0000] {processor.py:925} INFO - DAG(s) 'example_task_group' retrieved from /home/airflow/.local/lib/python3.12/site-packages/airflow/example_dags/example_task_group.py
[2025-05-28T14:09:19.881+0000] {logging_mixin.py:190} INFO - [2025-05-28T14:09:19.881+0000] {dag.py:3239} INFO - Sync 1 DAGs
[2025-05-28T14:09:19.904+0000] {logging_mixin.py:190} INFO - [2025-05-28T14:09:19.903+0000] {dag.py:4180} INFO - Setting next_dagrun for example_task_group to None, run_after=None
[2025-05-28T14:09:19.979+0000] {processor.py:208} INFO - Processing /home/airflow/.local/lib/python3.12/site-packages/airflow/example_dags/example_task_group.py took 0.169 seconds
[2025-05-28T14:09:52.170+0000] {processor.py:186} INFO - Started process (PID=4228) to work on /home/airflow/.local/lib/python3.12/site-packages/airflow/example_dags/example_task_group.py
[2025-05-28T14:09:52.172+0000] {processor.py:914} INFO - Processing file /home/airflow/.local/lib/python3.12/site-packages/airflow/example_dags/example_task_group.py for tasks to queue
[2025-05-28T14:09:52.175+0000] {logging_mixin.py:190} INFO - [2025-05-28T14:09:52.174+0000] {dagbag.py:588} INFO - Filling up the DagBag from /home/airflow/.local/lib/python3.12/site-packages/airflow/example_dags/example_task_group.py
[2025-05-28T14:09:52.190+0000] {processor.py:925} INFO - DAG(s) 'example_task_group' retrieved from /home/airflow/.local/lib/python3.12/site-packages/airflow/example_dags/example_task_group.py
[2025-05-28T14:09:52.224+0000] {logging_mixin.py:190} INFO - [2025-05-28T14:09:52.224+0000] {dag.py:3239} INFO - Sync 1 DAGs
[2025-05-28T14:09:52.249+0000] {logging_mixin.py:190} INFO - [2025-05-28T14:09:52.248+0000] {dag.py:4180} INFO - Setting next_dagrun for example_task_group to None, run_after=None
[2025-05-28T14:09:52.275+0000] {processor.py:208} INFO - Processing /home/airflow/.local/lib/python3.12/site-packages/airflow/example_dags/example_task_group.py took 0.114 seconds
[2025-05-28T14:10:23.493+0000] {processor.py:186} INFO - Started process (PID=4293) to work on /home/airflow/.local/lib/python3.12/site-packages/airflow/example_dags/example_task_group.py
[2025-05-28T14:10:23.495+0000] {processor.py:914} INFO - Processing file /home/airflow/.local/lib/python3.12/site-packages/airflow/example_dags/example_task_group.py for tasks to queue
[2025-05-28T14:10:23.498+0000] {logging_mixin.py:190} INFO - [2025-05-28T14:10:23.497+0000] {dagbag.py:588} INFO - Filling up the DagBag from /home/airflow/.local/lib/python3.12/site-packages/airflow/example_dags/example_task_group.py
[2025-05-28T14:10:23.515+0000] {processor.py:925} INFO - DAG(s) 'example_task_group' retrieved from /home/airflow/.local/lib/python3.12/site-packages/airflow/example_dags/example_task_group.py
[2025-05-28T14:10:23.578+0000] {logging_mixin.py:190} INFO - [2025-05-28T14:10:23.578+0000] {dag.py:3239} INFO - Sync 1 DAGs
[2025-05-28T14:10:23.603+0000] {logging_mixin.py:190} INFO - [2025-05-28T14:10:23.603+0000] {dag.py:4180} INFO - Setting next_dagrun for example_task_group to None, run_after=None
[2025-05-28T14:10:23.630+0000] {processor.py:208} INFO - Processing /home/airflow/.local/lib/python3.12/site-packages/airflow/example_dags/example_task_group.py took 0.145 seconds
[2025-05-28T14:10:55.049+0000] {processor.py:186} INFO - Started process (PID=4364) to work on /home/airflow/.local/lib/python3.12/site-packages/airflow/example_dags/example_task_group.py
[2025-05-28T14:10:55.051+0000] {processor.py:914} INFO - Processing file /home/airflow/.local/lib/python3.12/site-packages/airflow/example_dags/example_task_group.py for tasks to queue
[2025-05-28T14:10:55.053+0000] {logging_mixin.py:190} INFO - [2025-05-28T14:10:55.052+0000] {dagbag.py:588} INFO - Filling up the DagBag from /home/airflow/.local/lib/python3.12/site-packages/airflow/example_dags/example_task_group.py
[2025-05-28T14:10:55.066+0000] {processor.py:925} INFO - DAG(s) 'example_task_group' retrieved from /home/airflow/.local/lib/python3.12/site-packages/airflow/example_dags/example_task_group.py
[2025-05-28T14:10:55.102+0000] {logging_mixin.py:190} INFO - [2025-05-28T14:10:55.101+0000] {dag.py:3239} INFO - Sync 1 DAGs
[2025-05-28T14:10:55.127+0000] {logging_mixin.py:190} INFO - [2025-05-28T14:10:55.126+0000] {dag.py:4180} INFO - Setting next_dagrun for example_task_group to None, run_after=None
[2025-05-28T14:10:55.157+0000] {processor.py:208} INFO - Processing /home/airflow/.local/lib/python3.12/site-packages/airflow/example_dags/example_task_group.py took 0.117 seconds
[2025-05-28T14:11:25.404+0000] {processor.py:186} INFO - Started process (PID=4429) to work on /home/airflow/.local/lib/python3.12/site-packages/airflow/example_dags/example_task_group.py
[2025-05-28T14:11:25.405+0000] {processor.py:914} INFO - Processing file /home/airflow/.local/lib/python3.12/site-packages/airflow/example_dags/example_task_group.py for tasks to queue
[2025-05-28T14:11:25.407+0000] {logging_mixin.py:190} INFO - [2025-05-28T14:11:25.406+0000] {dagbag.py:588} INFO - Filling up the DagBag from /home/airflow/.local/lib/python3.12/site-packages/airflow/example_dags/example_task_group.py
[2025-05-28T14:11:25.417+0000] {processor.py:925} INFO - DAG(s) 'example_task_group' retrieved from /home/airflow/.local/lib/python3.12/site-packages/airflow/example_dags/example_task_group.py
[2025-05-28T14:11:25.441+0000] {logging_mixin.py:190} INFO - [2025-05-28T14:11:25.441+0000] {dag.py:3239} INFO - Sync 1 DAGs
[2025-05-28T14:11:25.456+0000] {logging_mixin.py:190} INFO - [2025-05-28T14:11:25.456+0000] {dag.py:4180} INFO - Setting next_dagrun for example_task_group to None, run_after=None
[2025-05-28T14:11:25.475+0000] {processor.py:208} INFO - Processing /home/airflow/.local/lib/python3.12/site-packages/airflow/example_dags/example_task_group.py took 0.077 seconds
[2025-05-28T14:11:56.475+0000] {processor.py:186} INFO - Started process (PID=4494) to work on /home/airflow/.local/lib/python3.12/site-packages/airflow/example_dags/example_task_group.py
[2025-05-28T14:11:56.476+0000] {processor.py:914} INFO - Processing file /home/airflow/.local/lib/python3.12/site-packages/airflow/example_dags/example_task_group.py for tasks to queue
[2025-05-28T14:11:56.477+0000] {logging_mixin.py:190} INFO - [2025-05-28T14:11:56.477+0000] {dagbag.py:588} INFO - Filling up the DagBag from /home/airflow/.local/lib/python3.12/site-packages/airflow/example_dags/example_task_group.py
[2025-05-28T14:11:56.489+0000] {processor.py:925} INFO - DAG(s) 'example_task_group' retrieved from /home/airflow/.local/lib/python3.12/site-packages/airflow/example_dags/example_task_group.py
[2025-05-28T14:11:56.518+0000] {logging_mixin.py:190} INFO - [2025-05-28T14:11:56.518+0000] {dag.py:3239} INFO - Sync 1 DAGs
[2025-05-28T14:11:56.539+0000] {logging_mixin.py:190} INFO - [2025-05-28T14:11:56.538+0000] {dag.py:4180} INFO - Setting next_dagrun for example_task_group to None, run_after=None
[2025-05-28T14:11:56.565+0000] {processor.py:208} INFO - Processing /home/airflow/.local/lib/python3.12/site-packages/airflow/example_dags/example_task_group.py took 0.096 seconds
[2025-05-28T14:12:27.250+0000] {processor.py:186} INFO - Started process (PID=4559) to work on /home/airflow/.local/lib/python3.12/site-packages/airflow/example_dags/example_task_group.py
[2025-05-28T14:12:27.252+0000] {processor.py:914} INFO - Processing file /home/airflow/.local/lib/python3.12/site-packages/airflow/example_dags/example_task_group.py for tasks to queue
[2025-05-28T14:12:27.254+0000] {logging_mixin.py:190} INFO - [2025-05-28T14:12:27.253+0000] {dagbag.py:588} INFO - Filling up the DagBag from /home/airflow/.local/lib/python3.12/site-packages/airflow/example_dags/example_task_group.py
[2025-05-28T14:12:27.267+0000] {processor.py:925} INFO - DAG(s) 'example_task_group' retrieved from /home/airflow/.local/lib/python3.12/site-packages/airflow/example_dags/example_task_group.py
[2025-05-28T14:12:27.294+0000] {logging_mixin.py:190} INFO - [2025-05-28T14:12:27.294+0000] {dag.py:3239} INFO - Sync 1 DAGs
[2025-05-28T14:12:27.310+0000] {logging_mixin.py:190} INFO - [2025-05-28T14:12:27.310+0000] {dag.py:4180} INFO - Setting next_dagrun for example_task_group to None, run_after=None
[2025-05-28T14:12:27.329+0000] {processor.py:208} INFO - Processing /home/airflow/.local/lib/python3.12/site-packages/airflow/example_dags/example_task_group.py took 0.087 seconds
[2025-05-28T14:12:58.886+0000] {processor.py:186} INFO - Started process (PID=4624) to work on /home/airflow/.local/lib/python3.12/site-packages/airflow/example_dags/example_task_group.py
[2025-05-28T14:12:58.888+0000] {processor.py:914} INFO - Processing file /home/airflow/.local/lib/python3.12/site-packages/airflow/example_dags/example_task_group.py for tasks to queue
[2025-05-28T14:12:58.890+0000] {logging_mixin.py:190} INFO - [2025-05-28T14:12:58.889+0000] {dagbag.py:588} INFO - Filling up the DagBag from /home/airflow/.local/lib/python3.12/site-packages/airflow/example_dags/example_task_group.py
[2025-05-28T14:12:58.906+0000] {processor.py:925} INFO - DAG(s) 'example_task_group' retrieved from /home/airflow/.local/lib/python3.12/site-packages/airflow/example_dags/example_task_group.py
[2025-05-28T14:12:58.941+0000] {logging_mixin.py:190} INFO - [2025-05-28T14:12:58.940+0000] {dag.py:3239} INFO - Sync 1 DAGs
[2025-05-28T14:12:58.989+0000] {logging_mixin.py:190} INFO - [2025-05-28T14:12:58.988+0000] {dag.py:4180} INFO - Setting next_dagrun for example_task_group to None, run_after=None
[2025-05-28T14:12:59.010+0000] {processor.py:208} INFO - Processing /home/airflow/.local/lib/python3.12/site-packages/airflow/example_dags/example_task_group.py took 0.163 seconds
[2025-05-28T14:13:29.334+0000] {processor.py:186} INFO - Started process (PID=4689) to work on /home/airflow/.local/lib/python3.12/site-packages/airflow/example_dags/example_task_group.py
[2025-05-28T14:13:29.335+0000] {processor.py:914} INFO - Processing file /home/airflow/.local/lib/python3.12/site-packages/airflow/example_dags/example_task_group.py for tasks to queue
[2025-05-28T14:13:29.336+0000] {logging_mixin.py:190} INFO - [2025-05-28T14:13:29.336+0000] {dagbag.py:588} INFO - Filling up the DagBag from /home/airflow/.local/lib/python3.12/site-packages/airflow/example_dags/example_task_group.py
[2025-05-28T14:13:29.380+0000] {processor.py:925} INFO - DAG(s) 'example_task_group' retrieved from /home/airflow/.local/lib/python3.12/site-packages/airflow/example_dags/example_task_group.py
[2025-05-28T14:13:29.415+0000] {logging_mixin.py:190} INFO - [2025-05-28T14:13:29.415+0000] {dag.py:3239} INFO - Sync 1 DAGs
[2025-05-28T14:13:29.436+0000] {logging_mixin.py:190} INFO - [2025-05-28T14:13:29.435+0000] {dag.py:4180} INFO - Setting next_dagrun for example_task_group to None, run_after=None
[2025-05-28T14:13:29.500+0000] {processor.py:208} INFO - Processing /home/airflow/.local/lib/python3.12/site-packages/airflow/example_dags/example_task_group.py took 0.173 seconds
[2025-05-28T14:13:59.810+0000] {processor.py:186} INFO - Started process (PID=4754) to work on /home/airflow/.local/lib/python3.12/site-packages/airflow/example_dags/example_task_group.py
[2025-05-28T14:13:59.811+0000] {processor.py:914} INFO - Processing file /home/airflow/.local/lib/python3.12/site-packages/airflow/example_dags/example_task_group.py for tasks to queue
[2025-05-28T14:13:59.813+0000] {logging_mixin.py:190} INFO - [2025-05-28T14:13:59.812+0000] {dagbag.py:588} INFO - Filling up the DagBag from /home/airflow/.local/lib/python3.12/site-packages/airflow/example_dags/example_task_group.py
[2025-05-28T14:13:59.826+0000] {processor.py:925} INFO - DAG(s) 'example_task_group' retrieved from /home/airflow/.local/lib/python3.12/site-packages/airflow/example_dags/example_task_group.py
[2025-05-28T14:13:59.859+0000] {logging_mixin.py:190} INFO - [2025-05-28T14:13:59.858+0000] {dag.py:3239} INFO - Sync 1 DAGs
[2025-05-28T14:13:59.883+0000] {logging_mixin.py:190} INFO - [2025-05-28T14:13:59.883+0000] {dag.py:4180} INFO - Setting next_dagrun for example_task_group to None, run_after=None
[2025-05-28T14:13:59.904+0000] {processor.py:208} INFO - Processing /home/airflow/.local/lib/python3.12/site-packages/airflow/example_dags/example_task_group.py took 0.101 seconds
[2025-05-28T14:14:30.578+0000] {processor.py:186} INFO - Started process (PID=4819) to work on /home/airflow/.local/lib/python3.12/site-packages/airflow/example_dags/example_task_group.py
[2025-05-28T14:14:30.579+0000] {processor.py:914} INFO - Processing file /home/airflow/.local/lib/python3.12/site-packages/airflow/example_dags/example_task_group.py for tasks to queue
[2025-05-28T14:14:30.581+0000] {logging_mixin.py:190} INFO - [2025-05-28T14:14:30.580+0000] {dagbag.py:588} INFO - Filling up the DagBag from /home/airflow/.local/lib/python3.12/site-packages/airflow/example_dags/example_task_group.py
[2025-05-28T14:14:30.593+0000] {processor.py:925} INFO - DAG(s) 'example_task_group' retrieved from /home/airflow/.local/lib/python3.12/site-packages/airflow/example_dags/example_task_group.py
[2025-05-28T14:14:30.624+0000] {logging_mixin.py:190} INFO - [2025-05-28T14:14:30.624+0000] {dag.py:3239} INFO - Sync 1 DAGs
[2025-05-28T14:14:30.644+0000] {logging_mixin.py:190} INFO - [2025-05-28T14:14:30.644+0000] {dag.py:4180} INFO - Setting next_dagrun for example_task_group to None, run_after=None
[2025-05-28T14:14:30.670+0000] {processor.py:208} INFO - Processing /home/airflow/.local/lib/python3.12/site-packages/airflow/example_dags/example_task_group.py took 0.101 seconds
[2025-05-28T14:15:01.384+0000] {processor.py:186} INFO - Started process (PID=4884) to work on /home/airflow/.local/lib/python3.12/site-packages/airflow/example_dags/example_task_group.py
[2025-05-28T14:15:01.385+0000] {processor.py:914} INFO - Processing file /home/airflow/.local/lib/python3.12/site-packages/airflow/example_dags/example_task_group.py for tasks to queue
[2025-05-28T14:15:01.387+0000] {logging_mixin.py:190} INFO - [2025-05-28T14:15:01.386+0000] {dagbag.py:588} INFO - Filling up the DagBag from /home/airflow/.local/lib/python3.12/site-packages/airflow/example_dags/example_task_group.py
[2025-05-28T14:15:01.399+0000] {processor.py:925} INFO - DAG(s) 'example_task_group' retrieved from /home/airflow/.local/lib/python3.12/site-packages/airflow/example_dags/example_task_group.py
[2025-05-28T14:15:01.424+0000] {logging_mixin.py:190} INFO - [2025-05-28T14:15:01.423+0000] {dag.py:3239} INFO - Sync 1 DAGs
[2025-05-28T14:15:01.443+0000] {logging_mixin.py:190} INFO - [2025-05-28T14:15:01.443+0000] {dag.py:4180} INFO - Setting next_dagrun for example_task_group to None, run_after=None
[2025-05-28T14:15:01.463+0000] {processor.py:208} INFO - Processing /home/airflow/.local/lib/python3.12/site-packages/airflow/example_dags/example_task_group.py took 0.087 seconds
