[2025-05-28T13:37:18.142+0000] {processor.py:186} INFO - Started process (PID=107) to work on /home/airflow/.local/lib/python3.12/site-packages/airflow/example_dags/example_display_name.py
[2025-05-28T13:37:18.143+0000] {processor.py:914} INFO - Processing file /home/airflow/.local/lib/python3.12/site-packages/airflow/example_dags/example_display_name.py for tasks to queue
[2025-05-28T13:37:18.145+0000] {logging_mixin.py:190} INFO - [2025-05-28T13:37:18.144+0000] {dagbag.py:588} INFO - Filling up the DagBag from /home/airflow/.local/lib/python3.12/site-packages/airflow/example_dags/example_display_name.py
[2025-05-28T13:37:18.153+0000] {processor.py:925} INFO - DAG(s) 'example_display_name' retrieved from /home/airflow/.local/lib/python3.12/site-packages/airflow/example_dags/example_display_name.py
[2025-05-28T13:37:18.179+0000] {logging_mixin.py:190} INFO - [2025-05-28T13:37:18.179+0000] {dag.py:3239} INFO - Sync 1 DAGs
[2025-05-28T13:37:18.193+0000] {logging_mixin.py:190} INFO - [2025-05-28T13:37:18.193+0000] {dag.py:4180} INFO - Setting next_dagrun for example_display_name to None, run_after=None
[2025-05-28T13:37:18.210+0000] {processor.py:208} INFO - Processing /home/airflow/.local/lib/python3.12/site-packages/airflow/example_dags/example_display_name.py took 0.074 seconds
[2025-05-28T13:37:49.216+0000] {processor.py:186} INFO - Started process (PID=172) to work on /home/airflow/.local/lib/python3.12/site-packages/airflow/example_dags/example_display_name.py
[2025-05-28T13:37:49.218+0000] {processor.py:914} INFO - Processing file /home/airflow/.local/lib/python3.12/site-packages/airflow/example_dags/example_display_name.py for tasks to queue
[2025-05-28T13:37:49.221+0000] {logging_mixin.py:190} INFO - [2025-05-28T13:37:49.221+0000] {dagbag.py:588} INFO - Filling up the DagBag from /home/airflow/.local/lib/python3.12/site-packages/airflow/example_dags/example_display_name.py
[2025-05-28T13:37:49.235+0000] {processor.py:925} INFO - DAG(s) 'example_display_name' retrieved from /home/airflow/.local/lib/python3.12/site-packages/airflow/example_dags/example_display_name.py
[2025-05-28T13:37:49.263+0000] {logging_mixin.py:190} INFO - [2025-05-28T13:37:49.262+0000] {dag.py:3239} INFO - Sync 1 DAGs
[2025-05-28T13:37:49.283+0000] {logging_mixin.py:190} INFO - [2025-05-28T13:37:49.282+0000] {dag.py:4180} INFO - Setting next_dagrun for example_display_name to None, run_after=None
[2025-05-28T13:37:49.301+0000] {processor.py:208} INFO - Processing /home/airflow/.local/lib/python3.12/site-packages/airflow/example_dags/example_display_name.py took 0.093 seconds
[2025-05-28T13:38:20.168+0000] {processor.py:186} INFO - Started process (PID=236) to work on /home/airflow/.local/lib/python3.12/site-packages/airflow/example_dags/example_display_name.py
[2025-05-28T13:38:20.169+0000] {processor.py:914} INFO - Processing file /home/airflow/.local/lib/python3.12/site-packages/airflow/example_dags/example_display_name.py for tasks to queue
[2025-05-28T13:38:20.172+0000] {logging_mixin.py:190} INFO - [2025-05-28T13:38:20.171+0000] {dagbag.py:588} INFO - Filling up the DagBag from /home/airflow/.local/lib/python3.12/site-packages/airflow/example_dags/example_display_name.py
[2025-05-28T13:38:20.180+0000] {processor.py:925} INFO - DAG(s) 'example_display_name' retrieved from /home/airflow/.local/lib/python3.12/site-packages/airflow/example_dags/example_display_name.py
[2025-05-28T13:38:20.201+0000] {logging_mixin.py:190} INFO - [2025-05-28T13:38:20.201+0000] {dag.py:3239} INFO - Sync 1 DAGs
[2025-05-28T13:38:20.217+0000] {logging_mixin.py:190} INFO - [2025-05-28T13:38:20.217+0000] {dag.py:4180} INFO - Setting next_dagrun for example_display_name to None, run_after=None
[2025-05-28T13:38:20.239+0000] {processor.py:208} INFO - Processing /home/airflow/.local/lib/python3.12/site-packages/airflow/example_dags/example_display_name.py took 0.078 seconds
[2025-05-28T13:38:51.491+0000] {processor.py:186} INFO - Started process (PID=301) to work on /home/airflow/.local/lib/python3.12/site-packages/airflow/example_dags/example_display_name.py
[2025-05-28T13:38:51.493+0000] {processor.py:914} INFO - Processing file /home/airflow/.local/lib/python3.12/site-packages/airflow/example_dags/example_display_name.py for tasks to queue
[2025-05-28T13:38:51.496+0000] {logging_mixin.py:190} INFO - [2025-05-28T13:38:51.495+0000] {dagbag.py:588} INFO - Filling up the DagBag from /home/airflow/.local/lib/python3.12/site-packages/airflow/example_dags/example_display_name.py
[2025-05-28T13:38:51.509+0000] {processor.py:925} INFO - DAG(s) 'example_display_name' retrieved from /home/airflow/.local/lib/python3.12/site-packages/airflow/example_dags/example_display_name.py
[2025-05-28T13:38:51.540+0000] {logging_mixin.py:190} INFO - [2025-05-28T13:38:51.540+0000] {dag.py:3239} INFO - Sync 1 DAGs
[2025-05-28T13:38:51.564+0000] {logging_mixin.py:190} INFO - [2025-05-28T13:38:51.563+0000] {dag.py:4180} INFO - Setting next_dagrun for example_display_name to None, run_after=None
[2025-05-28T13:38:51.597+0000] {processor.py:208} INFO - Processing /home/airflow/.local/lib/python3.12/site-packages/airflow/example_dags/example_display_name.py took 0.114 seconds
[2025-05-28T13:39:22.579+0000] {processor.py:186} INFO - Started process (PID=366) to work on /home/airflow/.local/lib/python3.12/site-packages/airflow/example_dags/example_display_name.py
[2025-05-28T13:39:22.580+0000] {processor.py:914} INFO - Processing file /home/airflow/.local/lib/python3.12/site-packages/airflow/example_dags/example_display_name.py for tasks to queue
[2025-05-28T13:39:22.583+0000] {logging_mixin.py:190} INFO - [2025-05-28T13:39:22.582+0000] {dagbag.py:588} INFO - Filling up the DagBag from /home/airflow/.local/lib/python3.12/site-packages/airflow/example_dags/example_display_name.py
[2025-05-28T13:39:22.590+0000] {processor.py:925} INFO - DAG(s) 'example_display_name' retrieved from /home/airflow/.local/lib/python3.12/site-packages/airflow/example_dags/example_display_name.py
[2025-05-28T13:39:22.609+0000] {logging_mixin.py:190} INFO - [2025-05-28T13:39:22.609+0000] {dag.py:3239} INFO - Sync 1 DAGs
[2025-05-28T13:39:22.622+0000] {logging_mixin.py:190} INFO - [2025-05-28T13:39:22.622+0000] {dag.py:4180} INFO - Setting next_dagrun for example_display_name to None, run_after=None
[2025-05-28T13:39:22.638+0000] {processor.py:208} INFO - Processing /home/airflow/.local/lib/python3.12/site-packages/airflow/example_dags/example_display_name.py took 0.101 seconds
[2025-05-28T13:39:53.710+0000] {processor.py:186} INFO - Started process (PID=431) to work on /home/airflow/.local/lib/python3.12/site-packages/airflow/example_dags/example_display_name.py
[2025-05-28T13:39:53.711+0000] {processor.py:914} INFO - Processing file /home/airflow/.local/lib/python3.12/site-packages/airflow/example_dags/example_display_name.py for tasks to queue
[2025-05-28T13:39:53.713+0000] {logging_mixin.py:190} INFO - [2025-05-28T13:39:53.713+0000] {dagbag.py:588} INFO - Filling up the DagBag from /home/airflow/.local/lib/python3.12/site-packages/airflow/example_dags/example_display_name.py
[2025-05-28T13:39:53.720+0000] {processor.py:925} INFO - DAG(s) 'example_display_name' retrieved from /home/airflow/.local/lib/python3.12/site-packages/airflow/example_dags/example_display_name.py
[2025-05-28T13:39:53.741+0000] {logging_mixin.py:190} INFO - [2025-05-28T13:39:53.741+0000] {dag.py:3239} INFO - Sync 1 DAGs
[2025-05-28T13:39:53.755+0000] {logging_mixin.py:190} INFO - [2025-05-28T13:39:53.755+0000] {dag.py:4180} INFO - Setting next_dagrun for example_display_name to None, run_after=None
[2025-05-28T13:39:53.772+0000] {processor.py:208} INFO - Processing /home/airflow/.local/lib/python3.12/site-packages/airflow/example_dags/example_display_name.py took 0.068 seconds
[2025-05-28T13:40:24.485+0000] {processor.py:186} INFO - Started process (PID=496) to work on /home/airflow/.local/lib/python3.12/site-packages/airflow/example_dags/example_display_name.py
[2025-05-28T13:40:24.486+0000] {processor.py:914} INFO - Processing file /home/airflow/.local/lib/python3.12/site-packages/airflow/example_dags/example_display_name.py for tasks to queue
[2025-05-28T13:40:24.489+0000] {logging_mixin.py:190} INFO - [2025-05-28T13:40:24.489+0000] {dagbag.py:588} INFO - Filling up the DagBag from /home/airflow/.local/lib/python3.12/site-packages/airflow/example_dags/example_display_name.py
[2025-05-28T13:40:24.497+0000] {processor.py:925} INFO - DAG(s) 'example_display_name' retrieved from /home/airflow/.local/lib/python3.12/site-packages/airflow/example_dags/example_display_name.py
[2025-05-28T13:40:24.518+0000] {logging_mixin.py:190} INFO - [2025-05-28T13:40:24.518+0000] {dag.py:3239} INFO - Sync 1 DAGs
[2025-05-28T13:40:24.531+0000] {logging_mixin.py:190} INFO - [2025-05-28T13:40:24.531+0000] {dag.py:4180} INFO - Setting next_dagrun for example_display_name to None, run_after=None
[2025-05-28T13:40:24.548+0000] {processor.py:208} INFO - Processing /home/airflow/.local/lib/python3.12/site-packages/airflow/example_dags/example_display_name.py took 0.069 seconds
[2025-05-28T13:40:55.632+0000] {processor.py:186} INFO - Started process (PID=561) to work on /home/airflow/.local/lib/python3.12/site-packages/airflow/example_dags/example_display_name.py
[2025-05-28T13:40:55.633+0000] {processor.py:914} INFO - Processing file /home/airflow/.local/lib/python3.12/site-packages/airflow/example_dags/example_display_name.py for tasks to queue
[2025-05-28T13:40:55.636+0000] {logging_mixin.py:190} INFO - [2025-05-28T13:40:55.636+0000] {dagbag.py:588} INFO - Filling up the DagBag from /home/airflow/.local/lib/python3.12/site-packages/airflow/example_dags/example_display_name.py
[2025-05-28T13:40:55.645+0000] {processor.py:925} INFO - DAG(s) 'example_display_name' retrieved from /home/airflow/.local/lib/python3.12/site-packages/airflow/example_dags/example_display_name.py
[2025-05-28T13:40:55.665+0000] {logging_mixin.py:190} INFO - [2025-05-28T13:40:55.664+0000] {dag.py:3239} INFO - Sync 1 DAGs
[2025-05-28T13:40:55.678+0000] {logging_mixin.py:190} INFO - [2025-05-28T13:40:55.678+0000] {dag.py:4180} INFO - Setting next_dagrun for example_display_name to None, run_after=None
[2025-05-28T13:40:55.693+0000] {processor.py:208} INFO - Processing /home/airflow/.local/lib/python3.12/site-packages/airflow/example_dags/example_display_name.py took 0.069 seconds
[2025-05-28T13:41:27.097+0000] {processor.py:186} INFO - Started process (PID=626) to work on /home/airflow/.local/lib/python3.12/site-packages/airflow/example_dags/example_display_name.py
[2025-05-28T13:41:27.098+0000] {processor.py:914} INFO - Processing file /home/airflow/.local/lib/python3.12/site-packages/airflow/example_dags/example_display_name.py for tasks to queue
[2025-05-28T13:41:27.101+0000] {logging_mixin.py:190} INFO - [2025-05-28T13:41:27.100+0000] {dagbag.py:588} INFO - Filling up the DagBag from /home/airflow/.local/lib/python3.12/site-packages/airflow/example_dags/example_display_name.py
[2025-05-28T13:41:27.108+0000] {processor.py:925} INFO - DAG(s) 'example_display_name' retrieved from /home/airflow/.local/lib/python3.12/site-packages/airflow/example_dags/example_display_name.py
[2025-05-28T13:41:27.125+0000] {logging_mixin.py:190} INFO - [2025-05-28T13:41:27.125+0000] {dag.py:3239} INFO - Sync 1 DAGs
[2025-05-28T13:41:27.139+0000] {logging_mixin.py:190} INFO - [2025-05-28T13:41:27.138+0000] {dag.py:4180} INFO - Setting next_dagrun for example_display_name to None, run_after=None
[2025-05-28T13:41:27.153+0000] {processor.py:208} INFO - Processing /home/airflow/.local/lib/python3.12/site-packages/airflow/example_dags/example_display_name.py took 0.062 seconds
[2025-05-28T13:41:58.481+0000] {processor.py:186} INFO - Started process (PID=699) to work on /home/airflow/.local/lib/python3.12/site-packages/airflow/example_dags/example_display_name.py
[2025-05-28T13:41:58.482+0000] {processor.py:914} INFO - Processing file /home/airflow/.local/lib/python3.12/site-packages/airflow/example_dags/example_display_name.py for tasks to queue
[2025-05-28T13:41:58.484+0000] {logging_mixin.py:190} INFO - [2025-05-28T13:41:58.483+0000] {dagbag.py:588} INFO - Filling up the DagBag from /home/airflow/.local/lib/python3.12/site-packages/airflow/example_dags/example_display_name.py
[2025-05-28T13:41:58.491+0000] {processor.py:925} INFO - DAG(s) 'example_display_name' retrieved from /home/airflow/.local/lib/python3.12/site-packages/airflow/example_dags/example_display_name.py
[2025-05-28T13:41:58.509+0000] {logging_mixin.py:190} INFO - [2025-05-28T13:41:58.509+0000] {dag.py:3239} INFO - Sync 1 DAGs
[2025-05-28T13:41:58.523+0000] {logging_mixin.py:190} INFO - [2025-05-28T13:41:58.523+0000] {dag.py:4180} INFO - Setting next_dagrun for example_display_name to None, run_after=None
[2025-05-28T13:41:58.539+0000] {processor.py:208} INFO - Processing /home/airflow/.local/lib/python3.12/site-packages/airflow/example_dags/example_display_name.py took 0.074 seconds
[2025-05-28T13:42:29.628+0000] {processor.py:186} INFO - Started process (PID=769) to work on /home/airflow/.local/lib/python3.12/site-packages/airflow/example_dags/example_display_name.py
[2025-05-28T13:42:29.629+0000] {processor.py:914} INFO - Processing file /home/airflow/.local/lib/python3.12/site-packages/airflow/example_dags/example_display_name.py for tasks to queue
[2025-05-28T13:42:29.631+0000] {logging_mixin.py:190} INFO - [2025-05-28T13:42:29.631+0000] {dagbag.py:588} INFO - Filling up the DagBag from /home/airflow/.local/lib/python3.12/site-packages/airflow/example_dags/example_display_name.py
[2025-05-28T13:42:29.639+0000] {processor.py:925} INFO - DAG(s) 'example_display_name' retrieved from /home/airflow/.local/lib/python3.12/site-packages/airflow/example_dags/example_display_name.py
[2025-05-28T13:42:29.658+0000] {logging_mixin.py:190} INFO - [2025-05-28T13:42:29.658+0000] {dag.py:3239} INFO - Sync 1 DAGs
[2025-05-28T13:42:29.671+0000] {logging_mixin.py:190} INFO - [2025-05-28T13:42:29.671+0000] {dag.py:4180} INFO - Setting next_dagrun for example_display_name to None, run_after=None
[2025-05-28T13:42:29.686+0000] {processor.py:208} INFO - Processing /home/airflow/.local/lib/python3.12/site-packages/airflow/example_dags/example_display_name.py took 0.064 seconds
[2025-05-28T13:43:01.160+0000] {processor.py:186} INFO - Started process (PID=837) to work on /home/airflow/.local/lib/python3.12/site-packages/airflow/example_dags/example_display_name.py
[2025-05-28T13:43:01.161+0000] {processor.py:914} INFO - Processing file /home/airflow/.local/lib/python3.12/site-packages/airflow/example_dags/example_display_name.py for tasks to queue
[2025-05-28T13:43:01.164+0000] {logging_mixin.py:190} INFO - [2025-05-28T13:43:01.163+0000] {dagbag.py:588} INFO - Filling up the DagBag from /home/airflow/.local/lib/python3.12/site-packages/airflow/example_dags/example_display_name.py
[2025-05-28T13:43:01.171+0000] {processor.py:925} INFO - DAG(s) 'example_display_name' retrieved from /home/airflow/.local/lib/python3.12/site-packages/airflow/example_dags/example_display_name.py
[2025-05-28T13:43:01.189+0000] {logging_mixin.py:190} INFO - [2025-05-28T13:43:01.189+0000] {dag.py:3239} INFO - Sync 1 DAGs
[2025-05-28T13:43:01.203+0000] {logging_mixin.py:190} INFO - [2025-05-28T13:43:01.203+0000] {dag.py:4180} INFO - Setting next_dagrun for example_display_name to None, run_after=None
[2025-05-28T13:43:01.216+0000] {processor.py:208} INFO - Processing /home/airflow/.local/lib/python3.12/site-packages/airflow/example_dags/example_display_name.py took 0.062 seconds
[2025-05-28T13:43:31.891+0000] {processor.py:186} INFO - Started process (PID=902) to work on /home/airflow/.local/lib/python3.12/site-packages/airflow/example_dags/example_display_name.py
[2025-05-28T13:43:31.892+0000] {processor.py:914} INFO - Processing file /home/airflow/.local/lib/python3.12/site-packages/airflow/example_dags/example_display_name.py for tasks to queue
[2025-05-28T13:43:31.893+0000] {logging_mixin.py:190} INFO - [2025-05-28T13:43:31.893+0000] {dagbag.py:588} INFO - Filling up the DagBag from /home/airflow/.local/lib/python3.12/site-packages/airflow/example_dags/example_display_name.py
[2025-05-28T13:43:31.901+0000] {processor.py:925} INFO - DAG(s) 'example_display_name' retrieved from /home/airflow/.local/lib/python3.12/site-packages/airflow/example_dags/example_display_name.py
[2025-05-28T13:43:31.920+0000] {logging_mixin.py:190} INFO - [2025-05-28T13:43:31.920+0000] {dag.py:3239} INFO - Sync 1 DAGs
[2025-05-28T13:43:31.934+0000] {logging_mixin.py:190} INFO - [2025-05-28T13:43:31.934+0000] {dag.py:4180} INFO - Setting next_dagrun for example_display_name to None, run_after=None
[2025-05-28T13:43:31.949+0000] {processor.py:208} INFO - Processing /home/airflow/.local/lib/python3.12/site-packages/airflow/example_dags/example_display_name.py took 0.064 seconds
[2025-05-28T13:44:02.596+0000] {processor.py:186} INFO - Started process (PID=967) to work on /home/airflow/.local/lib/python3.12/site-packages/airflow/example_dags/example_display_name.py
[2025-05-28T13:44:02.597+0000] {processor.py:914} INFO - Processing file /home/airflow/.local/lib/python3.12/site-packages/airflow/example_dags/example_display_name.py for tasks to queue
[2025-05-28T13:44:02.598+0000] {logging_mixin.py:190} INFO - [2025-05-28T13:44:02.598+0000] {dagbag.py:588} INFO - Filling up the DagBag from /home/airflow/.local/lib/python3.12/site-packages/airflow/example_dags/example_display_name.py
[2025-05-28T13:44:02.607+0000] {processor.py:925} INFO - DAG(s) 'example_display_name' retrieved from /home/airflow/.local/lib/python3.12/site-packages/airflow/example_dags/example_display_name.py
[2025-05-28T13:44:02.625+0000] {logging_mixin.py:190} INFO - [2025-05-28T13:44:02.625+0000] {dag.py:3239} INFO - Sync 1 DAGs
[2025-05-28T13:44:02.640+0000] {logging_mixin.py:190} INFO - [2025-05-28T13:44:02.640+0000] {dag.py:4180} INFO - Setting next_dagrun for example_display_name to None, run_after=None
[2025-05-28T13:44:02.657+0000] {processor.py:208} INFO - Processing /home/airflow/.local/lib/python3.12/site-packages/airflow/example_dags/example_display_name.py took 0.067 seconds
[2025-05-28T13:44:33.325+0000] {processor.py:186} INFO - Started process (PID=1032) to work on /home/airflow/.local/lib/python3.12/site-packages/airflow/example_dags/example_display_name.py
[2025-05-28T13:44:33.326+0000] {processor.py:914} INFO - Processing file /home/airflow/.local/lib/python3.12/site-packages/airflow/example_dags/example_display_name.py for tasks to queue
[2025-05-28T13:44:33.327+0000] {logging_mixin.py:190} INFO - [2025-05-28T13:44:33.326+0000] {dagbag.py:588} INFO - Filling up the DagBag from /home/airflow/.local/lib/python3.12/site-packages/airflow/example_dags/example_display_name.py
[2025-05-28T13:44:33.334+0000] {processor.py:925} INFO - DAG(s) 'example_display_name' retrieved from /home/airflow/.local/lib/python3.12/site-packages/airflow/example_dags/example_display_name.py
[2025-05-28T13:44:33.353+0000] {logging_mixin.py:190} INFO - [2025-05-28T13:44:33.353+0000] {dag.py:3239} INFO - Sync 1 DAGs
[2025-05-28T13:44:33.367+0000] {logging_mixin.py:190} INFO - [2025-05-28T13:44:33.366+0000] {dag.py:4180} INFO - Setting next_dagrun for example_display_name to None, run_after=None
[2025-05-28T13:44:33.383+0000] {processor.py:208} INFO - Processing /home/airflow/.local/lib/python3.12/site-packages/airflow/example_dags/example_display_name.py took 0.065 seconds
[2025-05-28T13:45:04.788+0000] {processor.py:186} INFO - Started process (PID=1101) to work on /home/airflow/.local/lib/python3.12/site-packages/airflow/example_dags/example_display_name.py
[2025-05-28T13:45:04.789+0000] {processor.py:914} INFO - Processing file /home/airflow/.local/lib/python3.12/site-packages/airflow/example_dags/example_display_name.py for tasks to queue
[2025-05-28T13:45:04.790+0000] {logging_mixin.py:190} INFO - [2025-05-28T13:45:04.789+0000] {dagbag.py:588} INFO - Filling up the DagBag from /home/airflow/.local/lib/python3.12/site-packages/airflow/example_dags/example_display_name.py
[2025-05-28T13:45:04.797+0000] {processor.py:925} INFO - DAG(s) 'example_display_name' retrieved from /home/airflow/.local/lib/python3.12/site-packages/airflow/example_dags/example_display_name.py
[2025-05-28T13:45:04.814+0000] {logging_mixin.py:190} INFO - [2025-05-28T13:45:04.814+0000] {dag.py:3239} INFO - Sync 1 DAGs
[2025-05-28T13:45:04.828+0000] {logging_mixin.py:190} INFO - [2025-05-28T13:45:04.828+0000] {dag.py:4180} INFO - Setting next_dagrun for example_display_name to None, run_after=None
[2025-05-28T13:45:04.843+0000] {processor.py:208} INFO - Processing /home/airflow/.local/lib/python3.12/site-packages/airflow/example_dags/example_display_name.py took 0.061 seconds
[2025-05-28T13:45:35.864+0000] {processor.py:186} INFO - Started process (PID=1167) to work on /home/airflow/.local/lib/python3.12/site-packages/airflow/example_dags/example_display_name.py
[2025-05-28T13:45:35.865+0000] {processor.py:914} INFO - Processing file /home/airflow/.local/lib/python3.12/site-packages/airflow/example_dags/example_display_name.py for tasks to queue
[2025-05-28T13:45:35.867+0000] {logging_mixin.py:190} INFO - [2025-05-28T13:45:35.866+0000] {dagbag.py:588} INFO - Filling up the DagBag from /home/airflow/.local/lib/python3.12/site-packages/airflow/example_dags/example_display_name.py
[2025-05-28T13:45:35.876+0000] {processor.py:925} INFO - DAG(s) 'example_display_name' retrieved from /home/airflow/.local/lib/python3.12/site-packages/airflow/example_dags/example_display_name.py
[2025-05-28T13:45:35.899+0000] {logging_mixin.py:190} INFO - [2025-05-28T13:45:35.899+0000] {dag.py:3239} INFO - Sync 1 DAGs
[2025-05-28T13:45:35.915+0000] {logging_mixin.py:190} INFO - [2025-05-28T13:45:35.915+0000] {dag.py:4180} INFO - Setting next_dagrun for example_display_name to None, run_after=None
[2025-05-28T13:45:35.931+0000] {processor.py:208} INFO - Processing /home/airflow/.local/lib/python3.12/site-packages/airflow/example_dags/example_display_name.py took 0.074 seconds
[2025-05-28T13:46:07.479+0000] {processor.py:186} INFO - Started process (PID=1233) to work on /home/airflow/.local/lib/python3.12/site-packages/airflow/example_dags/example_display_name.py
[2025-05-28T13:46:07.480+0000] {processor.py:914} INFO - Processing file /home/airflow/.local/lib/python3.12/site-packages/airflow/example_dags/example_display_name.py for tasks to queue
[2025-05-28T13:46:07.482+0000] {logging_mixin.py:190} INFO - [2025-05-28T13:46:07.481+0000] {dagbag.py:588} INFO - Filling up the DagBag from /home/airflow/.local/lib/python3.12/site-packages/airflow/example_dags/example_display_name.py
[2025-05-28T13:46:07.489+0000] {processor.py:925} INFO - DAG(s) 'example_display_name' retrieved from /home/airflow/.local/lib/python3.12/site-packages/airflow/example_dags/example_display_name.py
[2025-05-28T13:46:07.507+0000] {logging_mixin.py:190} INFO - [2025-05-28T13:46:07.507+0000] {dag.py:3239} INFO - Sync 1 DAGs
[2025-05-28T13:46:07.522+0000] {logging_mixin.py:190} INFO - [2025-05-28T13:46:07.522+0000] {dag.py:4180} INFO - Setting next_dagrun for example_display_name to None, run_after=None
[2025-05-28T13:46:07.540+0000] {processor.py:208} INFO - Processing /home/airflow/.local/lib/python3.12/site-packages/airflow/example_dags/example_display_name.py took 0.083 seconds
[2025-05-28T13:46:38.939+0000] {processor.py:186} INFO - Started process (PID=1306) to work on /home/airflow/.local/lib/python3.12/site-packages/airflow/example_dags/example_display_name.py
[2025-05-28T13:46:38.940+0000] {processor.py:914} INFO - Processing file /home/airflow/.local/lib/python3.12/site-packages/airflow/example_dags/example_display_name.py for tasks to queue
[2025-05-28T13:46:38.941+0000] {logging_mixin.py:190} INFO - [2025-05-28T13:46:38.940+0000] {dagbag.py:588} INFO - Filling up the DagBag from /home/airflow/.local/lib/python3.12/site-packages/airflow/example_dags/example_display_name.py
[2025-05-28T13:46:38.949+0000] {processor.py:925} INFO - DAG(s) 'example_display_name' retrieved from /home/airflow/.local/lib/python3.12/site-packages/airflow/example_dags/example_display_name.py
[2025-05-28T13:46:38.967+0000] {logging_mixin.py:190} INFO - [2025-05-28T13:46:38.967+0000] {dag.py:3239} INFO - Sync 1 DAGs
[2025-05-28T13:46:38.982+0000] {logging_mixin.py:190} INFO - [2025-05-28T13:46:38.982+0000] {dag.py:4180} INFO - Setting next_dagrun for example_display_name to None, run_after=None
[2025-05-28T13:46:39.000+0000] {processor.py:208} INFO - Processing /home/airflow/.local/lib/python3.12/site-packages/airflow/example_dags/example_display_name.py took 0.067 seconds
[2025-05-28T13:47:10.511+0000] {processor.py:186} INFO - Started process (PID=1371) to work on /home/airflow/.local/lib/python3.12/site-packages/airflow/example_dags/example_display_name.py
[2025-05-28T13:47:10.512+0000] {processor.py:914} INFO - Processing file /home/airflow/.local/lib/python3.12/site-packages/airflow/example_dags/example_display_name.py for tasks to queue
[2025-05-28T13:47:10.513+0000] {logging_mixin.py:190} INFO - [2025-05-28T13:47:10.513+0000] {dagbag.py:588} INFO - Filling up the DagBag from /home/airflow/.local/lib/python3.12/site-packages/airflow/example_dags/example_display_name.py
[2025-05-28T13:47:10.521+0000] {processor.py:925} INFO - DAG(s) 'example_display_name' retrieved from /home/airflow/.local/lib/python3.12/site-packages/airflow/example_dags/example_display_name.py
[2025-05-28T13:47:10.540+0000] {logging_mixin.py:190} INFO - [2025-05-28T13:47:10.540+0000] {dag.py:3239} INFO - Sync 1 DAGs
[2025-05-28T13:47:10.555+0000] {logging_mixin.py:190} INFO - [2025-05-28T13:47:10.555+0000] {dag.py:4180} INFO - Setting next_dagrun for example_display_name to None, run_after=None
[2025-05-28T13:47:10.570+0000] {processor.py:208} INFO - Processing /home/airflow/.local/lib/python3.12/site-packages/airflow/example_dags/example_display_name.py took 0.064 seconds
[2025-05-28T13:47:42.135+0000] {processor.py:186} INFO - Started process (PID=1436) to work on /home/airflow/.local/lib/python3.12/site-packages/airflow/example_dags/example_display_name.py
[2025-05-28T13:47:42.136+0000] {processor.py:914} INFO - Processing file /home/airflow/.local/lib/python3.12/site-packages/airflow/example_dags/example_display_name.py for tasks to queue
[2025-05-28T13:47:42.137+0000] {logging_mixin.py:190} INFO - [2025-05-28T13:47:42.137+0000] {dagbag.py:588} INFO - Filling up the DagBag from /home/airflow/.local/lib/python3.12/site-packages/airflow/example_dags/example_display_name.py
[2025-05-28T13:47:42.145+0000] {processor.py:925} INFO - DAG(s) 'example_display_name' retrieved from /home/airflow/.local/lib/python3.12/site-packages/airflow/example_dags/example_display_name.py
[2025-05-28T13:47:42.165+0000] {logging_mixin.py:190} INFO - [2025-05-28T13:47:42.165+0000] {dag.py:3239} INFO - Sync 1 DAGs
[2025-05-28T13:47:42.179+0000] {logging_mixin.py:190} INFO - [2025-05-28T13:47:42.179+0000] {dag.py:4180} INFO - Setting next_dagrun for example_display_name to None, run_after=None
[2025-05-28T13:47:42.194+0000] {processor.py:208} INFO - Processing /home/airflow/.local/lib/python3.12/site-packages/airflow/example_dags/example_display_name.py took 0.066 seconds
[2025-05-28T13:48:13.233+0000] {processor.py:186} INFO - Started process (PID=1501) to work on /home/airflow/.local/lib/python3.12/site-packages/airflow/example_dags/example_display_name.py
[2025-05-28T13:48:13.234+0000] {processor.py:914} INFO - Processing file /home/airflow/.local/lib/python3.12/site-packages/airflow/example_dags/example_display_name.py for tasks to queue
[2025-05-28T13:48:13.235+0000] {logging_mixin.py:190} INFO - [2025-05-28T13:48:13.235+0000] {dagbag.py:588} INFO - Filling up the DagBag from /home/airflow/.local/lib/python3.12/site-packages/airflow/example_dags/example_display_name.py
[2025-05-28T13:48:13.242+0000] {processor.py:925} INFO - DAG(s) 'example_display_name' retrieved from /home/airflow/.local/lib/python3.12/site-packages/airflow/example_dags/example_display_name.py
[2025-05-28T13:48:13.263+0000] {logging_mixin.py:190} INFO - [2025-05-28T13:48:13.262+0000] {dag.py:3239} INFO - Sync 1 DAGs
[2025-05-28T13:48:13.277+0000] {logging_mixin.py:190} INFO - [2025-05-28T13:48:13.277+0000] {dag.py:4180} INFO - Setting next_dagrun for example_display_name to None, run_after=None
[2025-05-28T13:48:13.291+0000] {processor.py:208} INFO - Processing /home/airflow/.local/lib/python3.12/site-packages/airflow/example_dags/example_display_name.py took 0.064 seconds
[2025-05-28T13:48:44.545+0000] {processor.py:186} INFO - Started process (PID=1568) to work on /home/airflow/.local/lib/python3.12/site-packages/airflow/example_dags/example_display_name.py
[2025-05-28T13:48:44.546+0000] {processor.py:914} INFO - Processing file /home/airflow/.local/lib/python3.12/site-packages/airflow/example_dags/example_display_name.py for tasks to queue
[2025-05-28T13:48:44.548+0000] {logging_mixin.py:190} INFO - [2025-05-28T13:48:44.547+0000] {dagbag.py:588} INFO - Filling up the DagBag from /home/airflow/.local/lib/python3.12/site-packages/airflow/example_dags/example_display_name.py
[2025-05-28T13:48:44.558+0000] {processor.py:925} INFO - DAG(s) 'example_display_name' retrieved from /home/airflow/.local/lib/python3.12/site-packages/airflow/example_dags/example_display_name.py
[2025-05-28T13:48:44.580+0000] {logging_mixin.py:190} INFO - [2025-05-28T13:48:44.580+0000] {dag.py:3239} INFO - Sync 1 DAGs
[2025-05-28T13:48:44.595+0000] {logging_mixin.py:190} INFO - [2025-05-28T13:48:44.595+0000] {dag.py:4180} INFO - Setting next_dagrun for example_display_name to None, run_after=None
[2025-05-28T13:48:44.612+0000] {processor.py:208} INFO - Processing /home/airflow/.local/lib/python3.12/site-packages/airflow/example_dags/example_display_name.py took 0.075 seconds
[2025-05-28T13:49:15.477+0000] {processor.py:186} INFO - Started process (PID=1633) to work on /home/airflow/.local/lib/python3.12/site-packages/airflow/example_dags/example_display_name.py
[2025-05-28T13:49:15.478+0000] {processor.py:914} INFO - Processing file /home/airflow/.local/lib/python3.12/site-packages/airflow/example_dags/example_display_name.py for tasks to queue
[2025-05-28T13:49:15.479+0000] {logging_mixin.py:190} INFO - [2025-05-28T13:49:15.479+0000] {dagbag.py:588} INFO - Filling up the DagBag from /home/airflow/.local/lib/python3.12/site-packages/airflow/example_dags/example_display_name.py
[2025-05-28T13:49:15.488+0000] {processor.py:925} INFO - DAG(s) 'example_display_name' retrieved from /home/airflow/.local/lib/python3.12/site-packages/airflow/example_dags/example_display_name.py
[2025-05-28T13:49:15.509+0000] {logging_mixin.py:190} INFO - [2025-05-28T13:49:15.509+0000] {dag.py:3239} INFO - Sync 1 DAGs
[2025-05-28T13:49:15.528+0000] {logging_mixin.py:190} INFO - [2025-05-28T13:49:15.527+0000] {dag.py:4180} INFO - Setting next_dagrun for example_display_name to None, run_after=None
[2025-05-28T13:49:15.545+0000] {processor.py:208} INFO - Processing /home/airflow/.local/lib/python3.12/site-packages/airflow/example_dags/example_display_name.py took 0.075 seconds
[2025-05-28T13:49:46.487+0000] {processor.py:186} INFO - Started process (PID=1701) to work on /home/airflow/.local/lib/python3.12/site-packages/airflow/example_dags/example_display_name.py
[2025-05-28T13:49:46.488+0000] {processor.py:914} INFO - Processing file /home/airflow/.local/lib/python3.12/site-packages/airflow/example_dags/example_display_name.py for tasks to queue
[2025-05-28T13:49:46.489+0000] {logging_mixin.py:190} INFO - [2025-05-28T13:49:46.489+0000] {dagbag.py:588} INFO - Filling up the DagBag from /home/airflow/.local/lib/python3.12/site-packages/airflow/example_dags/example_display_name.py
[2025-05-28T13:49:46.499+0000] {processor.py:925} INFO - DAG(s) 'example_display_name' retrieved from /home/airflow/.local/lib/python3.12/site-packages/airflow/example_dags/example_display_name.py
[2025-05-28T13:49:46.523+0000] {logging_mixin.py:190} INFO - [2025-05-28T13:49:46.523+0000] {dag.py:3239} INFO - Sync 1 DAGs
[2025-05-28T13:49:46.540+0000] {logging_mixin.py:190} INFO - [2025-05-28T13:49:46.540+0000] {dag.py:4180} INFO - Setting next_dagrun for example_display_name to None, run_after=None
[2025-05-28T13:49:46.557+0000] {processor.py:208} INFO - Processing /home/airflow/.local/lib/python3.12/site-packages/airflow/example_dags/example_display_name.py took 0.077 seconds
[2025-05-28T13:50:17.179+0000] {processor.py:186} INFO - Started process (PID=1766) to work on /home/airflow/.local/lib/python3.12/site-packages/airflow/example_dags/example_display_name.py
[2025-05-28T13:50:17.180+0000] {processor.py:914} INFO - Processing file /home/airflow/.local/lib/python3.12/site-packages/airflow/example_dags/example_display_name.py for tasks to queue
[2025-05-28T13:50:17.181+0000] {logging_mixin.py:190} INFO - [2025-05-28T13:50:17.181+0000] {dagbag.py:588} INFO - Filling up the DagBag from /home/airflow/.local/lib/python3.12/site-packages/airflow/example_dags/example_display_name.py
[2025-05-28T13:50:17.189+0000] {processor.py:925} INFO - DAG(s) 'example_display_name' retrieved from /home/airflow/.local/lib/python3.12/site-packages/airflow/example_dags/example_display_name.py
[2025-05-28T13:50:17.208+0000] {logging_mixin.py:190} INFO - [2025-05-28T13:50:17.208+0000] {dag.py:3239} INFO - Sync 1 DAGs
[2025-05-28T13:50:17.222+0000] {logging_mixin.py:190} INFO - [2025-05-28T13:50:17.221+0000] {dag.py:4180} INFO - Setting next_dagrun for example_display_name to None, run_after=None
[2025-05-28T13:50:17.238+0000] {processor.py:208} INFO - Processing /home/airflow/.local/lib/python3.12/site-packages/airflow/example_dags/example_display_name.py took 0.065 seconds
[2025-05-28T13:50:48.627+0000] {processor.py:186} INFO - Started process (PID=1831) to work on /home/airflow/.local/lib/python3.12/site-packages/airflow/example_dags/example_display_name.py
[2025-05-28T13:50:48.628+0000] {processor.py:914} INFO - Processing file /home/airflow/.local/lib/python3.12/site-packages/airflow/example_dags/example_display_name.py for tasks to queue
[2025-05-28T13:50:48.629+0000] {logging_mixin.py:190} INFO - [2025-05-28T13:50:48.629+0000] {dagbag.py:588} INFO - Filling up the DagBag from /home/airflow/.local/lib/python3.12/site-packages/airflow/example_dags/example_display_name.py
[2025-05-28T13:50:48.637+0000] {processor.py:925} INFO - DAG(s) 'example_display_name' retrieved from /home/airflow/.local/lib/python3.12/site-packages/airflow/example_dags/example_display_name.py
[2025-05-28T13:50:48.654+0000] {logging_mixin.py:190} INFO - [2025-05-28T13:50:48.654+0000] {dag.py:3239} INFO - Sync 1 DAGs
[2025-05-28T13:50:48.675+0000] {logging_mixin.py:190} INFO - [2025-05-28T13:50:48.675+0000] {dag.py:4180} INFO - Setting next_dagrun for example_display_name to None, run_after=None
[2025-05-28T13:50:48.688+0000] {processor.py:208} INFO - Processing /home/airflow/.local/lib/python3.12/site-packages/airflow/example_dags/example_display_name.py took 0.067 seconds
[2025-05-28T13:51:20.434+0000] {processor.py:186} INFO - Started process (PID=1907) to work on /home/airflow/.local/lib/python3.12/site-packages/airflow/example_dags/example_display_name.py
[2025-05-28T13:51:20.435+0000] {processor.py:914} INFO - Processing file /home/airflow/.local/lib/python3.12/site-packages/airflow/example_dags/example_display_name.py for tasks to queue
[2025-05-28T13:51:20.436+0000] {logging_mixin.py:190} INFO - [2025-05-28T13:51:20.436+0000] {dagbag.py:588} INFO - Filling up the DagBag from /home/airflow/.local/lib/python3.12/site-packages/airflow/example_dags/example_display_name.py
[2025-05-28T13:51:20.445+0000] {processor.py:925} INFO - DAG(s) 'example_display_name' retrieved from /home/airflow/.local/lib/python3.12/site-packages/airflow/example_dags/example_display_name.py
[2025-05-28T13:51:20.493+0000] {logging_mixin.py:190} INFO - [2025-05-28T13:51:20.492+0000] {dag.py:3239} INFO - Sync 1 DAGs
[2025-05-28T13:51:20.508+0000] {logging_mixin.py:190} INFO - [2025-05-28T13:51:20.507+0000] {dag.py:4180} INFO - Setting next_dagrun for example_display_name to None, run_after=None
[2025-05-28T13:51:20.525+0000] {processor.py:208} INFO - Processing /home/airflow/.local/lib/python3.12/site-packages/airflow/example_dags/example_display_name.py took 0.097 seconds
[2025-05-28T13:51:51.907+0000] {processor.py:186} INFO - Started process (PID=1976) to work on /home/airflow/.local/lib/python3.12/site-packages/airflow/example_dags/example_display_name.py
[2025-05-28T13:51:51.908+0000] {processor.py:914} INFO - Processing file /home/airflow/.local/lib/python3.12/site-packages/airflow/example_dags/example_display_name.py for tasks to queue
[2025-05-28T13:51:51.909+0000] {logging_mixin.py:190} INFO - [2025-05-28T13:51:51.909+0000] {dagbag.py:588} INFO - Filling up the DagBag from /home/airflow/.local/lib/python3.12/site-packages/airflow/example_dags/example_display_name.py
[2025-05-28T13:51:51.918+0000] {processor.py:925} INFO - DAG(s) 'example_display_name' retrieved from /home/airflow/.local/lib/python3.12/site-packages/airflow/example_dags/example_display_name.py
[2025-05-28T13:51:51.938+0000] {logging_mixin.py:190} INFO - [2025-05-28T13:51:51.938+0000] {dag.py:3239} INFO - Sync 1 DAGs
[2025-05-28T13:51:51.953+0000] {logging_mixin.py:190} INFO - [2025-05-28T13:51:51.953+0000] {dag.py:4180} INFO - Setting next_dagrun for example_display_name to None, run_after=None
[2025-05-28T13:51:51.968+0000] {processor.py:208} INFO - Processing /home/airflow/.local/lib/python3.12/site-packages/airflow/example_dags/example_display_name.py took 0.068 seconds
[2025-05-28T13:52:22.762+0000] {processor.py:186} INFO - Started process (PID=2041) to work on /home/airflow/.local/lib/python3.12/site-packages/airflow/example_dags/example_display_name.py
[2025-05-28T13:52:22.763+0000] {processor.py:914} INFO - Processing file /home/airflow/.local/lib/python3.12/site-packages/airflow/example_dags/example_display_name.py for tasks to queue
[2025-05-28T13:52:22.764+0000] {logging_mixin.py:190} INFO - [2025-05-28T13:52:22.764+0000] {dagbag.py:588} INFO - Filling up the DagBag from /home/airflow/.local/lib/python3.12/site-packages/airflow/example_dags/example_display_name.py
[2025-05-28T13:52:22.782+0000] {processor.py:925} INFO - DAG(s) 'example_display_name' retrieved from /home/airflow/.local/lib/python3.12/site-packages/airflow/example_dags/example_display_name.py
[2025-05-28T13:52:22.802+0000] {logging_mixin.py:190} INFO - [2025-05-28T13:52:22.801+0000] {dag.py:3239} INFO - Sync 1 DAGs
[2025-05-28T13:52:22.816+0000] {logging_mixin.py:190} INFO - [2025-05-28T13:52:22.816+0000] {dag.py:4180} INFO - Setting next_dagrun for example_display_name to None, run_after=None
[2025-05-28T13:52:22.835+0000] {processor.py:208} INFO - Processing /home/airflow/.local/lib/python3.12/site-packages/airflow/example_dags/example_display_name.py took 0.080 seconds
[2025-05-28T13:52:54.392+0000] {processor.py:186} INFO - Started process (PID=2106) to work on /home/airflow/.local/lib/python3.12/site-packages/airflow/example_dags/example_display_name.py
[2025-05-28T13:52:54.393+0000] {processor.py:914} INFO - Processing file /home/airflow/.local/lib/python3.12/site-packages/airflow/example_dags/example_display_name.py for tasks to queue
[2025-05-28T13:52:54.394+0000] {logging_mixin.py:190} INFO - [2025-05-28T13:52:54.394+0000] {dagbag.py:588} INFO - Filling up the DagBag from /home/airflow/.local/lib/python3.12/site-packages/airflow/example_dags/example_display_name.py
[2025-05-28T13:52:54.402+0000] {processor.py:925} INFO - DAG(s) 'example_display_name' retrieved from /home/airflow/.local/lib/python3.12/site-packages/airflow/example_dags/example_display_name.py
[2025-05-28T13:52:54.422+0000] {logging_mixin.py:190} INFO - [2025-05-28T13:52:54.422+0000] {dag.py:3239} INFO - Sync 1 DAGs
[2025-05-28T13:52:54.436+0000] {logging_mixin.py:190} INFO - [2025-05-28T13:52:54.436+0000] {dag.py:4180} INFO - Setting next_dagrun for example_display_name to None, run_after=None
[2025-05-28T13:52:54.451+0000] {processor.py:208} INFO - Processing /home/airflow/.local/lib/python3.12/site-packages/airflow/example_dags/example_display_name.py took 0.065 seconds
[2025-05-28T13:53:25.282+0000] {processor.py:186} INFO - Started process (PID=2171) to work on /home/airflow/.local/lib/python3.12/site-packages/airflow/example_dags/example_display_name.py
[2025-05-28T13:53:25.283+0000] {processor.py:914} INFO - Processing file /home/airflow/.local/lib/python3.12/site-packages/airflow/example_dags/example_display_name.py for tasks to queue
[2025-05-28T13:53:25.284+0000] {logging_mixin.py:190} INFO - [2025-05-28T13:53:25.284+0000] {dagbag.py:588} INFO - Filling up the DagBag from /home/airflow/.local/lib/python3.12/site-packages/airflow/example_dags/example_display_name.py
[2025-05-28T13:53:25.293+0000] {processor.py:925} INFO - DAG(s) 'example_display_name' retrieved from /home/airflow/.local/lib/python3.12/site-packages/airflow/example_dags/example_display_name.py
[2025-05-28T13:53:25.316+0000] {logging_mixin.py:190} INFO - [2025-05-28T13:53:25.315+0000] {dag.py:3239} INFO - Sync 1 DAGs
[2025-05-28T13:53:25.331+0000] {logging_mixin.py:190} INFO - [2025-05-28T13:53:25.330+0000] {dag.py:4180} INFO - Setting next_dagrun for example_display_name to None, run_after=None
[2025-05-28T13:53:25.346+0000] {processor.py:208} INFO - Processing /home/airflow/.local/lib/python3.12/site-packages/airflow/example_dags/example_display_name.py took 0.070 seconds
[2025-05-28T13:53:57.071+0000] {processor.py:186} INFO - Started process (PID=2236) to work on /home/airflow/.local/lib/python3.12/site-packages/airflow/example_dags/example_display_name.py
[2025-05-28T13:53:57.072+0000] {processor.py:914} INFO - Processing file /home/airflow/.local/lib/python3.12/site-packages/airflow/example_dags/example_display_name.py for tasks to queue
[2025-05-28T13:53:57.073+0000] {logging_mixin.py:190} INFO - [2025-05-28T13:53:57.073+0000] {dagbag.py:588} INFO - Filling up the DagBag from /home/airflow/.local/lib/python3.12/site-packages/airflow/example_dags/example_display_name.py
[2025-05-28T13:53:57.084+0000] {processor.py:925} INFO - DAG(s) 'example_display_name' retrieved from /home/airflow/.local/lib/python3.12/site-packages/airflow/example_dags/example_display_name.py
[2025-05-28T13:53:57.111+0000] {logging_mixin.py:190} INFO - [2025-05-28T13:53:57.111+0000] {dag.py:3239} INFO - Sync 1 DAGs
[2025-05-28T13:53:57.130+0000] {logging_mixin.py:190} INFO - [2025-05-28T13:53:57.130+0000] {dag.py:4180} INFO - Setting next_dagrun for example_display_name to None, run_after=None
[2025-05-28T13:53:57.150+0000] {processor.py:208} INFO - Processing /home/airflow/.local/lib/python3.12/site-packages/airflow/example_dags/example_display_name.py took 0.087 seconds
[2025-05-28T13:54:28.453+0000] {processor.py:186} INFO - Started process (PID=2301) to work on /home/airflow/.local/lib/python3.12/site-packages/airflow/example_dags/example_display_name.py
[2025-05-28T13:54:28.454+0000] {processor.py:914} INFO - Processing file /home/airflow/.local/lib/python3.12/site-packages/airflow/example_dags/example_display_name.py for tasks to queue
[2025-05-28T13:54:28.456+0000] {logging_mixin.py:190} INFO - [2025-05-28T13:54:28.455+0000] {dagbag.py:588} INFO - Filling up the DagBag from /home/airflow/.local/lib/python3.12/site-packages/airflow/example_dags/example_display_name.py
[2025-05-28T13:54:28.464+0000] {processor.py:925} INFO - DAG(s) 'example_display_name' retrieved from /home/airflow/.local/lib/python3.12/site-packages/airflow/example_dags/example_display_name.py
[2025-05-28T13:54:28.493+0000] {logging_mixin.py:190} INFO - [2025-05-28T13:54:28.493+0000] {dag.py:3239} INFO - Sync 1 DAGs
[2025-05-28T13:54:28.509+0000] {logging_mixin.py:190} INFO - [2025-05-28T13:54:28.509+0000] {dag.py:4180} INFO - Setting next_dagrun for example_display_name to None, run_after=None
[2025-05-28T13:54:28.530+0000] {processor.py:208} INFO - Processing /home/airflow/.local/lib/python3.12/site-packages/airflow/example_dags/example_display_name.py took 0.084 seconds
[2025-05-28T13:54:59.941+0000] {processor.py:186} INFO - Started process (PID=2366) to work on /home/airflow/.local/lib/python3.12/site-packages/airflow/example_dags/example_display_name.py
[2025-05-28T13:54:59.942+0000] {processor.py:914} INFO - Processing file /home/airflow/.local/lib/python3.12/site-packages/airflow/example_dags/example_display_name.py for tasks to queue
[2025-05-28T13:54:59.943+0000] {logging_mixin.py:190} INFO - [2025-05-28T13:54:59.943+0000] {dagbag.py:588} INFO - Filling up the DagBag from /home/airflow/.local/lib/python3.12/site-packages/airflow/example_dags/example_display_name.py
[2025-05-28T13:54:59.980+0000] {processor.py:925} INFO - DAG(s) 'example_display_name' retrieved from /home/airflow/.local/lib/python3.12/site-packages/airflow/example_dags/example_display_name.py
[2025-05-28T13:55:00.003+0000] {logging_mixin.py:190} INFO - [2025-05-28T13:55:00.002+0000] {dag.py:3239} INFO - Sync 1 DAGs
[2025-05-28T13:55:00.019+0000] {logging_mixin.py:190} INFO - [2025-05-28T13:55:00.018+0000] {dag.py:4180} INFO - Setting next_dagrun for example_display_name to None, run_after=None
[2025-05-28T13:55:00.037+0000] {processor.py:208} INFO - Processing /home/airflow/.local/lib/python3.12/site-packages/airflow/example_dags/example_display_name.py took 0.102 seconds
[2025-05-28T13:55:31.302+0000] {processor.py:186} INFO - Started process (PID=2431) to work on /home/airflow/.local/lib/python3.12/site-packages/airflow/example_dags/example_display_name.py
[2025-05-28T13:55:31.303+0000] {processor.py:914} INFO - Processing file /home/airflow/.local/lib/python3.12/site-packages/airflow/example_dags/example_display_name.py for tasks to queue
[2025-05-28T13:55:31.304+0000] {logging_mixin.py:190} INFO - [2025-05-28T13:55:31.304+0000] {dagbag.py:588} INFO - Filling up the DagBag from /home/airflow/.local/lib/python3.12/site-packages/airflow/example_dags/example_display_name.py
[2025-05-28T13:55:31.314+0000] {processor.py:925} INFO - DAG(s) 'example_display_name' retrieved from /home/airflow/.local/lib/python3.12/site-packages/airflow/example_dags/example_display_name.py
[2025-05-28T13:55:31.337+0000] {logging_mixin.py:190} INFO - [2025-05-28T13:55:31.337+0000] {dag.py:3239} INFO - Sync 1 DAGs
[2025-05-28T13:55:31.353+0000] {logging_mixin.py:190} INFO - [2025-05-28T13:55:31.353+0000] {dag.py:4180} INFO - Setting next_dagrun for example_display_name to None, run_after=None
[2025-05-28T13:55:31.371+0000] {processor.py:208} INFO - Processing /home/airflow/.local/lib/python3.12/site-packages/airflow/example_dags/example_display_name.py took 0.076 seconds
[2025-05-28T13:56:03.393+0000] {processor.py:186} INFO - Started process (PID=2496) to work on /home/airflow/.local/lib/python3.12/site-packages/airflow/example_dags/example_display_name.py
[2025-05-28T13:56:03.394+0000] {processor.py:914} INFO - Processing file /home/airflow/.local/lib/python3.12/site-packages/airflow/example_dags/example_display_name.py for tasks to queue
[2025-05-28T13:56:03.395+0000] {logging_mixin.py:190} INFO - [2025-05-28T13:56:03.395+0000] {dagbag.py:588} INFO - Filling up the DagBag from /home/airflow/.local/lib/python3.12/site-packages/airflow/example_dags/example_display_name.py
[2025-05-28T13:56:03.404+0000] {processor.py:925} INFO - DAG(s) 'example_display_name' retrieved from /home/airflow/.local/lib/python3.12/site-packages/airflow/example_dags/example_display_name.py
[2025-05-28T13:56:03.428+0000] {logging_mixin.py:190} INFO - [2025-05-28T13:56:03.428+0000] {dag.py:3239} INFO - Sync 1 DAGs
[2025-05-28T13:56:03.445+0000] {logging_mixin.py:190} INFO - [2025-05-28T13:56:03.445+0000] {dag.py:4180} INFO - Setting next_dagrun for example_display_name to None, run_after=None
[2025-05-28T13:56:03.461+0000] {processor.py:208} INFO - Processing /home/airflow/.local/lib/python3.12/site-packages/airflow/example_dags/example_display_name.py took 0.075 seconds
[2025-05-28T13:56:34.527+0000] {processor.py:186} INFO - Started process (PID=2561) to work on /home/airflow/.local/lib/python3.12/site-packages/airflow/example_dags/example_display_name.py
[2025-05-28T13:56:34.528+0000] {processor.py:914} INFO - Processing file /home/airflow/.local/lib/python3.12/site-packages/airflow/example_dags/example_display_name.py for tasks to queue
[2025-05-28T13:56:34.529+0000] {logging_mixin.py:190} INFO - [2025-05-28T13:56:34.529+0000] {dagbag.py:588} INFO - Filling up the DagBag from /home/airflow/.local/lib/python3.12/site-packages/airflow/example_dags/example_display_name.py
[2025-05-28T13:56:34.538+0000] {processor.py:925} INFO - DAG(s) 'example_display_name' retrieved from /home/airflow/.local/lib/python3.12/site-packages/airflow/example_dags/example_display_name.py
[2025-05-28T13:56:34.557+0000] {logging_mixin.py:190} INFO - [2025-05-28T13:56:34.557+0000] {dag.py:3239} INFO - Sync 1 DAGs
[2025-05-28T13:56:34.576+0000] {logging_mixin.py:190} INFO - [2025-05-28T13:56:34.575+0000] {dag.py:4180} INFO - Setting next_dagrun for example_display_name to None, run_after=None
[2025-05-28T13:56:34.591+0000] {processor.py:208} INFO - Processing /home/airflow/.local/lib/python3.12/site-packages/airflow/example_dags/example_display_name.py took 0.070 seconds
[2025-05-28T13:57:05.647+0000] {processor.py:186} INFO - Started process (PID=2626) to work on /home/airflow/.local/lib/python3.12/site-packages/airflow/example_dags/example_display_name.py
[2025-05-28T13:57:05.648+0000] {processor.py:914} INFO - Processing file /home/airflow/.local/lib/python3.12/site-packages/airflow/example_dags/example_display_name.py for tasks to queue
[2025-05-28T13:57:05.649+0000] {logging_mixin.py:190} INFO - [2025-05-28T13:57:05.649+0000] {dagbag.py:588} INFO - Filling up the DagBag from /home/airflow/.local/lib/python3.12/site-packages/airflow/example_dags/example_display_name.py
[2025-05-28T13:57:05.658+0000] {processor.py:925} INFO - DAG(s) 'example_display_name' retrieved from /home/airflow/.local/lib/python3.12/site-packages/airflow/example_dags/example_display_name.py
[2025-05-28T13:57:05.677+0000] {logging_mixin.py:190} INFO - [2025-05-28T13:57:05.677+0000] {dag.py:3239} INFO - Sync 1 DAGs
[2025-05-28T13:57:05.692+0000] {logging_mixin.py:190} INFO - [2025-05-28T13:57:05.692+0000] {dag.py:4180} INFO - Setting next_dagrun for example_display_name to None, run_after=None
[2025-05-28T13:57:05.708+0000] {processor.py:208} INFO - Processing /home/airflow/.local/lib/python3.12/site-packages/airflow/example_dags/example_display_name.py took 0.068 seconds
[2025-05-28T13:57:37.341+0000] {processor.py:186} INFO - Started process (PID=2691) to work on /home/airflow/.local/lib/python3.12/site-packages/airflow/example_dags/example_display_name.py
[2025-05-28T13:57:37.342+0000] {processor.py:914} INFO - Processing file /home/airflow/.local/lib/python3.12/site-packages/airflow/example_dags/example_display_name.py for tasks to queue
[2025-05-28T13:57:37.344+0000] {logging_mixin.py:190} INFO - [2025-05-28T13:57:37.343+0000] {dagbag.py:588} INFO - Filling up the DagBag from /home/airflow/.local/lib/python3.12/site-packages/airflow/example_dags/example_display_name.py
[2025-05-28T13:57:37.352+0000] {processor.py:925} INFO - DAG(s) 'example_display_name' retrieved from /home/airflow/.local/lib/python3.12/site-packages/airflow/example_dags/example_display_name.py
[2025-05-28T13:57:37.372+0000] {logging_mixin.py:190} INFO - [2025-05-28T13:57:37.372+0000] {dag.py:3239} INFO - Sync 1 DAGs
[2025-05-28T13:57:37.389+0000] {logging_mixin.py:190} INFO - [2025-05-28T13:57:37.389+0000] {dag.py:4180} INFO - Setting next_dagrun for example_display_name to None, run_after=None
[2025-05-28T13:57:37.406+0000] {processor.py:208} INFO - Processing /home/airflow/.local/lib/python3.12/site-packages/airflow/example_dags/example_display_name.py took 0.071 seconds
[2025-05-28T13:58:08.616+0000] {processor.py:186} INFO - Started process (PID=2756) to work on /home/airflow/.local/lib/python3.12/site-packages/airflow/example_dags/example_display_name.py
[2025-05-28T13:58:08.617+0000] {processor.py:914} INFO - Processing file /home/airflow/.local/lib/python3.12/site-packages/airflow/example_dags/example_display_name.py for tasks to queue
[2025-05-28T13:58:08.618+0000] {logging_mixin.py:190} INFO - [2025-05-28T13:58:08.618+0000] {dagbag.py:588} INFO - Filling up the DagBag from /home/airflow/.local/lib/python3.12/site-packages/airflow/example_dags/example_display_name.py
[2025-05-28T13:58:08.627+0000] {processor.py:925} INFO - DAG(s) 'example_display_name' retrieved from /home/airflow/.local/lib/python3.12/site-packages/airflow/example_dags/example_display_name.py
[2025-05-28T13:58:08.649+0000] {logging_mixin.py:190} INFO - [2025-05-28T13:58:08.648+0000] {dag.py:3239} INFO - Sync 1 DAGs
[2025-05-28T13:58:08.665+0000] {logging_mixin.py:190} INFO - [2025-05-28T13:58:08.664+0000] {dag.py:4180} INFO - Setting next_dagrun for example_display_name to None, run_after=None
[2025-05-28T13:58:08.683+0000] {processor.py:208} INFO - Processing /home/airflow/.local/lib/python3.12/site-packages/airflow/example_dags/example_display_name.py took 0.074 seconds
[2025-05-28T13:58:40.053+0000] {processor.py:186} INFO - Started process (PID=2821) to work on /home/airflow/.local/lib/python3.12/site-packages/airflow/example_dags/example_display_name.py
[2025-05-28T13:58:40.054+0000] {processor.py:914} INFO - Processing file /home/airflow/.local/lib/python3.12/site-packages/airflow/example_dags/example_display_name.py for tasks to queue
[2025-05-28T13:58:40.055+0000] {logging_mixin.py:190} INFO - [2025-05-28T13:58:40.055+0000] {dagbag.py:588} INFO - Filling up the DagBag from /home/airflow/.local/lib/python3.12/site-packages/airflow/example_dags/example_display_name.py
[2025-05-28T13:58:40.064+0000] {processor.py:925} INFO - DAG(s) 'example_display_name' retrieved from /home/airflow/.local/lib/python3.12/site-packages/airflow/example_dags/example_display_name.py
[2025-05-28T13:58:40.092+0000] {logging_mixin.py:190} INFO - [2025-05-28T13:58:40.092+0000] {dag.py:3239} INFO - Sync 1 DAGs
[2025-05-28T13:58:40.108+0000] {logging_mixin.py:190} INFO - [2025-05-28T13:58:40.108+0000] {dag.py:4180} INFO - Setting next_dagrun for example_display_name to None, run_after=None
[2025-05-28T13:58:40.127+0000] {processor.py:208} INFO - Processing /home/airflow/.local/lib/python3.12/site-packages/airflow/example_dags/example_display_name.py took 0.080 seconds
[2025-05-28T13:59:11.748+0000] {processor.py:186} INFO - Started process (PID=2886) to work on /home/airflow/.local/lib/python3.12/site-packages/airflow/example_dags/example_display_name.py
[2025-05-28T13:59:11.750+0000] {processor.py:914} INFO - Processing file /home/airflow/.local/lib/python3.12/site-packages/airflow/example_dags/example_display_name.py for tasks to queue
[2025-05-28T13:59:11.752+0000] {logging_mixin.py:190} INFO - [2025-05-28T13:59:11.751+0000] {dagbag.py:588} INFO - Filling up the DagBag from /home/airflow/.local/lib/python3.12/site-packages/airflow/example_dags/example_display_name.py
[2025-05-28T13:59:11.763+0000] {processor.py:925} INFO - DAG(s) 'example_display_name' retrieved from /home/airflow/.local/lib/python3.12/site-packages/airflow/example_dags/example_display_name.py
[2025-05-28T13:59:11.786+0000] {logging_mixin.py:190} INFO - [2025-05-28T13:59:11.786+0000] {dag.py:3239} INFO - Sync 1 DAGs
[2025-05-28T13:59:11.803+0000] {logging_mixin.py:190} INFO - [2025-05-28T13:59:11.802+0000] {dag.py:4180} INFO - Setting next_dagrun for example_display_name to None, run_after=None
[2025-05-28T13:59:11.821+0000] {processor.py:208} INFO - Processing /home/airflow/.local/lib/python3.12/site-packages/airflow/example_dags/example_display_name.py took 0.080 seconds
[2025-05-28T13:59:43.648+0000] {processor.py:186} INFO - Started process (PID=2953) to work on /home/airflow/.local/lib/python3.12/site-packages/airflow/example_dags/example_display_name.py
[2025-05-28T13:59:43.650+0000] {processor.py:914} INFO - Processing file /home/airflow/.local/lib/python3.12/site-packages/airflow/example_dags/example_display_name.py for tasks to queue
[2025-05-28T13:59:43.651+0000] {logging_mixin.py:190} INFO - [2025-05-28T13:59:43.651+0000] {dagbag.py:588} INFO - Filling up the DagBag from /home/airflow/.local/lib/python3.12/site-packages/airflow/example_dags/example_display_name.py
[2025-05-28T13:59:43.663+0000] {processor.py:925} INFO - DAG(s) 'example_display_name' retrieved from /home/airflow/.local/lib/python3.12/site-packages/airflow/example_dags/example_display_name.py
[2025-05-28T13:59:43.689+0000] {logging_mixin.py:190} INFO - [2025-05-28T13:59:43.689+0000] {dag.py:3239} INFO - Sync 1 DAGs
[2025-05-28T13:59:43.707+0000] {logging_mixin.py:190} INFO - [2025-05-28T13:59:43.707+0000] {dag.py:4180} INFO - Setting next_dagrun for example_display_name to None, run_after=None
[2025-05-28T13:59:43.729+0000] {processor.py:208} INFO - Processing /home/airflow/.local/lib/python3.12/site-packages/airflow/example_dags/example_display_name.py took 0.089 seconds
[2025-05-28T14:00:14.949+0000] {processor.py:186} INFO - Started process (PID=3018) to work on /home/airflow/.local/lib/python3.12/site-packages/airflow/example_dags/example_display_name.py
[2025-05-28T14:00:14.951+0000] {processor.py:914} INFO - Processing file /home/airflow/.local/lib/python3.12/site-packages/airflow/example_dags/example_display_name.py for tasks to queue
[2025-05-28T14:00:14.952+0000] {logging_mixin.py:190} INFO - [2025-05-28T14:00:14.952+0000] {dagbag.py:588} INFO - Filling up the DagBag from /home/airflow/.local/lib/python3.12/site-packages/airflow/example_dags/example_display_name.py
[2025-05-28T14:00:14.964+0000] {processor.py:925} INFO - DAG(s) 'example_display_name' retrieved from /home/airflow/.local/lib/python3.12/site-packages/airflow/example_dags/example_display_name.py
[2025-05-28T14:00:14.990+0000] {logging_mixin.py:190} INFO - [2025-05-28T14:00:14.989+0000] {dag.py:3239} INFO - Sync 1 DAGs
[2025-05-28T14:00:15.008+0000] {logging_mixin.py:190} INFO - [2025-05-28T14:00:15.007+0000] {dag.py:4180} INFO - Setting next_dagrun for example_display_name to None, run_after=None
[2025-05-28T14:00:15.030+0000] {processor.py:208} INFO - Processing /home/airflow/.local/lib/python3.12/site-packages/airflow/example_dags/example_display_name.py took 0.089 seconds
[2025-05-28T14:00:45.976+0000] {processor.py:186} INFO - Started process (PID=3083) to work on /home/airflow/.local/lib/python3.12/site-packages/airflow/example_dags/example_display_name.py
[2025-05-28T14:00:45.977+0000] {processor.py:914} INFO - Processing file /home/airflow/.local/lib/python3.12/site-packages/airflow/example_dags/example_display_name.py for tasks to queue
[2025-05-28T14:00:45.978+0000] {logging_mixin.py:190} INFO - [2025-05-28T14:00:45.978+0000] {dagbag.py:588} INFO - Filling up the DagBag from /home/airflow/.local/lib/python3.12/site-packages/airflow/example_dags/example_display_name.py
[2025-05-28T14:00:45.988+0000] {processor.py:925} INFO - DAG(s) 'example_display_name' retrieved from /home/airflow/.local/lib/python3.12/site-packages/airflow/example_dags/example_display_name.py
[2025-05-28T14:00:46.015+0000] {logging_mixin.py:190} INFO - [2025-05-28T14:00:46.014+0000] {dag.py:3239} INFO - Sync 1 DAGs
[2025-05-28T14:00:46.036+0000] {logging_mixin.py:190} INFO - [2025-05-28T14:00:46.035+0000] {dag.py:4180} INFO - Setting next_dagrun for example_display_name to None, run_after=None
[2025-05-28T14:00:46.063+0000] {processor.py:208} INFO - Processing /home/airflow/.local/lib/python3.12/site-packages/airflow/example_dags/example_display_name.py took 0.095 seconds
[2025-05-28T14:01:18.439+0000] {processor.py:186} INFO - Started process (PID=3150) to work on /home/airflow/.local/lib/python3.12/site-packages/airflow/example_dags/example_display_name.py
[2025-05-28T14:01:18.440+0000] {processor.py:914} INFO - Processing file /home/airflow/.local/lib/python3.12/site-packages/airflow/example_dags/example_display_name.py for tasks to queue
[2025-05-28T14:01:18.444+0000] {logging_mixin.py:190} INFO - [2025-05-28T14:01:18.443+0000] {dagbag.py:588} INFO - Filling up the DagBag from /home/airflow/.local/lib/python3.12/site-packages/airflow/example_dags/example_display_name.py
[2025-05-28T14:01:18.456+0000] {processor.py:925} INFO - DAG(s) 'example_display_name' retrieved from /home/airflow/.local/lib/python3.12/site-packages/airflow/example_dags/example_display_name.py
[2025-05-28T14:01:18.488+0000] {logging_mixin.py:190} INFO - [2025-05-28T14:01:18.487+0000] {dag.py:3239} INFO - Sync 1 DAGs
[2025-05-28T14:01:18.518+0000] {logging_mixin.py:190} INFO - [2025-05-28T14:01:18.518+0000] {dag.py:4180} INFO - Setting next_dagrun for example_display_name to None, run_after=None
[2025-05-28T14:01:18.544+0000] {processor.py:208} INFO - Processing /home/airflow/.local/lib/python3.12/site-packages/airflow/example_dags/example_display_name.py took 0.113 seconds
[2025-05-28T14:01:49.035+0000] {processor.py:186} INFO - Started process (PID=3215) to work on /home/airflow/.local/lib/python3.12/site-packages/airflow/example_dags/example_display_name.py
[2025-05-28T14:01:49.036+0000] {processor.py:914} INFO - Processing file /home/airflow/.local/lib/python3.12/site-packages/airflow/example_dags/example_display_name.py for tasks to queue
[2025-05-28T14:01:49.038+0000] {logging_mixin.py:190} INFO - [2025-05-28T14:01:49.037+0000] {dagbag.py:588} INFO - Filling up the DagBag from /home/airflow/.local/lib/python3.12/site-packages/airflow/example_dags/example_display_name.py
[2025-05-28T14:01:49.077+0000] {processor.py:925} INFO - DAG(s) 'example_display_name' retrieved from /home/airflow/.local/lib/python3.12/site-packages/airflow/example_dags/example_display_name.py
[2025-05-28T14:01:49.109+0000] {logging_mixin.py:190} INFO - [2025-05-28T14:01:49.108+0000] {dag.py:3239} INFO - Sync 1 DAGs
[2025-05-28T14:01:49.134+0000] {logging_mixin.py:190} INFO - [2025-05-28T14:01:49.133+0000] {dag.py:4180} INFO - Setting next_dagrun for example_display_name to None, run_after=None
[2025-05-28T14:01:49.192+0000] {processor.py:208} INFO - Processing /home/airflow/.local/lib/python3.12/site-packages/airflow/example_dags/example_display_name.py took 0.165 seconds
[2025-05-28T14:02:19.982+0000] {processor.py:186} INFO - Started process (PID=3279) to work on /home/airflow/.local/lib/python3.12/site-packages/airflow/example_dags/example_display_name.py
[2025-05-28T14:02:19.984+0000] {processor.py:914} INFO - Processing file /home/airflow/.local/lib/python3.12/site-packages/airflow/example_dags/example_display_name.py for tasks to queue
[2025-05-28T14:02:19.986+0000] {logging_mixin.py:190} INFO - [2025-05-28T14:02:19.985+0000] {dagbag.py:588} INFO - Filling up the DagBag from /home/airflow/.local/lib/python3.12/site-packages/airflow/example_dags/example_display_name.py
[2025-05-28T14:02:20.003+0000] {processor.py:925} INFO - DAG(s) 'example_display_name' retrieved from /home/airflow/.local/lib/python3.12/site-packages/airflow/example_dags/example_display_name.py
[2025-05-28T14:02:20.092+0000] {logging_mixin.py:190} INFO - [2025-05-28T14:02:20.091+0000] {dag.py:3239} INFO - Sync 1 DAGs
[2025-05-28T14:02:20.117+0000] {logging_mixin.py:190} INFO - [2025-05-28T14:02:20.116+0000] {dag.py:4180} INFO - Setting next_dagrun for example_display_name to None, run_after=None
[2025-05-28T14:02:20.201+0000] {processor.py:208} INFO - Processing /home/airflow/.local/lib/python3.12/site-packages/airflow/example_dags/example_display_name.py took 0.233 seconds
[2025-05-28T14:02:50.458+0000] {processor.py:186} INFO - Started process (PID=3343) to work on /home/airflow/.local/lib/python3.12/site-packages/airflow/example_dags/example_display_name.py
[2025-05-28T14:02:50.460+0000] {processor.py:914} INFO - Processing file /home/airflow/.local/lib/python3.12/site-packages/airflow/example_dags/example_display_name.py for tasks to queue
[2025-05-28T14:02:50.461+0000] {logging_mixin.py:190} INFO - [2025-05-28T14:02:50.460+0000] {dagbag.py:588} INFO - Filling up the DagBag from /home/airflow/.local/lib/python3.12/site-packages/airflow/example_dags/example_display_name.py
[2025-05-28T14:02:50.470+0000] {processor.py:925} INFO - DAG(s) 'example_display_name' retrieved from /home/airflow/.local/lib/python3.12/site-packages/airflow/example_dags/example_display_name.py
[2025-05-28T14:02:50.498+0000] {logging_mixin.py:190} INFO - [2025-05-28T14:02:50.498+0000] {dag.py:3239} INFO - Sync 1 DAGs
[2025-05-28T14:02:50.519+0000] {logging_mixin.py:190} INFO - [2025-05-28T14:02:50.518+0000] {dag.py:4180} INFO - Setting next_dagrun for example_display_name to None, run_after=None
[2025-05-28T14:02:50.545+0000] {processor.py:208} INFO - Processing /home/airflow/.local/lib/python3.12/site-packages/airflow/example_dags/example_display_name.py took 0.094 seconds
[2025-05-28T14:03:20.874+0000] {processor.py:186} INFO - Started process (PID=3408) to work on /home/airflow/.local/lib/python3.12/site-packages/airflow/example_dags/example_display_name.py
[2025-05-28T14:03:20.876+0000] {processor.py:914} INFO - Processing file /home/airflow/.local/lib/python3.12/site-packages/airflow/example_dags/example_display_name.py for tasks to queue
[2025-05-28T14:03:20.877+0000] {logging_mixin.py:190} INFO - [2025-05-28T14:03:20.877+0000] {dagbag.py:588} INFO - Filling up the DagBag from /home/airflow/.local/lib/python3.12/site-packages/airflow/example_dags/example_display_name.py
[2025-05-28T14:03:20.893+0000] {processor.py:925} INFO - DAG(s) 'example_display_name' retrieved from /home/airflow/.local/lib/python3.12/site-packages/airflow/example_dags/example_display_name.py
[2025-05-28T14:03:20.930+0000] {logging_mixin.py:190} INFO - [2025-05-28T14:03:20.929+0000] {dag.py:3239} INFO - Sync 1 DAGs
[2025-05-28T14:03:20.949+0000] {logging_mixin.py:190} INFO - [2025-05-28T14:03:20.949+0000] {dag.py:4180} INFO - Setting next_dagrun for example_display_name to None, run_after=None
[2025-05-28T14:03:20.975+0000] {processor.py:208} INFO - Processing /home/airflow/.local/lib/python3.12/site-packages/airflow/example_dags/example_display_name.py took 0.110 seconds
[2025-05-28T14:03:51.557+0000] {processor.py:186} INFO - Started process (PID=3473) to work on /home/airflow/.local/lib/python3.12/site-packages/airflow/example_dags/example_display_name.py
[2025-05-28T14:03:51.558+0000] {processor.py:914} INFO - Processing file /home/airflow/.local/lib/python3.12/site-packages/airflow/example_dags/example_display_name.py for tasks to queue
[2025-05-28T14:03:51.560+0000] {logging_mixin.py:190} INFO - [2025-05-28T14:03:51.559+0000] {dagbag.py:588} INFO - Filling up the DagBag from /home/airflow/.local/lib/python3.12/site-packages/airflow/example_dags/example_display_name.py
[2025-05-28T14:03:51.572+0000] {processor.py:925} INFO - DAG(s) 'example_display_name' retrieved from /home/airflow/.local/lib/python3.12/site-packages/airflow/example_dags/example_display_name.py
[2025-05-28T14:03:51.598+0000] {logging_mixin.py:190} INFO - [2025-05-28T14:03:51.598+0000] {dag.py:3239} INFO - Sync 1 DAGs
[2025-05-28T14:03:51.619+0000] {logging_mixin.py:190} INFO - [2025-05-28T14:03:51.619+0000] {dag.py:4180} INFO - Setting next_dagrun for example_display_name to None, run_after=None
[2025-05-28T14:03:51.641+0000] {processor.py:208} INFO - Processing /home/airflow/.local/lib/python3.12/site-packages/airflow/example_dags/example_display_name.py took 0.093 seconds
[2025-05-28T14:04:21.750+0000] {processor.py:186} INFO - Started process (PID=3538) to work on /home/airflow/.local/lib/python3.12/site-packages/airflow/example_dags/example_display_name.py
[2025-05-28T14:04:21.751+0000] {processor.py:914} INFO - Processing file /home/airflow/.local/lib/python3.12/site-packages/airflow/example_dags/example_display_name.py for tasks to queue
[2025-05-28T14:04:21.752+0000] {logging_mixin.py:190} INFO - [2025-05-28T14:04:21.752+0000] {dagbag.py:588} INFO - Filling up the DagBag from /home/airflow/.local/lib/python3.12/site-packages/airflow/example_dags/example_display_name.py
[2025-05-28T14:04:21.763+0000] {processor.py:925} INFO - DAG(s) 'example_display_name' retrieved from /home/airflow/.local/lib/python3.12/site-packages/airflow/example_dags/example_display_name.py
[2025-05-28T14:04:21.795+0000] {logging_mixin.py:190} INFO - [2025-05-28T14:04:21.795+0000] {dag.py:3239} INFO - Sync 1 DAGs
[2025-05-28T14:04:21.817+0000] {logging_mixin.py:190} INFO - [2025-05-28T14:04:21.817+0000] {dag.py:4180} INFO - Setting next_dagrun for example_display_name to None, run_after=None
[2025-05-28T14:04:21.840+0000] {processor.py:208} INFO - Processing /home/airflow/.local/lib/python3.12/site-packages/airflow/example_dags/example_display_name.py took 0.098 seconds
[2025-05-28T14:04:52.815+0000] {processor.py:186} INFO - Started process (PID=3608) to work on /home/airflow/.local/lib/python3.12/site-packages/airflow/example_dags/example_display_name.py
[2025-05-28T14:04:52.816+0000] {processor.py:914} INFO - Processing file /home/airflow/.local/lib/python3.12/site-packages/airflow/example_dags/example_display_name.py for tasks to queue
[2025-05-28T14:04:52.817+0000] {logging_mixin.py:190} INFO - [2025-05-28T14:04:52.817+0000] {dagbag.py:588} INFO - Filling up the DagBag from /home/airflow/.local/lib/python3.12/site-packages/airflow/example_dags/example_display_name.py
[2025-05-28T14:04:52.828+0000] {processor.py:925} INFO - DAG(s) 'example_display_name' retrieved from /home/airflow/.local/lib/python3.12/site-packages/airflow/example_dags/example_display_name.py
[2025-05-28T14:04:52.859+0000] {logging_mixin.py:190} INFO - [2025-05-28T14:04:52.859+0000] {dag.py:3239} INFO - Sync 1 DAGs
[2025-05-28T14:04:52.882+0000] {logging_mixin.py:190} INFO - [2025-05-28T14:04:52.882+0000] {dag.py:4180} INFO - Setting next_dagrun for example_display_name to None, run_after=None
[2025-05-28T14:04:52.905+0000] {processor.py:208} INFO - Processing /home/airflow/.local/lib/python3.12/site-packages/airflow/example_dags/example_display_name.py took 0.097 seconds
[2025-05-28T14:05:23.861+0000] {processor.py:186} INFO - Started process (PID=3673) to work on /home/airflow/.local/lib/python3.12/site-packages/airflow/example_dags/example_display_name.py
[2025-05-28T14:05:23.862+0000] {processor.py:914} INFO - Processing file /home/airflow/.local/lib/python3.12/site-packages/airflow/example_dags/example_display_name.py for tasks to queue
[2025-05-28T14:05:23.864+0000] {logging_mixin.py:190} INFO - [2025-05-28T14:05:23.863+0000] {dagbag.py:588} INFO - Filling up the DagBag from /home/airflow/.local/lib/python3.12/site-packages/airflow/example_dags/example_display_name.py
[2025-05-28T14:05:23.875+0000] {processor.py:925} INFO - DAG(s) 'example_display_name' retrieved from /home/airflow/.local/lib/python3.12/site-packages/airflow/example_dags/example_display_name.py
[2025-05-28T14:05:23.904+0000] {logging_mixin.py:190} INFO - [2025-05-28T14:05:23.904+0000] {dag.py:3239} INFO - Sync 1 DAGs
[2025-05-28T14:05:23.921+0000] {logging_mixin.py:190} INFO - [2025-05-28T14:05:23.920+0000] {dag.py:4180} INFO - Setting next_dagrun for example_display_name to None, run_after=None
[2025-05-28T14:05:23.940+0000] {processor.py:208} INFO - Processing /home/airflow/.local/lib/python3.12/site-packages/airflow/example_dags/example_display_name.py took 0.086 seconds
[2025-05-28T14:05:54.368+0000] {processor.py:186} INFO - Started process (PID=3738) to work on /home/airflow/.local/lib/python3.12/site-packages/airflow/example_dags/example_display_name.py
[2025-05-28T14:05:54.370+0000] {processor.py:914} INFO - Processing file /home/airflow/.local/lib/python3.12/site-packages/airflow/example_dags/example_display_name.py for tasks to queue
[2025-05-28T14:05:54.373+0000] {logging_mixin.py:190} INFO - [2025-05-28T14:05:54.372+0000] {dagbag.py:588} INFO - Filling up the DagBag from /home/airflow/.local/lib/python3.12/site-packages/airflow/example_dags/example_display_name.py
[2025-05-28T14:05:54.391+0000] {processor.py:925} INFO - DAG(s) 'example_display_name' retrieved from /home/airflow/.local/lib/python3.12/site-packages/airflow/example_dags/example_display_name.py
[2025-05-28T14:05:54.430+0000] {logging_mixin.py:190} INFO - [2025-05-28T14:05:54.429+0000] {dag.py:3239} INFO - Sync 1 DAGs
[2025-05-28T14:05:54.498+0000] {logging_mixin.py:190} INFO - [2025-05-28T14:05:54.497+0000] {dag.py:4180} INFO - Setting next_dagrun for example_display_name to None, run_after=None
[2025-05-28T14:05:54.586+0000] {processor.py:208} INFO - Processing /home/airflow/.local/lib/python3.12/site-packages/airflow/example_dags/example_display_name.py took 0.228 seconds
[2025-05-28T14:06:25.315+0000] {processor.py:186} INFO - Started process (PID=3803) to work on /home/airflow/.local/lib/python3.12/site-packages/airflow/example_dags/example_display_name.py
[2025-05-28T14:06:25.316+0000] {processor.py:914} INFO - Processing file /home/airflow/.local/lib/python3.12/site-packages/airflow/example_dags/example_display_name.py for tasks to queue
[2025-05-28T14:06:25.318+0000] {logging_mixin.py:190} INFO - [2025-05-28T14:06:25.317+0000] {dagbag.py:588} INFO - Filling up the DagBag from /home/airflow/.local/lib/python3.12/site-packages/airflow/example_dags/example_display_name.py
[2025-05-28T14:06:25.331+0000] {processor.py:925} INFO - DAG(s) 'example_display_name' retrieved from /home/airflow/.local/lib/python3.12/site-packages/airflow/example_dags/example_display_name.py
[2025-05-28T14:06:25.396+0000] {logging_mixin.py:190} INFO - [2025-05-28T14:06:25.395+0000] {dag.py:3239} INFO - Sync 1 DAGs
[2025-05-28T14:06:25.417+0000] {logging_mixin.py:190} INFO - [2025-05-28T14:06:25.417+0000] {dag.py:4180} INFO - Setting next_dagrun for example_display_name to None, run_after=None
[2025-05-28T14:06:25.481+0000] {processor.py:208} INFO - Processing /home/airflow/.local/lib/python3.12/site-packages/airflow/example_dags/example_display_name.py took 0.174 seconds
[2025-05-28T14:06:55.803+0000] {processor.py:186} INFO - Started process (PID=3868) to work on /home/airflow/.local/lib/python3.12/site-packages/airflow/example_dags/example_display_name.py
[2025-05-28T14:06:55.805+0000] {processor.py:914} INFO - Processing file /home/airflow/.local/lib/python3.12/site-packages/airflow/example_dags/example_display_name.py for tasks to queue
[2025-05-28T14:06:55.806+0000] {logging_mixin.py:190} INFO - [2025-05-28T14:06:55.806+0000] {dagbag.py:588} INFO - Filling up the DagBag from /home/airflow/.local/lib/python3.12/site-packages/airflow/example_dags/example_display_name.py
[2025-05-28T14:06:55.820+0000] {processor.py:925} INFO - DAG(s) 'example_display_name' retrieved from /home/airflow/.local/lib/python3.12/site-packages/airflow/example_dags/example_display_name.py
[2025-05-28T14:06:55.854+0000] {logging_mixin.py:190} INFO - [2025-05-28T14:06:55.853+0000] {dag.py:3239} INFO - Sync 1 DAGs
[2025-05-28T14:06:55.884+0000] {logging_mixin.py:190} INFO - [2025-05-28T14:06:55.883+0000] {dag.py:4180} INFO - Setting next_dagrun for example_display_name to None, run_after=None
[2025-05-28T14:06:55.921+0000] {processor.py:208} INFO - Processing /home/airflow/.local/lib/python3.12/site-packages/airflow/example_dags/example_display_name.py took 0.129 seconds
[2025-05-28T14:07:26.572+0000] {processor.py:186} INFO - Started process (PID=3933) to work on /home/airflow/.local/lib/python3.12/site-packages/airflow/example_dags/example_display_name.py
[2025-05-28T14:07:26.574+0000] {processor.py:914} INFO - Processing file /home/airflow/.local/lib/python3.12/site-packages/airflow/example_dags/example_display_name.py for tasks to queue
[2025-05-28T14:07:26.576+0000] {logging_mixin.py:190} INFO - [2025-05-28T14:07:26.576+0000] {dagbag.py:588} INFO - Filling up the DagBag from /home/airflow/.local/lib/python3.12/site-packages/airflow/example_dags/example_display_name.py
[2025-05-28T14:07:26.589+0000] {processor.py:925} INFO - DAG(s) 'example_display_name' retrieved from /home/airflow/.local/lib/python3.12/site-packages/airflow/example_dags/example_display_name.py
[2025-05-28T14:07:26.624+0000] {logging_mixin.py:190} INFO - [2025-05-28T14:07:26.623+0000] {dag.py:3239} INFO - Sync 1 DAGs
[2025-05-28T14:07:26.646+0000] {logging_mixin.py:190} INFO - [2025-05-28T14:07:26.645+0000] {dag.py:4180} INFO - Setting next_dagrun for example_display_name to None, run_after=None
[2025-05-28T14:07:26.677+0000] {processor.py:208} INFO - Processing /home/airflow/.local/lib/python3.12/site-packages/airflow/example_dags/example_display_name.py took 0.114 seconds
[2025-05-28T14:07:57.528+0000] {processor.py:186} INFO - Started process (PID=3998) to work on /home/airflow/.local/lib/python3.12/site-packages/airflow/example_dags/example_display_name.py
[2025-05-28T14:07:57.530+0000] {processor.py:914} INFO - Processing file /home/airflow/.local/lib/python3.12/site-packages/airflow/example_dags/example_display_name.py for tasks to queue
[2025-05-28T14:07:57.531+0000] {logging_mixin.py:190} INFO - [2025-05-28T14:07:57.531+0000] {dagbag.py:588} INFO - Filling up the DagBag from /home/airflow/.local/lib/python3.12/site-packages/airflow/example_dags/example_display_name.py
[2025-05-28T14:07:57.545+0000] {processor.py:925} INFO - DAG(s) 'example_display_name' retrieved from /home/airflow/.local/lib/python3.12/site-packages/airflow/example_dags/example_display_name.py
[2025-05-28T14:07:57.580+0000] {logging_mixin.py:190} INFO - [2025-05-28T14:07:57.579+0000] {dag.py:3239} INFO - Sync 1 DAGs
[2025-05-28T14:07:57.612+0000] {logging_mixin.py:190} INFO - [2025-05-28T14:07:57.612+0000] {dag.py:4180} INFO - Setting next_dagrun for example_display_name to None, run_after=None
[2025-05-28T14:07:57.644+0000] {processor.py:208} INFO - Processing /home/airflow/.local/lib/python3.12/site-packages/airflow/example_dags/example_display_name.py took 0.130 seconds
[2025-05-28T14:08:28.558+0000] {processor.py:186} INFO - Started process (PID=4062) to work on /home/airflow/.local/lib/python3.12/site-packages/airflow/example_dags/example_display_name.py
[2025-05-28T14:08:28.561+0000] {processor.py:914} INFO - Processing file /home/airflow/.local/lib/python3.12/site-packages/airflow/example_dags/example_display_name.py for tasks to queue
[2025-05-28T14:08:28.563+0000] {logging_mixin.py:190} INFO - [2025-05-28T14:08:28.562+0000] {dagbag.py:588} INFO - Filling up the DagBag from /home/airflow/.local/lib/python3.12/site-packages/airflow/example_dags/example_display_name.py
[2025-05-28T14:08:28.577+0000] {processor.py:925} INFO - DAG(s) 'example_display_name' retrieved from /home/airflow/.local/lib/python3.12/site-packages/airflow/example_dags/example_display_name.py
[2025-05-28T14:08:28.611+0000] {logging_mixin.py:190} INFO - [2025-05-28T14:08:28.610+0000] {dag.py:3239} INFO - Sync 1 DAGs
[2025-05-28T14:08:29.064+0000] {logging_mixin.py:190} INFO - [2025-05-28T14:08:29.064+0000] {dag.py:4180} INFO - Setting next_dagrun for example_display_name to None, run_after=None
[2025-05-28T14:08:29.091+0000] {processor.py:208} INFO - Processing /home/airflow/.local/lib/python3.12/site-packages/airflow/example_dags/example_display_name.py took 0.544 seconds
[2025-05-28T14:09:00.023+0000] {processor.py:186} INFO - Started process (PID=4127) to work on /home/airflow/.local/lib/python3.12/site-packages/airflow/example_dags/example_display_name.py
[2025-05-28T14:09:00.025+0000] {processor.py:914} INFO - Processing file /home/airflow/.local/lib/python3.12/site-packages/airflow/example_dags/example_display_name.py for tasks to queue
[2025-05-28T14:09:00.028+0000] {logging_mixin.py:190} INFO - [2025-05-28T14:09:00.027+0000] {dagbag.py:588} INFO - Filling up the DagBag from /home/airflow/.local/lib/python3.12/site-packages/airflow/example_dags/example_display_name.py
[2025-05-28T14:09:00.047+0000] {processor.py:925} INFO - DAG(s) 'example_display_name' retrieved from /home/airflow/.local/lib/python3.12/site-packages/airflow/example_dags/example_display_name.py
[2025-05-28T14:09:00.147+0000] {logging_mixin.py:190} INFO - [2025-05-28T14:09:00.147+0000] {dag.py:3239} INFO - Sync 1 DAGs
[2025-05-28T14:09:00.168+0000] {logging_mixin.py:190} INFO - [2025-05-28T14:09:00.168+0000] {dag.py:4180} INFO - Setting next_dagrun for example_display_name to None, run_after=None
[2025-05-28T14:09:00.700+0000] {processor.py:208} INFO - Processing /home/airflow/.local/lib/python3.12/site-packages/airflow/example_dags/example_display_name.py took 0.693 seconds
[2025-05-28T14:09:31.254+0000] {processor.py:186} INFO - Started process (PID=4192) to work on /home/airflow/.local/lib/python3.12/site-packages/airflow/example_dags/example_display_name.py
[2025-05-28T14:09:31.255+0000] {processor.py:914} INFO - Processing file /home/airflow/.local/lib/python3.12/site-packages/airflow/example_dags/example_display_name.py for tasks to queue
[2025-05-28T14:09:31.256+0000] {logging_mixin.py:190} INFO - [2025-05-28T14:09:31.256+0000] {dagbag.py:588} INFO - Filling up the DagBag from /home/airflow/.local/lib/python3.12/site-packages/airflow/example_dags/example_display_name.py
[2025-05-28T14:09:31.267+0000] {processor.py:925} INFO - DAG(s) 'example_display_name' retrieved from /home/airflow/.local/lib/python3.12/site-packages/airflow/example_dags/example_display_name.py
[2025-05-28T14:09:31.301+0000] {logging_mixin.py:190} INFO - [2025-05-28T14:09:31.301+0000] {dag.py:3239} INFO - Sync 1 DAGs
[2025-05-28T14:09:31.326+0000] {logging_mixin.py:190} INFO - [2025-05-28T14:09:31.326+0000] {dag.py:4180} INFO - Setting next_dagrun for example_display_name to None, run_after=None
[2025-05-28T14:09:31.391+0000] {processor.py:208} INFO - Processing /home/airflow/.local/lib/python3.12/site-packages/airflow/example_dags/example_display_name.py took 0.145 seconds
[2025-05-28T14:10:01.471+0000] {processor.py:186} INFO - Started process (PID=4257) to work on /home/airflow/.local/lib/python3.12/site-packages/airflow/example_dags/example_display_name.py
[2025-05-28T14:10:01.475+0000] {processor.py:914} INFO - Processing file /home/airflow/.local/lib/python3.12/site-packages/airflow/example_dags/example_display_name.py for tasks to queue
[2025-05-28T14:10:01.477+0000] {logging_mixin.py:190} INFO - [2025-05-28T14:10:01.476+0000] {dagbag.py:588} INFO - Filling up the DagBag from /home/airflow/.local/lib/python3.12/site-packages/airflow/example_dags/example_display_name.py
[2025-05-28T14:10:01.488+0000] {processor.py:925} INFO - DAG(s) 'example_display_name' retrieved from /home/airflow/.local/lib/python3.12/site-packages/airflow/example_dags/example_display_name.py
[2025-05-28T14:10:01.525+0000] {logging_mixin.py:190} INFO - [2025-05-28T14:10:01.525+0000] {dag.py:3239} INFO - Sync 1 DAGs
[2025-05-28T14:10:01.552+0000] {logging_mixin.py:190} INFO - [2025-05-28T14:10:01.551+0000] {dag.py:4180} INFO - Setting next_dagrun for example_display_name to None, run_after=None
[2025-05-28T14:10:01.584+0000] {processor.py:208} INFO - Processing /home/airflow/.local/lib/python3.12/site-packages/airflow/example_dags/example_display_name.py took 0.121 seconds
[2025-05-28T14:10:31.816+0000] {processor.py:186} INFO - Started process (PID=4322) to work on /home/airflow/.local/lib/python3.12/site-packages/airflow/example_dags/example_display_name.py
[2025-05-28T14:10:31.818+0000] {processor.py:914} INFO - Processing file /home/airflow/.local/lib/python3.12/site-packages/airflow/example_dags/example_display_name.py for tasks to queue
[2025-05-28T14:10:31.820+0000] {logging_mixin.py:190} INFO - [2025-05-28T14:10:31.819+0000] {dagbag.py:588} INFO - Filling up the DagBag from /home/airflow/.local/lib/python3.12/site-packages/airflow/example_dags/example_display_name.py
[2025-05-28T14:10:31.834+0000] {processor.py:925} INFO - DAG(s) 'example_display_name' retrieved from /home/airflow/.local/lib/python3.12/site-packages/airflow/example_dags/example_display_name.py
[2025-05-28T14:10:31.871+0000] {logging_mixin.py:190} INFO - [2025-05-28T14:10:31.871+0000] {dag.py:3239} INFO - Sync 1 DAGs
[2025-05-28T14:10:31.895+0000] {logging_mixin.py:190} INFO - [2025-05-28T14:10:31.895+0000] {dag.py:4180} INFO - Setting next_dagrun for example_display_name to None, run_after=None
[2025-05-28T14:10:31.925+0000] {processor.py:208} INFO - Processing /home/airflow/.local/lib/python3.12/site-packages/airflow/example_dags/example_display_name.py took 0.117 seconds
[2025-05-28T14:11:02.122+0000] {processor.py:186} INFO - Started process (PID=4387) to work on /home/airflow/.local/lib/python3.12/site-packages/airflow/example_dags/example_display_name.py
[2025-05-28T14:11:02.123+0000] {processor.py:914} INFO - Processing file /home/airflow/.local/lib/python3.12/site-packages/airflow/example_dags/example_display_name.py for tasks to queue
[2025-05-28T14:11:02.125+0000] {logging_mixin.py:190} INFO - [2025-05-28T14:11:02.125+0000] {dagbag.py:588} INFO - Filling up the DagBag from /home/airflow/.local/lib/python3.12/site-packages/airflow/example_dags/example_display_name.py
[2025-05-28T14:11:02.137+0000] {processor.py:925} INFO - DAG(s) 'example_display_name' retrieved from /home/airflow/.local/lib/python3.12/site-packages/airflow/example_dags/example_display_name.py
[2025-05-28T14:11:02.162+0000] {logging_mixin.py:190} INFO - [2025-05-28T14:11:02.162+0000] {dag.py:3239} INFO - Sync 1 DAGs
[2025-05-28T14:11:02.184+0000] {logging_mixin.py:190} INFO - [2025-05-28T14:11:02.183+0000] {dag.py:4180} INFO - Setting next_dagrun for example_display_name to None, run_after=None
[2025-05-28T14:11:02.209+0000] {processor.py:208} INFO - Processing /home/airflow/.local/lib/python3.12/site-packages/airflow/example_dags/example_display_name.py took 0.096 seconds
[2025-05-28T14:11:32.418+0000] {processor.py:186} INFO - Started process (PID=4452) to work on /home/airflow/.local/lib/python3.12/site-packages/airflow/example_dags/example_display_name.py
[2025-05-28T14:11:32.419+0000] {processor.py:914} INFO - Processing file /home/airflow/.local/lib/python3.12/site-packages/airflow/example_dags/example_display_name.py for tasks to queue
[2025-05-28T14:11:32.421+0000] {logging_mixin.py:190} INFO - [2025-05-28T14:11:32.420+0000] {dagbag.py:588} INFO - Filling up the DagBag from /home/airflow/.local/lib/python3.12/site-packages/airflow/example_dags/example_display_name.py
[2025-05-28T14:11:32.431+0000] {processor.py:925} INFO - DAG(s) 'example_display_name' retrieved from /home/airflow/.local/lib/python3.12/site-packages/airflow/example_dags/example_display_name.py
[2025-05-28T14:11:32.454+0000] {logging_mixin.py:190} INFO - [2025-05-28T14:11:32.454+0000] {dag.py:3239} INFO - Sync 1 DAGs
[2025-05-28T14:11:32.470+0000] {logging_mixin.py:190} INFO - [2025-05-28T14:11:32.470+0000] {dag.py:4180} INFO - Setting next_dagrun for example_display_name to None, run_after=None
[2025-05-28T14:11:32.492+0000] {processor.py:208} INFO - Processing /home/airflow/.local/lib/python3.12/site-packages/airflow/example_dags/example_display_name.py took 0.082 seconds
[2025-05-28T14:12:03.094+0000] {processor.py:186} INFO - Started process (PID=4517) to work on /home/airflow/.local/lib/python3.12/site-packages/airflow/example_dags/example_display_name.py
[2025-05-28T14:12:03.095+0000] {processor.py:914} INFO - Processing file /home/airflow/.local/lib/python3.12/site-packages/airflow/example_dags/example_display_name.py for tasks to queue
[2025-05-28T14:12:03.097+0000] {logging_mixin.py:190} INFO - [2025-05-28T14:12:03.096+0000] {dagbag.py:588} INFO - Filling up the DagBag from /home/airflow/.local/lib/python3.12/site-packages/airflow/example_dags/example_display_name.py
[2025-05-28T14:12:03.107+0000] {processor.py:925} INFO - DAG(s) 'example_display_name' retrieved from /home/airflow/.local/lib/python3.12/site-packages/airflow/example_dags/example_display_name.py
[2025-05-28T14:12:03.130+0000] {logging_mixin.py:190} INFO - [2025-05-28T14:12:03.129+0000] {dag.py:3239} INFO - Sync 1 DAGs
[2025-05-28T14:12:03.148+0000] {logging_mixin.py:190} INFO - [2025-05-28T14:12:03.148+0000] {dag.py:4180} INFO - Setting next_dagrun for example_display_name to None, run_after=None
[2025-05-28T14:12:03.169+0000] {processor.py:208} INFO - Processing /home/airflow/.local/lib/python3.12/site-packages/airflow/example_dags/example_display_name.py took 0.083 seconds
[2025-05-28T14:12:33.509+0000] {processor.py:186} INFO - Started process (PID=4582) to work on /home/airflow/.local/lib/python3.12/site-packages/airflow/example_dags/example_display_name.py
[2025-05-28T14:12:33.510+0000] {processor.py:914} INFO - Processing file /home/airflow/.local/lib/python3.12/site-packages/airflow/example_dags/example_display_name.py for tasks to queue
[2025-05-28T14:12:33.512+0000] {logging_mixin.py:190} INFO - [2025-05-28T14:12:33.511+0000] {dagbag.py:588} INFO - Filling up the DagBag from /home/airflow/.local/lib/python3.12/site-packages/airflow/example_dags/example_display_name.py
[2025-05-28T14:12:33.522+0000] {processor.py:925} INFO - DAG(s) 'example_display_name' retrieved from /home/airflow/.local/lib/python3.12/site-packages/airflow/example_dags/example_display_name.py
[2025-05-28T14:12:33.546+0000] {logging_mixin.py:190} INFO - [2025-05-28T14:12:33.545+0000] {dag.py:3239} INFO - Sync 1 DAGs
[2025-05-28T14:12:33.562+0000] {logging_mixin.py:190} INFO - [2025-05-28T14:12:33.561+0000] {dag.py:4180} INFO - Setting next_dagrun for example_display_name to None, run_after=None
[2025-05-28T14:12:33.583+0000] {processor.py:208} INFO - Processing /home/airflow/.local/lib/python3.12/site-packages/airflow/example_dags/example_display_name.py took 0.081 seconds
[2025-05-28T14:13:04.230+0000] {processor.py:186} INFO - Started process (PID=4647) to work on /home/airflow/.local/lib/python3.12/site-packages/airflow/example_dags/example_display_name.py
[2025-05-28T14:13:04.231+0000] {processor.py:914} INFO - Processing file /home/airflow/.local/lib/python3.12/site-packages/airflow/example_dags/example_display_name.py for tasks to queue
[2025-05-28T14:13:04.232+0000] {logging_mixin.py:190} INFO - [2025-05-28T14:13:04.232+0000] {dagbag.py:588} INFO - Filling up the DagBag from /home/airflow/.local/lib/python3.12/site-packages/airflow/example_dags/example_display_name.py
[2025-05-28T14:13:04.242+0000] {processor.py:925} INFO - DAG(s) 'example_display_name' retrieved from /home/airflow/.local/lib/python3.12/site-packages/airflow/example_dags/example_display_name.py
[2025-05-28T14:13:04.294+0000] {logging_mixin.py:190} INFO - [2025-05-28T14:13:04.293+0000] {dag.py:3239} INFO - Sync 1 DAGs
[2025-05-28T14:13:04.311+0000] {logging_mixin.py:190} INFO - [2025-05-28T14:13:04.310+0000] {dag.py:4180} INFO - Setting next_dagrun for example_display_name to None, run_after=None
[2025-05-28T14:13:04.330+0000] {processor.py:208} INFO - Processing /home/airflow/.local/lib/python3.12/site-packages/airflow/example_dags/example_display_name.py took 0.106 seconds
[2025-05-28T14:13:34.392+0000] {processor.py:186} INFO - Started process (PID=4712) to work on /home/airflow/.local/lib/python3.12/site-packages/airflow/example_dags/example_display_name.py
[2025-05-28T14:13:34.393+0000] {processor.py:914} INFO - Processing file /home/airflow/.local/lib/python3.12/site-packages/airflow/example_dags/example_display_name.py for tasks to queue
[2025-05-28T14:13:34.395+0000] {logging_mixin.py:190} INFO - [2025-05-28T14:13:34.394+0000] {dagbag.py:588} INFO - Filling up the DagBag from /home/airflow/.local/lib/python3.12/site-packages/airflow/example_dags/example_display_name.py
[2025-05-28T14:13:34.405+0000] {processor.py:925} INFO - DAG(s) 'example_display_name' retrieved from /home/airflow/.local/lib/python3.12/site-packages/airflow/example_dags/example_display_name.py
[2025-05-28T14:13:34.433+0000] {logging_mixin.py:190} INFO - [2025-05-28T14:13:34.432+0000] {dag.py:3239} INFO - Sync 1 DAGs
[2025-05-28T14:13:34.451+0000] {logging_mixin.py:190} INFO - [2025-05-28T14:13:34.451+0000] {dag.py:4180} INFO - Setting next_dagrun for example_display_name to None, run_after=None
[2025-05-28T14:13:34.489+0000] {processor.py:208} INFO - Processing /home/airflow/.local/lib/python3.12/site-packages/airflow/example_dags/example_display_name.py took 0.104 seconds
[2025-05-28T14:14:04.603+0000] {processor.py:186} INFO - Started process (PID=4777) to work on /home/airflow/.local/lib/python3.12/site-packages/airflow/example_dags/example_display_name.py
[2025-05-28T14:14:04.604+0000] {processor.py:914} INFO - Processing file /home/airflow/.local/lib/python3.12/site-packages/airflow/example_dags/example_display_name.py for tasks to queue
[2025-05-28T14:14:04.606+0000] {logging_mixin.py:190} INFO - [2025-05-28T14:14:04.606+0000] {dagbag.py:588} INFO - Filling up the DagBag from /home/airflow/.local/lib/python3.12/site-packages/airflow/example_dags/example_display_name.py
[2025-05-28T14:14:04.616+0000] {processor.py:925} INFO - DAG(s) 'example_display_name' retrieved from /home/airflow/.local/lib/python3.12/site-packages/airflow/example_dags/example_display_name.py
[2025-05-28T14:14:04.641+0000] {logging_mixin.py:190} INFO - [2025-05-28T14:14:04.641+0000] {dag.py:3239} INFO - Sync 1 DAGs
[2025-05-28T14:14:04.687+0000] {logging_mixin.py:190} INFO - [2025-05-28T14:14:04.686+0000] {dag.py:4180} INFO - Setting next_dagrun for example_display_name to None, run_after=None
[2025-05-28T14:14:04.715+0000] {processor.py:208} INFO - Processing /home/airflow/.local/lib/python3.12/site-packages/airflow/example_dags/example_display_name.py took 0.119 seconds
[2025-05-28T14:14:35.334+0000] {processor.py:186} INFO - Started process (PID=4842) to work on /home/airflow/.local/lib/python3.12/site-packages/airflow/example_dags/example_display_name.py
[2025-05-28T14:14:35.335+0000] {processor.py:914} INFO - Processing file /home/airflow/.local/lib/python3.12/site-packages/airflow/example_dags/example_display_name.py for tasks to queue
[2025-05-28T14:14:35.337+0000] {logging_mixin.py:190} INFO - [2025-05-28T14:14:35.336+0000] {dagbag.py:588} INFO - Filling up the DagBag from /home/airflow/.local/lib/python3.12/site-packages/airflow/example_dags/example_display_name.py
[2025-05-28T14:14:35.347+0000] {processor.py:925} INFO - DAG(s) 'example_display_name' retrieved from /home/airflow/.local/lib/python3.12/site-packages/airflow/example_dags/example_display_name.py
[2025-05-28T14:14:35.375+0000] {logging_mixin.py:190} INFO - [2025-05-28T14:14:35.374+0000] {dag.py:3239} INFO - Sync 1 DAGs
[2025-05-28T14:14:35.396+0000] {logging_mixin.py:190} INFO - [2025-05-28T14:14:35.396+0000] {dag.py:4180} INFO - Setting next_dagrun for example_display_name to None, run_after=None
[2025-05-28T14:14:35.420+0000] {processor.py:208} INFO - Processing /home/airflow/.local/lib/python3.12/site-packages/airflow/example_dags/example_display_name.py took 0.094 seconds
[2025-05-28T14:15:05.880+0000] {processor.py:186} INFO - Started process (PID=4907) to work on /home/airflow/.local/lib/python3.12/site-packages/airflow/example_dags/example_display_name.py
[2025-05-28T14:15:05.881+0000] {processor.py:914} INFO - Processing file /home/airflow/.local/lib/python3.12/site-packages/airflow/example_dags/example_display_name.py for tasks to queue
[2025-05-28T14:15:05.883+0000] {logging_mixin.py:190} INFO - [2025-05-28T14:15:05.882+0000] {dagbag.py:588} INFO - Filling up the DagBag from /home/airflow/.local/lib/python3.12/site-packages/airflow/example_dags/example_display_name.py
[2025-05-28T14:15:05.897+0000] {processor.py:925} INFO - DAG(s) 'example_display_name' retrieved from /home/airflow/.local/lib/python3.12/site-packages/airflow/example_dags/example_display_name.py
[2025-05-28T14:15:05.926+0000] {logging_mixin.py:190} INFO - [2025-05-28T14:15:05.925+0000] {dag.py:3239} INFO - Sync 1 DAGs
[2025-05-28T14:15:05.944+0000] {logging_mixin.py:190} INFO - [2025-05-28T14:15:05.943+0000] {dag.py:4180} INFO - Setting next_dagrun for example_display_name to None, run_after=None
[2025-05-28T14:15:05.964+0000] {processor.py:208} INFO - Processing /home/airflow/.local/lib/python3.12/site-packages/airflow/example_dags/example_display_name.py took 0.092 seconds
