[2025-05-28T13:37:19.733+0000] {processor.py:186} INFO - Started process (PID=122) to work on /home/airflow/.local/lib/python3.12/site-packages/airflow/example_dags/example_python_operator.py
[2025-05-28T13:37:19.733+0000] {processor.py:914} INFO - Processing file /home/airflow/.local/lib/python3.12/site-packages/airflow/example_dags/example_python_operator.py for tasks to queue
[2025-05-28T13:37:19.735+0000] {logging_mixin.py:190} INFO - [2025-05-28T13:37:19.735+0000] {dagbag.py:588} INFO - Filling up the DagBag from /home/airflow/.local/lib/python3.12/site-packages/airflow/example_dags/example_python_operator.py
[2025-05-28T13:37:19.748+0000] {processor.py:925} INFO - DAG(s) 'example_python_operator' retrieved from /home/airflow/.local/lib/python3.12/site-packages/airflow/example_dags/example_python_operator.py
[2025-05-28T13:37:19.855+0000] {logging_mixin.py:190} INFO - [2025-05-28T13:37:19.854+0000] {dag.py:3239} INFO - Sync 1 DAGs
[2025-05-28T13:37:19.866+0000] {logging_mixin.py:190} INFO - [2025-05-28T13:37:19.866+0000] {dag.py:4180} INFO - Setting next_dagrun for example_python_operator to None, run_after=None
[2025-05-28T13:37:19.883+0000] {processor.py:208} INFO - Processing /home/airflow/.local/lib/python3.12/site-packages/airflow/example_dags/example_python_operator.py took 0.155 seconds
[2025-05-28T13:37:51.822+0000] {processor.py:186} INFO - Started process (PID=187) to work on /home/airflow/.local/lib/python3.12/site-packages/airflow/example_dags/example_python_operator.py
[2025-05-28T13:37:51.823+0000] {processor.py:914} INFO - Processing file /home/airflow/.local/lib/python3.12/site-packages/airflow/example_dags/example_python_operator.py for tasks to queue
[2025-05-28T13:37:51.825+0000] {logging_mixin.py:190} INFO - [2025-05-28T13:37:51.825+0000] {dagbag.py:588} INFO - Filling up the DagBag from /home/airflow/.local/lib/python3.12/site-packages/airflow/example_dags/example_python_operator.py
[2025-05-28T13:37:51.840+0000] {processor.py:925} INFO - DAG(s) 'example_python_operator' retrieved from /home/airflow/.local/lib/python3.12/site-packages/airflow/example_dags/example_python_operator.py
[2025-05-28T13:37:51.878+0000] {logging_mixin.py:190} INFO - [2025-05-28T13:37:51.877+0000] {dag.py:3239} INFO - Sync 1 DAGs
[2025-05-28T13:37:51.897+0000] {logging_mixin.py:190} INFO - [2025-05-28T13:37:51.897+0000] {dag.py:4180} INFO - Setting next_dagrun for example_python_operator to None, run_after=None
[2025-05-28T13:37:51.919+0000] {processor.py:208} INFO - Processing /home/airflow/.local/lib/python3.12/site-packages/airflow/example_dags/example_python_operator.py took 0.105 seconds
[2025-05-28T13:38:23.233+0000] {processor.py:186} INFO - Started process (PID=252) to work on /home/airflow/.local/lib/python3.12/site-packages/airflow/example_dags/example_python_operator.py
[2025-05-28T13:38:23.235+0000] {processor.py:914} INFO - Processing file /home/airflow/.local/lib/python3.12/site-packages/airflow/example_dags/example_python_operator.py for tasks to queue
[2025-05-28T13:38:23.238+0000] {logging_mixin.py:190} INFO - [2025-05-28T13:38:23.238+0000] {dagbag.py:588} INFO - Filling up the DagBag from /home/airflow/.local/lib/python3.12/site-packages/airflow/example_dags/example_python_operator.py
[2025-05-28T13:38:23.284+0000] {processor.py:925} INFO - DAG(s) 'example_python_operator' retrieved from /home/airflow/.local/lib/python3.12/site-packages/airflow/example_dags/example_python_operator.py
[2025-05-28T13:38:23.312+0000] {logging_mixin.py:190} INFO - [2025-05-28T13:38:23.312+0000] {dag.py:3239} INFO - Sync 1 DAGs
[2025-05-28T13:38:23.329+0000] {logging_mixin.py:190} INFO - [2025-05-28T13:38:23.329+0000] {dag.py:4180} INFO - Setting next_dagrun for example_python_operator to None, run_after=None
[2025-05-28T13:38:23.381+0000] {processor.py:208} INFO - Processing /home/airflow/.local/lib/python3.12/site-packages/airflow/example_dags/example_python_operator.py took 0.157 seconds
[2025-05-28T13:38:54.473+0000] {processor.py:186} INFO - Started process (PID=317) to work on /home/airflow/.local/lib/python3.12/site-packages/airflow/example_dags/example_python_operator.py
[2025-05-28T13:38:54.474+0000] {processor.py:914} INFO - Processing file /home/airflow/.local/lib/python3.12/site-packages/airflow/example_dags/example_python_operator.py for tasks to queue
[2025-05-28T13:38:54.476+0000] {logging_mixin.py:190} INFO - [2025-05-28T13:38:54.476+0000] {dagbag.py:588} INFO - Filling up the DagBag from /home/airflow/.local/lib/python3.12/site-packages/airflow/example_dags/example_python_operator.py
[2025-05-28T13:38:54.488+0000] {processor.py:925} INFO - DAG(s) 'example_python_operator' retrieved from /home/airflow/.local/lib/python3.12/site-packages/airflow/example_dags/example_python_operator.py
[2025-05-28T13:38:54.512+0000] {logging_mixin.py:190} INFO - [2025-05-28T13:38:54.511+0000] {dag.py:3239} INFO - Sync 1 DAGs
[2025-05-28T13:38:54.526+0000] {logging_mixin.py:190} INFO - [2025-05-28T13:38:54.526+0000] {dag.py:4180} INFO - Setting next_dagrun for example_python_operator to None, run_after=None
[2025-05-28T13:38:54.544+0000] {processor.py:208} INFO - Processing /home/airflow/.local/lib/python3.12/site-packages/airflow/example_dags/example_python_operator.py took 0.078 seconds
[2025-05-28T13:39:25.038+0000] {processor.py:186} INFO - Started process (PID=382) to work on /home/airflow/.local/lib/python3.12/site-packages/airflow/example_dags/example_python_operator.py
[2025-05-28T13:39:25.039+0000] {processor.py:914} INFO - Processing file /home/airflow/.local/lib/python3.12/site-packages/airflow/example_dags/example_python_operator.py for tasks to queue
[2025-05-28T13:39:25.041+0000] {logging_mixin.py:190} INFO - [2025-05-28T13:39:25.040+0000] {dagbag.py:588} INFO - Filling up the DagBag from /home/airflow/.local/lib/python3.12/site-packages/airflow/example_dags/example_python_operator.py
[2025-05-28T13:39:25.052+0000] {processor.py:925} INFO - DAG(s) 'example_python_operator' retrieved from /home/airflow/.local/lib/python3.12/site-packages/airflow/example_dags/example_python_operator.py
[2025-05-28T13:39:25.072+0000] {logging_mixin.py:190} INFO - [2025-05-28T13:39:25.072+0000] {dag.py:3239} INFO - Sync 1 DAGs
[2025-05-28T13:39:25.087+0000] {logging_mixin.py:190} INFO - [2025-05-28T13:39:25.086+0000] {dag.py:4180} INFO - Setting next_dagrun for example_python_operator to None, run_after=None
[2025-05-28T13:39:25.103+0000] {processor.py:208} INFO - Processing /home/airflow/.local/lib/python3.12/site-packages/airflow/example_dags/example_python_operator.py took 0.071 seconds
[2025-05-28T13:39:56.479+0000] {processor.py:186} INFO - Started process (PID=447) to work on /home/airflow/.local/lib/python3.12/site-packages/airflow/example_dags/example_python_operator.py
[2025-05-28T13:39:56.480+0000] {processor.py:914} INFO - Processing file /home/airflow/.local/lib/python3.12/site-packages/airflow/example_dags/example_python_operator.py for tasks to queue
[2025-05-28T13:39:56.482+0000] {logging_mixin.py:190} INFO - [2025-05-28T13:39:56.482+0000] {dagbag.py:588} INFO - Filling up the DagBag from /home/airflow/.local/lib/python3.12/site-packages/airflow/example_dags/example_python_operator.py
[2025-05-28T13:39:56.495+0000] {processor.py:925} INFO - DAG(s) 'example_python_operator' retrieved from /home/airflow/.local/lib/python3.12/site-packages/airflow/example_dags/example_python_operator.py
[2025-05-28T13:39:56.519+0000] {logging_mixin.py:190} INFO - [2025-05-28T13:39:56.518+0000] {dag.py:3239} INFO - Sync 1 DAGs
[2025-05-28T13:39:56.534+0000] {logging_mixin.py:190} INFO - [2025-05-28T13:39:56.534+0000] {dag.py:4180} INFO - Setting next_dagrun for example_python_operator to None, run_after=None
[2025-05-28T13:39:56.555+0000] {processor.py:208} INFO - Processing /home/airflow/.local/lib/python3.12/site-packages/airflow/example_dags/example_python_operator.py took 0.082 seconds
[2025-05-28T13:40:27.097+0000] {processor.py:186} INFO - Started process (PID=512) to work on /home/airflow/.local/lib/python3.12/site-packages/airflow/example_dags/example_python_operator.py
[2025-05-28T13:40:27.099+0000] {processor.py:914} INFO - Processing file /home/airflow/.local/lib/python3.12/site-packages/airflow/example_dags/example_python_operator.py for tasks to queue
[2025-05-28T13:40:27.101+0000] {logging_mixin.py:190} INFO - [2025-05-28T13:40:27.101+0000] {dagbag.py:588} INFO - Filling up the DagBag from /home/airflow/.local/lib/python3.12/site-packages/airflow/example_dags/example_python_operator.py
[2025-05-28T13:40:27.114+0000] {processor.py:925} INFO - DAG(s) 'example_python_operator' retrieved from /home/airflow/.local/lib/python3.12/site-packages/airflow/example_dags/example_python_operator.py
[2025-05-28T13:40:27.141+0000] {logging_mixin.py:190} INFO - [2025-05-28T13:40:27.140+0000] {dag.py:3239} INFO - Sync 1 DAGs
[2025-05-28T13:40:27.156+0000] {logging_mixin.py:190} INFO - [2025-05-28T13:40:27.156+0000] {dag.py:4180} INFO - Setting next_dagrun for example_python_operator to None, run_after=None
[2025-05-28T13:40:27.174+0000] {processor.py:208} INFO - Processing /home/airflow/.local/lib/python3.12/site-packages/airflow/example_dags/example_python_operator.py took 0.083 seconds
[2025-05-28T13:40:58.396+0000] {processor.py:186} INFO - Started process (PID=577) to work on /home/airflow/.local/lib/python3.12/site-packages/airflow/example_dags/example_python_operator.py
[2025-05-28T13:40:58.397+0000] {processor.py:914} INFO - Processing file /home/airflow/.local/lib/python3.12/site-packages/airflow/example_dags/example_python_operator.py for tasks to queue
[2025-05-28T13:40:58.399+0000] {logging_mixin.py:190} INFO - [2025-05-28T13:40:58.399+0000] {dagbag.py:588} INFO - Filling up the DagBag from /home/airflow/.local/lib/python3.12/site-packages/airflow/example_dags/example_python_operator.py
[2025-05-28T13:40:58.411+0000] {processor.py:925} INFO - DAG(s) 'example_python_operator' retrieved from /home/airflow/.local/lib/python3.12/site-packages/airflow/example_dags/example_python_operator.py
[2025-05-28T13:40:58.435+0000] {logging_mixin.py:190} INFO - [2025-05-28T13:40:58.435+0000] {dag.py:3239} INFO - Sync 1 DAGs
[2025-05-28T13:40:58.449+0000] {logging_mixin.py:190} INFO - [2025-05-28T13:40:58.449+0000] {dag.py:4180} INFO - Setting next_dagrun for example_python_operator to None, run_after=None
[2025-05-28T13:40:58.464+0000] {processor.py:208} INFO - Processing /home/airflow/.local/lib/python3.12/site-packages/airflow/example_dags/example_python_operator.py took 0.073 seconds
[2025-05-28T13:41:29.758+0000] {processor.py:186} INFO - Started process (PID=642) to work on /home/airflow/.local/lib/python3.12/site-packages/airflow/example_dags/example_python_operator.py
[2025-05-28T13:41:29.759+0000] {processor.py:914} INFO - Processing file /home/airflow/.local/lib/python3.12/site-packages/airflow/example_dags/example_python_operator.py for tasks to queue
[2025-05-28T13:41:29.761+0000] {logging_mixin.py:190} INFO - [2025-05-28T13:41:29.760+0000] {dagbag.py:588} INFO - Filling up the DagBag from /home/airflow/.local/lib/python3.12/site-packages/airflow/example_dags/example_python_operator.py
[2025-05-28T13:41:29.772+0000] {processor.py:925} INFO - DAG(s) 'example_python_operator' retrieved from /home/airflow/.local/lib/python3.12/site-packages/airflow/example_dags/example_python_operator.py
[2025-05-28T13:41:29.794+0000] {logging_mixin.py:190} INFO - [2025-05-28T13:41:29.794+0000] {dag.py:3239} INFO - Sync 1 DAGs
[2025-05-28T13:41:29.808+0000] {logging_mixin.py:190} INFO - [2025-05-28T13:41:29.808+0000] {dag.py:4180} INFO - Setting next_dagrun for example_python_operator to None, run_after=None
[2025-05-28T13:41:29.822+0000] {processor.py:208} INFO - Processing /home/airflow/.local/lib/python3.12/site-packages/airflow/example_dags/example_python_operator.py took 0.070 seconds
[2025-05-28T13:42:00.977+0000] {processor.py:186} INFO - Started process (PID=716) to work on /home/airflow/.local/lib/python3.12/site-packages/airflow/example_dags/example_python_operator.py
[2025-05-28T13:42:00.978+0000] {processor.py:914} INFO - Processing file /home/airflow/.local/lib/python3.12/site-packages/airflow/example_dags/example_python_operator.py for tasks to queue
[2025-05-28T13:42:00.980+0000] {logging_mixin.py:190} INFO - [2025-05-28T13:42:00.980+0000] {dagbag.py:588} INFO - Filling up the DagBag from /home/airflow/.local/lib/python3.12/site-packages/airflow/example_dags/example_python_operator.py
[2025-05-28T13:42:00.992+0000] {processor.py:925} INFO - DAG(s) 'example_python_operator' retrieved from /home/airflow/.local/lib/python3.12/site-packages/airflow/example_dags/example_python_operator.py
[2025-05-28T13:42:01.013+0000] {logging_mixin.py:190} INFO - [2025-05-28T13:42:01.013+0000] {dag.py:3239} INFO - Sync 1 DAGs
[2025-05-28T13:42:01.027+0000] {logging_mixin.py:190} INFO - [2025-05-28T13:42:01.027+0000] {dag.py:4180} INFO - Setting next_dagrun for example_python_operator to None, run_after=None
[2025-05-28T13:42:01.042+0000] {processor.py:208} INFO - Processing /home/airflow/.local/lib/python3.12/site-packages/airflow/example_dags/example_python_operator.py took 0.071 seconds
[2025-05-28T13:42:32.234+0000] {processor.py:186} INFO - Started process (PID=787) to work on /home/airflow/.local/lib/python3.12/site-packages/airflow/example_dags/example_python_operator.py
[2025-05-28T13:42:32.235+0000] {processor.py:914} INFO - Processing file /home/airflow/.local/lib/python3.12/site-packages/airflow/example_dags/example_python_operator.py for tasks to queue
[2025-05-28T13:42:32.237+0000] {logging_mixin.py:190} INFO - [2025-05-28T13:42:32.237+0000] {dagbag.py:588} INFO - Filling up the DagBag from /home/airflow/.local/lib/python3.12/site-packages/airflow/example_dags/example_python_operator.py
[2025-05-28T13:42:32.248+0000] {processor.py:925} INFO - DAG(s) 'example_python_operator' retrieved from /home/airflow/.local/lib/python3.12/site-packages/airflow/example_dags/example_python_operator.py
[2025-05-28T13:42:32.272+0000] {logging_mixin.py:190} INFO - [2025-05-28T13:42:32.272+0000] {dag.py:3239} INFO - Sync 1 DAGs
[2025-05-28T13:42:32.286+0000] {logging_mixin.py:190} INFO - [2025-05-28T13:42:32.286+0000] {dag.py:4180} INFO - Setting next_dagrun for example_python_operator to None, run_after=None
[2025-05-28T13:42:32.301+0000] {processor.py:208} INFO - Processing /home/airflow/.local/lib/python3.12/site-packages/airflow/example_dags/example_python_operator.py took 0.073 seconds
[2025-05-28T13:43:03.543+0000] {processor.py:186} INFO - Started process (PID=852) to work on /home/airflow/.local/lib/python3.12/site-packages/airflow/example_dags/example_python_operator.py
[2025-05-28T13:43:03.544+0000] {processor.py:914} INFO - Processing file /home/airflow/.local/lib/python3.12/site-packages/airflow/example_dags/example_python_operator.py for tasks to queue
[2025-05-28T13:43:03.547+0000] {logging_mixin.py:190} INFO - [2025-05-28T13:43:03.546+0000] {dagbag.py:588} INFO - Filling up the DagBag from /home/airflow/.local/lib/python3.12/site-packages/airflow/example_dags/example_python_operator.py
[2025-05-28T13:43:03.558+0000] {processor.py:925} INFO - DAG(s) 'example_python_operator' retrieved from /home/airflow/.local/lib/python3.12/site-packages/airflow/example_dags/example_python_operator.py
[2025-05-28T13:43:03.587+0000] {logging_mixin.py:190} INFO - [2025-05-28T13:43:03.587+0000] {dag.py:3239} INFO - Sync 1 DAGs
[2025-05-28T13:43:03.602+0000] {logging_mixin.py:190} INFO - [2025-05-28T13:43:03.601+0000] {dag.py:4180} INFO - Setting next_dagrun for example_python_operator to None, run_after=None
[2025-05-28T13:43:03.618+0000] {processor.py:208} INFO - Processing /home/airflow/.local/lib/python3.12/site-packages/airflow/example_dags/example_python_operator.py took 0.081 seconds
[2025-05-28T13:43:34.246+0000] {processor.py:186} INFO - Started process (PID=917) to work on /home/airflow/.local/lib/python3.12/site-packages/airflow/example_dags/example_python_operator.py
[2025-05-28T13:43:34.247+0000] {processor.py:914} INFO - Processing file /home/airflow/.local/lib/python3.12/site-packages/airflow/example_dags/example_python_operator.py for tasks to queue
[2025-05-28T13:43:34.248+0000] {logging_mixin.py:190} INFO - [2025-05-28T13:43:34.248+0000] {dagbag.py:588} INFO - Filling up the DagBag from /home/airflow/.local/lib/python3.12/site-packages/airflow/example_dags/example_python_operator.py
[2025-05-28T13:43:34.260+0000] {processor.py:925} INFO - DAG(s) 'example_python_operator' retrieved from /home/airflow/.local/lib/python3.12/site-packages/airflow/example_dags/example_python_operator.py
[2025-05-28T13:43:34.282+0000] {logging_mixin.py:190} INFO - [2025-05-28T13:43:34.282+0000] {dag.py:3239} INFO - Sync 1 DAGs
[2025-05-28T13:43:34.295+0000] {logging_mixin.py:190} INFO - [2025-05-28T13:43:34.295+0000] {dag.py:4180} INFO - Setting next_dagrun for example_python_operator to None, run_after=None
[2025-05-28T13:43:34.309+0000] {processor.py:208} INFO - Processing /home/airflow/.local/lib/python3.12/site-packages/airflow/example_dags/example_python_operator.py took 0.068 seconds
[2025-05-28T13:44:04.957+0000] {processor.py:186} INFO - Started process (PID=982) to work on /home/airflow/.local/lib/python3.12/site-packages/airflow/example_dags/example_python_operator.py
[2025-05-28T13:44:04.958+0000] {processor.py:914} INFO - Processing file /home/airflow/.local/lib/python3.12/site-packages/airflow/example_dags/example_python_operator.py for tasks to queue
[2025-05-28T13:44:04.959+0000] {logging_mixin.py:190} INFO - [2025-05-28T13:44:04.959+0000] {dagbag.py:588} INFO - Filling up the DagBag from /home/airflow/.local/lib/python3.12/site-packages/airflow/example_dags/example_python_operator.py
[2025-05-28T13:44:04.970+0000] {processor.py:925} INFO - DAG(s) 'example_python_operator' retrieved from /home/airflow/.local/lib/python3.12/site-packages/airflow/example_dags/example_python_operator.py
[2025-05-28T13:44:04.991+0000] {logging_mixin.py:190} INFO - [2025-05-28T13:44:04.990+0000] {dag.py:3239} INFO - Sync 1 DAGs
[2025-05-28T13:44:05.004+0000] {logging_mixin.py:190} INFO - [2025-05-28T13:44:05.004+0000] {dag.py:4180} INFO - Setting next_dagrun for example_python_operator to None, run_after=None
[2025-05-28T13:44:05.018+0000] {processor.py:208} INFO - Processing /home/airflow/.local/lib/python3.12/site-packages/airflow/example_dags/example_python_operator.py took 0.067 seconds
[2025-05-28T13:44:35.797+0000] {processor.py:186} INFO - Started process (PID=1047) to work on /home/airflow/.local/lib/python3.12/site-packages/airflow/example_dags/example_python_operator.py
[2025-05-28T13:44:35.798+0000] {processor.py:914} INFO - Processing file /home/airflow/.local/lib/python3.12/site-packages/airflow/example_dags/example_python_operator.py for tasks to queue
[2025-05-28T13:44:35.799+0000] {logging_mixin.py:190} INFO - [2025-05-28T13:44:35.799+0000] {dagbag.py:588} INFO - Filling up the DagBag from /home/airflow/.local/lib/python3.12/site-packages/airflow/example_dags/example_python_operator.py
[2025-05-28T13:44:35.810+0000] {processor.py:925} INFO - DAG(s) 'example_python_operator' retrieved from /home/airflow/.local/lib/python3.12/site-packages/airflow/example_dags/example_python_operator.py
[2025-05-28T13:44:35.830+0000] {logging_mixin.py:190} INFO - [2025-05-28T13:44:35.830+0000] {dag.py:3239} INFO - Sync 1 DAGs
[2025-05-28T13:44:35.845+0000] {logging_mixin.py:190} INFO - [2025-05-28T13:44:35.845+0000] {dag.py:4180} INFO - Setting next_dagrun for example_python_operator to None, run_after=None
[2025-05-28T13:44:35.860+0000] {processor.py:208} INFO - Processing /home/airflow/.local/lib/python3.12/site-packages/airflow/example_dags/example_python_operator.py took 0.068 seconds
[2025-05-28T13:45:07.201+0000] {processor.py:186} INFO - Started process (PID=1116) to work on /home/airflow/.local/lib/python3.12/site-packages/airflow/example_dags/example_python_operator.py
[2025-05-28T13:45:07.202+0000] {processor.py:914} INFO - Processing file /home/airflow/.local/lib/python3.12/site-packages/airflow/example_dags/example_python_operator.py for tasks to queue
[2025-05-28T13:45:07.204+0000] {logging_mixin.py:190} INFO - [2025-05-28T13:45:07.204+0000] {dagbag.py:588} INFO - Filling up the DagBag from /home/airflow/.local/lib/python3.12/site-packages/airflow/example_dags/example_python_operator.py
[2025-05-28T13:45:07.220+0000] {processor.py:925} INFO - DAG(s) 'example_python_operator' retrieved from /home/airflow/.local/lib/python3.12/site-packages/airflow/example_dags/example_python_operator.py
[2025-05-28T13:45:07.244+0000] {logging_mixin.py:190} INFO - [2025-05-28T13:45:07.243+0000] {dag.py:3239} INFO - Sync 1 DAGs
[2025-05-28T13:45:07.258+0000] {logging_mixin.py:190} INFO - [2025-05-28T13:45:07.258+0000] {dag.py:4180} INFO - Setting next_dagrun for example_python_operator to None, run_after=None
[2025-05-28T13:45:07.273+0000] {processor.py:208} INFO - Processing /home/airflow/.local/lib/python3.12/site-packages/airflow/example_dags/example_python_operator.py took 0.081 seconds
[2025-05-28T13:45:38.920+0000] {processor.py:186} INFO - Started process (PID=1183) to work on /home/airflow/.local/lib/python3.12/site-packages/airflow/example_dags/example_python_operator.py
[2025-05-28T13:45:38.921+0000] {processor.py:914} INFO - Processing file /home/airflow/.local/lib/python3.12/site-packages/airflow/example_dags/example_python_operator.py for tasks to queue
[2025-05-28T13:45:38.922+0000] {logging_mixin.py:190} INFO - [2025-05-28T13:45:38.922+0000] {dagbag.py:588} INFO - Filling up the DagBag from /home/airflow/.local/lib/python3.12/site-packages/airflow/example_dags/example_python_operator.py
[2025-05-28T13:45:38.936+0000] {processor.py:925} INFO - DAG(s) 'example_python_operator' retrieved from /home/airflow/.local/lib/python3.12/site-packages/airflow/example_dags/example_python_operator.py
[2025-05-28T13:45:38.960+0000] {logging_mixin.py:190} INFO - [2025-05-28T13:45:38.960+0000] {dag.py:3239} INFO - Sync 1 DAGs
[2025-05-28T13:45:38.975+0000] {logging_mixin.py:190} INFO - [2025-05-28T13:45:38.975+0000] {dag.py:4180} INFO - Setting next_dagrun for example_python_operator to None, run_after=None
[2025-05-28T13:45:38.990+0000] {processor.py:208} INFO - Processing /home/airflow/.local/lib/python3.12/site-packages/airflow/example_dags/example_python_operator.py took 0.077 seconds
[2025-05-28T13:46:10.098+0000] {processor.py:186} INFO - Started process (PID=1249) to work on /home/airflow/.local/lib/python3.12/site-packages/airflow/example_dags/example_python_operator.py
[2025-05-28T13:46:10.099+0000] {processor.py:914} INFO - Processing file /home/airflow/.local/lib/python3.12/site-packages/airflow/example_dags/example_python_operator.py for tasks to queue
[2025-05-28T13:46:10.100+0000] {logging_mixin.py:190} INFO - [2025-05-28T13:46:10.100+0000] {dagbag.py:588} INFO - Filling up the DagBag from /home/airflow/.local/lib/python3.12/site-packages/airflow/example_dags/example_python_operator.py
[2025-05-28T13:46:10.112+0000] {processor.py:925} INFO - DAG(s) 'example_python_operator' retrieved from /home/airflow/.local/lib/python3.12/site-packages/airflow/example_dags/example_python_operator.py
[2025-05-28T13:46:10.133+0000] {logging_mixin.py:190} INFO - [2025-05-28T13:46:10.132+0000] {dag.py:3239} INFO - Sync 1 DAGs
[2025-05-28T13:46:10.146+0000] {logging_mixin.py:190} INFO - [2025-05-28T13:46:10.146+0000] {dag.py:4180} INFO - Setting next_dagrun for example_python_operator to None, run_after=None
[2025-05-28T13:46:10.160+0000] {processor.py:208} INFO - Processing /home/airflow/.local/lib/python3.12/site-packages/airflow/example_dags/example_python_operator.py took 0.067 seconds
[2025-05-28T13:46:41.518+0000] {processor.py:186} INFO - Started process (PID=1322) to work on /home/airflow/.local/lib/python3.12/site-packages/airflow/example_dags/example_python_operator.py
[2025-05-28T13:46:41.519+0000] {processor.py:914} INFO - Processing file /home/airflow/.local/lib/python3.12/site-packages/airflow/example_dags/example_python_operator.py for tasks to queue
[2025-05-28T13:46:41.520+0000] {logging_mixin.py:190} INFO - [2025-05-28T13:46:41.520+0000] {dagbag.py:588} INFO - Filling up the DagBag from /home/airflow/.local/lib/python3.12/site-packages/airflow/example_dags/example_python_operator.py
[2025-05-28T13:46:41.534+0000] {processor.py:925} INFO - DAG(s) 'example_python_operator' retrieved from /home/airflow/.local/lib/python3.12/site-packages/airflow/example_dags/example_python_operator.py
[2025-05-28T13:46:41.556+0000] {logging_mixin.py:190} INFO - [2025-05-28T13:46:41.556+0000] {dag.py:3239} INFO - Sync 1 DAGs
[2025-05-28T13:46:41.571+0000] {logging_mixin.py:190} INFO - [2025-05-28T13:46:41.571+0000] {dag.py:4180} INFO - Setting next_dagrun for example_python_operator to None, run_after=None
[2025-05-28T13:46:41.587+0000] {processor.py:208} INFO - Processing /home/airflow/.local/lib/python3.12/site-packages/airflow/example_dags/example_python_operator.py took 0.076 seconds
[2025-05-28T13:47:13.290+0000] {processor.py:186} INFO - Started process (PID=1386) to work on /home/airflow/.local/lib/python3.12/site-packages/airflow/example_dags/example_python_operator.py
[2025-05-28T13:47:13.292+0000] {processor.py:914} INFO - Processing file /home/airflow/.local/lib/python3.12/site-packages/airflow/example_dags/example_python_operator.py for tasks to queue
[2025-05-28T13:47:13.293+0000] {logging_mixin.py:190} INFO - [2025-05-28T13:47:13.292+0000] {dagbag.py:588} INFO - Filling up the DagBag from /home/airflow/.local/lib/python3.12/site-packages/airflow/example_dags/example_python_operator.py
[2025-05-28T13:47:13.307+0000] {processor.py:925} INFO - DAG(s) 'example_python_operator' retrieved from /home/airflow/.local/lib/python3.12/site-packages/airflow/example_dags/example_python_operator.py
[2025-05-28T13:47:13.333+0000] {logging_mixin.py:190} INFO - [2025-05-28T13:47:13.333+0000] {dag.py:3239} INFO - Sync 1 DAGs
[2025-05-28T13:47:13.349+0000] {logging_mixin.py:190} INFO - [2025-05-28T13:47:13.349+0000] {dag.py:4180} INFO - Setting next_dagrun for example_python_operator to None, run_after=None
[2025-05-28T13:47:13.365+0000] {processor.py:208} INFO - Processing /home/airflow/.local/lib/python3.12/site-packages/airflow/example_dags/example_python_operator.py took 0.082 seconds
[2025-05-28T13:47:44.544+0000] {processor.py:186} INFO - Started process (PID=1452) to work on /home/airflow/.local/lib/python3.12/site-packages/airflow/example_dags/example_python_operator.py
[2025-05-28T13:47:44.545+0000] {processor.py:914} INFO - Processing file /home/airflow/.local/lib/python3.12/site-packages/airflow/example_dags/example_python_operator.py for tasks to queue
[2025-05-28T13:47:44.546+0000] {logging_mixin.py:190} INFO - [2025-05-28T13:47:44.546+0000] {dagbag.py:588} INFO - Filling up the DagBag from /home/airflow/.local/lib/python3.12/site-packages/airflow/example_dags/example_python_operator.py
[2025-05-28T13:47:44.559+0000] {processor.py:925} INFO - DAG(s) 'example_python_operator' retrieved from /home/airflow/.local/lib/python3.12/site-packages/airflow/example_dags/example_python_operator.py
[2025-05-28T13:47:44.580+0000] {logging_mixin.py:190} INFO - [2025-05-28T13:47:44.580+0000] {dag.py:3239} INFO - Sync 1 DAGs
[2025-05-28T13:47:44.595+0000] {logging_mixin.py:190} INFO - [2025-05-28T13:47:44.595+0000] {dag.py:4180} INFO - Setting next_dagrun for example_python_operator to None, run_after=None
[2025-05-28T13:47:44.610+0000] {processor.py:208} INFO - Processing /home/airflow/.local/lib/python3.12/site-packages/airflow/example_dags/example_python_operator.py took 0.071 seconds
[2025-05-28T13:48:15.791+0000] {processor.py:186} INFO - Started process (PID=1518) to work on /home/airflow/.local/lib/python3.12/site-packages/airflow/example_dags/example_python_operator.py
[2025-05-28T13:48:15.792+0000] {processor.py:914} INFO - Processing file /home/airflow/.local/lib/python3.12/site-packages/airflow/example_dags/example_python_operator.py for tasks to queue
[2025-05-28T13:48:15.793+0000] {logging_mixin.py:190} INFO - [2025-05-28T13:48:15.793+0000] {dagbag.py:588} INFO - Filling up the DagBag from /home/airflow/.local/lib/python3.12/site-packages/airflow/example_dags/example_python_operator.py
[2025-05-28T13:48:15.805+0000] {processor.py:925} INFO - DAG(s) 'example_python_operator' retrieved from /home/airflow/.local/lib/python3.12/site-packages/airflow/example_dags/example_python_operator.py
[2025-05-28T13:48:15.827+0000] {logging_mixin.py:190} INFO - [2025-05-28T13:48:15.827+0000] {dag.py:3239} INFO - Sync 1 DAGs
[2025-05-28T13:48:15.841+0000] {logging_mixin.py:190} INFO - [2025-05-28T13:48:15.841+0000] {dag.py:4180} INFO - Setting next_dagrun for example_python_operator to None, run_after=None
[2025-05-28T13:48:15.856+0000] {processor.py:208} INFO - Processing /home/airflow/.local/lib/python3.12/site-packages/airflow/example_dags/example_python_operator.py took 0.072 seconds
[2025-05-28T13:48:47.348+0000] {processor.py:186} INFO - Started process (PID=1584) to work on /home/airflow/.local/lib/python3.12/site-packages/airflow/example_dags/example_python_operator.py
[2025-05-28T13:48:47.349+0000] {processor.py:914} INFO - Processing file /home/airflow/.local/lib/python3.12/site-packages/airflow/example_dags/example_python_operator.py for tasks to queue
[2025-05-28T13:48:47.350+0000] {logging_mixin.py:190} INFO - [2025-05-28T13:48:47.350+0000] {dagbag.py:588} INFO - Filling up the DagBag from /home/airflow/.local/lib/python3.12/site-packages/airflow/example_dags/example_python_operator.py
[2025-05-28T13:48:47.366+0000] {processor.py:925} INFO - DAG(s) 'example_python_operator' retrieved from /home/airflow/.local/lib/python3.12/site-packages/airflow/example_dags/example_python_operator.py
[2025-05-28T13:48:47.391+0000] {logging_mixin.py:190} INFO - [2025-05-28T13:48:47.391+0000] {dag.py:3239} INFO - Sync 1 DAGs
[2025-05-28T13:48:47.406+0000] {logging_mixin.py:190} INFO - [2025-05-28T13:48:47.406+0000] {dag.py:4180} INFO - Setting next_dagrun for example_python_operator to None, run_after=None
[2025-05-28T13:48:47.423+0000] {processor.py:208} INFO - Processing /home/airflow/.local/lib/python3.12/site-packages/airflow/example_dags/example_python_operator.py took 0.082 seconds
[2025-05-28T13:49:18.736+0000] {processor.py:186} INFO - Started process (PID=1648) to work on /home/airflow/.local/lib/python3.12/site-packages/airflow/example_dags/example_python_operator.py
[2025-05-28T13:49:18.737+0000] {processor.py:914} INFO - Processing file /home/airflow/.local/lib/python3.12/site-packages/airflow/example_dags/example_python_operator.py for tasks to queue
[2025-05-28T13:49:18.738+0000] {logging_mixin.py:190} INFO - [2025-05-28T13:49:18.738+0000] {dagbag.py:588} INFO - Filling up the DagBag from /home/airflow/.local/lib/python3.12/site-packages/airflow/example_dags/example_python_operator.py
[2025-05-28T13:49:18.754+0000] {processor.py:925} INFO - DAG(s) 'example_python_operator' retrieved from /home/airflow/.local/lib/python3.12/site-packages/airflow/example_dags/example_python_operator.py
[2025-05-28T13:49:18.801+0000] {logging_mixin.py:190} INFO - [2025-05-28T13:49:18.801+0000] {dag.py:3239} INFO - Sync 1 DAGs
[2025-05-28T13:49:18.819+0000] {logging_mixin.py:190} INFO - [2025-05-28T13:49:18.819+0000] {dag.py:4180} INFO - Setting next_dagrun for example_python_operator to None, run_after=None
[2025-05-28T13:49:18.841+0000] {processor.py:208} INFO - Processing /home/airflow/.local/lib/python3.12/site-packages/airflow/example_dags/example_python_operator.py took 0.112 seconds
[2025-05-28T13:49:49.452+0000] {processor.py:186} INFO - Started process (PID=1722) to work on /home/airflow/.local/lib/python3.12/site-packages/airflow/example_dags/example_python_operator.py
[2025-05-28T13:49:49.453+0000] {processor.py:914} INFO - Processing file /home/airflow/.local/lib/python3.12/site-packages/airflow/example_dags/example_python_operator.py for tasks to queue
[2025-05-28T13:49:49.455+0000] {logging_mixin.py:190} INFO - [2025-05-28T13:49:49.454+0000] {dagbag.py:588} INFO - Filling up the DagBag from /home/airflow/.local/lib/python3.12/site-packages/airflow/example_dags/example_python_operator.py
[2025-05-28T13:49:49.483+0000] {processor.py:925} INFO - DAG(s) 'example_python_operator' retrieved from /home/airflow/.local/lib/python3.12/site-packages/airflow/example_dags/example_python_operator.py
[2025-05-28T13:49:49.510+0000] {logging_mixin.py:190} INFO - [2025-05-28T13:49:49.510+0000] {dag.py:3239} INFO - Sync 1 DAGs
[2025-05-28T13:49:49.525+0000] {logging_mixin.py:190} INFO - [2025-05-28T13:49:49.525+0000] {dag.py:4180} INFO - Setting next_dagrun for example_python_operator to None, run_after=None
[2025-05-28T13:49:49.542+0000] {processor.py:208} INFO - Processing /home/airflow/.local/lib/python3.12/site-packages/airflow/example_dags/example_python_operator.py took 0.097 seconds
[2025-05-28T13:50:20.623+0000] {processor.py:186} INFO - Started process (PID=1787) to work on /home/airflow/.local/lib/python3.12/site-packages/airflow/example_dags/example_python_operator.py
[2025-05-28T13:50:20.624+0000] {processor.py:914} INFO - Processing file /home/airflow/.local/lib/python3.12/site-packages/airflow/example_dags/example_python_operator.py for tasks to queue
[2025-05-28T13:50:20.625+0000] {logging_mixin.py:190} INFO - [2025-05-28T13:50:20.625+0000] {dagbag.py:588} INFO - Filling up the DagBag from /home/airflow/.local/lib/python3.12/site-packages/airflow/example_dags/example_python_operator.py
[2025-05-28T13:50:20.639+0000] {processor.py:925} INFO - DAG(s) 'example_python_operator' retrieved from /home/airflow/.local/lib/python3.12/site-packages/airflow/example_dags/example_python_operator.py
[2025-05-28T13:50:20.661+0000] {logging_mixin.py:190} INFO - [2025-05-28T13:50:20.660+0000] {dag.py:3239} INFO - Sync 1 DAGs
[2025-05-28T13:50:20.675+0000] {logging_mixin.py:190} INFO - [2025-05-28T13:50:20.675+0000] {dag.py:4180} INFO - Setting next_dagrun for example_python_operator to None, run_after=None
[2025-05-28T13:50:20.691+0000] {processor.py:208} INFO - Processing /home/airflow/.local/lib/python3.12/site-packages/airflow/example_dags/example_python_operator.py took 0.075 seconds
[2025-05-28T13:50:52.183+0000] {processor.py:186} INFO - Started process (PID=1852) to work on /home/airflow/.local/lib/python3.12/site-packages/airflow/example_dags/example_python_operator.py
[2025-05-28T13:50:52.184+0000] {processor.py:914} INFO - Processing file /home/airflow/.local/lib/python3.12/site-packages/airflow/example_dags/example_python_operator.py for tasks to queue
[2025-05-28T13:50:52.185+0000] {logging_mixin.py:190} INFO - [2025-05-28T13:50:52.185+0000] {dagbag.py:588} INFO - Filling up the DagBag from /home/airflow/.local/lib/python3.12/site-packages/airflow/example_dags/example_python_operator.py
[2025-05-28T13:50:52.199+0000] {processor.py:925} INFO - DAG(s) 'example_python_operator' retrieved from /home/airflow/.local/lib/python3.12/site-packages/airflow/example_dags/example_python_operator.py
[2025-05-28T13:50:52.224+0000] {logging_mixin.py:190} INFO - [2025-05-28T13:50:52.224+0000] {dag.py:3239} INFO - Sync 1 DAGs
[2025-05-28T13:50:52.238+0000] {logging_mixin.py:190} INFO - [2025-05-28T13:50:52.238+0000] {dag.py:4180} INFO - Setting next_dagrun for example_python_operator to None, run_after=None
[2025-05-28T13:50:52.255+0000] {processor.py:208} INFO - Processing /home/airflow/.local/lib/python3.12/site-packages/airflow/example_dags/example_python_operator.py took 0.079 seconds
[2025-05-28T13:51:23.709+0000] {processor.py:186} INFO - Started process (PID=1922) to work on /home/airflow/.local/lib/python3.12/site-packages/airflow/example_dags/example_python_operator.py
[2025-05-28T13:51:23.710+0000] {processor.py:914} INFO - Processing file /home/airflow/.local/lib/python3.12/site-packages/airflow/example_dags/example_python_operator.py for tasks to queue
[2025-05-28T13:51:23.711+0000] {logging_mixin.py:190} INFO - [2025-05-28T13:51:23.711+0000] {dagbag.py:588} INFO - Filling up the DagBag from /home/airflow/.local/lib/python3.12/site-packages/airflow/example_dags/example_python_operator.py
[2025-05-28T13:51:23.724+0000] {processor.py:925} INFO - DAG(s) 'example_python_operator' retrieved from /home/airflow/.local/lib/python3.12/site-packages/airflow/example_dags/example_python_operator.py
[2025-05-28T13:51:23.749+0000] {logging_mixin.py:190} INFO - [2025-05-28T13:51:23.749+0000] {dag.py:3239} INFO - Sync 1 DAGs
[2025-05-28T13:51:23.768+0000] {logging_mixin.py:190} INFO - [2025-05-28T13:51:23.767+0000] {dag.py:4180} INFO - Setting next_dagrun for example_python_operator to None, run_after=None
[2025-05-28T13:51:23.785+0000] {processor.py:208} INFO - Processing /home/airflow/.local/lib/python3.12/site-packages/airflow/example_dags/example_python_operator.py took 0.083 seconds
[2025-05-28T13:51:54.496+0000] {processor.py:186} INFO - Started process (PID=1991) to work on /home/airflow/.local/lib/python3.12/site-packages/airflow/example_dags/example_python_operator.py
[2025-05-28T13:51:54.497+0000] {processor.py:914} INFO - Processing file /home/airflow/.local/lib/python3.12/site-packages/airflow/example_dags/example_python_operator.py for tasks to queue
[2025-05-28T13:51:54.499+0000] {logging_mixin.py:190} INFO - [2025-05-28T13:51:54.498+0000] {dagbag.py:588} INFO - Filling up the DagBag from /home/airflow/.local/lib/python3.12/site-packages/airflow/example_dags/example_python_operator.py
[2025-05-28T13:51:54.512+0000] {processor.py:925} INFO - DAG(s) 'example_python_operator' retrieved from /home/airflow/.local/lib/python3.12/site-packages/airflow/example_dags/example_python_operator.py
[2025-05-28T13:51:54.534+0000] {logging_mixin.py:190} INFO - [2025-05-28T13:51:54.534+0000] {dag.py:3239} INFO - Sync 1 DAGs
[2025-05-28T13:51:54.549+0000] {logging_mixin.py:190} INFO - [2025-05-28T13:51:54.549+0000] {dag.py:4180} INFO - Setting next_dagrun for example_python_operator to None, run_after=None
[2025-05-28T13:51:54.565+0000] {processor.py:208} INFO - Processing /home/airflow/.local/lib/python3.12/site-packages/airflow/example_dags/example_python_operator.py took 0.075 seconds
[2025-05-28T13:52:25.391+0000] {processor.py:186} INFO - Started process (PID=2056) to work on /home/airflow/.local/lib/python3.12/site-packages/airflow/example_dags/example_python_operator.py
[2025-05-28T13:52:25.392+0000] {processor.py:914} INFO - Processing file /home/airflow/.local/lib/python3.12/site-packages/airflow/example_dags/example_python_operator.py for tasks to queue
[2025-05-28T13:52:25.394+0000] {logging_mixin.py:190} INFO - [2025-05-28T13:52:25.393+0000] {dagbag.py:588} INFO - Filling up the DagBag from /home/airflow/.local/lib/python3.12/site-packages/airflow/example_dags/example_python_operator.py
[2025-05-28T13:52:25.409+0000] {processor.py:925} INFO - DAG(s) 'example_python_operator' retrieved from /home/airflow/.local/lib/python3.12/site-packages/airflow/example_dags/example_python_operator.py
[2025-05-28T13:52:25.437+0000] {logging_mixin.py:190} INFO - [2025-05-28T13:52:25.436+0000] {dag.py:3239} INFO - Sync 1 DAGs
[2025-05-28T13:52:25.453+0000] {logging_mixin.py:190} INFO - [2025-05-28T13:52:25.453+0000] {dag.py:4180} INFO - Setting next_dagrun for example_python_operator to None, run_after=None
[2025-05-28T13:52:25.474+0000] {processor.py:208} INFO - Processing /home/airflow/.local/lib/python3.12/site-packages/airflow/example_dags/example_python_operator.py took 0.091 seconds
[2025-05-28T13:52:57.117+0000] {processor.py:186} INFO - Started process (PID=2121) to work on /home/airflow/.local/lib/python3.12/site-packages/airflow/example_dags/example_python_operator.py
[2025-05-28T13:52:57.119+0000] {processor.py:914} INFO - Processing file /home/airflow/.local/lib/python3.12/site-packages/airflow/example_dags/example_python_operator.py for tasks to queue
[2025-05-28T13:52:57.121+0000] {logging_mixin.py:190} INFO - [2025-05-28T13:52:57.120+0000] {dagbag.py:588} INFO - Filling up the DagBag from /home/airflow/.local/lib/python3.12/site-packages/airflow/example_dags/example_python_operator.py
[2025-05-28T13:52:57.140+0000] {processor.py:925} INFO - DAG(s) 'example_python_operator' retrieved from /home/airflow/.local/lib/python3.12/site-packages/airflow/example_dags/example_python_operator.py
[2025-05-28T13:52:57.173+0000] {logging_mixin.py:190} INFO - [2025-05-28T13:52:57.172+0000] {dag.py:3239} INFO - Sync 1 DAGs
[2025-05-28T13:52:57.193+0000] {logging_mixin.py:190} INFO - [2025-05-28T13:52:57.192+0000] {dag.py:4180} INFO - Setting next_dagrun for example_python_operator to None, run_after=None
[2025-05-28T13:52:57.218+0000] {processor.py:208} INFO - Processing /home/airflow/.local/lib/python3.12/site-packages/airflow/example_dags/example_python_operator.py took 0.111 seconds
[2025-05-28T13:53:27.945+0000] {processor.py:186} INFO - Started process (PID=2186) to work on /home/airflow/.local/lib/python3.12/site-packages/airflow/example_dags/example_python_operator.py
[2025-05-28T13:53:27.947+0000] {processor.py:914} INFO - Processing file /home/airflow/.local/lib/python3.12/site-packages/airflow/example_dags/example_python_operator.py for tasks to queue
[2025-05-28T13:53:27.948+0000] {logging_mixin.py:190} INFO - [2025-05-28T13:53:27.948+0000] {dagbag.py:588} INFO - Filling up the DagBag from /home/airflow/.local/lib/python3.12/site-packages/airflow/example_dags/example_python_operator.py
[2025-05-28T13:53:27.963+0000] {processor.py:925} INFO - DAG(s) 'example_python_operator' retrieved from /home/airflow/.local/lib/python3.12/site-packages/airflow/example_dags/example_python_operator.py
[2025-05-28T13:53:27.988+0000] {logging_mixin.py:190} INFO - [2025-05-28T13:53:27.988+0000] {dag.py:3239} INFO - Sync 1 DAGs
[2025-05-28T13:53:28.006+0000] {logging_mixin.py:190} INFO - [2025-05-28T13:53:28.005+0000] {dag.py:4180} INFO - Setting next_dagrun for example_python_operator to None, run_after=None
[2025-05-28T13:53:28.025+0000] {processor.py:208} INFO - Processing /home/airflow/.local/lib/python3.12/site-packages/airflow/example_dags/example_python_operator.py took 0.087 seconds
[2025-05-28T13:53:58.943+0000] {processor.py:186} INFO - Started process (PID=2251) to work on /home/airflow/.local/lib/python3.12/site-packages/airflow/example_dags/example_python_operator.py
[2025-05-28T13:53:58.944+0000] {processor.py:914} INFO - Processing file /home/airflow/.local/lib/python3.12/site-packages/airflow/example_dags/example_python_operator.py for tasks to queue
[2025-05-28T13:53:58.945+0000] {logging_mixin.py:190} INFO - [2025-05-28T13:53:58.945+0000] {dagbag.py:588} INFO - Filling up the DagBag from /home/airflow/.local/lib/python3.12/site-packages/airflow/example_dags/example_python_operator.py
[2025-05-28T13:53:58.959+0000] {processor.py:925} INFO - DAG(s) 'example_python_operator' retrieved from /home/airflow/.local/lib/python3.12/site-packages/airflow/example_dags/example_python_operator.py
[2025-05-28T13:53:58.986+0000] {logging_mixin.py:190} INFO - [2025-05-28T13:53:58.985+0000] {dag.py:3239} INFO - Sync 1 DAGs
[2025-05-28T13:53:59.002+0000] {logging_mixin.py:190} INFO - [2025-05-28T13:53:59.002+0000] {dag.py:4180} INFO - Setting next_dagrun for example_python_operator to None, run_after=None
[2025-05-28T13:53:59.020+0000] {processor.py:208} INFO - Processing /home/airflow/.local/lib/python3.12/site-packages/airflow/example_dags/example_python_operator.py took 0.085 seconds
[2025-05-28T13:54:30.158+0000] {processor.py:186} INFO - Started process (PID=2316) to work on /home/airflow/.local/lib/python3.12/site-packages/airflow/example_dags/example_python_operator.py
[2025-05-28T13:54:30.160+0000] {processor.py:914} INFO - Processing file /home/airflow/.local/lib/python3.12/site-packages/airflow/example_dags/example_python_operator.py for tasks to queue
[2025-05-28T13:54:30.163+0000] {logging_mixin.py:190} INFO - [2025-05-28T13:54:30.162+0000] {dagbag.py:588} INFO - Filling up the DagBag from /home/airflow/.local/lib/python3.12/site-packages/airflow/example_dags/example_python_operator.py
[2025-05-28T13:54:30.181+0000] {processor.py:925} INFO - DAG(s) 'example_python_operator' retrieved from /home/airflow/.local/lib/python3.12/site-packages/airflow/example_dags/example_python_operator.py
[2025-05-28T13:54:30.221+0000] {logging_mixin.py:190} INFO - [2025-05-28T13:54:30.221+0000] {dag.py:3239} INFO - Sync 1 DAGs
[2025-05-28T13:54:30.238+0000] {logging_mixin.py:190} INFO - [2025-05-28T13:54:30.238+0000] {dag.py:4180} INFO - Setting next_dagrun for example_python_operator to None, run_after=None
[2025-05-28T13:54:30.268+0000] {processor.py:208} INFO - Processing /home/airflow/.local/lib/python3.12/site-packages/airflow/example_dags/example_python_operator.py took 0.118 seconds
[2025-05-28T13:55:02.083+0000] {processor.py:186} INFO - Started process (PID=2382) to work on /home/airflow/.local/lib/python3.12/site-packages/airflow/example_dags/example_python_operator.py
[2025-05-28T13:55:02.088+0000] {processor.py:914} INFO - Processing file /home/airflow/.local/lib/python3.12/site-packages/airflow/example_dags/example_python_operator.py for tasks to queue
[2025-05-28T13:55:02.090+0000] {logging_mixin.py:190} INFO - [2025-05-28T13:55:02.089+0000] {dagbag.py:588} INFO - Filling up the DagBag from /home/airflow/.local/lib/python3.12/site-packages/airflow/example_dags/example_python_operator.py
[2025-05-28T13:55:02.107+0000] {processor.py:925} INFO - DAG(s) 'example_python_operator' retrieved from /home/airflow/.local/lib/python3.12/site-packages/airflow/example_dags/example_python_operator.py
[2025-05-28T13:55:02.133+0000] {logging_mixin.py:190} INFO - [2025-05-28T13:55:02.133+0000] {dag.py:3239} INFO - Sync 1 DAGs
[2025-05-28T13:55:02.150+0000] {logging_mixin.py:190} INFO - [2025-05-28T13:55:02.150+0000] {dag.py:4180} INFO - Setting next_dagrun for example_python_operator to None, run_after=None
[2025-05-28T13:55:02.178+0000] {processor.py:208} INFO - Processing /home/airflow/.local/lib/python3.12/site-packages/airflow/example_dags/example_python_operator.py took 0.112 seconds
[2025-05-28T13:55:33.287+0000] {processor.py:186} INFO - Started process (PID=2446) to work on /home/airflow/.local/lib/python3.12/site-packages/airflow/example_dags/example_python_operator.py
[2025-05-28T13:55:33.289+0000] {processor.py:914} INFO - Processing file /home/airflow/.local/lib/python3.12/site-packages/airflow/example_dags/example_python_operator.py for tasks to queue
[2025-05-28T13:55:33.290+0000] {logging_mixin.py:190} INFO - [2025-05-28T13:55:33.290+0000] {dagbag.py:588} INFO - Filling up the DagBag from /home/airflow/.local/lib/python3.12/site-packages/airflow/example_dags/example_python_operator.py
[2025-05-28T13:55:33.304+0000] {processor.py:925} INFO - DAG(s) 'example_python_operator' retrieved from /home/airflow/.local/lib/python3.12/site-packages/airflow/example_dags/example_python_operator.py
[2025-05-28T13:55:33.327+0000] {logging_mixin.py:190} INFO - [2025-05-28T13:55:33.327+0000] {dag.py:3239} INFO - Sync 1 DAGs
[2025-05-28T13:55:33.344+0000] {logging_mixin.py:190} INFO - [2025-05-28T13:55:33.343+0000] {dag.py:4180} INFO - Setting next_dagrun for example_python_operator to None, run_after=None
[2025-05-28T13:55:33.389+0000] {processor.py:208} INFO - Processing /home/airflow/.local/lib/python3.12/site-packages/airflow/example_dags/example_python_operator.py took 0.109 seconds
[2025-05-28T13:56:06.044+0000] {processor.py:186} INFO - Started process (PID=2511) to work on /home/airflow/.local/lib/python3.12/site-packages/airflow/example_dags/example_python_operator.py
[2025-05-28T13:56:06.045+0000] {processor.py:914} INFO - Processing file /home/airflow/.local/lib/python3.12/site-packages/airflow/example_dags/example_python_operator.py for tasks to queue
[2025-05-28T13:56:06.046+0000] {logging_mixin.py:190} INFO - [2025-05-28T13:56:06.046+0000] {dagbag.py:588} INFO - Filling up the DagBag from /home/airflow/.local/lib/python3.12/site-packages/airflow/example_dags/example_python_operator.py
[2025-05-28T13:56:06.062+0000] {processor.py:925} INFO - DAG(s) 'example_python_operator' retrieved from /home/airflow/.local/lib/python3.12/site-packages/airflow/example_dags/example_python_operator.py
[2025-05-28T13:56:06.090+0000] {logging_mixin.py:190} INFO - [2025-05-28T13:56:06.090+0000] {dag.py:3239} INFO - Sync 1 DAGs
[2025-05-28T13:56:06.108+0000] {logging_mixin.py:190} INFO - [2025-05-28T13:56:06.108+0000] {dag.py:4180} INFO - Setting next_dagrun for example_python_operator to None, run_after=None
[2025-05-28T13:56:06.132+0000] {processor.py:208} INFO - Processing /home/airflow/.local/lib/python3.12/site-packages/airflow/example_dags/example_python_operator.py took 0.095 seconds
[2025-05-28T13:56:37.211+0000] {processor.py:186} INFO - Started process (PID=2576) to work on /home/airflow/.local/lib/python3.12/site-packages/airflow/example_dags/example_python_operator.py
[2025-05-28T13:56:37.212+0000] {processor.py:914} INFO - Processing file /home/airflow/.local/lib/python3.12/site-packages/airflow/example_dags/example_python_operator.py for tasks to queue
[2025-05-28T13:56:37.213+0000] {logging_mixin.py:190} INFO - [2025-05-28T13:56:37.213+0000] {dagbag.py:588} INFO - Filling up the DagBag from /home/airflow/.local/lib/python3.12/site-packages/airflow/example_dags/example_python_operator.py
[2025-05-28T13:56:37.226+0000] {processor.py:925} INFO - DAG(s) 'example_python_operator' retrieved from /home/airflow/.local/lib/python3.12/site-packages/airflow/example_dags/example_python_operator.py
[2025-05-28T13:56:37.249+0000] {logging_mixin.py:190} INFO - [2025-05-28T13:56:37.249+0000] {dag.py:3239} INFO - Sync 1 DAGs
[2025-05-28T13:56:37.263+0000] {logging_mixin.py:190} INFO - [2025-05-28T13:56:37.263+0000] {dag.py:4180} INFO - Setting next_dagrun for example_python_operator to None, run_after=None
[2025-05-28T13:56:37.285+0000] {processor.py:208} INFO - Processing /home/airflow/.local/lib/python3.12/site-packages/airflow/example_dags/example_python_operator.py took 0.080 seconds
[2025-05-28T13:57:08.375+0000] {processor.py:186} INFO - Started process (PID=2641) to work on /home/airflow/.local/lib/python3.12/site-packages/airflow/example_dags/example_python_operator.py
[2025-05-28T13:57:08.376+0000] {processor.py:914} INFO - Processing file /home/airflow/.local/lib/python3.12/site-packages/airflow/example_dags/example_python_operator.py for tasks to queue
[2025-05-28T13:57:08.378+0000] {logging_mixin.py:190} INFO - [2025-05-28T13:57:08.377+0000] {dagbag.py:588} INFO - Filling up the DagBag from /home/airflow/.local/lib/python3.12/site-packages/airflow/example_dags/example_python_operator.py
[2025-05-28T13:57:08.393+0000] {processor.py:925} INFO - DAG(s) 'example_python_operator' retrieved from /home/airflow/.local/lib/python3.12/site-packages/airflow/example_dags/example_python_operator.py
[2025-05-28T13:57:08.421+0000] {logging_mixin.py:190} INFO - [2025-05-28T13:57:08.421+0000] {dag.py:3239} INFO - Sync 1 DAGs
[2025-05-28T13:57:08.437+0000] {logging_mixin.py:190} INFO - [2025-05-28T13:57:08.437+0000] {dag.py:4180} INFO - Setting next_dagrun for example_python_operator to None, run_after=None
[2025-05-28T13:57:08.451+0000] {processor.py:208} INFO - Processing /home/airflow/.local/lib/python3.12/site-packages/airflow/example_dags/example_python_operator.py took 0.092 seconds
[2025-05-28T13:57:40.166+0000] {processor.py:186} INFO - Started process (PID=2706) to work on /home/airflow/.local/lib/python3.12/site-packages/airflow/example_dags/example_python_operator.py
[2025-05-28T13:57:40.167+0000] {processor.py:914} INFO - Processing file /home/airflow/.local/lib/python3.12/site-packages/airflow/example_dags/example_python_operator.py for tasks to queue
[2025-05-28T13:57:40.168+0000] {logging_mixin.py:190} INFO - [2025-05-28T13:57:40.168+0000] {dagbag.py:588} INFO - Filling up the DagBag from /home/airflow/.local/lib/python3.12/site-packages/airflow/example_dags/example_python_operator.py
[2025-05-28T13:57:40.180+0000] {processor.py:925} INFO - DAG(s) 'example_python_operator' retrieved from /home/airflow/.local/lib/python3.12/site-packages/airflow/example_dags/example_python_operator.py
[2025-05-28T13:57:40.201+0000] {logging_mixin.py:190} INFO - [2025-05-28T13:57:40.201+0000] {dag.py:3239} INFO - Sync 1 DAGs
[2025-05-28T13:57:40.215+0000] {logging_mixin.py:190} INFO - [2025-05-28T13:57:40.215+0000] {dag.py:4180} INFO - Setting next_dagrun for example_python_operator to None, run_after=None
[2025-05-28T13:57:40.232+0000] {processor.py:208} INFO - Processing /home/airflow/.local/lib/python3.12/site-packages/airflow/example_dags/example_python_operator.py took 0.072 seconds
[2025-05-28T13:58:11.981+0000] {processor.py:186} INFO - Started process (PID=2775) to work on /home/airflow/.local/lib/python3.12/site-packages/airflow/example_dags/example_python_operator.py
[2025-05-28T13:58:11.982+0000] {processor.py:914} INFO - Processing file /home/airflow/.local/lib/python3.12/site-packages/airflow/example_dags/example_python_operator.py for tasks to queue
[2025-05-28T13:58:11.983+0000] {logging_mixin.py:190} INFO - [2025-05-28T13:58:11.983+0000] {dagbag.py:588} INFO - Filling up the DagBag from /home/airflow/.local/lib/python3.12/site-packages/airflow/example_dags/example_python_operator.py
[2025-05-28T13:58:11.997+0000] {processor.py:925} INFO - DAG(s) 'example_python_operator' retrieved from /home/airflow/.local/lib/python3.12/site-packages/airflow/example_dags/example_python_operator.py
[2025-05-28T13:58:12.025+0000] {logging_mixin.py:190} INFO - [2025-05-28T13:58:12.025+0000] {dag.py:3239} INFO - Sync 1 DAGs
[2025-05-28T13:58:12.044+0000] {logging_mixin.py:190} INFO - [2025-05-28T13:58:12.043+0000] {dag.py:4180} INFO - Setting next_dagrun for example_python_operator to None, run_after=None
[2025-05-28T13:58:12.062+0000] {processor.py:208} INFO - Processing /home/airflow/.local/lib/python3.12/site-packages/airflow/example_dags/example_python_operator.py took 0.088 seconds
[2025-05-28T13:58:43.388+0000] {processor.py:186} INFO - Started process (PID=2840) to work on /home/airflow/.local/lib/python3.12/site-packages/airflow/example_dags/example_python_operator.py
[2025-05-28T13:58:43.389+0000] {processor.py:914} INFO - Processing file /home/airflow/.local/lib/python3.12/site-packages/airflow/example_dags/example_python_operator.py for tasks to queue
[2025-05-28T13:58:43.390+0000] {logging_mixin.py:190} INFO - [2025-05-28T13:58:43.390+0000] {dagbag.py:588} INFO - Filling up the DagBag from /home/airflow/.local/lib/python3.12/site-packages/airflow/example_dags/example_python_operator.py
[2025-05-28T13:58:43.403+0000] {processor.py:925} INFO - DAG(s) 'example_python_operator' retrieved from /home/airflow/.local/lib/python3.12/site-packages/airflow/example_dags/example_python_operator.py
[2025-05-28T13:58:43.426+0000] {logging_mixin.py:190} INFO - [2025-05-28T13:58:43.425+0000] {dag.py:3239} INFO - Sync 1 DAGs
[2025-05-28T13:58:43.440+0000] {logging_mixin.py:190} INFO - [2025-05-28T13:58:43.439+0000] {dag.py:4180} INFO - Setting next_dagrun for example_python_operator to None, run_after=None
[2025-05-28T13:58:43.454+0000] {processor.py:208} INFO - Processing /home/airflow/.local/lib/python3.12/site-packages/airflow/example_dags/example_python_operator.py took 0.073 seconds
[2025-05-28T13:59:15.682+0000] {processor.py:186} INFO - Started process (PID=2906) to work on /home/airflow/.local/lib/python3.12/site-packages/airflow/example_dags/example_python_operator.py
[2025-05-28T13:59:15.683+0000] {processor.py:914} INFO - Processing file /home/airflow/.local/lib/python3.12/site-packages/airflow/example_dags/example_python_operator.py for tasks to queue
[2025-05-28T13:59:15.684+0000] {logging_mixin.py:190} INFO - [2025-05-28T13:59:15.684+0000] {dagbag.py:588} INFO - Filling up the DagBag from /home/airflow/.local/lib/python3.12/site-packages/airflow/example_dags/example_python_operator.py
[2025-05-28T13:59:15.701+0000] {processor.py:925} INFO - DAG(s) 'example_python_operator' retrieved from /home/airflow/.local/lib/python3.12/site-packages/airflow/example_dags/example_python_operator.py
[2025-05-28T13:59:15.729+0000] {logging_mixin.py:190} INFO - [2025-05-28T13:59:15.728+0000] {dag.py:3239} INFO - Sync 1 DAGs
[2025-05-28T13:59:15.747+0000] {logging_mixin.py:190} INFO - [2025-05-28T13:59:15.747+0000] {dag.py:4180} INFO - Setting next_dagrun for example_python_operator to None, run_after=None
[2025-05-28T13:59:15.769+0000] {processor.py:208} INFO - Processing /home/airflow/.local/lib/python3.12/site-packages/airflow/example_dags/example_python_operator.py took 0.095 seconds
[2025-05-28T13:59:47.311+0000] {processor.py:186} INFO - Started process (PID=2971) to work on /home/airflow/.local/lib/python3.12/site-packages/airflow/example_dags/example_python_operator.py
[2025-05-28T13:59:47.312+0000] {processor.py:914} INFO - Processing file /home/airflow/.local/lib/python3.12/site-packages/airflow/example_dags/example_python_operator.py for tasks to queue
[2025-05-28T13:59:47.314+0000] {logging_mixin.py:190} INFO - [2025-05-28T13:59:47.313+0000] {dagbag.py:588} INFO - Filling up the DagBag from /home/airflow/.local/lib/python3.12/site-packages/airflow/example_dags/example_python_operator.py
[2025-05-28T13:59:47.333+0000] {processor.py:925} INFO - DAG(s) 'example_python_operator' retrieved from /home/airflow/.local/lib/python3.12/site-packages/airflow/example_dags/example_python_operator.py
[2025-05-28T13:59:47.372+0000] {logging_mixin.py:190} INFO - [2025-05-28T13:59:47.371+0000] {dag.py:3239} INFO - Sync 1 DAGs
[2025-05-28T13:59:47.398+0000] {logging_mixin.py:190} INFO - [2025-05-28T13:59:47.398+0000] {dag.py:4180} INFO - Setting next_dagrun for example_python_operator to None, run_after=None
[2025-05-28T13:59:47.437+0000] {processor.py:208} INFO - Processing /home/airflow/.local/lib/python3.12/site-packages/airflow/example_dags/example_python_operator.py took 0.136 seconds
[2025-05-28T14:00:17.965+0000] {processor.py:186} INFO - Started process (PID=3035) to work on /home/airflow/.local/lib/python3.12/site-packages/airflow/example_dags/example_python_operator.py
[2025-05-28T14:00:17.966+0000] {processor.py:914} INFO - Processing file /home/airflow/.local/lib/python3.12/site-packages/airflow/example_dags/example_python_operator.py for tasks to queue
[2025-05-28T14:00:17.968+0000] {logging_mixin.py:190} INFO - [2025-05-28T14:00:17.967+0000] {dagbag.py:588} INFO - Filling up the DagBag from /home/airflow/.local/lib/python3.12/site-packages/airflow/example_dags/example_python_operator.py
[2025-05-28T14:00:17.989+0000] {processor.py:925} INFO - DAG(s) 'example_python_operator' retrieved from /home/airflow/.local/lib/python3.12/site-packages/airflow/example_dags/example_python_operator.py
[2025-05-28T14:00:18.018+0000] {logging_mixin.py:190} INFO - [2025-05-28T14:00:18.018+0000] {dag.py:3239} INFO - Sync 1 DAGs
[2025-05-28T14:00:18.036+0000] {logging_mixin.py:190} INFO - [2025-05-28T14:00:18.036+0000] {dag.py:4180} INFO - Setting next_dagrun for example_python_operator to None, run_after=None
[2025-05-28T14:00:18.055+0000] {processor.py:208} INFO - Processing /home/airflow/.local/lib/python3.12/site-packages/airflow/example_dags/example_python_operator.py took 0.097 seconds
[2025-05-28T14:00:49.476+0000] {processor.py:186} INFO - Started process (PID=3100) to work on /home/airflow/.local/lib/python3.12/site-packages/airflow/example_dags/example_python_operator.py
[2025-05-28T14:00:49.478+0000] {processor.py:914} INFO - Processing file /home/airflow/.local/lib/python3.12/site-packages/airflow/example_dags/example_python_operator.py for tasks to queue
[2025-05-28T14:00:49.479+0000] {logging_mixin.py:190} INFO - [2025-05-28T14:00:49.479+0000] {dagbag.py:588} INFO - Filling up the DagBag from /home/airflow/.local/lib/python3.12/site-packages/airflow/example_dags/example_python_operator.py
[2025-05-28T14:00:49.496+0000] {processor.py:925} INFO - DAG(s) 'example_python_operator' retrieved from /home/airflow/.local/lib/python3.12/site-packages/airflow/example_dags/example_python_operator.py
[2025-05-28T14:00:49.523+0000] {logging_mixin.py:190} INFO - [2025-05-28T14:00:49.522+0000] {dag.py:3239} INFO - Sync 1 DAGs
[2025-05-28T14:00:49.540+0000] {logging_mixin.py:190} INFO - [2025-05-28T14:00:49.540+0000] {dag.py:4180} INFO - Setting next_dagrun for example_python_operator to None, run_after=None
[2025-05-28T14:00:49.561+0000] {processor.py:208} INFO - Processing /home/airflow/.local/lib/python3.12/site-packages/airflow/example_dags/example_python_operator.py took 0.109 seconds
[2025-05-28T14:01:20.832+0000] {processor.py:186} INFO - Started process (PID=3165) to work on /home/airflow/.local/lib/python3.12/site-packages/airflow/example_dags/example_python_operator.py
[2025-05-28T14:01:20.833+0000] {processor.py:914} INFO - Processing file /home/airflow/.local/lib/python3.12/site-packages/airflow/example_dags/example_python_operator.py for tasks to queue
[2025-05-28T14:01:20.834+0000] {logging_mixin.py:190} INFO - [2025-05-28T14:01:20.834+0000] {dagbag.py:588} INFO - Filling up the DagBag from /home/airflow/.local/lib/python3.12/site-packages/airflow/example_dags/example_python_operator.py
[2025-05-28T14:01:20.849+0000] {processor.py:925} INFO - DAG(s) 'example_python_operator' retrieved from /home/airflow/.local/lib/python3.12/site-packages/airflow/example_dags/example_python_operator.py
[2025-05-28T14:01:20.875+0000] {logging_mixin.py:190} INFO - [2025-05-28T14:01:20.875+0000] {dag.py:3239} INFO - Sync 1 DAGs
[2025-05-28T14:01:20.895+0000] {logging_mixin.py:190} INFO - [2025-05-28T14:01:20.894+0000] {dag.py:4180} INFO - Setting next_dagrun for example_python_operator to None, run_after=None
[2025-05-28T14:01:20.916+0000] {processor.py:208} INFO - Processing /home/airflow/.local/lib/python3.12/site-packages/airflow/example_dags/example_python_operator.py took 0.092 seconds
[2025-05-28T14:01:52.382+0000] {processor.py:186} INFO - Started process (PID=3238) to work on /home/airflow/.local/lib/python3.12/site-packages/airflow/example_dags/example_python_operator.py
[2025-05-28T14:01:52.383+0000] {processor.py:914} INFO - Processing file /home/airflow/.local/lib/python3.12/site-packages/airflow/example_dags/example_python_operator.py for tasks to queue
[2025-05-28T14:01:52.385+0000] {logging_mixin.py:190} INFO - [2025-05-28T14:01:52.384+0000] {dagbag.py:588} INFO - Filling up the DagBag from /home/airflow/.local/lib/python3.12/site-packages/airflow/example_dags/example_python_operator.py
[2025-05-28T14:01:52.401+0000] {processor.py:925} INFO - DAG(s) 'example_python_operator' retrieved from /home/airflow/.local/lib/python3.12/site-packages/airflow/example_dags/example_python_operator.py
[2025-05-28T14:01:52.436+0000] {logging_mixin.py:190} INFO - [2025-05-28T14:01:52.435+0000] {dag.py:3239} INFO - Sync 1 DAGs
[2025-05-28T14:01:52.452+0000] {logging_mixin.py:190} INFO - [2025-05-28T14:01:52.452+0000] {dag.py:4180} INFO - Setting next_dagrun for example_python_operator to None, run_after=None
[2025-05-28T14:01:52.475+0000] {processor.py:208} INFO - Processing /home/airflow/.local/lib/python3.12/site-packages/airflow/example_dags/example_python_operator.py took 0.101 seconds
[2025-05-28T14:02:25.835+0000] {processor.py:186} INFO - Started process (PID=3308) to work on /home/airflow/.local/lib/python3.12/site-packages/airflow/example_dags/example_python_operator.py
[2025-05-28T14:02:25.837+0000] {processor.py:914} INFO - Processing file /home/airflow/.local/lib/python3.12/site-packages/airflow/example_dags/example_python_operator.py for tasks to queue
[2025-05-28T14:02:25.838+0000] {logging_mixin.py:190} INFO - [2025-05-28T14:02:25.838+0000] {dagbag.py:588} INFO - Filling up the DagBag from /home/airflow/.local/lib/python3.12/site-packages/airflow/example_dags/example_python_operator.py
[2025-05-28T14:02:25.856+0000] {processor.py:925} INFO - DAG(s) 'example_python_operator' retrieved from /home/airflow/.local/lib/python3.12/site-packages/airflow/example_dags/example_python_operator.py
[2025-05-28T14:02:25.893+0000] {logging_mixin.py:190} INFO - [2025-05-28T14:02:25.893+0000] {dag.py:3239} INFO - Sync 1 DAGs
[2025-05-28T14:02:25.915+0000] {logging_mixin.py:190} INFO - [2025-05-28T14:02:25.915+0000] {dag.py:4180} INFO - Setting next_dagrun for example_python_operator to None, run_after=None
[2025-05-28T14:02:25.938+0000] {processor.py:208} INFO - Processing /home/airflow/.local/lib/python3.12/site-packages/airflow/example_dags/example_python_operator.py took 0.111 seconds
[2025-05-28T14:02:57.969+0000] {processor.py:186} INFO - Started process (PID=3373) to work on /home/airflow/.local/lib/python3.12/site-packages/airflow/example_dags/example_python_operator.py
[2025-05-28T14:02:57.971+0000] {processor.py:914} INFO - Processing file /home/airflow/.local/lib/python3.12/site-packages/airflow/example_dags/example_python_operator.py for tasks to queue
[2025-05-28T14:02:57.973+0000] {logging_mixin.py:190} INFO - [2025-05-28T14:02:57.972+0000] {dagbag.py:588} INFO - Filling up the DagBag from /home/airflow/.local/lib/python3.12/site-packages/airflow/example_dags/example_python_operator.py
[2025-05-28T14:02:57.992+0000] {processor.py:925} INFO - DAG(s) 'example_python_operator' retrieved from /home/airflow/.local/lib/python3.12/site-packages/airflow/example_dags/example_python_operator.py
[2025-05-28T14:02:58.035+0000] {logging_mixin.py:190} INFO - [2025-05-28T14:02:58.035+0000] {dag.py:3239} INFO - Sync 1 DAGs
[2025-05-28T14:02:58.063+0000] {logging_mixin.py:190} INFO - [2025-05-28T14:02:58.063+0000] {dag.py:4180} INFO - Setting next_dagrun for example_python_operator to None, run_after=None
[2025-05-28T14:02:58.095+0000] {processor.py:208} INFO - Processing /home/airflow/.local/lib/python3.12/site-packages/airflow/example_dags/example_python_operator.py took 0.135 seconds
[2025-05-28T14:03:29.246+0000] {processor.py:186} INFO - Started process (PID=3439) to work on /home/airflow/.local/lib/python3.12/site-packages/airflow/example_dags/example_python_operator.py
[2025-05-28T14:03:29.247+0000] {processor.py:914} INFO - Processing file /home/airflow/.local/lib/python3.12/site-packages/airflow/example_dags/example_python_operator.py for tasks to queue
[2025-05-28T14:03:29.249+0000] {logging_mixin.py:190} INFO - [2025-05-28T14:03:29.248+0000] {dagbag.py:588} INFO - Filling up the DagBag from /home/airflow/.local/lib/python3.12/site-packages/airflow/example_dags/example_python_operator.py
[2025-05-28T14:03:29.266+0000] {processor.py:925} INFO - DAG(s) 'example_python_operator' retrieved from /home/airflow/.local/lib/python3.12/site-packages/airflow/example_dags/example_python_operator.py
[2025-05-28T14:03:29.303+0000] {logging_mixin.py:190} INFO - [2025-05-28T14:03:29.302+0000] {dag.py:3239} INFO - Sync 1 DAGs
[2025-05-28T14:03:29.325+0000] {logging_mixin.py:190} INFO - [2025-05-28T14:03:29.324+0000] {dag.py:4180} INFO - Setting next_dagrun for example_python_operator to None, run_after=None
[2025-05-28T14:03:29.353+0000] {processor.py:208} INFO - Processing /home/airflow/.local/lib/python3.12/site-packages/airflow/example_dags/example_python_operator.py took 0.115 seconds
[2025-05-28T14:04:00.258+0000] {processor.py:186} INFO - Started process (PID=3504) to work on /home/airflow/.local/lib/python3.12/site-packages/airflow/example_dags/example_python_operator.py
[2025-05-28T14:04:00.260+0000] {processor.py:914} INFO - Processing file /home/airflow/.local/lib/python3.12/site-packages/airflow/example_dags/example_python_operator.py for tasks to queue
[2025-05-28T14:04:00.261+0000] {logging_mixin.py:190} INFO - [2025-05-28T14:04:00.260+0000] {dagbag.py:588} INFO - Filling up the DagBag from /home/airflow/.local/lib/python3.12/site-packages/airflow/example_dags/example_python_operator.py
[2025-05-28T14:04:00.284+0000] {processor.py:925} INFO - DAG(s) 'example_python_operator' retrieved from /home/airflow/.local/lib/python3.12/site-packages/airflow/example_dags/example_python_operator.py
[2025-05-28T14:04:00.316+0000] {logging_mixin.py:190} INFO - [2025-05-28T14:04:00.316+0000] {dag.py:3239} INFO - Sync 1 DAGs
[2025-05-28T14:04:00.336+0000] {logging_mixin.py:190} INFO - [2025-05-28T14:04:00.335+0000] {dag.py:4180} INFO - Setting next_dagrun for example_python_operator to None, run_after=None
[2025-05-28T14:04:00.354+0000] {processor.py:208} INFO - Processing /home/airflow/.local/lib/python3.12/site-packages/airflow/example_dags/example_python_operator.py took 0.104 seconds
[2025-05-28T14:04:31.094+0000] {processor.py:186} INFO - Started process (PID=3567) to work on /home/airflow/.local/lib/python3.12/site-packages/airflow/example_dags/example_python_operator.py
[2025-05-28T14:04:31.095+0000] {processor.py:914} INFO - Processing file /home/airflow/.local/lib/python3.12/site-packages/airflow/example_dags/example_python_operator.py for tasks to queue
[2025-05-28T14:04:31.098+0000] {logging_mixin.py:190} INFO - [2025-05-28T14:04:31.097+0000] {dagbag.py:588} INFO - Filling up the DagBag from /home/airflow/.local/lib/python3.12/site-packages/airflow/example_dags/example_python_operator.py
[2025-05-28T14:04:31.121+0000] {processor.py:925} INFO - DAG(s) 'example_python_operator' retrieved from /home/airflow/.local/lib/python3.12/site-packages/airflow/example_dags/example_python_operator.py
[2025-05-28T14:04:31.159+0000] {logging_mixin.py:190} INFO - [2025-05-28T14:04:31.158+0000] {dag.py:3239} INFO - Sync 1 DAGs
[2025-05-28T14:04:31.181+0000] {logging_mixin.py:190} INFO - [2025-05-28T14:04:31.181+0000] {dag.py:4180} INFO - Setting next_dagrun for example_python_operator to None, run_after=None
[2025-05-28T14:04:31.202+0000] {processor.py:208} INFO - Processing /home/airflow/.local/lib/python3.12/site-packages/airflow/example_dags/example_python_operator.py took 0.118 seconds
[2025-05-28T14:05:02.704+0000] {processor.py:186} INFO - Started process (PID=3632) to work on /home/airflow/.local/lib/python3.12/site-packages/airflow/example_dags/example_python_operator.py
[2025-05-28T14:05:02.705+0000] {processor.py:914} INFO - Processing file /home/airflow/.local/lib/python3.12/site-packages/airflow/example_dags/example_python_operator.py for tasks to queue
[2025-05-28T14:05:02.706+0000] {logging_mixin.py:190} INFO - [2025-05-28T14:05:02.706+0000] {dagbag.py:588} INFO - Filling up the DagBag from /home/airflow/.local/lib/python3.12/site-packages/airflow/example_dags/example_python_operator.py
[2025-05-28T14:05:02.723+0000] {processor.py:925} INFO - DAG(s) 'example_python_operator' retrieved from /home/airflow/.local/lib/python3.12/site-packages/airflow/example_dags/example_python_operator.py
[2025-05-28T14:05:02.758+0000] {logging_mixin.py:190} INFO - [2025-05-28T14:05:02.757+0000] {dag.py:3239} INFO - Sync 1 DAGs
[2025-05-28T14:05:02.799+0000] {logging_mixin.py:190} INFO - [2025-05-28T14:05:02.799+0000] {dag.py:4180} INFO - Setting next_dagrun for example_python_operator to None, run_after=None
[2025-05-28T14:05:02.824+0000] {processor.py:208} INFO - Processing /home/airflow/.local/lib/python3.12/site-packages/airflow/example_dags/example_python_operator.py took 0.127 seconds
[2025-05-28T14:05:35.763+0000] {processor.py:186} INFO - Started process (PID=3699) to work on /home/airflow/.local/lib/python3.12/site-packages/airflow/example_dags/example_python_operator.py
[2025-05-28T14:05:35.765+0000] {processor.py:914} INFO - Processing file /home/airflow/.local/lib/python3.12/site-packages/airflow/example_dags/example_python_operator.py for tasks to queue
[2025-05-28T14:05:35.766+0000] {logging_mixin.py:190} INFO - [2025-05-28T14:05:35.766+0000] {dagbag.py:588} INFO - Filling up the DagBag from /home/airflow/.local/lib/python3.12/site-packages/airflow/example_dags/example_python_operator.py
[2025-05-28T14:05:35.783+0000] {processor.py:925} INFO - DAG(s) 'example_python_operator' retrieved from /home/airflow/.local/lib/python3.12/site-packages/airflow/example_dags/example_python_operator.py
[2025-05-28T14:05:35.820+0000] {logging_mixin.py:190} INFO - [2025-05-28T14:05:35.820+0000] {dag.py:3239} INFO - Sync 1 DAGs
[2025-05-28T14:05:35.843+0000] {logging_mixin.py:190} INFO - [2025-05-28T14:05:35.843+0000] {dag.py:4180} INFO - Setting next_dagrun for example_python_operator to None, run_after=None
[2025-05-28T14:05:35.882+0000] {processor.py:208} INFO - Processing /home/airflow/.local/lib/python3.12/site-packages/airflow/example_dags/example_python_operator.py took 0.127 seconds
[2025-05-28T14:06:06.742+0000] {processor.py:186} INFO - Started process (PID=3763) to work on /home/airflow/.local/lib/python3.12/site-packages/airflow/example_dags/example_python_operator.py
[2025-05-28T14:06:06.744+0000] {processor.py:914} INFO - Processing file /home/airflow/.local/lib/python3.12/site-packages/airflow/example_dags/example_python_operator.py for tasks to queue
[2025-05-28T14:06:06.746+0000] {logging_mixin.py:190} INFO - [2025-05-28T14:06:06.746+0000] {dagbag.py:588} INFO - Filling up the DagBag from /home/airflow/.local/lib/python3.12/site-packages/airflow/example_dags/example_python_operator.py
[2025-05-28T14:06:06.768+0000] {processor.py:925} INFO - DAG(s) 'example_python_operator' retrieved from /home/airflow/.local/lib/python3.12/site-packages/airflow/example_dags/example_python_operator.py
[2025-05-28T14:06:06.805+0000] {logging_mixin.py:190} INFO - [2025-05-28T14:06:06.804+0000] {dag.py:3239} INFO - Sync 1 DAGs
[2025-05-28T14:06:06.826+0000] {logging_mixin.py:190} INFO - [2025-05-28T14:06:06.825+0000] {dag.py:4180} INFO - Setting next_dagrun for example_python_operator to None, run_after=None
[2025-05-28T14:06:06.855+0000] {processor.py:208} INFO - Processing /home/airflow/.local/lib/python3.12/site-packages/airflow/example_dags/example_python_operator.py took 0.125 seconds
[2025-05-28T14:06:38.167+0000] {processor.py:186} INFO - Started process (PID=3828) to work on /home/airflow/.local/lib/python3.12/site-packages/airflow/example_dags/example_python_operator.py
[2025-05-28T14:06:38.169+0000] {processor.py:914} INFO - Processing file /home/airflow/.local/lib/python3.12/site-packages/airflow/example_dags/example_python_operator.py for tasks to queue
[2025-05-28T14:06:38.170+0000] {logging_mixin.py:190} INFO - [2025-05-28T14:06:38.170+0000] {dagbag.py:588} INFO - Filling up the DagBag from /home/airflow/.local/lib/python3.12/site-packages/airflow/example_dags/example_python_operator.py
[2025-05-28T14:06:38.193+0000] {processor.py:925} INFO - DAG(s) 'example_python_operator' retrieved from /home/airflow/.local/lib/python3.12/site-packages/airflow/example_dags/example_python_operator.py
[2025-05-28T14:06:38.226+0000] {logging_mixin.py:190} INFO - [2025-05-28T14:06:38.226+0000] {dag.py:3239} INFO - Sync 1 DAGs
[2025-05-28T14:06:38.250+0000] {logging_mixin.py:190} INFO - [2025-05-28T14:06:38.249+0000] {dag.py:4180} INFO - Setting next_dagrun for example_python_operator to None, run_after=None
[2025-05-28T14:06:38.292+0000] {processor.py:208} INFO - Processing /home/airflow/.local/lib/python3.12/site-packages/airflow/example_dags/example_python_operator.py took 0.133 seconds
[2025-05-28T14:07:11.116+0000] {processor.py:186} INFO - Started process (PID=3894) to work on /home/airflow/.local/lib/python3.12/site-packages/airflow/example_dags/example_python_operator.py
[2025-05-28T14:07:11.118+0000] {processor.py:914} INFO - Processing file /home/airflow/.local/lib/python3.12/site-packages/airflow/example_dags/example_python_operator.py for tasks to queue
[2025-05-28T14:07:11.120+0000] {logging_mixin.py:190} INFO - [2025-05-28T14:07:11.119+0000] {dagbag.py:588} INFO - Filling up the DagBag from /home/airflow/.local/lib/python3.12/site-packages/airflow/example_dags/example_python_operator.py
[2025-05-28T14:07:11.137+0000] {processor.py:925} INFO - DAG(s) 'example_python_operator' retrieved from /home/airflow/.local/lib/python3.12/site-packages/airflow/example_dags/example_python_operator.py
[2025-05-28T14:07:11.171+0000] {logging_mixin.py:190} INFO - [2025-05-28T14:07:11.170+0000] {dag.py:3239} INFO - Sync 1 DAGs
[2025-05-28T14:07:11.195+0000] {logging_mixin.py:190} INFO - [2025-05-28T14:07:11.194+0000] {dag.py:4180} INFO - Setting next_dagrun for example_python_operator to None, run_after=None
[2025-05-28T14:07:11.217+0000] {processor.py:208} INFO - Processing /home/airflow/.local/lib/python3.12/site-packages/airflow/example_dags/example_python_operator.py took 0.109 seconds
[2025-05-28T14:07:43.783+0000] {processor.py:186} INFO - Started process (PID=3959) to work on /home/airflow/.local/lib/python3.12/site-packages/airflow/example_dags/example_python_operator.py
[2025-05-28T14:07:43.785+0000] {processor.py:914} INFO - Processing file /home/airflow/.local/lib/python3.12/site-packages/airflow/example_dags/example_python_operator.py for tasks to queue
[2025-05-28T14:07:43.786+0000] {logging_mixin.py:190} INFO - [2025-05-28T14:07:43.786+0000] {dagbag.py:588} INFO - Filling up the DagBag from /home/airflow/.local/lib/python3.12/site-packages/airflow/example_dags/example_python_operator.py
[2025-05-28T14:07:43.806+0000] {processor.py:925} INFO - DAG(s) 'example_python_operator' retrieved from /home/airflow/.local/lib/python3.12/site-packages/airflow/example_dags/example_python_operator.py
[2025-05-28T14:07:43.844+0000] {logging_mixin.py:190} INFO - [2025-05-28T14:07:43.844+0000] {dag.py:3239} INFO - Sync 1 DAGs
[2025-05-28T14:07:43.873+0000] {logging_mixin.py:190} INFO - [2025-05-28T14:07:43.872+0000] {dag.py:4180} INFO - Setting next_dagrun for example_python_operator to None, run_after=None
[2025-05-28T14:07:44.321+0000] {processor.py:208} INFO - Processing /home/airflow/.local/lib/python3.12/site-packages/airflow/example_dags/example_python_operator.py took 0.546 seconds
[2025-05-28T14:08:14.781+0000] {processor.py:186} INFO - Started process (PID=4024) to work on /home/airflow/.local/lib/python3.12/site-packages/airflow/example_dags/example_python_operator.py
[2025-05-28T14:08:14.783+0000] {processor.py:914} INFO - Processing file /home/airflow/.local/lib/python3.12/site-packages/airflow/example_dags/example_python_operator.py for tasks to queue
[2025-05-28T14:08:14.784+0000] {logging_mixin.py:190} INFO - [2025-05-28T14:08:14.784+0000] {dagbag.py:588} INFO - Filling up the DagBag from /home/airflow/.local/lib/python3.12/site-packages/airflow/example_dags/example_python_operator.py
[2025-05-28T14:08:14.804+0000] {processor.py:925} INFO - DAG(s) 'example_python_operator' retrieved from /home/airflow/.local/lib/python3.12/site-packages/airflow/example_dags/example_python_operator.py
[2025-05-28T14:08:14.849+0000] {logging_mixin.py:190} INFO - [2025-05-28T14:08:14.848+0000] {dag.py:3239} INFO - Sync 1 DAGs
[2025-05-28T14:08:14.877+0000] {logging_mixin.py:190} INFO - [2025-05-28T14:08:14.877+0000] {dag.py:4180} INFO - Setting next_dagrun for example_python_operator to None, run_after=None
[2025-05-28T14:08:15.394+0000] {processor.py:208} INFO - Processing /home/airflow/.local/lib/python3.12/site-packages/airflow/example_dags/example_python_operator.py took 0.624 seconds
[2025-05-28T14:08:45.653+0000] {processor.py:186} INFO - Started process (PID=4088) to work on /home/airflow/.local/lib/python3.12/site-packages/airflow/example_dags/example_python_operator.py
[2025-05-28T14:08:45.655+0000] {processor.py:914} INFO - Processing file /home/airflow/.local/lib/python3.12/site-packages/airflow/example_dags/example_python_operator.py for tasks to queue
[2025-05-28T14:08:45.658+0000] {logging_mixin.py:190} INFO - [2025-05-28T14:08:45.657+0000] {dagbag.py:588} INFO - Filling up the DagBag from /home/airflow/.local/lib/python3.12/site-packages/airflow/example_dags/example_python_operator.py
[2025-05-28T14:08:45.676+0000] {processor.py:925} INFO - DAG(s) 'example_python_operator' retrieved from /home/airflow/.local/lib/python3.12/site-packages/airflow/example_dags/example_python_operator.py
[2025-05-28T14:08:45.714+0000] {logging_mixin.py:190} INFO - [2025-05-28T14:08:45.714+0000] {dag.py:3239} INFO - Sync 1 DAGs
[2025-05-28T14:08:45.738+0000] {logging_mixin.py:190} INFO - [2025-05-28T14:08:45.738+0000] {dag.py:4180} INFO - Setting next_dagrun for example_python_operator to None, run_after=None
[2025-05-28T14:08:45.773+0000] {processor.py:208} INFO - Processing /home/airflow/.local/lib/python3.12/site-packages/airflow/example_dags/example_python_operator.py took 0.129 seconds
[2025-05-28T14:09:17.493+0000] {processor.py:186} INFO - Started process (PID=4153) to work on /home/airflow/.local/lib/python3.12/site-packages/airflow/example_dags/example_python_operator.py
[2025-05-28T14:09:17.496+0000] {processor.py:914} INFO - Processing file /home/airflow/.local/lib/python3.12/site-packages/airflow/example_dags/example_python_operator.py for tasks to queue
[2025-05-28T14:09:17.500+0000] {logging_mixin.py:190} INFO - [2025-05-28T14:09:17.499+0000] {dagbag.py:588} INFO - Filling up the DagBag from /home/airflow/.local/lib/python3.12/site-packages/airflow/example_dags/example_python_operator.py
[2025-05-28T14:09:17.529+0000] {processor.py:925} INFO - DAG(s) 'example_python_operator' retrieved from /home/airflow/.local/lib/python3.12/site-packages/airflow/example_dags/example_python_operator.py
[2025-05-28T14:09:17.575+0000] {logging_mixin.py:190} INFO - [2025-05-28T14:09:17.575+0000] {dag.py:3239} INFO - Sync 1 DAGs
[2025-05-28T14:09:17.609+0000] {logging_mixin.py:190} INFO - [2025-05-28T14:09:17.609+0000] {dag.py:4180} INFO - Setting next_dagrun for example_python_operator to None, run_after=None
[2025-05-28T14:09:17.646+0000] {processor.py:208} INFO - Processing /home/airflow/.local/lib/python3.12/site-packages/airflow/example_dags/example_python_operator.py took 0.165 seconds
[2025-05-28T14:09:51.229+0000] {processor.py:186} INFO - Started process (PID=4218) to work on /home/airflow/.local/lib/python3.12/site-packages/airflow/example_dags/example_python_operator.py
[2025-05-28T14:09:51.230+0000] {processor.py:914} INFO - Processing file /home/airflow/.local/lib/python3.12/site-packages/airflow/example_dags/example_python_operator.py for tasks to queue
[2025-05-28T14:09:51.232+0000] {logging_mixin.py:190} INFO - [2025-05-28T14:09:51.231+0000] {dagbag.py:588} INFO - Filling up the DagBag from /home/airflow/.local/lib/python3.12/site-packages/airflow/example_dags/example_python_operator.py
[2025-05-28T14:09:51.251+0000] {processor.py:925} INFO - DAG(s) 'example_python_operator' retrieved from /home/airflow/.local/lib/python3.12/site-packages/airflow/example_dags/example_python_operator.py
[2025-05-28T14:09:51.287+0000] {logging_mixin.py:190} INFO - [2025-05-28T14:09:51.286+0000] {dag.py:3239} INFO - Sync 1 DAGs
[2025-05-28T14:09:51.311+0000] {logging_mixin.py:190} INFO - [2025-05-28T14:09:51.311+0000] {dag.py:4180} INFO - Setting next_dagrun for example_python_operator to None, run_after=None
[2025-05-28T14:09:51.340+0000] {processor.py:208} INFO - Processing /home/airflow/.local/lib/python3.12/site-packages/airflow/example_dags/example_python_operator.py took 0.120 seconds
[2025-05-28T14:10:22.419+0000] {processor.py:186} INFO - Started process (PID=4283) to work on /home/airflow/.local/lib/python3.12/site-packages/airflow/example_dags/example_python_operator.py
[2025-05-28T14:10:22.421+0000] {processor.py:914} INFO - Processing file /home/airflow/.local/lib/python3.12/site-packages/airflow/example_dags/example_python_operator.py for tasks to queue
[2025-05-28T14:10:22.423+0000] {logging_mixin.py:190} INFO - [2025-05-28T14:10:22.422+0000] {dagbag.py:588} INFO - Filling up the DagBag from /home/airflow/.local/lib/python3.12/site-packages/airflow/example_dags/example_python_operator.py
[2025-05-28T14:10:22.439+0000] {processor.py:925} INFO - DAG(s) 'example_python_operator' retrieved from /home/airflow/.local/lib/python3.12/site-packages/airflow/example_dags/example_python_operator.py
[2025-05-28T14:10:22.472+0000] {logging_mixin.py:190} INFO - [2025-05-28T14:10:22.471+0000] {dag.py:3239} INFO - Sync 1 DAGs
[2025-05-28T14:10:22.492+0000] {logging_mixin.py:190} INFO - [2025-05-28T14:10:22.492+0000] {dag.py:4180} INFO - Setting next_dagrun for example_python_operator to None, run_after=None
[2025-05-28T14:10:22.525+0000] {processor.py:208} INFO - Processing /home/airflow/.local/lib/python3.12/site-packages/airflow/example_dags/example_python_operator.py took 0.116 seconds
[2025-05-28T14:10:54.104+0000] {processor.py:186} INFO - Started process (PID=4354) to work on /home/airflow/.local/lib/python3.12/site-packages/airflow/example_dags/example_python_operator.py
[2025-05-28T14:10:54.106+0000] {processor.py:914} INFO - Processing file /home/airflow/.local/lib/python3.12/site-packages/airflow/example_dags/example_python_operator.py for tasks to queue
[2025-05-28T14:10:54.107+0000] {logging_mixin.py:190} INFO - [2025-05-28T14:10:54.107+0000] {dagbag.py:588} INFO - Filling up the DagBag from /home/airflow/.local/lib/python3.12/site-packages/airflow/example_dags/example_python_operator.py
[2025-05-28T14:10:54.123+0000] {processor.py:925} INFO - DAG(s) 'example_python_operator' retrieved from /home/airflow/.local/lib/python3.12/site-packages/airflow/example_dags/example_python_operator.py
[2025-05-28T14:10:54.157+0000] {logging_mixin.py:190} INFO - [2025-05-28T14:10:54.157+0000] {dag.py:3239} INFO - Sync 1 DAGs
[2025-05-28T14:10:54.183+0000] {logging_mixin.py:190} INFO - [2025-05-28T14:10:54.182+0000] {dag.py:4180} INFO - Setting next_dagrun for example_python_operator to None, run_after=None
[2025-05-28T14:10:54.219+0000] {processor.py:208} INFO - Processing /home/airflow/.local/lib/python3.12/site-packages/airflow/example_dags/example_python_operator.py took 0.124 seconds
[2025-05-28T14:11:24.749+0000] {processor.py:186} INFO - Started process (PID=4419) to work on /home/airflow/.local/lib/python3.12/site-packages/airflow/example_dags/example_python_operator.py
[2025-05-28T14:11:24.751+0000] {processor.py:914} INFO - Processing file /home/airflow/.local/lib/python3.12/site-packages/airflow/example_dags/example_python_operator.py for tasks to queue
[2025-05-28T14:11:24.753+0000] {logging_mixin.py:190} INFO - [2025-05-28T14:11:24.752+0000] {dagbag.py:588} INFO - Filling up the DagBag from /home/airflow/.local/lib/python3.12/site-packages/airflow/example_dags/example_python_operator.py
[2025-05-28T14:11:24.773+0000] {processor.py:925} INFO - DAG(s) 'example_python_operator' retrieved from /home/airflow/.local/lib/python3.12/site-packages/airflow/example_dags/example_python_operator.py
[2025-05-28T14:11:24.808+0000] {logging_mixin.py:190} INFO - [2025-05-28T14:11:24.807+0000] {dag.py:3239} INFO - Sync 1 DAGs
[2025-05-28T14:11:24.835+0000] {logging_mixin.py:190} INFO - [2025-05-28T14:11:24.834+0000] {dag.py:4180} INFO - Setting next_dagrun for example_python_operator to None, run_after=None
[2025-05-28T14:11:24.863+0000] {processor.py:208} INFO - Processing /home/airflow/.local/lib/python3.12/site-packages/airflow/example_dags/example_python_operator.py took 0.123 seconds
[2025-05-28T14:11:55.761+0000] {processor.py:186} INFO - Started process (PID=4484) to work on /home/airflow/.local/lib/python3.12/site-packages/airflow/example_dags/example_python_operator.py
[2025-05-28T14:11:55.762+0000] {processor.py:914} INFO - Processing file /home/airflow/.local/lib/python3.12/site-packages/airflow/example_dags/example_python_operator.py for tasks to queue
[2025-05-28T14:11:55.764+0000] {logging_mixin.py:190} INFO - [2025-05-28T14:11:55.763+0000] {dagbag.py:588} INFO - Filling up the DagBag from /home/airflow/.local/lib/python3.12/site-packages/airflow/example_dags/example_python_operator.py
[2025-05-28T14:11:55.779+0000] {processor.py:925} INFO - DAG(s) 'example_python_operator' retrieved from /home/airflow/.local/lib/python3.12/site-packages/airflow/example_dags/example_python_operator.py
[2025-05-28T14:11:55.806+0000] {logging_mixin.py:190} INFO - [2025-05-28T14:11:55.805+0000] {dag.py:3239} INFO - Sync 1 DAGs
[2025-05-28T14:11:55.824+0000] {logging_mixin.py:190} INFO - [2025-05-28T14:11:55.824+0000] {dag.py:4180} INFO - Setting next_dagrun for example_python_operator to None, run_after=None
[2025-05-28T14:11:55.851+0000] {processor.py:208} INFO - Processing /home/airflow/.local/lib/python3.12/site-packages/airflow/example_dags/example_python_operator.py took 0.096 seconds
[2025-05-28T14:12:26.526+0000] {processor.py:186} INFO - Started process (PID=4549) to work on /home/airflow/.local/lib/python3.12/site-packages/airflow/example_dags/example_python_operator.py
[2025-05-28T14:12:26.528+0000] {processor.py:914} INFO - Processing file /home/airflow/.local/lib/python3.12/site-packages/airflow/example_dags/example_python_operator.py for tasks to queue
[2025-05-28T14:12:26.529+0000] {logging_mixin.py:190} INFO - [2025-05-28T14:12:26.529+0000] {dagbag.py:588} INFO - Filling up the DagBag from /home/airflow/.local/lib/python3.12/site-packages/airflow/example_dags/example_python_operator.py
[2025-05-28T14:12:26.546+0000] {processor.py:925} INFO - DAG(s) 'example_python_operator' retrieved from /home/airflow/.local/lib/python3.12/site-packages/airflow/example_dags/example_python_operator.py
[2025-05-28T14:12:26.578+0000] {logging_mixin.py:190} INFO - [2025-05-28T14:12:26.578+0000] {dag.py:3239} INFO - Sync 1 DAGs
[2025-05-28T14:12:26.598+0000] {logging_mixin.py:190} INFO - [2025-05-28T14:12:26.597+0000] {dag.py:4180} INFO - Setting next_dagrun for example_python_operator to None, run_after=None
[2025-05-28T14:12:26.621+0000] {processor.py:208} INFO - Processing /home/airflow/.local/lib/python3.12/site-packages/airflow/example_dags/example_python_operator.py took 0.103 seconds
[2025-05-28T14:12:57.735+0000] {processor.py:186} INFO - Started process (PID=4614) to work on /home/airflow/.local/lib/python3.12/site-packages/airflow/example_dags/example_python_operator.py
[2025-05-28T14:12:57.736+0000] {processor.py:914} INFO - Processing file /home/airflow/.local/lib/python3.12/site-packages/airflow/example_dags/example_python_operator.py for tasks to queue
[2025-05-28T14:12:57.738+0000] {logging_mixin.py:190} INFO - [2025-05-28T14:12:57.737+0000] {dagbag.py:588} INFO - Filling up the DagBag from /home/airflow/.local/lib/python3.12/site-packages/airflow/example_dags/example_python_operator.py
[2025-05-28T14:12:57.787+0000] {processor.py:925} INFO - DAG(s) 'example_python_operator' retrieved from /home/airflow/.local/lib/python3.12/site-packages/airflow/example_dags/example_python_operator.py
[2025-05-28T14:12:57.822+0000] {logging_mixin.py:190} INFO - [2025-05-28T14:12:57.822+0000] {dag.py:3239} INFO - Sync 1 DAGs
[2025-05-28T14:12:57.841+0000] {logging_mixin.py:190} INFO - [2025-05-28T14:12:57.841+0000] {dag.py:4180} INFO - Setting next_dagrun for example_python_operator to None, run_after=None
[2025-05-28T14:12:57.898+0000] {processor.py:208} INFO - Processing /home/airflow/.local/lib/python3.12/site-packages/airflow/example_dags/example_python_operator.py took 0.174 seconds
[2025-05-28T14:13:28.515+0000] {processor.py:186} INFO - Started process (PID=4679) to work on /home/airflow/.local/lib/python3.12/site-packages/airflow/example_dags/example_python_operator.py
[2025-05-28T14:13:28.516+0000] {processor.py:914} INFO - Processing file /home/airflow/.local/lib/python3.12/site-packages/airflow/example_dags/example_python_operator.py for tasks to queue
[2025-05-28T14:13:28.517+0000] {logging_mixin.py:190} INFO - [2025-05-28T14:13:28.517+0000] {dagbag.py:588} INFO - Filling up the DagBag from /home/airflow/.local/lib/python3.12/site-packages/airflow/example_dags/example_python_operator.py
[2025-05-28T14:13:28.530+0000] {processor.py:925} INFO - DAG(s) 'example_python_operator' retrieved from /home/airflow/.local/lib/python3.12/site-packages/airflow/example_dags/example_python_operator.py
[2025-05-28T14:13:28.555+0000] {logging_mixin.py:190} INFO - [2025-05-28T14:13:28.555+0000] {dag.py:3239} INFO - Sync 1 DAGs
[2025-05-28T14:13:28.576+0000] {logging_mixin.py:190} INFO - [2025-05-28T14:13:28.576+0000] {dag.py:4180} INFO - Setting next_dagrun for example_python_operator to None, run_after=None
[2025-05-28T14:13:28.600+0000] {processor.py:208} INFO - Processing /home/airflow/.local/lib/python3.12/site-packages/airflow/example_dags/example_python_operator.py took 0.092 seconds
[2025-05-28T14:13:58.850+0000] {processor.py:186} INFO - Started process (PID=4744) to work on /home/airflow/.local/lib/python3.12/site-packages/airflow/example_dags/example_python_operator.py
[2025-05-28T14:13:58.851+0000] {processor.py:914} INFO - Processing file /home/airflow/.local/lib/python3.12/site-packages/airflow/example_dags/example_python_operator.py for tasks to queue
[2025-05-28T14:13:58.853+0000] {logging_mixin.py:190} INFO - [2025-05-28T14:13:58.852+0000] {dagbag.py:588} INFO - Filling up the DagBag from /home/airflow/.local/lib/python3.12/site-packages/airflow/example_dags/example_python_operator.py
[2025-05-28T14:13:58.867+0000] {processor.py:925} INFO - DAG(s) 'example_python_operator' retrieved from /home/airflow/.local/lib/python3.12/site-packages/airflow/example_dags/example_python_operator.py
[2025-05-28T14:13:58.901+0000] {logging_mixin.py:190} INFO - [2025-05-28T14:13:58.900+0000] {dag.py:3239} INFO - Sync 1 DAGs
[2025-05-28T14:13:58.919+0000] {logging_mixin.py:190} INFO - [2025-05-28T14:13:58.919+0000] {dag.py:4180} INFO - Setting next_dagrun for example_python_operator to None, run_after=None
[2025-05-28T14:13:58.943+0000] {processor.py:208} INFO - Processing /home/airflow/.local/lib/python3.12/site-packages/airflow/example_dags/example_python_operator.py took 0.100 seconds
[2025-05-28T14:14:29.227+0000] {processor.py:186} INFO - Started process (PID=4808) to work on /home/airflow/.local/lib/python3.12/site-packages/airflow/example_dags/example_python_operator.py
[2025-05-28T14:14:29.229+0000] {processor.py:914} INFO - Processing file /home/airflow/.local/lib/python3.12/site-packages/airflow/example_dags/example_python_operator.py for tasks to queue
[2025-05-28T14:14:29.230+0000] {logging_mixin.py:190} INFO - [2025-05-28T14:14:29.230+0000] {dagbag.py:588} INFO - Filling up the DagBag from /home/airflow/.local/lib/python3.12/site-packages/airflow/example_dags/example_python_operator.py
[2025-05-28T14:14:29.246+0000] {processor.py:925} INFO - DAG(s) 'example_python_operator' retrieved from /home/airflow/.local/lib/python3.12/site-packages/airflow/example_dags/example_python_operator.py
[2025-05-28T14:14:29.301+0000] {logging_mixin.py:190} INFO - [2025-05-28T14:14:29.300+0000] {dag.py:3239} INFO - Sync 1 DAGs
[2025-05-28T14:14:29.319+0000] {logging_mixin.py:190} INFO - [2025-05-28T14:14:29.319+0000] {dag.py:4180} INFO - Setting next_dagrun for example_python_operator to None, run_after=None
[2025-05-28T14:14:29.343+0000] {processor.py:208} INFO - Processing /home/airflow/.local/lib/python3.12/site-packages/airflow/example_dags/example_python_operator.py took 0.124 seconds
[2025-05-28T14:15:00.290+0000] {processor.py:186} INFO - Started process (PID=4873) to work on /home/airflow/.local/lib/python3.12/site-packages/airflow/example_dags/example_python_operator.py
[2025-05-28T14:15:00.291+0000] {processor.py:914} INFO - Processing file /home/airflow/.local/lib/python3.12/site-packages/airflow/example_dags/example_python_operator.py for tasks to queue
[2025-05-28T14:15:00.293+0000] {logging_mixin.py:190} INFO - [2025-05-28T14:15:00.292+0000] {dagbag.py:588} INFO - Filling up the DagBag from /home/airflow/.local/lib/python3.12/site-packages/airflow/example_dags/example_python_operator.py
[2025-05-28T14:15:00.305+0000] {processor.py:925} INFO - DAG(s) 'example_python_operator' retrieved from /home/airflow/.local/lib/python3.12/site-packages/airflow/example_dags/example_python_operator.py
[2025-05-28T14:15:00.331+0000] {logging_mixin.py:190} INFO - [2025-05-28T14:15:00.331+0000] {dag.py:3239} INFO - Sync 1 DAGs
[2025-05-28T14:15:00.349+0000] {logging_mixin.py:190} INFO - [2025-05-28T14:15:00.349+0000] {dag.py:4180} INFO - Setting next_dagrun for example_python_operator to None, run_after=None
[2025-05-28T14:15:00.373+0000] {processor.py:208} INFO - Processing /home/airflow/.local/lib/python3.12/site-packages/airflow/example_dags/example_python_operator.py took 0.089 seconds
