[2025-05-28T13:37:20.241+0000] {processor.py:186} INFO - Started process (PID=130) to work on /home/airflow/.local/lib/python3.12/site-packages/airflow/example_dags/example_sla_dag.py
[2025-05-28T13:37:20.242+0000] {processor.py:914} INFO - Processing file /home/airflow/.local/lib/python3.12/site-packages/airflow/example_dags/example_sla_dag.py for tasks to queue
[2025-05-28T13:37:20.244+0000] {logging_mixin.py:190} INFO - [2025-05-28T13:37:20.244+0000] {dagbag.py:588} INFO - Filling up the DagBag from /home/airflow/.local/lib/python3.12/site-packages/airflow/example_dags/example_sla_dag.py
[2025-05-28T13:37:20.255+0000] {processor.py:925} INFO - DAG(s) 'example_sla_dag' retrieved from /home/airflow/.local/lib/python3.12/site-packages/airflow/example_dags/example_sla_dag.py
[2025-05-28T13:37:20.275+0000] {logging_mixin.py:190} INFO - [2025-05-28T13:37:20.275+0000] {dag.py:3239} INFO - Sync 1 DAGs
[2025-05-28T13:37:20.298+0000] {logging_mixin.py:190} INFO - [2025-05-28T13:37:20.297+0000] {dag.py:4180} INFO - Setting next_dagrun for example_sla_dag to 2025-05-28 13:34:00+00:00, run_after=2025-05-28 13:36:00+00:00
[2025-05-28T13:37:20.311+0000] {processor.py:208} INFO - Processing /home/airflow/.local/lib/python3.12/site-packages/airflow/example_dags/example_sla_dag.py took 0.075 seconds
[2025-05-28T13:37:52.831+0000] {processor.py:186} INFO - Started process (PID=195) to work on /home/airflow/.local/lib/python3.12/site-packages/airflow/example_dags/example_sla_dag.py
[2025-05-28T13:37:52.832+0000] {processor.py:914} INFO - Processing file /home/airflow/.local/lib/python3.12/site-packages/airflow/example_dags/example_sla_dag.py for tasks to queue
[2025-05-28T13:37:52.835+0000] {logging_mixin.py:190} INFO - [2025-05-28T13:37:52.835+0000] {dagbag.py:588} INFO - Filling up the DagBag from /home/airflow/.local/lib/python3.12/site-packages/airflow/example_dags/example_sla_dag.py
[2025-05-28T13:37:52.849+0000] {processor.py:925} INFO - DAG(s) 'example_sla_dag' retrieved from /home/airflow/.local/lib/python3.12/site-packages/airflow/example_dags/example_sla_dag.py
[2025-05-28T13:37:52.874+0000] {logging_mixin.py:190} INFO - [2025-05-28T13:37:52.874+0000] {dag.py:3239} INFO - Sync 1 DAGs
[2025-05-28T13:37:52.904+0000] {logging_mixin.py:190} INFO - [2025-05-28T13:37:52.903+0000] {dag.py:4180} INFO - Setting next_dagrun for example_sla_dag to 2025-05-28 13:34:00+00:00, run_after=2025-05-28 13:36:00+00:00
[2025-05-28T13:37:52.919+0000] {processor.py:208} INFO - Processing /home/airflow/.local/lib/python3.12/site-packages/airflow/example_dags/example_sla_dag.py took 0.096 seconds
[2025-05-28T13:38:24.044+0000] {processor.py:186} INFO - Started process (PID=260) to work on /home/airflow/.local/lib/python3.12/site-packages/airflow/example_dags/example_sla_dag.py
[2025-05-28T13:38:24.046+0000] {processor.py:914} INFO - Processing file /home/airflow/.local/lib/python3.12/site-packages/airflow/example_dags/example_sla_dag.py for tasks to queue
[2025-05-28T13:38:24.049+0000] {logging_mixin.py:190} INFO - [2025-05-28T13:38:24.048+0000] {dagbag.py:588} INFO - Filling up the DagBag from /home/airflow/.local/lib/python3.12/site-packages/airflow/example_dags/example_sla_dag.py
[2025-05-28T13:38:24.062+0000] {processor.py:925} INFO - DAG(s) 'example_sla_dag' retrieved from /home/airflow/.local/lib/python3.12/site-packages/airflow/example_dags/example_sla_dag.py
[2025-05-28T13:38:24.090+0000] {logging_mixin.py:190} INFO - [2025-05-28T13:38:24.090+0000] {dag.py:3239} INFO - Sync 1 DAGs
[2025-05-28T13:38:24.121+0000] {logging_mixin.py:190} INFO - [2025-05-28T13:38:24.121+0000] {dag.py:4180} INFO - Setting next_dagrun for example_sla_dag to 2025-05-28 13:36:00+00:00, run_after=2025-05-28 13:38:00+00:00
[2025-05-28T13:38:24.139+0000] {processor.py:208} INFO - Processing /home/airflow/.local/lib/python3.12/site-packages/airflow/example_dags/example_sla_dag.py took 0.103 seconds
[2025-05-28T13:38:55.203+0000] {processor.py:186} INFO - Started process (PID=325) to work on /home/airflow/.local/lib/python3.12/site-packages/airflow/example_dags/example_sla_dag.py
[2025-05-28T13:38:55.204+0000] {processor.py:914} INFO - Processing file /home/airflow/.local/lib/python3.12/site-packages/airflow/example_dags/example_sla_dag.py for tasks to queue
[2025-05-28T13:38:55.207+0000] {logging_mixin.py:190} INFO - [2025-05-28T13:38:55.206+0000] {dagbag.py:588} INFO - Filling up the DagBag from /home/airflow/.local/lib/python3.12/site-packages/airflow/example_dags/example_sla_dag.py
[2025-05-28T13:38:55.218+0000] {processor.py:925} INFO - DAG(s) 'example_sla_dag' retrieved from /home/airflow/.local/lib/python3.12/site-packages/airflow/example_dags/example_sla_dag.py
[2025-05-28T13:38:55.244+0000] {logging_mixin.py:190} INFO - [2025-05-28T13:38:55.243+0000] {dag.py:3239} INFO - Sync 1 DAGs
[2025-05-28T13:38:55.275+0000] {logging_mixin.py:190} INFO - [2025-05-28T13:38:55.274+0000] {dag.py:4180} INFO - Setting next_dagrun for example_sla_dag to 2025-05-28 13:36:00+00:00, run_after=2025-05-28 13:38:00+00:00
[2025-05-28T13:38:55.299+0000] {processor.py:208} INFO - Processing /home/airflow/.local/lib/python3.12/site-packages/airflow/example_dags/example_sla_dag.py took 0.103 seconds
[2025-05-28T13:39:25.734+0000] {processor.py:186} INFO - Started process (PID=390) to work on /home/airflow/.local/lib/python3.12/site-packages/airflow/example_dags/example_sla_dag.py
[2025-05-28T13:39:25.735+0000] {processor.py:914} INFO - Processing file /home/airflow/.local/lib/python3.12/site-packages/airflow/example_dags/example_sla_dag.py for tasks to queue
[2025-05-28T13:39:25.738+0000] {logging_mixin.py:190} INFO - [2025-05-28T13:39:25.737+0000] {dagbag.py:588} INFO - Filling up the DagBag from /home/airflow/.local/lib/python3.12/site-packages/airflow/example_dags/example_sla_dag.py
[2025-05-28T13:39:25.748+0000] {processor.py:925} INFO - DAG(s) 'example_sla_dag' retrieved from /home/airflow/.local/lib/python3.12/site-packages/airflow/example_dags/example_sla_dag.py
[2025-05-28T13:39:25.770+0000] {logging_mixin.py:190} INFO - [2025-05-28T13:39:25.770+0000] {dag.py:3239} INFO - Sync 1 DAGs
[2025-05-28T13:39:25.792+0000] {logging_mixin.py:190} INFO - [2025-05-28T13:39:25.792+0000] {dag.py:4180} INFO - Setting next_dagrun for example_sla_dag to 2025-05-28 13:36:00+00:00, run_after=2025-05-28 13:38:00+00:00
[2025-05-28T13:39:25.807+0000] {processor.py:208} INFO - Processing /home/airflow/.local/lib/python3.12/site-packages/airflow/example_dags/example_sla_dag.py took 0.078 seconds
[2025-05-28T13:39:57.135+0000] {processor.py:186} INFO - Started process (PID=455) to work on /home/airflow/.local/lib/python3.12/site-packages/airflow/example_dags/example_sla_dag.py
[2025-05-28T13:39:57.136+0000] {processor.py:914} INFO - Processing file /home/airflow/.local/lib/python3.12/site-packages/airflow/example_dags/example_sla_dag.py for tasks to queue
[2025-05-28T13:39:57.138+0000] {logging_mixin.py:190} INFO - [2025-05-28T13:39:57.138+0000] {dagbag.py:588} INFO - Filling up the DagBag from /home/airflow/.local/lib/python3.12/site-packages/airflow/example_dags/example_sla_dag.py
[2025-05-28T13:39:57.149+0000] {processor.py:925} INFO - DAG(s) 'example_sla_dag' retrieved from /home/airflow/.local/lib/python3.12/site-packages/airflow/example_dags/example_sla_dag.py
[2025-05-28T13:39:57.167+0000] {logging_mixin.py:190} INFO - [2025-05-28T13:39:57.167+0000] {dag.py:3239} INFO - Sync 1 DAGs
[2025-05-28T13:39:57.193+0000] {logging_mixin.py:190} INFO - [2025-05-28T13:39:57.193+0000] {dag.py:4180} INFO - Setting next_dagrun for example_sla_dag to 2025-05-28 13:36:00+00:00, run_after=2025-05-28 13:38:00+00:00
[2025-05-28T13:39:57.211+0000] {processor.py:208} INFO - Processing /home/airflow/.local/lib/python3.12/site-packages/airflow/example_dags/example_sla_dag.py took 0.082 seconds
[2025-05-28T13:40:27.887+0000] {processor.py:186} INFO - Started process (PID=520) to work on /home/airflow/.local/lib/python3.12/site-packages/airflow/example_dags/example_sla_dag.py
[2025-05-28T13:40:27.888+0000] {processor.py:914} INFO - Processing file /home/airflow/.local/lib/python3.12/site-packages/airflow/example_dags/example_sla_dag.py for tasks to queue
[2025-05-28T13:40:27.891+0000] {logging_mixin.py:190} INFO - [2025-05-28T13:40:27.890+0000] {dagbag.py:588} INFO - Filling up the DagBag from /home/airflow/.local/lib/python3.12/site-packages/airflow/example_dags/example_sla_dag.py
[2025-05-28T13:40:27.901+0000] {processor.py:925} INFO - DAG(s) 'example_sla_dag' retrieved from /home/airflow/.local/lib/python3.12/site-packages/airflow/example_dags/example_sla_dag.py
[2025-05-28T13:40:27.923+0000] {logging_mixin.py:190} INFO - [2025-05-28T13:40:27.923+0000] {dag.py:3239} INFO - Sync 1 DAGs
[2025-05-28T13:40:27.953+0000] {logging_mixin.py:190} INFO - [2025-05-28T13:40:27.952+0000] {dag.py:4180} INFO - Setting next_dagrun for example_sla_dag to 2025-05-28 13:38:00+00:00, run_after=2025-05-28 13:40:00+00:00
[2025-05-28T13:40:27.971+0000] {processor.py:208} INFO - Processing /home/airflow/.local/lib/python3.12/site-packages/airflow/example_dags/example_sla_dag.py took 0.090 seconds
[2025-05-28T13:40:59.001+0000] {processor.py:186} INFO - Started process (PID=585) to work on /home/airflow/.local/lib/python3.12/site-packages/airflow/example_dags/example_sla_dag.py
[2025-05-28T13:40:59.002+0000] {processor.py:914} INFO - Processing file /home/airflow/.local/lib/python3.12/site-packages/airflow/example_dags/example_sla_dag.py for tasks to queue
[2025-05-28T13:40:59.004+0000] {logging_mixin.py:190} INFO - [2025-05-28T13:40:59.004+0000] {dagbag.py:588} INFO - Filling up the DagBag from /home/airflow/.local/lib/python3.12/site-packages/airflow/example_dags/example_sla_dag.py
[2025-05-28T13:40:59.014+0000] {processor.py:925} INFO - DAG(s) 'example_sla_dag' retrieved from /home/airflow/.local/lib/python3.12/site-packages/airflow/example_dags/example_sla_dag.py
[2025-05-28T13:40:59.032+0000] {logging_mixin.py:190} INFO - [2025-05-28T13:40:59.032+0000] {dag.py:3239} INFO - Sync 1 DAGs
[2025-05-28T13:40:59.055+0000] {logging_mixin.py:190} INFO - [2025-05-28T13:40:59.055+0000] {dag.py:4180} INFO - Setting next_dagrun for example_sla_dag to 2025-05-28 13:38:00+00:00, run_after=2025-05-28 13:40:00+00:00
[2025-05-28T13:40:59.069+0000] {processor.py:208} INFO - Processing /home/airflow/.local/lib/python3.12/site-packages/airflow/example_dags/example_sla_dag.py took 0.074 seconds
[2025-05-28T13:41:30.429+0000] {processor.py:186} INFO - Started process (PID=650) to work on /home/airflow/.local/lib/python3.12/site-packages/airflow/example_dags/example_sla_dag.py
[2025-05-28T13:41:30.430+0000] {processor.py:914} INFO - Processing file /home/airflow/.local/lib/python3.12/site-packages/airflow/example_dags/example_sla_dag.py for tasks to queue
[2025-05-28T13:41:30.432+0000] {logging_mixin.py:190} INFO - [2025-05-28T13:41:30.432+0000] {dagbag.py:588} INFO - Filling up the DagBag from /home/airflow/.local/lib/python3.12/site-packages/airflow/example_dags/example_sla_dag.py
[2025-05-28T13:41:30.442+0000] {processor.py:925} INFO - DAG(s) 'example_sla_dag' retrieved from /home/airflow/.local/lib/python3.12/site-packages/airflow/example_dags/example_sla_dag.py
[2025-05-28T13:41:30.463+0000] {logging_mixin.py:190} INFO - [2025-05-28T13:41:30.463+0000] {dag.py:3239} INFO - Sync 1 DAGs
[2025-05-28T13:41:30.487+0000] {logging_mixin.py:190} INFO - [2025-05-28T13:41:30.487+0000] {dag.py:4180} INFO - Setting next_dagrun for example_sla_dag to 2025-05-28 13:38:00+00:00, run_after=2025-05-28 13:40:00+00:00
[2025-05-28T13:41:30.501+0000] {processor.py:208} INFO - Processing /home/airflow/.local/lib/python3.12/site-packages/airflow/example_dags/example_sla_dag.py took 0.078 seconds
[2025-05-28T13:42:01.701+0000] {processor.py:186} INFO - Started process (PID=724) to work on /home/airflow/.local/lib/python3.12/site-packages/airflow/example_dags/example_sla_dag.py
[2025-05-28T13:42:01.702+0000] {processor.py:914} INFO - Processing file /home/airflow/.local/lib/python3.12/site-packages/airflow/example_dags/example_sla_dag.py for tasks to queue
[2025-05-28T13:42:01.704+0000] {logging_mixin.py:190} INFO - [2025-05-28T13:42:01.704+0000] {dagbag.py:588} INFO - Filling up the DagBag from /home/airflow/.local/lib/python3.12/site-packages/airflow/example_dags/example_sla_dag.py
[2025-05-28T13:42:01.714+0000] {processor.py:925} INFO - DAG(s) 'example_sla_dag' retrieved from /home/airflow/.local/lib/python3.12/site-packages/airflow/example_dags/example_sla_dag.py
[2025-05-28T13:42:01.733+0000] {logging_mixin.py:190} INFO - [2025-05-28T13:42:01.733+0000] {dag.py:3239} INFO - Sync 1 DAGs
[2025-05-28T13:42:01.755+0000] {logging_mixin.py:190} INFO - [2025-05-28T13:42:01.755+0000] {dag.py:4180} INFO - Setting next_dagrun for example_sla_dag to 2025-05-28 13:40:00+00:00, run_after=2025-05-28 13:42:00+00:00
[2025-05-28T13:42:01.775+0000] {processor.py:208} INFO - Processing /home/airflow/.local/lib/python3.12/site-packages/airflow/example_dags/example_sla_dag.py took 0.080 seconds
[2025-05-28T13:42:33.038+0000] {processor.py:186} INFO - Started process (PID=795) to work on /home/airflow/.local/lib/python3.12/site-packages/airflow/example_dags/example_sla_dag.py
[2025-05-28T13:42:33.039+0000] {processor.py:914} INFO - Processing file /home/airflow/.local/lib/python3.12/site-packages/airflow/example_dags/example_sla_dag.py for tasks to queue
[2025-05-28T13:42:33.042+0000] {logging_mixin.py:190} INFO - [2025-05-28T13:42:33.041+0000] {dagbag.py:588} INFO - Filling up the DagBag from /home/airflow/.local/lib/python3.12/site-packages/airflow/example_dags/example_sla_dag.py
[2025-05-28T13:42:33.052+0000] {processor.py:925} INFO - DAG(s) 'example_sla_dag' retrieved from /home/airflow/.local/lib/python3.12/site-packages/airflow/example_dags/example_sla_dag.py
[2025-05-28T13:42:33.070+0000] {logging_mixin.py:190} INFO - [2025-05-28T13:42:33.070+0000] {dag.py:3239} INFO - Sync 1 DAGs
[2025-05-28T13:42:33.092+0000] {logging_mixin.py:190} INFO - [2025-05-28T13:42:33.092+0000] {dag.py:4180} INFO - Setting next_dagrun for example_sla_dag to 2025-05-28 13:40:00+00:00, run_after=2025-05-28 13:42:00+00:00
[2025-05-28T13:42:33.105+0000] {processor.py:208} INFO - Processing /home/airflow/.local/lib/python3.12/site-packages/airflow/example_dags/example_sla_dag.py took 0.074 seconds
[2025-05-28T13:43:04.303+0000] {processor.py:186} INFO - Started process (PID=861) to work on /home/airflow/.local/lib/python3.12/site-packages/airflow/example_dags/example_sla_dag.py
[2025-05-28T13:43:04.304+0000] {processor.py:914} INFO - Processing file /home/airflow/.local/lib/python3.12/site-packages/airflow/example_dags/example_sla_dag.py for tasks to queue
[2025-05-28T13:43:04.306+0000] {logging_mixin.py:190} INFO - [2025-05-28T13:43:04.306+0000] {dagbag.py:588} INFO - Filling up the DagBag from /home/airflow/.local/lib/python3.12/site-packages/airflow/example_dags/example_sla_dag.py
[2025-05-28T13:43:04.316+0000] {processor.py:925} INFO - DAG(s) 'example_sla_dag' retrieved from /home/airflow/.local/lib/python3.12/site-packages/airflow/example_dags/example_sla_dag.py
[2025-05-28T13:43:04.334+0000] {logging_mixin.py:190} INFO - [2025-05-28T13:43:04.334+0000] {dag.py:3239} INFO - Sync 1 DAGs
[2025-05-28T13:43:04.358+0000] {logging_mixin.py:190} INFO - [2025-05-28T13:43:04.358+0000] {dag.py:4180} INFO - Setting next_dagrun for example_sla_dag to 2025-05-28 13:40:00+00:00, run_after=2025-05-28 13:42:00+00:00
[2025-05-28T13:43:04.371+0000] {processor.py:208} INFO - Processing /home/airflow/.local/lib/python3.12/site-packages/airflow/example_dags/example_sla_dag.py took 0.074 seconds
[2025-05-28T13:43:34.948+0000] {processor.py:186} INFO - Started process (PID=926) to work on /home/airflow/.local/lib/python3.12/site-packages/airflow/example_dags/example_sla_dag.py
[2025-05-28T13:43:34.948+0000] {processor.py:914} INFO - Processing file /home/airflow/.local/lib/python3.12/site-packages/airflow/example_dags/example_sla_dag.py for tasks to queue
[2025-05-28T13:43:34.949+0000] {logging_mixin.py:190} INFO - [2025-05-28T13:43:34.949+0000] {dagbag.py:588} INFO - Filling up the DagBag from /home/airflow/.local/lib/python3.12/site-packages/airflow/example_dags/example_sla_dag.py
[2025-05-28T13:43:34.960+0000] {processor.py:925} INFO - DAG(s) 'example_sla_dag' retrieved from /home/airflow/.local/lib/python3.12/site-packages/airflow/example_dags/example_sla_dag.py
[2025-05-28T13:43:34.977+0000] {logging_mixin.py:190} INFO - [2025-05-28T13:43:34.977+0000] {dag.py:3239} INFO - Sync 1 DAGs
[2025-05-28T13:43:35.000+0000] {logging_mixin.py:190} INFO - [2025-05-28T13:43:35.000+0000] {dag.py:4180} INFO - Setting next_dagrun for example_sla_dag to 2025-05-28 13:40:00+00:00, run_after=2025-05-28 13:42:00+00:00
[2025-05-28T13:43:35.014+0000] {processor.py:208} INFO - Processing /home/airflow/.local/lib/python3.12/site-packages/airflow/example_dags/example_sla_dag.py took 0.072 seconds
[2025-05-28T13:44:05.623+0000] {processor.py:186} INFO - Started process (PID=991) to work on /home/airflow/.local/lib/python3.12/site-packages/airflow/example_dags/example_sla_dag.py
[2025-05-28T13:44:05.623+0000] {processor.py:914} INFO - Processing file /home/airflow/.local/lib/python3.12/site-packages/airflow/example_dags/example_sla_dag.py for tasks to queue
[2025-05-28T13:44:05.624+0000] {logging_mixin.py:190} INFO - [2025-05-28T13:44:05.624+0000] {dagbag.py:588} INFO - Filling up the DagBag from /home/airflow/.local/lib/python3.12/site-packages/airflow/example_dags/example_sla_dag.py
[2025-05-28T13:44:05.634+0000] {processor.py:925} INFO - DAG(s) 'example_sla_dag' retrieved from /home/airflow/.local/lib/python3.12/site-packages/airflow/example_dags/example_sla_dag.py
[2025-05-28T13:44:05.653+0000] {logging_mixin.py:190} INFO - [2025-05-28T13:44:05.653+0000] {dag.py:3239} INFO - Sync 1 DAGs
[2025-05-28T13:44:05.674+0000] {logging_mixin.py:190} INFO - [2025-05-28T13:44:05.674+0000] {dag.py:4180} INFO - Setting next_dagrun for example_sla_dag to 2025-05-28 13:42:00+00:00, run_after=2025-05-28 13:44:00+00:00
[2025-05-28T13:44:05.688+0000] {processor.py:208} INFO - Processing /home/airflow/.local/lib/python3.12/site-packages/airflow/example_dags/example_sla_dag.py took 0.071 seconds
[2025-05-28T13:44:36.930+0000] {processor.py:186} INFO - Started process (PID=1056) to work on /home/airflow/.local/lib/python3.12/site-packages/airflow/example_dags/example_sla_dag.py
[2025-05-28T13:44:36.931+0000] {processor.py:914} INFO - Processing file /home/airflow/.local/lib/python3.12/site-packages/airflow/example_dags/example_sla_dag.py for tasks to queue
[2025-05-28T13:44:36.932+0000] {logging_mixin.py:190} INFO - [2025-05-28T13:44:36.931+0000] {dagbag.py:588} INFO - Filling up the DagBag from /home/airflow/.local/lib/python3.12/site-packages/airflow/example_dags/example_sla_dag.py
[2025-05-28T13:44:36.942+0000] {processor.py:925} INFO - DAG(s) 'example_sla_dag' retrieved from /home/airflow/.local/lib/python3.12/site-packages/airflow/example_dags/example_sla_dag.py
[2025-05-28T13:44:36.961+0000] {logging_mixin.py:190} INFO - [2025-05-28T13:44:36.961+0000] {dag.py:3239} INFO - Sync 1 DAGs
[2025-05-28T13:44:36.985+0000] {logging_mixin.py:190} INFO - [2025-05-28T13:44:36.985+0000] {dag.py:4180} INFO - Setting next_dagrun for example_sla_dag to 2025-05-28 13:42:00+00:00, run_after=2025-05-28 13:44:00+00:00
[2025-05-28T13:44:36.998+0000] {processor.py:208} INFO - Processing /home/airflow/.local/lib/python3.12/site-packages/airflow/example_dags/example_sla_dag.py took 0.074 seconds
[2025-05-28T13:45:07.960+0000] {processor.py:186} INFO - Started process (PID=1125) to work on /home/airflow/.local/lib/python3.12/site-packages/airflow/example_dags/example_sla_dag.py
[2025-05-28T13:45:07.961+0000] {processor.py:914} INFO - Processing file /home/airflow/.local/lib/python3.12/site-packages/airflow/example_dags/example_sla_dag.py for tasks to queue
[2025-05-28T13:45:07.962+0000] {logging_mixin.py:190} INFO - [2025-05-28T13:45:07.962+0000] {dagbag.py:588} INFO - Filling up the DagBag from /home/airflow/.local/lib/python3.12/site-packages/airflow/example_dags/example_sla_dag.py
[2025-05-28T13:45:07.972+0000] {processor.py:925} INFO - DAG(s) 'example_sla_dag' retrieved from /home/airflow/.local/lib/python3.12/site-packages/airflow/example_dags/example_sla_dag.py
[2025-05-28T13:45:07.989+0000] {logging_mixin.py:190} INFO - [2025-05-28T13:45:07.989+0000] {dag.py:3239} INFO - Sync 1 DAGs
[2025-05-28T13:45:08.012+0000] {logging_mixin.py:190} INFO - [2025-05-28T13:45:08.012+0000] {dag.py:4180} INFO - Setting next_dagrun for example_sla_dag to 2025-05-28 13:42:00+00:00, run_after=2025-05-28 13:44:00+00:00
[2025-05-28T13:45:08.026+0000] {processor.py:208} INFO - Processing /home/airflow/.local/lib/python3.12/site-packages/airflow/example_dags/example_sla_dag.py took 0.072 seconds
[2025-05-28T13:45:39.570+0000] {processor.py:186} INFO - Started process (PID=1191) to work on /home/airflow/.local/lib/python3.12/site-packages/airflow/example_dags/example_sla_dag.py
[2025-05-28T13:45:39.571+0000] {processor.py:914} INFO - Processing file /home/airflow/.local/lib/python3.12/site-packages/airflow/example_dags/example_sla_dag.py for tasks to queue
[2025-05-28T13:45:39.572+0000] {logging_mixin.py:190} INFO - [2025-05-28T13:45:39.572+0000] {dagbag.py:588} INFO - Filling up the DagBag from /home/airflow/.local/lib/python3.12/site-packages/airflow/example_dags/example_sla_dag.py
[2025-05-28T13:45:39.583+0000] {processor.py:925} INFO - DAG(s) 'example_sla_dag' retrieved from /home/airflow/.local/lib/python3.12/site-packages/airflow/example_dags/example_sla_dag.py
[2025-05-28T13:45:39.605+0000] {logging_mixin.py:190} INFO - [2025-05-28T13:45:39.604+0000] {dag.py:3239} INFO - Sync 1 DAGs
[2025-05-28T13:45:39.631+0000] {logging_mixin.py:190} INFO - [2025-05-28T13:45:39.630+0000] {dag.py:4180} INFO - Setting next_dagrun for example_sla_dag to 2025-05-28 13:42:00+00:00, run_after=2025-05-28 13:44:00+00:00
[2025-05-28T13:45:39.644+0000] {processor.py:208} INFO - Processing /home/airflow/.local/lib/python3.12/site-packages/airflow/example_dags/example_sla_dag.py took 0.081 seconds
[2025-05-28T13:46:10.647+0000] {processor.py:186} INFO - Started process (PID=1257) to work on /home/airflow/.local/lib/python3.12/site-packages/airflow/example_dags/example_sla_dag.py
[2025-05-28T13:46:10.648+0000] {processor.py:914} INFO - Processing file /home/airflow/.local/lib/python3.12/site-packages/airflow/example_dags/example_sla_dag.py for tasks to queue
[2025-05-28T13:46:10.648+0000] {logging_mixin.py:190} INFO - [2025-05-28T13:46:10.648+0000] {dagbag.py:588} INFO - Filling up the DagBag from /home/airflow/.local/lib/python3.12/site-packages/airflow/example_dags/example_sla_dag.py
[2025-05-28T13:46:10.658+0000] {processor.py:925} INFO - DAG(s) 'example_sla_dag' retrieved from /home/airflow/.local/lib/python3.12/site-packages/airflow/example_dags/example_sla_dag.py
[2025-05-28T13:46:10.676+0000] {logging_mixin.py:190} INFO - [2025-05-28T13:46:10.675+0000] {dag.py:3239} INFO - Sync 1 DAGs
[2025-05-28T13:46:10.699+0000] {logging_mixin.py:190} INFO - [2025-05-28T13:46:10.699+0000] {dag.py:4180} INFO - Setting next_dagrun for example_sla_dag to 2025-05-28 13:44:00+00:00, run_after=2025-05-28 13:46:00+00:00
[2025-05-28T13:46:10.713+0000] {processor.py:208} INFO - Processing /home/airflow/.local/lib/python3.12/site-packages/airflow/example_dags/example_sla_dag.py took 0.072 seconds
[2025-05-28T13:46:42.299+0000] {processor.py:186} INFO - Started process (PID=1330) to work on /home/airflow/.local/lib/python3.12/site-packages/airflow/example_dags/example_sla_dag.py
[2025-05-28T13:46:42.300+0000] {processor.py:914} INFO - Processing file /home/airflow/.local/lib/python3.12/site-packages/airflow/example_dags/example_sla_dag.py for tasks to queue
[2025-05-28T13:46:42.301+0000] {logging_mixin.py:190} INFO - [2025-05-28T13:46:42.301+0000] {dagbag.py:588} INFO - Filling up the DagBag from /home/airflow/.local/lib/python3.12/site-packages/airflow/example_dags/example_sla_dag.py
[2025-05-28T13:46:42.314+0000] {processor.py:925} INFO - DAG(s) 'example_sla_dag' retrieved from /home/airflow/.local/lib/python3.12/site-packages/airflow/example_dags/example_sla_dag.py
[2025-05-28T13:46:42.334+0000] {logging_mixin.py:190} INFO - [2025-05-28T13:46:42.334+0000] {dag.py:3239} INFO - Sync 1 DAGs
[2025-05-28T13:46:42.359+0000] {logging_mixin.py:190} INFO - [2025-05-28T13:46:42.359+0000] {dag.py:4180} INFO - Setting next_dagrun for example_sla_dag to 2025-05-28 13:44:00+00:00, run_after=2025-05-28 13:46:00+00:00
[2025-05-28T13:46:42.374+0000] {processor.py:208} INFO - Processing /home/airflow/.local/lib/python3.12/site-packages/airflow/example_dags/example_sla_dag.py took 0.080 seconds
[2025-05-28T13:47:14.643+0000] {processor.py:186} INFO - Started process (PID=1395) to work on /home/airflow/.local/lib/python3.12/site-packages/airflow/example_dags/example_sla_dag.py
[2025-05-28T13:47:14.644+0000] {processor.py:914} INFO - Processing file /home/airflow/.local/lib/python3.12/site-packages/airflow/example_dags/example_sla_dag.py for tasks to queue
[2025-05-28T13:47:14.645+0000] {logging_mixin.py:190} INFO - [2025-05-28T13:47:14.645+0000] {dagbag.py:588} INFO - Filling up the DagBag from /home/airflow/.local/lib/python3.12/site-packages/airflow/example_dags/example_sla_dag.py
[2025-05-28T13:47:14.657+0000] {processor.py:925} INFO - DAG(s) 'example_sla_dag' retrieved from /home/airflow/.local/lib/python3.12/site-packages/airflow/example_dags/example_sla_dag.py
[2025-05-28T13:47:14.679+0000] {logging_mixin.py:190} INFO - [2025-05-28T13:47:14.679+0000] {dag.py:3239} INFO - Sync 1 DAGs
[2025-05-28T13:47:14.709+0000] {logging_mixin.py:190} INFO - [2025-05-28T13:47:14.708+0000] {dag.py:4180} INFO - Setting next_dagrun for example_sla_dag to 2025-05-28 13:44:00+00:00, run_after=2025-05-28 13:46:00+00:00
[2025-05-28T13:47:14.727+0000] {processor.py:208} INFO - Processing /home/airflow/.local/lib/python3.12/site-packages/airflow/example_dags/example_sla_dag.py took 0.091 seconds
[2025-05-28T13:47:45.411+0000] {processor.py:186} INFO - Started process (PID=1460) to work on /home/airflow/.local/lib/python3.12/site-packages/airflow/example_dags/example_sla_dag.py
[2025-05-28T13:47:45.412+0000] {processor.py:914} INFO - Processing file /home/airflow/.local/lib/python3.12/site-packages/airflow/example_dags/example_sla_dag.py for tasks to queue
[2025-05-28T13:47:45.413+0000] {logging_mixin.py:190} INFO - [2025-05-28T13:47:45.413+0000] {dagbag.py:588} INFO - Filling up the DagBag from /home/airflow/.local/lib/python3.12/site-packages/airflow/example_dags/example_sla_dag.py
[2025-05-28T13:47:45.425+0000] {processor.py:925} INFO - DAG(s) 'example_sla_dag' retrieved from /home/airflow/.local/lib/python3.12/site-packages/airflow/example_dags/example_sla_dag.py
[2025-05-28T13:47:45.445+0000] {logging_mixin.py:190} INFO - [2025-05-28T13:47:45.445+0000] {dag.py:3239} INFO - Sync 1 DAGs
[2025-05-28T13:47:45.471+0000] {logging_mixin.py:190} INFO - [2025-05-28T13:47:45.470+0000] {dag.py:4180} INFO - Setting next_dagrun for example_sla_dag to 2025-05-28 13:44:00+00:00, run_after=2025-05-28 13:46:00+00:00
[2025-05-28T13:47:45.484+0000] {processor.py:208} INFO - Processing /home/airflow/.local/lib/python3.12/site-packages/airflow/example_dags/example_sla_dag.py took 0.080 seconds
[2025-05-28T13:48:16.375+0000] {processor.py:186} INFO - Started process (PID=1526) to work on /home/airflow/.local/lib/python3.12/site-packages/airflow/example_dags/example_sla_dag.py
[2025-05-28T13:48:16.376+0000] {processor.py:914} INFO - Processing file /home/airflow/.local/lib/python3.12/site-packages/airflow/example_dags/example_sla_dag.py for tasks to queue
[2025-05-28T13:48:16.377+0000] {logging_mixin.py:190} INFO - [2025-05-28T13:48:16.377+0000] {dagbag.py:588} INFO - Filling up the DagBag from /home/airflow/.local/lib/python3.12/site-packages/airflow/example_dags/example_sla_dag.py
[2025-05-28T13:48:16.387+0000] {processor.py:925} INFO - DAG(s) 'example_sla_dag' retrieved from /home/airflow/.local/lib/python3.12/site-packages/airflow/example_dags/example_sla_dag.py
[2025-05-28T13:48:16.404+0000] {logging_mixin.py:190} INFO - [2025-05-28T13:48:16.404+0000] {dag.py:3239} INFO - Sync 1 DAGs
[2025-05-28T13:48:16.425+0000] {logging_mixin.py:190} INFO - [2025-05-28T13:48:16.425+0000] {dag.py:4180} INFO - Setting next_dagrun for example_sla_dag to 2025-05-28 13:46:00+00:00, run_after=2025-05-28 13:48:00+00:00
[2025-05-28T13:48:16.439+0000] {processor.py:208} INFO - Processing /home/airflow/.local/lib/python3.12/site-packages/airflow/example_dags/example_sla_dag.py took 0.069 seconds
[2025-05-28T13:48:48.205+0000] {processor.py:186} INFO - Started process (PID=1592) to work on /home/airflow/.local/lib/python3.12/site-packages/airflow/example_dags/example_sla_dag.py
[2025-05-28T13:48:48.207+0000] {processor.py:914} INFO - Processing file /home/airflow/.local/lib/python3.12/site-packages/airflow/example_dags/example_sla_dag.py for tasks to queue
[2025-05-28T13:48:48.209+0000] {logging_mixin.py:190} INFO - [2025-05-28T13:48:48.209+0000] {dagbag.py:588} INFO - Filling up the DagBag from /home/airflow/.local/lib/python3.12/site-packages/airflow/example_dags/example_sla_dag.py
[2025-05-28T13:48:48.229+0000] {processor.py:925} INFO - DAG(s) 'example_sla_dag' retrieved from /home/airflow/.local/lib/python3.12/site-packages/airflow/example_dags/example_sla_dag.py
[2025-05-28T13:48:48.260+0000] {logging_mixin.py:190} INFO - [2025-05-28T13:48:48.259+0000] {dag.py:3239} INFO - Sync 1 DAGs
[2025-05-28T13:48:48.303+0000] {logging_mixin.py:190} INFO - [2025-05-28T13:48:48.303+0000] {dag.py:4180} INFO - Setting next_dagrun for example_sla_dag to 2025-05-28 13:46:00+00:00, run_after=2025-05-28 13:48:00+00:00
[2025-05-28T13:48:48.345+0000] {processor.py:208} INFO - Processing /home/airflow/.local/lib/python3.12/site-packages/airflow/example_dags/example_sla_dag.py took 0.150 seconds
[2025-05-28T13:49:20.001+0000] {processor.py:186} INFO - Started process (PID=1663) to work on /home/airflow/.local/lib/python3.12/site-packages/airflow/example_dags/example_sla_dag.py
[2025-05-28T13:49:20.002+0000] {processor.py:914} INFO - Processing file /home/airflow/.local/lib/python3.12/site-packages/airflow/example_dags/example_sla_dag.py for tasks to queue
[2025-05-28T13:49:20.003+0000] {logging_mixin.py:190} INFO - [2025-05-28T13:49:20.002+0000] {dagbag.py:588} INFO - Filling up the DagBag from /home/airflow/.local/lib/python3.12/site-packages/airflow/example_dags/example_sla_dag.py
[2025-05-28T13:49:20.014+0000] {processor.py:925} INFO - DAG(s) 'example_sla_dag' retrieved from /home/airflow/.local/lib/python3.12/site-packages/airflow/example_dags/example_sla_dag.py
[2025-05-28T13:49:20.033+0000] {logging_mixin.py:190} INFO - [2025-05-28T13:49:20.032+0000] {dag.py:3239} INFO - Sync 1 DAGs
[2025-05-28T13:49:20.090+0000] {logging_mixin.py:190} INFO - [2025-05-28T13:49:20.090+0000] {dag.py:4180} INFO - Setting next_dagrun for example_sla_dag to 2025-05-28 13:46:00+00:00, run_after=2025-05-28 13:48:00+00:00
[2025-05-28T13:49:20.105+0000] {processor.py:208} INFO - Processing /home/airflow/.local/lib/python3.12/site-packages/airflow/example_dags/example_sla_dag.py took 0.111 seconds
[2025-05-28T13:49:51.097+0000] {processor.py:186} INFO - Started process (PID=1731) to work on /home/airflow/.local/lib/python3.12/site-packages/airflow/example_dags/example_sla_dag.py
[2025-05-28T13:49:51.098+0000] {processor.py:914} INFO - Processing file /home/airflow/.local/lib/python3.12/site-packages/airflow/example_dags/example_sla_dag.py for tasks to queue
[2025-05-28T13:49:51.099+0000] {logging_mixin.py:190} INFO - [2025-05-28T13:49:51.099+0000] {dagbag.py:588} INFO - Filling up the DagBag from /home/airflow/.local/lib/python3.12/site-packages/airflow/example_dags/example_sla_dag.py
[2025-05-28T13:49:51.113+0000] {processor.py:925} INFO - DAG(s) 'example_sla_dag' retrieved from /home/airflow/.local/lib/python3.12/site-packages/airflow/example_dags/example_sla_dag.py
[2025-05-28T13:49:51.136+0000] {logging_mixin.py:190} INFO - [2025-05-28T13:49:51.136+0000] {dag.py:3239} INFO - Sync 1 DAGs
[2025-05-28T13:49:51.193+0000] {logging_mixin.py:190} INFO - [2025-05-28T13:49:51.193+0000] {dag.py:4180} INFO - Setting next_dagrun for example_sla_dag to 2025-05-28 13:46:00+00:00, run_after=2025-05-28 13:48:00+00:00
[2025-05-28T13:49:51.209+0000] {processor.py:208} INFO - Processing /home/airflow/.local/lib/python3.12/site-packages/airflow/example_dags/example_sla_dag.py took 0.119 seconds
[2025-05-28T13:50:22.018+0000] {processor.py:186} INFO - Started process (PID=1795) to work on /home/airflow/.local/lib/python3.12/site-packages/airflow/example_dags/example_sla_dag.py
[2025-05-28T13:50:22.020+0000] {processor.py:914} INFO - Processing file /home/airflow/.local/lib/python3.12/site-packages/airflow/example_dags/example_sla_dag.py for tasks to queue
[2025-05-28T13:50:22.021+0000] {logging_mixin.py:190} INFO - [2025-05-28T13:50:22.021+0000] {dagbag.py:588} INFO - Filling up the DagBag from /home/airflow/.local/lib/python3.12/site-packages/airflow/example_dags/example_sla_dag.py
[2025-05-28T13:50:22.034+0000] {processor.py:925} INFO - DAG(s) 'example_sla_dag' retrieved from /home/airflow/.local/lib/python3.12/site-packages/airflow/example_dags/example_sla_dag.py
[2025-05-28T13:50:22.059+0000] {logging_mixin.py:190} INFO - [2025-05-28T13:50:22.059+0000] {dag.py:3239} INFO - Sync 1 DAGs
[2025-05-28T13:50:22.090+0000] {logging_mixin.py:190} INFO - [2025-05-28T13:50:22.090+0000] {dag.py:4180} INFO - Setting next_dagrun for example_sla_dag to 2025-05-28 13:48:00+00:00, run_after=2025-05-28 13:50:00+00:00
[2025-05-28T13:50:22.110+0000] {processor.py:208} INFO - Processing /home/airflow/.local/lib/python3.12/site-packages/airflow/example_dags/example_sla_dag.py took 0.099 seconds
[2025-05-28T13:50:52.619+0000] {processor.py:186} INFO - Started process (PID=1860) to work on /home/airflow/.local/lib/python3.12/site-packages/airflow/example_dags/example_sla_dag.py
[2025-05-28T13:50:52.620+0000] {processor.py:914} INFO - Processing file /home/airflow/.local/lib/python3.12/site-packages/airflow/example_dags/example_sla_dag.py for tasks to queue
[2025-05-28T13:50:52.621+0000] {logging_mixin.py:190} INFO - [2025-05-28T13:50:52.621+0000] {dagbag.py:588} INFO - Filling up the DagBag from /home/airflow/.local/lib/python3.12/site-packages/airflow/example_dags/example_sla_dag.py
[2025-05-28T13:50:52.632+0000] {processor.py:925} INFO - DAG(s) 'example_sla_dag' retrieved from /home/airflow/.local/lib/python3.12/site-packages/airflow/example_dags/example_sla_dag.py
[2025-05-28T13:50:52.649+0000] {logging_mixin.py:190} INFO - [2025-05-28T13:50:52.649+0000] {dag.py:3239} INFO - Sync 1 DAGs
[2025-05-28T13:50:52.697+0000] {logging_mixin.py:190} INFO - [2025-05-28T13:50:52.697+0000] {dag.py:4180} INFO - Setting next_dagrun for example_sla_dag to 2025-05-28 13:48:00+00:00, run_after=2025-05-28 13:50:00+00:00
[2025-05-28T13:50:52.711+0000] {processor.py:208} INFO - Processing /home/airflow/.local/lib/python3.12/site-packages/airflow/example_dags/example_sla_dag.py took 0.098 seconds
[2025-05-28T13:51:24.175+0000] {processor.py:186} INFO - Started process (PID=1930) to work on /home/airflow/.local/lib/python3.12/site-packages/airflow/example_dags/example_sla_dag.py
[2025-05-28T13:51:24.176+0000] {processor.py:914} INFO - Processing file /home/airflow/.local/lib/python3.12/site-packages/airflow/example_dags/example_sla_dag.py for tasks to queue
[2025-05-28T13:51:24.177+0000] {logging_mixin.py:190} INFO - [2025-05-28T13:51:24.177+0000] {dagbag.py:588} INFO - Filling up the DagBag from /home/airflow/.local/lib/python3.12/site-packages/airflow/example_dags/example_sla_dag.py
[2025-05-28T13:51:24.189+0000] {processor.py:925} INFO - DAG(s) 'example_sla_dag' retrieved from /home/airflow/.local/lib/python3.12/site-packages/airflow/example_dags/example_sla_dag.py
[2025-05-28T13:51:24.215+0000] {logging_mixin.py:190} INFO - [2025-05-28T13:51:24.215+0000] {dag.py:3239} INFO - Sync 1 DAGs
[2025-05-28T13:51:24.253+0000] {logging_mixin.py:190} INFO - [2025-05-28T13:51:24.253+0000] {dag.py:4180} INFO - Setting next_dagrun for example_sla_dag to 2025-05-28 13:48:00+00:00, run_after=2025-05-28 13:50:00+00:00
[2025-05-28T13:51:24.270+0000] {processor.py:208} INFO - Processing /home/airflow/.local/lib/python3.12/site-packages/airflow/example_dags/example_sla_dag.py took 0.102 seconds
[2025-05-28T13:51:55.063+0000] {processor.py:186} INFO - Started process (PID=1999) to work on /home/airflow/.local/lib/python3.12/site-packages/airflow/example_dags/example_sla_dag.py
[2025-05-28T13:51:55.065+0000] {processor.py:914} INFO - Processing file /home/airflow/.local/lib/python3.12/site-packages/airflow/example_dags/example_sla_dag.py for tasks to queue
[2025-05-28T13:51:55.066+0000] {logging_mixin.py:190} INFO - [2025-05-28T13:51:55.066+0000] {dagbag.py:588} INFO - Filling up the DagBag from /home/airflow/.local/lib/python3.12/site-packages/airflow/example_dags/example_sla_dag.py
[2025-05-28T13:51:55.079+0000] {processor.py:925} INFO - DAG(s) 'example_sla_dag' retrieved from /home/airflow/.local/lib/python3.12/site-packages/airflow/example_dags/example_sla_dag.py
[2025-05-28T13:51:55.102+0000] {logging_mixin.py:190} INFO - [2025-05-28T13:51:55.102+0000] {dag.py:3239} INFO - Sync 1 DAGs
[2025-05-28T13:51:55.128+0000] {logging_mixin.py:190} INFO - [2025-05-28T13:51:55.128+0000] {dag.py:4180} INFO - Setting next_dagrun for example_sla_dag to 2025-05-28 13:48:00+00:00, run_after=2025-05-28 13:50:00+00:00
[2025-05-28T13:51:55.148+0000] {processor.py:208} INFO - Processing /home/airflow/.local/lib/python3.12/site-packages/airflow/example_dags/example_sla_dag.py took 0.092 seconds
[2025-05-28T13:52:25.879+0000] {processor.py:186} INFO - Started process (PID=2064) to work on /home/airflow/.local/lib/python3.12/site-packages/airflow/example_dags/example_sla_dag.py
[2025-05-28T13:52:25.880+0000] {processor.py:914} INFO - Processing file /home/airflow/.local/lib/python3.12/site-packages/airflow/example_dags/example_sla_dag.py for tasks to queue
[2025-05-28T13:52:25.881+0000] {logging_mixin.py:190} INFO - [2025-05-28T13:52:25.881+0000] {dagbag.py:588} INFO - Filling up the DagBag from /home/airflow/.local/lib/python3.12/site-packages/airflow/example_dags/example_sla_dag.py
[2025-05-28T13:52:25.893+0000] {processor.py:925} INFO - DAG(s) 'example_sla_dag' retrieved from /home/airflow/.local/lib/python3.12/site-packages/airflow/example_dags/example_sla_dag.py
[2025-05-28T13:52:25.914+0000] {logging_mixin.py:190} INFO - [2025-05-28T13:52:25.914+0000] {dag.py:3239} INFO - Sync 1 DAGs
[2025-05-28T13:52:25.940+0000] {logging_mixin.py:190} INFO - [2025-05-28T13:52:25.940+0000] {dag.py:4180} INFO - Setting next_dagrun for example_sla_dag to 2025-05-28 13:50:00+00:00, run_after=2025-05-28 13:52:00+00:00
[2025-05-28T13:52:25.955+0000] {processor.py:208} INFO - Processing /home/airflow/.local/lib/python3.12/site-packages/airflow/example_dags/example_sla_dag.py took 0.084 seconds
[2025-05-28T13:52:58.001+0000] {processor.py:186} INFO - Started process (PID=2130) to work on /home/airflow/.local/lib/python3.12/site-packages/airflow/example_dags/example_sla_dag.py
[2025-05-28T13:52:58.003+0000] {processor.py:914} INFO - Processing file /home/airflow/.local/lib/python3.12/site-packages/airflow/example_dags/example_sla_dag.py for tasks to queue
[2025-05-28T13:52:58.004+0000] {logging_mixin.py:190} INFO - [2025-05-28T13:52:58.003+0000] {dagbag.py:588} INFO - Filling up the DagBag from /home/airflow/.local/lib/python3.12/site-packages/airflow/example_dags/example_sla_dag.py
[2025-05-28T13:52:58.016+0000] {processor.py:925} INFO - DAG(s) 'example_sla_dag' retrieved from /home/airflow/.local/lib/python3.12/site-packages/airflow/example_dags/example_sla_dag.py
[2025-05-28T13:52:58.040+0000] {logging_mixin.py:190} INFO - [2025-05-28T13:52:58.040+0000] {dag.py:3239} INFO - Sync 1 DAGs
[2025-05-28T13:52:58.069+0000] {logging_mixin.py:190} INFO - [2025-05-28T13:52:58.069+0000] {dag.py:4180} INFO - Setting next_dagrun for example_sla_dag to 2025-05-28 13:50:00+00:00, run_after=2025-05-28 13:52:00+00:00
[2025-05-28T13:52:58.085+0000] {processor.py:208} INFO - Processing /home/airflow/.local/lib/python3.12/site-packages/airflow/example_dags/example_sla_dag.py took 0.091 seconds
[2025-05-28T13:53:28.548+0000] {processor.py:186} INFO - Started process (PID=2195) to work on /home/airflow/.local/lib/python3.12/site-packages/airflow/example_dags/example_sla_dag.py
[2025-05-28T13:53:28.549+0000] {processor.py:914} INFO - Processing file /home/airflow/.local/lib/python3.12/site-packages/airflow/example_dags/example_sla_dag.py for tasks to queue
[2025-05-28T13:53:28.550+0000] {logging_mixin.py:190} INFO - [2025-05-28T13:53:28.550+0000] {dagbag.py:588} INFO - Filling up the DagBag from /home/airflow/.local/lib/python3.12/site-packages/airflow/example_dags/example_sla_dag.py
[2025-05-28T13:53:28.561+0000] {processor.py:925} INFO - DAG(s) 'example_sla_dag' retrieved from /home/airflow/.local/lib/python3.12/site-packages/airflow/example_dags/example_sla_dag.py
[2025-05-28T13:53:28.582+0000] {logging_mixin.py:190} INFO - [2025-05-28T13:53:28.582+0000] {dag.py:3239} INFO - Sync 1 DAGs
[2025-05-28T13:53:28.609+0000] {logging_mixin.py:190} INFO - [2025-05-28T13:53:28.609+0000] {dag.py:4180} INFO - Setting next_dagrun for example_sla_dag to 2025-05-28 13:50:00+00:00, run_after=2025-05-28 13:52:00+00:00
[2025-05-28T13:53:28.627+0000] {processor.py:208} INFO - Processing /home/airflow/.local/lib/python3.12/site-packages/airflow/example_dags/example_sla_dag.py took 0.086 seconds
[2025-05-28T13:53:59.650+0000] {processor.py:186} INFO - Started process (PID=2260) to work on /home/airflow/.local/lib/python3.12/site-packages/airflow/example_dags/example_sla_dag.py
[2025-05-28T13:53:59.651+0000] {processor.py:914} INFO - Processing file /home/airflow/.local/lib/python3.12/site-packages/airflow/example_dags/example_sla_dag.py for tasks to queue
[2025-05-28T13:53:59.652+0000] {logging_mixin.py:190} INFO - [2025-05-28T13:53:59.652+0000] {dagbag.py:588} INFO - Filling up the DagBag from /home/airflow/.local/lib/python3.12/site-packages/airflow/example_dags/example_sla_dag.py
[2025-05-28T13:53:59.664+0000] {processor.py:925} INFO - DAG(s) 'example_sla_dag' retrieved from /home/airflow/.local/lib/python3.12/site-packages/airflow/example_dags/example_sla_dag.py
[2025-05-28T13:53:59.687+0000] {logging_mixin.py:190} INFO - [2025-05-28T13:53:59.686+0000] {dag.py:3239} INFO - Sync 1 DAGs
[2025-05-28T13:53:59.715+0000] {logging_mixin.py:190} INFO - [2025-05-28T13:53:59.715+0000] {dag.py:4180} INFO - Setting next_dagrun for example_sla_dag to 2025-05-28 13:50:00+00:00, run_after=2025-05-28 13:52:00+00:00
[2025-05-28T13:53:59.732+0000] {processor.py:208} INFO - Processing /home/airflow/.local/lib/python3.12/site-packages/airflow/example_dags/example_sla_dag.py took 0.089 seconds
[2025-05-28T13:54:30.784+0000] {processor.py:186} INFO - Started process (PID=2325) to work on /home/airflow/.local/lib/python3.12/site-packages/airflow/example_dags/example_sla_dag.py
[2025-05-28T13:54:30.786+0000] {processor.py:914} INFO - Processing file /home/airflow/.local/lib/python3.12/site-packages/airflow/example_dags/example_sla_dag.py for tasks to queue
[2025-05-28T13:54:30.787+0000] {logging_mixin.py:190} INFO - [2025-05-28T13:54:30.787+0000] {dagbag.py:588} INFO - Filling up the DagBag from /home/airflow/.local/lib/python3.12/site-packages/airflow/example_dags/example_sla_dag.py
[2025-05-28T13:54:30.800+0000] {processor.py:925} INFO - DAG(s) 'example_sla_dag' retrieved from /home/airflow/.local/lib/python3.12/site-packages/airflow/example_dags/example_sla_dag.py
[2025-05-28T13:54:30.825+0000] {logging_mixin.py:190} INFO - [2025-05-28T13:54:30.825+0000] {dag.py:3239} INFO - Sync 1 DAGs
[2025-05-28T13:54:30.850+0000] {logging_mixin.py:190} INFO - [2025-05-28T13:54:30.850+0000] {dag.py:4180} INFO - Setting next_dagrun for example_sla_dag to 2025-05-28 13:52:00+00:00, run_after=2025-05-28 13:54:00+00:00
[2025-05-28T13:54:30.869+0000] {processor.py:208} INFO - Processing /home/airflow/.local/lib/python3.12/site-packages/airflow/example_dags/example_sla_dag.py took 0.092 seconds
[2025-05-28T13:55:02.884+0000] {processor.py:186} INFO - Started process (PID=2390) to work on /home/airflow/.local/lib/python3.12/site-packages/airflow/example_dags/example_sla_dag.py
[2025-05-28T13:55:02.885+0000] {processor.py:914} INFO - Processing file /home/airflow/.local/lib/python3.12/site-packages/airflow/example_dags/example_sla_dag.py for tasks to queue
[2025-05-28T13:55:02.886+0000] {logging_mixin.py:190} INFO - [2025-05-28T13:55:02.886+0000] {dagbag.py:588} INFO - Filling up the DagBag from /home/airflow/.local/lib/python3.12/site-packages/airflow/example_dags/example_sla_dag.py
[2025-05-28T13:55:02.899+0000] {processor.py:925} INFO - DAG(s) 'example_sla_dag' retrieved from /home/airflow/.local/lib/python3.12/site-packages/airflow/example_dags/example_sla_dag.py
[2025-05-28T13:55:02.922+0000] {logging_mixin.py:190} INFO - [2025-05-28T13:55:02.921+0000] {dag.py:3239} INFO - Sync 1 DAGs
[2025-05-28T13:55:02.950+0000] {logging_mixin.py:190} INFO - [2025-05-28T13:55:02.950+0000] {dag.py:4180} INFO - Setting next_dagrun for example_sla_dag to 2025-05-28 13:52:00+00:00, run_after=2025-05-28 13:54:00+00:00
[2025-05-28T13:55:02.965+0000] {processor.py:208} INFO - Processing /home/airflow/.local/lib/python3.12/site-packages/airflow/example_dags/example_sla_dag.py took 0.089 seconds
[2025-05-28T13:55:34.397+0000] {processor.py:186} INFO - Started process (PID=2455) to work on /home/airflow/.local/lib/python3.12/site-packages/airflow/example_dags/example_sla_dag.py
[2025-05-28T13:55:34.398+0000] {processor.py:914} INFO - Processing file /home/airflow/.local/lib/python3.12/site-packages/airflow/example_dags/example_sla_dag.py for tasks to queue
[2025-05-28T13:55:34.400+0000] {logging_mixin.py:190} INFO - [2025-05-28T13:55:34.399+0000] {dagbag.py:588} INFO - Filling up the DagBag from /home/airflow/.local/lib/python3.12/site-packages/airflow/example_dags/example_sla_dag.py
[2025-05-28T13:55:34.410+0000] {processor.py:925} INFO - DAG(s) 'example_sla_dag' retrieved from /home/airflow/.local/lib/python3.12/site-packages/airflow/example_dags/example_sla_dag.py
[2025-05-28T13:55:34.429+0000] {logging_mixin.py:190} INFO - [2025-05-28T13:55:34.429+0000] {dag.py:3239} INFO - Sync 1 DAGs
[2025-05-28T13:55:34.479+0000] {logging_mixin.py:190} INFO - [2025-05-28T13:55:34.478+0000] {dag.py:4180} INFO - Setting next_dagrun for example_sla_dag to 2025-05-28 13:52:00+00:00, run_after=2025-05-28 13:54:00+00:00
[2025-05-28T13:55:34.496+0000] {processor.py:208} INFO - Processing /home/airflow/.local/lib/python3.12/site-packages/airflow/example_dags/example_sla_dag.py took 0.105 seconds
[2025-05-28T13:56:06.947+0000] {processor.py:186} INFO - Started process (PID=2520) to work on /home/airflow/.local/lib/python3.12/site-packages/airflow/example_dags/example_sla_dag.py
[2025-05-28T13:56:06.948+0000] {processor.py:914} INFO - Processing file /home/airflow/.local/lib/python3.12/site-packages/airflow/example_dags/example_sla_dag.py for tasks to queue
[2025-05-28T13:56:06.950+0000] {logging_mixin.py:190} INFO - [2025-05-28T13:56:06.949+0000] {dagbag.py:588} INFO - Filling up the DagBag from /home/airflow/.local/lib/python3.12/site-packages/airflow/example_dags/example_sla_dag.py
[2025-05-28T13:56:06.963+0000] {processor.py:925} INFO - DAG(s) 'example_sla_dag' retrieved from /home/airflow/.local/lib/python3.12/site-packages/airflow/example_dags/example_sla_dag.py
[2025-05-28T13:56:06.995+0000] {logging_mixin.py:190} INFO - [2025-05-28T13:56:06.994+0000] {dag.py:3239} INFO - Sync 1 DAGs
[2025-05-28T13:56:07.028+0000] {logging_mixin.py:190} INFO - [2025-05-28T13:56:07.028+0000] {dag.py:4180} INFO - Setting next_dagrun for example_sla_dag to 2025-05-28 13:54:00+00:00, run_after=2025-05-28 13:56:00+00:00
[2025-05-28T13:56:07.050+0000] {processor.py:208} INFO - Processing /home/airflow/.local/lib/python3.12/site-packages/airflow/example_dags/example_sla_dag.py took 0.111 seconds
[2025-05-28T13:56:37.904+0000] {processor.py:186} INFO - Started process (PID=2585) to work on /home/airflow/.local/lib/python3.12/site-packages/airflow/example_dags/example_sla_dag.py
[2025-05-28T13:56:37.906+0000] {processor.py:914} INFO - Processing file /home/airflow/.local/lib/python3.12/site-packages/airflow/example_dags/example_sla_dag.py for tasks to queue
[2025-05-28T13:56:37.907+0000] {logging_mixin.py:190} INFO - [2025-05-28T13:56:37.906+0000] {dagbag.py:588} INFO - Filling up the DagBag from /home/airflow/.local/lib/python3.12/site-packages/airflow/example_dags/example_sla_dag.py
[2025-05-28T13:56:37.918+0000] {processor.py:925} INFO - DAG(s) 'example_sla_dag' retrieved from /home/airflow/.local/lib/python3.12/site-packages/airflow/example_dags/example_sla_dag.py
[2025-05-28T13:56:37.937+0000] {logging_mixin.py:190} INFO - [2025-05-28T13:56:37.937+0000] {dag.py:3239} INFO - Sync 1 DAGs
[2025-05-28T13:56:38.000+0000] {logging_mixin.py:190} INFO - [2025-05-28T13:56:38.000+0000] {dag.py:4180} INFO - Setting next_dagrun for example_sla_dag to 2025-05-28 13:54:00+00:00, run_after=2025-05-28 13:56:00+00:00
[2025-05-28T13:56:38.017+0000] {processor.py:208} INFO - Processing /home/airflow/.local/lib/python3.12/site-packages/airflow/example_dags/example_sla_dag.py took 0.119 seconds
[2025-05-28T13:57:08.887+0000] {processor.py:186} INFO - Started process (PID=2649) to work on /home/airflow/.local/lib/python3.12/site-packages/airflow/example_dags/example_sla_dag.py
[2025-05-28T13:57:08.888+0000] {processor.py:914} INFO - Processing file /home/airflow/.local/lib/python3.12/site-packages/airflow/example_dags/example_sla_dag.py for tasks to queue
[2025-05-28T13:57:08.889+0000] {logging_mixin.py:190} INFO - [2025-05-28T13:57:08.889+0000] {dagbag.py:588} INFO - Filling up the DagBag from /home/airflow/.local/lib/python3.12/site-packages/airflow/example_dags/example_sla_dag.py
[2025-05-28T13:57:08.900+0000] {processor.py:925} INFO - DAG(s) 'example_sla_dag' retrieved from /home/airflow/.local/lib/python3.12/site-packages/airflow/example_dags/example_sla_dag.py
[2025-05-28T13:57:08.922+0000] {logging_mixin.py:190} INFO - [2025-05-28T13:57:08.921+0000] {dag.py:3239} INFO - Sync 1 DAGs
[2025-05-28T13:57:08.950+0000] {logging_mixin.py:190} INFO - [2025-05-28T13:57:08.950+0000] {dag.py:4180} INFO - Setting next_dagrun for example_sla_dag to 2025-05-28 13:54:00+00:00, run_after=2025-05-28 13:56:00+00:00
[2025-05-28T13:57:08.969+0000] {processor.py:208} INFO - Processing /home/airflow/.local/lib/python3.12/site-packages/airflow/example_dags/example_sla_dag.py took 0.089 seconds
[2025-05-28T13:57:41.441+0000] {processor.py:186} INFO - Started process (PID=2719) to work on /home/airflow/.local/lib/python3.12/site-packages/airflow/example_dags/example_sla_dag.py
[2025-05-28T13:57:41.442+0000] {processor.py:914} INFO - Processing file /home/airflow/.local/lib/python3.12/site-packages/airflow/example_dags/example_sla_dag.py for tasks to queue
[2025-05-28T13:57:41.443+0000] {logging_mixin.py:190} INFO - [2025-05-28T13:57:41.443+0000] {dagbag.py:588} INFO - Filling up the DagBag from /home/airflow/.local/lib/python3.12/site-packages/airflow/example_dags/example_sla_dag.py
[2025-05-28T13:57:41.454+0000] {processor.py:925} INFO - DAG(s) 'example_sla_dag' retrieved from /home/airflow/.local/lib/python3.12/site-packages/airflow/example_dags/example_sla_dag.py
[2025-05-28T13:57:41.473+0000] {logging_mixin.py:190} INFO - [2025-05-28T13:57:41.473+0000] {dag.py:3239} INFO - Sync 1 DAGs
[2025-05-28T13:57:41.498+0000] {logging_mixin.py:190} INFO - [2025-05-28T13:57:41.498+0000] {dag.py:4180} INFO - Setting next_dagrun for example_sla_dag to 2025-05-28 13:54:00+00:00, run_after=2025-05-28 13:56:00+00:00
[2025-05-28T13:57:41.512+0000] {processor.py:208} INFO - Processing /home/airflow/.local/lib/python3.12/site-packages/airflow/example_dags/example_sla_dag.py took 0.077 seconds
[2025-05-28T13:58:12.764+0000] {processor.py:186} INFO - Started process (PID=2784) to work on /home/airflow/.local/lib/python3.12/site-packages/airflow/example_dags/example_sla_dag.py
[2025-05-28T13:58:12.766+0000] {processor.py:914} INFO - Processing file /home/airflow/.local/lib/python3.12/site-packages/airflow/example_dags/example_sla_dag.py for tasks to queue
[2025-05-28T13:58:12.767+0000] {logging_mixin.py:190} INFO - [2025-05-28T13:58:12.767+0000] {dagbag.py:588} INFO - Filling up the DagBag from /home/airflow/.local/lib/python3.12/site-packages/airflow/example_dags/example_sla_dag.py
[2025-05-28T13:58:12.780+0000] {processor.py:925} INFO - DAG(s) 'example_sla_dag' retrieved from /home/airflow/.local/lib/python3.12/site-packages/airflow/example_dags/example_sla_dag.py
[2025-05-28T13:58:12.800+0000] {logging_mixin.py:190} INFO - [2025-05-28T13:58:12.799+0000] {dag.py:3239} INFO - Sync 1 DAGs
[2025-05-28T13:58:12.824+0000] {logging_mixin.py:190} INFO - [2025-05-28T13:58:12.824+0000] {dag.py:4180} INFO - Setting next_dagrun for example_sla_dag to 2025-05-28 13:56:00+00:00, run_after=2025-05-28 13:58:00+00:00
[2025-05-28T13:58:12.840+0000] {processor.py:208} INFO - Processing /home/airflow/.local/lib/python3.12/site-packages/airflow/example_dags/example_sla_dag.py took 0.084 seconds
[2025-05-28T13:58:43.970+0000] {processor.py:186} INFO - Started process (PID=2849) to work on /home/airflow/.local/lib/python3.12/site-packages/airflow/example_dags/example_sla_dag.py
[2025-05-28T13:58:43.975+0000] {processor.py:914} INFO - Processing file /home/airflow/.local/lib/python3.12/site-packages/airflow/example_dags/example_sla_dag.py for tasks to queue
[2025-05-28T13:58:43.976+0000] {logging_mixin.py:190} INFO - [2025-05-28T13:58:43.976+0000] {dagbag.py:588} INFO - Filling up the DagBag from /home/airflow/.local/lib/python3.12/site-packages/airflow/example_dags/example_sla_dag.py
[2025-05-28T13:58:43.987+0000] {processor.py:925} INFO - DAG(s) 'example_sla_dag' retrieved from /home/airflow/.local/lib/python3.12/site-packages/airflow/example_dags/example_sla_dag.py
[2025-05-28T13:58:44.010+0000] {logging_mixin.py:190} INFO - [2025-05-28T13:58:44.010+0000] {dag.py:3239} INFO - Sync 1 DAGs
[2025-05-28T13:58:44.041+0000] {logging_mixin.py:190} INFO - [2025-05-28T13:58:44.041+0000] {dag.py:4180} INFO - Setting next_dagrun for example_sla_dag to 2025-05-28 13:56:00+00:00, run_after=2025-05-28 13:58:00+00:00
[2025-05-28T13:58:44.059+0000] {processor.py:208} INFO - Processing /home/airflow/.local/lib/python3.12/site-packages/airflow/example_dags/example_sla_dag.py took 0.096 seconds
[2025-05-28T13:59:16.266+0000] {processor.py:186} INFO - Started process (PID=2914) to work on /home/airflow/.local/lib/python3.12/site-packages/airflow/example_dags/example_sla_dag.py
[2025-05-28T13:59:16.267+0000] {processor.py:914} INFO - Processing file /home/airflow/.local/lib/python3.12/site-packages/airflow/example_dags/example_sla_dag.py for tasks to queue
[2025-05-28T13:59:16.269+0000] {logging_mixin.py:190} INFO - [2025-05-28T13:59:16.268+0000] {dagbag.py:588} INFO - Filling up the DagBag from /home/airflow/.local/lib/python3.12/site-packages/airflow/example_dags/example_sla_dag.py
[2025-05-28T13:59:16.281+0000] {processor.py:925} INFO - DAG(s) 'example_sla_dag' retrieved from /home/airflow/.local/lib/python3.12/site-packages/airflow/example_dags/example_sla_dag.py
[2025-05-28T13:59:16.309+0000] {logging_mixin.py:190} INFO - [2025-05-28T13:59:16.308+0000] {dag.py:3239} INFO - Sync 1 DAGs
[2025-05-28T13:59:16.342+0000] {logging_mixin.py:190} INFO - [2025-05-28T13:59:16.341+0000] {dag.py:4180} INFO - Setting next_dagrun for example_sla_dag to 2025-05-28 13:56:00+00:00, run_after=2025-05-28 13:58:00+00:00
[2025-05-28T13:59:16.366+0000] {processor.py:208} INFO - Processing /home/airflow/.local/lib/python3.12/site-packages/airflow/example_dags/example_sla_dag.py took 0.107 seconds
[2025-05-28T13:59:48.351+0000] {processor.py:186} INFO - Started process (PID=2979) to work on /home/airflow/.local/lib/python3.12/site-packages/airflow/example_dags/example_sla_dag.py
[2025-05-28T13:59:48.352+0000] {processor.py:914} INFO - Processing file /home/airflow/.local/lib/python3.12/site-packages/airflow/example_dags/example_sla_dag.py for tasks to queue
[2025-05-28T13:59:48.354+0000] {logging_mixin.py:190} INFO - [2025-05-28T13:59:48.353+0000] {dagbag.py:588} INFO - Filling up the DagBag from /home/airflow/.local/lib/python3.12/site-packages/airflow/example_dags/example_sla_dag.py
[2025-05-28T13:59:48.369+0000] {processor.py:925} INFO - DAG(s) 'example_sla_dag' retrieved from /home/airflow/.local/lib/python3.12/site-packages/airflow/example_dags/example_sla_dag.py
[2025-05-28T13:59:48.405+0000] {logging_mixin.py:190} INFO - [2025-05-28T13:59:48.405+0000] {dag.py:3239} INFO - Sync 1 DAGs
[2025-05-28T13:59:48.441+0000] {logging_mixin.py:190} INFO - [2025-05-28T13:59:48.441+0000] {dag.py:4180} INFO - Setting next_dagrun for example_sla_dag to 2025-05-28 13:56:00+00:00, run_after=2025-05-28 13:58:00+00:00
[2025-05-28T13:59:48.485+0000] {processor.py:208} INFO - Processing /home/airflow/.local/lib/python3.12/site-packages/airflow/example_dags/example_sla_dag.py took 0.142 seconds
[2025-05-28T14:00:19.696+0000] {processor.py:186} INFO - Started process (PID=3046) to work on /home/airflow/.local/lib/python3.12/site-packages/airflow/example_dags/example_sla_dag.py
[2025-05-28T14:00:19.698+0000] {processor.py:914} INFO - Processing file /home/airflow/.local/lib/python3.12/site-packages/airflow/example_dags/example_sla_dag.py for tasks to queue
[2025-05-28T14:00:19.699+0000] {logging_mixin.py:190} INFO - [2025-05-28T14:00:19.698+0000] {dagbag.py:588} INFO - Filling up the DagBag from /home/airflow/.local/lib/python3.12/site-packages/airflow/example_dags/example_sla_dag.py
[2025-05-28T14:00:19.713+0000] {processor.py:925} INFO - DAG(s) 'example_sla_dag' retrieved from /home/airflow/.local/lib/python3.12/site-packages/airflow/example_dags/example_sla_dag.py
[2025-05-28T14:00:19.739+0000] {logging_mixin.py:190} INFO - [2025-05-28T14:00:19.738+0000] {dag.py:3239} INFO - Sync 1 DAGs
[2025-05-28T14:00:19.799+0000] {logging_mixin.py:190} INFO - [2025-05-28T14:00:19.799+0000] {dag.py:4180} INFO - Setting next_dagrun for example_sla_dag to 2025-05-28 13:58:00+00:00, run_after=2025-05-28 14:00:00+00:00
[2025-05-28T14:00:19.817+0000] {processor.py:208} INFO - Processing /home/airflow/.local/lib/python3.12/site-packages/airflow/example_dags/example_sla_dag.py took 0.127 seconds
[2025-05-28T14:00:51.440+0000] {processor.py:186} INFO - Started process (PID=3121) to work on /home/airflow/.local/lib/python3.12/site-packages/airflow/example_dags/example_sla_dag.py
[2025-05-28T14:00:51.441+0000] {processor.py:914} INFO - Processing file /home/airflow/.local/lib/python3.12/site-packages/airflow/example_dags/example_sla_dag.py for tasks to queue
[2025-05-28T14:00:51.442+0000] {logging_mixin.py:190} INFO - [2025-05-28T14:00:51.442+0000] {dagbag.py:588} INFO - Filling up the DagBag from /home/airflow/.local/lib/python3.12/site-packages/airflow/example_dags/example_sla_dag.py
[2025-05-28T14:00:51.455+0000] {processor.py:925} INFO - DAG(s) 'example_sla_dag' retrieved from /home/airflow/.local/lib/python3.12/site-packages/airflow/example_dags/example_sla_dag.py
[2025-05-28T14:00:51.481+0000] {logging_mixin.py:190} INFO - [2025-05-28T14:00:51.481+0000] {dag.py:3239} INFO - Sync 1 DAGs
[2025-05-28T14:00:51.511+0000] {logging_mixin.py:190} INFO - [2025-05-28T14:00:51.511+0000] {dag.py:4180} INFO - Setting next_dagrun for example_sla_dag to 2025-05-28 13:58:00+00:00, run_after=2025-05-28 14:00:00+00:00
[2025-05-28T14:00:51.536+0000] {processor.py:208} INFO - Processing /home/airflow/.local/lib/python3.12/site-packages/airflow/example_dags/example_sla_dag.py took 0.103 seconds
[2025-05-28T14:01:22.525+0000] {processor.py:186} INFO - Started process (PID=3186) to work on /home/airflow/.local/lib/python3.12/site-packages/airflow/example_dags/example_sla_dag.py
[2025-05-28T14:01:22.526+0000] {processor.py:914} INFO - Processing file /home/airflow/.local/lib/python3.12/site-packages/airflow/example_dags/example_sla_dag.py for tasks to queue
[2025-05-28T14:01:22.528+0000] {logging_mixin.py:190} INFO - [2025-05-28T14:01:22.527+0000] {dagbag.py:588} INFO - Filling up the DagBag from /home/airflow/.local/lib/python3.12/site-packages/airflow/example_dags/example_sla_dag.py
[2025-05-28T14:01:22.543+0000] {processor.py:925} INFO - DAG(s) 'example_sla_dag' retrieved from /home/airflow/.local/lib/python3.12/site-packages/airflow/example_dags/example_sla_dag.py
[2025-05-28T14:01:22.567+0000] {logging_mixin.py:190} INFO - [2025-05-28T14:01:22.567+0000] {dag.py:3239} INFO - Sync 1 DAGs
[2025-05-28T14:01:22.610+0000] {logging_mixin.py:190} INFO - [2025-05-28T14:01:22.609+0000] {dag.py:4180} INFO - Setting next_dagrun for example_sla_dag to 2025-05-28 13:58:00+00:00, run_after=2025-05-28 14:00:00+00:00
[2025-05-28T14:01:22.640+0000] {processor.py:208} INFO - Processing /home/airflow/.local/lib/python3.12/site-packages/airflow/example_dags/example_sla_dag.py took 0.123 seconds
[2025-05-28T14:01:54.475+0000] {processor.py:186} INFO - Started process (PID=3251) to work on /home/airflow/.local/lib/python3.12/site-packages/airflow/example_dags/example_sla_dag.py
[2025-05-28T14:01:54.477+0000] {processor.py:914} INFO - Processing file /home/airflow/.local/lib/python3.12/site-packages/airflow/example_dags/example_sla_dag.py for tasks to queue
[2025-05-28T14:01:54.479+0000] {logging_mixin.py:190} INFO - [2025-05-28T14:01:54.478+0000] {dagbag.py:588} INFO - Filling up the DagBag from /home/airflow/.local/lib/python3.12/site-packages/airflow/example_dags/example_sla_dag.py
[2025-05-28T14:01:54.492+0000] {processor.py:925} INFO - DAG(s) 'example_sla_dag' retrieved from /home/airflow/.local/lib/python3.12/site-packages/airflow/example_dags/example_sla_dag.py
[2025-05-28T14:01:54.522+0000] {logging_mixin.py:190} INFO - [2025-05-28T14:01:54.522+0000] {dag.py:3239} INFO - Sync 1 DAGs
[2025-05-28T14:01:54.553+0000] {logging_mixin.py:190} INFO - [2025-05-28T14:01:54.553+0000] {dag.py:4180} INFO - Setting next_dagrun for example_sla_dag to 2025-05-28 13:58:00+00:00, run_after=2025-05-28 14:00:00+00:00
[2025-05-28T14:01:55.040+0000] {processor.py:208} INFO - Processing /home/airflow/.local/lib/python3.12/site-packages/airflow/example_dags/example_sla_dag.py took 0.572 seconds
[2025-05-28T14:02:26.974+0000] {processor.py:186} INFO - Started process (PID=3317) to work on /home/airflow/.local/lib/python3.12/site-packages/airflow/example_dags/example_sla_dag.py
[2025-05-28T14:02:26.975+0000] {processor.py:914} INFO - Processing file /home/airflow/.local/lib/python3.12/site-packages/airflow/example_dags/example_sla_dag.py for tasks to queue
[2025-05-28T14:02:26.976+0000] {logging_mixin.py:190} INFO - [2025-05-28T14:02:26.976+0000] {dagbag.py:588} INFO - Filling up the DagBag from /home/airflow/.local/lib/python3.12/site-packages/airflow/example_dags/example_sla_dag.py
[2025-05-28T14:02:26.990+0000] {processor.py:925} INFO - DAG(s) 'example_sla_dag' retrieved from /home/airflow/.local/lib/python3.12/site-packages/airflow/example_dags/example_sla_dag.py
[2025-05-28T14:02:27.020+0000] {logging_mixin.py:190} INFO - [2025-05-28T14:02:27.019+0000] {dag.py:3239} INFO - Sync 1 DAGs
[2025-05-28T14:02:27.050+0000] {logging_mixin.py:190} INFO - [2025-05-28T14:02:27.049+0000] {dag.py:4180} INFO - Setting next_dagrun for example_sla_dag to 2025-05-28 14:00:00+00:00, run_after=2025-05-28 14:02:00+00:00
[2025-05-28T14:02:27.073+0000] {processor.py:208} INFO - Processing /home/airflow/.local/lib/python3.12/site-packages/airflow/example_dags/example_sla_dag.py took 0.107 seconds
[2025-05-28T14:02:59.690+0000] {processor.py:186} INFO - Started process (PID=3383) to work on /home/airflow/.local/lib/python3.12/site-packages/airflow/example_dags/example_sla_dag.py
[2025-05-28T14:02:59.692+0000] {processor.py:914} INFO - Processing file /home/airflow/.local/lib/python3.12/site-packages/airflow/example_dags/example_sla_dag.py for tasks to queue
[2025-05-28T14:02:59.694+0000] {logging_mixin.py:190} INFO - [2025-05-28T14:02:59.693+0000] {dagbag.py:588} INFO - Filling up the DagBag from /home/airflow/.local/lib/python3.12/site-packages/airflow/example_dags/example_sla_dag.py
[2025-05-28T14:02:59.711+0000] {processor.py:925} INFO - DAG(s) 'example_sla_dag' retrieved from /home/airflow/.local/lib/python3.12/site-packages/airflow/example_dags/example_sla_dag.py
[2025-05-28T14:02:59.743+0000] {logging_mixin.py:190} INFO - [2025-05-28T14:02:59.742+0000] {dag.py:3239} INFO - Sync 1 DAGs
[2025-05-28T14:02:59.781+0000] {logging_mixin.py:190} INFO - [2025-05-28T14:02:59.781+0000] {dag.py:4180} INFO - Setting next_dagrun for example_sla_dag to 2025-05-28 14:00:00+00:00, run_after=2025-05-28 14:02:00+00:00
[2025-05-28T14:02:59.812+0000] {processor.py:208} INFO - Processing /home/airflow/.local/lib/python3.12/site-packages/airflow/example_dags/example_sla_dag.py took 0.131 seconds
[2025-05-28T14:03:30.591+0000] {processor.py:186} INFO - Started process (PID=3448) to work on /home/airflow/.local/lib/python3.12/site-packages/airflow/example_dags/example_sla_dag.py
[2025-05-28T14:03:30.593+0000] {processor.py:914} INFO - Processing file /home/airflow/.local/lib/python3.12/site-packages/airflow/example_dags/example_sla_dag.py for tasks to queue
[2025-05-28T14:03:30.595+0000] {logging_mixin.py:190} INFO - [2025-05-28T14:03:30.594+0000] {dagbag.py:588} INFO - Filling up the DagBag from /home/airflow/.local/lib/python3.12/site-packages/airflow/example_dags/example_sla_dag.py
[2025-05-28T14:03:30.612+0000] {processor.py:925} INFO - DAG(s) 'example_sla_dag' retrieved from /home/airflow/.local/lib/python3.12/site-packages/airflow/example_dags/example_sla_dag.py
[2025-05-28T14:03:30.641+0000] {logging_mixin.py:190} INFO - [2025-05-28T14:03:30.640+0000] {dag.py:3239} INFO - Sync 1 DAGs
[2025-05-28T14:03:30.673+0000] {logging_mixin.py:190} INFO - [2025-05-28T14:03:30.673+0000] {dag.py:4180} INFO - Setting next_dagrun for example_sla_dag to 2025-05-28 14:00:00+00:00, run_after=2025-05-28 14:02:00+00:00
[2025-05-28T14:03:30.692+0000] {processor.py:208} INFO - Processing /home/airflow/.local/lib/python3.12/site-packages/airflow/example_dags/example_sla_dag.py took 0.110 seconds
[2025-05-28T14:04:01.591+0000] {processor.py:186} INFO - Started process (PID=3513) to work on /home/airflow/.local/lib/python3.12/site-packages/airflow/example_dags/example_sla_dag.py
[2025-05-28T14:04:01.592+0000] {processor.py:914} INFO - Processing file /home/airflow/.local/lib/python3.12/site-packages/airflow/example_dags/example_sla_dag.py for tasks to queue
[2025-05-28T14:04:01.593+0000] {logging_mixin.py:190} INFO - [2025-05-28T14:04:01.593+0000] {dagbag.py:588} INFO - Filling up the DagBag from /home/airflow/.local/lib/python3.12/site-packages/airflow/example_dags/example_sla_dag.py
[2025-05-28T14:04:01.609+0000] {processor.py:925} INFO - DAG(s) 'example_sla_dag' retrieved from /home/airflow/.local/lib/python3.12/site-packages/airflow/example_dags/example_sla_dag.py
[2025-05-28T14:04:01.637+0000] {logging_mixin.py:190} INFO - [2025-05-28T14:04:01.636+0000] {dag.py:3239} INFO - Sync 1 DAGs
[2025-05-28T14:04:01.674+0000] {logging_mixin.py:190} INFO - [2025-05-28T14:04:01.674+0000] {dag.py:4180} INFO - Setting next_dagrun for example_sla_dag to 2025-05-28 14:02:00+00:00, run_after=2025-05-28 14:04:00+00:00
[2025-05-28T14:04:01.701+0000] {processor.py:208} INFO - Processing /home/airflow/.local/lib/python3.12/site-packages/airflow/example_dags/example_sla_dag.py took 0.119 seconds
[2025-05-28T14:04:32.544+0000] {processor.py:186} INFO - Started process (PID=3577) to work on /home/airflow/.local/lib/python3.12/site-packages/airflow/example_dags/example_sla_dag.py
[2025-05-28T14:04:32.545+0000] {processor.py:914} INFO - Processing file /home/airflow/.local/lib/python3.12/site-packages/airflow/example_dags/example_sla_dag.py for tasks to queue
[2025-05-28T14:04:32.547+0000] {logging_mixin.py:190} INFO - [2025-05-28T14:04:32.546+0000] {dagbag.py:588} INFO - Filling up the DagBag from /home/airflow/.local/lib/python3.12/site-packages/airflow/example_dags/example_sla_dag.py
[2025-05-28T14:04:32.559+0000] {processor.py:925} INFO - DAG(s) 'example_sla_dag' retrieved from /home/airflow/.local/lib/python3.12/site-packages/airflow/example_dags/example_sla_dag.py
[2025-05-28T14:04:32.587+0000] {logging_mixin.py:190} INFO - [2025-05-28T14:04:32.587+0000] {dag.py:3239} INFO - Sync 1 DAGs
[2025-05-28T14:04:32.625+0000] {logging_mixin.py:190} INFO - [2025-05-28T14:04:32.625+0000] {dag.py:4180} INFO - Setting next_dagrun for example_sla_dag to 2025-05-28 14:02:00+00:00, run_after=2025-05-28 14:04:00+00:00
[2025-05-28T14:04:32.655+0000] {processor.py:208} INFO - Processing /home/airflow/.local/lib/python3.12/site-packages/airflow/example_dags/example_sla_dag.py took 0.118 seconds
[2025-05-28T14:05:04.503+0000] {processor.py:186} INFO - Started process (PID=3642) to work on /home/airflow/.local/lib/python3.12/site-packages/airflow/example_dags/example_sla_dag.py
[2025-05-28T14:05:04.504+0000] {processor.py:914} INFO - Processing file /home/airflow/.local/lib/python3.12/site-packages/airflow/example_dags/example_sla_dag.py for tasks to queue
[2025-05-28T14:05:04.505+0000] {logging_mixin.py:190} INFO - [2025-05-28T14:05:04.505+0000] {dagbag.py:588} INFO - Filling up the DagBag from /home/airflow/.local/lib/python3.12/site-packages/airflow/example_dags/example_sla_dag.py
[2025-05-28T14:05:04.519+0000] {processor.py:925} INFO - DAG(s) 'example_sla_dag' retrieved from /home/airflow/.local/lib/python3.12/site-packages/airflow/example_dags/example_sla_dag.py
[2025-05-28T14:05:04.552+0000] {logging_mixin.py:190} INFO - [2025-05-28T14:05:04.551+0000] {dag.py:3239} INFO - Sync 1 DAGs
[2025-05-28T14:05:04.599+0000] {logging_mixin.py:190} INFO - [2025-05-28T14:05:04.599+0000] {dag.py:4180} INFO - Setting next_dagrun for example_sla_dag to 2025-05-28 14:02:00+00:00, run_after=2025-05-28 14:04:00+00:00
[2025-05-28T14:05:04.632+0000] {processor.py:208} INFO - Processing /home/airflow/.local/lib/python3.12/site-packages/airflow/example_dags/example_sla_dag.py took 0.137 seconds
[2025-05-28T14:05:36.773+0000] {processor.py:186} INFO - Started process (PID=3707) to work on /home/airflow/.local/lib/python3.12/site-packages/airflow/example_dags/example_sla_dag.py
[2025-05-28T14:05:36.779+0000] {processor.py:914} INFO - Processing file /home/airflow/.local/lib/python3.12/site-packages/airflow/example_dags/example_sla_dag.py for tasks to queue
[2025-05-28T14:05:36.781+0000] {logging_mixin.py:190} INFO - [2025-05-28T14:05:36.780+0000] {dagbag.py:588} INFO - Filling up the DagBag from /home/airflow/.local/lib/python3.12/site-packages/airflow/example_dags/example_sla_dag.py
[2025-05-28T14:05:36.795+0000] {processor.py:925} INFO - DAG(s) 'example_sla_dag' retrieved from /home/airflow/.local/lib/python3.12/site-packages/airflow/example_dags/example_sla_dag.py
[2025-05-28T14:05:36.825+0000] {logging_mixin.py:190} INFO - [2025-05-28T14:05:36.825+0000] {dag.py:3239} INFO - Sync 1 DAGs
[2025-05-28T14:05:36.865+0000] {logging_mixin.py:190} INFO - [2025-05-28T14:05:36.865+0000] {dag.py:4180} INFO - Setting next_dagrun for example_sla_dag to 2025-05-28 14:02:00+00:00, run_after=2025-05-28 14:04:00+00:00
[2025-05-28T14:05:36.894+0000] {processor.py:208} INFO - Processing /home/airflow/.local/lib/python3.12/site-packages/airflow/example_dags/example_sla_dag.py took 0.131 seconds
[2025-05-28T14:06:08.123+0000] {processor.py:186} INFO - Started process (PID=3772) to work on /home/airflow/.local/lib/python3.12/site-packages/airflow/example_dags/example_sla_dag.py
[2025-05-28T14:06:08.124+0000] {processor.py:914} INFO - Processing file /home/airflow/.local/lib/python3.12/site-packages/airflow/example_dags/example_sla_dag.py for tasks to queue
[2025-05-28T14:06:08.126+0000] {logging_mixin.py:190} INFO - [2025-05-28T14:06:08.125+0000] {dagbag.py:588} INFO - Filling up the DagBag from /home/airflow/.local/lib/python3.12/site-packages/airflow/example_dags/example_sla_dag.py
[2025-05-28T14:06:08.142+0000] {processor.py:925} INFO - DAG(s) 'example_sla_dag' retrieved from /home/airflow/.local/lib/python3.12/site-packages/airflow/example_dags/example_sla_dag.py
[2025-05-28T14:06:08.188+0000] {logging_mixin.py:190} INFO - [2025-05-28T14:06:08.187+0000] {dag.py:3239} INFO - Sync 1 DAGs
[2025-05-28T14:06:08.232+0000] {logging_mixin.py:190} INFO - [2025-05-28T14:06:08.232+0000] {dag.py:4180} INFO - Setting next_dagrun for example_sla_dag to 2025-05-28 14:04:00+00:00, run_after=2025-05-28 14:06:00+00:00
[2025-05-28T14:06:08.259+0000] {processor.py:208} INFO - Processing /home/airflow/.local/lib/python3.12/site-packages/airflow/example_dags/example_sla_dag.py took 0.145 seconds
[2025-05-28T14:06:39.305+0000] {processor.py:186} INFO - Started process (PID=3837) to work on /home/airflow/.local/lib/python3.12/site-packages/airflow/example_dags/example_sla_dag.py
[2025-05-28T14:06:39.306+0000] {processor.py:914} INFO - Processing file /home/airflow/.local/lib/python3.12/site-packages/airflow/example_dags/example_sla_dag.py for tasks to queue
[2025-05-28T14:06:39.307+0000] {logging_mixin.py:190} INFO - [2025-05-28T14:06:39.307+0000] {dagbag.py:588} INFO - Filling up the DagBag from /home/airflow/.local/lib/python3.12/site-packages/airflow/example_dags/example_sla_dag.py
[2025-05-28T14:06:39.321+0000] {processor.py:925} INFO - DAG(s) 'example_sla_dag' retrieved from /home/airflow/.local/lib/python3.12/site-packages/airflow/example_dags/example_sla_dag.py
[2025-05-28T14:06:39.351+0000] {logging_mixin.py:190} INFO - [2025-05-28T14:06:39.350+0000] {dag.py:3239} INFO - Sync 1 DAGs
[2025-05-28T14:06:39.388+0000] {logging_mixin.py:190} INFO - [2025-05-28T14:06:39.388+0000] {dag.py:4180} INFO - Setting next_dagrun for example_sla_dag to 2025-05-28 14:04:00+00:00, run_after=2025-05-28 14:06:00+00:00
[2025-05-28T14:06:39.416+0000] {processor.py:208} INFO - Processing /home/airflow/.local/lib/python3.12/site-packages/airflow/example_dags/example_sla_dag.py took 0.120 seconds
[2025-05-28T14:07:11.846+0000] {processor.py:186} INFO - Started process (PID=3902) to work on /home/airflow/.local/lib/python3.12/site-packages/airflow/example_dags/example_sla_dag.py
[2025-05-28T14:07:11.847+0000] {processor.py:914} INFO - Processing file /home/airflow/.local/lib/python3.12/site-packages/airflow/example_dags/example_sla_dag.py for tasks to queue
[2025-05-28T14:07:11.849+0000] {logging_mixin.py:190} INFO - [2025-05-28T14:07:11.849+0000] {dagbag.py:588} INFO - Filling up the DagBag from /home/airflow/.local/lib/python3.12/site-packages/airflow/example_dags/example_sla_dag.py
[2025-05-28T14:07:11.870+0000] {processor.py:925} INFO - DAG(s) 'example_sla_dag' retrieved from /home/airflow/.local/lib/python3.12/site-packages/airflow/example_dags/example_sla_dag.py
[2025-05-28T14:07:11.912+0000] {logging_mixin.py:190} INFO - [2025-05-28T14:07:11.912+0000] {dag.py:3239} INFO - Sync 1 DAGs
[2025-05-28T14:07:11.958+0000] {logging_mixin.py:190} INFO - [2025-05-28T14:07:11.957+0000] {dag.py:4180} INFO - Setting next_dagrun for example_sla_dag to 2025-05-28 14:04:00+00:00, run_after=2025-05-28 14:06:00+00:00
[2025-05-28T14:07:11.991+0000] {processor.py:208} INFO - Processing /home/airflow/.local/lib/python3.12/site-packages/airflow/example_dags/example_sla_dag.py took 0.155 seconds
[2025-05-28T14:07:46.316+0000] {processor.py:186} INFO - Started process (PID=3967) to work on /home/airflow/.local/lib/python3.12/site-packages/airflow/example_dags/example_sla_dag.py
[2025-05-28T14:07:46.317+0000] {processor.py:914} INFO - Processing file /home/airflow/.local/lib/python3.12/site-packages/airflow/example_dags/example_sla_dag.py for tasks to queue
[2025-05-28T14:07:46.319+0000] {logging_mixin.py:190} INFO - [2025-05-28T14:07:46.319+0000] {dagbag.py:588} INFO - Filling up the DagBag from /home/airflow/.local/lib/python3.12/site-packages/airflow/example_dags/example_sla_dag.py
[2025-05-28T14:07:46.337+0000] {processor.py:925} INFO - DAG(s) 'example_sla_dag' retrieved from /home/airflow/.local/lib/python3.12/site-packages/airflow/example_dags/example_sla_dag.py
[2025-05-28T14:07:46.373+0000] {logging_mixin.py:190} INFO - [2025-05-28T14:07:46.372+0000] {dag.py:3239} INFO - Sync 1 DAGs
[2025-05-28T14:07:46.886+0000] {logging_mixin.py:190} INFO - [2025-05-28T14:07:46.885+0000] {dag.py:4180} INFO - Setting next_dagrun for example_sla_dag to 2025-05-28 14:04:00+00:00, run_after=2025-05-28 14:06:00+00:00
[2025-05-28T14:07:46.915+0000] {processor.py:208} INFO - Processing /home/airflow/.local/lib/python3.12/site-packages/airflow/example_dags/example_sla_dag.py took 0.609 seconds
[2025-05-28T14:08:17.161+0000] {processor.py:186} INFO - Started process (PID=4032) to work on /home/airflow/.local/lib/python3.12/site-packages/airflow/example_dags/example_sla_dag.py
[2025-05-28T14:08:17.162+0000] {processor.py:914} INFO - Processing file /home/airflow/.local/lib/python3.12/site-packages/airflow/example_dags/example_sla_dag.py for tasks to queue
[2025-05-28T14:08:17.164+0000] {logging_mixin.py:190} INFO - [2025-05-28T14:08:17.163+0000] {dagbag.py:588} INFO - Filling up the DagBag from /home/airflow/.local/lib/python3.12/site-packages/airflow/example_dags/example_sla_dag.py
[2025-05-28T14:08:17.178+0000] {processor.py:925} INFO - DAG(s) 'example_sla_dag' retrieved from /home/airflow/.local/lib/python3.12/site-packages/airflow/example_dags/example_sla_dag.py
[2025-05-28T14:08:17.217+0000] {logging_mixin.py:190} INFO - [2025-05-28T14:08:17.216+0000] {dag.py:3239} INFO - Sync 1 DAGs
[2025-05-28T14:08:17.282+0000] {logging_mixin.py:190} INFO - [2025-05-28T14:08:17.281+0000] {dag.py:4180} INFO - Setting next_dagrun for example_sla_dag to 2025-05-28 14:06:00+00:00, run_after=2025-05-28 14:08:00+00:00
[2025-05-28T14:08:17.846+0000] {processor.py:208} INFO - Processing /home/airflow/.local/lib/python3.12/site-packages/airflow/example_dags/example_sla_dag.py took 0.695 seconds
[2025-05-28T14:08:48.502+0000] {processor.py:186} INFO - Started process (PID=4096) to work on /home/airflow/.local/lib/python3.12/site-packages/airflow/example_dags/example_sla_dag.py
[2025-05-28T14:08:48.503+0000] {processor.py:914} INFO - Processing file /home/airflow/.local/lib/python3.12/site-packages/airflow/example_dags/example_sla_dag.py for tasks to queue
[2025-05-28T14:08:48.505+0000] {logging_mixin.py:190} INFO - [2025-05-28T14:08:48.504+0000] {dagbag.py:588} INFO - Filling up the DagBag from /home/airflow/.local/lib/python3.12/site-packages/airflow/example_dags/example_sla_dag.py
[2025-05-28T14:08:48.519+0000] {processor.py:925} INFO - DAG(s) 'example_sla_dag' retrieved from /home/airflow/.local/lib/python3.12/site-packages/airflow/example_dags/example_sla_dag.py
[2025-05-28T14:08:48.548+0000] {logging_mixin.py:190} INFO - [2025-05-28T14:08:48.547+0000] {dag.py:3239} INFO - Sync 1 DAGs
[2025-05-28T14:08:48.591+0000] {logging_mixin.py:190} INFO - [2025-05-28T14:08:48.591+0000] {dag.py:4180} INFO - Setting next_dagrun for example_sla_dag to 2025-05-28 14:06:00+00:00, run_after=2025-05-28 14:08:00+00:00
[2025-05-28T14:08:49.090+0000] {processor.py:208} INFO - Processing /home/airflow/.local/lib/python3.12/site-packages/airflow/example_dags/example_sla_dag.py took 0.598 seconds
[2025-05-28T14:09:19.644+0000] {processor.py:186} INFO - Started process (PID=4161) to work on /home/airflow/.local/lib/python3.12/site-packages/airflow/example_dags/example_sla_dag.py
[2025-05-28T14:09:19.646+0000] {processor.py:914} INFO - Processing file /home/airflow/.local/lib/python3.12/site-packages/airflow/example_dags/example_sla_dag.py for tasks to queue
[2025-05-28T14:09:19.647+0000] {logging_mixin.py:190} INFO - [2025-05-28T14:09:19.647+0000] {dagbag.py:588} INFO - Filling up the DagBag from /home/airflow/.local/lib/python3.12/site-packages/airflow/example_dags/example_sla_dag.py
[2025-05-28T14:09:19.665+0000] {processor.py:925} INFO - DAG(s) 'example_sla_dag' retrieved from /home/airflow/.local/lib/python3.12/site-packages/airflow/example_dags/example_sla_dag.py
[2025-05-28T14:09:19.704+0000] {logging_mixin.py:190} INFO - [2025-05-28T14:09:19.703+0000] {dag.py:3239} INFO - Sync 1 DAGs
[2025-05-28T14:09:19.754+0000] {logging_mixin.py:190} INFO - [2025-05-28T14:09:19.754+0000] {dag.py:4180} INFO - Setting next_dagrun for example_sla_dag to 2025-05-28 14:06:00+00:00, run_after=2025-05-28 14:08:00+00:00
[2025-05-28T14:09:19.798+0000] {processor.py:208} INFO - Processing /home/airflow/.local/lib/python3.12/site-packages/airflow/example_dags/example_sla_dag.py took 0.163 seconds
[2025-05-28T14:09:51.959+0000] {processor.py:186} INFO - Started process (PID=4226) to work on /home/airflow/.local/lib/python3.12/site-packages/airflow/example_dags/example_sla_dag.py
[2025-05-28T14:09:51.960+0000] {processor.py:914} INFO - Processing file /home/airflow/.local/lib/python3.12/site-packages/airflow/example_dags/example_sla_dag.py for tasks to queue
[2025-05-28T14:09:51.961+0000] {logging_mixin.py:190} INFO - [2025-05-28T14:09:51.961+0000] {dagbag.py:588} INFO - Filling up the DagBag from /home/airflow/.local/lib/python3.12/site-packages/airflow/example_dags/example_sla_dag.py
[2025-05-28T14:09:51.977+0000] {processor.py:925} INFO - DAG(s) 'example_sla_dag' retrieved from /home/airflow/.local/lib/python3.12/site-packages/airflow/example_dags/example_sla_dag.py
[2025-05-28T14:09:52.015+0000] {logging_mixin.py:190} INFO - [2025-05-28T14:09:52.014+0000] {dag.py:3239} INFO - Sync 1 DAGs
[2025-05-28T14:09:52.068+0000] {logging_mixin.py:190} INFO - [2025-05-28T14:09:52.068+0000] {dag.py:4180} INFO - Setting next_dagrun for example_sla_dag to 2025-05-28 14:06:00+00:00, run_after=2025-05-28 14:08:00+00:00
[2025-05-28T14:09:52.111+0000] {processor.py:208} INFO - Processing /home/airflow/.local/lib/python3.12/site-packages/airflow/example_dags/example_sla_dag.py took 0.160 seconds
[2025-05-28T14:10:23.208+0000] {processor.py:186} INFO - Started process (PID=4291) to work on /home/airflow/.local/lib/python3.12/site-packages/airflow/example_dags/example_sla_dag.py
[2025-05-28T14:10:23.209+0000] {processor.py:914} INFO - Processing file /home/airflow/.local/lib/python3.12/site-packages/airflow/example_dags/example_sla_dag.py for tasks to queue
[2025-05-28T14:10:23.211+0000] {logging_mixin.py:190} INFO - [2025-05-28T14:10:23.210+0000] {dagbag.py:588} INFO - Filling up the DagBag from /home/airflow/.local/lib/python3.12/site-packages/airflow/example_dags/example_sla_dag.py
[2025-05-28T14:10:23.228+0000] {processor.py:925} INFO - DAG(s) 'example_sla_dag' retrieved from /home/airflow/.local/lib/python3.12/site-packages/airflow/example_dags/example_sla_dag.py
[2025-05-28T14:10:23.282+0000] {logging_mixin.py:190} INFO - [2025-05-28T14:10:23.281+0000] {dag.py:3239} INFO - Sync 1 DAGs
[2025-05-28T14:10:23.334+0000] {logging_mixin.py:190} INFO - [2025-05-28T14:10:23.334+0000] {dag.py:4180} INFO - Setting next_dagrun for example_sla_dag to 2025-05-28 14:08:00+00:00, run_after=2025-05-28 14:10:00+00:00
[2025-05-28T14:10:23.401+0000] {processor.py:208} INFO - Processing /home/airflow/.local/lib/python3.12/site-packages/airflow/example_dags/example_sla_dag.py took 0.200 seconds
[2025-05-28T14:10:54.890+0000] {processor.py:186} INFO - Started process (PID=4362) to work on /home/airflow/.local/lib/python3.12/site-packages/airflow/example_dags/example_sla_dag.py
[2025-05-28T14:10:54.891+0000] {processor.py:914} INFO - Processing file /home/airflow/.local/lib/python3.12/site-packages/airflow/example_dags/example_sla_dag.py for tasks to queue
[2025-05-28T14:10:54.893+0000] {logging_mixin.py:190} INFO - [2025-05-28T14:10:54.892+0000] {dagbag.py:588} INFO - Filling up the DagBag from /home/airflow/.local/lib/python3.12/site-packages/airflow/example_dags/example_sla_dag.py
[2025-05-28T14:10:54.908+0000] {processor.py:925} INFO - DAG(s) 'example_sla_dag' retrieved from /home/airflow/.local/lib/python3.12/site-packages/airflow/example_dags/example_sla_dag.py
[2025-05-28T14:10:54.938+0000] {logging_mixin.py:190} INFO - [2025-05-28T14:10:54.938+0000] {dag.py:3239} INFO - Sync 1 DAGs
[2025-05-28T14:10:54.971+0000] {logging_mixin.py:190} INFO - [2025-05-28T14:10:54.971+0000] {dag.py:4180} INFO - Setting next_dagrun for example_sla_dag to 2025-05-28 14:08:00+00:00, run_after=2025-05-28 14:10:00+00:00
[2025-05-28T14:10:54.989+0000] {processor.py:208} INFO - Processing /home/airflow/.local/lib/python3.12/site-packages/airflow/example_dags/example_sla_dag.py took 0.109 seconds
[2025-05-28T14:11:25.275+0000] {processor.py:186} INFO - Started process (PID=4427) to work on /home/airflow/.local/lib/python3.12/site-packages/airflow/example_dags/example_sla_dag.py
[2025-05-28T14:11:25.277+0000] {processor.py:914} INFO - Processing file /home/airflow/.local/lib/python3.12/site-packages/airflow/example_dags/example_sla_dag.py for tasks to queue
[2025-05-28T14:11:25.278+0000] {logging_mixin.py:190} INFO - [2025-05-28T14:11:25.278+0000] {dagbag.py:588} INFO - Filling up the DagBag from /home/airflow/.local/lib/python3.12/site-packages/airflow/example_dags/example_sla_dag.py
[2025-05-28T14:11:25.290+0000] {processor.py:925} INFO - DAG(s) 'example_sla_dag' retrieved from /home/airflow/.local/lib/python3.12/site-packages/airflow/example_dags/example_sla_dag.py
[2025-05-28T14:11:25.314+0000] {logging_mixin.py:190} INFO - [2025-05-28T14:11:25.314+0000] {dag.py:3239} INFO - Sync 1 DAGs
[2025-05-28T14:11:25.343+0000] {logging_mixin.py:190} INFO - [2025-05-28T14:11:25.343+0000] {dag.py:4180} INFO - Setting next_dagrun for example_sla_dag to 2025-05-28 14:08:00+00:00, run_after=2025-05-28 14:10:00+00:00
[2025-05-28T14:11:25.360+0000] {processor.py:208} INFO - Processing /home/airflow/.local/lib/python3.12/site-packages/airflow/example_dags/example_sla_dag.py took 0.092 seconds
[2025-05-28T14:11:56.305+0000] {processor.py:186} INFO - Started process (PID=4492) to work on /home/airflow/.local/lib/python3.12/site-packages/airflow/example_dags/example_sla_dag.py
[2025-05-28T14:11:56.306+0000] {processor.py:914} INFO - Processing file /home/airflow/.local/lib/python3.12/site-packages/airflow/example_dags/example_sla_dag.py for tasks to queue
[2025-05-28T14:11:56.308+0000] {logging_mixin.py:190} INFO - [2025-05-28T14:11:56.307+0000] {dagbag.py:588} INFO - Filling up the DagBag from /home/airflow/.local/lib/python3.12/site-packages/airflow/example_dags/example_sla_dag.py
[2025-05-28T14:11:56.320+0000] {processor.py:925} INFO - DAG(s) 'example_sla_dag' retrieved from /home/airflow/.local/lib/python3.12/site-packages/airflow/example_dags/example_sla_dag.py
[2025-05-28T14:11:56.351+0000] {logging_mixin.py:190} INFO - [2025-05-28T14:11:56.350+0000] {dag.py:3239} INFO - Sync 1 DAGs
[2025-05-28T14:11:56.389+0000] {logging_mixin.py:190} INFO - [2025-05-28T14:11:56.388+0000] {dag.py:4180} INFO - Setting next_dagrun for example_sla_dag to 2025-05-28 14:08:00+00:00, run_after=2025-05-28 14:10:00+00:00
[2025-05-28T14:11:56.413+0000] {processor.py:208} INFO - Processing /home/airflow/.local/lib/python3.12/site-packages/airflow/example_dags/example_sla_dag.py took 0.115 seconds
[2025-05-28T14:12:27.105+0000] {processor.py:186} INFO - Started process (PID=4557) to work on /home/airflow/.local/lib/python3.12/site-packages/airflow/example_dags/example_sla_dag.py
[2025-05-28T14:12:27.106+0000] {processor.py:914} INFO - Processing file /home/airflow/.local/lib/python3.12/site-packages/airflow/example_dags/example_sla_dag.py for tasks to queue
[2025-05-28T14:12:27.108+0000] {logging_mixin.py:190} INFO - [2025-05-28T14:12:27.107+0000] {dagbag.py:588} INFO - Filling up the DagBag from /home/airflow/.local/lib/python3.12/site-packages/airflow/example_dags/example_sla_dag.py
[2025-05-28T14:12:27.121+0000] {processor.py:925} INFO - DAG(s) 'example_sla_dag' retrieved from /home/airflow/.local/lib/python3.12/site-packages/airflow/example_dags/example_sla_dag.py
[2025-05-28T14:12:27.152+0000] {logging_mixin.py:190} INFO - [2025-05-28T14:12:27.151+0000] {dag.py:3239} INFO - Sync 1 DAGs
[2025-05-28T14:12:27.182+0000] {logging_mixin.py:190} INFO - [2025-05-28T14:12:27.181+0000] {dag.py:4180} INFO - Setting next_dagrun for example_sla_dag to 2025-05-28 14:10:00+00:00, run_after=2025-05-28 14:12:00+00:00
[2025-05-28T14:12:27.201+0000] {processor.py:208} INFO - Processing /home/airflow/.local/lib/python3.12/site-packages/airflow/example_dags/example_sla_dag.py took 0.103 seconds
[2025-05-28T14:12:58.631+0000] {processor.py:186} INFO - Started process (PID=4622) to work on /home/airflow/.local/lib/python3.12/site-packages/airflow/example_dags/example_sla_dag.py
[2025-05-28T14:12:58.632+0000] {processor.py:914} INFO - Processing file /home/airflow/.local/lib/python3.12/site-packages/airflow/example_dags/example_sla_dag.py for tasks to queue
[2025-05-28T14:12:58.634+0000] {logging_mixin.py:190} INFO - [2025-05-28T14:12:58.634+0000] {dagbag.py:588} INFO - Filling up the DagBag from /home/airflow/.local/lib/python3.12/site-packages/airflow/example_dags/example_sla_dag.py
[2025-05-28T14:12:58.676+0000] {processor.py:925} INFO - DAG(s) 'example_sla_dag' retrieved from /home/airflow/.local/lib/python3.12/site-packages/airflow/example_dags/example_sla_dag.py
[2025-05-28T14:12:58.707+0000] {logging_mixin.py:190} INFO - [2025-05-28T14:12:58.707+0000] {dag.py:3239} INFO - Sync 1 DAGs
[2025-05-28T14:12:58.781+0000] {logging_mixin.py:190} INFO - [2025-05-28T14:12:58.780+0000] {dag.py:4180} INFO - Setting next_dagrun for example_sla_dag to 2025-05-28 14:10:00+00:00, run_after=2025-05-28 14:12:00+00:00
[2025-05-28T14:12:58.801+0000] {processor.py:208} INFO - Processing /home/airflow/.local/lib/python3.12/site-packages/airflow/example_dags/example_sla_dag.py took 0.178 seconds
[2025-05-28T14:13:29.156+0000] {processor.py:186} INFO - Started process (PID=4687) to work on /home/airflow/.local/lib/python3.12/site-packages/airflow/example_dags/example_sla_dag.py
[2025-05-28T14:13:29.157+0000] {processor.py:914} INFO - Processing file /home/airflow/.local/lib/python3.12/site-packages/airflow/example_dags/example_sla_dag.py for tasks to queue
[2025-05-28T14:13:29.158+0000] {logging_mixin.py:190} INFO - [2025-05-28T14:13:29.157+0000] {dagbag.py:588} INFO - Filling up the DagBag from /home/airflow/.local/lib/python3.12/site-packages/airflow/example_dags/example_sla_dag.py
[2025-05-28T14:13:29.179+0000] {processor.py:925} INFO - DAG(s) 'example_sla_dag' retrieved from /home/airflow/.local/lib/python3.12/site-packages/airflow/example_dags/example_sla_dag.py
[2025-05-28T14:13:29.209+0000] {logging_mixin.py:190} INFO - [2025-05-28T14:13:29.209+0000] {dag.py:3239} INFO - Sync 1 DAGs
[2025-05-28T14:13:29.239+0000] {logging_mixin.py:190} INFO - [2025-05-28T14:13:29.239+0000] {dag.py:4180} INFO - Setting next_dagrun for example_sla_dag to 2025-05-28 14:10:00+00:00, run_after=2025-05-28 14:12:00+00:00
[2025-05-28T14:13:29.283+0000] {processor.py:208} INFO - Processing /home/airflow/.local/lib/python3.12/site-packages/airflow/example_dags/example_sla_dag.py took 0.135 seconds
[2025-05-28T14:13:59.654+0000] {processor.py:186} INFO - Started process (PID=4752) to work on /home/airflow/.local/lib/python3.12/site-packages/airflow/example_dags/example_sla_dag.py
[2025-05-28T14:13:59.655+0000] {processor.py:914} INFO - Processing file /home/airflow/.local/lib/python3.12/site-packages/airflow/example_dags/example_sla_dag.py for tasks to queue
[2025-05-28T14:13:59.656+0000] {logging_mixin.py:190} INFO - [2025-05-28T14:13:59.656+0000] {dagbag.py:588} INFO - Filling up the DagBag from /home/airflow/.local/lib/python3.12/site-packages/airflow/example_dags/example_sla_dag.py
[2025-05-28T14:13:59.676+0000] {processor.py:925} INFO - DAG(s) 'example_sla_dag' retrieved from /home/airflow/.local/lib/python3.12/site-packages/airflow/example_dags/example_sla_dag.py
[2025-05-28T14:13:59.698+0000] {logging_mixin.py:190} INFO - [2025-05-28T14:13:59.698+0000] {dag.py:3239} INFO - Sync 1 DAGs
[2025-05-28T14:13:59.727+0000] {logging_mixin.py:190} INFO - [2025-05-28T14:13:59.727+0000] {dag.py:4180} INFO - Setting next_dagrun for example_sla_dag to 2025-05-28 14:10:00+00:00, run_after=2025-05-28 14:12:00+00:00
[2025-05-28T14:13:59.752+0000] {processor.py:208} INFO - Processing /home/airflow/.local/lib/python3.12/site-packages/airflow/example_dags/example_sla_dag.py took 0.105 seconds
[2025-05-28T14:14:30.420+0000] {processor.py:186} INFO - Started process (PID=4817) to work on /home/airflow/.local/lib/python3.12/site-packages/airflow/example_dags/example_sla_dag.py
[2025-05-28T14:14:30.421+0000] {processor.py:914} INFO - Processing file /home/airflow/.local/lib/python3.12/site-packages/airflow/example_dags/example_sla_dag.py for tasks to queue
[2025-05-28T14:14:30.422+0000] {logging_mixin.py:190} INFO - [2025-05-28T14:14:30.422+0000] {dagbag.py:588} INFO - Filling up the DagBag from /home/airflow/.local/lib/python3.12/site-packages/airflow/example_dags/example_sla_dag.py
[2025-05-28T14:14:30.438+0000] {processor.py:925} INFO - DAG(s) 'example_sla_dag' retrieved from /home/airflow/.local/lib/python3.12/site-packages/airflow/example_dags/example_sla_dag.py
[2025-05-28T14:14:30.464+0000] {logging_mixin.py:190} INFO - [2025-05-28T14:14:30.464+0000] {dag.py:3239} INFO - Sync 1 DAGs
[2025-05-28T14:14:30.501+0000] {logging_mixin.py:190} INFO - [2025-05-28T14:14:30.501+0000] {dag.py:4180} INFO - Setting next_dagrun for example_sla_dag to 2025-05-28 14:12:00+00:00, run_after=2025-05-28 14:14:00+00:00
[2025-05-28T14:14:30.528+0000] {processor.py:208} INFO - Processing /home/airflow/.local/lib/python3.12/site-packages/airflow/example_dags/example_sla_dag.py took 0.117 seconds
[2025-05-28T14:15:01.080+0000] {processor.py:186} INFO - Started process (PID=4882) to work on /home/airflow/.local/lib/python3.12/site-packages/airflow/example_dags/example_sla_dag.py
[2025-05-28T14:15:01.081+0000] {processor.py:914} INFO - Processing file /home/airflow/.local/lib/python3.12/site-packages/airflow/example_dags/example_sla_dag.py for tasks to queue
[2025-05-28T14:15:01.083+0000] {logging_mixin.py:190} INFO - [2025-05-28T14:15:01.083+0000] {dagbag.py:588} INFO - Filling up the DagBag from /home/airflow/.local/lib/python3.12/site-packages/airflow/example_dags/example_sla_dag.py
[2025-05-28T14:15:01.096+0000] {processor.py:925} INFO - DAG(s) 'example_sla_dag' retrieved from /home/airflow/.local/lib/python3.12/site-packages/airflow/example_dags/example_sla_dag.py
[2025-05-28T14:15:01.121+0000] {logging_mixin.py:190} INFO - [2025-05-28T14:15:01.121+0000] {dag.py:3239} INFO - Sync 1 DAGs
[2025-05-28T14:15:01.153+0000] {logging_mixin.py:190} INFO - [2025-05-28T14:15:01.152+0000] {dag.py:4180} INFO - Setting next_dagrun for example_sla_dag to 2025-05-28 14:12:00+00:00, run_after=2025-05-28 14:14:00+00:00
[2025-05-28T14:15:01.184+0000] {processor.py:208} INFO - Processing /home/airflow/.local/lib/python3.12/site-packages/airflow/example_dags/example_sla_dag.py took 0.111 seconds
