[2025-05-28T13:37:20.442+0000] {processor.py:186} INFO - Started process (PID=133) to work on /home/airflow/.local/lib/python3.12/site-packages/airflow/example_dags/example_task_group_decorator.py
[2025-05-28T13:37:20.443+0000] {processor.py:914} INFO - Processing file /home/airflow/.local/lib/python3.12/site-packages/airflow/example_dags/example_task_group_decorator.py for tasks to queue
[2025-05-28T13:37:20.446+0000] {logging_mixin.py:190} INFO - [2025-05-28T13:37:20.445+0000] {dagbag.py:588} INFO - Filling up the DagBag from /home/airflow/.local/lib/python3.12/site-packages/airflow/example_dags/example_task_group_decorator.py
[2025-05-28T13:37:20.463+0000] {processor.py:925} INFO - DAG(s) 'example_task_group_decorator' retrieved from /home/airflow/.local/lib/python3.12/site-packages/airflow/example_dags/example_task_group_decorator.py
[2025-05-28T13:37:20.491+0000] {logging_mixin.py:190} INFO - [2025-05-28T13:37:20.490+0000] {dag.py:3239} INFO - Sync 1 DAGs
[2025-05-28T13:37:20.504+0000] {logging_mixin.py:190} INFO - [2025-05-28T13:37:20.504+0000] {dag.py:4180} INFO - Setting next_dagrun for example_task_group_decorator to None, run_after=None
[2025-05-28T13:37:20.518+0000] {processor.py:208} INFO - Processing /home/airflow/.local/lib/python3.12/site-packages/airflow/example_dags/example_task_group_decorator.py took 0.083 seconds
[2025-05-28T13:37:52.987+0000] {processor.py:186} INFO - Started process (PID=198) to work on /home/airflow/.local/lib/python3.12/site-packages/airflow/example_dags/example_task_group_decorator.py
[2025-05-28T13:37:52.988+0000] {processor.py:914} INFO - Processing file /home/airflow/.local/lib/python3.12/site-packages/airflow/example_dags/example_task_group_decorator.py for tasks to queue
[2025-05-28T13:37:52.991+0000] {logging_mixin.py:190} INFO - [2025-05-28T13:37:52.990+0000] {dagbag.py:588} INFO - Filling up the DagBag from /home/airflow/.local/lib/python3.12/site-packages/airflow/example_dags/example_task_group_decorator.py
[2025-05-28T13:37:53.007+0000] {processor.py:925} INFO - DAG(s) 'example_task_group_decorator' retrieved from /home/airflow/.local/lib/python3.12/site-packages/airflow/example_dags/example_task_group_decorator.py
[2025-05-28T13:37:53.037+0000] {logging_mixin.py:190} INFO - [2025-05-28T13:37:53.036+0000] {dag.py:3239} INFO - Sync 1 DAGs
[2025-05-28T13:37:53.052+0000] {logging_mixin.py:190} INFO - [2025-05-28T13:37:53.052+0000] {dag.py:4180} INFO - Setting next_dagrun for example_task_group_decorator to None, run_after=None
[2025-05-28T13:37:53.075+0000] {processor.py:208} INFO - Processing /home/airflow/.local/lib/python3.12/site-packages/airflow/example_dags/example_task_group_decorator.py took 0.095 seconds
[2025-05-28T13:38:24.316+0000] {processor.py:186} INFO - Started process (PID=263) to work on /home/airflow/.local/lib/python3.12/site-packages/airflow/example_dags/example_task_group_decorator.py
[2025-05-28T13:38:24.317+0000] {processor.py:914} INFO - Processing file /home/airflow/.local/lib/python3.12/site-packages/airflow/example_dags/example_task_group_decorator.py for tasks to queue
[2025-05-28T13:38:24.320+0000] {logging_mixin.py:190} INFO - [2025-05-28T13:38:24.320+0000] {dagbag.py:588} INFO - Filling up the DagBag from /home/airflow/.local/lib/python3.12/site-packages/airflow/example_dags/example_task_group_decorator.py
[2025-05-28T13:38:24.336+0000] {processor.py:925} INFO - DAG(s) 'example_task_group_decorator' retrieved from /home/airflow/.local/lib/python3.12/site-packages/airflow/example_dags/example_task_group_decorator.py
[2025-05-28T13:38:24.364+0000] {logging_mixin.py:190} INFO - [2025-05-28T13:38:24.364+0000] {dag.py:3239} INFO - Sync 1 DAGs
[2025-05-28T13:38:24.380+0000] {logging_mixin.py:190} INFO - [2025-05-28T13:38:24.380+0000] {dag.py:4180} INFO - Setting next_dagrun for example_task_group_decorator to None, run_after=None
[2025-05-28T13:38:24.398+0000] {processor.py:208} INFO - Processing /home/airflow/.local/lib/python3.12/site-packages/airflow/example_dags/example_task_group_decorator.py took 0.089 seconds
[2025-05-28T13:38:55.554+0000] {processor.py:186} INFO - Started process (PID=328) to work on /home/airflow/.local/lib/python3.12/site-packages/airflow/example_dags/example_task_group_decorator.py
[2025-05-28T13:38:55.556+0000] {processor.py:914} INFO - Processing file /home/airflow/.local/lib/python3.12/site-packages/airflow/example_dags/example_task_group_decorator.py for tasks to queue
[2025-05-28T13:38:55.559+0000] {logging_mixin.py:190} INFO - [2025-05-28T13:38:55.558+0000] {dagbag.py:588} INFO - Filling up the DagBag from /home/airflow/.local/lib/python3.12/site-packages/airflow/example_dags/example_task_group_decorator.py
[2025-05-28T13:38:55.578+0000] {processor.py:925} INFO - DAG(s) 'example_task_group_decorator' retrieved from /home/airflow/.local/lib/python3.12/site-packages/airflow/example_dags/example_task_group_decorator.py
[2025-05-28T13:38:55.613+0000] {logging_mixin.py:190} INFO - [2025-05-28T13:38:55.612+0000] {dag.py:3239} INFO - Sync 1 DAGs
[2025-05-28T13:38:55.637+0000] {logging_mixin.py:190} INFO - [2025-05-28T13:38:55.636+0000] {dag.py:4180} INFO - Setting next_dagrun for example_task_group_decorator to None, run_after=None
[2025-05-28T13:38:55.679+0000] {processor.py:208} INFO - Processing /home/airflow/.local/lib/python3.12/site-packages/airflow/example_dags/example_task_group_decorator.py took 0.133 seconds
[2025-05-28T13:39:25.925+0000] {processor.py:186} INFO - Started process (PID=393) to work on /home/airflow/.local/lib/python3.12/site-packages/airflow/example_dags/example_task_group_decorator.py
[2025-05-28T13:39:25.926+0000] {processor.py:914} INFO - Processing file /home/airflow/.local/lib/python3.12/site-packages/airflow/example_dags/example_task_group_decorator.py for tasks to queue
[2025-05-28T13:39:25.928+0000] {logging_mixin.py:190} INFO - [2025-05-28T13:39:25.928+0000] {dagbag.py:588} INFO - Filling up the DagBag from /home/airflow/.local/lib/python3.12/site-packages/airflow/example_dags/example_task_group_decorator.py
[2025-05-28T13:39:25.942+0000] {processor.py:925} INFO - DAG(s) 'example_task_group_decorator' retrieved from /home/airflow/.local/lib/python3.12/site-packages/airflow/example_dags/example_task_group_decorator.py
[2025-05-28T13:39:25.967+0000] {logging_mixin.py:190} INFO - [2025-05-28T13:39:25.966+0000] {dag.py:3239} INFO - Sync 1 DAGs
[2025-05-28T13:39:25.982+0000] {logging_mixin.py:190} INFO - [2025-05-28T13:39:25.982+0000] {dag.py:4180} INFO - Setting next_dagrun for example_task_group_decorator to None, run_after=None
[2025-05-28T13:39:25.999+0000] {processor.py:208} INFO - Processing /home/airflow/.local/lib/python3.12/site-packages/airflow/example_dags/example_task_group_decorator.py took 0.080 seconds
[2025-05-28T13:39:57.377+0000] {processor.py:186} INFO - Started process (PID=458) to work on /home/airflow/.local/lib/python3.12/site-packages/airflow/example_dags/example_task_group_decorator.py
[2025-05-28T13:39:57.378+0000] {processor.py:914} INFO - Processing file /home/airflow/.local/lib/python3.12/site-packages/airflow/example_dags/example_task_group_decorator.py for tasks to queue
[2025-05-28T13:39:57.381+0000] {logging_mixin.py:190} INFO - [2025-05-28T13:39:57.380+0000] {dagbag.py:588} INFO - Filling up the DagBag from /home/airflow/.local/lib/python3.12/site-packages/airflow/example_dags/example_task_group_decorator.py
[2025-05-28T13:39:57.395+0000] {processor.py:925} INFO - DAG(s) 'example_task_group_decorator' retrieved from /home/airflow/.local/lib/python3.12/site-packages/airflow/example_dags/example_task_group_decorator.py
[2025-05-28T13:39:57.420+0000] {logging_mixin.py:190} INFO - [2025-05-28T13:39:57.420+0000] {dag.py:3239} INFO - Sync 1 DAGs
[2025-05-28T13:39:57.434+0000] {logging_mixin.py:190} INFO - [2025-05-28T13:39:57.434+0000] {dag.py:4180} INFO - Setting next_dagrun for example_task_group_decorator to None, run_after=None
[2025-05-28T13:39:57.451+0000] {processor.py:208} INFO - Processing /home/airflow/.local/lib/python3.12/site-packages/airflow/example_dags/example_task_group_decorator.py took 0.080 seconds
[2025-05-28T13:40:28.041+0000] {processor.py:186} INFO - Started process (PID=523) to work on /home/airflow/.local/lib/python3.12/site-packages/airflow/example_dags/example_task_group_decorator.py
[2025-05-28T13:40:28.043+0000] {processor.py:914} INFO - Processing file /home/airflow/.local/lib/python3.12/site-packages/airflow/example_dags/example_task_group_decorator.py for tasks to queue
[2025-05-28T13:40:28.045+0000] {logging_mixin.py:190} INFO - [2025-05-28T13:40:28.045+0000] {dagbag.py:588} INFO - Filling up the DagBag from /home/airflow/.local/lib/python3.12/site-packages/airflow/example_dags/example_task_group_decorator.py
[2025-05-28T13:40:28.060+0000] {processor.py:925} INFO - DAG(s) 'example_task_group_decorator' retrieved from /home/airflow/.local/lib/python3.12/site-packages/airflow/example_dags/example_task_group_decorator.py
[2025-05-28T13:40:28.088+0000] {logging_mixin.py:190} INFO - [2025-05-28T13:40:28.087+0000] {dag.py:3239} INFO - Sync 1 DAGs
[2025-05-28T13:40:28.103+0000] {logging_mixin.py:190} INFO - [2025-05-28T13:40:28.102+0000] {dag.py:4180} INFO - Setting next_dagrun for example_task_group_decorator to None, run_after=None
[2025-05-28T13:40:28.119+0000] {processor.py:208} INFO - Processing /home/airflow/.local/lib/python3.12/site-packages/airflow/example_dags/example_task_group_decorator.py took 0.083 seconds
[2025-05-28T13:40:59.194+0000] {processor.py:186} INFO - Started process (PID=588) to work on /home/airflow/.local/lib/python3.12/site-packages/airflow/example_dags/example_task_group_decorator.py
[2025-05-28T13:40:59.195+0000] {processor.py:914} INFO - Processing file /home/airflow/.local/lib/python3.12/site-packages/airflow/example_dags/example_task_group_decorator.py for tasks to queue
[2025-05-28T13:40:59.199+0000] {logging_mixin.py:190} INFO - [2025-05-28T13:40:59.198+0000] {dagbag.py:588} INFO - Filling up the DagBag from /home/airflow/.local/lib/python3.12/site-packages/airflow/example_dags/example_task_group_decorator.py
[2025-05-28T13:40:59.216+0000] {processor.py:925} INFO - DAG(s) 'example_task_group_decorator' retrieved from /home/airflow/.local/lib/python3.12/site-packages/airflow/example_dags/example_task_group_decorator.py
[2025-05-28T13:40:59.244+0000] {logging_mixin.py:190} INFO - [2025-05-28T13:40:59.243+0000] {dag.py:3239} INFO - Sync 1 DAGs
[2025-05-28T13:40:59.258+0000] {logging_mixin.py:190} INFO - [2025-05-28T13:40:59.258+0000] {dag.py:4180} INFO - Setting next_dagrun for example_task_group_decorator to None, run_after=None
[2025-05-28T13:40:59.275+0000] {processor.py:208} INFO - Processing /home/airflow/.local/lib/python3.12/site-packages/airflow/example_dags/example_task_group_decorator.py took 0.088 seconds
[2025-05-28T13:41:30.625+0000] {processor.py:186} INFO - Started process (PID=653) to work on /home/airflow/.local/lib/python3.12/site-packages/airflow/example_dags/example_task_group_decorator.py
[2025-05-28T13:41:30.626+0000] {processor.py:914} INFO - Processing file /home/airflow/.local/lib/python3.12/site-packages/airflow/example_dags/example_task_group_decorator.py for tasks to queue
[2025-05-28T13:41:30.629+0000] {logging_mixin.py:190} INFO - [2025-05-28T13:41:30.629+0000] {dagbag.py:588} INFO - Filling up the DagBag from /home/airflow/.local/lib/python3.12/site-packages/airflow/example_dags/example_task_group_decorator.py
[2025-05-28T13:41:30.644+0000] {processor.py:925} INFO - DAG(s) 'example_task_group_decorator' retrieved from /home/airflow/.local/lib/python3.12/site-packages/airflow/example_dags/example_task_group_decorator.py
[2025-05-28T13:41:30.668+0000] {logging_mixin.py:190} INFO - [2025-05-28T13:41:30.668+0000] {dag.py:3239} INFO - Sync 1 DAGs
[2025-05-28T13:41:30.683+0000] {logging_mixin.py:190} INFO - [2025-05-28T13:41:30.683+0000] {dag.py:4180} INFO - Setting next_dagrun for example_task_group_decorator to None, run_after=None
[2025-05-28T13:41:30.698+0000] {processor.py:208} INFO - Processing /home/airflow/.local/lib/python3.12/site-packages/airflow/example_dags/example_task_group_decorator.py took 0.079 seconds
[2025-05-28T13:42:01.927+0000] {processor.py:186} INFO - Started process (PID=727) to work on /home/airflow/.local/lib/python3.12/site-packages/airflow/example_dags/example_task_group_decorator.py
[2025-05-28T13:42:01.928+0000] {processor.py:914} INFO - Processing file /home/airflow/.local/lib/python3.12/site-packages/airflow/example_dags/example_task_group_decorator.py for tasks to queue
[2025-05-28T13:42:01.931+0000] {logging_mixin.py:190} INFO - [2025-05-28T13:42:01.931+0000] {dagbag.py:588} INFO - Filling up the DagBag from /home/airflow/.local/lib/python3.12/site-packages/airflow/example_dags/example_task_group_decorator.py
[2025-05-28T13:42:01.945+0000] {processor.py:925} INFO - DAG(s) 'example_task_group_decorator' retrieved from /home/airflow/.local/lib/python3.12/site-packages/airflow/example_dags/example_task_group_decorator.py
[2025-05-28T13:42:01.969+0000] {logging_mixin.py:190} INFO - [2025-05-28T13:42:01.969+0000] {dag.py:3239} INFO - Sync 1 DAGs
[2025-05-28T13:42:01.984+0000] {logging_mixin.py:190} INFO - [2025-05-28T13:42:01.984+0000] {dag.py:4180} INFO - Setting next_dagrun for example_task_group_decorator to None, run_after=None
[2025-05-28T13:42:02.000+0000] {processor.py:208} INFO - Processing /home/airflow/.local/lib/python3.12/site-packages/airflow/example_dags/example_task_group_decorator.py took 0.078 seconds
[2025-05-28T13:42:33.287+0000] {processor.py:186} INFO - Started process (PID=798) to work on /home/airflow/.local/lib/python3.12/site-packages/airflow/example_dags/example_task_group_decorator.py
[2025-05-28T13:42:33.288+0000] {processor.py:914} INFO - Processing file /home/airflow/.local/lib/python3.12/site-packages/airflow/example_dags/example_task_group_decorator.py for tasks to queue
[2025-05-28T13:42:33.291+0000] {logging_mixin.py:190} INFO - [2025-05-28T13:42:33.291+0000] {dagbag.py:588} INFO - Filling up the DagBag from /home/airflow/.local/lib/python3.12/site-packages/airflow/example_dags/example_task_group_decorator.py
[2025-05-28T13:42:33.307+0000] {processor.py:925} INFO - DAG(s) 'example_task_group_decorator' retrieved from /home/airflow/.local/lib/python3.12/site-packages/airflow/example_dags/example_task_group_decorator.py
[2025-05-28T13:42:33.332+0000] {logging_mixin.py:190} INFO - [2025-05-28T13:42:33.331+0000] {dag.py:3239} INFO - Sync 1 DAGs
[2025-05-28T13:42:33.345+0000] {logging_mixin.py:190} INFO - [2025-05-28T13:42:33.345+0000] {dag.py:4180} INFO - Setting next_dagrun for example_task_group_decorator to None, run_after=None
[2025-05-28T13:42:33.359+0000] {processor.py:208} INFO - Processing /home/airflow/.local/lib/python3.12/site-packages/airflow/example_dags/example_task_group_decorator.py took 0.079 seconds
[2025-05-28T13:43:04.456+0000] {processor.py:186} INFO - Started process (PID=864) to work on /home/airflow/.local/lib/python3.12/site-packages/airflow/example_dags/example_task_group_decorator.py
[2025-05-28T13:43:04.457+0000] {processor.py:914} INFO - Processing file /home/airflow/.local/lib/python3.12/site-packages/airflow/example_dags/example_task_group_decorator.py for tasks to queue
[2025-05-28T13:43:04.459+0000] {logging_mixin.py:190} INFO - [2025-05-28T13:43:04.459+0000] {dagbag.py:588} INFO - Filling up the DagBag from /home/airflow/.local/lib/python3.12/site-packages/airflow/example_dags/example_task_group_decorator.py
[2025-05-28T13:43:04.473+0000] {processor.py:925} INFO - DAG(s) 'example_task_group_decorator' retrieved from /home/airflow/.local/lib/python3.12/site-packages/airflow/example_dags/example_task_group_decorator.py
[2025-05-28T13:43:04.497+0000] {logging_mixin.py:190} INFO - [2025-05-28T13:43:04.496+0000] {dag.py:3239} INFO - Sync 1 DAGs
[2025-05-28T13:43:04.510+0000] {logging_mixin.py:190} INFO - [2025-05-28T13:43:04.510+0000] {dag.py:4180} INFO - Setting next_dagrun for example_task_group_decorator to None, run_after=None
[2025-05-28T13:43:04.525+0000] {processor.py:208} INFO - Processing /home/airflow/.local/lib/python3.12/site-packages/airflow/example_dags/example_task_group_decorator.py took 0.075 seconds
[2025-05-28T13:43:35.109+0000] {processor.py:186} INFO - Started process (PID=929) to work on /home/airflow/.local/lib/python3.12/site-packages/airflow/example_dags/example_task_group_decorator.py
[2025-05-28T13:43:35.110+0000] {processor.py:914} INFO - Processing file /home/airflow/.local/lib/python3.12/site-packages/airflow/example_dags/example_task_group_decorator.py for tasks to queue
[2025-05-28T13:43:35.111+0000] {logging_mixin.py:190} INFO - [2025-05-28T13:43:35.111+0000] {dagbag.py:588} INFO - Filling up the DagBag from /home/airflow/.local/lib/python3.12/site-packages/airflow/example_dags/example_task_group_decorator.py
[2025-05-28T13:43:35.125+0000] {processor.py:925} INFO - DAG(s) 'example_task_group_decorator' retrieved from /home/airflow/.local/lib/python3.12/site-packages/airflow/example_dags/example_task_group_decorator.py
[2025-05-28T13:43:35.148+0000] {logging_mixin.py:190} INFO - [2025-05-28T13:43:35.147+0000] {dag.py:3239} INFO - Sync 1 DAGs
[2025-05-28T13:43:35.161+0000] {logging_mixin.py:190} INFO - [2025-05-28T13:43:35.161+0000] {dag.py:4180} INFO - Setting next_dagrun for example_task_group_decorator to None, run_after=None
[2025-05-28T13:43:35.175+0000] {processor.py:208} INFO - Processing /home/airflow/.local/lib/python3.12/site-packages/airflow/example_dags/example_task_group_decorator.py took 0.072 seconds
[2025-05-28T13:44:05.833+0000] {processor.py:186} INFO - Started process (PID=994) to work on /home/airflow/.local/lib/python3.12/site-packages/airflow/example_dags/example_task_group_decorator.py
[2025-05-28T13:44:05.834+0000] {processor.py:914} INFO - Processing file /home/airflow/.local/lib/python3.12/site-packages/airflow/example_dags/example_task_group_decorator.py for tasks to queue
[2025-05-28T13:44:05.835+0000] {logging_mixin.py:190} INFO - [2025-05-28T13:44:05.835+0000] {dagbag.py:588} INFO - Filling up the DagBag from /home/airflow/.local/lib/python3.12/site-packages/airflow/example_dags/example_task_group_decorator.py
[2025-05-28T13:44:05.849+0000] {processor.py:925} INFO - DAG(s) 'example_task_group_decorator' retrieved from /home/airflow/.local/lib/python3.12/site-packages/airflow/example_dags/example_task_group_decorator.py
[2025-05-28T13:44:05.871+0000] {logging_mixin.py:190} INFO - [2025-05-28T13:44:05.871+0000] {dag.py:3239} INFO - Sync 1 DAGs
[2025-05-28T13:44:05.884+0000] {logging_mixin.py:190} INFO - [2025-05-28T13:44:05.884+0000] {dag.py:4180} INFO - Setting next_dagrun for example_task_group_decorator to None, run_after=None
[2025-05-28T13:44:05.899+0000] {processor.py:208} INFO - Processing /home/airflow/.local/lib/python3.12/site-packages/airflow/example_dags/example_task_group_decorator.py took 0.071 seconds
[2025-05-28T13:44:37.152+0000] {processor.py:186} INFO - Started process (PID=1059) to work on /home/airflow/.local/lib/python3.12/site-packages/airflow/example_dags/example_task_group_decorator.py
[2025-05-28T13:44:37.153+0000] {processor.py:914} INFO - Processing file /home/airflow/.local/lib/python3.12/site-packages/airflow/example_dags/example_task_group_decorator.py for tasks to queue
[2025-05-28T13:44:37.154+0000] {logging_mixin.py:190} INFO - [2025-05-28T13:44:37.154+0000] {dagbag.py:588} INFO - Filling up the DagBag from /home/airflow/.local/lib/python3.12/site-packages/airflow/example_dags/example_task_group_decorator.py
[2025-05-28T13:44:37.169+0000] {processor.py:925} INFO - DAG(s) 'example_task_group_decorator' retrieved from /home/airflow/.local/lib/python3.12/site-packages/airflow/example_dags/example_task_group_decorator.py
[2025-05-28T13:44:37.191+0000] {logging_mixin.py:190} INFO - [2025-05-28T13:44:37.191+0000] {dag.py:3239} INFO - Sync 1 DAGs
[2025-05-28T13:44:37.205+0000] {logging_mixin.py:190} INFO - [2025-05-28T13:44:37.205+0000] {dag.py:4180} INFO - Setting next_dagrun for example_task_group_decorator to None, run_after=None
[2025-05-28T13:44:37.221+0000] {processor.py:208} INFO - Processing /home/airflow/.local/lib/python3.12/site-packages/airflow/example_dags/example_task_group_decorator.py took 0.074 seconds
[2025-05-28T13:45:08.153+0000] {processor.py:186} INFO - Started process (PID=1128) to work on /home/airflow/.local/lib/python3.12/site-packages/airflow/example_dags/example_task_group_decorator.py
[2025-05-28T13:45:08.154+0000] {processor.py:914} INFO - Processing file /home/airflow/.local/lib/python3.12/site-packages/airflow/example_dags/example_task_group_decorator.py for tasks to queue
[2025-05-28T13:45:08.155+0000] {logging_mixin.py:190} INFO - [2025-05-28T13:45:08.155+0000] {dagbag.py:588} INFO - Filling up the DagBag from /home/airflow/.local/lib/python3.12/site-packages/airflow/example_dags/example_task_group_decorator.py
[2025-05-28T13:45:08.169+0000] {processor.py:925} INFO - DAG(s) 'example_task_group_decorator' retrieved from /home/airflow/.local/lib/python3.12/site-packages/airflow/example_dags/example_task_group_decorator.py
[2025-05-28T13:45:08.192+0000] {logging_mixin.py:190} INFO - [2025-05-28T13:45:08.191+0000] {dag.py:3239} INFO - Sync 1 DAGs
[2025-05-28T13:45:08.204+0000] {logging_mixin.py:190} INFO - [2025-05-28T13:45:08.204+0000] {dag.py:4180} INFO - Setting next_dagrun for example_task_group_decorator to None, run_after=None
[2025-05-28T13:45:08.217+0000] {processor.py:208} INFO - Processing /home/airflow/.local/lib/python3.12/site-packages/airflow/example_dags/example_task_group_decorator.py took 0.070 seconds
[2025-05-28T13:45:39.739+0000] {processor.py:186} INFO - Started process (PID=1194) to work on /home/airflow/.local/lib/python3.12/site-packages/airflow/example_dags/example_task_group_decorator.py
[2025-05-28T13:45:39.740+0000] {processor.py:914} INFO - Processing file /home/airflow/.local/lib/python3.12/site-packages/airflow/example_dags/example_task_group_decorator.py for tasks to queue
[2025-05-28T13:45:39.742+0000] {logging_mixin.py:190} INFO - [2025-05-28T13:45:39.741+0000] {dagbag.py:588} INFO - Filling up the DagBag from /home/airflow/.local/lib/python3.12/site-packages/airflow/example_dags/example_task_group_decorator.py
[2025-05-28T13:45:39.758+0000] {processor.py:925} INFO - DAG(s) 'example_task_group_decorator' retrieved from /home/airflow/.local/lib/python3.12/site-packages/airflow/example_dags/example_task_group_decorator.py
[2025-05-28T13:45:39.784+0000] {logging_mixin.py:190} INFO - [2025-05-28T13:45:39.783+0000] {dag.py:3239} INFO - Sync 1 DAGs
[2025-05-28T13:45:39.800+0000] {logging_mixin.py:190} INFO - [2025-05-28T13:45:39.800+0000] {dag.py:4180} INFO - Setting next_dagrun for example_task_group_decorator to None, run_after=None
[2025-05-28T13:45:39.820+0000] {processor.py:208} INFO - Processing /home/airflow/.local/lib/python3.12/site-packages/airflow/example_dags/example_task_group_decorator.py took 0.087 seconds
[2025-05-28T13:46:10.808+0000] {processor.py:186} INFO - Started process (PID=1260) to work on /home/airflow/.local/lib/python3.12/site-packages/airflow/example_dags/example_task_group_decorator.py
[2025-05-28T13:46:10.809+0000] {processor.py:914} INFO - Processing file /home/airflow/.local/lib/python3.12/site-packages/airflow/example_dags/example_task_group_decorator.py for tasks to queue
[2025-05-28T13:46:10.810+0000] {logging_mixin.py:190} INFO - [2025-05-28T13:46:10.809+0000] {dagbag.py:588} INFO - Filling up the DagBag from /home/airflow/.local/lib/python3.12/site-packages/airflow/example_dags/example_task_group_decorator.py
[2025-05-28T13:46:10.824+0000] {processor.py:925} INFO - DAG(s) 'example_task_group_decorator' retrieved from /home/airflow/.local/lib/python3.12/site-packages/airflow/example_dags/example_task_group_decorator.py
[2025-05-28T13:46:10.847+0000] {logging_mixin.py:190} INFO - [2025-05-28T13:46:10.847+0000] {dag.py:3239} INFO - Sync 1 DAGs
[2025-05-28T13:46:10.860+0000] {logging_mixin.py:190} INFO - [2025-05-28T13:46:10.860+0000] {dag.py:4180} INFO - Setting next_dagrun for example_task_group_decorator to None, run_after=None
[2025-05-28T13:46:10.874+0000] {processor.py:208} INFO - Processing /home/airflow/.local/lib/python3.12/site-packages/airflow/example_dags/example_task_group_decorator.py took 0.073 seconds
[2025-05-28T13:46:42.509+0000] {processor.py:186} INFO - Started process (PID=1333) to work on /home/airflow/.local/lib/python3.12/site-packages/airflow/example_dags/example_task_group_decorator.py
[2025-05-28T13:46:42.510+0000] {processor.py:914} INFO - Processing file /home/airflow/.local/lib/python3.12/site-packages/airflow/example_dags/example_task_group_decorator.py for tasks to queue
[2025-05-28T13:46:42.512+0000] {logging_mixin.py:190} INFO - [2025-05-28T13:46:42.511+0000] {dagbag.py:588} INFO - Filling up the DagBag from /home/airflow/.local/lib/python3.12/site-packages/airflow/example_dags/example_task_group_decorator.py
[2025-05-28T13:46:42.528+0000] {processor.py:925} INFO - DAG(s) 'example_task_group_decorator' retrieved from /home/airflow/.local/lib/python3.12/site-packages/airflow/example_dags/example_task_group_decorator.py
[2025-05-28T13:46:42.553+0000] {logging_mixin.py:190} INFO - [2025-05-28T13:46:42.552+0000] {dag.py:3239} INFO - Sync 1 DAGs
[2025-05-28T13:46:42.568+0000] {logging_mixin.py:190} INFO - [2025-05-28T13:46:42.568+0000] {dag.py:4180} INFO - Setting next_dagrun for example_task_group_decorator to None, run_after=None
[2025-05-28T13:46:42.585+0000] {processor.py:208} INFO - Processing /home/airflow/.local/lib/python3.12/site-packages/airflow/example_dags/example_task_group_decorator.py took 0.082 seconds
[2025-05-28T13:47:14.887+0000] {processor.py:186} INFO - Started process (PID=1398) to work on /home/airflow/.local/lib/python3.12/site-packages/airflow/example_dags/example_task_group_decorator.py
[2025-05-28T13:47:14.888+0000] {processor.py:914} INFO - Processing file /home/airflow/.local/lib/python3.12/site-packages/airflow/example_dags/example_task_group_decorator.py for tasks to queue
[2025-05-28T13:47:14.890+0000] {logging_mixin.py:190} INFO - [2025-05-28T13:47:14.889+0000] {dagbag.py:588} INFO - Filling up the DagBag from /home/airflow/.local/lib/python3.12/site-packages/airflow/example_dags/example_task_group_decorator.py
[2025-05-28T13:47:14.908+0000] {processor.py:925} INFO - DAG(s) 'example_task_group_decorator' retrieved from /home/airflow/.local/lib/python3.12/site-packages/airflow/example_dags/example_task_group_decorator.py
[2025-05-28T13:47:14.935+0000] {logging_mixin.py:190} INFO - [2025-05-28T13:47:14.935+0000] {dag.py:3239} INFO - Sync 1 DAGs
[2025-05-28T13:47:14.950+0000] {logging_mixin.py:190} INFO - [2025-05-28T13:47:14.950+0000] {dag.py:4180} INFO - Setting next_dagrun for example_task_group_decorator to None, run_after=None
[2025-05-28T13:47:14.967+0000] {processor.py:208} INFO - Processing /home/airflow/.local/lib/python3.12/site-packages/airflow/example_dags/example_task_group_decorator.py took 0.088 seconds
[2025-05-28T13:47:45.597+0000] {processor.py:186} INFO - Started process (PID=1463) to work on /home/airflow/.local/lib/python3.12/site-packages/airflow/example_dags/example_task_group_decorator.py
[2025-05-28T13:47:45.598+0000] {processor.py:914} INFO - Processing file /home/airflow/.local/lib/python3.12/site-packages/airflow/example_dags/example_task_group_decorator.py for tasks to queue
[2025-05-28T13:47:45.599+0000] {logging_mixin.py:190} INFO - [2025-05-28T13:47:45.599+0000] {dagbag.py:588} INFO - Filling up the DagBag from /home/airflow/.local/lib/python3.12/site-packages/airflow/example_dags/example_task_group_decorator.py
[2025-05-28T13:47:45.614+0000] {processor.py:925} INFO - DAG(s) 'example_task_group_decorator' retrieved from /home/airflow/.local/lib/python3.12/site-packages/airflow/example_dags/example_task_group_decorator.py
[2025-05-28T13:47:45.641+0000] {logging_mixin.py:190} INFO - [2025-05-28T13:47:45.641+0000] {dag.py:3239} INFO - Sync 1 DAGs
[2025-05-28T13:47:45.658+0000] {logging_mixin.py:190} INFO - [2025-05-28T13:47:45.658+0000] {dag.py:4180} INFO - Setting next_dagrun for example_task_group_decorator to None, run_after=None
[2025-05-28T13:47:45.673+0000] {processor.py:208} INFO - Processing /home/airflow/.local/lib/python3.12/site-packages/airflow/example_dags/example_task_group_decorator.py took 0.082 seconds
[2025-05-28T13:48:16.565+0000] {processor.py:186} INFO - Started process (PID=1529) to work on /home/airflow/.local/lib/python3.12/site-packages/airflow/example_dags/example_task_group_decorator.py
[2025-05-28T13:48:16.566+0000] {processor.py:914} INFO - Processing file /home/airflow/.local/lib/python3.12/site-packages/airflow/example_dags/example_task_group_decorator.py for tasks to queue
[2025-05-28T13:48:16.567+0000] {logging_mixin.py:190} INFO - [2025-05-28T13:48:16.566+0000] {dagbag.py:588} INFO - Filling up the DagBag from /home/airflow/.local/lib/python3.12/site-packages/airflow/example_dags/example_task_group_decorator.py
[2025-05-28T13:48:16.582+0000] {processor.py:925} INFO - DAG(s) 'example_task_group_decorator' retrieved from /home/airflow/.local/lib/python3.12/site-packages/airflow/example_dags/example_task_group_decorator.py
[2025-05-28T13:48:16.609+0000] {logging_mixin.py:190} INFO - [2025-05-28T13:48:16.609+0000] {dag.py:3239} INFO - Sync 1 DAGs
[2025-05-28T13:48:16.624+0000] {logging_mixin.py:190} INFO - [2025-05-28T13:48:16.624+0000] {dag.py:4180} INFO - Setting next_dagrun for example_task_group_decorator to None, run_after=None
[2025-05-28T13:48:16.643+0000] {processor.py:208} INFO - Processing /home/airflow/.local/lib/python3.12/site-packages/airflow/example_dags/example_task_group_decorator.py took 0.085 seconds
[2025-05-28T13:48:48.488+0000] {processor.py:186} INFO - Started process (PID=1595) to work on /home/airflow/.local/lib/python3.12/site-packages/airflow/example_dags/example_task_group_decorator.py
[2025-05-28T13:48:48.489+0000] {processor.py:914} INFO - Processing file /home/airflow/.local/lib/python3.12/site-packages/airflow/example_dags/example_task_group_decorator.py for tasks to queue
[2025-05-28T13:48:48.490+0000] {logging_mixin.py:190} INFO - [2025-05-28T13:48:48.490+0000] {dagbag.py:588} INFO - Filling up the DagBag from /home/airflow/.local/lib/python3.12/site-packages/airflow/example_dags/example_task_group_decorator.py
[2025-05-28T13:48:48.507+0000] {processor.py:925} INFO - DAG(s) 'example_task_group_decorator' retrieved from /home/airflow/.local/lib/python3.12/site-packages/airflow/example_dags/example_task_group_decorator.py
[2025-05-28T13:48:48.535+0000] {logging_mixin.py:190} INFO - [2025-05-28T13:48:48.535+0000] {dag.py:3239} INFO - Sync 1 DAGs
[2025-05-28T13:48:48.552+0000] {logging_mixin.py:190} INFO - [2025-05-28T13:48:48.551+0000] {dag.py:4180} INFO - Setting next_dagrun for example_task_group_decorator to None, run_after=None
[2025-05-28T13:48:48.575+0000] {processor.py:208} INFO - Processing /home/airflow/.local/lib/python3.12/site-packages/airflow/example_dags/example_task_group_decorator.py took 0.094 seconds
[2025-05-28T13:49:20.462+0000] {processor.py:186} INFO - Started process (PID=1666) to work on /home/airflow/.local/lib/python3.12/site-packages/airflow/example_dags/example_task_group_decorator.py
[2025-05-28T13:49:20.463+0000] {processor.py:914} INFO - Processing file /home/airflow/.local/lib/python3.12/site-packages/airflow/example_dags/example_task_group_decorator.py for tasks to queue
[2025-05-28T13:49:20.464+0000] {logging_mixin.py:190} INFO - [2025-05-28T13:49:20.464+0000] {dagbag.py:588} INFO - Filling up the DagBag from /home/airflow/.local/lib/python3.12/site-packages/airflow/example_dags/example_task_group_decorator.py
[2025-05-28T13:49:20.478+0000] {processor.py:925} INFO - DAG(s) 'example_task_group_decorator' retrieved from /home/airflow/.local/lib/python3.12/site-packages/airflow/example_dags/example_task_group_decorator.py
[2025-05-28T13:49:20.504+0000] {logging_mixin.py:190} INFO - [2025-05-28T13:49:20.504+0000] {dag.py:3239} INFO - Sync 1 DAGs
[2025-05-28T13:49:20.519+0000] {logging_mixin.py:190} INFO - [2025-05-28T13:49:20.518+0000] {dag.py:4180} INFO - Setting next_dagrun for example_task_group_decorator to None, run_after=None
[2025-05-28T13:49:20.534+0000] {processor.py:208} INFO - Processing /home/airflow/.local/lib/python3.12/site-packages/airflow/example_dags/example_task_group_decorator.py took 0.078 seconds
[2025-05-28T13:49:51.593+0000] {processor.py:186} INFO - Started process (PID=1734) to work on /home/airflow/.local/lib/python3.12/site-packages/airflow/example_dags/example_task_group_decorator.py
[2025-05-28T13:49:51.594+0000] {processor.py:914} INFO - Processing file /home/airflow/.local/lib/python3.12/site-packages/airflow/example_dags/example_task_group_decorator.py for tasks to queue
[2025-05-28T13:49:51.595+0000] {logging_mixin.py:190} INFO - [2025-05-28T13:49:51.595+0000] {dagbag.py:588} INFO - Filling up the DagBag from /home/airflow/.local/lib/python3.12/site-packages/airflow/example_dags/example_task_group_decorator.py
[2025-05-28T13:49:51.610+0000] {processor.py:925} INFO - DAG(s) 'example_task_group_decorator' retrieved from /home/airflow/.local/lib/python3.12/site-packages/airflow/example_dags/example_task_group_decorator.py
[2025-05-28T13:49:51.635+0000] {logging_mixin.py:190} INFO - [2025-05-28T13:49:51.635+0000] {dag.py:3239} INFO - Sync 1 DAGs
[2025-05-28T13:49:51.677+0000] {logging_mixin.py:190} INFO - [2025-05-28T13:49:51.677+0000] {dag.py:4180} INFO - Setting next_dagrun for example_task_group_decorator to None, run_after=None
[2025-05-28T13:49:51.693+0000] {processor.py:208} INFO - Processing /home/airflow/.local/lib/python3.12/site-packages/airflow/example_dags/example_task_group_decorator.py took 0.106 seconds
[2025-05-28T13:50:22.269+0000] {processor.py:186} INFO - Started process (PID=1798) to work on /home/airflow/.local/lib/python3.12/site-packages/airflow/example_dags/example_task_group_decorator.py
[2025-05-28T13:50:22.271+0000] {processor.py:914} INFO - Processing file /home/airflow/.local/lib/python3.12/site-packages/airflow/example_dags/example_task_group_decorator.py for tasks to queue
[2025-05-28T13:50:22.272+0000] {logging_mixin.py:190} INFO - [2025-05-28T13:50:22.272+0000] {dagbag.py:588} INFO - Filling up the DagBag from /home/airflow/.local/lib/python3.12/site-packages/airflow/example_dags/example_task_group_decorator.py
[2025-05-28T13:50:22.287+0000] {processor.py:925} INFO - DAG(s) 'example_task_group_decorator' retrieved from /home/airflow/.local/lib/python3.12/site-packages/airflow/example_dags/example_task_group_decorator.py
[2025-05-28T13:50:22.313+0000] {logging_mixin.py:190} INFO - [2025-05-28T13:50:22.313+0000] {dag.py:3239} INFO - Sync 1 DAGs
[2025-05-28T13:50:22.327+0000] {logging_mixin.py:190} INFO - [2025-05-28T13:50:22.327+0000] {dag.py:4180} INFO - Setting next_dagrun for example_task_group_decorator to None, run_after=None
[2025-05-28T13:50:22.342+0000] {processor.py:208} INFO - Processing /home/airflow/.local/lib/python3.12/site-packages/airflow/example_dags/example_task_group_decorator.py took 0.079 seconds
[2025-05-28T13:50:52.822+0000] {processor.py:186} INFO - Started process (PID=1863) to work on /home/airflow/.local/lib/python3.12/site-packages/airflow/example_dags/example_task_group_decorator.py
[2025-05-28T13:50:52.823+0000] {processor.py:914} INFO - Processing file /home/airflow/.local/lib/python3.12/site-packages/airflow/example_dags/example_task_group_decorator.py for tasks to queue
[2025-05-28T13:50:52.824+0000] {logging_mixin.py:190} INFO - [2025-05-28T13:50:52.824+0000] {dagbag.py:588} INFO - Filling up the DagBag from /home/airflow/.local/lib/python3.12/site-packages/airflow/example_dags/example_task_group_decorator.py
[2025-05-28T13:50:52.842+0000] {processor.py:925} INFO - DAG(s) 'example_task_group_decorator' retrieved from /home/airflow/.local/lib/python3.12/site-packages/airflow/example_dags/example_task_group_decorator.py
[2025-05-28T13:50:52.866+0000] {logging_mixin.py:190} INFO - [2025-05-28T13:50:52.865+0000] {dag.py:3239} INFO - Sync 1 DAGs
[2025-05-28T13:50:52.890+0000] {logging_mixin.py:190} INFO - [2025-05-28T13:50:52.890+0000] {dag.py:4180} INFO - Setting next_dagrun for example_task_group_decorator to None, run_after=None
[2025-05-28T13:50:52.906+0000] {processor.py:208} INFO - Processing /home/airflow/.local/lib/python3.12/site-packages/airflow/example_dags/example_task_group_decorator.py took 0.091 seconds
[2025-05-28T13:51:24.555+0000] {processor.py:186} INFO - Started process (PID=1934) to work on /home/airflow/.local/lib/python3.12/site-packages/airflow/example_dags/example_task_group_decorator.py
[2025-05-28T13:51:24.556+0000] {processor.py:914} INFO - Processing file /home/airflow/.local/lib/python3.12/site-packages/airflow/example_dags/example_task_group_decorator.py for tasks to queue
[2025-05-28T13:51:24.558+0000] {logging_mixin.py:190} INFO - [2025-05-28T13:51:24.557+0000] {dagbag.py:588} INFO - Filling up the DagBag from /home/airflow/.local/lib/python3.12/site-packages/airflow/example_dags/example_task_group_decorator.py
[2025-05-28T13:51:24.576+0000] {processor.py:925} INFO - DAG(s) 'example_task_group_decorator' retrieved from /home/airflow/.local/lib/python3.12/site-packages/airflow/example_dags/example_task_group_decorator.py
[2025-05-28T13:51:24.604+0000] {logging_mixin.py:190} INFO - [2025-05-28T13:51:24.604+0000] {dag.py:3239} INFO - Sync 1 DAGs
[2025-05-28T13:51:24.620+0000] {logging_mixin.py:190} INFO - [2025-05-28T13:51:24.620+0000] {dag.py:4180} INFO - Setting next_dagrun for example_task_group_decorator to None, run_after=None
[2025-05-28T13:51:24.637+0000] {processor.py:208} INFO - Processing /home/airflow/.local/lib/python3.12/site-packages/airflow/example_dags/example_task_group_decorator.py took 0.090 seconds
[2025-05-28T13:51:55.303+0000] {processor.py:186} INFO - Started process (PID=2003) to work on /home/airflow/.local/lib/python3.12/site-packages/airflow/example_dags/example_task_group_decorator.py
[2025-05-28T13:51:55.304+0000] {processor.py:914} INFO - Processing file /home/airflow/.local/lib/python3.12/site-packages/airflow/example_dags/example_task_group_decorator.py for tasks to queue
[2025-05-28T13:51:55.305+0000] {logging_mixin.py:190} INFO - [2025-05-28T13:51:55.304+0000] {dagbag.py:588} INFO - Filling up the DagBag from /home/airflow/.local/lib/python3.12/site-packages/airflow/example_dags/example_task_group_decorator.py
[2025-05-28T13:51:55.322+0000] {processor.py:925} INFO - DAG(s) 'example_task_group_decorator' retrieved from /home/airflow/.local/lib/python3.12/site-packages/airflow/example_dags/example_task_group_decorator.py
[2025-05-28T13:51:55.355+0000] {logging_mixin.py:190} INFO - [2025-05-28T13:51:55.355+0000] {dag.py:3239} INFO - Sync 1 DAGs
[2025-05-28T13:51:55.370+0000] {logging_mixin.py:190} INFO - [2025-05-28T13:51:55.370+0000] {dag.py:4180} INFO - Setting next_dagrun for example_task_group_decorator to None, run_after=None
[2025-05-28T13:51:55.386+0000] {processor.py:208} INFO - Processing /home/airflow/.local/lib/python3.12/site-packages/airflow/example_dags/example_task_group_decorator.py took 0.091 seconds
[2025-05-28T13:52:26.114+0000] {processor.py:186} INFO - Started process (PID=2067) to work on /home/airflow/.local/lib/python3.12/site-packages/airflow/example_dags/example_task_group_decorator.py
[2025-05-28T13:52:26.116+0000] {processor.py:914} INFO - Processing file /home/airflow/.local/lib/python3.12/site-packages/airflow/example_dags/example_task_group_decorator.py for tasks to queue
[2025-05-28T13:52:26.118+0000] {logging_mixin.py:190} INFO - [2025-05-28T13:52:26.117+0000] {dagbag.py:588} INFO - Filling up the DagBag from /home/airflow/.local/lib/python3.12/site-packages/airflow/example_dags/example_task_group_decorator.py
[2025-05-28T13:52:26.140+0000] {processor.py:925} INFO - DAG(s) 'example_task_group_decorator' retrieved from /home/airflow/.local/lib/python3.12/site-packages/airflow/example_dags/example_task_group_decorator.py
[2025-05-28T13:52:26.179+0000] {logging_mixin.py:190} INFO - [2025-05-28T13:52:26.178+0000] {dag.py:3239} INFO - Sync 1 DAGs
[2025-05-28T13:52:26.196+0000] {logging_mixin.py:190} INFO - [2025-05-28T13:52:26.196+0000] {dag.py:4180} INFO - Setting next_dagrun for example_task_group_decorator to None, run_after=None
[2025-05-28T13:52:26.217+0000] {processor.py:208} INFO - Processing /home/airflow/.local/lib/python3.12/site-packages/airflow/example_dags/example_task_group_decorator.py took 0.113 seconds
[2025-05-28T13:52:58.276+0000] {processor.py:186} INFO - Started process (PID=2133) to work on /home/airflow/.local/lib/python3.12/site-packages/airflow/example_dags/example_task_group_decorator.py
[2025-05-28T13:52:58.278+0000] {processor.py:914} INFO - Processing file /home/airflow/.local/lib/python3.12/site-packages/airflow/example_dags/example_task_group_decorator.py for tasks to queue
[2025-05-28T13:52:58.279+0000] {logging_mixin.py:190} INFO - [2025-05-28T13:52:58.278+0000] {dagbag.py:588} INFO - Filling up the DagBag from /home/airflow/.local/lib/python3.12/site-packages/airflow/example_dags/example_task_group_decorator.py
[2025-05-28T13:52:58.296+0000] {processor.py:925} INFO - DAG(s) 'example_task_group_decorator' retrieved from /home/airflow/.local/lib/python3.12/site-packages/airflow/example_dags/example_task_group_decorator.py
[2025-05-28T13:52:58.326+0000] {logging_mixin.py:190} INFO - [2025-05-28T13:52:58.326+0000] {dag.py:3239} INFO - Sync 1 DAGs
[2025-05-28T13:52:58.344+0000] {logging_mixin.py:190} INFO - [2025-05-28T13:52:58.344+0000] {dag.py:4180} INFO - Setting next_dagrun for example_task_group_decorator to None, run_after=None
[2025-05-28T13:52:58.366+0000] {processor.py:208} INFO - Processing /home/airflow/.local/lib/python3.12/site-packages/airflow/example_dags/example_task_group_decorator.py took 0.096 seconds
[2025-05-28T13:53:28.935+0000] {processor.py:186} INFO - Started process (PID=2198) to work on /home/airflow/.local/lib/python3.12/site-packages/airflow/example_dags/example_task_group_decorator.py
[2025-05-28T13:53:28.936+0000] {processor.py:914} INFO - Processing file /home/airflow/.local/lib/python3.12/site-packages/airflow/example_dags/example_task_group_decorator.py for tasks to queue
[2025-05-28T13:53:28.937+0000] {logging_mixin.py:190} INFO - [2025-05-28T13:53:28.937+0000] {dagbag.py:588} INFO - Filling up the DagBag from /home/airflow/.local/lib/python3.12/site-packages/airflow/example_dags/example_task_group_decorator.py
[2025-05-28T13:53:28.954+0000] {processor.py:925} INFO - DAG(s) 'example_task_group_decorator' retrieved from /home/airflow/.local/lib/python3.12/site-packages/airflow/example_dags/example_task_group_decorator.py
[2025-05-28T13:53:28.982+0000] {logging_mixin.py:190} INFO - [2025-05-28T13:53:28.982+0000] {dag.py:3239} INFO - Sync 1 DAGs
[2025-05-28T13:53:28.997+0000] {logging_mixin.py:190} INFO - [2025-05-28T13:53:28.997+0000] {dag.py:4180} INFO - Setting next_dagrun for example_task_group_decorator to None, run_after=None
[2025-05-28T13:53:29.013+0000] {processor.py:208} INFO - Processing /home/airflow/.local/lib/python3.12/site-packages/airflow/example_dags/example_task_group_decorator.py took 0.085 seconds
[2025-05-28T13:54:00.047+0000] {processor.py:186} INFO - Started process (PID=2263) to work on /home/airflow/.local/lib/python3.12/site-packages/airflow/example_dags/example_task_group_decorator.py
[2025-05-28T13:54:00.048+0000] {processor.py:914} INFO - Processing file /home/airflow/.local/lib/python3.12/site-packages/airflow/example_dags/example_task_group_decorator.py for tasks to queue
[2025-05-28T13:54:00.050+0000] {logging_mixin.py:190} INFO - [2025-05-28T13:54:00.049+0000] {dagbag.py:588} INFO - Filling up the DagBag from /home/airflow/.local/lib/python3.12/site-packages/airflow/example_dags/example_task_group_decorator.py
[2025-05-28T13:54:00.068+0000] {processor.py:925} INFO - DAG(s) 'example_task_group_decorator' retrieved from /home/airflow/.local/lib/python3.12/site-packages/airflow/example_dags/example_task_group_decorator.py
[2025-05-28T13:54:00.097+0000] {logging_mixin.py:190} INFO - [2025-05-28T13:54:00.097+0000] {dag.py:3239} INFO - Sync 1 DAGs
[2025-05-28T13:54:00.112+0000] {logging_mixin.py:190} INFO - [2025-05-28T13:54:00.112+0000] {dag.py:4180} INFO - Setting next_dagrun for example_task_group_decorator to None, run_after=None
[2025-05-28T13:54:00.129+0000] {processor.py:208} INFO - Processing /home/airflow/.local/lib/python3.12/site-packages/airflow/example_dags/example_task_group_decorator.py took 0.088 seconds
[2025-05-28T13:54:31.174+0000] {processor.py:186} INFO - Started process (PID=2328) to work on /home/airflow/.local/lib/python3.12/site-packages/airflow/example_dags/example_task_group_decorator.py
[2025-05-28T13:54:31.175+0000] {processor.py:914} INFO - Processing file /home/airflow/.local/lib/python3.12/site-packages/airflow/example_dags/example_task_group_decorator.py for tasks to queue
[2025-05-28T13:54:31.177+0000] {logging_mixin.py:190} INFO - [2025-05-28T13:54:31.176+0000] {dagbag.py:588} INFO - Filling up the DagBag from /home/airflow/.local/lib/python3.12/site-packages/airflow/example_dags/example_task_group_decorator.py
[2025-05-28T13:54:31.196+0000] {processor.py:925} INFO - DAG(s) 'example_task_group_decorator' retrieved from /home/airflow/.local/lib/python3.12/site-packages/airflow/example_dags/example_task_group_decorator.py
[2025-05-28T13:54:31.229+0000] {logging_mixin.py:190} INFO - [2025-05-28T13:54:31.229+0000] {dag.py:3239} INFO - Sync 1 DAGs
[2025-05-28T13:54:31.246+0000] {logging_mixin.py:190} INFO - [2025-05-28T13:54:31.245+0000] {dag.py:4180} INFO - Setting next_dagrun for example_task_group_decorator to None, run_after=None
[2025-05-28T13:54:31.261+0000] {processor.py:208} INFO - Processing /home/airflow/.local/lib/python3.12/site-packages/airflow/example_dags/example_task_group_decorator.py took 0.096 seconds
[2025-05-28T13:55:03.147+0000] {processor.py:186} INFO - Started process (PID=2393) to work on /home/airflow/.local/lib/python3.12/site-packages/airflow/example_dags/example_task_group_decorator.py
[2025-05-28T13:55:03.148+0000] {processor.py:914} INFO - Processing file /home/airflow/.local/lib/python3.12/site-packages/airflow/example_dags/example_task_group_decorator.py for tasks to queue
[2025-05-28T13:55:03.149+0000] {logging_mixin.py:190} INFO - [2025-05-28T13:55:03.149+0000] {dagbag.py:588} INFO - Filling up the DagBag from /home/airflow/.local/lib/python3.12/site-packages/airflow/example_dags/example_task_group_decorator.py
[2025-05-28T13:55:03.165+0000] {processor.py:925} INFO - DAG(s) 'example_task_group_decorator' retrieved from /home/airflow/.local/lib/python3.12/site-packages/airflow/example_dags/example_task_group_decorator.py
[2025-05-28T13:55:03.199+0000] {logging_mixin.py:190} INFO - [2025-05-28T13:55:03.199+0000] {dag.py:3239} INFO - Sync 1 DAGs
[2025-05-28T13:55:03.214+0000] {logging_mixin.py:190} INFO - [2025-05-28T13:55:03.214+0000] {dag.py:4180} INFO - Setting next_dagrun for example_task_group_decorator to None, run_after=None
[2025-05-28T13:55:03.231+0000] {processor.py:208} INFO - Processing /home/airflow/.local/lib/python3.12/site-packages/airflow/example_dags/example_task_group_decorator.py took 0.090 seconds
[2025-05-28T13:55:34.741+0000] {processor.py:186} INFO - Started process (PID=2458) to work on /home/airflow/.local/lib/python3.12/site-packages/airflow/example_dags/example_task_group_decorator.py
[2025-05-28T13:55:34.742+0000] {processor.py:914} INFO - Processing file /home/airflow/.local/lib/python3.12/site-packages/airflow/example_dags/example_task_group_decorator.py for tasks to queue
[2025-05-28T13:55:34.743+0000] {logging_mixin.py:190} INFO - [2025-05-28T13:55:34.743+0000] {dagbag.py:588} INFO - Filling up the DagBag from /home/airflow/.local/lib/python3.12/site-packages/airflow/example_dags/example_task_group_decorator.py
[2025-05-28T13:55:34.788+0000] {processor.py:925} INFO - DAG(s) 'example_task_group_decorator' retrieved from /home/airflow/.local/lib/python3.12/site-packages/airflow/example_dags/example_task_group_decorator.py
[2025-05-28T13:55:34.814+0000] {logging_mixin.py:190} INFO - [2025-05-28T13:55:34.813+0000] {dag.py:3239} INFO - Sync 1 DAGs
[2025-05-28T13:55:34.828+0000] {logging_mixin.py:190} INFO - [2025-05-28T13:55:34.828+0000] {dag.py:4180} INFO - Setting next_dagrun for example_task_group_decorator to None, run_after=None
[2025-05-28T13:55:34.843+0000] {processor.py:208} INFO - Processing /home/airflow/.local/lib/python3.12/site-packages/airflow/example_dags/example_task_group_decorator.py took 0.108 seconds
[2025-05-28T13:56:07.426+0000] {processor.py:186} INFO - Started process (PID=2523) to work on /home/airflow/.local/lib/python3.12/site-packages/airflow/example_dags/example_task_group_decorator.py
[2025-05-28T13:56:07.435+0000] {processor.py:914} INFO - Processing file /home/airflow/.local/lib/python3.12/site-packages/airflow/example_dags/example_task_group_decorator.py for tasks to queue
[2025-05-28T13:56:07.437+0000] {logging_mixin.py:190} INFO - [2025-05-28T13:56:07.436+0000] {dagbag.py:588} INFO - Filling up the DagBag from /home/airflow/.local/lib/python3.12/site-packages/airflow/example_dags/example_task_group_decorator.py
[2025-05-28T13:56:07.459+0000] {processor.py:925} INFO - DAG(s) 'example_task_group_decorator' retrieved from /home/airflow/.local/lib/python3.12/site-packages/airflow/example_dags/example_task_group_decorator.py
[2025-05-28T13:56:07.489+0000] {logging_mixin.py:190} INFO - [2025-05-28T13:56:07.489+0000] {dag.py:3239} INFO - Sync 1 DAGs
[2025-05-28T13:56:07.507+0000] {logging_mixin.py:190} INFO - [2025-05-28T13:56:07.506+0000] {dag.py:4180} INFO - Setting next_dagrun for example_task_group_decorator to None, run_after=None
[2025-05-28T13:56:07.532+0000] {processor.py:208} INFO - Processing /home/airflow/.local/lib/python3.12/site-packages/airflow/example_dags/example_task_group_decorator.py took 0.115 seconds
[2025-05-28T13:56:38.414+0000] {processor.py:186} INFO - Started process (PID=2588) to work on /home/airflow/.local/lib/python3.12/site-packages/airflow/example_dags/example_task_group_decorator.py
[2025-05-28T13:56:38.415+0000] {processor.py:914} INFO - Processing file /home/airflow/.local/lib/python3.12/site-packages/airflow/example_dags/example_task_group_decorator.py for tasks to queue
[2025-05-28T13:56:38.417+0000] {logging_mixin.py:190} INFO - [2025-05-28T13:56:38.416+0000] {dagbag.py:588} INFO - Filling up the DagBag from /home/airflow/.local/lib/python3.12/site-packages/airflow/example_dags/example_task_group_decorator.py
[2025-05-28T13:56:38.432+0000] {processor.py:925} INFO - DAG(s) 'example_task_group_decorator' retrieved from /home/airflow/.local/lib/python3.12/site-packages/airflow/example_dags/example_task_group_decorator.py
[2025-05-28T13:56:38.498+0000] {logging_mixin.py:190} INFO - [2025-05-28T13:56:38.498+0000] {dag.py:3239} INFO - Sync 1 DAGs
[2025-05-28T13:56:38.513+0000] {logging_mixin.py:190} INFO - [2025-05-28T13:56:38.513+0000] {dag.py:4180} INFO - Setting next_dagrun for example_task_group_decorator to None, run_after=None
[2025-05-28T13:56:38.532+0000] {processor.py:208} INFO - Processing /home/airflow/.local/lib/python3.12/site-packages/airflow/example_dags/example_task_group_decorator.py took 0.124 seconds
[2025-05-28T13:57:09.086+0000] {processor.py:186} INFO - Started process (PID=2652) to work on /home/airflow/.local/lib/python3.12/site-packages/airflow/example_dags/example_task_group_decorator.py
[2025-05-28T13:57:09.087+0000] {processor.py:914} INFO - Processing file /home/airflow/.local/lib/python3.12/site-packages/airflow/example_dags/example_task_group_decorator.py for tasks to queue
[2025-05-28T13:57:09.088+0000] {logging_mixin.py:190} INFO - [2025-05-28T13:57:09.088+0000] {dagbag.py:588} INFO - Filling up the DagBag from /home/airflow/.local/lib/python3.12/site-packages/airflow/example_dags/example_task_group_decorator.py
[2025-05-28T13:57:09.103+0000] {processor.py:925} INFO - DAG(s) 'example_task_group_decorator' retrieved from /home/airflow/.local/lib/python3.12/site-packages/airflow/example_dags/example_task_group_decorator.py
[2025-05-28T13:57:09.127+0000] {logging_mixin.py:190} INFO - [2025-05-28T13:57:09.127+0000] {dag.py:3239} INFO - Sync 1 DAGs
[2025-05-28T13:57:09.142+0000] {logging_mixin.py:190} INFO - [2025-05-28T13:57:09.142+0000] {dag.py:4180} INFO - Setting next_dagrun for example_task_group_decorator to None, run_after=None
[2025-05-28T13:57:09.158+0000] {processor.py:208} INFO - Processing /home/airflow/.local/lib/python3.12/site-packages/airflow/example_dags/example_task_group_decorator.py took 0.078 seconds
[2025-05-28T13:57:41.649+0000] {processor.py:186} INFO - Started process (PID=2722) to work on /home/airflow/.local/lib/python3.12/site-packages/airflow/example_dags/example_task_group_decorator.py
[2025-05-28T13:57:41.650+0000] {processor.py:914} INFO - Processing file /home/airflow/.local/lib/python3.12/site-packages/airflow/example_dags/example_task_group_decorator.py for tasks to queue
[2025-05-28T13:57:41.651+0000] {logging_mixin.py:190} INFO - [2025-05-28T13:57:41.651+0000] {dagbag.py:588} INFO - Filling up the DagBag from /home/airflow/.local/lib/python3.12/site-packages/airflow/example_dags/example_task_group_decorator.py
[2025-05-28T13:57:41.665+0000] {processor.py:925} INFO - DAG(s) 'example_task_group_decorator' retrieved from /home/airflow/.local/lib/python3.12/site-packages/airflow/example_dags/example_task_group_decorator.py
[2025-05-28T13:57:41.689+0000] {logging_mixin.py:190} INFO - [2025-05-28T13:57:41.689+0000] {dag.py:3239} INFO - Sync 1 DAGs
[2025-05-28T13:57:41.703+0000] {logging_mixin.py:190} INFO - [2025-05-28T13:57:41.703+0000] {dag.py:4180} INFO - Setting next_dagrun for example_task_group_decorator to None, run_after=None
[2025-05-28T13:57:41.718+0000] {processor.py:208} INFO - Processing /home/airflow/.local/lib/python3.12/site-packages/airflow/example_dags/example_task_group_decorator.py took 0.075 seconds
[2025-05-28T13:58:13.135+0000] {processor.py:186} INFO - Started process (PID=2787) to work on /home/airflow/.local/lib/python3.12/site-packages/airflow/example_dags/example_task_group_decorator.py
[2025-05-28T13:58:13.136+0000] {processor.py:914} INFO - Processing file /home/airflow/.local/lib/python3.12/site-packages/airflow/example_dags/example_task_group_decorator.py for tasks to queue
[2025-05-28T13:58:13.137+0000] {logging_mixin.py:190} INFO - [2025-05-28T13:58:13.137+0000] {dagbag.py:588} INFO - Filling up the DagBag from /home/airflow/.local/lib/python3.12/site-packages/airflow/example_dags/example_task_group_decorator.py
[2025-05-28T13:58:13.153+0000] {processor.py:925} INFO - DAG(s) 'example_task_group_decorator' retrieved from /home/airflow/.local/lib/python3.12/site-packages/airflow/example_dags/example_task_group_decorator.py
[2025-05-28T13:58:13.180+0000] {logging_mixin.py:190} INFO - [2025-05-28T13:58:13.179+0000] {dag.py:3239} INFO - Sync 1 DAGs
[2025-05-28T13:58:13.194+0000] {logging_mixin.py:190} INFO - [2025-05-28T13:58:13.194+0000] {dag.py:4180} INFO - Setting next_dagrun for example_task_group_decorator to None, run_after=None
[2025-05-28T13:58:13.209+0000] {processor.py:208} INFO - Processing /home/airflow/.local/lib/python3.12/site-packages/airflow/example_dags/example_task_group_decorator.py took 0.082 seconds
[2025-05-28T13:58:44.446+0000] {processor.py:186} INFO - Started process (PID=2852) to work on /home/airflow/.local/lib/python3.12/site-packages/airflow/example_dags/example_task_group_decorator.py
[2025-05-28T13:58:44.447+0000] {processor.py:914} INFO - Processing file /home/airflow/.local/lib/python3.12/site-packages/airflow/example_dags/example_task_group_decorator.py for tasks to queue
[2025-05-28T13:58:44.448+0000] {logging_mixin.py:190} INFO - [2025-05-28T13:58:44.448+0000] {dagbag.py:588} INFO - Filling up the DagBag from /home/airflow/.local/lib/python3.12/site-packages/airflow/example_dags/example_task_group_decorator.py
[2025-05-28T13:58:44.463+0000] {processor.py:925} INFO - DAG(s) 'example_task_group_decorator' retrieved from /home/airflow/.local/lib/python3.12/site-packages/airflow/example_dags/example_task_group_decorator.py
[2025-05-28T13:58:44.499+0000] {logging_mixin.py:190} INFO - [2025-05-28T13:58:44.498+0000] {dag.py:3239} INFO - Sync 1 DAGs
[2025-05-28T13:58:44.516+0000] {logging_mixin.py:190} INFO - [2025-05-28T13:58:44.516+0000] {dag.py:4180} INFO - Setting next_dagrun for example_task_group_decorator to None, run_after=None
[2025-05-28T13:58:44.534+0000] {processor.py:208} INFO - Processing /home/airflow/.local/lib/python3.12/site-packages/airflow/example_dags/example_task_group_decorator.py took 0.094 seconds
[2025-05-28T13:59:16.480+0000] {processor.py:186} INFO - Started process (PID=2917) to work on /home/airflow/.local/lib/python3.12/site-packages/airflow/example_dags/example_task_group_decorator.py
[2025-05-28T13:59:16.481+0000] {processor.py:914} INFO - Processing file /home/airflow/.local/lib/python3.12/site-packages/airflow/example_dags/example_task_group_decorator.py for tasks to queue
[2025-05-28T13:59:16.482+0000] {logging_mixin.py:190} INFO - [2025-05-28T13:59:16.482+0000] {dagbag.py:588} INFO - Filling up the DagBag from /home/airflow/.local/lib/python3.12/site-packages/airflow/example_dags/example_task_group_decorator.py
[2025-05-28T13:59:16.502+0000] {processor.py:925} INFO - DAG(s) 'example_task_group_decorator' retrieved from /home/airflow/.local/lib/python3.12/site-packages/airflow/example_dags/example_task_group_decorator.py
[2025-05-28T13:59:16.534+0000] {logging_mixin.py:190} INFO - [2025-05-28T13:59:16.533+0000] {dag.py:3239} INFO - Sync 1 DAGs
[2025-05-28T13:59:16.556+0000] {logging_mixin.py:190} INFO - [2025-05-28T13:59:16.555+0000] {dag.py:4180} INFO - Setting next_dagrun for example_task_group_decorator to None, run_after=None
[2025-05-28T13:59:16.576+0000] {processor.py:208} INFO - Processing /home/airflow/.local/lib/python3.12/site-packages/airflow/example_dags/example_task_group_decorator.py took 0.103 seconds
[2025-05-28T13:59:48.658+0000] {processor.py:186} INFO - Started process (PID=2982) to work on /home/airflow/.local/lib/python3.12/site-packages/airflow/example_dags/example_task_group_decorator.py
[2025-05-28T13:59:48.660+0000] {processor.py:914} INFO - Processing file /home/airflow/.local/lib/python3.12/site-packages/airflow/example_dags/example_task_group_decorator.py for tasks to queue
[2025-05-28T13:59:48.662+0000] {logging_mixin.py:190} INFO - [2025-05-28T13:59:48.661+0000] {dagbag.py:588} INFO - Filling up the DagBag from /home/airflow/.local/lib/python3.12/site-packages/airflow/example_dags/example_task_group_decorator.py
[2025-05-28T13:59:48.687+0000] {processor.py:925} INFO - DAG(s) 'example_task_group_decorator' retrieved from /home/airflow/.local/lib/python3.12/site-packages/airflow/example_dags/example_task_group_decorator.py
[2025-05-28T13:59:48.721+0000] {logging_mixin.py:190} INFO - [2025-05-28T13:59:48.721+0000] {dag.py:3239} INFO - Sync 1 DAGs
[2025-05-28T13:59:48.740+0000] {logging_mixin.py:190} INFO - [2025-05-28T13:59:48.740+0000] {dag.py:4180} INFO - Setting next_dagrun for example_task_group_decorator to None, run_after=None
[2025-05-28T13:59:48.775+0000] {processor.py:208} INFO - Processing /home/airflow/.local/lib/python3.12/site-packages/airflow/example_dags/example_task_group_decorator.py took 0.128 seconds
[2025-05-28T14:00:19.944+0000] {processor.py:186} INFO - Started process (PID=3049) to work on /home/airflow/.local/lib/python3.12/site-packages/airflow/example_dags/example_task_group_decorator.py
[2025-05-28T14:00:19.945+0000] {processor.py:914} INFO - Processing file /home/airflow/.local/lib/python3.12/site-packages/airflow/example_dags/example_task_group_decorator.py for tasks to queue
[2025-05-28T14:00:19.946+0000] {logging_mixin.py:190} INFO - [2025-05-28T14:00:19.946+0000] {dagbag.py:588} INFO - Filling up the DagBag from /home/airflow/.local/lib/python3.12/site-packages/airflow/example_dags/example_task_group_decorator.py
[2025-05-28T14:00:19.964+0000] {processor.py:925} INFO - DAG(s) 'example_task_group_decorator' retrieved from /home/airflow/.local/lib/python3.12/site-packages/airflow/example_dags/example_task_group_decorator.py
[2025-05-28T14:00:19.996+0000] {logging_mixin.py:190} INFO - [2025-05-28T14:00:19.996+0000] {dag.py:3239} INFO - Sync 1 DAGs
[2025-05-28T14:00:20.012+0000] {logging_mixin.py:190} INFO - [2025-05-28T14:00:20.012+0000] {dag.py:4180} INFO - Setting next_dagrun for example_task_group_decorator to None, run_after=None
[2025-05-28T14:00:20.031+0000] {processor.py:208} INFO - Processing /home/airflow/.local/lib/python3.12/site-packages/airflow/example_dags/example_task_group_decorator.py took 0.095 seconds
[2025-05-28T14:00:51.677+0000] {processor.py:186} INFO - Started process (PID=3124) to work on /home/airflow/.local/lib/python3.12/site-packages/airflow/example_dags/example_task_group_decorator.py
[2025-05-28T14:00:51.679+0000] {processor.py:914} INFO - Processing file /home/airflow/.local/lib/python3.12/site-packages/airflow/example_dags/example_task_group_decorator.py for tasks to queue
[2025-05-28T14:00:51.680+0000] {logging_mixin.py:190} INFO - [2025-05-28T14:00:51.680+0000] {dagbag.py:588} INFO - Filling up the DagBag from /home/airflow/.local/lib/python3.12/site-packages/airflow/example_dags/example_task_group_decorator.py
[2025-05-28T14:00:51.701+0000] {processor.py:925} INFO - DAG(s) 'example_task_group_decorator' retrieved from /home/airflow/.local/lib/python3.12/site-packages/airflow/example_dags/example_task_group_decorator.py
[2025-05-28T14:00:51.732+0000] {logging_mixin.py:190} INFO - [2025-05-28T14:00:51.731+0000] {dag.py:3239} INFO - Sync 1 DAGs
[2025-05-28T14:00:51.750+0000] {logging_mixin.py:190} INFO - [2025-05-28T14:00:51.750+0000] {dag.py:4180} INFO - Setting next_dagrun for example_task_group_decorator to None, run_after=None
[2025-05-28T14:00:51.769+0000] {processor.py:208} INFO - Processing /home/airflow/.local/lib/python3.12/site-packages/airflow/example_dags/example_task_group_decorator.py took 0.100 seconds
[2025-05-28T14:01:22.765+0000] {processor.py:186} INFO - Started process (PID=3189) to work on /home/airflow/.local/lib/python3.12/site-packages/airflow/example_dags/example_task_group_decorator.py
[2025-05-28T14:01:22.766+0000] {processor.py:914} INFO - Processing file /home/airflow/.local/lib/python3.12/site-packages/airflow/example_dags/example_task_group_decorator.py for tasks to queue
[2025-05-28T14:01:22.767+0000] {logging_mixin.py:190} INFO - [2025-05-28T14:01:22.767+0000] {dagbag.py:588} INFO - Filling up the DagBag from /home/airflow/.local/lib/python3.12/site-packages/airflow/example_dags/example_task_group_decorator.py
[2025-05-28T14:01:22.791+0000] {processor.py:925} INFO - DAG(s) 'example_task_group_decorator' retrieved from /home/airflow/.local/lib/python3.12/site-packages/airflow/example_dags/example_task_group_decorator.py
[2025-05-28T14:01:22.825+0000] {logging_mixin.py:190} INFO - [2025-05-28T14:01:22.825+0000] {dag.py:3239} INFO - Sync 1 DAGs
[2025-05-28T14:01:22.843+0000] {logging_mixin.py:190} INFO - [2025-05-28T14:01:22.843+0000] {dag.py:4180} INFO - Setting next_dagrun for example_task_group_decorator to None, run_after=None
[2025-05-28T14:01:22.869+0000] {processor.py:208} INFO - Processing /home/airflow/.local/lib/python3.12/site-packages/airflow/example_dags/example_task_group_decorator.py took 0.112 seconds
[2025-05-28T14:01:55.539+0000] {processor.py:186} INFO - Started process (PID=3255) to work on /home/airflow/.local/lib/python3.12/site-packages/airflow/example_dags/example_task_group_decorator.py
[2025-05-28T14:01:55.541+0000] {processor.py:914} INFO - Processing file /home/airflow/.local/lib/python3.12/site-packages/airflow/example_dags/example_task_group_decorator.py for tasks to queue
[2025-05-28T14:01:55.543+0000] {logging_mixin.py:190} INFO - [2025-05-28T14:01:55.542+0000] {dagbag.py:588} INFO - Filling up the DagBag from /home/airflow/.local/lib/python3.12/site-packages/airflow/example_dags/example_task_group_decorator.py
[2025-05-28T14:01:55.563+0000] {processor.py:925} INFO - DAG(s) 'example_task_group_decorator' retrieved from /home/airflow/.local/lib/python3.12/site-packages/airflow/example_dags/example_task_group_decorator.py
[2025-05-28T14:01:55.602+0000] {logging_mixin.py:190} INFO - [2025-05-28T14:01:55.602+0000] {dag.py:3239} INFO - Sync 1 DAGs
[2025-05-28T14:01:55.624+0000] {logging_mixin.py:190} INFO - [2025-05-28T14:01:55.624+0000] {dag.py:4180} INFO - Setting next_dagrun for example_task_group_decorator to None, run_after=None
[2025-05-28T14:01:55.653+0000] {processor.py:208} INFO - Processing /home/airflow/.local/lib/python3.12/site-packages/airflow/example_dags/example_task_group_decorator.py took 0.124 seconds
[2025-05-28T14:02:27.539+0000] {processor.py:186} INFO - Started process (PID=3320) to work on /home/airflow/.local/lib/python3.12/site-packages/airflow/example_dags/example_task_group_decorator.py
[2025-05-28T14:02:27.540+0000] {processor.py:914} INFO - Processing file /home/airflow/.local/lib/python3.12/site-packages/airflow/example_dags/example_task_group_decorator.py for tasks to queue
[2025-05-28T14:02:27.542+0000] {logging_mixin.py:190} INFO - [2025-05-28T14:02:27.541+0000] {dagbag.py:588} INFO - Filling up the DagBag from /home/airflow/.local/lib/python3.12/site-packages/airflow/example_dags/example_task_group_decorator.py
[2025-05-28T14:02:27.560+0000] {processor.py:925} INFO - DAG(s) 'example_task_group_decorator' retrieved from /home/airflow/.local/lib/python3.12/site-packages/airflow/example_dags/example_task_group_decorator.py
[2025-05-28T14:02:27.599+0000] {logging_mixin.py:190} INFO - [2025-05-28T14:02:27.598+0000] {dag.py:3239} INFO - Sync 1 DAGs
[2025-05-28T14:02:27.621+0000] {logging_mixin.py:190} INFO - [2025-05-28T14:02:27.621+0000] {dag.py:4180} INFO - Setting next_dagrun for example_task_group_decorator to None, run_after=None
[2025-05-28T14:02:27.646+0000] {processor.py:208} INFO - Processing /home/airflow/.local/lib/python3.12/site-packages/airflow/example_dags/example_task_group_decorator.py took 0.116 seconds
[2025-05-28T14:03:00.023+0000] {processor.py:186} INFO - Started process (PID=3386) to work on /home/airflow/.local/lib/python3.12/site-packages/airflow/example_dags/example_task_group_decorator.py
[2025-05-28T14:03:00.025+0000] {processor.py:914} INFO - Processing file /home/airflow/.local/lib/python3.12/site-packages/airflow/example_dags/example_task_group_decorator.py for tasks to queue
[2025-05-28T14:03:00.026+0000] {logging_mixin.py:190} INFO - [2025-05-28T14:03:00.025+0000] {dagbag.py:588} INFO - Filling up the DagBag from /home/airflow/.local/lib/python3.12/site-packages/airflow/example_dags/example_task_group_decorator.py
[2025-05-28T14:03:00.043+0000] {processor.py:925} INFO - DAG(s) 'example_task_group_decorator' retrieved from /home/airflow/.local/lib/python3.12/site-packages/airflow/example_dags/example_task_group_decorator.py
[2025-05-28T14:03:00.076+0000] {logging_mixin.py:190} INFO - [2025-05-28T14:03:00.076+0000] {dag.py:3239} INFO - Sync 1 DAGs
[2025-05-28T14:03:00.098+0000] {logging_mixin.py:190} INFO - [2025-05-28T14:03:00.097+0000] {dag.py:4180} INFO - Setting next_dagrun for example_task_group_decorator to None, run_after=None
[2025-05-28T14:03:00.124+0000] {processor.py:208} INFO - Processing /home/airflow/.local/lib/python3.12/site-packages/airflow/example_dags/example_task_group_decorator.py took 0.109 seconds
[2025-05-28T14:03:30.848+0000] {processor.py:186} INFO - Started process (PID=3451) to work on /home/airflow/.local/lib/python3.12/site-packages/airflow/example_dags/example_task_group_decorator.py
[2025-05-28T14:03:30.849+0000] {processor.py:914} INFO - Processing file /home/airflow/.local/lib/python3.12/site-packages/airflow/example_dags/example_task_group_decorator.py for tasks to queue
[2025-05-28T14:03:30.851+0000] {logging_mixin.py:190} INFO - [2025-05-28T14:03:30.850+0000] {dagbag.py:588} INFO - Filling up the DagBag from /home/airflow/.local/lib/python3.12/site-packages/airflow/example_dags/example_task_group_decorator.py
[2025-05-28T14:03:30.870+0000] {processor.py:925} INFO - DAG(s) 'example_task_group_decorator' retrieved from /home/airflow/.local/lib/python3.12/site-packages/airflow/example_dags/example_task_group_decorator.py
[2025-05-28T14:03:30.901+0000] {logging_mixin.py:190} INFO - [2025-05-28T14:03:30.900+0000] {dag.py:3239} INFO - Sync 1 DAGs
[2025-05-28T14:03:30.919+0000] {logging_mixin.py:190} INFO - [2025-05-28T14:03:30.918+0000] {dag.py:4180} INFO - Setting next_dagrun for example_task_group_decorator to None, run_after=None
[2025-05-28T14:03:30.939+0000] {processor.py:208} INFO - Processing /home/airflow/.local/lib/python3.12/site-packages/airflow/example_dags/example_task_group_decorator.py took 0.099 seconds
[2025-05-28T14:04:01.897+0000] {processor.py:186} INFO - Started process (PID=3516) to work on /home/airflow/.local/lib/python3.12/site-packages/airflow/example_dags/example_task_group_decorator.py
[2025-05-28T14:04:01.898+0000] {processor.py:914} INFO - Processing file /home/airflow/.local/lib/python3.12/site-packages/airflow/example_dags/example_task_group_decorator.py for tasks to queue
[2025-05-28T14:04:01.900+0000] {logging_mixin.py:190} INFO - [2025-05-28T14:04:01.899+0000] {dagbag.py:588} INFO - Filling up the DagBag from /home/airflow/.local/lib/python3.12/site-packages/airflow/example_dags/example_task_group_decorator.py
[2025-05-28T14:04:01.918+0000] {processor.py:925} INFO - DAG(s) 'example_task_group_decorator' retrieved from /home/airflow/.local/lib/python3.12/site-packages/airflow/example_dags/example_task_group_decorator.py
[2025-05-28T14:04:01.949+0000] {logging_mixin.py:190} INFO - [2025-05-28T14:04:01.949+0000] {dag.py:3239} INFO - Sync 1 DAGs
[2025-05-28T14:04:01.966+0000] {logging_mixin.py:190} INFO - [2025-05-28T14:04:01.965+0000] {dag.py:4180} INFO - Setting next_dagrun for example_task_group_decorator to None, run_after=None
[2025-05-28T14:04:01.983+0000] {processor.py:208} INFO - Processing /home/airflow/.local/lib/python3.12/site-packages/airflow/example_dags/example_task_group_decorator.py took 0.094 seconds
[2025-05-28T14:04:32.861+0000] {processor.py:186} INFO - Started process (PID=3580) to work on /home/airflow/.local/lib/python3.12/site-packages/airflow/example_dags/example_task_group_decorator.py
[2025-05-28T14:04:32.863+0000] {processor.py:914} INFO - Processing file /home/airflow/.local/lib/python3.12/site-packages/airflow/example_dags/example_task_group_decorator.py for tasks to queue
[2025-05-28T14:04:32.864+0000] {logging_mixin.py:190} INFO - [2025-05-28T14:04:32.864+0000] {dagbag.py:588} INFO - Filling up the DagBag from /home/airflow/.local/lib/python3.12/site-packages/airflow/example_dags/example_task_group_decorator.py
[2025-05-28T14:04:32.892+0000] {processor.py:925} INFO - DAG(s) 'example_task_group_decorator' retrieved from /home/airflow/.local/lib/python3.12/site-packages/airflow/example_dags/example_task_group_decorator.py
[2025-05-28T14:04:32.919+0000] {logging_mixin.py:190} INFO - [2025-05-28T14:04:32.919+0000] {dag.py:3239} INFO - Sync 1 DAGs
[2025-05-28T14:04:32.938+0000] {logging_mixin.py:190} INFO - [2025-05-28T14:04:32.938+0000] {dag.py:4180} INFO - Setting next_dagrun for example_task_group_decorator to None, run_after=None
[2025-05-28T14:04:32.960+0000] {processor.py:208} INFO - Processing /home/airflow/.local/lib/python3.12/site-packages/airflow/example_dags/example_task_group_decorator.py took 0.107 seconds
[2025-05-28T14:05:04.788+0000] {processor.py:186} INFO - Started process (PID=3645) to work on /home/airflow/.local/lib/python3.12/site-packages/airflow/example_dags/example_task_group_decorator.py
[2025-05-28T14:05:04.790+0000] {processor.py:914} INFO - Processing file /home/airflow/.local/lib/python3.12/site-packages/airflow/example_dags/example_task_group_decorator.py for tasks to queue
[2025-05-28T14:05:04.791+0000] {logging_mixin.py:190} INFO - [2025-05-28T14:05:04.791+0000] {dagbag.py:588} INFO - Filling up the DagBag from /home/airflow/.local/lib/python3.12/site-packages/airflow/example_dags/example_task_group_decorator.py
[2025-05-28T14:05:04.814+0000] {processor.py:925} INFO - DAG(s) 'example_task_group_decorator' retrieved from /home/airflow/.local/lib/python3.12/site-packages/airflow/example_dags/example_task_group_decorator.py
[2025-05-28T14:05:04.851+0000] {logging_mixin.py:190} INFO - [2025-05-28T14:05:04.850+0000] {dag.py:3239} INFO - Sync 1 DAGs
[2025-05-28T14:05:04.878+0000] {logging_mixin.py:190} INFO - [2025-05-28T14:05:04.878+0000] {dag.py:4180} INFO - Setting next_dagrun for example_task_group_decorator to None, run_after=None
[2025-05-28T14:05:04.904+0000] {processor.py:208} INFO - Processing /home/airflow/.local/lib/python3.12/site-packages/airflow/example_dags/example_task_group_decorator.py took 0.124 seconds
[2025-05-28T14:05:37.097+0000] {processor.py:186} INFO - Started process (PID=3710) to work on /home/airflow/.local/lib/python3.12/site-packages/airflow/example_dags/example_task_group_decorator.py
[2025-05-28T14:05:37.099+0000] {processor.py:914} INFO - Processing file /home/airflow/.local/lib/python3.12/site-packages/airflow/example_dags/example_task_group_decorator.py for tasks to queue
[2025-05-28T14:05:37.101+0000] {logging_mixin.py:190} INFO - [2025-05-28T14:05:37.100+0000] {dagbag.py:588} INFO - Filling up the DagBag from /home/airflow/.local/lib/python3.12/site-packages/airflow/example_dags/example_task_group_decorator.py
[2025-05-28T14:05:37.121+0000] {processor.py:925} INFO - DAG(s) 'example_task_group_decorator' retrieved from /home/airflow/.local/lib/python3.12/site-packages/airflow/example_dags/example_task_group_decorator.py
[2025-05-28T14:05:37.157+0000] {logging_mixin.py:190} INFO - [2025-05-28T14:05:37.157+0000] {dag.py:3239} INFO - Sync 1 DAGs
[2025-05-28T14:05:37.179+0000] {logging_mixin.py:190} INFO - [2025-05-28T14:05:37.178+0000] {dag.py:4180} INFO - Setting next_dagrun for example_task_group_decorator to None, run_after=None
[2025-05-28T14:05:37.206+0000] {processor.py:208} INFO - Processing /home/airflow/.local/lib/python3.12/site-packages/airflow/example_dags/example_task_group_decorator.py took 0.116 seconds
[2025-05-28T14:06:08.378+0000] {processor.py:186} INFO - Started process (PID=3775) to work on /home/airflow/.local/lib/python3.12/site-packages/airflow/example_dags/example_task_group_decorator.py
[2025-05-28T14:06:08.380+0000] {processor.py:914} INFO - Processing file /home/airflow/.local/lib/python3.12/site-packages/airflow/example_dags/example_task_group_decorator.py for tasks to queue
[2025-05-28T14:06:08.382+0000] {logging_mixin.py:190} INFO - [2025-05-28T14:06:08.381+0000] {dagbag.py:588} INFO - Filling up the DagBag from /home/airflow/.local/lib/python3.12/site-packages/airflow/example_dags/example_task_group_decorator.py
[2025-05-28T14:06:08.403+0000] {processor.py:925} INFO - DAG(s) 'example_task_group_decorator' retrieved from /home/airflow/.local/lib/python3.12/site-packages/airflow/example_dags/example_task_group_decorator.py
[2025-05-28T14:06:08.438+0000] {logging_mixin.py:190} INFO - [2025-05-28T14:06:08.437+0000] {dag.py:3239} INFO - Sync 1 DAGs
[2025-05-28T14:06:08.455+0000] {logging_mixin.py:190} INFO - [2025-05-28T14:06:08.454+0000] {dag.py:4180} INFO - Setting next_dagrun for example_task_group_decorator to None, run_after=None
[2025-05-28T14:06:08.481+0000] {processor.py:208} INFO - Processing /home/airflow/.local/lib/python3.12/site-packages/airflow/example_dags/example_task_group_decorator.py took 0.117 seconds
[2025-05-28T14:06:39.809+0000] {processor.py:186} INFO - Started process (PID=3840) to work on /home/airflow/.local/lib/python3.12/site-packages/airflow/example_dags/example_task_group_decorator.py
[2025-05-28T14:06:39.810+0000] {processor.py:914} INFO - Processing file /home/airflow/.local/lib/python3.12/site-packages/airflow/example_dags/example_task_group_decorator.py for tasks to queue
[2025-05-28T14:06:39.812+0000] {logging_mixin.py:190} INFO - [2025-05-28T14:06:39.812+0000] {dagbag.py:588} INFO - Filling up the DagBag from /home/airflow/.local/lib/python3.12/site-packages/airflow/example_dags/example_task_group_decorator.py
[2025-05-28T14:06:39.842+0000] {processor.py:925} INFO - DAG(s) 'example_task_group_decorator' retrieved from /home/airflow/.local/lib/python3.12/site-packages/airflow/example_dags/example_task_group_decorator.py
[2025-05-28T14:06:39.893+0000] {logging_mixin.py:190} INFO - [2025-05-28T14:06:39.892+0000] {dag.py:3239} INFO - Sync 1 DAGs
[2025-05-28T14:06:39.930+0000] {logging_mixin.py:190} INFO - [2025-05-28T14:06:39.929+0000] {dag.py:4180} INFO - Setting next_dagrun for example_task_group_decorator to None, run_after=None
[2025-05-28T14:06:39.963+0000] {processor.py:208} INFO - Processing /home/airflow/.local/lib/python3.12/site-packages/airflow/example_dags/example_task_group_decorator.py took 0.162 seconds
[2025-05-28T14:07:12.163+0000] {processor.py:186} INFO - Started process (PID=3905) to work on /home/airflow/.local/lib/python3.12/site-packages/airflow/example_dags/example_task_group_decorator.py
[2025-05-28T14:07:12.164+0000] {processor.py:914} INFO - Processing file /home/airflow/.local/lib/python3.12/site-packages/airflow/example_dags/example_task_group_decorator.py for tasks to queue
[2025-05-28T14:07:12.167+0000] {logging_mixin.py:190} INFO - [2025-05-28T14:07:12.166+0000] {dagbag.py:588} INFO - Filling up the DagBag from /home/airflow/.local/lib/python3.12/site-packages/airflow/example_dags/example_task_group_decorator.py
[2025-05-28T14:07:12.193+0000] {processor.py:925} INFO - DAG(s) 'example_task_group_decorator' retrieved from /home/airflow/.local/lib/python3.12/site-packages/airflow/example_dags/example_task_group_decorator.py
[2025-05-28T14:07:12.231+0000] {logging_mixin.py:190} INFO - [2025-05-28T14:07:12.231+0000] {dag.py:3239} INFO - Sync 1 DAGs
[2025-05-28T14:07:12.258+0000] {logging_mixin.py:190} INFO - [2025-05-28T14:07:12.258+0000] {dag.py:4180} INFO - Setting next_dagrun for example_task_group_decorator to None, run_after=None
[2025-05-28T14:07:12.291+0000] {processor.py:208} INFO - Processing /home/airflow/.local/lib/python3.12/site-packages/airflow/example_dags/example_task_group_decorator.py took 0.136 seconds
[2025-05-28T14:07:47.216+0000] {processor.py:186} INFO - Started process (PID=3970) to work on /home/airflow/.local/lib/python3.12/site-packages/airflow/example_dags/example_task_group_decorator.py
[2025-05-28T14:07:47.217+0000] {processor.py:914} INFO - Processing file /home/airflow/.local/lib/python3.12/site-packages/airflow/example_dags/example_task_group_decorator.py for tasks to queue
[2025-05-28T14:07:47.219+0000] {logging_mixin.py:190} INFO - [2025-05-28T14:07:47.218+0000] {dagbag.py:588} INFO - Filling up the DagBag from /home/airflow/.local/lib/python3.12/site-packages/airflow/example_dags/example_task_group_decorator.py
[2025-05-28T14:07:47.242+0000] {processor.py:925} INFO - DAG(s) 'example_task_group_decorator' retrieved from /home/airflow/.local/lib/python3.12/site-packages/airflow/example_dags/example_task_group_decorator.py
[2025-05-28T14:07:47.285+0000] {logging_mixin.py:190} INFO - [2025-05-28T14:07:47.284+0000] {dag.py:3239} INFO - Sync 1 DAGs
[2025-05-28T14:07:47.787+0000] {logging_mixin.py:190} INFO - [2025-05-28T14:07:47.786+0000] {dag.py:4180} INFO - Setting next_dagrun for example_task_group_decorator to None, run_after=None
[2025-05-28T14:07:47.836+0000] {processor.py:208} INFO - Processing /home/airflow/.local/lib/python3.12/site-packages/airflow/example_dags/example_task_group_decorator.py took 0.629 seconds
[2025-05-28T14:08:18.374+0000] {processor.py:186} INFO - Started process (PID=4035) to work on /home/airflow/.local/lib/python3.12/site-packages/airflow/example_dags/example_task_group_decorator.py
[2025-05-28T14:08:18.376+0000] {processor.py:914} INFO - Processing file /home/airflow/.local/lib/python3.12/site-packages/airflow/example_dags/example_task_group_decorator.py for tasks to queue
[2025-05-28T14:08:18.378+0000] {logging_mixin.py:190} INFO - [2025-05-28T14:08:18.377+0000] {dagbag.py:588} INFO - Filling up the DagBag from /home/airflow/.local/lib/python3.12/site-packages/airflow/example_dags/example_task_group_decorator.py
[2025-05-28T14:08:18.402+0000] {processor.py:925} INFO - DAG(s) 'example_task_group_decorator' retrieved from /home/airflow/.local/lib/python3.12/site-packages/airflow/example_dags/example_task_group_decorator.py
[2025-05-28T14:08:18.453+0000] {logging_mixin.py:190} INFO - [2025-05-28T14:08:18.453+0000] {dag.py:3239} INFO - Sync 1 DAGs
[2025-05-28T14:08:18.490+0000] {logging_mixin.py:190} INFO - [2025-05-28T14:08:18.489+0000] {dag.py:4180} INFO - Setting next_dagrun for example_task_group_decorator to None, run_after=None
[2025-05-28T14:08:19.054+0000] {processor.py:208} INFO - Processing /home/airflow/.local/lib/python3.12/site-packages/airflow/example_dags/example_task_group_decorator.py took 0.688 seconds
[2025-05-28T14:08:49.368+0000] {processor.py:186} INFO - Started process (PID=4099) to work on /home/airflow/.local/lib/python3.12/site-packages/airflow/example_dags/example_task_group_decorator.py
[2025-05-28T14:08:49.370+0000] {processor.py:914} INFO - Processing file /home/airflow/.local/lib/python3.12/site-packages/airflow/example_dags/example_task_group_decorator.py for tasks to queue
[2025-05-28T14:08:49.373+0000] {logging_mixin.py:190} INFO - [2025-05-28T14:08:49.372+0000] {dagbag.py:588} INFO - Filling up the DagBag from /home/airflow/.local/lib/python3.12/site-packages/airflow/example_dags/example_task_group_decorator.py
[2025-05-28T14:08:49.401+0000] {processor.py:925} INFO - DAG(s) 'example_task_group_decorator' retrieved from /home/airflow/.local/lib/python3.12/site-packages/airflow/example_dags/example_task_group_decorator.py
[2025-05-28T14:08:49.446+0000] {logging_mixin.py:190} INFO - [2025-05-28T14:08:49.446+0000] {dag.py:3239} INFO - Sync 1 DAGs
[2025-05-28T14:08:49.467+0000] {logging_mixin.py:190} INFO - [2025-05-28T14:08:49.466+0000] {dag.py:4180} INFO - Setting next_dagrun for example_task_group_decorator to None, run_after=None
[2025-05-28T14:08:49.511+0000] {processor.py:208} INFO - Processing /home/airflow/.local/lib/python3.12/site-packages/airflow/example_dags/example_task_group_decorator.py took 0.152 seconds
[2025-05-28T14:09:19.892+0000] {processor.py:186} INFO - Started process (PID=4163) to work on /home/airflow/.local/lib/python3.12/site-packages/airflow/example_dags/example_task_group_decorator.py
[2025-05-28T14:09:19.894+0000] {processor.py:914} INFO - Processing file /home/airflow/.local/lib/python3.12/site-packages/airflow/example_dags/example_task_group_decorator.py for tasks to queue
[2025-05-28T14:09:19.896+0000] {logging_mixin.py:190} INFO - [2025-05-28T14:09:19.896+0000] {dagbag.py:588} INFO - Filling up the DagBag from /home/airflow/.local/lib/python3.12/site-packages/airflow/example_dags/example_task_group_decorator.py
[2025-05-28T14:09:19.925+0000] {processor.py:925} INFO - DAG(s) 'example_task_group_decorator' retrieved from /home/airflow/.local/lib/python3.12/site-packages/airflow/example_dags/example_task_group_decorator.py
[2025-05-28T14:09:19.974+0000] {logging_mixin.py:190} INFO - [2025-05-28T14:09:19.974+0000] {dag.py:3239} INFO - Sync 1 DAGs
[2025-05-28T14:09:20.001+0000] {logging_mixin.py:190} INFO - [2025-05-28T14:09:20.001+0000] {dag.py:4180} INFO - Setting next_dagrun for example_task_group_decorator to None, run_after=None
[2025-05-28T14:09:20.033+0000] {processor.py:208} INFO - Processing /home/airflow/.local/lib/python3.12/site-packages/airflow/example_dags/example_task_group_decorator.py took 0.163 seconds
[2025-05-28T14:09:52.289+0000] {processor.py:186} INFO - Started process (PID=4229) to work on /home/airflow/.local/lib/python3.12/site-packages/airflow/example_dags/example_task_group_decorator.py
[2025-05-28T14:09:52.290+0000] {processor.py:914} INFO - Processing file /home/airflow/.local/lib/python3.12/site-packages/airflow/example_dags/example_task_group_decorator.py for tasks to queue
[2025-05-28T14:09:52.292+0000] {logging_mixin.py:190} INFO - [2025-05-28T14:09:52.291+0000] {dagbag.py:588} INFO - Filling up the DagBag from /home/airflow/.local/lib/python3.12/site-packages/airflow/example_dags/example_task_group_decorator.py
[2025-05-28T14:09:52.312+0000] {processor.py:925} INFO - DAG(s) 'example_task_group_decorator' retrieved from /home/airflow/.local/lib/python3.12/site-packages/airflow/example_dags/example_task_group_decorator.py
[2025-05-28T14:09:52.351+0000] {logging_mixin.py:190} INFO - [2025-05-28T14:09:52.350+0000] {dag.py:3239} INFO - Sync 1 DAGs
[2025-05-28T14:09:52.385+0000] {logging_mixin.py:190} INFO - [2025-05-28T14:09:52.385+0000] {dag.py:4180} INFO - Setting next_dagrun for example_task_group_decorator to None, run_after=None
[2025-05-28T14:09:52.427+0000] {processor.py:208} INFO - Processing /home/airflow/.local/lib/python3.12/site-packages/airflow/example_dags/example_task_group_decorator.py took 0.148 seconds
[2025-05-28T14:10:23.618+0000] {processor.py:186} INFO - Started process (PID=4300) to work on /home/airflow/.local/lib/python3.12/site-packages/airflow/example_dags/example_task_group_decorator.py
[2025-05-28T14:10:23.619+0000] {processor.py:914} INFO - Processing file /home/airflow/.local/lib/python3.12/site-packages/airflow/example_dags/example_task_group_decorator.py for tasks to queue
[2025-05-28T14:10:23.622+0000] {logging_mixin.py:190} INFO - [2025-05-28T14:10:23.621+0000] {dagbag.py:588} INFO - Filling up the DagBag from /home/airflow/.local/lib/python3.12/site-packages/airflow/example_dags/example_task_group_decorator.py
[2025-05-28T14:10:23.642+0000] {processor.py:925} INFO - DAG(s) 'example_task_group_decorator' retrieved from /home/airflow/.local/lib/python3.12/site-packages/airflow/example_dags/example_task_group_decorator.py
[2025-05-28T14:10:23.679+0000] {logging_mixin.py:190} INFO - [2025-05-28T14:10:23.679+0000] {dag.py:3239} INFO - Sync 1 DAGs
[2025-05-28T14:10:23.701+0000] {logging_mixin.py:190} INFO - [2025-05-28T14:10:23.701+0000] {dag.py:4180} INFO - Setting next_dagrun for example_task_group_decorator to None, run_after=None
[2025-05-28T14:10:23.727+0000] {processor.py:208} INFO - Processing /home/airflow/.local/lib/python3.12/site-packages/airflow/example_dags/example_task_group_decorator.py took 0.119 seconds
[2025-05-28T14:10:55.206+0000] {processor.py:186} INFO - Started process (PID=4365) to work on /home/airflow/.local/lib/python3.12/site-packages/airflow/example_dags/example_task_group_decorator.py
[2025-05-28T14:10:55.208+0000] {processor.py:914} INFO - Processing file /home/airflow/.local/lib/python3.12/site-packages/airflow/example_dags/example_task_group_decorator.py for tasks to queue
[2025-05-28T14:10:55.211+0000] {logging_mixin.py:190} INFO - [2025-05-28T14:10:55.210+0000] {dagbag.py:588} INFO - Filling up the DagBag from /home/airflow/.local/lib/python3.12/site-packages/airflow/example_dags/example_task_group_decorator.py
[2025-05-28T14:10:55.234+0000] {processor.py:925} INFO - DAG(s) 'example_task_group_decorator' retrieved from /home/airflow/.local/lib/python3.12/site-packages/airflow/example_dags/example_task_group_decorator.py
[2025-05-28T14:10:55.271+0000] {logging_mixin.py:190} INFO - [2025-05-28T14:10:55.270+0000] {dag.py:3239} INFO - Sync 1 DAGs
[2025-05-28T14:10:55.289+0000] {logging_mixin.py:190} INFO - [2025-05-28T14:10:55.289+0000] {dag.py:4180} INFO - Setting next_dagrun for example_task_group_decorator to None, run_after=None
[2025-05-28T14:10:55.316+0000] {processor.py:208} INFO - Processing /home/airflow/.local/lib/python3.12/site-packages/airflow/example_dags/example_task_group_decorator.py took 0.118 seconds
[2025-05-28T14:11:25.468+0000] {processor.py:186} INFO - Started process (PID=4430) to work on /home/airflow/.local/lib/python3.12/site-packages/airflow/example_dags/example_task_group_decorator.py
[2025-05-28T14:11:25.470+0000] {processor.py:914} INFO - Processing file /home/airflow/.local/lib/python3.12/site-packages/airflow/example_dags/example_task_group_decorator.py for tasks to queue
[2025-05-28T14:11:25.472+0000] {logging_mixin.py:190} INFO - [2025-05-28T14:11:25.471+0000] {dagbag.py:588} INFO - Filling up the DagBag from /home/airflow/.local/lib/python3.12/site-packages/airflow/example_dags/example_task_group_decorator.py
[2025-05-28T14:11:25.488+0000] {processor.py:925} INFO - DAG(s) 'example_task_group_decorator' retrieved from /home/airflow/.local/lib/python3.12/site-packages/airflow/example_dags/example_task_group_decorator.py
[2025-05-28T14:11:25.523+0000] {logging_mixin.py:190} INFO - [2025-05-28T14:11:25.523+0000] {dag.py:3239} INFO - Sync 1 DAGs
[2025-05-28T14:11:25.546+0000] {logging_mixin.py:190} INFO - [2025-05-28T14:11:25.546+0000] {dag.py:4180} INFO - Setting next_dagrun for example_task_group_decorator to None, run_after=None
[2025-05-28T14:11:25.568+0000] {processor.py:208} INFO - Processing /home/airflow/.local/lib/python3.12/site-packages/airflow/example_dags/example_task_group_decorator.py took 0.106 seconds
[2025-05-28T14:11:56.602+0000] {processor.py:186} INFO - Started process (PID=4495) to work on /home/airflow/.local/lib/python3.12/site-packages/airflow/example_dags/example_task_group_decorator.py
[2025-05-28T14:11:56.603+0000] {processor.py:914} INFO - Processing file /home/airflow/.local/lib/python3.12/site-packages/airflow/example_dags/example_task_group_decorator.py for tasks to queue
[2025-05-28T14:11:56.605+0000] {logging_mixin.py:190} INFO - [2025-05-28T14:11:56.604+0000] {dagbag.py:588} INFO - Filling up the DagBag from /home/airflow/.local/lib/python3.12/site-packages/airflow/example_dags/example_task_group_decorator.py
[2025-05-28T14:11:56.622+0000] {processor.py:925} INFO - DAG(s) 'example_task_group_decorator' retrieved from /home/airflow/.local/lib/python3.12/site-packages/airflow/example_dags/example_task_group_decorator.py
[2025-05-28T14:11:56.652+0000] {logging_mixin.py:190} INFO - [2025-05-28T14:11:56.652+0000] {dag.py:3239} INFO - Sync 1 DAGs
[2025-05-28T14:11:56.670+0000] {logging_mixin.py:190} INFO - [2025-05-28T14:11:56.670+0000] {dag.py:4180} INFO - Setting next_dagrun for example_task_group_decorator to None, run_after=None
[2025-05-28T14:11:56.693+0000] {processor.py:208} INFO - Processing /home/airflow/.local/lib/python3.12/site-packages/airflow/example_dags/example_task_group_decorator.py took 0.100 seconds
[2025-05-28T14:12:27.357+0000] {processor.py:186} INFO - Started process (PID=4560) to work on /home/airflow/.local/lib/python3.12/site-packages/airflow/example_dags/example_task_group_decorator.py
[2025-05-28T14:12:27.358+0000] {processor.py:914} INFO - Processing file /home/airflow/.local/lib/python3.12/site-packages/airflow/example_dags/example_task_group_decorator.py for tasks to queue
[2025-05-28T14:12:27.360+0000] {logging_mixin.py:190} INFO - [2025-05-28T14:12:27.359+0000] {dagbag.py:588} INFO - Filling up the DagBag from /home/airflow/.local/lib/python3.12/site-packages/airflow/example_dags/example_task_group_decorator.py
[2025-05-28T14:12:27.377+0000] {processor.py:925} INFO - DAG(s) 'example_task_group_decorator' retrieved from /home/airflow/.local/lib/python3.12/site-packages/airflow/example_dags/example_task_group_decorator.py
[2025-05-28T14:12:27.418+0000] {logging_mixin.py:190} INFO - [2025-05-28T14:12:27.417+0000] {dag.py:3239} INFO - Sync 1 DAGs
[2025-05-28T14:12:27.454+0000] {logging_mixin.py:190} INFO - [2025-05-28T14:12:27.453+0000] {dag.py:4180} INFO - Setting next_dagrun for example_task_group_decorator to None, run_after=None
[2025-05-28T14:12:27.500+0000] {processor.py:208} INFO - Processing /home/airflow/.local/lib/python3.12/site-packages/airflow/example_dags/example_task_group_decorator.py took 0.150 seconds
[2025-05-28T14:12:59.076+0000] {processor.py:186} INFO - Started process (PID=4625) to work on /home/airflow/.local/lib/python3.12/site-packages/airflow/example_dags/example_task_group_decorator.py
[2025-05-28T14:12:59.078+0000] {processor.py:914} INFO - Processing file /home/airflow/.local/lib/python3.12/site-packages/airflow/example_dags/example_task_group_decorator.py for tasks to queue
[2025-05-28T14:12:59.080+0000] {logging_mixin.py:190} INFO - [2025-05-28T14:12:59.080+0000] {dagbag.py:588} INFO - Filling up the DagBag from /home/airflow/.local/lib/python3.12/site-packages/airflow/example_dags/example_task_group_decorator.py
[2025-05-28T14:12:59.099+0000] {processor.py:925} INFO - DAG(s) 'example_task_group_decorator' retrieved from /home/airflow/.local/lib/python3.12/site-packages/airflow/example_dags/example_task_group_decorator.py
[2025-05-28T14:12:59.132+0000] {logging_mixin.py:190} INFO - [2025-05-28T14:12:59.131+0000] {dag.py:3239} INFO - Sync 1 DAGs
[2025-05-28T14:12:59.150+0000] {logging_mixin.py:190} INFO - [2025-05-28T14:12:59.150+0000] {dag.py:4180} INFO - Setting next_dagrun for example_task_group_decorator to None, run_after=None
[2025-05-28T14:12:59.180+0000] {processor.py:208} INFO - Processing /home/airflow/.local/lib/python3.12/site-packages/airflow/example_dags/example_task_group_decorator.py took 0.143 seconds
[2025-05-28T14:13:29.530+0000] {processor.py:186} INFO - Started process (PID=4690) to work on /home/airflow/.local/lib/python3.12/site-packages/airflow/example_dags/example_task_group_decorator.py
[2025-05-28T14:13:29.531+0000] {processor.py:914} INFO - Processing file /home/airflow/.local/lib/python3.12/site-packages/airflow/example_dags/example_task_group_decorator.py for tasks to queue
[2025-05-28T14:13:29.533+0000] {logging_mixin.py:190} INFO - [2025-05-28T14:13:29.532+0000] {dagbag.py:588} INFO - Filling up the DagBag from /home/airflow/.local/lib/python3.12/site-packages/airflow/example_dags/example_task_group_decorator.py
[2025-05-28T14:13:29.584+0000] {processor.py:925} INFO - DAG(s) 'example_task_group_decorator' retrieved from /home/airflow/.local/lib/python3.12/site-packages/airflow/example_dags/example_task_group_decorator.py
[2025-05-28T14:13:29.617+0000] {logging_mixin.py:190} INFO - [2025-05-28T14:13:29.617+0000] {dag.py:3239} INFO - Sync 1 DAGs
[2025-05-28T14:13:29.635+0000] {logging_mixin.py:190} INFO - [2025-05-28T14:13:29.635+0000] {dag.py:4180} INFO - Setting next_dagrun for example_task_group_decorator to None, run_after=None
[2025-05-28T14:13:29.692+0000] {processor.py:208} INFO - Processing /home/airflow/.local/lib/python3.12/site-packages/airflow/example_dags/example_task_group_decorator.py took 0.170 seconds
[2025-05-28T14:13:59.920+0000] {processor.py:186} INFO - Started process (PID=4755) to work on /home/airflow/.local/lib/python3.12/site-packages/airflow/example_dags/example_task_group_decorator.py
[2025-05-28T14:13:59.921+0000] {processor.py:914} INFO - Processing file /home/airflow/.local/lib/python3.12/site-packages/airflow/example_dags/example_task_group_decorator.py for tasks to queue
[2025-05-28T14:13:59.923+0000] {logging_mixin.py:190} INFO - [2025-05-28T14:13:59.922+0000] {dagbag.py:588} INFO - Filling up the DagBag from /home/airflow/.local/lib/python3.12/site-packages/airflow/example_dags/example_task_group_decorator.py
[2025-05-28T14:13:59.940+0000] {processor.py:925} INFO - DAG(s) 'example_task_group_decorator' retrieved from /home/airflow/.local/lib/python3.12/site-packages/airflow/example_dags/example_task_group_decorator.py
[2025-05-28T14:13:59.984+0000] {logging_mixin.py:190} INFO - [2025-05-28T14:13:59.984+0000] {dag.py:3239} INFO - Sync 1 DAGs
[2025-05-28T14:14:00.001+0000] {logging_mixin.py:190} INFO - [2025-05-28T14:14:00.000+0000] {dag.py:4180} INFO - Setting next_dagrun for example_task_group_decorator to None, run_after=None
[2025-05-28T14:14:00.020+0000] {processor.py:208} INFO - Processing /home/airflow/.local/lib/python3.12/site-packages/airflow/example_dags/example_task_group_decorator.py took 0.107 seconds
[2025-05-28T14:14:30.695+0000] {processor.py:186} INFO - Started process (PID=4820) to work on /home/airflow/.local/lib/python3.12/site-packages/airflow/example_dags/example_task_group_decorator.py
[2025-05-28T14:14:30.697+0000] {processor.py:914} INFO - Processing file /home/airflow/.local/lib/python3.12/site-packages/airflow/example_dags/example_task_group_decorator.py for tasks to queue
[2025-05-28T14:14:30.698+0000] {logging_mixin.py:190} INFO - [2025-05-28T14:14:30.698+0000] {dagbag.py:588} INFO - Filling up the DagBag from /home/airflow/.local/lib/python3.12/site-packages/airflow/example_dags/example_task_group_decorator.py
[2025-05-28T14:14:30.716+0000] {processor.py:925} INFO - DAG(s) 'example_task_group_decorator' retrieved from /home/airflow/.local/lib/python3.12/site-packages/airflow/example_dags/example_task_group_decorator.py
[2025-05-28T14:14:30.750+0000] {logging_mixin.py:190} INFO - [2025-05-28T14:14:30.749+0000] {dag.py:3239} INFO - Sync 1 DAGs
[2025-05-28T14:14:30.770+0000] {logging_mixin.py:190} INFO - [2025-05-28T14:14:30.770+0000] {dag.py:4180} INFO - Setting next_dagrun for example_task_group_decorator to None, run_after=None
[2025-05-28T14:14:30.790+0000] {processor.py:208} INFO - Processing /home/airflow/.local/lib/python3.12/site-packages/airflow/example_dags/example_task_group_decorator.py took 0.102 seconds
[2025-05-28T14:15:01.434+0000] {processor.py:186} INFO - Started process (PID=4885) to work on /home/airflow/.local/lib/python3.12/site-packages/airflow/example_dags/example_task_group_decorator.py
[2025-05-28T14:15:01.435+0000] {processor.py:914} INFO - Processing file /home/airflow/.local/lib/python3.12/site-packages/airflow/example_dags/example_task_group_decorator.py for tasks to queue
[2025-05-28T14:15:01.436+0000] {logging_mixin.py:190} INFO - [2025-05-28T14:15:01.436+0000] {dagbag.py:588} INFO - Filling up the DagBag from /home/airflow/.local/lib/python3.12/site-packages/airflow/example_dags/example_task_group_decorator.py
[2025-05-28T14:15:01.456+0000] {processor.py:925} INFO - DAG(s) 'example_task_group_decorator' retrieved from /home/airflow/.local/lib/python3.12/site-packages/airflow/example_dags/example_task_group_decorator.py
[2025-05-28T14:15:01.486+0000] {logging_mixin.py:190} INFO - [2025-05-28T14:15:01.485+0000] {dag.py:3239} INFO - Sync 1 DAGs
[2025-05-28T14:15:01.502+0000] {logging_mixin.py:190} INFO - [2025-05-28T14:15:01.501+0000] {dag.py:4180} INFO - Setting next_dagrun for example_task_group_decorator to None, run_after=None
[2025-05-28T14:15:01.520+0000] {processor.py:208} INFO - Processing /home/airflow/.local/lib/python3.12/site-packages/airflow/example_dags/example_task_group_decorator.py took 0.093 seconds
