[2025-05-28T13:37:18.562+0000] {processor.py:186} INFO - Started process (PID=112) to work on /home/airflow/.local/lib/python3.12/site-packages/airflow/example_dags/example_kubernetes_executor.py
[2025-05-28T13:37:18.562+0000] {processor.py:914} INFO - Processing file /home/airflow/.local/lib/python3.12/site-packages/airflow/example_dags/example_kubernetes_executor.py for tasks to queue
[2025-05-28T13:37:18.564+0000] {logging_mixin.py:190} INFO - [2025-05-28T13:37:18.564+0000] {dagbag.py:588} INFO - Filling up the DagBag from /home/airflow/.local/lib/python3.12/site-packages/airflow/example_dags/example_kubernetes_executor.py
[2025-05-28T13:37:18.580+0000] {processor.py:925} INFO - DAG(s) 'example_kubernetes_executor' retrieved from /home/airflow/.local/lib/python3.12/site-packages/airflow/example_dags/example_kubernetes_executor.py
[2025-05-28T13:37:18.604+0000] {logging_mixin.py:190} INFO - [2025-05-28T13:37:18.604+0000] {dag.py:3239} INFO - Sync 1 DAGs
[2025-05-28T13:37:18.619+0000] {logging_mixin.py:190} INFO - [2025-05-28T13:37:18.619+0000] {dag.py:4180} INFO - Setting next_dagrun for example_kubernetes_executor to None, run_after=None
[2025-05-28T13:37:18.633+0000] {processor.py:208} INFO - Processing /home/airflow/.local/lib/python3.12/site-packages/airflow/example_dags/example_kubernetes_executor.py took 0.077 seconds
[2025-05-28T13:37:50.448+0000] {processor.py:186} INFO - Started process (PID=177) to work on /home/airflow/.local/lib/python3.12/site-packages/airflow/example_dags/example_kubernetes_executor.py
[2025-05-28T13:37:50.450+0000] {processor.py:914} INFO - Processing file /home/airflow/.local/lib/python3.12/site-packages/airflow/example_dags/example_kubernetes_executor.py for tasks to queue
[2025-05-28T13:37:50.453+0000] {logging_mixin.py:190} INFO - [2025-05-28T13:37:50.452+0000] {dagbag.py:588} INFO - Filling up the DagBag from /home/airflow/.local/lib/python3.12/site-packages/airflow/example_dags/example_kubernetes_executor.py
[2025-05-28T13:37:50.491+0000] {processor.py:925} INFO - DAG(s) 'example_kubernetes_executor' retrieved from /home/airflow/.local/lib/python3.12/site-packages/airflow/example_dags/example_kubernetes_executor.py
[2025-05-28T13:37:50.525+0000] {logging_mixin.py:190} INFO - [2025-05-28T13:37:50.525+0000] {dag.py:3239} INFO - Sync 1 DAGs
[2025-05-28T13:37:50.547+0000] {logging_mixin.py:190} INFO - [2025-05-28T13:37:50.546+0000] {dag.py:4180} INFO - Setting next_dagrun for example_kubernetes_executor to None, run_after=None
[2025-05-28T13:37:50.578+0000] {processor.py:208} INFO - Processing /home/airflow/.local/lib/python3.12/site-packages/airflow/example_dags/example_kubernetes_executor.py took 0.139 seconds
[2025-05-28T13:38:22.199+0000] {processor.py:186} INFO - Started process (PID=242) to work on /home/airflow/.local/lib/python3.12/site-packages/airflow/example_dags/example_kubernetes_executor.py
[2025-05-28T13:38:22.200+0000] {processor.py:914} INFO - Processing file /home/airflow/.local/lib/python3.12/site-packages/airflow/example_dags/example_kubernetes_executor.py for tasks to queue
[2025-05-28T13:38:22.203+0000] {logging_mixin.py:190} INFO - [2025-05-28T13:38:22.202+0000] {dagbag.py:588} INFO - Filling up the DagBag from /home/airflow/.local/lib/python3.12/site-packages/airflow/example_dags/example_kubernetes_executor.py
[2025-05-28T13:38:22.218+0000] {processor.py:925} INFO - DAG(s) 'example_kubernetes_executor' retrieved from /home/airflow/.local/lib/python3.12/site-packages/airflow/example_dags/example_kubernetes_executor.py
[2025-05-28T13:38:22.243+0000] {logging_mixin.py:190} INFO - [2025-05-28T13:38:22.243+0000] {dag.py:3239} INFO - Sync 1 DAGs
[2025-05-28T13:38:22.260+0000] {logging_mixin.py:190} INFO - [2025-05-28T13:38:22.259+0000] {dag.py:4180} INFO - Setting next_dagrun for example_kubernetes_executor to None, run_after=None
[2025-05-28T13:38:22.283+0000] {processor.py:208} INFO - Processing /home/airflow/.local/lib/python3.12/site-packages/airflow/example_dags/example_kubernetes_executor.py took 0.090 seconds
[2025-05-28T13:38:53.600+0000] {processor.py:186} INFO - Started process (PID=307) to work on /home/airflow/.local/lib/python3.12/site-packages/airflow/example_dags/example_kubernetes_executor.py
[2025-05-28T13:38:53.601+0000] {processor.py:914} INFO - Processing file /home/airflow/.local/lib/python3.12/site-packages/airflow/example_dags/example_kubernetes_executor.py for tasks to queue
[2025-05-28T13:38:53.604+0000] {logging_mixin.py:190} INFO - [2025-05-28T13:38:53.603+0000] {dagbag.py:588} INFO - Filling up the DagBag from /home/airflow/.local/lib/python3.12/site-packages/airflow/example_dags/example_kubernetes_executor.py
[2025-05-28T13:38:53.620+0000] {processor.py:925} INFO - DAG(s) 'example_kubernetes_executor' retrieved from /home/airflow/.local/lib/python3.12/site-packages/airflow/example_dags/example_kubernetes_executor.py
[2025-05-28T13:38:53.659+0000] {logging_mixin.py:190} INFO - [2025-05-28T13:38:53.658+0000] {dag.py:3239} INFO - Sync 1 DAGs
[2025-05-28T13:38:53.684+0000] {logging_mixin.py:190} INFO - [2025-05-28T13:38:53.683+0000] {dag.py:4180} INFO - Setting next_dagrun for example_kubernetes_executor to None, run_after=None
[2025-05-28T13:38:53.718+0000] {processor.py:208} INFO - Processing /home/airflow/.local/lib/python3.12/site-packages/airflow/example_dags/example_kubernetes_executor.py took 0.124 seconds
[2025-05-28T13:39:24.489+0000] {processor.py:186} INFO - Started process (PID=372) to work on /home/airflow/.local/lib/python3.12/site-packages/airflow/example_dags/example_kubernetes_executor.py
[2025-05-28T13:39:24.490+0000] {processor.py:914} INFO - Processing file /home/airflow/.local/lib/python3.12/site-packages/airflow/example_dags/example_kubernetes_executor.py for tasks to queue
[2025-05-28T13:39:24.492+0000] {logging_mixin.py:190} INFO - [2025-05-28T13:39:24.491+0000] {dagbag.py:588} INFO - Filling up the DagBag from /home/airflow/.local/lib/python3.12/site-packages/airflow/example_dags/example_kubernetes_executor.py
[2025-05-28T13:39:24.505+0000] {processor.py:925} INFO - DAG(s) 'example_kubernetes_executor' retrieved from /home/airflow/.local/lib/python3.12/site-packages/airflow/example_dags/example_kubernetes_executor.py
[2025-05-28T13:39:24.530+0000] {logging_mixin.py:190} INFO - [2025-05-28T13:39:24.529+0000] {dag.py:3239} INFO - Sync 1 DAGs
[2025-05-28T13:39:24.543+0000] {logging_mixin.py:190} INFO - [2025-05-28T13:39:24.542+0000] {dag.py:4180} INFO - Setting next_dagrun for example_kubernetes_executor to None, run_after=None
[2025-05-28T13:39:24.557+0000] {processor.py:208} INFO - Processing /home/airflow/.local/lib/python3.12/site-packages/airflow/example_dags/example_kubernetes_executor.py took 0.074 seconds
[2025-05-28T13:39:55.702+0000] {processor.py:186} INFO - Started process (PID=437) to work on /home/airflow/.local/lib/python3.12/site-packages/airflow/example_dags/example_kubernetes_executor.py
[2025-05-28T13:39:55.703+0000] {processor.py:914} INFO - Processing file /home/airflow/.local/lib/python3.12/site-packages/airflow/example_dags/example_kubernetes_executor.py for tasks to queue
[2025-05-28T13:39:55.705+0000] {logging_mixin.py:190} INFO - [2025-05-28T13:39:55.705+0000] {dagbag.py:588} INFO - Filling up the DagBag from /home/airflow/.local/lib/python3.12/site-packages/airflow/example_dags/example_kubernetes_executor.py
[2025-05-28T13:39:55.719+0000] {processor.py:925} INFO - DAG(s) 'example_kubernetes_executor' retrieved from /home/airflow/.local/lib/python3.12/site-packages/airflow/example_dags/example_kubernetes_executor.py
[2025-05-28T13:39:55.745+0000] {logging_mixin.py:190} INFO - [2025-05-28T13:39:55.744+0000] {dag.py:3239} INFO - Sync 1 DAGs
[2025-05-28T13:39:55.759+0000] {logging_mixin.py:190} INFO - [2025-05-28T13:39:55.759+0000] {dag.py:4180} INFO - Setting next_dagrun for example_kubernetes_executor to None, run_after=None
[2025-05-28T13:39:55.776+0000] {processor.py:208} INFO - Processing /home/airflow/.local/lib/python3.12/site-packages/airflow/example_dags/example_kubernetes_executor.py took 0.080 seconds
[2025-05-28T13:40:26.398+0000] {processor.py:186} INFO - Started process (PID=502) to work on /home/airflow/.local/lib/python3.12/site-packages/airflow/example_dags/example_kubernetes_executor.py
[2025-05-28T13:40:26.400+0000] {processor.py:914} INFO - Processing file /home/airflow/.local/lib/python3.12/site-packages/airflow/example_dags/example_kubernetes_executor.py for tasks to queue
[2025-05-28T13:40:26.402+0000] {logging_mixin.py:190} INFO - [2025-05-28T13:40:26.401+0000] {dagbag.py:588} INFO - Filling up the DagBag from /home/airflow/.local/lib/python3.12/site-packages/airflow/example_dags/example_kubernetes_executor.py
[2025-05-28T13:40:26.416+0000] {processor.py:925} INFO - DAG(s) 'example_kubernetes_executor' retrieved from /home/airflow/.local/lib/python3.12/site-packages/airflow/example_dags/example_kubernetes_executor.py
[2025-05-28T13:40:26.441+0000] {logging_mixin.py:190} INFO - [2025-05-28T13:40:26.441+0000] {dag.py:3239} INFO - Sync 1 DAGs
[2025-05-28T13:40:26.456+0000] {logging_mixin.py:190} INFO - [2025-05-28T13:40:26.456+0000] {dag.py:4180} INFO - Setting next_dagrun for example_kubernetes_executor to None, run_after=None
[2025-05-28T13:40:26.473+0000] {processor.py:208} INFO - Processing /home/airflow/.local/lib/python3.12/site-packages/airflow/example_dags/example_kubernetes_executor.py took 0.081 seconds
[2025-05-28T13:40:57.526+0000] {processor.py:186} INFO - Started process (PID=567) to work on /home/airflow/.local/lib/python3.12/site-packages/airflow/example_dags/example_kubernetes_executor.py
[2025-05-28T13:40:57.527+0000] {processor.py:914} INFO - Processing file /home/airflow/.local/lib/python3.12/site-packages/airflow/example_dags/example_kubernetes_executor.py for tasks to queue
[2025-05-28T13:40:57.529+0000] {logging_mixin.py:190} INFO - [2025-05-28T13:40:57.529+0000] {dagbag.py:588} INFO - Filling up the DagBag from /home/airflow/.local/lib/python3.12/site-packages/airflow/example_dags/example_kubernetes_executor.py
[2025-05-28T13:40:57.543+0000] {processor.py:925} INFO - DAG(s) 'example_kubernetes_executor' retrieved from /home/airflow/.local/lib/python3.12/site-packages/airflow/example_dags/example_kubernetes_executor.py
[2025-05-28T13:40:57.570+0000] {logging_mixin.py:190} INFO - [2025-05-28T13:40:57.569+0000] {dag.py:3239} INFO - Sync 1 DAGs
[2025-05-28T13:40:57.595+0000] {logging_mixin.py:190} INFO - [2025-05-28T13:40:57.595+0000] {dag.py:4180} INFO - Setting next_dagrun for example_kubernetes_executor to None, run_after=None
[2025-05-28T13:40:57.613+0000] {processor.py:208} INFO - Processing /home/airflow/.local/lib/python3.12/site-packages/airflow/example_dags/example_kubernetes_executor.py took 0.093 seconds
[2025-05-28T13:41:29.172+0000] {processor.py:186} INFO - Started process (PID=632) to work on /home/airflow/.local/lib/python3.12/site-packages/airflow/example_dags/example_kubernetes_executor.py
[2025-05-28T13:41:29.173+0000] {processor.py:914} INFO - Processing file /home/airflow/.local/lib/python3.12/site-packages/airflow/example_dags/example_kubernetes_executor.py for tasks to queue
[2025-05-28T13:41:29.175+0000] {logging_mixin.py:190} INFO - [2025-05-28T13:41:29.175+0000] {dagbag.py:588} INFO - Filling up the DagBag from /home/airflow/.local/lib/python3.12/site-packages/airflow/example_dags/example_kubernetes_executor.py
[2025-05-28T13:41:29.189+0000] {processor.py:925} INFO - DAG(s) 'example_kubernetes_executor' retrieved from /home/airflow/.local/lib/python3.12/site-packages/airflow/example_dags/example_kubernetes_executor.py
[2025-05-28T13:41:29.214+0000] {logging_mixin.py:190} INFO - [2025-05-28T13:41:29.213+0000] {dag.py:3239} INFO - Sync 1 DAGs
[2025-05-28T13:41:29.227+0000] {logging_mixin.py:190} INFO - [2025-05-28T13:41:29.227+0000] {dag.py:4180} INFO - Setting next_dagrun for example_kubernetes_executor to None, run_after=None
[2025-05-28T13:41:29.242+0000] {processor.py:208} INFO - Processing /home/airflow/.local/lib/python3.12/site-packages/airflow/example_dags/example_kubernetes_executor.py took 0.077 seconds
[2025-05-28T13:42:00.410+0000] {processor.py:186} INFO - Started process (PID=706) to work on /home/airflow/.local/lib/python3.12/site-packages/airflow/example_dags/example_kubernetes_executor.py
[2025-05-28T13:42:00.412+0000] {processor.py:914} INFO - Processing file /home/airflow/.local/lib/python3.12/site-packages/airflow/example_dags/example_kubernetes_executor.py for tasks to queue
[2025-05-28T13:42:00.414+0000] {logging_mixin.py:190} INFO - [2025-05-28T13:42:00.413+0000] {dagbag.py:588} INFO - Filling up the DagBag from /home/airflow/.local/lib/python3.12/site-packages/airflow/example_dags/example_kubernetes_executor.py
[2025-05-28T13:42:00.428+0000] {processor.py:925} INFO - DAG(s) 'example_kubernetes_executor' retrieved from /home/airflow/.local/lib/python3.12/site-packages/airflow/example_dags/example_kubernetes_executor.py
[2025-05-28T13:42:00.452+0000] {logging_mixin.py:190} INFO - [2025-05-28T13:42:00.452+0000] {dag.py:3239} INFO - Sync 1 DAGs
[2025-05-28T13:42:00.466+0000] {logging_mixin.py:190} INFO - [2025-05-28T13:42:00.465+0000] {dag.py:4180} INFO - Setting next_dagrun for example_kubernetes_executor to None, run_after=None
[2025-05-28T13:42:00.480+0000] {processor.py:208} INFO - Processing /home/airflow/.local/lib/python3.12/site-packages/airflow/example_dags/example_kubernetes_executor.py took 0.077 seconds
[2025-05-28T13:42:31.618+0000] {processor.py:186} INFO - Started process (PID=776) to work on /home/airflow/.local/lib/python3.12/site-packages/airflow/example_dags/example_kubernetes_executor.py
[2025-05-28T13:42:31.619+0000] {processor.py:914} INFO - Processing file /home/airflow/.local/lib/python3.12/site-packages/airflow/example_dags/example_kubernetes_executor.py for tasks to queue
[2025-05-28T13:42:31.621+0000] {logging_mixin.py:190} INFO - [2025-05-28T13:42:31.621+0000] {dagbag.py:588} INFO - Filling up the DagBag from /home/airflow/.local/lib/python3.12/site-packages/airflow/example_dags/example_kubernetes_executor.py
[2025-05-28T13:42:31.635+0000] {processor.py:925} INFO - DAG(s) 'example_kubernetes_executor' retrieved from /home/airflow/.local/lib/python3.12/site-packages/airflow/example_dags/example_kubernetes_executor.py
[2025-05-28T13:42:31.661+0000] {logging_mixin.py:190} INFO - [2025-05-28T13:42:31.660+0000] {dag.py:3239} INFO - Sync 1 DAGs
[2025-05-28T13:42:31.674+0000] {logging_mixin.py:190} INFO - [2025-05-28T13:42:31.674+0000] {dag.py:4180} INFO - Setting next_dagrun for example_kubernetes_executor to None, run_after=None
[2025-05-28T13:42:31.689+0000] {processor.py:208} INFO - Processing /home/airflow/.local/lib/python3.12/site-packages/airflow/example_dags/example_kubernetes_executor.py took 0.077 seconds
[2025-05-28T13:43:03.058+0000] {processor.py:186} INFO - Started process (PID=843) to work on /home/airflow/.local/lib/python3.12/site-packages/airflow/example_dags/example_kubernetes_executor.py
[2025-05-28T13:43:03.059+0000] {processor.py:914} INFO - Processing file /home/airflow/.local/lib/python3.12/site-packages/airflow/example_dags/example_kubernetes_executor.py for tasks to queue
[2025-05-28T13:43:03.061+0000] {logging_mixin.py:190} INFO - [2025-05-28T13:43:03.061+0000] {dagbag.py:588} INFO - Filling up the DagBag from /home/airflow/.local/lib/python3.12/site-packages/airflow/example_dags/example_kubernetes_executor.py
[2025-05-28T13:43:03.080+0000] {processor.py:925} INFO - DAG(s) 'example_kubernetes_executor' retrieved from /home/airflow/.local/lib/python3.12/site-packages/airflow/example_dags/example_kubernetes_executor.py
[2025-05-28T13:43:03.103+0000] {logging_mixin.py:190} INFO - [2025-05-28T13:43:03.103+0000] {dag.py:3239} INFO - Sync 1 DAGs
[2025-05-28T13:43:03.116+0000] {logging_mixin.py:190} INFO - [2025-05-28T13:43:03.116+0000] {dag.py:4180} INFO - Setting next_dagrun for example_kubernetes_executor to None, run_after=None
[2025-05-28T13:43:03.130+0000] {processor.py:208} INFO - Processing /home/airflow/.local/lib/python3.12/site-packages/airflow/example_dags/example_kubernetes_executor.py took 0.078 seconds
[2025-05-28T13:43:33.762+0000] {processor.py:186} INFO - Started process (PID=908) to work on /home/airflow/.local/lib/python3.12/site-packages/airflow/example_dags/example_kubernetes_executor.py
[2025-05-28T13:43:33.763+0000] {processor.py:914} INFO - Processing file /home/airflow/.local/lib/python3.12/site-packages/airflow/example_dags/example_kubernetes_executor.py for tasks to queue
[2025-05-28T13:43:33.764+0000] {logging_mixin.py:190} INFO - [2025-05-28T13:43:33.764+0000] {dagbag.py:588} INFO - Filling up the DagBag from /home/airflow/.local/lib/python3.12/site-packages/airflow/example_dags/example_kubernetes_executor.py
[2025-05-28T13:43:33.785+0000] {processor.py:925} INFO - DAG(s) 'example_kubernetes_executor' retrieved from /home/airflow/.local/lib/python3.12/site-packages/airflow/example_dags/example_kubernetes_executor.py
[2025-05-28T13:43:33.807+0000] {logging_mixin.py:190} INFO - [2025-05-28T13:43:33.807+0000] {dag.py:3239} INFO - Sync 1 DAGs
[2025-05-28T13:43:33.820+0000] {logging_mixin.py:190} INFO - [2025-05-28T13:43:33.820+0000] {dag.py:4180} INFO - Setting next_dagrun for example_kubernetes_executor to None, run_after=None
[2025-05-28T13:43:33.834+0000] {processor.py:208} INFO - Processing /home/airflow/.local/lib/python3.12/site-packages/airflow/example_dags/example_kubernetes_executor.py took 0.077 seconds
[2025-05-28T13:44:04.445+0000] {processor.py:186} INFO - Started process (PID=973) to work on /home/airflow/.local/lib/python3.12/site-packages/airflow/example_dags/example_kubernetes_executor.py
[2025-05-28T13:44:04.446+0000] {processor.py:914} INFO - Processing file /home/airflow/.local/lib/python3.12/site-packages/airflow/example_dags/example_kubernetes_executor.py for tasks to queue
[2025-05-28T13:44:04.447+0000] {logging_mixin.py:190} INFO - [2025-05-28T13:44:04.447+0000] {dagbag.py:588} INFO - Filling up the DagBag from /home/airflow/.local/lib/python3.12/site-packages/airflow/example_dags/example_kubernetes_executor.py
[2025-05-28T13:44:04.463+0000] {processor.py:925} INFO - DAG(s) 'example_kubernetes_executor' retrieved from /home/airflow/.local/lib/python3.12/site-packages/airflow/example_dags/example_kubernetes_executor.py
[2025-05-28T13:44:04.487+0000] {logging_mixin.py:190} INFO - [2025-05-28T13:44:04.486+0000] {dag.py:3239} INFO - Sync 1 DAGs
[2025-05-28T13:44:04.499+0000] {logging_mixin.py:190} INFO - [2025-05-28T13:44:04.499+0000] {dag.py:4180} INFO - Setting next_dagrun for example_kubernetes_executor to None, run_after=None
[2025-05-28T13:44:04.513+0000] {processor.py:208} INFO - Processing /home/airflow/.local/lib/python3.12/site-packages/airflow/example_dags/example_kubernetes_executor.py took 0.073 seconds
[2025-05-28T13:44:35.158+0000] {processor.py:186} INFO - Started process (PID=1038) to work on /home/airflow/.local/lib/python3.12/site-packages/airflow/example_dags/example_kubernetes_executor.py
[2025-05-28T13:44:35.159+0000] {processor.py:914} INFO - Processing file /home/airflow/.local/lib/python3.12/site-packages/airflow/example_dags/example_kubernetes_executor.py for tasks to queue
[2025-05-28T13:44:35.160+0000] {logging_mixin.py:190} INFO - [2025-05-28T13:44:35.160+0000] {dagbag.py:588} INFO - Filling up the DagBag from /home/airflow/.local/lib/python3.12/site-packages/airflow/example_dags/example_kubernetes_executor.py
[2025-05-28T13:44:35.173+0000] {processor.py:925} INFO - DAG(s) 'example_kubernetes_executor' retrieved from /home/airflow/.local/lib/python3.12/site-packages/airflow/example_dags/example_kubernetes_executor.py
[2025-05-28T13:44:35.195+0000] {logging_mixin.py:190} INFO - [2025-05-28T13:44:35.195+0000] {dag.py:3239} INFO - Sync 1 DAGs
[2025-05-28T13:44:35.208+0000] {logging_mixin.py:190} INFO - [2025-05-28T13:44:35.208+0000] {dag.py:4180} INFO - Setting next_dagrun for example_kubernetes_executor to None, run_after=None
[2025-05-28T13:44:35.224+0000] {processor.py:208} INFO - Processing /home/airflow/.local/lib/python3.12/site-packages/airflow/example_dags/example_kubernetes_executor.py took 0.072 seconds
[2025-05-28T13:45:06.668+0000] {processor.py:186} INFO - Started process (PID=1107) to work on /home/airflow/.local/lib/python3.12/site-packages/airflow/example_dags/example_kubernetes_executor.py
[2025-05-28T13:45:06.669+0000] {processor.py:914} INFO - Processing file /home/airflow/.local/lib/python3.12/site-packages/airflow/example_dags/example_kubernetes_executor.py for tasks to queue
[2025-05-28T13:45:06.671+0000] {logging_mixin.py:190} INFO - [2025-05-28T13:45:06.670+0000] {dagbag.py:588} INFO - Filling up the DagBag from /home/airflow/.local/lib/python3.12/site-packages/airflow/example_dags/example_kubernetes_executor.py
[2025-05-28T13:45:06.684+0000] {processor.py:925} INFO - DAG(s) 'example_kubernetes_executor' retrieved from /home/airflow/.local/lib/python3.12/site-packages/airflow/example_dags/example_kubernetes_executor.py
[2025-05-28T13:45:06.708+0000] {logging_mixin.py:190} INFO - [2025-05-28T13:45:06.707+0000] {dag.py:3239} INFO - Sync 1 DAGs
[2025-05-28T13:45:06.721+0000] {logging_mixin.py:190} INFO - [2025-05-28T13:45:06.721+0000] {dag.py:4180} INFO - Setting next_dagrun for example_kubernetes_executor to None, run_after=None
[2025-05-28T13:45:06.735+0000] {processor.py:208} INFO - Processing /home/airflow/.local/lib/python3.12/site-packages/airflow/example_dags/example_kubernetes_executor.py took 0.072 seconds
[2025-05-28T13:45:38.032+0000] {processor.py:186} INFO - Started process (PID=1173) to work on /home/airflow/.local/lib/python3.12/site-packages/airflow/example_dags/example_kubernetes_executor.py
[2025-05-28T13:45:38.033+0000] {processor.py:914} INFO - Processing file /home/airflow/.local/lib/python3.12/site-packages/airflow/example_dags/example_kubernetes_executor.py for tasks to queue
[2025-05-28T13:45:38.034+0000] {logging_mixin.py:190} INFO - [2025-05-28T13:45:38.034+0000] {dagbag.py:588} INFO - Filling up the DagBag from /home/airflow/.local/lib/python3.12/site-packages/airflow/example_dags/example_kubernetes_executor.py
[2025-05-28T13:45:38.049+0000] {processor.py:925} INFO - DAG(s) 'example_kubernetes_executor' retrieved from /home/airflow/.local/lib/python3.12/site-packages/airflow/example_dags/example_kubernetes_executor.py
[2025-05-28T13:45:38.078+0000] {logging_mixin.py:190} INFO - [2025-05-28T13:45:38.078+0000] {dag.py:3239} INFO - Sync 1 DAGs
[2025-05-28T13:45:38.094+0000] {logging_mixin.py:190} INFO - [2025-05-28T13:45:38.094+0000] {dag.py:4180} INFO - Setting next_dagrun for example_kubernetes_executor to None, run_after=None
[2025-05-28T13:45:38.110+0000] {processor.py:208} INFO - Processing /home/airflow/.local/lib/python3.12/site-packages/airflow/example_dags/example_kubernetes_executor.py took 0.085 seconds
[2025-05-28T13:46:09.439+0000] {processor.py:186} INFO - Started process (PID=1239) to work on /home/airflow/.local/lib/python3.12/site-packages/airflow/example_dags/example_kubernetes_executor.py
[2025-05-28T13:46:09.440+0000] {processor.py:914} INFO - Processing file /home/airflow/.local/lib/python3.12/site-packages/airflow/example_dags/example_kubernetes_executor.py for tasks to queue
[2025-05-28T13:46:09.441+0000] {logging_mixin.py:190} INFO - [2025-05-28T13:46:09.441+0000] {dagbag.py:588} INFO - Filling up the DagBag from /home/airflow/.local/lib/python3.12/site-packages/airflow/example_dags/example_kubernetes_executor.py
[2025-05-28T13:46:09.455+0000] {processor.py:925} INFO - DAG(s) 'example_kubernetes_executor' retrieved from /home/airflow/.local/lib/python3.12/site-packages/airflow/example_dags/example_kubernetes_executor.py
[2025-05-28T13:46:09.478+0000] {logging_mixin.py:190} INFO - [2025-05-28T13:46:09.478+0000] {dag.py:3239} INFO - Sync 1 DAGs
[2025-05-28T13:46:09.493+0000] {logging_mixin.py:190} INFO - [2025-05-28T13:46:09.493+0000] {dag.py:4180} INFO - Setting next_dagrun for example_kubernetes_executor to None, run_after=None
[2025-05-28T13:46:09.509+0000] {processor.py:208} INFO - Processing /home/airflow/.local/lib/python3.12/site-packages/airflow/example_dags/example_kubernetes_executor.py took 0.076 seconds
[2025-05-28T13:46:40.932+0000] {processor.py:186} INFO - Started process (PID=1312) to work on /home/airflow/.local/lib/python3.12/site-packages/airflow/example_dags/example_kubernetes_executor.py
[2025-05-28T13:46:40.933+0000] {processor.py:914} INFO - Processing file /home/airflow/.local/lib/python3.12/site-packages/airflow/example_dags/example_kubernetes_executor.py for tasks to queue
[2025-05-28T13:46:40.934+0000] {logging_mixin.py:190} INFO - [2025-05-28T13:46:40.933+0000] {dagbag.py:588} INFO - Filling up the DagBag from /home/airflow/.local/lib/python3.12/site-packages/airflow/example_dags/example_kubernetes_executor.py
[2025-05-28T13:46:40.948+0000] {processor.py:925} INFO - DAG(s) 'example_kubernetes_executor' retrieved from /home/airflow/.local/lib/python3.12/site-packages/airflow/example_dags/example_kubernetes_executor.py
[2025-05-28T13:46:40.970+0000] {logging_mixin.py:190} INFO - [2025-05-28T13:46:40.970+0000] {dag.py:3239} INFO - Sync 1 DAGs
[2025-05-28T13:46:40.985+0000] {logging_mixin.py:190} INFO - [2025-05-28T13:46:40.985+0000] {dag.py:4180} INFO - Setting next_dagrun for example_kubernetes_executor to None, run_after=None
[2025-05-28T13:46:40.999+0000] {processor.py:208} INFO - Processing /home/airflow/.local/lib/python3.12/site-packages/airflow/example_dags/example_kubernetes_executor.py took 0.074 seconds
[2025-05-28T13:47:12.571+0000] {processor.py:186} INFO - Started process (PID=1377) to work on /home/airflow/.local/lib/python3.12/site-packages/airflow/example_dags/example_kubernetes_executor.py
[2025-05-28T13:47:12.572+0000] {processor.py:914} INFO - Processing file /home/airflow/.local/lib/python3.12/site-packages/airflow/example_dags/example_kubernetes_executor.py for tasks to queue
[2025-05-28T13:47:12.573+0000] {logging_mixin.py:190} INFO - [2025-05-28T13:47:12.573+0000] {dagbag.py:588} INFO - Filling up the DagBag from /home/airflow/.local/lib/python3.12/site-packages/airflow/example_dags/example_kubernetes_executor.py
[2025-05-28T13:47:12.591+0000] {processor.py:925} INFO - DAG(s) 'example_kubernetes_executor' retrieved from /home/airflow/.local/lib/python3.12/site-packages/airflow/example_dags/example_kubernetes_executor.py
[2025-05-28T13:47:12.621+0000] {logging_mixin.py:190} INFO - [2025-05-28T13:47:12.621+0000] {dag.py:3239} INFO - Sync 1 DAGs
[2025-05-28T13:47:12.641+0000] {logging_mixin.py:190} INFO - [2025-05-28T13:47:12.640+0000] {dag.py:4180} INFO - Setting next_dagrun for example_kubernetes_executor to None, run_after=None
[2025-05-28T13:47:12.661+0000] {processor.py:208} INFO - Processing /home/airflow/.local/lib/python3.12/site-packages/airflow/example_dags/example_kubernetes_executor.py took 0.098 seconds
[2025-05-28T13:47:44.009+0000] {processor.py:186} INFO - Started process (PID=1442) to work on /home/airflow/.local/lib/python3.12/site-packages/airflow/example_dags/example_kubernetes_executor.py
[2025-05-28T13:47:44.010+0000] {processor.py:914} INFO - Processing file /home/airflow/.local/lib/python3.12/site-packages/airflow/example_dags/example_kubernetes_executor.py for tasks to queue
[2025-05-28T13:47:44.011+0000] {logging_mixin.py:190} INFO - [2025-05-28T13:47:44.011+0000] {dagbag.py:588} INFO - Filling up the DagBag from /home/airflow/.local/lib/python3.12/site-packages/airflow/example_dags/example_kubernetes_executor.py
[2025-05-28T13:47:44.025+0000] {processor.py:925} INFO - DAG(s) 'example_kubernetes_executor' retrieved from /home/airflow/.local/lib/python3.12/site-packages/airflow/example_dags/example_kubernetes_executor.py
[2025-05-28T13:47:44.050+0000] {logging_mixin.py:190} INFO - [2025-05-28T13:47:44.050+0000] {dag.py:3239} INFO - Sync 1 DAGs
[2025-05-28T13:47:44.065+0000] {logging_mixin.py:190} INFO - [2025-05-28T13:47:44.065+0000] {dag.py:4180} INFO - Setting next_dagrun for example_kubernetes_executor to None, run_after=None
[2025-05-28T13:47:44.079+0000] {processor.py:208} INFO - Processing /home/airflow/.local/lib/python3.12/site-packages/airflow/example_dags/example_kubernetes_executor.py took 0.076 seconds
[2025-05-28T13:48:15.215+0000] {processor.py:186} INFO - Started process (PID=1508) to work on /home/airflow/.local/lib/python3.12/site-packages/airflow/example_dags/example_kubernetes_executor.py
[2025-05-28T13:48:15.216+0000] {processor.py:914} INFO - Processing file /home/airflow/.local/lib/python3.12/site-packages/airflow/example_dags/example_kubernetes_executor.py for tasks to queue
[2025-05-28T13:48:15.217+0000] {logging_mixin.py:190} INFO - [2025-05-28T13:48:15.217+0000] {dagbag.py:588} INFO - Filling up the DagBag from /home/airflow/.local/lib/python3.12/site-packages/airflow/example_dags/example_kubernetes_executor.py
[2025-05-28T13:48:15.231+0000] {processor.py:925} INFO - DAG(s) 'example_kubernetes_executor' retrieved from /home/airflow/.local/lib/python3.12/site-packages/airflow/example_dags/example_kubernetes_executor.py
[2025-05-28T13:48:15.256+0000] {logging_mixin.py:190} INFO - [2025-05-28T13:48:15.255+0000] {dag.py:3239} INFO - Sync 1 DAGs
[2025-05-28T13:48:15.270+0000] {logging_mixin.py:190} INFO - [2025-05-28T13:48:15.269+0000] {dag.py:4180} INFO - Setting next_dagrun for example_kubernetes_executor to None, run_after=None
[2025-05-28T13:48:15.288+0000] {processor.py:208} INFO - Processing /home/airflow/.local/lib/python3.12/site-packages/airflow/example_dags/example_kubernetes_executor.py took 0.079 seconds
[2025-05-28T13:48:46.597+0000] {processor.py:186} INFO - Started process (PID=1574) to work on /home/airflow/.local/lib/python3.12/site-packages/airflow/example_dags/example_kubernetes_executor.py
[2025-05-28T13:48:46.598+0000] {processor.py:914} INFO - Processing file /home/airflow/.local/lib/python3.12/site-packages/airflow/example_dags/example_kubernetes_executor.py for tasks to queue
[2025-05-28T13:48:46.599+0000] {logging_mixin.py:190} INFO - [2025-05-28T13:48:46.599+0000] {dagbag.py:588} INFO - Filling up the DagBag from /home/airflow/.local/lib/python3.12/site-packages/airflow/example_dags/example_kubernetes_executor.py
[2025-05-28T13:48:46.616+0000] {processor.py:925} INFO - DAG(s) 'example_kubernetes_executor' retrieved from /home/airflow/.local/lib/python3.12/site-packages/airflow/example_dags/example_kubernetes_executor.py
[2025-05-28T13:48:46.642+0000] {logging_mixin.py:190} INFO - [2025-05-28T13:48:46.642+0000] {dag.py:3239} INFO - Sync 1 DAGs
[2025-05-28T13:48:46.657+0000] {logging_mixin.py:190} INFO - [2025-05-28T13:48:46.657+0000] {dag.py:4180} INFO - Setting next_dagrun for example_kubernetes_executor to None, run_after=None
[2025-05-28T13:48:46.674+0000] {processor.py:208} INFO - Processing /home/airflow/.local/lib/python3.12/site-packages/airflow/example_dags/example_kubernetes_executor.py took 0.086 seconds
[2025-05-28T13:49:17.854+0000] {processor.py:186} INFO - Started process (PID=1639) to work on /home/airflow/.local/lib/python3.12/site-packages/airflow/example_dags/example_kubernetes_executor.py
[2025-05-28T13:49:17.855+0000] {processor.py:914} INFO - Processing file /home/airflow/.local/lib/python3.12/site-packages/airflow/example_dags/example_kubernetes_executor.py for tasks to queue
[2025-05-28T13:49:17.857+0000] {logging_mixin.py:190} INFO - [2025-05-28T13:49:17.857+0000] {dagbag.py:588} INFO - Filling up the DagBag from /home/airflow/.local/lib/python3.12/site-packages/airflow/example_dags/example_kubernetes_executor.py
[2025-05-28T13:49:17.890+0000] {processor.py:925} INFO - DAG(s) 'example_kubernetes_executor' retrieved from /home/airflow/.local/lib/python3.12/site-packages/airflow/example_dags/example_kubernetes_executor.py
[2025-05-28T13:49:17.927+0000] {logging_mixin.py:190} INFO - [2025-05-28T13:49:17.927+0000] {dag.py:3239} INFO - Sync 1 DAGs
[2025-05-28T13:49:17.946+0000] {logging_mixin.py:190} INFO - [2025-05-28T13:49:17.945+0000] {dag.py:4180} INFO - Setting next_dagrun for example_kubernetes_executor to None, run_after=None
[2025-05-28T13:49:17.965+0000] {processor.py:208} INFO - Processing /home/airflow/.local/lib/python3.12/site-packages/airflow/example_dags/example_kubernetes_executor.py took 0.120 seconds
[2025-05-28T13:49:48.697+0000] {processor.py:186} INFO - Started process (PID=1707) to work on /home/airflow/.local/lib/python3.12/site-packages/airflow/example_dags/example_kubernetes_executor.py
[2025-05-28T13:49:48.699+0000] {processor.py:914} INFO - Processing file /home/airflow/.local/lib/python3.12/site-packages/airflow/example_dags/example_kubernetes_executor.py for tasks to queue
[2025-05-28T13:49:48.700+0000] {logging_mixin.py:190} INFO - [2025-05-28T13:49:48.700+0000] {dagbag.py:588} INFO - Filling up the DagBag from /home/airflow/.local/lib/python3.12/site-packages/airflow/example_dags/example_kubernetes_executor.py
[2025-05-28T13:49:48.721+0000] {processor.py:925} INFO - DAG(s) 'example_kubernetes_executor' retrieved from /home/airflow/.local/lib/python3.12/site-packages/airflow/example_dags/example_kubernetes_executor.py
[2025-05-28T13:49:48.752+0000] {logging_mixin.py:190} INFO - [2025-05-28T13:49:48.752+0000] {dag.py:3239} INFO - Sync 1 DAGs
[2025-05-28T13:49:48.782+0000] {logging_mixin.py:190} INFO - [2025-05-28T13:49:48.782+0000] {dag.py:4180} INFO - Setting next_dagrun for example_kubernetes_executor to None, run_after=None
[2025-05-28T13:49:48.801+0000] {processor.py:208} INFO - Processing /home/airflow/.local/lib/python3.12/site-packages/airflow/example_dags/example_kubernetes_executor.py took 0.111 seconds
[2025-05-28T13:50:20.120+0000] {processor.py:186} INFO - Started process (PID=1778) to work on /home/airflow/.local/lib/python3.12/site-packages/airflow/example_dags/example_kubernetes_executor.py
[2025-05-28T13:50:20.121+0000] {processor.py:914} INFO - Processing file /home/airflow/.local/lib/python3.12/site-packages/airflow/example_dags/example_kubernetes_executor.py for tasks to queue
[2025-05-28T13:50:20.122+0000] {logging_mixin.py:190} INFO - [2025-05-28T13:50:20.121+0000] {dagbag.py:588} INFO - Filling up the DagBag from /home/airflow/.local/lib/python3.12/site-packages/airflow/example_dags/example_kubernetes_executor.py
[2025-05-28T13:50:20.135+0000] {processor.py:925} INFO - DAG(s) 'example_kubernetes_executor' retrieved from /home/airflow/.local/lib/python3.12/site-packages/airflow/example_dags/example_kubernetes_executor.py
[2025-05-28T13:50:20.163+0000] {logging_mixin.py:190} INFO - [2025-05-28T13:50:20.162+0000] {dag.py:3239} INFO - Sync 1 DAGs
[2025-05-28T13:50:20.177+0000] {logging_mixin.py:190} INFO - [2025-05-28T13:50:20.177+0000] {dag.py:4180} INFO - Setting next_dagrun for example_kubernetes_executor to None, run_after=None
[2025-05-28T13:50:20.192+0000] {processor.py:208} INFO - Processing /home/airflow/.local/lib/python3.12/site-packages/airflow/example_dags/example_kubernetes_executor.py took 0.078 seconds
[2025-05-28T13:50:51.664+0000] {processor.py:186} INFO - Started process (PID=1843) to work on /home/airflow/.local/lib/python3.12/site-packages/airflow/example_dags/example_kubernetes_executor.py
[2025-05-28T13:50:51.665+0000] {processor.py:914} INFO - Processing file /home/airflow/.local/lib/python3.12/site-packages/airflow/example_dags/example_kubernetes_executor.py for tasks to queue
[2025-05-28T13:50:51.675+0000] {logging_mixin.py:190} INFO - [2025-05-28T13:50:51.666+0000] {dagbag.py:588} INFO - Filling up the DagBag from /home/airflow/.local/lib/python3.12/site-packages/airflow/example_dags/example_kubernetes_executor.py
[2025-05-28T13:50:51.689+0000] {processor.py:925} INFO - DAG(s) 'example_kubernetes_executor' retrieved from /home/airflow/.local/lib/python3.12/site-packages/airflow/example_dags/example_kubernetes_executor.py
[2025-05-28T13:50:51.711+0000] {logging_mixin.py:190} INFO - [2025-05-28T13:50:51.711+0000] {dag.py:3239} INFO - Sync 1 DAGs
[2025-05-28T13:50:51.724+0000] {logging_mixin.py:190} INFO - [2025-05-28T13:50:51.724+0000] {dag.py:4180} INFO - Setting next_dagrun for example_kubernetes_executor to None, run_after=None
[2025-05-28T13:50:51.739+0000] {processor.py:208} INFO - Processing /home/airflow/.local/lib/python3.12/site-packages/airflow/example_dags/example_kubernetes_executor.py took 0.080 seconds
[2025-05-28T13:51:22.818+0000] {processor.py:186} INFO - Started process (PID=1913) to work on /home/airflow/.local/lib/python3.12/site-packages/airflow/example_dags/example_kubernetes_executor.py
[2025-05-28T13:51:22.819+0000] {processor.py:914} INFO - Processing file /home/airflow/.local/lib/python3.12/site-packages/airflow/example_dags/example_kubernetes_executor.py for tasks to queue
[2025-05-28T13:51:22.820+0000] {logging_mixin.py:190} INFO - [2025-05-28T13:51:22.820+0000] {dagbag.py:588} INFO - Filling up the DagBag from /home/airflow/.local/lib/python3.12/site-packages/airflow/example_dags/example_kubernetes_executor.py
[2025-05-28T13:51:22.837+0000] {processor.py:925} INFO - DAG(s) 'example_kubernetes_executor' retrieved from /home/airflow/.local/lib/python3.12/site-packages/airflow/example_dags/example_kubernetes_executor.py
[2025-05-28T13:51:22.903+0000] {logging_mixin.py:190} INFO - [2025-05-28T13:51:22.902+0000] {dag.py:3239} INFO - Sync 1 DAGs
[2025-05-28T13:51:22.921+0000] {logging_mixin.py:190} INFO - [2025-05-28T13:51:22.921+0000] {dag.py:4180} INFO - Setting next_dagrun for example_kubernetes_executor to None, run_after=None
[2025-05-28T13:51:22.987+0000] {processor.py:208} INFO - Processing /home/airflow/.local/lib/python3.12/site-packages/airflow/example_dags/example_kubernetes_executor.py took 0.177 seconds
[2025-05-28T13:51:53.938+0000] {processor.py:186} INFO - Started process (PID=1982) to work on /home/airflow/.local/lib/python3.12/site-packages/airflow/example_dags/example_kubernetes_executor.py
[2025-05-28T13:51:53.939+0000] {processor.py:914} INFO - Processing file /home/airflow/.local/lib/python3.12/site-packages/airflow/example_dags/example_kubernetes_executor.py for tasks to queue
[2025-05-28T13:51:53.941+0000] {logging_mixin.py:190} INFO - [2025-05-28T13:51:53.940+0000] {dagbag.py:588} INFO - Filling up the DagBag from /home/airflow/.local/lib/python3.12/site-packages/airflow/example_dags/example_kubernetes_executor.py
[2025-05-28T13:51:53.956+0000] {processor.py:925} INFO - DAG(s) 'example_kubernetes_executor' retrieved from /home/airflow/.local/lib/python3.12/site-packages/airflow/example_dags/example_kubernetes_executor.py
[2025-05-28T13:51:53.980+0000] {logging_mixin.py:190} INFO - [2025-05-28T13:51:53.980+0000] {dag.py:3239} INFO - Sync 1 DAGs
[2025-05-28T13:51:53.995+0000] {logging_mixin.py:190} INFO - [2025-05-28T13:51:53.995+0000] {dag.py:4180} INFO - Setting next_dagrun for example_kubernetes_executor to None, run_after=None
[2025-05-28T13:51:54.013+0000] {processor.py:208} INFO - Processing /home/airflow/.local/lib/python3.12/site-packages/airflow/example_dags/example_kubernetes_executor.py took 0.081 seconds
[2025-05-28T13:52:24.807+0000] {processor.py:186} INFO - Started process (PID=2047) to work on /home/airflow/.local/lib/python3.12/site-packages/airflow/example_dags/example_kubernetes_executor.py
[2025-05-28T13:52:24.808+0000] {processor.py:914} INFO - Processing file /home/airflow/.local/lib/python3.12/site-packages/airflow/example_dags/example_kubernetes_executor.py for tasks to queue
[2025-05-28T13:52:24.810+0000] {logging_mixin.py:190} INFO - [2025-05-28T13:52:24.809+0000] {dagbag.py:588} INFO - Filling up the DagBag from /home/airflow/.local/lib/python3.12/site-packages/airflow/example_dags/example_kubernetes_executor.py
[2025-05-28T13:52:24.826+0000] {processor.py:925} INFO - DAG(s) 'example_kubernetes_executor' retrieved from /home/airflow/.local/lib/python3.12/site-packages/airflow/example_dags/example_kubernetes_executor.py
[2025-05-28T13:52:24.856+0000] {logging_mixin.py:190} INFO - [2025-05-28T13:52:24.856+0000] {dag.py:3239} INFO - Sync 1 DAGs
[2025-05-28T13:52:24.875+0000] {logging_mixin.py:190} INFO - [2025-05-28T13:52:24.875+0000] {dag.py:4180} INFO - Setting next_dagrun for example_kubernetes_executor to None, run_after=None
[2025-05-28T13:52:24.897+0000] {processor.py:208} INFO - Processing /home/airflow/.local/lib/python3.12/site-packages/airflow/example_dags/example_kubernetes_executor.py took 0.098 seconds
[2025-05-28T13:52:56.493+0000] {processor.py:186} INFO - Started process (PID=2112) to work on /home/airflow/.local/lib/python3.12/site-packages/airflow/example_dags/example_kubernetes_executor.py
[2025-05-28T13:52:56.494+0000] {processor.py:914} INFO - Processing file /home/airflow/.local/lib/python3.12/site-packages/airflow/example_dags/example_kubernetes_executor.py for tasks to queue
[2025-05-28T13:52:56.495+0000] {logging_mixin.py:190} INFO - [2025-05-28T13:52:56.495+0000] {dagbag.py:588} INFO - Filling up the DagBag from /home/airflow/.local/lib/python3.12/site-packages/airflow/example_dags/example_kubernetes_executor.py
[2025-05-28T13:52:56.511+0000] {processor.py:925} INFO - DAG(s) 'example_kubernetes_executor' retrieved from /home/airflow/.local/lib/python3.12/site-packages/airflow/example_dags/example_kubernetes_executor.py
[2025-05-28T13:52:56.543+0000] {logging_mixin.py:190} INFO - [2025-05-28T13:52:56.542+0000] {dag.py:3239} INFO - Sync 1 DAGs
[2025-05-28T13:52:56.558+0000] {logging_mixin.py:190} INFO - [2025-05-28T13:52:56.557+0000] {dag.py:4180} INFO - Setting next_dagrun for example_kubernetes_executor to None, run_after=None
[2025-05-28T13:52:56.574+0000] {processor.py:208} INFO - Processing /home/airflow/.local/lib/python3.12/site-packages/airflow/example_dags/example_kubernetes_executor.py took 0.088 seconds
[2025-05-28T13:53:27.259+0000] {processor.py:186} INFO - Started process (PID=2177) to work on /home/airflow/.local/lib/python3.12/site-packages/airflow/example_dags/example_kubernetes_executor.py
[2025-05-28T13:53:27.260+0000] {processor.py:914} INFO - Processing file /home/airflow/.local/lib/python3.12/site-packages/airflow/example_dags/example_kubernetes_executor.py for tasks to queue
[2025-05-28T13:53:27.261+0000] {logging_mixin.py:190} INFO - [2025-05-28T13:53:27.261+0000] {dagbag.py:588} INFO - Filling up the DagBag from /home/airflow/.local/lib/python3.12/site-packages/airflow/example_dags/example_kubernetes_executor.py
[2025-05-28T13:53:27.275+0000] {processor.py:925} INFO - DAG(s) 'example_kubernetes_executor' retrieved from /home/airflow/.local/lib/python3.12/site-packages/airflow/example_dags/example_kubernetes_executor.py
[2025-05-28T13:53:27.303+0000] {logging_mixin.py:190} INFO - [2025-05-28T13:53:27.303+0000] {dag.py:3239} INFO - Sync 1 DAGs
[2025-05-28T13:53:27.320+0000] {logging_mixin.py:190} INFO - [2025-05-28T13:53:27.319+0000] {dag.py:4180} INFO - Setting next_dagrun for example_kubernetes_executor to None, run_after=None
[2025-05-28T13:53:27.339+0000] {processor.py:208} INFO - Processing /home/airflow/.local/lib/python3.12/site-packages/airflow/example_dags/example_kubernetes_executor.py took 0.087 seconds
[2025-05-28T13:53:57.398+0000] {processor.py:186} INFO - Started process (PID=2241) to work on /home/airflow/.local/lib/python3.12/site-packages/airflow/example_dags/example_kubernetes_executor.py
[2025-05-28T13:53:57.400+0000] {processor.py:914} INFO - Processing file /home/airflow/.local/lib/python3.12/site-packages/airflow/example_dags/example_kubernetes_executor.py for tasks to queue
[2025-05-28T13:53:57.401+0000] {logging_mixin.py:190} INFO - [2025-05-28T13:53:57.401+0000] {dagbag.py:588} INFO - Filling up the DagBag from /home/airflow/.local/lib/python3.12/site-packages/airflow/example_dags/example_kubernetes_executor.py
[2025-05-28T13:53:57.422+0000] {processor.py:925} INFO - DAG(s) 'example_kubernetes_executor' retrieved from /home/airflow/.local/lib/python3.12/site-packages/airflow/example_dags/example_kubernetes_executor.py
[2025-05-28T13:53:57.458+0000] {logging_mixin.py:190} INFO - [2025-05-28T13:53:57.458+0000] {dag.py:3239} INFO - Sync 1 DAGs
[2025-05-28T13:53:57.477+0000] {logging_mixin.py:190} INFO - [2025-05-28T13:53:57.477+0000] {dag.py:4180} INFO - Setting next_dagrun for example_kubernetes_executor to None, run_after=None
[2025-05-28T13:53:57.504+0000] {processor.py:208} INFO - Processing /home/airflow/.local/lib/python3.12/site-packages/airflow/example_dags/example_kubernetes_executor.py took 0.115 seconds
[2025-05-28T13:54:29.468+0000] {processor.py:186} INFO - Started process (PID=2307) to work on /home/airflow/.local/lib/python3.12/site-packages/airflow/example_dags/example_kubernetes_executor.py
[2025-05-28T13:54:29.470+0000] {processor.py:914} INFO - Processing file /home/airflow/.local/lib/python3.12/site-packages/airflow/example_dags/example_kubernetes_executor.py for tasks to queue
[2025-05-28T13:54:29.471+0000] {logging_mixin.py:190} INFO - [2025-05-28T13:54:29.471+0000] {dagbag.py:588} INFO - Filling up the DagBag from /home/airflow/.local/lib/python3.12/site-packages/airflow/example_dags/example_kubernetes_executor.py
[2025-05-28T13:54:29.488+0000] {processor.py:925} INFO - DAG(s) 'example_kubernetes_executor' retrieved from /home/airflow/.local/lib/python3.12/site-packages/airflow/example_dags/example_kubernetes_executor.py
[2025-05-28T13:54:29.515+0000] {logging_mixin.py:190} INFO - [2025-05-28T13:54:29.514+0000] {dag.py:3239} INFO - Sync 1 DAGs
[2025-05-28T13:54:29.532+0000] {logging_mixin.py:190} INFO - [2025-05-28T13:54:29.532+0000] {dag.py:4180} INFO - Setting next_dagrun for example_kubernetes_executor to None, run_after=None
[2025-05-28T13:54:29.549+0000] {processor.py:208} INFO - Processing /home/airflow/.local/lib/python3.12/site-packages/airflow/example_dags/example_kubernetes_executor.py took 0.087 seconds
[2025-05-28T13:55:01.103+0000] {processor.py:186} INFO - Started process (PID=2372) to work on /home/airflow/.local/lib/python3.12/site-packages/airflow/example_dags/example_kubernetes_executor.py
[2025-05-28T13:55:01.104+0000] {processor.py:914} INFO - Processing file /home/airflow/.local/lib/python3.12/site-packages/airflow/example_dags/example_kubernetes_executor.py for tasks to queue
[2025-05-28T13:55:01.106+0000] {logging_mixin.py:190} INFO - [2025-05-28T13:55:01.105+0000] {dagbag.py:588} INFO - Filling up the DagBag from /home/airflow/.local/lib/python3.12/site-packages/airflow/example_dags/example_kubernetes_executor.py
[2025-05-28T13:55:01.121+0000] {processor.py:925} INFO - DAG(s) 'example_kubernetes_executor' retrieved from /home/airflow/.local/lib/python3.12/site-packages/airflow/example_dags/example_kubernetes_executor.py
[2025-05-28T13:55:01.152+0000] {logging_mixin.py:190} INFO - [2025-05-28T13:55:01.152+0000] {dag.py:3239} INFO - Sync 1 DAGs
[2025-05-28T13:55:01.184+0000] {logging_mixin.py:190} INFO - [2025-05-28T13:55:01.183+0000] {dag.py:4180} INFO - Setting next_dagrun for example_kubernetes_executor to None, run_after=None
[2025-05-28T13:55:01.204+0000] {processor.py:208} INFO - Processing /home/airflow/.local/lib/python3.12/site-packages/airflow/example_dags/example_kubernetes_executor.py took 0.108 seconds
[2025-05-28T13:55:32.316+0000] {processor.py:186} INFO - Started process (PID=2437) to work on /home/airflow/.local/lib/python3.12/site-packages/airflow/example_dags/example_kubernetes_executor.py
[2025-05-28T13:55:32.317+0000] {processor.py:914} INFO - Processing file /home/airflow/.local/lib/python3.12/site-packages/airflow/example_dags/example_kubernetes_executor.py for tasks to queue
[2025-05-28T13:55:32.319+0000] {logging_mixin.py:190} INFO - [2025-05-28T13:55:32.318+0000] {dagbag.py:588} INFO - Filling up the DagBag from /home/airflow/.local/lib/python3.12/site-packages/airflow/example_dags/example_kubernetes_executor.py
[2025-05-28T13:55:32.334+0000] {processor.py:925} INFO - DAG(s) 'example_kubernetes_executor' retrieved from /home/airflow/.local/lib/python3.12/site-packages/airflow/example_dags/example_kubernetes_executor.py
[2025-05-28T13:55:32.362+0000] {logging_mixin.py:190} INFO - [2025-05-28T13:55:32.362+0000] {dag.py:3239} INFO - Sync 1 DAGs
[2025-05-28T13:55:32.377+0000] {logging_mixin.py:190} INFO - [2025-05-28T13:55:32.377+0000] {dag.py:4180} INFO - Setting next_dagrun for example_kubernetes_executor to None, run_after=None
[2025-05-28T13:55:32.395+0000] {processor.py:208} INFO - Processing /home/airflow/.local/lib/python3.12/site-packages/airflow/example_dags/example_kubernetes_executor.py took 0.085 seconds
[2025-05-28T13:56:05.029+0000] {processor.py:186} INFO - Started process (PID=2502) to work on /home/airflow/.local/lib/python3.12/site-packages/airflow/example_dags/example_kubernetes_executor.py
[2025-05-28T13:56:05.030+0000] {processor.py:914} INFO - Processing file /home/airflow/.local/lib/python3.12/site-packages/airflow/example_dags/example_kubernetes_executor.py for tasks to queue
[2025-05-28T13:56:05.032+0000] {logging_mixin.py:190} INFO - [2025-05-28T13:56:05.031+0000] {dagbag.py:588} INFO - Filling up the DagBag from /home/airflow/.local/lib/python3.12/site-packages/airflow/example_dags/example_kubernetes_executor.py
[2025-05-28T13:56:05.083+0000] {processor.py:925} INFO - DAG(s) 'example_kubernetes_executor' retrieved from /home/airflow/.local/lib/python3.12/site-packages/airflow/example_dags/example_kubernetes_executor.py
[2025-05-28T13:56:05.119+0000] {logging_mixin.py:190} INFO - [2025-05-28T13:56:05.119+0000] {dag.py:3239} INFO - Sync 1 DAGs
[2025-05-28T13:56:05.137+0000] {logging_mixin.py:190} INFO - [2025-05-28T13:56:05.137+0000] {dag.py:4180} INFO - Setting next_dagrun for example_kubernetes_executor to None, run_after=None
[2025-05-28T13:56:05.191+0000] {processor.py:208} INFO - Processing /home/airflow/.local/lib/python3.12/site-packages/airflow/example_dags/example_kubernetes_executor.py took 0.170 seconds
[2025-05-28T13:56:36.567+0000] {processor.py:186} INFO - Started process (PID=2567) to work on /home/airflow/.local/lib/python3.12/site-packages/airflow/example_dags/example_kubernetes_executor.py
[2025-05-28T13:56:36.568+0000] {processor.py:914} INFO - Processing file /home/airflow/.local/lib/python3.12/site-packages/airflow/example_dags/example_kubernetes_executor.py for tasks to queue
[2025-05-28T13:56:36.569+0000] {logging_mixin.py:190} INFO - [2025-05-28T13:56:36.568+0000] {dagbag.py:588} INFO - Filling up the DagBag from /home/airflow/.local/lib/python3.12/site-packages/airflow/example_dags/example_kubernetes_executor.py
[2025-05-28T13:56:36.588+0000] {processor.py:925} INFO - DAG(s) 'example_kubernetes_executor' retrieved from /home/airflow/.local/lib/python3.12/site-packages/airflow/example_dags/example_kubernetes_executor.py
[2025-05-28T13:56:36.613+0000] {logging_mixin.py:190} INFO - [2025-05-28T13:56:36.613+0000] {dag.py:3239} INFO - Sync 1 DAGs
[2025-05-28T13:56:36.631+0000] {logging_mixin.py:190} INFO - [2025-05-28T13:56:36.631+0000] {dag.py:4180} INFO - Setting next_dagrun for example_kubernetes_executor to None, run_after=None
[2025-05-28T13:56:36.653+0000] {processor.py:208} INFO - Processing /home/airflow/.local/lib/python3.12/site-packages/airflow/example_dags/example_kubernetes_executor.py took 0.093 seconds
[2025-05-28T13:57:07.789+0000] {processor.py:186} INFO - Started process (PID=2632) to work on /home/airflow/.local/lib/python3.12/site-packages/airflow/example_dags/example_kubernetes_executor.py
[2025-05-28T13:57:07.790+0000] {processor.py:914} INFO - Processing file /home/airflow/.local/lib/python3.12/site-packages/airflow/example_dags/example_kubernetes_executor.py for tasks to queue
[2025-05-28T13:57:07.792+0000] {logging_mixin.py:190} INFO - [2025-05-28T13:57:07.791+0000] {dagbag.py:588} INFO - Filling up the DagBag from /home/airflow/.local/lib/python3.12/site-packages/airflow/example_dags/example_kubernetes_executor.py
[2025-05-28T13:57:07.807+0000] {processor.py:925} INFO - DAG(s) 'example_kubernetes_executor' retrieved from /home/airflow/.local/lib/python3.12/site-packages/airflow/example_dags/example_kubernetes_executor.py
[2025-05-28T13:57:07.832+0000] {logging_mixin.py:190} INFO - [2025-05-28T13:57:07.831+0000] {dag.py:3239} INFO - Sync 1 DAGs
[2025-05-28T13:57:07.846+0000] {logging_mixin.py:190} INFO - [2025-05-28T13:57:07.846+0000] {dag.py:4180} INFO - Setting next_dagrun for example_kubernetes_executor to None, run_after=None
[2025-05-28T13:57:07.867+0000] {processor.py:208} INFO - Processing /home/airflow/.local/lib/python3.12/site-packages/airflow/example_dags/example_kubernetes_executor.py took 0.085 seconds
[2025-05-28T13:57:39.456+0000] {processor.py:186} INFO - Started process (PID=2697) to work on /home/airflow/.local/lib/python3.12/site-packages/airflow/example_dags/example_kubernetes_executor.py
[2025-05-28T13:57:39.458+0000] {processor.py:914} INFO - Processing file /home/airflow/.local/lib/python3.12/site-packages/airflow/example_dags/example_kubernetes_executor.py for tasks to queue
[2025-05-28T13:57:39.459+0000] {logging_mixin.py:190} INFO - [2025-05-28T13:57:39.458+0000] {dagbag.py:588} INFO - Filling up the DagBag from /home/airflow/.local/lib/python3.12/site-packages/airflow/example_dags/example_kubernetes_executor.py
[2025-05-28T13:57:39.474+0000] {processor.py:925} INFO - DAG(s) 'example_kubernetes_executor' retrieved from /home/airflow/.local/lib/python3.12/site-packages/airflow/example_dags/example_kubernetes_executor.py
[2025-05-28T13:57:39.501+0000] {logging_mixin.py:190} INFO - [2025-05-28T13:57:39.501+0000] {dag.py:3239} INFO - Sync 1 DAGs
[2025-05-28T13:57:39.518+0000] {logging_mixin.py:190} INFO - [2025-05-28T13:57:39.518+0000] {dag.py:4180} INFO - Setting next_dagrun for example_kubernetes_executor to None, run_after=None
[2025-05-28T13:57:39.536+0000] {processor.py:208} INFO - Processing /home/airflow/.local/lib/python3.12/site-packages/airflow/example_dags/example_kubernetes_executor.py took 0.087 seconds
[2025-05-28T13:58:10.742+0000] {processor.py:186} INFO - Started process (PID=2762) to work on /home/airflow/.local/lib/python3.12/site-packages/airflow/example_dags/example_kubernetes_executor.py
[2025-05-28T13:58:10.743+0000] {processor.py:914} INFO - Processing file /home/airflow/.local/lib/python3.12/site-packages/airflow/example_dags/example_kubernetes_executor.py for tasks to queue
[2025-05-28T13:58:10.745+0000] {logging_mixin.py:190} INFO - [2025-05-28T13:58:10.745+0000] {dagbag.py:588} INFO - Filling up the DagBag from /home/airflow/.local/lib/python3.12/site-packages/airflow/example_dags/example_kubernetes_executor.py
[2025-05-28T13:58:10.765+0000] {processor.py:925} INFO - DAG(s) 'example_kubernetes_executor' retrieved from /home/airflow/.local/lib/python3.12/site-packages/airflow/example_dags/example_kubernetes_executor.py
[2025-05-28T13:58:10.792+0000] {logging_mixin.py:190} INFO - [2025-05-28T13:58:10.791+0000] {dag.py:3239} INFO - Sync 1 DAGs
[2025-05-28T13:58:10.810+0000] {logging_mixin.py:190} INFO - [2025-05-28T13:58:10.810+0000] {dag.py:4180} INFO - Setting next_dagrun for example_kubernetes_executor to None, run_after=None
[2025-05-28T13:58:10.830+0000] {processor.py:208} INFO - Processing /home/airflow/.local/lib/python3.12/site-packages/airflow/example_dags/example_kubernetes_executor.py took 0.096 seconds
[2025-05-28T13:58:42.284+0000] {processor.py:186} INFO - Started process (PID=2829) to work on /home/airflow/.local/lib/python3.12/site-packages/airflow/example_dags/example_kubernetes_executor.py
[2025-05-28T13:58:42.285+0000] {processor.py:914} INFO - Processing file /home/airflow/.local/lib/python3.12/site-packages/airflow/example_dags/example_kubernetes_executor.py for tasks to queue
[2025-05-28T13:58:42.286+0000] {logging_mixin.py:190} INFO - [2025-05-28T13:58:42.286+0000] {dagbag.py:588} INFO - Filling up the DagBag from /home/airflow/.local/lib/python3.12/site-packages/airflow/example_dags/example_kubernetes_executor.py
[2025-05-28T13:58:42.303+0000] {processor.py:925} INFO - DAG(s) 'example_kubernetes_executor' retrieved from /home/airflow/.local/lib/python3.12/site-packages/airflow/example_dags/example_kubernetes_executor.py
[2025-05-28T13:58:42.330+0000] {logging_mixin.py:190} INFO - [2025-05-28T13:58:42.330+0000] {dag.py:3239} INFO - Sync 1 DAGs
[2025-05-28T13:58:42.346+0000] {logging_mixin.py:190} INFO - [2025-05-28T13:58:42.346+0000] {dag.py:4180} INFO - Setting next_dagrun for example_kubernetes_executor to None, run_after=None
[2025-05-28T13:58:42.363+0000] {processor.py:208} INFO - Processing /home/airflow/.local/lib/python3.12/site-packages/airflow/example_dags/example_kubernetes_executor.py took 0.087 seconds
[2025-05-28T13:59:14.413+0000] {processor.py:186} INFO - Started process (PID=2896) to work on /home/airflow/.local/lib/python3.12/site-packages/airflow/example_dags/example_kubernetes_executor.py
[2025-05-28T13:59:14.414+0000] {processor.py:914} INFO - Processing file /home/airflow/.local/lib/python3.12/site-packages/airflow/example_dags/example_kubernetes_executor.py for tasks to queue
[2025-05-28T13:59:14.416+0000] {logging_mixin.py:190} INFO - [2025-05-28T13:59:14.416+0000] {dagbag.py:588} INFO - Filling up the DagBag from /home/airflow/.local/lib/python3.12/site-packages/airflow/example_dags/example_kubernetes_executor.py
[2025-05-28T13:59:14.434+0000] {processor.py:925} INFO - DAG(s) 'example_kubernetes_executor' retrieved from /home/airflow/.local/lib/python3.12/site-packages/airflow/example_dags/example_kubernetes_executor.py
[2025-05-28T13:59:14.469+0000] {logging_mixin.py:190} INFO - [2025-05-28T13:59:14.468+0000] {dag.py:3239} INFO - Sync 1 DAGs
[2025-05-28T13:59:14.495+0000] {logging_mixin.py:190} INFO - [2025-05-28T13:59:14.495+0000] {dag.py:4180} INFO - Setting next_dagrun for example_kubernetes_executor to None, run_after=None
[2025-05-28T13:59:14.525+0000] {processor.py:208} INFO - Processing /home/airflow/.local/lib/python3.12/site-packages/airflow/example_dags/example_kubernetes_executor.py took 0.119 seconds
[2025-05-28T13:59:46.265+0000] {processor.py:186} INFO - Started process (PID=2961) to work on /home/airflow/.local/lib/python3.12/site-packages/airflow/example_dags/example_kubernetes_executor.py
[2025-05-28T13:59:46.266+0000] {processor.py:914} INFO - Processing file /home/airflow/.local/lib/python3.12/site-packages/airflow/example_dags/example_kubernetes_executor.py for tasks to queue
[2025-05-28T13:59:46.267+0000] {logging_mixin.py:190} INFO - [2025-05-28T13:59:46.267+0000] {dagbag.py:588} INFO - Filling up the DagBag from /home/airflow/.local/lib/python3.12/site-packages/airflow/example_dags/example_kubernetes_executor.py
[2025-05-28T13:59:46.284+0000] {processor.py:925} INFO - DAG(s) 'example_kubernetes_executor' retrieved from /home/airflow/.local/lib/python3.12/site-packages/airflow/example_dags/example_kubernetes_executor.py
[2025-05-28T13:59:46.320+0000] {logging_mixin.py:190} INFO - [2025-05-28T13:59:46.320+0000] {dag.py:3239} INFO - Sync 1 DAGs
[2025-05-28T13:59:46.343+0000] {logging_mixin.py:190} INFO - [2025-05-28T13:59:46.342+0000] {dag.py:4180} INFO - Setting next_dagrun for example_kubernetes_executor to None, run_after=None
[2025-05-28T13:59:46.375+0000] {processor.py:208} INFO - Processing /home/airflow/.local/lib/python3.12/site-packages/airflow/example_dags/example_kubernetes_executor.py took 0.119 seconds
[2025-05-28T14:00:17.238+0000] {processor.py:186} INFO - Started process (PID=3026) to work on /home/airflow/.local/lib/python3.12/site-packages/airflow/example_dags/example_kubernetes_executor.py
[2025-05-28T14:00:17.239+0000] {processor.py:914} INFO - Processing file /home/airflow/.local/lib/python3.12/site-packages/airflow/example_dags/example_kubernetes_executor.py for tasks to queue
[2025-05-28T14:00:17.240+0000] {logging_mixin.py:190} INFO - [2025-05-28T14:00:17.240+0000] {dagbag.py:588} INFO - Filling up the DagBag from /home/airflow/.local/lib/python3.12/site-packages/airflow/example_dags/example_kubernetes_executor.py
[2025-05-28T14:00:17.256+0000] {processor.py:925} INFO - DAG(s) 'example_kubernetes_executor' retrieved from /home/airflow/.local/lib/python3.12/site-packages/airflow/example_dags/example_kubernetes_executor.py
[2025-05-28T14:00:17.287+0000] {logging_mixin.py:190} INFO - [2025-05-28T14:00:17.287+0000] {dag.py:3239} INFO - Sync 1 DAGs
[2025-05-28T14:00:17.305+0000] {logging_mixin.py:190} INFO - [2025-05-28T14:00:17.305+0000] {dag.py:4180} INFO - Setting next_dagrun for example_kubernetes_executor to None, run_after=None
[2025-05-28T14:00:17.323+0000] {processor.py:208} INFO - Processing /home/airflow/.local/lib/python3.12/site-packages/airflow/example_dags/example_kubernetes_executor.py took 0.094 seconds
[2025-05-28T14:00:48.609+0000] {processor.py:186} INFO - Started process (PID=3091) to work on /home/airflow/.local/lib/python3.12/site-packages/airflow/example_dags/example_kubernetes_executor.py
[2025-05-28T14:00:48.610+0000] {processor.py:914} INFO - Processing file /home/airflow/.local/lib/python3.12/site-packages/airflow/example_dags/example_kubernetes_executor.py for tasks to queue
[2025-05-28T14:00:48.612+0000] {logging_mixin.py:190} INFO - [2025-05-28T14:00:48.611+0000] {dagbag.py:588} INFO - Filling up the DagBag from /home/airflow/.local/lib/python3.12/site-packages/airflow/example_dags/example_kubernetes_executor.py
[2025-05-28T14:00:48.629+0000] {processor.py:925} INFO - DAG(s) 'example_kubernetes_executor' retrieved from /home/airflow/.local/lib/python3.12/site-packages/airflow/example_dags/example_kubernetes_executor.py
[2025-05-28T14:00:48.683+0000] {logging_mixin.py:190} INFO - [2025-05-28T14:00:48.683+0000] {dag.py:3239} INFO - Sync 1 DAGs
[2025-05-28T14:00:48.705+0000] {logging_mixin.py:190} INFO - [2025-05-28T14:00:48.705+0000] {dag.py:4180} INFO - Setting next_dagrun for example_kubernetes_executor to None, run_after=None
[2025-05-28T14:00:48.732+0000] {processor.py:208} INFO - Processing /home/airflow/.local/lib/python3.12/site-packages/airflow/example_dags/example_kubernetes_executor.py took 0.130 seconds
[2025-05-28T14:01:20.017+0000] {processor.py:186} INFO - Started process (PID=3156) to work on /home/airflow/.local/lib/python3.12/site-packages/airflow/example_dags/example_kubernetes_executor.py
[2025-05-28T14:01:20.019+0000] {processor.py:914} INFO - Processing file /home/airflow/.local/lib/python3.12/site-packages/airflow/example_dags/example_kubernetes_executor.py for tasks to queue
[2025-05-28T14:01:20.021+0000] {logging_mixin.py:190} INFO - [2025-05-28T14:01:20.021+0000] {dagbag.py:588} INFO - Filling up the DagBag from /home/airflow/.local/lib/python3.12/site-packages/airflow/example_dags/example_kubernetes_executor.py
[2025-05-28T14:01:20.044+0000] {processor.py:925} INFO - DAG(s) 'example_kubernetes_executor' retrieved from /home/airflow/.local/lib/python3.12/site-packages/airflow/example_dags/example_kubernetes_executor.py
[2025-05-28T14:01:20.092+0000] {logging_mixin.py:190} INFO - [2025-05-28T14:01:20.092+0000] {dag.py:3239} INFO - Sync 1 DAGs
[2025-05-28T14:01:20.119+0000] {logging_mixin.py:190} INFO - [2025-05-28T14:01:20.119+0000] {dag.py:4180} INFO - Setting next_dagrun for example_kubernetes_executor to None, run_after=None
[2025-05-28T14:01:20.149+0000] {processor.py:208} INFO - Processing /home/airflow/.local/lib/python3.12/site-packages/airflow/example_dags/example_kubernetes_executor.py took 0.140 seconds
[2025-05-28T14:01:51.143+0000] {processor.py:186} INFO - Started process (PID=3221) to work on /home/airflow/.local/lib/python3.12/site-packages/airflow/example_dags/example_kubernetes_executor.py
[2025-05-28T14:01:51.145+0000] {processor.py:914} INFO - Processing file /home/airflow/.local/lib/python3.12/site-packages/airflow/example_dags/example_kubernetes_executor.py for tasks to queue
[2025-05-28T14:01:51.146+0000] {logging_mixin.py:190} INFO - [2025-05-28T14:01:51.146+0000] {dagbag.py:588} INFO - Filling up the DagBag from /home/airflow/.local/lib/python3.12/site-packages/airflow/example_dags/example_kubernetes_executor.py
[2025-05-28T14:01:51.163+0000] {processor.py:925} INFO - DAG(s) 'example_kubernetes_executor' retrieved from /home/airflow/.local/lib/python3.12/site-packages/airflow/example_dags/example_kubernetes_executor.py
[2025-05-28T14:01:51.203+0000] {logging_mixin.py:190} INFO - [2025-05-28T14:01:51.203+0000] {dag.py:3239} INFO - Sync 1 DAGs
[2025-05-28T14:01:51.228+0000] {logging_mixin.py:190} INFO - [2025-05-28T14:01:51.227+0000] {dag.py:4180} INFO - Setting next_dagrun for example_kubernetes_executor to None, run_after=None
[2025-05-28T14:01:51.254+0000] {processor.py:208} INFO - Processing /home/airflow/.local/lib/python3.12/site-packages/airflow/example_dags/example_kubernetes_executor.py took 0.119 seconds
[2025-05-28T14:02:24.289+0000] {processor.py:186} INFO - Started process (PID=3294) to work on /home/airflow/.local/lib/python3.12/site-packages/airflow/example_dags/example_kubernetes_executor.py
[2025-05-28T14:02:24.290+0000] {processor.py:914} INFO - Processing file /home/airflow/.local/lib/python3.12/site-packages/airflow/example_dags/example_kubernetes_executor.py for tasks to queue
[2025-05-28T14:02:24.292+0000] {logging_mixin.py:190} INFO - [2025-05-28T14:02:24.291+0000] {dagbag.py:588} INFO - Filling up the DagBag from /home/airflow/.local/lib/python3.12/site-packages/airflow/example_dags/example_kubernetes_executor.py
[2025-05-28T14:02:24.311+0000] {processor.py:925} INFO - DAG(s) 'example_kubernetes_executor' retrieved from /home/airflow/.local/lib/python3.12/site-packages/airflow/example_dags/example_kubernetes_executor.py
[2025-05-28T14:02:24.348+0000] {logging_mixin.py:190} INFO - [2025-05-28T14:02:24.347+0000] {dag.py:3239} INFO - Sync 1 DAGs
[2025-05-28T14:02:24.373+0000] {logging_mixin.py:190} INFO - [2025-05-28T14:02:24.373+0000] {dag.py:4180} INFO - Setting next_dagrun for example_kubernetes_executor to None, run_after=None
[2025-05-28T14:02:24.403+0000] {processor.py:208} INFO - Processing /home/airflow/.local/lib/python3.12/site-packages/airflow/example_dags/example_kubernetes_executor.py took 0.124 seconds
[2025-05-28T14:02:55.743+0000] {processor.py:186} INFO - Started process (PID=3361) to work on /home/airflow/.local/lib/python3.12/site-packages/airflow/example_dags/example_kubernetes_executor.py
[2025-05-28T14:02:55.745+0000] {processor.py:914} INFO - Processing file /home/airflow/.local/lib/python3.12/site-packages/airflow/example_dags/example_kubernetes_executor.py for tasks to queue
[2025-05-28T14:02:55.747+0000] {logging_mixin.py:190} INFO - [2025-05-28T14:02:55.746+0000] {dagbag.py:588} INFO - Filling up the DagBag from /home/airflow/.local/lib/python3.12/site-packages/airflow/example_dags/example_kubernetes_executor.py
[2025-05-28T14:02:55.768+0000] {processor.py:925} INFO - DAG(s) 'example_kubernetes_executor' retrieved from /home/airflow/.local/lib/python3.12/site-packages/airflow/example_dags/example_kubernetes_executor.py
[2025-05-28T14:02:55.806+0000] {logging_mixin.py:190} INFO - [2025-05-28T14:02:55.805+0000] {dag.py:3239} INFO - Sync 1 DAGs
[2025-05-28T14:02:55.828+0000] {logging_mixin.py:190} INFO - [2025-05-28T14:02:55.827+0000] {dag.py:4180} INFO - Setting next_dagrun for example_kubernetes_executor to None, run_after=None
[2025-05-28T14:02:55.859+0000] {processor.py:208} INFO - Processing /home/airflow/.local/lib/python3.12/site-packages/airflow/example_dags/example_kubernetes_executor.py took 0.124 seconds
[2025-05-28T14:03:26.758+0000] {processor.py:186} INFO - Started process (PID=3426) to work on /home/airflow/.local/lib/python3.12/site-packages/airflow/example_dags/example_kubernetes_executor.py
[2025-05-28T14:03:26.759+0000] {processor.py:914} INFO - Processing file /home/airflow/.local/lib/python3.12/site-packages/airflow/example_dags/example_kubernetes_executor.py for tasks to queue
[2025-05-28T14:03:26.760+0000] {logging_mixin.py:190} INFO - [2025-05-28T14:03:26.760+0000] {dagbag.py:588} INFO - Filling up the DagBag from /home/airflow/.local/lib/python3.12/site-packages/airflow/example_dags/example_kubernetes_executor.py
[2025-05-28T14:03:26.782+0000] {processor.py:925} INFO - DAG(s) 'example_kubernetes_executor' retrieved from /home/airflow/.local/lib/python3.12/site-packages/airflow/example_dags/example_kubernetes_executor.py
[2025-05-28T14:03:26.825+0000] {logging_mixin.py:190} INFO - [2025-05-28T14:03:26.824+0000] {dag.py:3239} INFO - Sync 1 DAGs
[2025-05-28T14:03:26.846+0000] {logging_mixin.py:190} INFO - [2025-05-28T14:03:26.846+0000] {dag.py:4180} INFO - Setting next_dagrun for example_kubernetes_executor to None, run_after=None
[2025-05-28T14:03:26.887+0000] {processor.py:208} INFO - Processing /home/airflow/.local/lib/python3.12/site-packages/airflow/example_dags/example_kubernetes_executor.py took 0.138 seconds
[2025-05-28T14:03:58.077+0000] {processor.py:186} INFO - Started process (PID=3491) to work on /home/airflow/.local/lib/python3.12/site-packages/airflow/example_dags/example_kubernetes_executor.py
[2025-05-28T14:03:58.078+0000] {processor.py:914} INFO - Processing file /home/airflow/.local/lib/python3.12/site-packages/airflow/example_dags/example_kubernetes_executor.py for tasks to queue
[2025-05-28T14:03:58.080+0000] {logging_mixin.py:190} INFO - [2025-05-28T14:03:58.079+0000] {dagbag.py:588} INFO - Filling up the DagBag from /home/airflow/.local/lib/python3.12/site-packages/airflow/example_dags/example_kubernetes_executor.py
[2025-05-28T14:03:58.099+0000] {processor.py:925} INFO - DAG(s) 'example_kubernetes_executor' retrieved from /home/airflow/.local/lib/python3.12/site-packages/airflow/example_dags/example_kubernetes_executor.py
[2025-05-28T14:03:58.129+0000] {logging_mixin.py:190} INFO - [2025-05-28T14:03:58.128+0000] {dag.py:3239} INFO - Sync 1 DAGs
[2025-05-28T14:03:58.147+0000] {logging_mixin.py:190} INFO - [2025-05-28T14:03:58.147+0000] {dag.py:4180} INFO - Setting next_dagrun for example_kubernetes_executor to None, run_after=None
[2025-05-28T14:03:58.182+0000] {processor.py:208} INFO - Processing /home/airflow/.local/lib/python3.12/site-packages/airflow/example_dags/example_kubernetes_executor.py took 0.124 seconds
[2025-05-28T14:04:30.204+0000] {processor.py:186} INFO - Started process (PID=3557) to work on /home/airflow/.local/lib/python3.12/site-packages/airflow/example_dags/example_kubernetes_executor.py
[2025-05-28T14:04:30.206+0000] {processor.py:914} INFO - Processing file /home/airflow/.local/lib/python3.12/site-packages/airflow/example_dags/example_kubernetes_executor.py for tasks to queue
[2025-05-28T14:04:30.207+0000] {logging_mixin.py:190} INFO - [2025-05-28T14:04:30.207+0000] {dagbag.py:588} INFO - Filling up the DagBag from /home/airflow/.local/lib/python3.12/site-packages/airflow/example_dags/example_kubernetes_executor.py
[2025-05-28T14:04:30.228+0000] {processor.py:925} INFO - DAG(s) 'example_kubernetes_executor' retrieved from /home/airflow/.local/lib/python3.12/site-packages/airflow/example_dags/example_kubernetes_executor.py
[2025-05-28T14:04:30.267+0000] {logging_mixin.py:190} INFO - [2025-05-28T14:04:30.267+0000] {dag.py:3239} INFO - Sync 1 DAGs
[2025-05-28T14:04:30.293+0000] {logging_mixin.py:190} INFO - [2025-05-28T14:04:30.293+0000] {dag.py:4180} INFO - Setting next_dagrun for example_kubernetes_executor to None, run_after=None
[2025-05-28T14:04:30.318+0000] {processor.py:208} INFO - Processing /home/airflow/.local/lib/python3.12/site-packages/airflow/example_dags/example_kubernetes_executor.py took 0.123 seconds
[2025-05-28T14:05:01.903+0000] {processor.py:186} INFO - Started process (PID=3623) to work on /home/airflow/.local/lib/python3.12/site-packages/airflow/example_dags/example_kubernetes_executor.py
[2025-05-28T14:05:01.904+0000] {processor.py:914} INFO - Processing file /home/airflow/.local/lib/python3.12/site-packages/airflow/example_dags/example_kubernetes_executor.py for tasks to queue
[2025-05-28T14:05:01.906+0000] {logging_mixin.py:190} INFO - [2025-05-28T14:05:01.905+0000] {dagbag.py:588} INFO - Filling up the DagBag from /home/airflow/.local/lib/python3.12/site-packages/airflow/example_dags/example_kubernetes_executor.py
[2025-05-28T14:05:01.927+0000] {processor.py:925} INFO - DAG(s) 'example_kubernetes_executor' retrieved from /home/airflow/.local/lib/python3.12/site-packages/airflow/example_dags/example_kubernetes_executor.py
[2025-05-28T14:05:01.963+0000] {logging_mixin.py:190} INFO - [2025-05-28T14:05:01.962+0000] {dag.py:3239} INFO - Sync 1 DAGs
[2025-05-28T14:05:01.981+0000] {logging_mixin.py:190} INFO - [2025-05-28T14:05:01.981+0000] {dag.py:4180} INFO - Setting next_dagrun for example_kubernetes_executor to None, run_after=None
[2025-05-28T14:05:02.004+0000] {processor.py:208} INFO - Processing /home/airflow/.local/lib/python3.12/site-packages/airflow/example_dags/example_kubernetes_executor.py took 0.110 seconds
[2025-05-28T14:05:33.751+0000] {processor.py:186} INFO - Started process (PID=3688) to work on /home/airflow/.local/lib/python3.12/site-packages/airflow/example_dags/example_kubernetes_executor.py
[2025-05-28T14:05:33.752+0000] {processor.py:914} INFO - Processing file /home/airflow/.local/lib/python3.12/site-packages/airflow/example_dags/example_kubernetes_executor.py for tasks to queue
[2025-05-28T14:05:33.754+0000] {logging_mixin.py:190} INFO - [2025-05-28T14:05:33.753+0000] {dagbag.py:588} INFO - Filling up the DagBag from /home/airflow/.local/lib/python3.12/site-packages/airflow/example_dags/example_kubernetes_executor.py
[2025-05-28T14:05:33.770+0000] {processor.py:925} INFO - DAG(s) 'example_kubernetes_executor' retrieved from /home/airflow/.local/lib/python3.12/site-packages/airflow/example_dags/example_kubernetes_executor.py
[2025-05-28T14:05:33.804+0000] {logging_mixin.py:190} INFO - [2025-05-28T14:05:33.803+0000] {dag.py:3239} INFO - Sync 1 DAGs
[2025-05-28T14:05:33.826+0000] {logging_mixin.py:190} INFO - [2025-05-28T14:05:33.825+0000] {dag.py:4180} INFO - Setting next_dagrun for example_kubernetes_executor to None, run_after=None
[2025-05-28T14:05:33.852+0000] {processor.py:208} INFO - Processing /home/airflow/.local/lib/python3.12/site-packages/airflow/example_dags/example_kubernetes_executor.py took 0.107 seconds
[2025-05-28T14:06:04.228+0000] {processor.py:186} INFO - Started process (PID=3752) to work on /home/airflow/.local/lib/python3.12/site-packages/airflow/example_dags/example_kubernetes_executor.py
[2025-05-28T14:06:04.229+0000] {processor.py:914} INFO - Processing file /home/airflow/.local/lib/python3.12/site-packages/airflow/example_dags/example_kubernetes_executor.py for tasks to queue
[2025-05-28T14:06:04.230+0000] {logging_mixin.py:190} INFO - [2025-05-28T14:06:04.230+0000] {dagbag.py:588} INFO - Filling up the DagBag from /home/airflow/.local/lib/python3.12/site-packages/airflow/example_dags/example_kubernetes_executor.py
[2025-05-28T14:06:04.246+0000] {processor.py:925} INFO - DAG(s) 'example_kubernetes_executor' retrieved from /home/airflow/.local/lib/python3.12/site-packages/airflow/example_dags/example_kubernetes_executor.py
[2025-05-28T14:06:04.280+0000] {logging_mixin.py:190} INFO - [2025-05-28T14:06:04.280+0000] {dag.py:3239} INFO - Sync 1 DAGs
[2025-05-28T14:06:04.299+0000] {logging_mixin.py:190} INFO - [2025-05-28T14:06:04.299+0000] {dag.py:4180} INFO - Setting next_dagrun for example_kubernetes_executor to None, run_after=None
[2025-05-28T14:06:04.328+0000] {processor.py:208} INFO - Processing /home/airflow/.local/lib/python3.12/site-packages/airflow/example_dags/example_kubernetes_executor.py took 0.106 seconds
[2025-05-28T14:06:35.581+0000] {processor.py:186} INFO - Started process (PID=3816) to work on /home/airflow/.local/lib/python3.12/site-packages/airflow/example_dags/example_kubernetes_executor.py
[2025-05-28T14:06:35.583+0000] {processor.py:914} INFO - Processing file /home/airflow/.local/lib/python3.12/site-packages/airflow/example_dags/example_kubernetes_executor.py for tasks to queue
[2025-05-28T14:06:35.585+0000] {logging_mixin.py:190} INFO - [2025-05-28T14:06:35.584+0000] {dagbag.py:588} INFO - Filling up the DagBag from /home/airflow/.local/lib/python3.12/site-packages/airflow/example_dags/example_kubernetes_executor.py
[2025-05-28T14:06:35.605+0000] {processor.py:925} INFO - DAG(s) 'example_kubernetes_executor' retrieved from /home/airflow/.local/lib/python3.12/site-packages/airflow/example_dags/example_kubernetes_executor.py
[2025-05-28T14:06:35.638+0000] {logging_mixin.py:190} INFO - [2025-05-28T14:06:35.638+0000] {dag.py:3239} INFO - Sync 1 DAGs
[2025-05-28T14:06:35.657+0000] {logging_mixin.py:190} INFO - [2025-05-28T14:06:35.657+0000] {dag.py:4180} INFO - Setting next_dagrun for example_kubernetes_executor to None, run_after=None
[2025-05-28T14:06:35.687+0000] {processor.py:208} INFO - Processing /home/airflow/.local/lib/python3.12/site-packages/airflow/example_dags/example_kubernetes_executor.py took 0.114 seconds
[2025-05-28T14:07:07.089+0000] {processor.py:186} INFO - Started process (PID=3881) to work on /home/airflow/.local/lib/python3.12/site-packages/airflow/example_dags/example_kubernetes_executor.py
[2025-05-28T14:07:07.091+0000] {processor.py:914} INFO - Processing file /home/airflow/.local/lib/python3.12/site-packages/airflow/example_dags/example_kubernetes_executor.py for tasks to queue
[2025-05-28T14:07:07.093+0000] {logging_mixin.py:190} INFO - [2025-05-28T14:07:07.093+0000] {dagbag.py:588} INFO - Filling up the DagBag from /home/airflow/.local/lib/python3.12/site-packages/airflow/example_dags/example_kubernetes_executor.py
[2025-05-28T14:07:07.119+0000] {processor.py:925} INFO - DAG(s) 'example_kubernetes_executor' retrieved from /home/airflow/.local/lib/python3.12/site-packages/airflow/example_dags/example_kubernetes_executor.py
[2025-05-28T14:07:07.161+0000] {logging_mixin.py:190} INFO - [2025-05-28T14:07:07.161+0000] {dag.py:3239} INFO - Sync 1 DAGs
[2025-05-28T14:07:07.185+0000] {logging_mixin.py:190} INFO - [2025-05-28T14:07:07.184+0000] {dag.py:4180} INFO - Setting next_dagrun for example_kubernetes_executor to None, run_after=None
[2025-05-28T14:07:07.219+0000] {processor.py:208} INFO - Processing /home/airflow/.local/lib/python3.12/site-packages/airflow/example_dags/example_kubernetes_executor.py took 0.141 seconds
[2025-05-28T14:07:39.437+0000] {processor.py:186} INFO - Started process (PID=3946) to work on /home/airflow/.local/lib/python3.12/site-packages/airflow/example_dags/example_kubernetes_executor.py
[2025-05-28T14:07:39.439+0000] {processor.py:914} INFO - Processing file /home/airflow/.local/lib/python3.12/site-packages/airflow/example_dags/example_kubernetes_executor.py for tasks to queue
[2025-05-28T14:07:39.441+0000] {logging_mixin.py:190} INFO - [2025-05-28T14:07:39.440+0000] {dagbag.py:588} INFO - Filling up the DagBag from /home/airflow/.local/lib/python3.12/site-packages/airflow/example_dags/example_kubernetes_executor.py
[2025-05-28T14:07:39.459+0000] {processor.py:925} INFO - DAG(s) 'example_kubernetes_executor' retrieved from /home/airflow/.local/lib/python3.12/site-packages/airflow/example_dags/example_kubernetes_executor.py
[2025-05-28T14:07:39.500+0000] {logging_mixin.py:190} INFO - [2025-05-28T14:07:39.500+0000] {dag.py:3239} INFO - Sync 1 DAGs
[2025-05-28T14:07:39.523+0000] {logging_mixin.py:190} INFO - [2025-05-28T14:07:39.523+0000] {dag.py:4180} INFO - Setting next_dagrun for example_kubernetes_executor to None, run_after=None
[2025-05-28T14:07:39.551+0000] {processor.py:208} INFO - Processing /home/airflow/.local/lib/python3.12/site-packages/airflow/example_dags/example_kubernetes_executor.py took 0.123 seconds
[2025-05-28T14:08:10.918+0000] {processor.py:186} INFO - Started process (PID=4011) to work on /home/airflow/.local/lib/python3.12/site-packages/airflow/example_dags/example_kubernetes_executor.py
[2025-05-28T14:08:10.919+0000] {processor.py:914} INFO - Processing file /home/airflow/.local/lib/python3.12/site-packages/airflow/example_dags/example_kubernetes_executor.py for tasks to queue
[2025-05-28T14:08:10.921+0000] {logging_mixin.py:190} INFO - [2025-05-28T14:08:10.920+0000] {dagbag.py:588} INFO - Filling up the DagBag from /home/airflow/.local/lib/python3.12/site-packages/airflow/example_dags/example_kubernetes_executor.py
[2025-05-28T14:08:10.940+0000] {processor.py:925} INFO - DAG(s) 'example_kubernetes_executor' retrieved from /home/airflow/.local/lib/python3.12/site-packages/airflow/example_dags/example_kubernetes_executor.py
[2025-05-28T14:08:10.978+0000] {logging_mixin.py:190} INFO - [2025-05-28T14:08:10.978+0000] {dag.py:3239} INFO - Sync 1 DAGs
[2025-05-28T14:08:10.999+0000] {logging_mixin.py:190} INFO - [2025-05-28T14:08:10.998+0000] {dag.py:4180} INFO - Setting next_dagrun for example_kubernetes_executor to None, run_after=None
[2025-05-28T14:08:11.027+0000] {processor.py:208} INFO - Processing /home/airflow/.local/lib/python3.12/site-packages/airflow/example_dags/example_kubernetes_executor.py took 0.117 seconds
[2025-05-28T14:08:42.200+0000] {processor.py:186} INFO - Started process (PID=4075) to work on /home/airflow/.local/lib/python3.12/site-packages/airflow/example_dags/example_kubernetes_executor.py
[2025-05-28T14:08:42.201+0000] {processor.py:914} INFO - Processing file /home/airflow/.local/lib/python3.12/site-packages/airflow/example_dags/example_kubernetes_executor.py for tasks to queue
[2025-05-28T14:08:42.203+0000] {logging_mixin.py:190} INFO - [2025-05-28T14:08:42.203+0000] {dagbag.py:588} INFO - Filling up the DagBag from /home/airflow/.local/lib/python3.12/site-packages/airflow/example_dags/example_kubernetes_executor.py
[2025-05-28T14:08:42.228+0000] {processor.py:925} INFO - DAG(s) 'example_kubernetes_executor' retrieved from /home/airflow/.local/lib/python3.12/site-packages/airflow/example_dags/example_kubernetes_executor.py
[2025-05-28T14:08:42.274+0000] {logging_mixin.py:190} INFO - [2025-05-28T14:08:42.273+0000] {dag.py:3239} INFO - Sync 1 DAGs
[2025-05-28T14:08:42.301+0000] {logging_mixin.py:190} INFO - [2025-05-28T14:08:42.301+0000] {dag.py:4180} INFO - Setting next_dagrun for example_kubernetes_executor to None, run_after=None
[2025-05-28T14:08:42.346+0000] {processor.py:208} INFO - Processing /home/airflow/.local/lib/python3.12/site-packages/airflow/example_dags/example_kubernetes_executor.py took 0.157 seconds
[2025-05-28T14:09:14.486+0000] {processor.py:186} INFO - Started process (PID=4140) to work on /home/airflow/.local/lib/python3.12/site-packages/airflow/example_dags/example_kubernetes_executor.py
[2025-05-28T14:09:14.487+0000] {processor.py:914} INFO - Processing file /home/airflow/.local/lib/python3.12/site-packages/airflow/example_dags/example_kubernetes_executor.py for tasks to queue
[2025-05-28T14:09:14.489+0000] {logging_mixin.py:190} INFO - [2025-05-28T14:09:14.488+0000] {dagbag.py:588} INFO - Filling up the DagBag from /home/airflow/.local/lib/python3.12/site-packages/airflow/example_dags/example_kubernetes_executor.py
[2025-05-28T14:09:14.512+0000] {processor.py:925} INFO - DAG(s) 'example_kubernetes_executor' retrieved from /home/airflow/.local/lib/python3.12/site-packages/airflow/example_dags/example_kubernetes_executor.py
[2025-05-28T14:09:14.556+0000] {logging_mixin.py:190} INFO - [2025-05-28T14:09:14.555+0000] {dag.py:3239} INFO - Sync 1 DAGs
[2025-05-28T14:09:14.581+0000] {logging_mixin.py:190} INFO - [2025-05-28T14:09:14.581+0000] {dag.py:4180} INFO - Setting next_dagrun for example_kubernetes_executor to None, run_after=None
[2025-05-28T14:09:14.614+0000] {processor.py:208} INFO - Processing /home/airflow/.local/lib/python3.12/site-packages/airflow/example_dags/example_kubernetes_executor.py took 0.137 seconds
[2025-05-28T14:09:45.998+0000] {processor.py:186} INFO - Started process (PID=4205) to work on /home/airflow/.local/lib/python3.12/site-packages/airflow/example_dags/example_kubernetes_executor.py
[2025-05-28T14:09:45.999+0000] {processor.py:914} INFO - Processing file /home/airflow/.local/lib/python3.12/site-packages/airflow/example_dags/example_kubernetes_executor.py for tasks to queue
[2025-05-28T14:09:46.000+0000] {logging_mixin.py:190} INFO - [2025-05-28T14:09:46.000+0000] {dagbag.py:588} INFO - Filling up the DagBag from /home/airflow/.local/lib/python3.12/site-packages/airflow/example_dags/example_kubernetes_executor.py
[2025-05-28T14:09:46.020+0000] {processor.py:925} INFO - DAG(s) 'example_kubernetes_executor' retrieved from /home/airflow/.local/lib/python3.12/site-packages/airflow/example_dags/example_kubernetes_executor.py
[2025-05-28T14:09:46.452+0000] {logging_mixin.py:190} INFO - [2025-05-28T14:09:46.452+0000] {dag.py:3239} INFO - Sync 1 DAGs
[2025-05-28T14:09:46.471+0000] {logging_mixin.py:190} INFO - [2025-05-28T14:09:46.471+0000] {dag.py:4180} INFO - Setting next_dagrun for example_kubernetes_executor to None, run_after=None
[2025-05-28T14:09:46.503+0000] {processor.py:208} INFO - Processing /home/airflow/.local/lib/python3.12/site-packages/airflow/example_dags/example_kubernetes_executor.py took 0.513 seconds
[2025-05-28T14:10:16.968+0000] {processor.py:186} INFO - Started process (PID=4270) to work on /home/airflow/.local/lib/python3.12/site-packages/airflow/example_dags/example_kubernetes_executor.py
[2025-05-28T14:10:16.970+0000] {processor.py:914} INFO - Processing file /home/airflow/.local/lib/python3.12/site-packages/airflow/example_dags/example_kubernetes_executor.py for tasks to queue
[2025-05-28T14:10:16.971+0000] {logging_mixin.py:190} INFO - [2025-05-28T14:10:16.971+0000] {dagbag.py:588} INFO - Filling up the DagBag from /home/airflow/.local/lib/python3.12/site-packages/airflow/example_dags/example_kubernetes_executor.py
[2025-05-28T14:10:16.992+0000] {processor.py:925} INFO - DAG(s) 'example_kubernetes_executor' retrieved from /home/airflow/.local/lib/python3.12/site-packages/airflow/example_dags/example_kubernetes_executor.py
[2025-05-28T14:10:17.038+0000] {logging_mixin.py:190} INFO - [2025-05-28T14:10:17.037+0000] {dag.py:3239} INFO - Sync 1 DAGs
[2025-05-28T14:10:17.058+0000] {logging_mixin.py:190} INFO - [2025-05-28T14:10:17.057+0000] {dag.py:4180} INFO - Setting next_dagrun for example_kubernetes_executor to None, run_after=None
[2025-05-28T14:10:17.081+0000] {processor.py:208} INFO - Processing /home/airflow/.local/lib/python3.12/site-packages/airflow/example_dags/example_kubernetes_executor.py took 0.123 seconds
[2025-05-28T14:10:47.696+0000] {processor.py:186} INFO - Started process (PID=4335) to work on /home/airflow/.local/lib/python3.12/site-packages/airflow/example_dags/example_kubernetes_executor.py
[2025-05-28T14:10:47.698+0000] {processor.py:914} INFO - Processing file /home/airflow/.local/lib/python3.12/site-packages/airflow/example_dags/example_kubernetes_executor.py for tasks to queue
[2025-05-28T14:10:47.701+0000] {logging_mixin.py:190} INFO - [2025-05-28T14:10:47.700+0000] {dagbag.py:588} INFO - Filling up the DagBag from /home/airflow/.local/lib/python3.12/site-packages/airflow/example_dags/example_kubernetes_executor.py
[2025-05-28T14:10:47.724+0000] {processor.py:925} INFO - DAG(s) 'example_kubernetes_executor' retrieved from /home/airflow/.local/lib/python3.12/site-packages/airflow/example_dags/example_kubernetes_executor.py
[2025-05-28T14:10:47.777+0000] {logging_mixin.py:190} INFO - [2025-05-28T14:10:47.777+0000] {dag.py:3239} INFO - Sync 1 DAGs
[2025-05-28T14:10:47.806+0000] {logging_mixin.py:190} INFO - [2025-05-28T14:10:47.805+0000] {dag.py:4180} INFO - Setting next_dagrun for example_kubernetes_executor to None, run_after=None
[2025-05-28T14:10:47.840+0000] {processor.py:208} INFO - Processing /home/airflow/.local/lib/python3.12/site-packages/airflow/example_dags/example_kubernetes_executor.py took 0.152 seconds
[2025-05-28T14:11:19.008+0000] {processor.py:186} INFO - Started process (PID=4400) to work on /home/airflow/.local/lib/python3.12/site-packages/airflow/example_dags/example_kubernetes_executor.py
[2025-05-28T14:11:19.009+0000] {processor.py:914} INFO - Processing file /home/airflow/.local/lib/python3.12/site-packages/airflow/example_dags/example_kubernetes_executor.py for tasks to queue
[2025-05-28T14:11:19.011+0000] {logging_mixin.py:190} INFO - [2025-05-28T14:11:19.010+0000] {dagbag.py:588} INFO - Filling up the DagBag from /home/airflow/.local/lib/python3.12/site-packages/airflow/example_dags/example_kubernetes_executor.py
[2025-05-28T14:11:19.025+0000] {processor.py:925} INFO - DAG(s) 'example_kubernetes_executor' retrieved from /home/airflow/.local/lib/python3.12/site-packages/airflow/example_dags/example_kubernetes_executor.py
[2025-05-28T14:11:19.055+0000] {logging_mixin.py:190} INFO - [2025-05-28T14:11:19.054+0000] {dag.py:3239} INFO - Sync 1 DAGs
[2025-05-28T14:11:19.070+0000] {logging_mixin.py:190} INFO - [2025-05-28T14:11:19.070+0000] {dag.py:4180} INFO - Setting next_dagrun for example_kubernetes_executor to None, run_after=None
[2025-05-28T14:11:19.097+0000] {processor.py:208} INFO - Processing /home/airflow/.local/lib/python3.12/site-packages/airflow/example_dags/example_kubernetes_executor.py took 0.096 seconds
[2025-05-28T14:11:49.907+0000] {processor.py:186} INFO - Started process (PID=4465) to work on /home/airflow/.local/lib/python3.12/site-packages/airflow/example_dags/example_kubernetes_executor.py
[2025-05-28T14:11:49.908+0000] {processor.py:914} INFO - Processing file /home/airflow/.local/lib/python3.12/site-packages/airflow/example_dags/example_kubernetes_executor.py for tasks to queue
[2025-05-28T14:11:49.910+0000] {logging_mixin.py:190} INFO - [2025-05-28T14:11:49.909+0000] {dagbag.py:588} INFO - Filling up the DagBag from /home/airflow/.local/lib/python3.12/site-packages/airflow/example_dags/example_kubernetes_executor.py
[2025-05-28T14:11:49.926+0000] {processor.py:925} INFO - DAG(s) 'example_kubernetes_executor' retrieved from /home/airflow/.local/lib/python3.12/site-packages/airflow/example_dags/example_kubernetes_executor.py
[2025-05-28T14:11:49.961+0000] {logging_mixin.py:190} INFO - [2025-05-28T14:11:49.960+0000] {dag.py:3239} INFO - Sync 1 DAGs
[2025-05-28T14:11:49.984+0000] {logging_mixin.py:190} INFO - [2025-05-28T14:11:49.984+0000] {dag.py:4180} INFO - Setting next_dagrun for example_kubernetes_executor to None, run_after=None
[2025-05-28T14:11:50.006+0000] {processor.py:208} INFO - Processing /home/airflow/.local/lib/python3.12/site-packages/airflow/example_dags/example_kubernetes_executor.py took 0.106 seconds
[2025-05-28T14:12:21.428+0000] {processor.py:186} INFO - Started process (PID=4531) to work on /home/airflow/.local/lib/python3.12/site-packages/airflow/example_dags/example_kubernetes_executor.py
[2025-05-28T14:12:21.430+0000] {processor.py:914} INFO - Processing file /home/airflow/.local/lib/python3.12/site-packages/airflow/example_dags/example_kubernetes_executor.py for tasks to queue
[2025-05-28T14:12:21.433+0000] {logging_mixin.py:190} INFO - [2025-05-28T14:12:21.432+0000] {dagbag.py:588} INFO - Filling up the DagBag from /home/airflow/.local/lib/python3.12/site-packages/airflow/example_dags/example_kubernetes_executor.py
[2025-05-28T14:12:21.459+0000] {processor.py:925} INFO - DAG(s) 'example_kubernetes_executor' retrieved from /home/airflow/.local/lib/python3.12/site-packages/airflow/example_dags/example_kubernetes_executor.py
[2025-05-28T14:12:21.508+0000] {logging_mixin.py:190} INFO - [2025-05-28T14:12:21.508+0000] {dag.py:3239} INFO - Sync 1 DAGs
[2025-05-28T14:12:21.532+0000] {logging_mixin.py:190} INFO - [2025-05-28T14:12:21.531+0000] {dag.py:4180} INFO - Setting next_dagrun for example_kubernetes_executor to None, run_after=None
[2025-05-28T14:12:21.559+0000] {processor.py:208} INFO - Processing /home/airflow/.local/lib/python3.12/site-packages/airflow/example_dags/example_kubernetes_executor.py took 0.142 seconds
[2025-05-28T14:12:52.197+0000] {processor.py:186} INFO - Started process (PID=4596) to work on /home/airflow/.local/lib/python3.12/site-packages/airflow/example_dags/example_kubernetes_executor.py
[2025-05-28T14:12:52.198+0000] {processor.py:914} INFO - Processing file /home/airflow/.local/lib/python3.12/site-packages/airflow/example_dags/example_kubernetes_executor.py for tasks to queue
[2025-05-28T14:12:52.200+0000] {logging_mixin.py:190} INFO - [2025-05-28T14:12:52.200+0000] {dagbag.py:588} INFO - Filling up the DagBag from /home/airflow/.local/lib/python3.12/site-packages/airflow/example_dags/example_kubernetes_executor.py
[2025-05-28T14:12:52.218+0000] {processor.py:925} INFO - DAG(s) 'example_kubernetes_executor' retrieved from /home/airflow/.local/lib/python3.12/site-packages/airflow/example_dags/example_kubernetes_executor.py
[2025-05-28T14:12:52.255+0000] {logging_mixin.py:190} INFO - [2025-05-28T14:12:52.254+0000] {dag.py:3239} INFO - Sync 1 DAGs
[2025-05-28T14:12:52.275+0000] {logging_mixin.py:190} INFO - [2025-05-28T14:12:52.275+0000] {dag.py:4180} INFO - Setting next_dagrun for example_kubernetes_executor to None, run_after=None
[2025-05-28T14:12:52.307+0000] {processor.py:208} INFO - Processing /home/airflow/.local/lib/python3.12/site-packages/airflow/example_dags/example_kubernetes_executor.py took 0.119 seconds
[2025-05-28T14:13:23.721+0000] {processor.py:186} INFO - Started process (PID=4661) to work on /home/airflow/.local/lib/python3.12/site-packages/airflow/example_dags/example_kubernetes_executor.py
[2025-05-28T14:13:23.723+0000] {processor.py:914} INFO - Processing file /home/airflow/.local/lib/python3.12/site-packages/airflow/example_dags/example_kubernetes_executor.py for tasks to queue
[2025-05-28T14:13:23.724+0000] {logging_mixin.py:190} INFO - [2025-05-28T14:13:23.723+0000] {dagbag.py:588} INFO - Filling up the DagBag from /home/airflow/.local/lib/python3.12/site-packages/airflow/example_dags/example_kubernetes_executor.py
[2025-05-28T14:13:23.740+0000] {processor.py:925} INFO - DAG(s) 'example_kubernetes_executor' retrieved from /home/airflow/.local/lib/python3.12/site-packages/airflow/example_dags/example_kubernetes_executor.py
[2025-05-28T14:13:23.776+0000] {logging_mixin.py:190} INFO - [2025-05-28T14:13:23.775+0000] {dag.py:3239} INFO - Sync 1 DAGs
[2025-05-28T14:13:23.796+0000] {logging_mixin.py:190} INFO - [2025-05-28T14:13:23.796+0000] {dag.py:4180} INFO - Setting next_dagrun for example_kubernetes_executor to None, run_after=None
[2025-05-28T14:13:23.815+0000] {processor.py:208} INFO - Processing /home/airflow/.local/lib/python3.12/site-packages/airflow/example_dags/example_kubernetes_executor.py took 0.101 seconds
[2025-05-28T14:13:54.323+0000] {processor.py:186} INFO - Started process (PID=4732) to work on /home/airflow/.local/lib/python3.12/site-packages/airflow/example_dags/example_kubernetes_executor.py
[2025-05-28T14:13:54.324+0000] {processor.py:914} INFO - Processing file /home/airflow/.local/lib/python3.12/site-packages/airflow/example_dags/example_kubernetes_executor.py for tasks to queue
[2025-05-28T14:13:54.326+0000] {logging_mixin.py:190} INFO - [2025-05-28T14:13:54.325+0000] {dagbag.py:588} INFO - Filling up the DagBag from /home/airflow/.local/lib/python3.12/site-packages/airflow/example_dags/example_kubernetes_executor.py
[2025-05-28T14:13:54.342+0000] {processor.py:925} INFO - DAG(s) 'example_kubernetes_executor' retrieved from /home/airflow/.local/lib/python3.12/site-packages/airflow/example_dags/example_kubernetes_executor.py
[2025-05-28T14:13:54.400+0000] {logging_mixin.py:190} INFO - [2025-05-28T14:13:54.400+0000] {dag.py:3239} INFO - Sync 1 DAGs
[2025-05-28T14:13:54.417+0000] {logging_mixin.py:190} INFO - [2025-05-28T14:13:54.417+0000] {dag.py:4180} INFO - Setting next_dagrun for example_kubernetes_executor to None, run_after=None
[2025-05-28T14:13:54.436+0000] {processor.py:208} INFO - Processing /home/airflow/.local/lib/python3.12/site-packages/airflow/example_dags/example_kubernetes_executor.py took 0.121 seconds
[2025-05-28T14:14:25.245+0000] {processor.py:186} INFO - Started process (PID=4797) to work on /home/airflow/.local/lib/python3.12/site-packages/airflow/example_dags/example_kubernetes_executor.py
[2025-05-28T14:14:25.246+0000] {processor.py:914} INFO - Processing file /home/airflow/.local/lib/python3.12/site-packages/airflow/example_dags/example_kubernetes_executor.py for tasks to queue
[2025-05-28T14:14:25.247+0000] {logging_mixin.py:190} INFO - [2025-05-28T14:14:25.247+0000] {dagbag.py:588} INFO - Filling up the DagBag from /home/airflow/.local/lib/python3.12/site-packages/airflow/example_dags/example_kubernetes_executor.py
[2025-05-28T14:14:25.263+0000] {processor.py:925} INFO - DAG(s) 'example_kubernetes_executor' retrieved from /home/airflow/.local/lib/python3.12/site-packages/airflow/example_dags/example_kubernetes_executor.py
[2025-05-28T14:14:25.295+0000] {logging_mixin.py:190} INFO - [2025-05-28T14:14:25.295+0000] {dag.py:3239} INFO - Sync 1 DAGs
[2025-05-28T14:14:25.312+0000] {logging_mixin.py:190} INFO - [2025-05-28T14:14:25.312+0000] {dag.py:4180} INFO - Setting next_dagrun for example_kubernetes_executor to None, run_after=None
[2025-05-28T14:14:25.331+0000] {processor.py:208} INFO - Processing /home/airflow/.local/lib/python3.12/site-packages/airflow/example_dags/example_kubernetes_executor.py took 0.093 seconds
[2025-05-28T14:14:55.414+0000] {processor.py:186} INFO - Started process (PID=4861) to work on /home/airflow/.local/lib/python3.12/site-packages/airflow/example_dags/example_kubernetes_executor.py
[2025-05-28T14:14:55.415+0000] {processor.py:914} INFO - Processing file /home/airflow/.local/lib/python3.12/site-packages/airflow/example_dags/example_kubernetes_executor.py for tasks to queue
[2025-05-28T14:14:55.416+0000] {logging_mixin.py:190} INFO - [2025-05-28T14:14:55.416+0000] {dagbag.py:588} INFO - Filling up the DagBag from /home/airflow/.local/lib/python3.12/site-packages/airflow/example_dags/example_kubernetes_executor.py
[2025-05-28T14:14:55.431+0000] {processor.py:925} INFO - DAG(s) 'example_kubernetes_executor' retrieved from /home/airflow/.local/lib/python3.12/site-packages/airflow/example_dags/example_kubernetes_executor.py
[2025-05-28T14:14:55.458+0000] {logging_mixin.py:190} INFO - [2025-05-28T14:14:55.457+0000] {dag.py:3239} INFO - Sync 1 DAGs
[2025-05-28T14:14:55.475+0000] {logging_mixin.py:190} INFO - [2025-05-28T14:14:55.475+0000] {dag.py:4180} INFO - Setting next_dagrun for example_kubernetes_executor to None, run_after=None
[2025-05-28T14:14:55.497+0000] {processor.py:208} INFO - Processing /home/airflow/.local/lib/python3.12/site-packages/airflow/example_dags/example_kubernetes_executor.py took 0.090 seconds
