[2025-05-28T13:37:19.938+0000] {processor.py:186} INFO - Started process (PID=124) to work on /home/airflow/.local/lib/python3.12/site-packages/airflow/example_dags/example_sensors.py
[2025-05-28T13:37:19.939+0000] {processor.py:914} INFO - Processing file /home/airflow/.local/lib/python3.12/site-packages/airflow/example_dags/example_sensors.py for tasks to queue
[2025-05-28T13:37:19.941+0000] {logging_mixin.py:190} INFO - [2025-05-28T13:37:19.941+0000] {dagbag.py:588} INFO - Filling up the DagBag from /home/airflow/.local/lib/python3.12/site-packages/airflow/example_dags/example_sensors.py
[2025-05-28T13:37:19.954+0000] {processor.py:925} INFO - DAG(s) 'example_sensors' retrieved from /home/airflow/.local/lib/python3.12/site-packages/airflow/example_dags/example_sensors.py
[2025-05-28T13:37:19.980+0000] {logging_mixin.py:190} INFO - [2025-05-28T13:37:19.980+0000] {dag.py:3239} INFO - Sync 1 DAGs
[2025-05-28T13:37:19.993+0000] {logging_mixin.py:190} INFO - [2025-05-28T13:37:19.993+0000] {dag.py:4180} INFO - Setting next_dagrun for example_sensors to None, run_after=None
[2025-05-28T13:37:20.007+0000] {processor.py:208} INFO - Processing /home/airflow/.local/lib/python3.12/site-packages/airflow/example_dags/example_sensors.py took 0.075 seconds
[2025-05-28T13:37:52.191+0000] {processor.py:186} INFO - Started process (PID=189) to work on /home/airflow/.local/lib/python3.12/site-packages/airflow/example_dags/example_sensors.py
[2025-05-28T13:37:52.193+0000] {processor.py:914} INFO - Processing file /home/airflow/.local/lib/python3.12/site-packages/airflow/example_dags/example_sensors.py for tasks to queue
[2025-05-28T13:37:52.195+0000] {logging_mixin.py:190} INFO - [2025-05-28T13:37:52.195+0000] {dagbag.py:588} INFO - Filling up the DagBag from /home/airflow/.local/lib/python3.12/site-packages/airflow/example_dags/example_sensors.py
[2025-05-28T13:37:52.207+0000] {processor.py:925} INFO - DAG(s) 'example_sensors' retrieved from /home/airflow/.local/lib/python3.12/site-packages/airflow/example_dags/example_sensors.py
[2025-05-28T13:37:52.242+0000] {logging_mixin.py:190} INFO - [2025-05-28T13:37:52.242+0000] {dag.py:3239} INFO - Sync 1 DAGs
[2025-05-28T13:37:52.259+0000] {logging_mixin.py:190} INFO - [2025-05-28T13:37:52.259+0000] {dag.py:4180} INFO - Setting next_dagrun for example_sensors to None, run_after=None
[2025-05-28T13:37:52.285+0000] {processor.py:208} INFO - Processing /home/airflow/.local/lib/python3.12/site-packages/airflow/example_dags/example_sensors.py took 0.105 seconds
[2025-05-28T13:38:23.601+0000] {processor.py:186} INFO - Started process (PID=254) to work on /home/airflow/.local/lib/python3.12/site-packages/airflow/example_dags/example_sensors.py
[2025-05-28T13:38:23.602+0000] {processor.py:914} INFO - Processing file /home/airflow/.local/lib/python3.12/site-packages/airflow/example_dags/example_sensors.py for tasks to queue
[2025-05-28T13:38:23.605+0000] {logging_mixin.py:190} INFO - [2025-05-28T13:38:23.604+0000] {dagbag.py:588} INFO - Filling up the DagBag from /home/airflow/.local/lib/python3.12/site-packages/airflow/example_dags/example_sensors.py
[2025-05-28T13:38:23.618+0000] {processor.py:925} INFO - DAG(s) 'example_sensors' retrieved from /home/airflow/.local/lib/python3.12/site-packages/airflow/example_dags/example_sensors.py
[2025-05-28T13:38:23.651+0000] {logging_mixin.py:190} INFO - [2025-05-28T13:38:23.651+0000] {dag.py:3239} INFO - Sync 1 DAGs
[2025-05-28T13:38:23.668+0000] {logging_mixin.py:190} INFO - [2025-05-28T13:38:23.668+0000] {dag.py:4180} INFO - Setting next_dagrun for example_sensors to None, run_after=None
[2025-05-28T13:38:23.689+0000] {processor.py:208} INFO - Processing /home/airflow/.local/lib/python3.12/site-packages/airflow/example_dags/example_sensors.py took 0.095 seconds
[2025-05-28T13:38:54.693+0000] {processor.py:186} INFO - Started process (PID=319) to work on /home/airflow/.local/lib/python3.12/site-packages/airflow/example_dags/example_sensors.py
[2025-05-28T13:38:54.694+0000] {processor.py:914} INFO - Processing file /home/airflow/.local/lib/python3.12/site-packages/airflow/example_dags/example_sensors.py for tasks to queue
[2025-05-28T13:38:54.696+0000] {logging_mixin.py:190} INFO - [2025-05-28T13:38:54.696+0000] {dagbag.py:588} INFO - Filling up the DagBag from /home/airflow/.local/lib/python3.12/site-packages/airflow/example_dags/example_sensors.py
[2025-05-28T13:38:54.708+0000] {processor.py:925} INFO - DAG(s) 'example_sensors' retrieved from /home/airflow/.local/lib/python3.12/site-packages/airflow/example_dags/example_sensors.py
[2025-05-28T13:38:54.733+0000] {logging_mixin.py:190} INFO - [2025-05-28T13:38:54.733+0000] {dag.py:3239} INFO - Sync 1 DAGs
[2025-05-28T13:38:54.746+0000] {logging_mixin.py:190} INFO - [2025-05-28T13:38:54.746+0000] {dag.py:4180} INFO - Setting next_dagrun for example_sensors to None, run_after=None
[2025-05-28T13:38:54.768+0000] {processor.py:208} INFO - Processing /home/airflow/.local/lib/python3.12/site-packages/airflow/example_dags/example_sensors.py took 0.081 seconds
[2025-05-28T13:39:25.232+0000] {processor.py:186} INFO - Started process (PID=384) to work on /home/airflow/.local/lib/python3.12/site-packages/airflow/example_dags/example_sensors.py
[2025-05-28T13:39:25.232+0000] {processor.py:914} INFO - Processing file /home/airflow/.local/lib/python3.12/site-packages/airflow/example_dags/example_sensors.py for tasks to queue
[2025-05-28T13:39:25.234+0000] {logging_mixin.py:190} INFO - [2025-05-28T13:39:25.234+0000] {dagbag.py:588} INFO - Filling up the DagBag from /home/airflow/.local/lib/python3.12/site-packages/airflow/example_dags/example_sensors.py
[2025-05-28T13:39:25.244+0000] {processor.py:925} INFO - DAG(s) 'example_sensors' retrieved from /home/airflow/.local/lib/python3.12/site-packages/airflow/example_dags/example_sensors.py
[2025-05-28T13:39:25.268+0000] {logging_mixin.py:190} INFO - [2025-05-28T13:39:25.268+0000] {dag.py:3239} INFO - Sync 1 DAGs
[2025-05-28T13:39:25.281+0000] {logging_mixin.py:190} INFO - [2025-05-28T13:39:25.280+0000] {dag.py:4180} INFO - Setting next_dagrun for example_sensors to None, run_after=None
[2025-05-28T13:39:25.295+0000] {processor.py:208} INFO - Processing /home/airflow/.local/lib/python3.12/site-packages/airflow/example_dags/example_sensors.py took 0.069 seconds
[2025-05-28T13:39:56.693+0000] {processor.py:186} INFO - Started process (PID=449) to work on /home/airflow/.local/lib/python3.12/site-packages/airflow/example_dags/example_sensors.py
[2025-05-28T13:39:56.694+0000] {processor.py:914} INFO - Processing file /home/airflow/.local/lib/python3.12/site-packages/airflow/example_dags/example_sensors.py for tasks to queue
[2025-05-28T13:39:56.697+0000] {logging_mixin.py:190} INFO - [2025-05-28T13:39:56.696+0000] {dagbag.py:588} INFO - Filling up the DagBag from /home/airflow/.local/lib/python3.12/site-packages/airflow/example_dags/example_sensors.py
[2025-05-28T13:39:56.709+0000] {processor.py:925} INFO - DAG(s) 'example_sensors' retrieved from /home/airflow/.local/lib/python3.12/site-packages/airflow/example_dags/example_sensors.py
[2025-05-28T13:39:56.737+0000] {logging_mixin.py:190} INFO - [2025-05-28T13:39:56.737+0000] {dag.py:3239} INFO - Sync 1 DAGs
[2025-05-28T13:39:56.751+0000] {logging_mixin.py:190} INFO - [2025-05-28T13:39:56.751+0000] {dag.py:4180} INFO - Setting next_dagrun for example_sensors to None, run_after=None
[2025-05-28T13:39:56.766+0000] {processor.py:208} INFO - Processing /home/airflow/.local/lib/python3.12/site-packages/airflow/example_dags/example_sensors.py took 0.079 seconds
[2025-05-28T13:40:27.318+0000] {processor.py:186} INFO - Started process (PID=514) to work on /home/airflow/.local/lib/python3.12/site-packages/airflow/example_dags/example_sensors.py
[2025-05-28T13:40:27.319+0000] {processor.py:914} INFO - Processing file /home/airflow/.local/lib/python3.12/site-packages/airflow/example_dags/example_sensors.py for tasks to queue
[2025-05-28T13:40:27.321+0000] {logging_mixin.py:190} INFO - [2025-05-28T13:40:27.321+0000] {dagbag.py:588} INFO - Filling up the DagBag from /home/airflow/.local/lib/python3.12/site-packages/airflow/example_dags/example_sensors.py
[2025-05-28T13:40:27.332+0000] {processor.py:925} INFO - DAG(s) 'example_sensors' retrieved from /home/airflow/.local/lib/python3.12/site-packages/airflow/example_dags/example_sensors.py
[2025-05-28T13:40:27.366+0000] {logging_mixin.py:190} INFO - [2025-05-28T13:40:27.365+0000] {dag.py:3239} INFO - Sync 1 DAGs
[2025-05-28T13:40:27.383+0000] {logging_mixin.py:190} INFO - [2025-05-28T13:40:27.383+0000] {dag.py:4180} INFO - Setting next_dagrun for example_sensors to None, run_after=None
[2025-05-28T13:40:27.403+0000] {processor.py:208} INFO - Processing /home/airflow/.local/lib/python3.12/site-packages/airflow/example_dags/example_sensors.py took 0.091 seconds
[2025-05-28T13:40:58.600+0000] {processor.py:186} INFO - Started process (PID=579) to work on /home/airflow/.local/lib/python3.12/site-packages/airflow/example_dags/example_sensors.py
[2025-05-28T13:40:58.601+0000] {processor.py:914} INFO - Processing file /home/airflow/.local/lib/python3.12/site-packages/airflow/example_dags/example_sensors.py for tasks to queue
[2025-05-28T13:40:58.603+0000] {logging_mixin.py:190} INFO - [2025-05-28T13:40:58.603+0000] {dagbag.py:588} INFO - Filling up the DagBag from /home/airflow/.local/lib/python3.12/site-packages/airflow/example_dags/example_sensors.py
[2025-05-28T13:40:58.614+0000] {processor.py:925} INFO - DAG(s) 'example_sensors' retrieved from /home/airflow/.local/lib/python3.12/site-packages/airflow/example_dags/example_sensors.py
[2025-05-28T13:40:58.639+0000] {logging_mixin.py:190} INFO - [2025-05-28T13:40:58.639+0000] {dag.py:3239} INFO - Sync 1 DAGs
[2025-05-28T13:40:58.652+0000] {logging_mixin.py:190} INFO - [2025-05-28T13:40:58.652+0000] {dag.py:4180} INFO - Setting next_dagrun for example_sensors to None, run_after=None
[2025-05-28T13:40:58.686+0000] {processor.py:208} INFO - Processing /home/airflow/.local/lib/python3.12/site-packages/airflow/example_dags/example_sensors.py took 0.092 seconds
[2025-05-28T13:41:29.969+0000] {processor.py:186} INFO - Started process (PID=644) to work on /home/airflow/.local/lib/python3.12/site-packages/airflow/example_dags/example_sensors.py
[2025-05-28T13:41:29.970+0000] {processor.py:914} INFO - Processing file /home/airflow/.local/lib/python3.12/site-packages/airflow/example_dags/example_sensors.py for tasks to queue
[2025-05-28T13:41:29.972+0000] {logging_mixin.py:190} INFO - [2025-05-28T13:41:29.971+0000] {dagbag.py:588} INFO - Filling up the DagBag from /home/airflow/.local/lib/python3.12/site-packages/airflow/example_dags/example_sensors.py
[2025-05-28T13:41:29.982+0000] {processor.py:925} INFO - DAG(s) 'example_sensors' retrieved from /home/airflow/.local/lib/python3.12/site-packages/airflow/example_dags/example_sensors.py
[2025-05-28T13:41:30.009+0000] {logging_mixin.py:190} INFO - [2025-05-28T13:41:30.008+0000] {dag.py:3239} INFO - Sync 1 DAGs
[2025-05-28T13:41:30.023+0000] {logging_mixin.py:190} INFO - [2025-05-28T13:41:30.023+0000] {dag.py:4180} INFO - Setting next_dagrun for example_sensors to None, run_after=None
[2025-05-28T13:41:30.038+0000] {processor.py:208} INFO - Processing /home/airflow/.local/lib/python3.12/site-packages/airflow/example_dags/example_sensors.py took 0.077 seconds
[2025-05-28T13:42:01.165+0000] {processor.py:186} INFO - Started process (PID=718) to work on /home/airflow/.local/lib/python3.12/site-packages/airflow/example_dags/example_sensors.py
[2025-05-28T13:42:01.166+0000] {processor.py:914} INFO - Processing file /home/airflow/.local/lib/python3.12/site-packages/airflow/example_dags/example_sensors.py for tasks to queue
[2025-05-28T13:42:01.168+0000] {logging_mixin.py:190} INFO - [2025-05-28T13:42:01.168+0000] {dagbag.py:588} INFO - Filling up the DagBag from /home/airflow/.local/lib/python3.12/site-packages/airflow/example_dags/example_sensors.py
[2025-05-28T13:42:01.179+0000] {processor.py:925} INFO - DAG(s) 'example_sensors' retrieved from /home/airflow/.local/lib/python3.12/site-packages/airflow/example_dags/example_sensors.py
[2025-05-28T13:42:01.203+0000] {logging_mixin.py:190} INFO - [2025-05-28T13:42:01.203+0000] {dag.py:3239} INFO - Sync 1 DAGs
[2025-05-28T13:42:01.215+0000] {logging_mixin.py:190} INFO - [2025-05-28T13:42:01.215+0000] {dag.py:4180} INFO - Setting next_dagrun for example_sensors to None, run_after=None
[2025-05-28T13:42:01.228+0000] {processor.py:208} INFO - Processing /home/airflow/.local/lib/python3.12/site-packages/airflow/example_dags/example_sensors.py took 0.069 seconds
[2025-05-28T13:42:32.437+0000] {processor.py:186} INFO - Started process (PID=789) to work on /home/airflow/.local/lib/python3.12/site-packages/airflow/example_dags/example_sensors.py
[2025-05-28T13:42:32.438+0000] {processor.py:914} INFO - Processing file /home/airflow/.local/lib/python3.12/site-packages/airflow/example_dags/example_sensors.py for tasks to queue
[2025-05-28T13:42:32.440+0000] {logging_mixin.py:190} INFO - [2025-05-28T13:42:32.440+0000] {dagbag.py:588} INFO - Filling up the DagBag from /home/airflow/.local/lib/python3.12/site-packages/airflow/example_dags/example_sensors.py
[2025-05-28T13:42:32.450+0000] {processor.py:925} INFO - DAG(s) 'example_sensors' retrieved from /home/airflow/.local/lib/python3.12/site-packages/airflow/example_dags/example_sensors.py
[2025-05-28T13:42:32.479+0000] {logging_mixin.py:190} INFO - [2025-05-28T13:42:32.478+0000] {dag.py:3239} INFO - Sync 1 DAGs
[2025-05-28T13:42:32.495+0000] {logging_mixin.py:190} INFO - [2025-05-28T13:42:32.495+0000] {dag.py:4180} INFO - Setting next_dagrun for example_sensors to None, run_after=None
[2025-05-28T13:42:32.513+0000] {processor.py:208} INFO - Processing /home/airflow/.local/lib/python3.12/site-packages/airflow/example_dags/example_sensors.py took 0.082 seconds
[2025-05-28T13:43:03.748+0000] {processor.py:186} INFO - Started process (PID=855) to work on /home/airflow/.local/lib/python3.12/site-packages/airflow/example_dags/example_sensors.py
[2025-05-28T13:43:03.749+0000] {processor.py:914} INFO - Processing file /home/airflow/.local/lib/python3.12/site-packages/airflow/example_dags/example_sensors.py for tasks to queue
[2025-05-28T13:43:03.751+0000] {logging_mixin.py:190} INFO - [2025-05-28T13:43:03.751+0000] {dagbag.py:588} INFO - Filling up the DagBag from /home/airflow/.local/lib/python3.12/site-packages/airflow/example_dags/example_sensors.py
[2025-05-28T13:43:03.761+0000] {processor.py:925} INFO - DAG(s) 'example_sensors' retrieved from /home/airflow/.local/lib/python3.12/site-packages/airflow/example_dags/example_sensors.py
[2025-05-28T13:43:03.791+0000] {logging_mixin.py:190} INFO - [2025-05-28T13:43:03.791+0000] {dag.py:3239} INFO - Sync 1 DAGs
[2025-05-28T13:43:03.803+0000] {logging_mixin.py:190} INFO - [2025-05-28T13:43:03.803+0000] {dag.py:4180} INFO - Setting next_dagrun for example_sensors to None, run_after=None
[2025-05-28T13:43:03.816+0000] {processor.py:208} INFO - Processing /home/airflow/.local/lib/python3.12/site-packages/airflow/example_dags/example_sensors.py took 0.074 seconds
[2025-05-28T13:43:34.391+0000] {processor.py:186} INFO - Started process (PID=920) to work on /home/airflow/.local/lib/python3.12/site-packages/airflow/example_dags/example_sensors.py
[2025-05-28T13:43:34.392+0000] {processor.py:914} INFO - Processing file /home/airflow/.local/lib/python3.12/site-packages/airflow/example_dags/example_sensors.py for tasks to queue
[2025-05-28T13:43:34.393+0000] {logging_mixin.py:190} INFO - [2025-05-28T13:43:34.392+0000] {dagbag.py:588} INFO - Filling up the DagBag from /home/airflow/.local/lib/python3.12/site-packages/airflow/example_dags/example_sensors.py
[2025-05-28T13:43:34.404+0000] {processor.py:925} INFO - DAG(s) 'example_sensors' retrieved from /home/airflow/.local/lib/python3.12/site-packages/airflow/example_dags/example_sensors.py
[2025-05-28T13:43:34.427+0000] {logging_mixin.py:190} INFO - [2025-05-28T13:43:34.427+0000] {dag.py:3239} INFO - Sync 1 DAGs
[2025-05-28T13:43:34.439+0000] {logging_mixin.py:190} INFO - [2025-05-28T13:43:34.439+0000] {dag.py:4180} INFO - Setting next_dagrun for example_sensors to None, run_after=None
[2025-05-28T13:43:34.452+0000] {processor.py:208} INFO - Processing /home/airflow/.local/lib/python3.12/site-packages/airflow/example_dags/example_sensors.py took 0.067 seconds
[2025-05-28T13:44:05.054+0000] {processor.py:186} INFO - Started process (PID=984) to work on /home/airflow/.local/lib/python3.12/site-packages/airflow/example_dags/example_sensors.py
[2025-05-28T13:44:05.055+0000] {processor.py:914} INFO - Processing file /home/airflow/.local/lib/python3.12/site-packages/airflow/example_dags/example_sensors.py for tasks to queue
[2025-05-28T13:44:05.056+0000] {logging_mixin.py:190} INFO - [2025-05-28T13:44:05.056+0000] {dagbag.py:588} INFO - Filling up the DagBag from /home/airflow/.local/lib/python3.12/site-packages/airflow/example_dags/example_sensors.py
[2025-05-28T13:44:05.067+0000] {processor.py:925} INFO - DAG(s) 'example_sensors' retrieved from /home/airflow/.local/lib/python3.12/site-packages/airflow/example_dags/example_sensors.py
[2025-05-28T13:44:05.091+0000] {logging_mixin.py:190} INFO - [2025-05-28T13:44:05.091+0000] {dag.py:3239} INFO - Sync 1 DAGs
[2025-05-28T13:44:05.104+0000] {logging_mixin.py:190} INFO - [2025-05-28T13:44:05.103+0000] {dag.py:4180} INFO - Setting next_dagrun for example_sensors to None, run_after=None
[2025-05-28T13:44:05.117+0000] {processor.py:208} INFO - Processing /home/airflow/.local/lib/python3.12/site-packages/airflow/example_dags/example_sensors.py took 0.069 seconds
[2025-05-28T13:44:35.976+0000] {processor.py:186} INFO - Started process (PID=1049) to work on /home/airflow/.local/lib/python3.12/site-packages/airflow/example_dags/example_sensors.py
[2025-05-28T13:44:35.977+0000] {processor.py:914} INFO - Processing file /home/airflow/.local/lib/python3.12/site-packages/airflow/example_dags/example_sensors.py for tasks to queue
[2025-05-28T13:44:35.978+0000] {logging_mixin.py:190} INFO - [2025-05-28T13:44:35.978+0000] {dagbag.py:588} INFO - Filling up the DagBag from /home/airflow/.local/lib/python3.12/site-packages/airflow/example_dags/example_sensors.py
[2025-05-28T13:44:35.989+0000] {processor.py:925} INFO - DAG(s) 'example_sensors' retrieved from /home/airflow/.local/lib/python3.12/site-packages/airflow/example_dags/example_sensors.py
[2025-05-28T13:44:36.012+0000] {logging_mixin.py:190} INFO - [2025-05-28T13:44:36.012+0000] {dag.py:3239} INFO - Sync 1 DAGs
[2025-05-28T13:44:36.024+0000] {logging_mixin.py:190} INFO - [2025-05-28T13:44:36.024+0000] {dag.py:4180} INFO - Setting next_dagrun for example_sensors to None, run_after=None
[2025-05-28T13:44:36.038+0000] {processor.py:208} INFO - Processing /home/airflow/.local/lib/python3.12/site-packages/airflow/example_dags/example_sensors.py took 0.067 seconds
[2025-05-28T13:45:07.423+0000] {processor.py:186} INFO - Started process (PID=1119) to work on /home/airflow/.local/lib/python3.12/site-packages/airflow/example_dags/example_sensors.py
[2025-05-28T13:45:07.424+0000] {processor.py:914} INFO - Processing file /home/airflow/.local/lib/python3.12/site-packages/airflow/example_dags/example_sensors.py for tasks to queue
[2025-05-28T13:45:07.425+0000] {logging_mixin.py:190} INFO - [2025-05-28T13:45:07.425+0000] {dagbag.py:588} INFO - Filling up the DagBag from /home/airflow/.local/lib/python3.12/site-packages/airflow/example_dags/example_sensors.py
[2025-05-28T13:45:07.436+0000] {processor.py:925} INFO - DAG(s) 'example_sensors' retrieved from /home/airflow/.local/lib/python3.12/site-packages/airflow/example_dags/example_sensors.py
[2025-05-28T13:45:07.461+0000] {logging_mixin.py:190} INFO - [2025-05-28T13:45:07.460+0000] {dag.py:3239} INFO - Sync 1 DAGs
[2025-05-28T13:45:07.473+0000] {logging_mixin.py:190} INFO - [2025-05-28T13:45:07.473+0000] {dag.py:4180} INFO - Setting next_dagrun for example_sensors to None, run_after=None
[2025-05-28T13:45:07.491+0000] {processor.py:208} INFO - Processing /home/airflow/.local/lib/python3.12/site-packages/airflow/example_dags/example_sensors.py took 0.073 seconds
[2025-05-28T13:45:39.159+0000] {processor.py:186} INFO - Started process (PID=1185) to work on /home/airflow/.local/lib/python3.12/site-packages/airflow/example_dags/example_sensors.py
[2025-05-28T13:45:39.161+0000] {processor.py:914} INFO - Processing file /home/airflow/.local/lib/python3.12/site-packages/airflow/example_dags/example_sensors.py for tasks to queue
[2025-05-28T13:45:39.162+0000] {logging_mixin.py:190} INFO - [2025-05-28T13:45:39.161+0000] {dagbag.py:588} INFO - Filling up the DagBag from /home/airflow/.local/lib/python3.12/site-packages/airflow/example_dags/example_sensors.py
[2025-05-28T13:45:39.176+0000] {processor.py:925} INFO - DAG(s) 'example_sensors' retrieved from /home/airflow/.local/lib/python3.12/site-packages/airflow/example_dags/example_sensors.py
[2025-05-28T13:45:39.207+0000] {logging_mixin.py:190} INFO - [2025-05-28T13:45:39.207+0000] {dag.py:3239} INFO - Sync 1 DAGs
[2025-05-28T13:45:39.223+0000] {logging_mixin.py:190} INFO - [2025-05-28T13:45:39.223+0000] {dag.py:4180} INFO - Setting next_dagrun for example_sensors to None, run_after=None
[2025-05-28T13:45:39.242+0000] {processor.py:208} INFO - Processing /home/airflow/.local/lib/python3.12/site-packages/airflow/example_dags/example_sensors.py took 0.091 seconds
[2025-05-28T13:46:10.288+0000] {processor.py:186} INFO - Started process (PID=1251) to work on /home/airflow/.local/lib/python3.12/site-packages/airflow/example_dags/example_sensors.py
[2025-05-28T13:46:10.289+0000] {processor.py:914} INFO - Processing file /home/airflow/.local/lib/python3.12/site-packages/airflow/example_dags/example_sensors.py for tasks to queue
[2025-05-28T13:46:10.290+0000] {logging_mixin.py:190} INFO - [2025-05-28T13:46:10.289+0000] {dagbag.py:588} INFO - Filling up the DagBag from /home/airflow/.local/lib/python3.12/site-packages/airflow/example_dags/example_sensors.py
[2025-05-28T13:46:10.301+0000] {processor.py:925} INFO - DAG(s) 'example_sensors' retrieved from /home/airflow/.local/lib/python3.12/site-packages/airflow/example_dags/example_sensors.py
[2025-05-28T13:46:10.324+0000] {logging_mixin.py:190} INFO - [2025-05-28T13:46:10.324+0000] {dag.py:3239} INFO - Sync 1 DAGs
[2025-05-28T13:46:10.337+0000] {logging_mixin.py:190} INFO - [2025-05-28T13:46:10.337+0000] {dag.py:4180} INFO - Setting next_dagrun for example_sensors to None, run_after=None
[2025-05-28T13:46:10.351+0000] {processor.py:208} INFO - Processing /home/airflow/.local/lib/python3.12/site-packages/airflow/example_dags/example_sensors.py took 0.069 seconds
[2025-05-28T13:46:41.737+0000] {processor.py:186} INFO - Started process (PID=1324) to work on /home/airflow/.local/lib/python3.12/site-packages/airflow/example_dags/example_sensors.py
[2025-05-28T13:46:41.738+0000] {processor.py:914} INFO - Processing file /home/airflow/.local/lib/python3.12/site-packages/airflow/example_dags/example_sensors.py for tasks to queue
[2025-05-28T13:46:41.739+0000] {logging_mixin.py:190} INFO - [2025-05-28T13:46:41.739+0000] {dagbag.py:588} INFO - Filling up the DagBag from /home/airflow/.local/lib/python3.12/site-packages/airflow/example_dags/example_sensors.py
[2025-05-28T13:46:41.752+0000] {processor.py:925} INFO - DAG(s) 'example_sensors' retrieved from /home/airflow/.local/lib/python3.12/site-packages/airflow/example_dags/example_sensors.py
[2025-05-28T13:46:41.778+0000] {logging_mixin.py:190} INFO - [2025-05-28T13:46:41.778+0000] {dag.py:3239} INFO - Sync 1 DAGs
[2025-05-28T13:46:41.792+0000] {logging_mixin.py:190} INFO - [2025-05-28T13:46:41.792+0000] {dag.py:4180} INFO - Setting next_dagrun for example_sensors to None, run_after=None
[2025-05-28T13:46:41.807+0000] {processor.py:208} INFO - Processing /home/airflow/.local/lib/python3.12/site-packages/airflow/example_dags/example_sensors.py took 0.076 seconds
[2025-05-28T13:47:14.254+0000] {processor.py:186} INFO - Started process (PID=1389) to work on /home/airflow/.local/lib/python3.12/site-packages/airflow/example_dags/example_sensors.py
[2025-05-28T13:47:14.255+0000] {processor.py:914} INFO - Processing file /home/airflow/.local/lib/python3.12/site-packages/airflow/example_dags/example_sensors.py for tasks to queue
[2025-05-28T13:47:14.256+0000] {logging_mixin.py:190} INFO - [2025-05-28T13:47:14.256+0000] {dagbag.py:588} INFO - Filling up the DagBag from /home/airflow/.local/lib/python3.12/site-packages/airflow/example_dags/example_sensors.py
[2025-05-28T13:47:14.270+0000] {processor.py:925} INFO - DAG(s) 'example_sensors' retrieved from /home/airflow/.local/lib/python3.12/site-packages/airflow/example_dags/example_sensors.py
[2025-05-28T13:47:14.298+0000] {logging_mixin.py:190} INFO - [2025-05-28T13:47:14.297+0000] {dag.py:3239} INFO - Sync 1 DAGs
[2025-05-28T13:47:14.314+0000] {logging_mixin.py:190} INFO - [2025-05-28T13:47:14.314+0000] {dag.py:4180} INFO - Setting next_dagrun for example_sensors to None, run_after=None
[2025-05-28T13:47:14.332+0000] {processor.py:208} INFO - Processing /home/airflow/.local/lib/python3.12/site-packages/airflow/example_dags/example_sensors.py took 0.085 seconds
[2025-05-28T13:47:44.757+0000] {processor.py:186} INFO - Started process (PID=1454) to work on /home/airflow/.local/lib/python3.12/site-packages/airflow/example_dags/example_sensors.py
[2025-05-28T13:47:44.759+0000] {processor.py:914} INFO - Processing file /home/airflow/.local/lib/python3.12/site-packages/airflow/example_dags/example_sensors.py for tasks to queue
[2025-05-28T13:47:44.760+0000] {logging_mixin.py:190} INFO - [2025-05-28T13:47:44.759+0000] {dagbag.py:588} INFO - Filling up the DagBag from /home/airflow/.local/lib/python3.12/site-packages/airflow/example_dags/example_sensors.py
[2025-05-28T13:47:44.774+0000] {processor.py:925} INFO - DAG(s) 'example_sensors' retrieved from /home/airflow/.local/lib/python3.12/site-packages/airflow/example_dags/example_sensors.py
[2025-05-28T13:47:44.804+0000] {logging_mixin.py:190} INFO - [2025-05-28T13:47:44.804+0000] {dag.py:3239} INFO - Sync 1 DAGs
[2025-05-28T13:47:44.819+0000] {logging_mixin.py:190} INFO - [2025-05-28T13:47:44.819+0000] {dag.py:4180} INFO - Setting next_dagrun for example_sensors to None, run_after=None
[2025-05-28T13:47:44.835+0000] {processor.py:208} INFO - Processing /home/airflow/.local/lib/python3.12/site-packages/airflow/example_dags/example_sensors.py took 0.085 seconds
[2025-05-28T13:48:15.981+0000] {processor.py:186} INFO - Started process (PID=1520) to work on /home/airflow/.local/lib/python3.12/site-packages/airflow/example_dags/example_sensors.py
[2025-05-28T13:48:15.983+0000] {processor.py:914} INFO - Processing file /home/airflow/.local/lib/python3.12/site-packages/airflow/example_dags/example_sensors.py for tasks to queue
[2025-05-28T13:48:15.984+0000] {logging_mixin.py:190} INFO - [2025-05-28T13:48:15.983+0000] {dagbag.py:588} INFO - Filling up the DagBag from /home/airflow/.local/lib/python3.12/site-packages/airflow/example_dags/example_sensors.py
[2025-05-28T13:48:15.995+0000] {processor.py:925} INFO - DAG(s) 'example_sensors' retrieved from /home/airflow/.local/lib/python3.12/site-packages/airflow/example_dags/example_sensors.py
[2025-05-28T13:48:16.018+0000] {logging_mixin.py:190} INFO - [2025-05-28T13:48:16.018+0000] {dag.py:3239} INFO - Sync 1 DAGs
[2025-05-28T13:48:16.031+0000] {logging_mixin.py:190} INFO - [2025-05-28T13:48:16.030+0000] {dag.py:4180} INFO - Setting next_dagrun for example_sensors to None, run_after=None
[2025-05-28T13:48:16.045+0000] {processor.py:208} INFO - Processing /home/airflow/.local/lib/python3.12/site-packages/airflow/example_dags/example_sensors.py took 0.069 seconds
[2025-05-28T13:48:47.643+0000] {processor.py:186} INFO - Started process (PID=1586) to work on /home/airflow/.local/lib/python3.12/site-packages/airflow/example_dags/example_sensors.py
[2025-05-28T13:48:47.645+0000] {processor.py:914} INFO - Processing file /home/airflow/.local/lib/python3.12/site-packages/airflow/example_dags/example_sensors.py for tasks to queue
[2025-05-28T13:48:47.647+0000] {logging_mixin.py:190} INFO - [2025-05-28T13:48:47.646+0000] {dagbag.py:588} INFO - Filling up the DagBag from /home/airflow/.local/lib/python3.12/site-packages/airflow/example_dags/example_sensors.py
[2025-05-28T13:48:47.662+0000] {processor.py:925} INFO - DAG(s) 'example_sensors' retrieved from /home/airflow/.local/lib/python3.12/site-packages/airflow/example_dags/example_sensors.py
[2025-05-28T13:48:47.701+0000] {logging_mixin.py:190} INFO - [2025-05-28T13:48:47.701+0000] {dag.py:3239} INFO - Sync 1 DAGs
[2025-05-28T13:48:47.717+0000] {logging_mixin.py:190} INFO - [2025-05-28T13:48:47.716+0000] {dag.py:4180} INFO - Setting next_dagrun for example_sensors to None, run_after=None
[2025-05-28T13:48:47.733+0000] {processor.py:208} INFO - Processing /home/airflow/.local/lib/python3.12/site-packages/airflow/example_dags/example_sensors.py took 0.098 seconds
[2025-05-28T13:49:18.912+0000] {processor.py:186} INFO - Started process (PID=1650) to work on /home/airflow/.local/lib/python3.12/site-packages/airflow/example_dags/example_sensors.py
[2025-05-28T13:49:18.913+0000] {processor.py:914} INFO - Processing file /home/airflow/.local/lib/python3.12/site-packages/airflow/example_dags/example_sensors.py for tasks to queue
[2025-05-28T13:49:18.915+0000] {logging_mixin.py:190} INFO - [2025-05-28T13:49:18.914+0000] {dagbag.py:588} INFO - Filling up the DagBag from /home/airflow/.local/lib/python3.12/site-packages/airflow/example_dags/example_sensors.py
[2025-05-28T13:49:18.927+0000] {processor.py:925} INFO - DAG(s) 'example_sensors' retrieved from /home/airflow/.local/lib/python3.12/site-packages/airflow/example_dags/example_sensors.py
[2025-05-28T13:49:18.980+0000] {logging_mixin.py:190} INFO - [2025-05-28T13:49:18.980+0000] {dag.py:3239} INFO - Sync 1 DAGs
[2025-05-28T13:49:18.997+0000] {logging_mixin.py:190} INFO - [2025-05-28T13:49:18.996+0000] {dag.py:4180} INFO - Setting next_dagrun for example_sensors to None, run_after=None
[2025-05-28T13:49:19.015+0000] {processor.py:208} INFO - Processing /home/airflow/.local/lib/python3.12/site-packages/airflow/example_dags/example_sensors.py took 0.109 seconds
[2025-05-28T13:49:49.587+0000] {processor.py:186} INFO - Started process (PID=1724) to work on /home/airflow/.local/lib/python3.12/site-packages/airflow/example_dags/example_sensors.py
[2025-05-28T13:49:49.588+0000] {processor.py:914} INFO - Processing file /home/airflow/.local/lib/python3.12/site-packages/airflow/example_dags/example_sensors.py for tasks to queue
[2025-05-28T13:49:49.590+0000] {logging_mixin.py:190} INFO - [2025-05-28T13:49:49.589+0000] {dagbag.py:588} INFO - Filling up the DagBag from /home/airflow/.local/lib/python3.12/site-packages/airflow/example_dags/example_sensors.py
[2025-05-28T13:49:49.603+0000] {processor.py:925} INFO - DAG(s) 'example_sensors' retrieved from /home/airflow/.local/lib/python3.12/site-packages/airflow/example_dags/example_sensors.py
[2025-05-28T13:49:49.633+0000] {logging_mixin.py:190} INFO - [2025-05-28T13:49:49.633+0000] {dag.py:3239} INFO - Sync 1 DAGs
[2025-05-28T13:49:49.648+0000] {logging_mixin.py:190} INFO - [2025-05-28T13:49:49.648+0000] {dag.py:4180} INFO - Setting next_dagrun for example_sensors to None, run_after=None
[2025-05-28T13:49:49.666+0000] {processor.py:208} INFO - Processing /home/airflow/.local/lib/python3.12/site-packages/airflow/example_dags/example_sensors.py took 0.086 seconds
[2025-05-28T13:50:20.732+0000] {processor.py:186} INFO - Started process (PID=1789) to work on /home/airflow/.local/lib/python3.12/site-packages/airflow/example_dags/example_sensors.py
[2025-05-28T13:50:20.733+0000] {processor.py:914} INFO - Processing file /home/airflow/.local/lib/python3.12/site-packages/airflow/example_dags/example_sensors.py for tasks to queue
[2025-05-28T13:50:20.735+0000] {logging_mixin.py:190} INFO - [2025-05-28T13:50:20.734+0000] {dagbag.py:588} INFO - Filling up the DagBag from /home/airflow/.local/lib/python3.12/site-packages/airflow/example_dags/example_sensors.py
[2025-05-28T13:50:20.747+0000] {processor.py:925} INFO - DAG(s) 'example_sensors' retrieved from /home/airflow/.local/lib/python3.12/site-packages/airflow/example_dags/example_sensors.py
[2025-05-28T13:50:20.772+0000] {logging_mixin.py:190} INFO - [2025-05-28T13:50:20.772+0000] {dag.py:3239} INFO - Sync 1 DAGs
[2025-05-28T13:50:20.786+0000] {logging_mixin.py:190} INFO - [2025-05-28T13:50:20.786+0000] {dag.py:4180} INFO - Setting next_dagrun for example_sensors to None, run_after=None
[2025-05-28T13:50:20.803+0000] {processor.py:208} INFO - Processing /home/airflow/.local/lib/python3.12/site-packages/airflow/example_dags/example_sensors.py took 0.078 seconds
[2025-05-28T13:50:52.295+0000] {processor.py:186} INFO - Started process (PID=1854) to work on /home/airflow/.local/lib/python3.12/site-packages/airflow/example_dags/example_sensors.py
[2025-05-28T13:50:52.296+0000] {processor.py:914} INFO - Processing file /home/airflow/.local/lib/python3.12/site-packages/airflow/example_dags/example_sensors.py for tasks to queue
[2025-05-28T13:50:52.297+0000] {logging_mixin.py:190} INFO - [2025-05-28T13:50:52.297+0000] {dagbag.py:588} INFO - Filling up the DagBag from /home/airflow/.local/lib/python3.12/site-packages/airflow/example_dags/example_sensors.py
[2025-05-28T13:50:52.310+0000] {processor.py:925} INFO - DAG(s) 'example_sensors' retrieved from /home/airflow/.local/lib/python3.12/site-packages/airflow/example_dags/example_sensors.py
[2025-05-28T13:50:52.335+0000] {logging_mixin.py:190} INFO - [2025-05-28T13:50:52.334+0000] {dag.py:3239} INFO - Sync 1 DAGs
[2025-05-28T13:50:52.351+0000] {logging_mixin.py:190} INFO - [2025-05-28T13:50:52.350+0000] {dag.py:4180} INFO - Setting next_dagrun for example_sensors to None, run_after=None
[2025-05-28T13:50:52.370+0000] {processor.py:208} INFO - Processing /home/airflow/.local/lib/python3.12/site-packages/airflow/example_dags/example_sensors.py took 0.082 seconds
[2025-05-28T13:51:23.828+0000] {processor.py:186} INFO - Started process (PID=1924) to work on /home/airflow/.local/lib/python3.12/site-packages/airflow/example_dags/example_sensors.py
[2025-05-28T13:51:23.829+0000] {processor.py:914} INFO - Processing file /home/airflow/.local/lib/python3.12/site-packages/airflow/example_dags/example_sensors.py for tasks to queue
[2025-05-28T13:51:23.830+0000] {logging_mixin.py:190} INFO - [2025-05-28T13:51:23.830+0000] {dagbag.py:588} INFO - Filling up the DagBag from /home/airflow/.local/lib/python3.12/site-packages/airflow/example_dags/example_sensors.py
[2025-05-28T13:51:23.842+0000] {processor.py:925} INFO - DAG(s) 'example_sensors' retrieved from /home/airflow/.local/lib/python3.12/site-packages/airflow/example_dags/example_sensors.py
[2025-05-28T13:51:23.870+0000] {logging_mixin.py:190} INFO - [2025-05-28T13:51:23.869+0000] {dag.py:3239} INFO - Sync 1 DAGs
[2025-05-28T13:51:23.883+0000] {logging_mixin.py:190} INFO - [2025-05-28T13:51:23.883+0000] {dag.py:4180} INFO - Setting next_dagrun for example_sensors to None, run_after=None
[2025-05-28T13:51:23.897+0000] {processor.py:208} INFO - Processing /home/airflow/.local/lib/python3.12/site-packages/airflow/example_dags/example_sensors.py took 0.076 seconds
[2025-05-28T13:51:54.607+0000] {processor.py:186} INFO - Started process (PID=1993) to work on /home/airflow/.local/lib/python3.12/site-packages/airflow/example_dags/example_sensors.py
[2025-05-28T13:51:54.608+0000] {processor.py:914} INFO - Processing file /home/airflow/.local/lib/python3.12/site-packages/airflow/example_dags/example_sensors.py for tasks to queue
[2025-05-28T13:51:54.609+0000] {logging_mixin.py:190} INFO - [2025-05-28T13:51:54.609+0000] {dagbag.py:588} INFO - Filling up the DagBag from /home/airflow/.local/lib/python3.12/site-packages/airflow/example_dags/example_sensors.py
[2025-05-28T13:51:54.621+0000] {processor.py:925} INFO - DAG(s) 'example_sensors' retrieved from /home/airflow/.local/lib/python3.12/site-packages/airflow/example_dags/example_sensors.py
[2025-05-28T13:51:54.646+0000] {logging_mixin.py:190} INFO - [2025-05-28T13:51:54.646+0000] {dag.py:3239} INFO - Sync 1 DAGs
[2025-05-28T13:51:54.662+0000] {logging_mixin.py:190} INFO - [2025-05-28T13:51:54.662+0000] {dag.py:4180} INFO - Setting next_dagrun for example_sensors to None, run_after=None
[2025-05-28T13:51:54.681+0000] {processor.py:208} INFO - Processing /home/airflow/.local/lib/python3.12/site-packages/airflow/example_dags/example_sensors.py took 0.081 seconds
[2025-05-28T13:52:25.519+0000] {processor.py:186} INFO - Started process (PID=2058) to work on /home/airflow/.local/lib/python3.12/site-packages/airflow/example_dags/example_sensors.py
[2025-05-28T13:52:25.520+0000] {processor.py:914} INFO - Processing file /home/airflow/.local/lib/python3.12/site-packages/airflow/example_dags/example_sensors.py for tasks to queue
[2025-05-28T13:52:25.521+0000] {logging_mixin.py:190} INFO - [2025-05-28T13:52:25.521+0000] {dagbag.py:588} INFO - Filling up the DagBag from /home/airflow/.local/lib/python3.12/site-packages/airflow/example_dags/example_sensors.py
[2025-05-28T13:52:25.533+0000] {processor.py:925} INFO - DAG(s) 'example_sensors' retrieved from /home/airflow/.local/lib/python3.12/site-packages/airflow/example_dags/example_sensors.py
[2025-05-28T13:52:25.561+0000] {logging_mixin.py:190} INFO - [2025-05-28T13:52:25.560+0000] {dag.py:3239} INFO - Sync 1 DAGs
[2025-05-28T13:52:25.574+0000] {logging_mixin.py:190} INFO - [2025-05-28T13:52:25.574+0000] {dag.py:4180} INFO - Setting next_dagrun for example_sensors to None, run_after=None
[2025-05-28T13:52:25.592+0000] {processor.py:208} INFO - Processing /home/airflow/.local/lib/python3.12/site-packages/airflow/example_dags/example_sensors.py took 0.080 seconds
[2025-05-28T13:52:57.313+0000] {processor.py:186} INFO - Started process (PID=2124) to work on /home/airflow/.local/lib/python3.12/site-packages/airflow/example_dags/example_sensors.py
[2025-05-28T13:52:57.314+0000] {processor.py:914} INFO - Processing file /home/airflow/.local/lib/python3.12/site-packages/airflow/example_dags/example_sensors.py for tasks to queue
[2025-05-28T13:52:57.315+0000] {logging_mixin.py:190} INFO - [2025-05-28T13:52:57.315+0000] {dagbag.py:588} INFO - Filling up the DagBag from /home/airflow/.local/lib/python3.12/site-packages/airflow/example_dags/example_sensors.py
[2025-05-28T13:52:57.327+0000] {processor.py:925} INFO - DAG(s) 'example_sensors' retrieved from /home/airflow/.local/lib/python3.12/site-packages/airflow/example_dags/example_sensors.py
[2025-05-28T13:52:57.354+0000] {logging_mixin.py:190} INFO - [2025-05-28T13:52:57.354+0000] {dag.py:3239} INFO - Sync 1 DAGs
[2025-05-28T13:52:57.369+0000] {logging_mixin.py:190} INFO - [2025-05-28T13:52:57.369+0000] {dag.py:4180} INFO - Setting next_dagrun for example_sensors to None, run_after=None
[2025-05-28T13:52:57.384+0000] {processor.py:208} INFO - Processing /home/airflow/.local/lib/python3.12/site-packages/airflow/example_dags/example_sensors.py took 0.078 seconds
[2025-05-28T13:53:28.076+0000] {processor.py:186} INFO - Started process (PID=2188) to work on /home/airflow/.local/lib/python3.12/site-packages/airflow/example_dags/example_sensors.py
[2025-05-28T13:53:28.077+0000] {processor.py:914} INFO - Processing file /home/airflow/.local/lib/python3.12/site-packages/airflow/example_dags/example_sensors.py for tasks to queue
[2025-05-28T13:53:28.078+0000] {logging_mixin.py:190} INFO - [2025-05-28T13:53:28.078+0000] {dagbag.py:588} INFO - Filling up the DagBag from /home/airflow/.local/lib/python3.12/site-packages/airflow/example_dags/example_sensors.py
[2025-05-28T13:53:28.093+0000] {processor.py:925} INFO - DAG(s) 'example_sensors' retrieved from /home/airflow/.local/lib/python3.12/site-packages/airflow/example_dags/example_sensors.py
[2025-05-28T13:53:28.120+0000] {logging_mixin.py:190} INFO - [2025-05-28T13:53:28.120+0000] {dag.py:3239} INFO - Sync 1 DAGs
[2025-05-28T13:53:28.133+0000] {logging_mixin.py:190} INFO - [2025-05-28T13:53:28.133+0000] {dag.py:4180} INFO - Setting next_dagrun for example_sensors to None, run_after=None
[2025-05-28T13:53:28.148+0000] {processor.py:208} INFO - Processing /home/airflow/.local/lib/python3.12/site-packages/airflow/example_dags/example_sensors.py took 0.081 seconds
[2025-05-28T13:53:59.069+0000] {processor.py:186} INFO - Started process (PID=2253) to work on /home/airflow/.local/lib/python3.12/site-packages/airflow/example_dags/example_sensors.py
[2025-05-28T13:53:59.071+0000] {processor.py:914} INFO - Processing file /home/airflow/.local/lib/python3.12/site-packages/airflow/example_dags/example_sensors.py for tasks to queue
[2025-05-28T13:53:59.072+0000] {logging_mixin.py:190} INFO - [2025-05-28T13:53:59.072+0000] {dagbag.py:588} INFO - Filling up the DagBag from /home/airflow/.local/lib/python3.12/site-packages/airflow/example_dags/example_sensors.py
[2025-05-28T13:53:59.087+0000] {processor.py:925} INFO - DAG(s) 'example_sensors' retrieved from /home/airflow/.local/lib/python3.12/site-packages/airflow/example_dags/example_sensors.py
[2025-05-28T13:53:59.119+0000] {logging_mixin.py:190} INFO - [2025-05-28T13:53:59.118+0000] {dag.py:3239} INFO - Sync 1 DAGs
[2025-05-28T13:53:59.134+0000] {logging_mixin.py:190} INFO - [2025-05-28T13:53:59.133+0000] {dag.py:4180} INFO - Setting next_dagrun for example_sensors to None, run_after=None
[2025-05-28T13:53:59.156+0000] {processor.py:208} INFO - Processing /home/airflow/.local/lib/python3.12/site-packages/airflow/example_dags/example_sensors.py took 0.094 seconds
[2025-05-28T13:54:30.320+0000] {processor.py:186} INFO - Started process (PID=2318) to work on /home/airflow/.local/lib/python3.12/site-packages/airflow/example_dags/example_sensors.py
[2025-05-28T13:54:30.321+0000] {processor.py:914} INFO - Processing file /home/airflow/.local/lib/python3.12/site-packages/airflow/example_dags/example_sensors.py for tasks to queue
[2025-05-28T13:54:30.322+0000] {logging_mixin.py:190} INFO - [2025-05-28T13:54:30.321+0000] {dagbag.py:588} INFO - Filling up the DagBag from /home/airflow/.local/lib/python3.12/site-packages/airflow/example_dags/example_sensors.py
[2025-05-28T13:54:30.335+0000] {processor.py:925} INFO - DAG(s) 'example_sensors' retrieved from /home/airflow/.local/lib/python3.12/site-packages/airflow/example_dags/example_sensors.py
[2025-05-28T13:54:30.366+0000] {logging_mixin.py:190} INFO - [2025-05-28T13:54:30.366+0000] {dag.py:3239} INFO - Sync 1 DAGs
[2025-05-28T13:54:30.383+0000] {logging_mixin.py:190} INFO - [2025-05-28T13:54:30.383+0000] {dag.py:4180} INFO - Setting next_dagrun for example_sensors to None, run_after=None
[2025-05-28T13:54:30.406+0000] {processor.py:208} INFO - Processing /home/airflow/.local/lib/python3.12/site-packages/airflow/example_dags/example_sensors.py took 0.094 seconds
[2025-05-28T13:55:02.343+0000] {processor.py:186} INFO - Started process (PID=2384) to work on /home/airflow/.local/lib/python3.12/site-packages/airflow/example_dags/example_sensors.py
[2025-05-28T13:55:02.344+0000] {processor.py:914} INFO - Processing file /home/airflow/.local/lib/python3.12/site-packages/airflow/example_dags/example_sensors.py for tasks to queue
[2025-05-28T13:55:02.345+0000] {logging_mixin.py:190} INFO - [2025-05-28T13:55:02.345+0000] {dagbag.py:588} INFO - Filling up the DagBag from /home/airflow/.local/lib/python3.12/site-packages/airflow/example_dags/example_sensors.py
[2025-05-28T13:55:02.357+0000] {processor.py:925} INFO - DAG(s) 'example_sensors' retrieved from /home/airflow/.local/lib/python3.12/site-packages/airflow/example_dags/example_sensors.py
[2025-05-28T13:55:02.394+0000] {logging_mixin.py:190} INFO - [2025-05-28T13:55:02.394+0000] {dag.py:3239} INFO - Sync 1 DAGs
[2025-05-28T13:55:02.409+0000] {logging_mixin.py:190} INFO - [2025-05-28T13:55:02.409+0000] {dag.py:4180} INFO - Setting next_dagrun for example_sensors to None, run_after=None
[2025-05-28T13:55:02.424+0000] {processor.py:208} INFO - Processing /home/airflow/.local/lib/python3.12/site-packages/airflow/example_dags/example_sensors.py took 0.087 seconds
[2025-05-28T13:55:33.432+0000] {processor.py:186} INFO - Started process (PID=2448) to work on /home/airflow/.local/lib/python3.12/site-packages/airflow/example_dags/example_sensors.py
[2025-05-28T13:55:33.434+0000] {processor.py:914} INFO - Processing file /home/airflow/.local/lib/python3.12/site-packages/airflow/example_dags/example_sensors.py for tasks to queue
[2025-05-28T13:55:33.475+0000] {logging_mixin.py:190} INFO - [2025-05-28T13:55:33.475+0000] {dagbag.py:588} INFO - Filling up the DagBag from /home/airflow/.local/lib/python3.12/site-packages/airflow/example_dags/example_sensors.py
[2025-05-28T13:55:33.490+0000] {processor.py:925} INFO - DAG(s) 'example_sensors' retrieved from /home/airflow/.local/lib/python3.12/site-packages/airflow/example_dags/example_sensors.py
[2025-05-28T13:55:33.518+0000] {logging_mixin.py:190} INFO - [2025-05-28T13:55:33.518+0000] {dag.py:3239} INFO - Sync 1 DAGs
[2025-05-28T13:55:33.533+0000] {logging_mixin.py:190} INFO - [2025-05-28T13:55:33.533+0000] {dag.py:4180} INFO - Setting next_dagrun for example_sensors to None, run_after=None
[2025-05-28T13:55:33.580+0000] {processor.py:208} INFO - Processing /home/airflow/.local/lib/python3.12/site-packages/airflow/example_dags/example_sensors.py took 0.154 seconds
[2025-05-28T13:56:06.182+0000] {processor.py:186} INFO - Started process (PID=2513) to work on /home/airflow/.local/lib/python3.12/site-packages/airflow/example_dags/example_sensors.py
[2025-05-28T13:56:06.183+0000] {processor.py:914} INFO - Processing file /home/airflow/.local/lib/python3.12/site-packages/airflow/example_dags/example_sensors.py for tasks to queue
[2025-05-28T13:56:06.184+0000] {logging_mixin.py:190} INFO - [2025-05-28T13:56:06.184+0000] {dagbag.py:588} INFO - Filling up the DagBag from /home/airflow/.local/lib/python3.12/site-packages/airflow/example_dags/example_sensors.py
[2025-05-28T13:56:06.199+0000] {processor.py:925} INFO - DAG(s) 'example_sensors' retrieved from /home/airflow/.local/lib/python3.12/site-packages/airflow/example_dags/example_sensors.py
[2025-05-28T13:56:06.227+0000] {logging_mixin.py:190} INFO - [2025-05-28T13:56:06.227+0000] {dag.py:3239} INFO - Sync 1 DAGs
[2025-05-28T13:56:06.241+0000] {logging_mixin.py:190} INFO - [2025-05-28T13:56:06.241+0000] {dag.py:4180} INFO - Setting next_dagrun for example_sensors to None, run_after=None
[2025-05-28T13:56:06.258+0000] {processor.py:208} INFO - Processing /home/airflow/.local/lib/python3.12/site-packages/airflow/example_dags/example_sensors.py took 0.084 seconds
[2025-05-28T13:56:37.321+0000] {processor.py:186} INFO - Started process (PID=2578) to work on /home/airflow/.local/lib/python3.12/site-packages/airflow/example_dags/example_sensors.py
[2025-05-28T13:56:37.322+0000] {processor.py:914} INFO - Processing file /home/airflow/.local/lib/python3.12/site-packages/airflow/example_dags/example_sensors.py for tasks to queue
[2025-05-28T13:56:37.324+0000] {logging_mixin.py:190} INFO - [2025-05-28T13:56:37.323+0000] {dagbag.py:588} INFO - Filling up the DagBag from /home/airflow/.local/lib/python3.12/site-packages/airflow/example_dags/example_sensors.py
[2025-05-28T13:56:37.336+0000] {processor.py:925} INFO - DAG(s) 'example_sensors' retrieved from /home/airflow/.local/lib/python3.12/site-packages/airflow/example_dags/example_sensors.py
[2025-05-28T13:56:37.362+0000] {logging_mixin.py:190} INFO - [2025-05-28T13:56:37.362+0000] {dag.py:3239} INFO - Sync 1 DAGs
[2025-05-28T13:56:37.376+0000] {logging_mixin.py:190} INFO - [2025-05-28T13:56:37.376+0000] {dag.py:4180} INFO - Setting next_dagrun for example_sensors to None, run_after=None
[2025-05-28T13:56:37.391+0000] {processor.py:208} INFO - Processing /home/airflow/.local/lib/python3.12/site-packages/airflow/example_dags/example_sensors.py took 0.076 seconds
[2025-05-28T13:57:08.501+0000] {processor.py:186} INFO - Started process (PID=2643) to work on /home/airflow/.local/lib/python3.12/site-packages/airflow/example_dags/example_sensors.py
[2025-05-28T13:57:08.502+0000] {processor.py:914} INFO - Processing file /home/airflow/.local/lib/python3.12/site-packages/airflow/example_dags/example_sensors.py for tasks to queue
[2025-05-28T13:57:08.503+0000] {logging_mixin.py:190} INFO - [2025-05-28T13:57:08.503+0000] {dagbag.py:588} INFO - Filling up the DagBag from /home/airflow/.local/lib/python3.12/site-packages/airflow/example_dags/example_sensors.py
[2025-05-28T13:57:08.517+0000] {processor.py:925} INFO - DAG(s) 'example_sensors' retrieved from /home/airflow/.local/lib/python3.12/site-packages/airflow/example_dags/example_sensors.py
[2025-05-28T13:57:08.548+0000] {logging_mixin.py:190} INFO - [2025-05-28T13:57:08.547+0000] {dag.py:3239} INFO - Sync 1 DAGs
[2025-05-28T13:57:08.574+0000] {logging_mixin.py:190} INFO - [2025-05-28T13:57:08.562+0000] {dag.py:4180} INFO - Setting next_dagrun for example_sensors to None, run_after=None
[2025-05-28T13:57:08.590+0000] {processor.py:208} INFO - Processing /home/airflow/.local/lib/python3.12/site-packages/airflow/example_dags/example_sensors.py took 0.097 seconds
[2025-05-28T13:57:40.747+0000] {processor.py:186} INFO - Started process (PID=2713) to work on /home/airflow/.local/lib/python3.12/site-packages/airflow/example_dags/example_sensors.py
[2025-05-28T13:57:40.748+0000] {processor.py:914} INFO - Processing file /home/airflow/.local/lib/python3.12/site-packages/airflow/example_dags/example_sensors.py for tasks to queue
[2025-05-28T13:57:40.749+0000] {logging_mixin.py:190} INFO - [2025-05-28T13:57:40.749+0000] {dagbag.py:588} INFO - Filling up the DagBag from /home/airflow/.local/lib/python3.12/site-packages/airflow/example_dags/example_sensors.py
[2025-05-28T13:57:40.760+0000] {processor.py:925} INFO - DAG(s) 'example_sensors' retrieved from /home/airflow/.local/lib/python3.12/site-packages/airflow/example_dags/example_sensors.py
[2025-05-28T13:57:40.785+0000] {logging_mixin.py:190} INFO - [2025-05-28T13:57:40.784+0000] {dag.py:3239} INFO - Sync 1 DAGs
[2025-05-28T13:57:40.801+0000] {logging_mixin.py:190} INFO - [2025-05-28T13:57:40.800+0000] {dag.py:4180} INFO - Setting next_dagrun for example_sensors to None, run_after=None
[2025-05-28T13:57:40.818+0000] {processor.py:208} INFO - Processing /home/airflow/.local/lib/python3.12/site-packages/airflow/example_dags/example_sensors.py took 0.077 seconds
[2025-05-28T13:58:12.110+0000] {processor.py:186} INFO - Started process (PID=2777) to work on /home/airflow/.local/lib/python3.12/site-packages/airflow/example_dags/example_sensors.py
[2025-05-28T13:58:12.111+0000] {processor.py:914} INFO - Processing file /home/airflow/.local/lib/python3.12/site-packages/airflow/example_dags/example_sensors.py for tasks to queue
[2025-05-28T13:58:12.113+0000] {logging_mixin.py:190} INFO - [2025-05-28T13:58:12.112+0000] {dagbag.py:588} INFO - Filling up the DagBag from /home/airflow/.local/lib/python3.12/site-packages/airflow/example_dags/example_sensors.py
[2025-05-28T13:58:12.127+0000] {processor.py:925} INFO - DAG(s) 'example_sensors' retrieved from /home/airflow/.local/lib/python3.12/site-packages/airflow/example_dags/example_sensors.py
[2025-05-28T13:58:12.161+0000] {logging_mixin.py:190} INFO - [2025-05-28T13:58:12.160+0000] {dag.py:3239} INFO - Sync 1 DAGs
[2025-05-28T13:58:12.177+0000] {logging_mixin.py:190} INFO - [2025-05-28T13:58:12.177+0000] {dag.py:4180} INFO - Setting next_dagrun for example_sensors to None, run_after=None
[2025-05-28T13:58:12.195+0000] {processor.py:208} INFO - Processing /home/airflow/.local/lib/python3.12/site-packages/airflow/example_dags/example_sensors.py took 0.092 seconds
[2025-05-28T13:58:43.515+0000] {processor.py:186} INFO - Started process (PID=2842) to work on /home/airflow/.local/lib/python3.12/site-packages/airflow/example_dags/example_sensors.py
[2025-05-28T13:58:43.516+0000] {processor.py:914} INFO - Processing file /home/airflow/.local/lib/python3.12/site-packages/airflow/example_dags/example_sensors.py for tasks to queue
[2025-05-28T13:58:43.517+0000] {logging_mixin.py:190} INFO - [2025-05-28T13:58:43.517+0000] {dagbag.py:588} INFO - Filling up the DagBag from /home/airflow/.local/lib/python3.12/site-packages/airflow/example_dags/example_sensors.py
[2025-05-28T13:58:43.529+0000] {processor.py:925} INFO - DAG(s) 'example_sensors' retrieved from /home/airflow/.local/lib/python3.12/site-packages/airflow/example_dags/example_sensors.py
[2025-05-28T13:58:43.557+0000] {logging_mixin.py:190} INFO - [2025-05-28T13:58:43.557+0000] {dag.py:3239} INFO - Sync 1 DAGs
[2025-05-28T13:58:43.580+0000] {logging_mixin.py:190} INFO - [2025-05-28T13:58:43.580+0000] {dag.py:4180} INFO - Setting next_dagrun for example_sensors to None, run_after=None
[2025-05-28T13:58:43.598+0000] {processor.py:208} INFO - Processing /home/airflow/.local/lib/python3.12/site-packages/airflow/example_dags/example_sensors.py took 0.090 seconds
[2025-05-28T13:59:15.878+0000] {processor.py:186} INFO - Started process (PID=2908) to work on /home/airflow/.local/lib/python3.12/site-packages/airflow/example_dags/example_sensors.py
[2025-05-28T13:59:15.879+0000] {processor.py:914} INFO - Processing file /home/airflow/.local/lib/python3.12/site-packages/airflow/example_dags/example_sensors.py for tasks to queue
[2025-05-28T13:59:15.881+0000] {logging_mixin.py:190} INFO - [2025-05-28T13:59:15.880+0000] {dagbag.py:588} INFO - Filling up the DagBag from /home/airflow/.local/lib/python3.12/site-packages/airflow/example_dags/example_sensors.py
[2025-05-28T13:59:15.894+0000] {processor.py:925} INFO - DAG(s) 'example_sensors' retrieved from /home/airflow/.local/lib/python3.12/site-packages/airflow/example_dags/example_sensors.py
[2025-05-28T13:59:15.925+0000] {logging_mixin.py:190} INFO - [2025-05-28T13:59:15.924+0000] {dag.py:3239} INFO - Sync 1 DAGs
[2025-05-28T13:59:15.940+0000] {logging_mixin.py:190} INFO - [2025-05-28T13:59:15.940+0000] {dag.py:4180} INFO - Setting next_dagrun for example_sensors to None, run_after=None
[2025-05-28T13:59:15.959+0000] {processor.py:208} INFO - Processing /home/airflow/.local/lib/python3.12/site-packages/airflow/example_dags/example_sensors.py took 0.089 seconds
[2025-05-28T13:59:47.707+0000] {processor.py:186} INFO - Started process (PID=2973) to work on /home/airflow/.local/lib/python3.12/site-packages/airflow/example_dags/example_sensors.py
[2025-05-28T13:59:47.709+0000] {processor.py:914} INFO - Processing file /home/airflow/.local/lib/python3.12/site-packages/airflow/example_dags/example_sensors.py for tasks to queue
[2025-05-28T13:59:47.711+0000] {logging_mixin.py:190} INFO - [2025-05-28T13:59:47.711+0000] {dagbag.py:588} INFO - Filling up the DagBag from /home/airflow/.local/lib/python3.12/site-packages/airflow/example_dags/example_sensors.py
[2025-05-28T13:59:47.732+0000] {processor.py:925} INFO - DAG(s) 'example_sensors' retrieved from /home/airflow/.local/lib/python3.12/site-packages/airflow/example_dags/example_sensors.py
[2025-05-28T13:59:47.786+0000] {logging_mixin.py:190} INFO - [2025-05-28T13:59:47.786+0000] {dag.py:3239} INFO - Sync 1 DAGs
[2025-05-28T13:59:47.814+0000] {logging_mixin.py:190} INFO - [2025-05-28T13:59:47.814+0000] {dag.py:4180} INFO - Setting next_dagrun for example_sensors to None, run_after=None
[2025-05-28T13:59:47.858+0000] {processor.py:208} INFO - Processing /home/airflow/.local/lib/python3.12/site-packages/airflow/example_dags/example_sensors.py took 0.161 seconds
[2025-05-28T14:00:18.991+0000] {processor.py:186} INFO - Started process (PID=3038) to work on /home/airflow/.local/lib/python3.12/site-packages/airflow/example_dags/example_sensors.py
[2025-05-28T14:00:18.992+0000] {processor.py:914} INFO - Processing file /home/airflow/.local/lib/python3.12/site-packages/airflow/example_dags/example_sensors.py for tasks to queue
[2025-05-28T14:00:18.994+0000] {logging_mixin.py:190} INFO - [2025-05-28T14:00:18.994+0000] {dagbag.py:588} INFO - Filling up the DagBag from /home/airflow/.local/lib/python3.12/site-packages/airflow/example_dags/example_sensors.py
[2025-05-28T14:00:19.013+0000] {processor.py:925} INFO - DAG(s) 'example_sensors' retrieved from /home/airflow/.local/lib/python3.12/site-packages/airflow/example_dags/example_sensors.py
[2025-05-28T14:00:19.051+0000] {logging_mixin.py:190} INFO - [2025-05-28T14:00:19.051+0000] {dag.py:3239} INFO - Sync 1 DAGs
[2025-05-28T14:00:19.070+0000] {logging_mixin.py:190} INFO - [2025-05-28T14:00:19.070+0000] {dag.py:4180} INFO - Setting next_dagrun for example_sensors to None, run_after=None
[2025-05-28T14:00:19.093+0000] {processor.py:208} INFO - Processing /home/airflow/.local/lib/python3.12/site-packages/airflow/example_dags/example_sensors.py took 0.112 seconds
[2025-05-28T14:00:50.688+0000] {processor.py:186} INFO - Started process (PID=3105) to work on /home/airflow/.local/lib/python3.12/site-packages/airflow/example_dags/example_sensors.py
[2025-05-28T14:00:50.689+0000] {processor.py:914} INFO - Processing file /home/airflow/.local/lib/python3.12/site-packages/airflow/example_dags/example_sensors.py for tasks to queue
[2025-05-28T14:00:50.691+0000] {logging_mixin.py:190} INFO - [2025-05-28T14:00:50.690+0000] {dagbag.py:588} INFO - Filling up the DagBag from /home/airflow/.local/lib/python3.12/site-packages/airflow/example_dags/example_sensors.py
[2025-05-28T14:00:50.703+0000] {processor.py:925} INFO - DAG(s) 'example_sensors' retrieved from /home/airflow/.local/lib/python3.12/site-packages/airflow/example_dags/example_sensors.py
[2025-05-28T14:00:50.733+0000] {logging_mixin.py:190} INFO - [2025-05-28T14:00:50.733+0000] {dag.py:3239} INFO - Sync 1 DAGs
[2025-05-28T14:00:50.749+0000] {logging_mixin.py:190} INFO - [2025-05-28T14:00:50.749+0000] {dag.py:4180} INFO - Setting next_dagrun for example_sensors to None, run_after=None
[2025-05-28T14:00:50.771+0000] {processor.py:208} INFO - Processing /home/airflow/.local/lib/python3.12/site-packages/airflow/example_dags/example_sensors.py took 0.092 seconds
[2025-05-28T14:01:21.236+0000] {processor.py:186} INFO - Started process (PID=3170) to work on /home/airflow/.local/lib/python3.12/site-packages/airflow/example_dags/example_sensors.py
[2025-05-28T14:01:21.238+0000] {processor.py:914} INFO - Processing file /home/airflow/.local/lib/python3.12/site-packages/airflow/example_dags/example_sensors.py for tasks to queue
[2025-05-28T14:01:21.240+0000] {logging_mixin.py:190} INFO - [2025-05-28T14:01:21.239+0000] {dagbag.py:588} INFO - Filling up the DagBag from /home/airflow/.local/lib/python3.12/site-packages/airflow/example_dags/example_sensors.py
[2025-05-28T14:01:21.264+0000] {processor.py:925} INFO - DAG(s) 'example_sensors' retrieved from /home/airflow/.local/lib/python3.12/site-packages/airflow/example_dags/example_sensors.py
[2025-05-28T14:01:21.309+0000] {logging_mixin.py:190} INFO - [2025-05-28T14:01:21.308+0000] {dag.py:3239} INFO - Sync 1 DAGs
[2025-05-28T14:01:21.328+0000] {logging_mixin.py:190} INFO - [2025-05-28T14:01:21.328+0000] {dag.py:4180} INFO - Setting next_dagrun for example_sensors to None, run_after=None
[2025-05-28T14:01:21.359+0000] {processor.py:208} INFO - Processing /home/airflow/.local/lib/python3.12/site-packages/airflow/example_dags/example_sensors.py took 0.134 seconds
[2025-05-28T14:01:52.536+0000] {processor.py:186} INFO - Started process (PID=3240) to work on /home/airflow/.local/lib/python3.12/site-packages/airflow/example_dags/example_sensors.py
[2025-05-28T14:01:52.548+0000] {processor.py:914} INFO - Processing file /home/airflow/.local/lib/python3.12/site-packages/airflow/example_dags/example_sensors.py for tasks to queue
[2025-05-28T14:01:52.550+0000] {logging_mixin.py:190} INFO - [2025-05-28T14:01:52.550+0000] {dagbag.py:588} INFO - Filling up the DagBag from /home/airflow/.local/lib/python3.12/site-packages/airflow/example_dags/example_sensors.py
[2025-05-28T14:01:52.568+0000] {processor.py:925} INFO - DAG(s) 'example_sensors' retrieved from /home/airflow/.local/lib/python3.12/site-packages/airflow/example_dags/example_sensors.py
[2025-05-28T14:01:52.608+0000] {logging_mixin.py:190} INFO - [2025-05-28T14:01:52.607+0000] {dag.py:3239} INFO - Sync 1 DAGs
[2025-05-28T14:01:52.629+0000] {logging_mixin.py:190} INFO - [2025-05-28T14:01:52.629+0000] {dag.py:4180} INFO - Setting next_dagrun for example_sensors to None, run_after=None
[2025-05-28T14:01:52.812+0000] {processor.py:208} INFO - Processing /home/airflow/.local/lib/python3.12/site-packages/airflow/example_dags/example_sensors.py took 0.285 seconds
[2025-05-28T14:02:26.157+0000] {processor.py:186} INFO - Started process (PID=3310) to work on /home/airflow/.local/lib/python3.12/site-packages/airflow/example_dags/example_sensors.py
[2025-05-28T14:02:26.158+0000] {processor.py:914} INFO - Processing file /home/airflow/.local/lib/python3.12/site-packages/airflow/example_dags/example_sensors.py for tasks to queue
[2025-05-28T14:02:26.161+0000] {logging_mixin.py:190} INFO - [2025-05-28T14:02:26.160+0000] {dagbag.py:588} INFO - Filling up the DagBag from /home/airflow/.local/lib/python3.12/site-packages/airflow/example_dags/example_sensors.py
[2025-05-28T14:02:26.178+0000] {processor.py:925} INFO - DAG(s) 'example_sensors' retrieved from /home/airflow/.local/lib/python3.12/site-packages/airflow/example_dags/example_sensors.py
[2025-05-28T14:02:26.228+0000] {logging_mixin.py:190} INFO - [2025-05-28T14:02:26.227+0000] {dag.py:3239} INFO - Sync 1 DAGs
[2025-05-28T14:02:26.260+0000] {logging_mixin.py:190} INFO - [2025-05-28T14:02:26.259+0000] {dag.py:4180} INFO - Setting next_dagrun for example_sensors to None, run_after=None
[2025-05-28T14:02:26.299+0000] {processor.py:208} INFO - Processing /home/airflow/.local/lib/python3.12/site-packages/airflow/example_dags/example_sensors.py took 0.151 seconds
[2025-05-28T14:02:58.173+0000] {processor.py:186} INFO - Started process (PID=3375) to work on /home/airflow/.local/lib/python3.12/site-packages/airflow/example_dags/example_sensors.py
[2025-05-28T14:02:58.174+0000] {processor.py:914} INFO - Processing file /home/airflow/.local/lib/python3.12/site-packages/airflow/example_dags/example_sensors.py for tasks to queue
[2025-05-28T14:02:58.175+0000] {logging_mixin.py:190} INFO - [2025-05-28T14:02:58.175+0000] {dagbag.py:588} INFO - Filling up the DagBag from /home/airflow/.local/lib/python3.12/site-packages/airflow/example_dags/example_sensors.py
[2025-05-28T14:02:58.195+0000] {processor.py:925} INFO - DAG(s) 'example_sensors' retrieved from /home/airflow/.local/lib/python3.12/site-packages/airflow/example_dags/example_sensors.py
[2025-05-28T14:02:58.239+0000] {logging_mixin.py:190} INFO - [2025-05-28T14:02:58.238+0000] {dag.py:3239} INFO - Sync 1 DAGs
[2025-05-28T14:02:58.267+0000] {logging_mixin.py:190} INFO - [2025-05-28T14:02:58.266+0000] {dag.py:4180} INFO - Setting next_dagrun for example_sensors to None, run_after=None
[2025-05-28T14:02:58.296+0000] {processor.py:208} INFO - Processing /home/airflow/.local/lib/python3.12/site-packages/airflow/example_dags/example_sensors.py took 0.133 seconds
[2025-05-28T14:03:29.557+0000] {processor.py:186} INFO - Started process (PID=3441) to work on /home/airflow/.local/lib/python3.12/site-packages/airflow/example_dags/example_sensors.py
[2025-05-28T14:03:29.559+0000] {processor.py:914} INFO - Processing file /home/airflow/.local/lib/python3.12/site-packages/airflow/example_dags/example_sensors.py for tasks to queue
[2025-05-28T14:03:29.560+0000] {logging_mixin.py:190} INFO - [2025-05-28T14:03:29.560+0000] {dagbag.py:588} INFO - Filling up the DagBag from /home/airflow/.local/lib/python3.12/site-packages/airflow/example_dags/example_sensors.py
[2025-05-28T14:03:29.576+0000] {processor.py:925} INFO - DAG(s) 'example_sensors' retrieved from /home/airflow/.local/lib/python3.12/site-packages/airflow/example_dags/example_sensors.py
[2025-05-28T14:03:29.619+0000] {logging_mixin.py:190} INFO - [2025-05-28T14:03:29.618+0000] {dag.py:3239} INFO - Sync 1 DAGs
[2025-05-28T14:03:29.640+0000] {logging_mixin.py:190} INFO - [2025-05-28T14:03:29.640+0000] {dag.py:4180} INFO - Setting next_dagrun for example_sensors to None, run_after=None
[2025-05-28T14:03:29.663+0000] {processor.py:208} INFO - Processing /home/airflow/.local/lib/python3.12/site-packages/airflow/example_dags/example_sensors.py took 0.114 seconds
[2025-05-28T14:04:00.531+0000] {processor.py:186} INFO - Started process (PID=3506) to work on /home/airflow/.local/lib/python3.12/site-packages/airflow/example_dags/example_sensors.py
[2025-05-28T14:04:00.533+0000] {processor.py:914} INFO - Processing file /home/airflow/.local/lib/python3.12/site-packages/airflow/example_dags/example_sensors.py for tasks to queue
[2025-05-28T14:04:00.534+0000] {logging_mixin.py:190} INFO - [2025-05-28T14:04:00.534+0000] {dagbag.py:588} INFO - Filling up the DagBag from /home/airflow/.local/lib/python3.12/site-packages/airflow/example_dags/example_sensors.py
[2025-05-28T14:04:00.548+0000] {processor.py:925} INFO - DAG(s) 'example_sensors' retrieved from /home/airflow/.local/lib/python3.12/site-packages/airflow/example_dags/example_sensors.py
[2025-05-28T14:04:00.580+0000] {logging_mixin.py:190} INFO - [2025-05-28T14:04:00.579+0000] {dag.py:3239} INFO - Sync 1 DAGs
[2025-05-28T14:04:00.598+0000] {logging_mixin.py:190} INFO - [2025-05-28T14:04:00.597+0000] {dag.py:4180} INFO - Setting next_dagrun for example_sensors to None, run_after=None
[2025-05-28T14:04:00.621+0000] {processor.py:208} INFO - Processing /home/airflow/.local/lib/python3.12/site-packages/airflow/example_dags/example_sensors.py took 0.097 seconds
[2025-05-28T14:04:31.284+0000] {processor.py:186} INFO - Started process (PID=3570) to work on /home/airflow/.local/lib/python3.12/site-packages/airflow/example_dags/example_sensors.py
[2025-05-28T14:04:31.286+0000] {processor.py:914} INFO - Processing file /home/airflow/.local/lib/python3.12/site-packages/airflow/example_dags/example_sensors.py for tasks to queue
[2025-05-28T14:04:31.287+0000] {logging_mixin.py:190} INFO - [2025-05-28T14:04:31.287+0000] {dagbag.py:588} INFO - Filling up the DagBag from /home/airflow/.local/lib/python3.12/site-packages/airflow/example_dags/example_sensors.py
[2025-05-28T14:04:31.301+0000] {processor.py:925} INFO - DAG(s) 'example_sensors' retrieved from /home/airflow/.local/lib/python3.12/site-packages/airflow/example_dags/example_sensors.py
[2025-05-28T14:04:31.340+0000] {logging_mixin.py:190} INFO - [2025-05-28T14:04:31.340+0000] {dag.py:3239} INFO - Sync 1 DAGs
[2025-05-28T14:04:31.359+0000] {logging_mixin.py:190} INFO - [2025-05-28T14:04:31.359+0000] {dag.py:4180} INFO - Setting next_dagrun for example_sensors to None, run_after=None
[2025-05-28T14:04:31.390+0000] {processor.py:208} INFO - Processing /home/airflow/.local/lib/python3.12/site-packages/airflow/example_dags/example_sensors.py took 0.113 seconds
[2025-05-28T14:05:02.875+0000] {processor.py:186} INFO - Started process (PID=3634) to work on /home/airflow/.local/lib/python3.12/site-packages/airflow/example_dags/example_sensors.py
[2025-05-28T14:05:02.877+0000] {processor.py:914} INFO - Processing file /home/airflow/.local/lib/python3.12/site-packages/airflow/example_dags/example_sensors.py for tasks to queue
[2025-05-28T14:05:02.879+0000] {logging_mixin.py:190} INFO - [2025-05-28T14:05:02.878+0000] {dagbag.py:588} INFO - Filling up the DagBag from /home/airflow/.local/lib/python3.12/site-packages/airflow/example_dags/example_sensors.py
[2025-05-28T14:05:02.893+0000] {processor.py:925} INFO - DAG(s) 'example_sensors' retrieved from /home/airflow/.local/lib/python3.12/site-packages/airflow/example_dags/example_sensors.py
[2025-05-28T14:05:02.923+0000] {logging_mixin.py:190} INFO - [2025-05-28T14:05:02.923+0000] {dag.py:3239} INFO - Sync 1 DAGs
[2025-05-28T14:05:02.941+0000] {logging_mixin.py:190} INFO - [2025-05-28T14:05:02.940+0000] {dag.py:4180} INFO - Setting next_dagrun for example_sensors to None, run_after=None
[2025-05-28T14:05:02.962+0000] {processor.py:208} INFO - Processing /home/airflow/.local/lib/python3.12/site-packages/airflow/example_dags/example_sensors.py took 0.094 seconds
[2025-05-28T14:05:36.112+0000] {processor.py:186} INFO - Started process (PID=3701) to work on /home/airflow/.local/lib/python3.12/site-packages/airflow/example_dags/example_sensors.py
[2025-05-28T14:05:36.113+0000] {processor.py:914} INFO - Processing file /home/airflow/.local/lib/python3.12/site-packages/airflow/example_dags/example_sensors.py for tasks to queue
[2025-05-28T14:05:36.116+0000] {logging_mixin.py:190} INFO - [2025-05-28T14:05:36.115+0000] {dagbag.py:588} INFO - Filling up the DagBag from /home/airflow/.local/lib/python3.12/site-packages/airflow/example_dags/example_sensors.py
[2025-05-28T14:05:36.137+0000] {processor.py:925} INFO - DAG(s) 'example_sensors' retrieved from /home/airflow/.local/lib/python3.12/site-packages/airflow/example_dags/example_sensors.py
[2025-05-28T14:05:36.181+0000] {logging_mixin.py:190} INFO - [2025-05-28T14:05:36.180+0000] {dag.py:3239} INFO - Sync 1 DAGs
[2025-05-28T14:05:36.205+0000] {logging_mixin.py:190} INFO - [2025-05-28T14:05:36.204+0000] {dag.py:4180} INFO - Setting next_dagrun for example_sensors to None, run_after=None
[2025-05-28T14:05:36.225+0000] {processor.py:208} INFO - Processing /home/airflow/.local/lib/python3.12/site-packages/airflow/example_dags/example_sensors.py took 0.123 seconds
[2025-05-28T14:06:07.046+0000] {processor.py:186} INFO - Started process (PID=3766) to work on /home/airflow/.local/lib/python3.12/site-packages/airflow/example_dags/example_sensors.py
[2025-05-28T14:06:07.047+0000] {processor.py:914} INFO - Processing file /home/airflow/.local/lib/python3.12/site-packages/airflow/example_dags/example_sensors.py for tasks to queue
[2025-05-28T14:06:07.048+0000] {logging_mixin.py:190} INFO - [2025-05-28T14:06:07.048+0000] {dagbag.py:588} INFO - Filling up the DagBag from /home/airflow/.local/lib/python3.12/site-packages/airflow/example_dags/example_sensors.py
[2025-05-28T14:06:07.064+0000] {processor.py:925} INFO - DAG(s) 'example_sensors' retrieved from /home/airflow/.local/lib/python3.12/site-packages/airflow/example_dags/example_sensors.py
[2025-05-28T14:06:07.104+0000] {logging_mixin.py:190} INFO - [2025-05-28T14:06:07.103+0000] {dag.py:3239} INFO - Sync 1 DAGs
[2025-05-28T14:06:07.126+0000] {logging_mixin.py:190} INFO - [2025-05-28T14:06:07.125+0000] {dag.py:4180} INFO - Setting next_dagrun for example_sensors to None, run_after=None
[2025-05-28T14:06:07.159+0000] {processor.py:208} INFO - Processing /home/airflow/.local/lib/python3.12/site-packages/airflow/example_dags/example_sensors.py took 0.119 seconds
[2025-05-28T14:06:38.398+0000] {processor.py:186} INFO - Started process (PID=3830) to work on /home/airflow/.local/lib/python3.12/site-packages/airflow/example_dags/example_sensors.py
[2025-05-28T14:06:38.399+0000] {processor.py:914} INFO - Processing file /home/airflow/.local/lib/python3.12/site-packages/airflow/example_dags/example_sensors.py for tasks to queue
[2025-05-28T14:06:38.401+0000] {logging_mixin.py:190} INFO - [2025-05-28T14:06:38.400+0000] {dagbag.py:588} INFO - Filling up the DagBag from /home/airflow/.local/lib/python3.12/site-packages/airflow/example_dags/example_sensors.py
[2025-05-28T14:06:38.420+0000] {processor.py:925} INFO - DAG(s) 'example_sensors' retrieved from /home/airflow/.local/lib/python3.12/site-packages/airflow/example_dags/example_sensors.py
[2025-05-28T14:06:38.464+0000] {logging_mixin.py:190} INFO - [2025-05-28T14:06:38.463+0000] {dag.py:3239} INFO - Sync 1 DAGs
[2025-05-28T14:06:38.490+0000] {logging_mixin.py:190} INFO - [2025-05-28T14:06:38.489+0000] {dag.py:4180} INFO - Setting next_dagrun for example_sensors to None, run_after=None
[2025-05-28T14:06:38.517+0000] {processor.py:208} INFO - Processing /home/airflow/.local/lib/python3.12/site-packages/airflow/example_dags/example_sensors.py took 0.130 seconds
[2025-05-28T14:07:11.279+0000] {processor.py:186} INFO - Started process (PID=3896) to work on /home/airflow/.local/lib/python3.12/site-packages/airflow/example_dags/example_sensors.py
[2025-05-28T14:07:11.281+0000] {processor.py:914} INFO - Processing file /home/airflow/.local/lib/python3.12/site-packages/airflow/example_dags/example_sensors.py for tasks to queue
[2025-05-28T14:07:11.282+0000] {logging_mixin.py:190} INFO - [2025-05-28T14:07:11.282+0000] {dagbag.py:588} INFO - Filling up the DagBag from /home/airflow/.local/lib/python3.12/site-packages/airflow/example_dags/example_sensors.py
[2025-05-28T14:07:11.298+0000] {processor.py:925} INFO - DAG(s) 'example_sensors' retrieved from /home/airflow/.local/lib/python3.12/site-packages/airflow/example_dags/example_sensors.py
[2025-05-28T14:07:11.336+0000] {logging_mixin.py:190} INFO - [2025-05-28T14:07:11.335+0000] {dag.py:3239} INFO - Sync 1 DAGs
[2025-05-28T14:07:11.357+0000] {logging_mixin.py:190} INFO - [2025-05-28T14:07:11.357+0000] {dag.py:4180} INFO - Setting next_dagrun for example_sensors to None, run_after=None
[2025-05-28T14:07:11.382+0000] {processor.py:208} INFO - Processing /home/airflow/.local/lib/python3.12/site-packages/airflow/example_dags/example_sensors.py took 0.111 seconds
[2025-05-28T14:07:44.413+0000] {processor.py:186} INFO - Started process (PID=3961) to work on /home/airflow/.local/lib/python3.12/site-packages/airflow/example_dags/example_sensors.py
[2025-05-28T14:07:44.415+0000] {processor.py:914} INFO - Processing file /home/airflow/.local/lib/python3.12/site-packages/airflow/example_dags/example_sensors.py for tasks to queue
[2025-05-28T14:07:44.417+0000] {logging_mixin.py:190} INFO - [2025-05-28T14:07:44.416+0000] {dagbag.py:588} INFO - Filling up the DagBag from /home/airflow/.local/lib/python3.12/site-packages/airflow/example_dags/example_sensors.py
[2025-05-28T14:07:44.440+0000] {processor.py:925} INFO - DAG(s) 'example_sensors' retrieved from /home/airflow/.local/lib/python3.12/site-packages/airflow/example_dags/example_sensors.py
[2025-05-28T14:07:44.486+0000] {logging_mixin.py:190} INFO - [2025-05-28T14:07:44.485+0000] {dag.py:3239} INFO - Sync 1 DAGs
[2025-05-28T14:07:44.985+0000] {logging_mixin.py:190} INFO - [2025-05-28T14:07:44.984+0000] {dag.py:4180} INFO - Setting next_dagrun for example_sensors to None, run_after=None
[2025-05-28T14:07:45.015+0000] {processor.py:208} INFO - Processing /home/airflow/.local/lib/python3.12/site-packages/airflow/example_dags/example_sensors.py took 0.612 seconds
[2025-05-28T14:08:15.488+0000] {processor.py:186} INFO - Started process (PID=4026) to work on /home/airflow/.local/lib/python3.12/site-packages/airflow/example_dags/example_sensors.py
[2025-05-28T14:08:15.490+0000] {processor.py:914} INFO - Processing file /home/airflow/.local/lib/python3.12/site-packages/airflow/example_dags/example_sensors.py for tasks to queue
[2025-05-28T14:08:15.492+0000] {logging_mixin.py:190} INFO - [2025-05-28T14:08:15.491+0000] {dagbag.py:588} INFO - Filling up the DagBag from /home/airflow/.local/lib/python3.12/site-packages/airflow/example_dags/example_sensors.py
[2025-05-28T14:08:15.512+0000] {processor.py:925} INFO - DAG(s) 'example_sensors' retrieved from /home/airflow/.local/lib/python3.12/site-packages/airflow/example_dags/example_sensors.py
[2025-05-28T14:08:15.569+0000] {logging_mixin.py:190} INFO - [2025-05-28T14:08:15.568+0000] {dag.py:3239} INFO - Sync 1 DAGs
[2025-05-28T14:08:15.597+0000] {logging_mixin.py:190} INFO - [2025-05-28T14:08:15.596+0000] {dag.py:4180} INFO - Setting next_dagrun for example_sensors to None, run_after=None
[2025-05-28T14:08:16.136+0000] {processor.py:208} INFO - Processing /home/airflow/.local/lib/python3.12/site-packages/airflow/example_dags/example_sensors.py took 0.659 seconds
[2025-05-28T14:08:46.287+0000] {processor.py:186} INFO - Started process (PID=4092) to work on /home/airflow/.local/lib/python3.12/site-packages/airflow/example_dags/example_sensors.py
[2025-05-28T14:08:46.289+0000] {processor.py:914} INFO - Processing file /home/airflow/.local/lib/python3.12/site-packages/airflow/example_dags/example_sensors.py for tasks to queue
[2025-05-28T14:08:46.291+0000] {logging_mixin.py:190} INFO - [2025-05-28T14:08:46.290+0000] {dagbag.py:588} INFO - Filling up the DagBag from /home/airflow/.local/lib/python3.12/site-packages/airflow/example_dags/example_sensors.py
[2025-05-28T14:08:46.311+0000] {processor.py:925} INFO - DAG(s) 'example_sensors' retrieved from /home/airflow/.local/lib/python3.12/site-packages/airflow/example_dags/example_sensors.py
[2025-05-28T14:08:46.350+0000] {logging_mixin.py:190} INFO - [2025-05-28T14:08:46.350+0000] {dag.py:3239} INFO - Sync 1 DAGs
[2025-05-28T14:08:46.368+0000] {logging_mixin.py:190} INFO - [2025-05-28T14:08:46.368+0000] {dag.py:4180} INFO - Setting next_dagrun for example_sensors to None, run_after=None
[2025-05-28T14:08:46.403+0000] {processor.py:208} INFO - Processing /home/airflow/.local/lib/python3.12/site-packages/airflow/example_dags/example_sensors.py took 0.124 seconds
[2025-05-28T14:09:18.006+0000] {processor.py:186} INFO - Started process (PID=4155) to work on /home/airflow/.local/lib/python3.12/site-packages/airflow/example_dags/example_sensors.py
[2025-05-28T14:09:18.008+0000] {processor.py:914} INFO - Processing file /home/airflow/.local/lib/python3.12/site-packages/airflow/example_dags/example_sensors.py for tasks to queue
[2025-05-28T14:09:18.010+0000] {logging_mixin.py:190} INFO - [2025-05-28T14:09:18.009+0000] {dagbag.py:588} INFO - Filling up the DagBag from /home/airflow/.local/lib/python3.12/site-packages/airflow/example_dags/example_sensors.py
[2025-05-28T14:09:18.029+0000] {processor.py:925} INFO - DAG(s) 'example_sensors' retrieved from /home/airflow/.local/lib/python3.12/site-packages/airflow/example_dags/example_sensors.py
[2025-05-28T14:09:18.076+0000] {logging_mixin.py:190} INFO - [2025-05-28T14:09:18.076+0000] {dag.py:3239} INFO - Sync 1 DAGs
[2025-05-28T14:09:18.101+0000] {logging_mixin.py:190} INFO - [2025-05-28T14:09:18.100+0000] {dag.py:4180} INFO - Setting next_dagrun for example_sensors to None, run_after=None
[2025-05-28T14:09:18.134+0000] {processor.py:208} INFO - Processing /home/airflow/.local/lib/python3.12/site-packages/airflow/example_dags/example_sensors.py took 0.139 seconds
[2025-05-28T14:09:51.403+0000] {processor.py:186} INFO - Started process (PID=4220) to work on /home/airflow/.local/lib/python3.12/site-packages/airflow/example_dags/example_sensors.py
[2025-05-28T14:09:51.404+0000] {processor.py:914} INFO - Processing file /home/airflow/.local/lib/python3.12/site-packages/airflow/example_dags/example_sensors.py for tasks to queue
[2025-05-28T14:09:51.406+0000] {logging_mixin.py:190} INFO - [2025-05-28T14:09:51.406+0000] {dagbag.py:588} INFO - Filling up the DagBag from /home/airflow/.local/lib/python3.12/site-packages/airflow/example_dags/example_sensors.py
[2025-05-28T14:09:51.425+0000] {processor.py:925} INFO - DAG(s) 'example_sensors' retrieved from /home/airflow/.local/lib/python3.12/site-packages/airflow/example_dags/example_sensors.py
[2025-05-28T14:09:51.461+0000] {logging_mixin.py:190} INFO - [2025-05-28T14:09:51.461+0000] {dag.py:3239} INFO - Sync 1 DAGs
[2025-05-28T14:09:51.479+0000] {logging_mixin.py:190} INFO - [2025-05-28T14:09:51.478+0000] {dag.py:4180} INFO - Setting next_dagrun for example_sensors to None, run_after=None
[2025-05-28T14:09:51.503+0000] {processor.py:208} INFO - Processing /home/airflow/.local/lib/python3.12/site-packages/airflow/example_dags/example_sensors.py took 0.109 seconds
[2025-05-28T14:10:22.591+0000] {processor.py:186} INFO - Started process (PID=4285) to work on /home/airflow/.local/lib/python3.12/site-packages/airflow/example_dags/example_sensors.py
[2025-05-28T14:10:22.594+0000] {processor.py:914} INFO - Processing file /home/airflow/.local/lib/python3.12/site-packages/airflow/example_dags/example_sensors.py for tasks to queue
[2025-05-28T14:10:22.595+0000] {logging_mixin.py:190} INFO - [2025-05-28T14:10:22.595+0000] {dagbag.py:588} INFO - Filling up the DagBag from /home/airflow/.local/lib/python3.12/site-packages/airflow/example_dags/example_sensors.py
[2025-05-28T14:10:22.615+0000] {processor.py:925} INFO - DAG(s) 'example_sensors' retrieved from /home/airflow/.local/lib/python3.12/site-packages/airflow/example_dags/example_sensors.py
[2025-05-28T14:10:22.661+0000] {logging_mixin.py:190} INFO - [2025-05-28T14:10:22.660+0000] {dag.py:3239} INFO - Sync 1 DAGs
[2025-05-28T14:10:22.689+0000] {logging_mixin.py:190} INFO - [2025-05-28T14:10:22.688+0000] {dag.py:4180} INFO - Setting next_dagrun for example_sensors to None, run_after=None
[2025-05-28T14:10:22.715+0000] {processor.py:208} INFO - Processing /home/airflow/.local/lib/python3.12/site-packages/airflow/example_dags/example_sensors.py took 0.133 seconds
[2025-05-28T14:10:54.297+0000] {processor.py:186} INFO - Started process (PID=4356) to work on /home/airflow/.local/lib/python3.12/site-packages/airflow/example_dags/example_sensors.py
[2025-05-28T14:10:54.302+0000] {processor.py:914} INFO - Processing file /home/airflow/.local/lib/python3.12/site-packages/airflow/example_dags/example_sensors.py for tasks to queue
[2025-05-28T14:10:54.305+0000] {logging_mixin.py:190} INFO - [2025-05-28T14:10:54.305+0000] {dagbag.py:588} INFO - Filling up the DagBag from /home/airflow/.local/lib/python3.12/site-packages/airflow/example_dags/example_sensors.py
[2025-05-28T14:10:54.328+0000] {processor.py:925} INFO - DAG(s) 'example_sensors' retrieved from /home/airflow/.local/lib/python3.12/site-packages/airflow/example_dags/example_sensors.py
[2025-05-28T14:10:54.374+0000] {logging_mixin.py:190} INFO - [2025-05-28T14:10:54.373+0000] {dag.py:3239} INFO - Sync 1 DAGs
[2025-05-28T14:10:54.402+0000] {logging_mixin.py:190} INFO - [2025-05-28T14:10:54.401+0000] {dag.py:4180} INFO - Setting next_dagrun for example_sensors to None, run_after=None
[2025-05-28T14:10:54.434+0000] {processor.py:208} INFO - Processing /home/airflow/.local/lib/python3.12/site-packages/airflow/example_dags/example_sensors.py took 0.149 seconds
[2025-05-28T14:11:24.908+0000] {processor.py:186} INFO - Started process (PID=4421) to work on /home/airflow/.local/lib/python3.12/site-packages/airflow/example_dags/example_sensors.py
[2025-05-28T14:11:24.909+0000] {processor.py:914} INFO - Processing file /home/airflow/.local/lib/python3.12/site-packages/airflow/example_dags/example_sensors.py for tasks to queue
[2025-05-28T14:11:24.910+0000] {logging_mixin.py:190} INFO - [2025-05-28T14:11:24.910+0000] {dagbag.py:588} INFO - Filling up the DagBag from /home/airflow/.local/lib/python3.12/site-packages/airflow/example_dags/example_sensors.py
[2025-05-28T14:11:24.923+0000] {processor.py:925} INFO - DAG(s) 'example_sensors' retrieved from /home/airflow/.local/lib/python3.12/site-packages/airflow/example_dags/example_sensors.py
[2025-05-28T14:11:24.951+0000] {logging_mixin.py:190} INFO - [2025-05-28T14:11:24.951+0000] {dag.py:3239} INFO - Sync 1 DAGs
[2025-05-28T14:11:24.966+0000] {logging_mixin.py:190} INFO - [2025-05-28T14:11:24.966+0000] {dag.py:4180} INFO - Setting next_dagrun for example_sensors to None, run_after=None
[2025-05-28T14:11:24.987+0000] {processor.py:208} INFO - Processing /home/airflow/.local/lib/python3.12/site-packages/airflow/example_dags/example_sensors.py took 0.086 seconds
[2025-05-28T14:11:55.905+0000] {processor.py:186} INFO - Started process (PID=4486) to work on /home/airflow/.local/lib/python3.12/site-packages/airflow/example_dags/example_sensors.py
[2025-05-28T14:11:55.906+0000] {processor.py:914} INFO - Processing file /home/airflow/.local/lib/python3.12/site-packages/airflow/example_dags/example_sensors.py for tasks to queue
[2025-05-28T14:11:55.908+0000] {logging_mixin.py:190} INFO - [2025-05-28T14:11:55.908+0000] {dagbag.py:588} INFO - Filling up the DagBag from /home/airflow/.local/lib/python3.12/site-packages/airflow/example_dags/example_sensors.py
[2025-05-28T14:11:55.923+0000] {processor.py:925} INFO - DAG(s) 'example_sensors' retrieved from /home/airflow/.local/lib/python3.12/site-packages/airflow/example_dags/example_sensors.py
[2025-05-28T14:11:55.955+0000] {logging_mixin.py:190} INFO - [2025-05-28T14:11:55.954+0000] {dag.py:3239} INFO - Sync 1 DAGs
[2025-05-28T14:11:55.974+0000] {logging_mixin.py:190} INFO - [2025-05-28T14:11:55.973+0000] {dag.py:4180} INFO - Setting next_dagrun for example_sensors to None, run_after=None
[2025-05-28T14:11:56.000+0000] {processor.py:208} INFO - Processing /home/airflow/.local/lib/python3.12/site-packages/airflow/example_dags/example_sensors.py took 0.104 seconds
[2025-05-28T14:12:26.672+0000] {processor.py:186} INFO - Started process (PID=4551) to work on /home/airflow/.local/lib/python3.12/site-packages/airflow/example_dags/example_sensors.py
[2025-05-28T14:12:26.673+0000] {processor.py:914} INFO - Processing file /home/airflow/.local/lib/python3.12/site-packages/airflow/example_dags/example_sensors.py for tasks to queue
[2025-05-28T14:12:26.674+0000] {logging_mixin.py:190} INFO - [2025-05-28T14:12:26.674+0000] {dagbag.py:588} INFO - Filling up the DagBag from /home/airflow/.local/lib/python3.12/site-packages/airflow/example_dags/example_sensors.py
[2025-05-28T14:12:26.689+0000] {processor.py:925} INFO - DAG(s) 'example_sensors' retrieved from /home/airflow/.local/lib/python3.12/site-packages/airflow/example_dags/example_sensors.py
[2025-05-28T14:12:26.726+0000] {logging_mixin.py:190} INFO - [2025-05-28T14:12:26.725+0000] {dag.py:3239} INFO - Sync 1 DAGs
[2025-05-28T14:12:26.744+0000] {logging_mixin.py:190} INFO - [2025-05-28T14:12:26.744+0000] {dag.py:4180} INFO - Setting next_dagrun for example_sensors to None, run_after=None
[2025-05-28T14:12:26.764+0000] {processor.py:208} INFO - Processing /home/airflow/.local/lib/python3.12/site-packages/airflow/example_dags/example_sensors.py took 0.101 seconds
[2025-05-28T14:12:57.992+0000] {processor.py:186} INFO - Started process (PID=4616) to work on /home/airflow/.local/lib/python3.12/site-packages/airflow/example_dags/example_sensors.py
[2025-05-28T14:12:57.994+0000] {processor.py:914} INFO - Processing file /home/airflow/.local/lib/python3.12/site-packages/airflow/example_dags/example_sensors.py for tasks to queue
[2025-05-28T14:12:57.996+0000] {logging_mixin.py:190} INFO - [2025-05-28T14:12:57.996+0000] {dagbag.py:588} INFO - Filling up the DagBag from /home/airflow/.local/lib/python3.12/site-packages/airflow/example_dags/example_sensors.py
[2025-05-28T14:12:58.014+0000] {processor.py:925} INFO - DAG(s) 'example_sensors' retrieved from /home/airflow/.local/lib/python3.12/site-packages/airflow/example_dags/example_sensors.py
[2025-05-28T14:12:58.093+0000] {logging_mixin.py:190} INFO - [2025-05-28T14:12:58.092+0000] {dag.py:3239} INFO - Sync 1 DAGs
[2025-05-28T14:12:58.115+0000] {logging_mixin.py:190} INFO - [2025-05-28T14:12:58.115+0000] {dag.py:4180} INFO - Setting next_dagrun for example_sensors to None, run_after=None
[2025-05-28T14:12:58.140+0000] {processor.py:208} INFO - Processing /home/airflow/.local/lib/python3.12/site-packages/airflow/example_dags/example_sensors.py took 0.158 seconds
[2025-05-28T14:13:28.694+0000] {processor.py:186} INFO - Started process (PID=4681) to work on /home/airflow/.local/lib/python3.12/site-packages/airflow/example_dags/example_sensors.py
[2025-05-28T14:13:28.695+0000] {processor.py:914} INFO - Processing file /home/airflow/.local/lib/python3.12/site-packages/airflow/example_dags/example_sensors.py for tasks to queue
[2025-05-28T14:13:28.697+0000] {logging_mixin.py:190} INFO - [2025-05-28T14:13:28.697+0000] {dagbag.py:588} INFO - Filling up the DagBag from /home/airflow/.local/lib/python3.12/site-packages/airflow/example_dags/example_sensors.py
[2025-05-28T14:13:28.712+0000] {processor.py:925} INFO - DAG(s) 'example_sensors' retrieved from /home/airflow/.local/lib/python3.12/site-packages/airflow/example_dags/example_sensors.py
[2025-05-28T14:13:28.744+0000] {logging_mixin.py:190} INFO - [2025-05-28T14:13:28.744+0000] {dag.py:3239} INFO - Sync 1 DAGs
[2025-05-28T14:13:28.763+0000] {logging_mixin.py:190} INFO - [2025-05-28T14:13:28.762+0000] {dag.py:4180} INFO - Setting next_dagrun for example_sensors to None, run_after=None
[2025-05-28T14:13:28.797+0000] {processor.py:208} INFO - Processing /home/airflow/.local/lib/python3.12/site-packages/airflow/example_dags/example_sensors.py took 0.112 seconds
[2025-05-28T14:13:59.125+0000] {processor.py:186} INFO - Started process (PID=4746) to work on /home/airflow/.local/lib/python3.12/site-packages/airflow/example_dags/example_sensors.py
[2025-05-28T14:13:59.126+0000] {processor.py:914} INFO - Processing file /home/airflow/.local/lib/python3.12/site-packages/airflow/example_dags/example_sensors.py for tasks to queue
[2025-05-28T14:13:59.128+0000] {logging_mixin.py:190} INFO - [2025-05-28T14:13:59.127+0000] {dagbag.py:588} INFO - Filling up the DagBag from /home/airflow/.local/lib/python3.12/site-packages/airflow/example_dags/example_sensors.py
[2025-05-28T14:13:59.142+0000] {processor.py:925} INFO - DAG(s) 'example_sensors' retrieved from /home/airflow/.local/lib/python3.12/site-packages/airflow/example_dags/example_sensors.py
[2025-05-28T14:13:59.179+0000] {logging_mixin.py:190} INFO - [2025-05-28T14:13:59.179+0000] {dag.py:3239} INFO - Sync 1 DAGs
[2025-05-28T14:13:59.197+0000] {logging_mixin.py:190} INFO - [2025-05-28T14:13:59.196+0000] {dag.py:4180} INFO - Setting next_dagrun for example_sensors to None, run_after=None
[2025-05-28T14:13:59.217+0000] {processor.py:208} INFO - Processing /home/airflow/.local/lib/python3.12/site-packages/airflow/example_dags/example_sensors.py took 0.099 seconds
[2025-05-28T14:14:29.542+0000] {processor.py:186} INFO - Started process (PID=4811) to work on /home/airflow/.local/lib/python3.12/site-packages/airflow/example_dags/example_sensors.py
[2025-05-28T14:14:29.544+0000] {processor.py:914} INFO - Processing file /home/airflow/.local/lib/python3.12/site-packages/airflow/example_dags/example_sensors.py for tasks to queue
[2025-05-28T14:14:29.546+0000] {logging_mixin.py:190} INFO - [2025-05-28T14:14:29.545+0000] {dagbag.py:588} INFO - Filling up the DagBag from /home/airflow/.local/lib/python3.12/site-packages/airflow/example_dags/example_sensors.py
[2025-05-28T14:14:29.564+0000] {processor.py:925} INFO - DAG(s) 'example_sensors' retrieved from /home/airflow/.local/lib/python3.12/site-packages/airflow/example_dags/example_sensors.py
[2025-05-28T14:14:29.612+0000] {logging_mixin.py:190} INFO - [2025-05-28T14:14:29.611+0000] {dag.py:3239} INFO - Sync 1 DAGs
[2025-05-28T14:14:29.633+0000] {logging_mixin.py:190} INFO - [2025-05-28T14:14:29.633+0000] {dag.py:4180} INFO - Setting next_dagrun for example_sensors to None, run_after=None
[2025-05-28T14:14:29.654+0000] {processor.py:208} INFO - Processing /home/airflow/.local/lib/python3.12/site-packages/airflow/example_dags/example_sensors.py took 0.121 seconds
[2025-05-28T14:15:00.426+0000] {processor.py:186} INFO - Started process (PID=4875) to work on /home/airflow/.local/lib/python3.12/site-packages/airflow/example_dags/example_sensors.py
[2025-05-28T14:15:00.428+0000] {processor.py:914} INFO - Processing file /home/airflow/.local/lib/python3.12/site-packages/airflow/example_dags/example_sensors.py for tasks to queue
[2025-05-28T14:15:00.430+0000] {logging_mixin.py:190} INFO - [2025-05-28T14:15:00.429+0000] {dagbag.py:588} INFO - Filling up the DagBag from /home/airflow/.local/lib/python3.12/site-packages/airflow/example_dags/example_sensors.py
[2025-05-28T14:15:00.447+0000] {processor.py:925} INFO - DAG(s) 'example_sensors' retrieved from /home/airflow/.local/lib/python3.12/site-packages/airflow/example_dags/example_sensors.py
[2025-05-28T14:15:00.476+0000] {logging_mixin.py:190} INFO - [2025-05-28T14:15:00.476+0000] {dag.py:3239} INFO - Sync 1 DAGs
[2025-05-28T14:15:00.491+0000] {logging_mixin.py:190} INFO - [2025-05-28T14:15:00.491+0000] {dag.py:4180} INFO - Setting next_dagrun for example_sensors to None, run_after=None
[2025-05-28T14:15:00.509+0000] {processor.py:208} INFO - Processing /home/airflow/.local/lib/python3.12/site-packages/airflow/example_dags/example_sensors.py took 0.091 seconds
