[2025-05-28T13:37:15.606+0000] {processor.py:186} INFO - Started process (PID=97) to work on /home/airflow/.local/lib/python3.12/site-packages/airflow/example_dags/example_dag_decorator.py
[2025-05-28T13:37:15.607+0000] {processor.py:914} INFO - Processing file /home/airflow/.local/lib/python3.12/site-packages/airflow/example_dags/example_dag_decorator.py for tasks to queue
[2025-05-28T13:37:15.609+0000] {logging_mixin.py:190} INFO - [2025-05-28T13:37:15.609+0000] {dagbag.py:588} INFO - Filling up the DagBag from /home/airflow/.local/lib/python3.12/site-packages/airflow/example_dags/example_dag_decorator.py
[2025-05-28T13:37:15.937+0000] {processor.py:925} INFO - DAG(s) 'example_dag_decorator' retrieved from /home/airflow/.local/lib/python3.12/site-packages/airflow/example_dags/example_dag_decorator.py
[2025-05-28T13:37:16.046+0000] {logging_mixin.py:190} INFO - [2025-05-28T13:37:16.045+0000] {dag.py:3239} INFO - Sync 1 DAGs
[2025-05-28T13:37:16.061+0000] {logging_mixin.py:190} INFO - [2025-05-28T13:37:16.060+0000] {dag.py:4180} INFO - Setting next_dagrun for example_dag_decorator to None, run_after=None
[2025-05-28T13:37:16.082+0000] {processor.py:208} INFO - Processing /home/airflow/.local/lib/python3.12/site-packages/airflow/example_dags/example_dag_decorator.py took 0.481 seconds
[2025-05-28T13:37:46.164+0000] {processor.py:186} INFO - Started process (PID=162) to work on /home/airflow/.local/lib/python3.12/site-packages/airflow/example_dags/example_dag_decorator.py
[2025-05-28T13:37:46.165+0000] {processor.py:914} INFO - Processing file /home/airflow/.local/lib/python3.12/site-packages/airflow/example_dags/example_dag_decorator.py for tasks to queue
[2025-05-28T13:37:46.167+0000] {logging_mixin.py:190} INFO - [2025-05-28T13:37:46.166+0000] {dagbag.py:588} INFO - Filling up the DagBag from /home/airflow/.local/lib/python3.12/site-packages/airflow/example_dags/example_dag_decorator.py
[2025-05-28T13:37:46.259+0000] {processor.py:925} INFO - DAG(s) 'example_dag_decorator' retrieved from /home/airflow/.local/lib/python3.12/site-packages/airflow/example_dags/example_dag_decorator.py
[2025-05-28T13:37:46.361+0000] {logging_mixin.py:190} INFO - [2025-05-28T13:37:46.361+0000] {dag.py:3239} INFO - Sync 1 DAGs
[2025-05-28T13:37:46.372+0000] {logging_mixin.py:190} INFO - [2025-05-28T13:37:46.372+0000] {dag.py:4180} INFO - Setting next_dagrun for example_dag_decorator to None, run_after=None
[2025-05-28T13:37:46.388+0000] {processor.py:208} INFO - Processing /home/airflow/.local/lib/python3.12/site-packages/airflow/example_dags/example_dag_decorator.py took 0.230 seconds
[2025-05-28T13:38:17.295+0000] {processor.py:186} INFO - Started process (PID=233) to work on /home/airflow/.local/lib/python3.12/site-packages/airflow/example_dags/example_dag_decorator.py
[2025-05-28T13:38:17.296+0000] {processor.py:914} INFO - Processing file /home/airflow/.local/lib/python3.12/site-packages/airflow/example_dags/example_dag_decorator.py for tasks to queue
[2025-05-28T13:38:17.298+0000] {logging_mixin.py:190} INFO - [2025-05-28T13:38:17.297+0000] {dagbag.py:588} INFO - Filling up the DagBag from /home/airflow/.local/lib/python3.12/site-packages/airflow/example_dags/example_dag_decorator.py
[2025-05-28T13:38:17.396+0000] {processor.py:925} INFO - DAG(s) 'example_dag_decorator' retrieved from /home/airflow/.local/lib/python3.12/site-packages/airflow/example_dags/example_dag_decorator.py
[2025-05-28T13:38:17.539+0000] {logging_mixin.py:190} INFO - [2025-05-28T13:38:17.539+0000] {dag.py:3239} INFO - Sync 1 DAGs
[2025-05-28T13:38:17.557+0000] {logging_mixin.py:190} INFO - [2025-05-28T13:38:17.557+0000] {dag.py:4180} INFO - Setting next_dagrun for example_dag_decorator to None, run_after=None
[2025-05-28T13:38:17.586+0000] {processor.py:208} INFO - Processing /home/airflow/.local/lib/python3.12/site-packages/airflow/example_dags/example_dag_decorator.py took 0.298 seconds
[2025-05-28T13:38:48.427+0000] {processor.py:186} INFO - Started process (PID=298) to work on /home/airflow/.local/lib/python3.12/site-packages/airflow/example_dags/example_dag_decorator.py
[2025-05-28T13:38:48.429+0000] {processor.py:914} INFO - Processing file /home/airflow/.local/lib/python3.12/site-packages/airflow/example_dags/example_dag_decorator.py for tasks to queue
[2025-05-28T13:38:48.431+0000] {logging_mixin.py:190} INFO - [2025-05-28T13:38:48.431+0000] {dagbag.py:588} INFO - Filling up the DagBag from /home/airflow/.local/lib/python3.12/site-packages/airflow/example_dags/example_dag_decorator.py
[2025-05-28T13:38:48.545+0000] {processor.py:925} INFO - DAG(s) 'example_dag_decorator' retrieved from /home/airflow/.local/lib/python3.12/site-packages/airflow/example_dags/example_dag_decorator.py
[2025-05-28T13:38:48.580+0000] {logging_mixin.py:190} INFO - [2025-05-28T13:38:48.579+0000] {dag.py:3239} INFO - Sync 1 DAGs
[2025-05-28T13:38:48.595+0000] {logging_mixin.py:190} INFO - [2025-05-28T13:38:48.595+0000] {dag.py:4180} INFO - Setting next_dagrun for example_dag_decorator to None, run_after=None
[2025-05-28T13:38:48.619+0000] {processor.py:208} INFO - Processing /home/airflow/.local/lib/python3.12/site-packages/airflow/example_dags/example_dag_decorator.py took 0.200 seconds
[2025-05-28T13:39:18.764+0000] {processor.py:186} INFO - Started process (PID=363) to work on /home/airflow/.local/lib/python3.12/site-packages/airflow/example_dags/example_dag_decorator.py
[2025-05-28T13:39:18.765+0000] {processor.py:914} INFO - Processing file /home/airflow/.local/lib/python3.12/site-packages/airflow/example_dags/example_dag_decorator.py for tasks to queue
[2025-05-28T13:39:18.767+0000] {logging_mixin.py:190} INFO - [2025-05-28T13:39:18.767+0000] {dagbag.py:588} INFO - Filling up the DagBag from /home/airflow/.local/lib/python3.12/site-packages/airflow/example_dags/example_dag_decorator.py
[2025-05-28T13:39:18.864+0000] {processor.py:925} INFO - DAG(s) 'example_dag_decorator' retrieved from /home/airflow/.local/lib/python3.12/site-packages/airflow/example_dags/example_dag_decorator.py
[2025-05-28T13:39:18.886+0000] {logging_mixin.py:190} INFO - [2025-05-28T13:39:18.885+0000] {dag.py:3239} INFO - Sync 1 DAGs
[2025-05-28T13:39:18.900+0000] {logging_mixin.py:190} INFO - [2025-05-28T13:39:18.899+0000] {dag.py:4180} INFO - Setting next_dagrun for example_dag_decorator to None, run_after=None
[2025-05-28T13:39:18.914+0000] {processor.py:208} INFO - Processing /home/airflow/.local/lib/python3.12/site-packages/airflow/example_dags/example_dag_decorator.py took 0.155 seconds
[2025-05-28T13:39:49.649+0000] {processor.py:186} INFO - Started process (PID=428) to work on /home/airflow/.local/lib/python3.12/site-packages/airflow/example_dags/example_dag_decorator.py
[2025-05-28T13:39:49.650+0000] {processor.py:914} INFO - Processing file /home/airflow/.local/lib/python3.12/site-packages/airflow/example_dags/example_dag_decorator.py for tasks to queue
[2025-05-28T13:39:49.652+0000] {logging_mixin.py:190} INFO - [2025-05-28T13:39:49.652+0000] {dagbag.py:588} INFO - Filling up the DagBag from /home/airflow/.local/lib/python3.12/site-packages/airflow/example_dags/example_dag_decorator.py
[2025-05-28T13:39:49.742+0000] {processor.py:925} INFO - DAG(s) 'example_dag_decorator' retrieved from /home/airflow/.local/lib/python3.12/site-packages/airflow/example_dags/example_dag_decorator.py
[2025-05-28T13:39:49.849+0000] {logging_mixin.py:190} INFO - [2025-05-28T13:39:49.849+0000] {dag.py:3239} INFO - Sync 1 DAGs
[2025-05-28T13:39:49.862+0000] {logging_mixin.py:190} INFO - [2025-05-28T13:39:49.862+0000] {dag.py:4180} INFO - Setting next_dagrun for example_dag_decorator to None, run_after=None
[2025-05-28T13:39:49.877+0000] {processor.py:208} INFO - Processing /home/airflow/.local/lib/python3.12/site-packages/airflow/example_dags/example_dag_decorator.py took 0.234 seconds
[2025-05-28T13:40:20.700+0000] {processor.py:186} INFO - Started process (PID=493) to work on /home/airflow/.local/lib/python3.12/site-packages/airflow/example_dags/example_dag_decorator.py
[2025-05-28T13:40:20.701+0000] {processor.py:914} INFO - Processing file /home/airflow/.local/lib/python3.12/site-packages/airflow/example_dags/example_dag_decorator.py for tasks to queue
[2025-05-28T13:40:20.703+0000] {logging_mixin.py:190} INFO - [2025-05-28T13:40:20.703+0000] {dagbag.py:588} INFO - Filling up the DagBag from /home/airflow/.local/lib/python3.12/site-packages/airflow/example_dags/example_dag_decorator.py
[2025-05-28T13:40:20.801+0000] {processor.py:925} INFO - DAG(s) 'example_dag_decorator' retrieved from /home/airflow/.local/lib/python3.12/site-packages/airflow/example_dags/example_dag_decorator.py
[2025-05-28T13:40:20.910+0000] {logging_mixin.py:190} INFO - [2025-05-28T13:40:20.910+0000] {dag.py:3239} INFO - Sync 1 DAGs
[2025-05-28T13:40:20.921+0000] {logging_mixin.py:190} INFO - [2025-05-28T13:40:20.921+0000] {dag.py:4180} INFO - Setting next_dagrun for example_dag_decorator to None, run_after=None
[2025-05-28T13:40:20.937+0000] {processor.py:208} INFO - Processing /home/airflow/.local/lib/python3.12/site-packages/airflow/example_dags/example_dag_decorator.py took 0.243 seconds
[2025-05-28T13:40:51.886+0000] {processor.py:186} INFO - Started process (PID=558) to work on /home/airflow/.local/lib/python3.12/site-packages/airflow/example_dags/example_dag_decorator.py
[2025-05-28T13:40:51.887+0000] {processor.py:914} INFO - Processing file /home/airflow/.local/lib/python3.12/site-packages/airflow/example_dags/example_dag_decorator.py for tasks to queue
[2025-05-28T13:40:51.889+0000] {logging_mixin.py:190} INFO - [2025-05-28T13:40:51.889+0000] {dagbag.py:588} INFO - Filling up the DagBag from /home/airflow/.local/lib/python3.12/site-packages/airflow/example_dags/example_dag_decorator.py
[2025-05-28T13:40:51.984+0000] {processor.py:925} INFO - DAG(s) 'example_dag_decorator' retrieved from /home/airflow/.local/lib/python3.12/site-packages/airflow/example_dags/example_dag_decorator.py
[2025-05-28T13:40:52.104+0000] {logging_mixin.py:190} INFO - [2025-05-28T13:40:52.104+0000] {dag.py:3239} INFO - Sync 1 DAGs
[2025-05-28T13:40:52.117+0000] {logging_mixin.py:190} INFO - [2025-05-28T13:40:52.116+0000] {dag.py:4180} INFO - Setting next_dagrun for example_dag_decorator to None, run_after=None
[2025-05-28T13:40:52.133+0000] {processor.py:208} INFO - Processing /home/airflow/.local/lib/python3.12/site-packages/airflow/example_dags/example_dag_decorator.py took 0.252 seconds
[2025-05-28T13:41:22.174+0000] {processor.py:186} INFO - Started process (PID=623) to work on /home/airflow/.local/lib/python3.12/site-packages/airflow/example_dags/example_dag_decorator.py
[2025-05-28T13:41:22.175+0000] {processor.py:914} INFO - Processing file /home/airflow/.local/lib/python3.12/site-packages/airflow/example_dags/example_dag_decorator.py for tasks to queue
[2025-05-28T13:41:22.177+0000] {logging_mixin.py:190} INFO - [2025-05-28T13:41:22.176+0000] {dagbag.py:588} INFO - Filling up the DagBag from /home/airflow/.local/lib/python3.12/site-packages/airflow/example_dags/example_dag_decorator.py
[2025-05-28T13:41:22.266+0000] {processor.py:925} INFO - DAG(s) 'example_dag_decorator' retrieved from /home/airflow/.local/lib/python3.12/site-packages/airflow/example_dags/example_dag_decorator.py
[2025-05-28T13:41:22.372+0000] {logging_mixin.py:190} INFO - [2025-05-28T13:41:22.372+0000] {dag.py:3239} INFO - Sync 1 DAGs
[2025-05-28T13:41:22.382+0000] {logging_mixin.py:190} INFO - [2025-05-28T13:41:22.382+0000] {dag.py:4180} INFO - Setting next_dagrun for example_dag_decorator to None, run_after=None
[2025-05-28T13:41:22.396+0000] {processor.py:208} INFO - Processing /home/airflow/.local/lib/python3.12/site-packages/airflow/example_dags/example_dag_decorator.py took 0.228 seconds
[2025-05-28T13:41:52.661+0000] {processor.py:186} INFO - Started process (PID=694) to work on /home/airflow/.local/lib/python3.12/site-packages/airflow/example_dags/example_dag_decorator.py
[2025-05-28T13:41:52.662+0000] {processor.py:914} INFO - Processing file /home/airflow/.local/lib/python3.12/site-packages/airflow/example_dags/example_dag_decorator.py for tasks to queue
[2025-05-28T13:41:52.665+0000] {logging_mixin.py:190} INFO - [2025-05-28T13:41:52.664+0000] {dagbag.py:588} INFO - Filling up the DagBag from /home/airflow/.local/lib/python3.12/site-packages/airflow/example_dags/example_dag_decorator.py
[2025-05-28T13:41:52.758+0000] {processor.py:925} INFO - DAG(s) 'example_dag_decorator' retrieved from /home/airflow/.local/lib/python3.12/site-packages/airflow/example_dags/example_dag_decorator.py
[2025-05-28T13:41:52.860+0000] {logging_mixin.py:190} INFO - [2025-05-28T13:41:52.860+0000] {dag.py:3239} INFO - Sync 1 DAGs
[2025-05-28T13:41:52.871+0000] {logging_mixin.py:190} INFO - [2025-05-28T13:41:52.870+0000] {dag.py:4180} INFO - Setting next_dagrun for example_dag_decorator to None, run_after=None
[2025-05-28T13:41:52.885+0000] {processor.py:208} INFO - Processing /home/airflow/.local/lib/python3.12/site-packages/airflow/example_dags/example_dag_decorator.py took 0.230 seconds
[2025-05-28T13:42:23.832+0000] {processor.py:186} INFO - Started process (PID=765) to work on /home/airflow/.local/lib/python3.12/site-packages/airflow/example_dags/example_dag_decorator.py
[2025-05-28T13:42:23.833+0000] {processor.py:914} INFO - Processing file /home/airflow/.local/lib/python3.12/site-packages/airflow/example_dags/example_dag_decorator.py for tasks to queue
[2025-05-28T13:42:23.836+0000] {logging_mixin.py:190} INFO - [2025-05-28T13:42:23.835+0000] {dagbag.py:588} INFO - Filling up the DagBag from /home/airflow/.local/lib/python3.12/site-packages/airflow/example_dags/example_dag_decorator.py
[2025-05-28T13:42:23.930+0000] {processor.py:925} INFO - DAG(s) 'example_dag_decorator' retrieved from /home/airflow/.local/lib/python3.12/site-packages/airflow/example_dags/example_dag_decorator.py
[2025-05-28T13:42:24.031+0000] {logging_mixin.py:190} INFO - [2025-05-28T13:42:24.031+0000] {dag.py:3239} INFO - Sync 1 DAGs
[2025-05-28T13:42:24.042+0000] {logging_mixin.py:190} INFO - [2025-05-28T13:42:24.041+0000] {dag.py:4180} INFO - Setting next_dagrun for example_dag_decorator to None, run_after=None
[2025-05-28T13:42:24.057+0000] {processor.py:208} INFO - Processing /home/airflow/.local/lib/python3.12/site-packages/airflow/example_dags/example_dag_decorator.py took 0.232 seconds
[2025-05-28T13:42:54.321+0000] {processor.py:186} INFO - Started process (PID=834) to work on /home/airflow/.local/lib/python3.12/site-packages/airflow/example_dags/example_dag_decorator.py
[2025-05-28T13:42:54.322+0000] {processor.py:914} INFO - Processing file /home/airflow/.local/lib/python3.12/site-packages/airflow/example_dags/example_dag_decorator.py for tasks to queue
[2025-05-28T13:42:54.324+0000] {logging_mixin.py:190} INFO - [2025-05-28T13:42:54.323+0000] {dagbag.py:588} INFO - Filling up the DagBag from /home/airflow/.local/lib/python3.12/site-packages/airflow/example_dags/example_dag_decorator.py
[2025-05-28T13:42:54.414+0000] {processor.py:925} INFO - DAG(s) 'example_dag_decorator' retrieved from /home/airflow/.local/lib/python3.12/site-packages/airflow/example_dags/example_dag_decorator.py
[2025-05-28T13:42:54.516+0000] {logging_mixin.py:190} INFO - [2025-05-28T13:42:54.515+0000] {dag.py:3239} INFO - Sync 1 DAGs
[2025-05-28T13:42:54.526+0000] {logging_mixin.py:190} INFO - [2025-05-28T13:42:54.526+0000] {dag.py:4180} INFO - Setting next_dagrun for example_dag_decorator to None, run_after=None
[2025-05-28T13:42:54.540+0000] {processor.py:208} INFO - Processing /home/airflow/.local/lib/python3.12/site-packages/airflow/example_dags/example_dag_decorator.py took 0.225 seconds
[2025-05-28T13:43:25.174+0000] {processor.py:186} INFO - Started process (PID=899) to work on /home/airflow/.local/lib/python3.12/site-packages/airflow/example_dags/example_dag_decorator.py
[2025-05-28T13:43:25.175+0000] {processor.py:914} INFO - Processing file /home/airflow/.local/lib/python3.12/site-packages/airflow/example_dags/example_dag_decorator.py for tasks to queue
[2025-05-28T13:43:25.176+0000] {logging_mixin.py:190} INFO - [2025-05-28T13:43:25.176+0000] {dagbag.py:588} INFO - Filling up the DagBag from /home/airflow/.local/lib/python3.12/site-packages/airflow/example_dags/example_dag_decorator.py
[2025-05-28T13:43:25.279+0000] {processor.py:925} INFO - DAG(s) 'example_dag_decorator' retrieved from /home/airflow/.local/lib/python3.12/site-packages/airflow/example_dags/example_dag_decorator.py
[2025-05-28T13:43:25.380+0000] {logging_mixin.py:190} INFO - [2025-05-28T13:43:25.379+0000] {dag.py:3239} INFO - Sync 1 DAGs
[2025-05-28T13:43:25.391+0000] {logging_mixin.py:190} INFO - [2025-05-28T13:43:25.391+0000] {dag.py:4180} INFO - Setting next_dagrun for example_dag_decorator to None, run_after=None
[2025-05-28T13:43:25.406+0000] {processor.py:208} INFO - Processing /home/airflow/.local/lib/python3.12/site-packages/airflow/example_dags/example_dag_decorator.py took 0.240 seconds
[2025-05-28T13:43:55.782+0000] {processor.py:186} INFO - Started process (PID=964) to work on /home/airflow/.local/lib/python3.12/site-packages/airflow/example_dags/example_dag_decorator.py
[2025-05-28T13:43:55.783+0000] {processor.py:914} INFO - Processing file /home/airflow/.local/lib/python3.12/site-packages/airflow/example_dags/example_dag_decorator.py for tasks to queue
[2025-05-28T13:43:55.784+0000] {logging_mixin.py:190} INFO - [2025-05-28T13:43:55.784+0000] {dagbag.py:588} INFO - Filling up the DagBag from /home/airflow/.local/lib/python3.12/site-packages/airflow/example_dags/example_dag_decorator.py
[2025-05-28T13:43:55.877+0000] {processor.py:925} INFO - DAG(s) 'example_dag_decorator' retrieved from /home/airflow/.local/lib/python3.12/site-packages/airflow/example_dags/example_dag_decorator.py
[2025-05-28T13:43:55.978+0000] {logging_mixin.py:190} INFO - [2025-05-28T13:43:55.978+0000] {dag.py:3239} INFO - Sync 1 DAGs
[2025-05-28T13:43:55.988+0000] {logging_mixin.py:190} INFO - [2025-05-28T13:43:55.988+0000] {dag.py:4180} INFO - Setting next_dagrun for example_dag_decorator to None, run_after=None
[2025-05-28T13:43:56.002+0000] {processor.py:208} INFO - Processing /home/airflow/.local/lib/python3.12/site-packages/airflow/example_dags/example_dag_decorator.py took 0.226 seconds
[2025-05-28T13:44:26.523+0000] {processor.py:186} INFO - Started process (PID=1029) to work on /home/airflow/.local/lib/python3.12/site-packages/airflow/example_dags/example_dag_decorator.py
[2025-05-28T13:44:26.524+0000] {processor.py:914} INFO - Processing file /home/airflow/.local/lib/python3.12/site-packages/airflow/example_dags/example_dag_decorator.py for tasks to queue
[2025-05-28T13:44:26.525+0000] {logging_mixin.py:190} INFO - [2025-05-28T13:44:26.525+0000] {dagbag.py:588} INFO - Filling up the DagBag from /home/airflow/.local/lib/python3.12/site-packages/airflow/example_dags/example_dag_decorator.py
[2025-05-28T13:44:26.613+0000] {processor.py:925} INFO - DAG(s) 'example_dag_decorator' retrieved from /home/airflow/.local/lib/python3.12/site-packages/airflow/example_dags/example_dag_decorator.py
[2025-05-28T13:44:26.633+0000] {logging_mixin.py:190} INFO - [2025-05-28T13:44:26.633+0000] {dag.py:3239} INFO - Sync 1 DAGs
[2025-05-28T13:44:26.647+0000] {logging_mixin.py:190} INFO - [2025-05-28T13:44:26.646+0000] {dag.py:4180} INFO - Setting next_dagrun for example_dag_decorator to None, run_after=None
[2025-05-28T13:44:26.660+0000] {processor.py:208} INFO - Processing /home/airflow/.local/lib/python3.12/site-packages/airflow/example_dags/example_dag_decorator.py took 0.142 seconds
[2025-05-28T13:44:57.013+0000] {processor.py:186} INFO - Started process (PID=1097) to work on /home/airflow/.local/lib/python3.12/site-packages/airflow/example_dags/example_dag_decorator.py
[2025-05-28T13:44:57.014+0000] {processor.py:914} INFO - Processing file /home/airflow/.local/lib/python3.12/site-packages/airflow/example_dags/example_dag_decorator.py for tasks to queue
[2025-05-28T13:44:57.015+0000] {logging_mixin.py:190} INFO - [2025-05-28T13:44:57.015+0000] {dagbag.py:588} INFO - Filling up the DagBag from /home/airflow/.local/lib/python3.12/site-packages/airflow/example_dags/example_dag_decorator.py
[2025-05-28T13:44:57.106+0000] {processor.py:925} INFO - DAG(s) 'example_dag_decorator' retrieved from /home/airflow/.local/lib/python3.12/site-packages/airflow/example_dags/example_dag_decorator.py
[2025-05-28T13:44:57.217+0000] {logging_mixin.py:190} INFO - [2025-05-28T13:44:57.217+0000] {dag.py:3239} INFO - Sync 1 DAGs
[2025-05-28T13:44:57.229+0000] {logging_mixin.py:190} INFO - [2025-05-28T13:44:57.229+0000] {dag.py:4180} INFO - Setting next_dagrun for example_dag_decorator to None, run_after=None
[2025-05-28T13:44:57.243+0000] {processor.py:208} INFO - Processing /home/airflow/.local/lib/python3.12/site-packages/airflow/example_dags/example_dag_decorator.py took 0.236 seconds
[2025-05-28T13:45:27.891+0000] {processor.py:186} INFO - Started process (PID=1162) to work on /home/airflow/.local/lib/python3.12/site-packages/airflow/example_dags/example_dag_decorator.py
[2025-05-28T13:45:27.891+0000] {processor.py:914} INFO - Processing file /home/airflow/.local/lib/python3.12/site-packages/airflow/example_dags/example_dag_decorator.py for tasks to queue
[2025-05-28T13:45:27.892+0000] {logging_mixin.py:190} INFO - [2025-05-28T13:45:27.892+0000] {dagbag.py:588} INFO - Filling up the DagBag from /home/airflow/.local/lib/python3.12/site-packages/airflow/example_dags/example_dag_decorator.py
[2025-05-28T13:45:27.977+0000] {processor.py:925} INFO - DAG(s) 'example_dag_decorator' retrieved from /home/airflow/.local/lib/python3.12/site-packages/airflow/example_dags/example_dag_decorator.py
[2025-05-28T13:45:28.073+0000] {logging_mixin.py:190} INFO - [2025-05-28T13:45:28.073+0000] {dag.py:3239} INFO - Sync 1 DAGs
[2025-05-28T13:45:28.084+0000] {logging_mixin.py:190} INFO - [2025-05-28T13:45:28.084+0000] {dag.py:4180} INFO - Setting next_dagrun for example_dag_decorator to None, run_after=None
[2025-05-28T13:45:28.097+0000] {processor.py:208} INFO - Processing /home/airflow/.local/lib/python3.12/site-packages/airflow/example_dags/example_dag_decorator.py took 0.212 seconds
[2025-05-28T13:45:58.563+0000] {processor.py:186} INFO - Started process (PID=1228) to work on /home/airflow/.local/lib/python3.12/site-packages/airflow/example_dags/example_dag_decorator.py
[2025-05-28T13:45:58.564+0000] {processor.py:914} INFO - Processing file /home/airflow/.local/lib/python3.12/site-packages/airflow/example_dags/example_dag_decorator.py for tasks to queue
[2025-05-28T13:45:58.565+0000] {logging_mixin.py:190} INFO - [2025-05-28T13:45:58.565+0000] {dagbag.py:588} INFO - Filling up the DagBag from /home/airflow/.local/lib/python3.12/site-packages/airflow/example_dags/example_dag_decorator.py
[2025-05-28T13:45:58.693+0000] {processor.py:925} INFO - DAG(s) 'example_dag_decorator' retrieved from /home/airflow/.local/lib/python3.12/site-packages/airflow/example_dags/example_dag_decorator.py
[2025-05-28T13:45:58.832+0000] {logging_mixin.py:190} INFO - [2025-05-28T13:45:58.831+0000] {dag.py:3239} INFO - Sync 1 DAGs
[2025-05-28T13:45:58.842+0000] {logging_mixin.py:190} INFO - [2025-05-28T13:45:58.842+0000] {dag.py:4180} INFO - Setting next_dagrun for example_dag_decorator to None, run_after=None
[2025-05-28T13:45:58.888+0000] {processor.py:208} INFO - Processing /home/airflow/.local/lib/python3.12/site-packages/airflow/example_dags/example_dag_decorator.py took 0.331 seconds
[2025-05-28T13:46:29.568+0000] {processor.py:186} INFO - Started process (PID=1301) to work on /home/airflow/.local/lib/python3.12/site-packages/airflow/example_dags/example_dag_decorator.py
[2025-05-28T13:46:29.569+0000] {processor.py:914} INFO - Processing file /home/airflow/.local/lib/python3.12/site-packages/airflow/example_dags/example_dag_decorator.py for tasks to queue
[2025-05-28T13:46:29.570+0000] {logging_mixin.py:190} INFO - [2025-05-28T13:46:29.570+0000] {dagbag.py:588} INFO - Filling up the DagBag from /home/airflow/.local/lib/python3.12/site-packages/airflow/example_dags/example_dag_decorator.py
[2025-05-28T13:46:29.664+0000] {processor.py:925} INFO - DAG(s) 'example_dag_decorator' retrieved from /home/airflow/.local/lib/python3.12/site-packages/airflow/example_dags/example_dag_decorator.py
[2025-05-28T13:46:29.768+0000] {logging_mixin.py:190} INFO - [2025-05-28T13:46:29.767+0000] {dag.py:3239} INFO - Sync 1 DAGs
[2025-05-28T13:46:29.780+0000] {logging_mixin.py:190} INFO - [2025-05-28T13:46:29.780+0000] {dag.py:4180} INFO - Setting next_dagrun for example_dag_decorator to None, run_after=None
[2025-05-28T13:46:29.797+0000] {processor.py:208} INFO - Processing /home/airflow/.local/lib/python3.12/site-packages/airflow/example_dags/example_dag_decorator.py took 0.237 seconds
[2025-05-28T13:47:00.306+0000] {processor.py:186} INFO - Started process (PID=1367) to work on /home/airflow/.local/lib/python3.12/site-packages/airflow/example_dags/example_dag_decorator.py
[2025-05-28T13:47:00.308+0000] {processor.py:914} INFO - Processing file /home/airflow/.local/lib/python3.12/site-packages/airflow/example_dags/example_dag_decorator.py for tasks to queue
[2025-05-28T13:47:00.309+0000] {logging_mixin.py:190} INFO - [2025-05-28T13:47:00.308+0000] {dagbag.py:588} INFO - Filling up the DagBag from /home/airflow/.local/lib/python3.12/site-packages/airflow/example_dags/example_dag_decorator.py
[2025-05-28T13:47:00.404+0000] {processor.py:925} INFO - DAG(s) 'example_dag_decorator' retrieved from /home/airflow/.local/lib/python3.12/site-packages/airflow/example_dags/example_dag_decorator.py
[2025-05-28T13:47:00.507+0000] {logging_mixin.py:190} INFO - [2025-05-28T13:47:00.507+0000] {dag.py:3239} INFO - Sync 1 DAGs
[2025-05-28T13:47:00.519+0000] {logging_mixin.py:190} INFO - [2025-05-28T13:47:00.518+0000] {dag.py:4180} INFO - Setting next_dagrun for example_dag_decorator to None, run_after=None
[2025-05-28T13:47:00.533+0000] {processor.py:208} INFO - Processing /home/airflow/.local/lib/python3.12/site-packages/airflow/example_dags/example_dag_decorator.py took 0.233 seconds
[2025-05-28T13:47:31.251+0000] {processor.py:186} INFO - Started process (PID=1432) to work on /home/airflow/.local/lib/python3.12/site-packages/airflow/example_dags/example_dag_decorator.py
[2025-05-28T13:47:31.252+0000] {processor.py:914} INFO - Processing file /home/airflow/.local/lib/python3.12/site-packages/airflow/example_dags/example_dag_decorator.py for tasks to queue
[2025-05-28T13:47:31.254+0000] {logging_mixin.py:190} INFO - [2025-05-28T13:47:31.253+0000] {dagbag.py:588} INFO - Filling up the DagBag from /home/airflow/.local/lib/python3.12/site-packages/airflow/example_dags/example_dag_decorator.py
[2025-05-28T13:47:31.349+0000] {processor.py:925} INFO - DAG(s) 'example_dag_decorator' retrieved from /home/airflow/.local/lib/python3.12/site-packages/airflow/example_dags/example_dag_decorator.py
[2025-05-28T13:47:31.454+0000] {logging_mixin.py:190} INFO - [2025-05-28T13:47:31.453+0000] {dag.py:3239} INFO - Sync 1 DAGs
[2025-05-28T13:47:31.466+0000] {logging_mixin.py:190} INFO - [2025-05-28T13:47:31.466+0000] {dag.py:4180} INFO - Setting next_dagrun for example_dag_decorator to None, run_after=None
[2025-05-28T13:47:31.480+0000] {processor.py:208} INFO - Processing /home/airflow/.local/lib/python3.12/site-packages/airflow/example_dags/example_dag_decorator.py took 0.237 seconds
[2025-05-28T13:48:02.390+0000] {processor.py:186} INFO - Started process (PID=1497) to work on /home/airflow/.local/lib/python3.12/site-packages/airflow/example_dags/example_dag_decorator.py
[2025-05-28T13:48:02.391+0000] {processor.py:914} INFO - Processing file /home/airflow/.local/lib/python3.12/site-packages/airflow/example_dags/example_dag_decorator.py for tasks to queue
[2025-05-28T13:48:02.392+0000] {logging_mixin.py:190} INFO - [2025-05-28T13:48:02.392+0000] {dagbag.py:588} INFO - Filling up the DagBag from /home/airflow/.local/lib/python3.12/site-packages/airflow/example_dags/example_dag_decorator.py
[2025-05-28T13:48:02.480+0000] {processor.py:925} INFO - DAG(s) 'example_dag_decorator' retrieved from /home/airflow/.local/lib/python3.12/site-packages/airflow/example_dags/example_dag_decorator.py
[2025-05-28T13:48:02.580+0000] {logging_mixin.py:190} INFO - [2025-05-28T13:48:02.580+0000] {dag.py:3239} INFO - Sync 1 DAGs
[2025-05-28T13:48:02.593+0000] {logging_mixin.py:190} INFO - [2025-05-28T13:48:02.593+0000] {dag.py:4180} INFO - Setting next_dagrun for example_dag_decorator to None, run_after=None
[2025-05-28T13:48:02.607+0000] {processor.py:208} INFO - Processing /home/airflow/.local/lib/python3.12/site-packages/airflow/example_dags/example_dag_decorator.py took 0.223 seconds
[2025-05-28T13:48:33.325+0000] {processor.py:186} INFO - Started process (PID=1565) to work on /home/airflow/.local/lib/python3.12/site-packages/airflow/example_dags/example_dag_decorator.py
[2025-05-28T13:48:33.327+0000] {processor.py:914} INFO - Processing file /home/airflow/.local/lib/python3.12/site-packages/airflow/example_dags/example_dag_decorator.py for tasks to queue
[2025-05-28T13:48:33.328+0000] {logging_mixin.py:190} INFO - [2025-05-28T13:48:33.328+0000] {dagbag.py:588} INFO - Filling up the DagBag from /home/airflow/.local/lib/python3.12/site-packages/airflow/example_dags/example_dag_decorator.py
[2025-05-28T13:48:33.428+0000] {processor.py:925} INFO - DAG(s) 'example_dag_decorator' retrieved from /home/airflow/.local/lib/python3.12/site-packages/airflow/example_dags/example_dag_decorator.py
[2025-05-28T13:48:33.543+0000] {logging_mixin.py:190} INFO - [2025-05-28T13:48:33.543+0000] {dag.py:3239} INFO - Sync 1 DAGs
[2025-05-28T13:48:33.556+0000] {logging_mixin.py:190} INFO - [2025-05-28T13:48:33.556+0000] {dag.py:4180} INFO - Setting next_dagrun for example_dag_decorator to None, run_after=None
[2025-05-28T13:48:33.573+0000] {processor.py:208} INFO - Processing /home/airflow/.local/lib/python3.12/site-packages/airflow/example_dags/example_dag_decorator.py took 0.255 seconds
[2025-05-28T13:49:04.484+0000] {processor.py:186} INFO - Started process (PID=1630) to work on /home/airflow/.local/lib/python3.12/site-packages/airflow/example_dags/example_dag_decorator.py
[2025-05-28T13:49:04.485+0000] {processor.py:914} INFO - Processing file /home/airflow/.local/lib/python3.12/site-packages/airflow/example_dags/example_dag_decorator.py for tasks to queue
[2025-05-28T13:49:04.487+0000] {logging_mixin.py:190} INFO - [2025-05-28T13:49:04.486+0000] {dagbag.py:588} INFO - Filling up the DagBag from /home/airflow/.local/lib/python3.12/site-packages/airflow/example_dags/example_dag_decorator.py
[2025-05-28T13:49:04.579+0000] {processor.py:925} INFO - DAG(s) 'example_dag_decorator' retrieved from /home/airflow/.local/lib/python3.12/site-packages/airflow/example_dags/example_dag_decorator.py
[2025-05-28T13:49:04.683+0000] {logging_mixin.py:190} INFO - [2025-05-28T13:49:04.682+0000] {dag.py:3239} INFO - Sync 1 DAGs
[2025-05-28T13:49:04.695+0000] {logging_mixin.py:190} INFO - [2025-05-28T13:49:04.695+0000] {dag.py:4180} INFO - Setting next_dagrun for example_dag_decorator to None, run_after=None
[2025-05-28T13:49:04.709+0000] {processor.py:208} INFO - Processing /home/airflow/.local/lib/python3.12/site-packages/airflow/example_dags/example_dag_decorator.py took 0.231 seconds
[2025-05-28T13:49:35.260+0000] {processor.py:186} INFO - Started process (PID=1695) to work on /home/airflow/.local/lib/python3.12/site-packages/airflow/example_dags/example_dag_decorator.py
[2025-05-28T13:49:35.261+0000] {processor.py:914} INFO - Processing file /home/airflow/.local/lib/python3.12/site-packages/airflow/example_dags/example_dag_decorator.py for tasks to queue
[2025-05-28T13:49:35.262+0000] {logging_mixin.py:190} INFO - [2025-05-28T13:49:35.262+0000] {dagbag.py:588} INFO - Filling up the DagBag from /home/airflow/.local/lib/python3.12/site-packages/airflow/example_dags/example_dag_decorator.py
[2025-05-28T13:49:35.367+0000] {processor.py:925} INFO - DAG(s) 'example_dag_decorator' retrieved from /home/airflow/.local/lib/python3.12/site-packages/airflow/example_dags/example_dag_decorator.py
[2025-05-28T13:49:35.487+0000] {logging_mixin.py:190} INFO - [2025-05-28T13:49:35.487+0000] {dag.py:3239} INFO - Sync 1 DAGs
[2025-05-28T13:49:35.500+0000] {logging_mixin.py:190} INFO - [2025-05-28T13:49:35.500+0000] {dag.py:4180} INFO - Setting next_dagrun for example_dag_decorator to None, run_after=None
[2025-05-28T13:49:35.515+0000] {processor.py:208} INFO - Processing /home/airflow/.local/lib/python3.12/site-packages/airflow/example_dags/example_dag_decorator.py took 0.261 seconds
[2025-05-28T13:50:06.131+0000] {processor.py:186} INFO - Started process (PID=1763) to work on /home/airflow/.local/lib/python3.12/site-packages/airflow/example_dags/example_dag_decorator.py
[2025-05-28T13:50:06.132+0000] {processor.py:914} INFO - Processing file /home/airflow/.local/lib/python3.12/site-packages/airflow/example_dags/example_dag_decorator.py for tasks to queue
[2025-05-28T13:50:06.134+0000] {logging_mixin.py:190} INFO - [2025-05-28T13:50:06.133+0000] {dagbag.py:588} INFO - Filling up the DagBag from /home/airflow/.local/lib/python3.12/site-packages/airflow/example_dags/example_dag_decorator.py
[2025-05-28T13:50:06.235+0000] {processor.py:925} INFO - DAG(s) 'example_dag_decorator' retrieved from /home/airflow/.local/lib/python3.12/site-packages/airflow/example_dags/example_dag_decorator.py
[2025-05-28T13:50:06.352+0000] {logging_mixin.py:190} INFO - [2025-05-28T13:50:06.351+0000] {dag.py:3239} INFO - Sync 1 DAGs
[2025-05-28T13:50:06.365+0000] {logging_mixin.py:190} INFO - [2025-05-28T13:50:06.364+0000] {dag.py:4180} INFO - Setting next_dagrun for example_dag_decorator to None, run_after=None
[2025-05-28T13:50:06.379+0000] {processor.py:208} INFO - Processing /home/airflow/.local/lib/python3.12/site-packages/airflow/example_dags/example_dag_decorator.py took 0.255 seconds
[2025-05-28T13:50:36.690+0000] {processor.py:186} INFO - Started process (PID=1828) to work on /home/airflow/.local/lib/python3.12/site-packages/airflow/example_dags/example_dag_decorator.py
[2025-05-28T13:50:36.691+0000] {processor.py:914} INFO - Processing file /home/airflow/.local/lib/python3.12/site-packages/airflow/example_dags/example_dag_decorator.py for tasks to queue
[2025-05-28T13:50:36.692+0000] {logging_mixin.py:190} INFO - [2025-05-28T13:50:36.691+0000] {dagbag.py:588} INFO - Filling up the DagBag from /home/airflow/.local/lib/python3.12/site-packages/airflow/example_dags/example_dag_decorator.py
[2025-05-28T13:50:36.800+0000] {processor.py:925} INFO - DAG(s) 'example_dag_decorator' retrieved from /home/airflow/.local/lib/python3.12/site-packages/airflow/example_dags/example_dag_decorator.py
[2025-05-28T13:50:36.922+0000] {logging_mixin.py:190} INFO - [2025-05-28T13:50:36.922+0000] {dag.py:3239} INFO - Sync 1 DAGs
[2025-05-28T13:50:36.939+0000] {logging_mixin.py:190} INFO - [2025-05-28T13:50:36.939+0000] {dag.py:4180} INFO - Setting next_dagrun for example_dag_decorator to None, run_after=None
[2025-05-28T13:50:36.961+0000] {processor.py:208} INFO - Processing /home/airflow/.local/lib/python3.12/site-packages/airflow/example_dags/example_dag_decorator.py took 0.277 seconds
[2025-05-28T13:51:07.093+0000] {processor.py:186} INFO - Started process (PID=1896) to work on /home/airflow/.local/lib/python3.12/site-packages/airflow/example_dags/example_dag_decorator.py
[2025-05-28T13:51:07.094+0000] {processor.py:914} INFO - Processing file /home/airflow/.local/lib/python3.12/site-packages/airflow/example_dags/example_dag_decorator.py for tasks to queue
[2025-05-28T13:51:07.095+0000] {logging_mixin.py:190} INFO - [2025-05-28T13:51:07.095+0000] {dagbag.py:588} INFO - Filling up the DagBag from /home/airflow/.local/lib/python3.12/site-packages/airflow/example_dags/example_dag_decorator.py
[2025-05-28T13:51:07.195+0000] {processor.py:925} INFO - DAG(s) 'example_dag_decorator' retrieved from /home/airflow/.local/lib/python3.12/site-packages/airflow/example_dags/example_dag_decorator.py
[2025-05-28T13:51:07.307+0000] {logging_mixin.py:190} INFO - [2025-05-28T13:51:07.307+0000] {dag.py:3239} INFO - Sync 1 DAGs
[2025-05-28T13:51:07.321+0000] {logging_mixin.py:190} INFO - [2025-05-28T13:51:07.321+0000] {dag.py:4180} INFO - Setting next_dagrun for example_dag_decorator to None, run_after=None
[2025-05-28T13:51:07.337+0000] {processor.py:208} INFO - Processing /home/airflow/.local/lib/python3.12/site-packages/airflow/example_dags/example_dag_decorator.py took 0.250 seconds
[2025-05-28T13:51:37.932+0000] {processor.py:186} INFO - Started process (PID=1966) to work on /home/airflow/.local/lib/python3.12/site-packages/airflow/example_dags/example_dag_decorator.py
[2025-05-28T13:51:37.934+0000] {processor.py:914} INFO - Processing file /home/airflow/.local/lib/python3.12/site-packages/airflow/example_dags/example_dag_decorator.py for tasks to queue
[2025-05-28T13:51:37.935+0000] {logging_mixin.py:190} INFO - [2025-05-28T13:51:37.935+0000] {dagbag.py:588} INFO - Filling up the DagBag from /home/airflow/.local/lib/python3.12/site-packages/airflow/example_dags/example_dag_decorator.py
[2025-05-28T13:51:38.042+0000] {processor.py:925} INFO - DAG(s) 'example_dag_decorator' retrieved from /home/airflow/.local/lib/python3.12/site-packages/airflow/example_dags/example_dag_decorator.py
[2025-05-28T13:51:38.158+0000] {logging_mixin.py:190} INFO - [2025-05-28T13:51:38.158+0000] {dag.py:3239} INFO - Sync 1 DAGs
[2025-05-28T13:51:38.171+0000] {logging_mixin.py:190} INFO - [2025-05-28T13:51:38.171+0000] {dag.py:4180} INFO - Setting next_dagrun for example_dag_decorator to None, run_after=None
[2025-05-28T13:51:38.188+0000] {processor.py:208} INFO - Processing /home/airflow/.local/lib/python3.12/site-packages/airflow/example_dags/example_dag_decorator.py took 0.263 seconds
[2025-05-28T13:52:08.683+0000] {processor.py:186} INFO - Started process (PID=2031) to work on /home/airflow/.local/lib/python3.12/site-packages/airflow/example_dags/example_dag_decorator.py
[2025-05-28T13:52:08.684+0000] {processor.py:914} INFO - Processing file /home/airflow/.local/lib/python3.12/site-packages/airflow/example_dags/example_dag_decorator.py for tasks to queue
[2025-05-28T13:52:08.685+0000] {logging_mixin.py:190} INFO - [2025-05-28T13:52:08.685+0000] {dagbag.py:588} INFO - Filling up the DagBag from /home/airflow/.local/lib/python3.12/site-packages/airflow/example_dags/example_dag_decorator.py
[2025-05-28T13:52:08.776+0000] {processor.py:925} INFO - DAG(s) 'example_dag_decorator' retrieved from /home/airflow/.local/lib/python3.12/site-packages/airflow/example_dags/example_dag_decorator.py
[2025-05-28T13:52:08.897+0000] {logging_mixin.py:190} INFO - [2025-05-28T13:52:08.897+0000] {dag.py:3239} INFO - Sync 1 DAGs
[2025-05-28T13:52:08.912+0000] {logging_mixin.py:190} INFO - [2025-05-28T13:52:08.912+0000] {dag.py:4180} INFO - Setting next_dagrun for example_dag_decorator to None, run_after=None
[2025-05-28T13:52:08.930+0000] {processor.py:208} INFO - Processing /home/airflow/.local/lib/python3.12/site-packages/airflow/example_dags/example_dag_decorator.py took 0.253 seconds
[2025-05-28T13:52:39.489+0000] {processor.py:186} INFO - Started process (PID=2096) to work on /home/airflow/.local/lib/python3.12/site-packages/airflow/example_dags/example_dag_decorator.py
[2025-05-28T13:52:39.490+0000] {processor.py:914} INFO - Processing file /home/airflow/.local/lib/python3.12/site-packages/airflow/example_dags/example_dag_decorator.py for tasks to queue
[2025-05-28T13:52:39.491+0000] {logging_mixin.py:190} INFO - [2025-05-28T13:52:39.491+0000] {dagbag.py:588} INFO - Filling up the DagBag from /home/airflow/.local/lib/python3.12/site-packages/airflow/example_dags/example_dag_decorator.py
[2025-05-28T13:52:39.597+0000] {processor.py:925} INFO - DAG(s) 'example_dag_decorator' retrieved from /home/airflow/.local/lib/python3.12/site-packages/airflow/example_dags/example_dag_decorator.py
[2025-05-28T13:52:39.712+0000] {logging_mixin.py:190} INFO - [2025-05-28T13:52:39.711+0000] {dag.py:3239} INFO - Sync 1 DAGs
[2025-05-28T13:52:39.728+0000] {logging_mixin.py:190} INFO - [2025-05-28T13:52:39.727+0000] {dag.py:4180} INFO - Setting next_dagrun for example_dag_decorator to None, run_after=None
[2025-05-28T13:52:39.746+0000] {processor.py:208} INFO - Processing /home/airflow/.local/lib/python3.12/site-packages/airflow/example_dags/example_dag_decorator.py took 0.263 seconds
[2025-05-28T13:53:10.216+0000] {processor.py:186} INFO - Started process (PID=2161) to work on /home/airflow/.local/lib/python3.12/site-packages/airflow/example_dags/example_dag_decorator.py
[2025-05-28T13:53:10.217+0000] {processor.py:914} INFO - Processing file /home/airflow/.local/lib/python3.12/site-packages/airflow/example_dags/example_dag_decorator.py for tasks to queue
[2025-05-28T13:53:10.218+0000] {logging_mixin.py:190} INFO - [2025-05-28T13:53:10.218+0000] {dagbag.py:588} INFO - Filling up the DagBag from /home/airflow/.local/lib/python3.12/site-packages/airflow/example_dags/example_dag_decorator.py
[2025-05-28T13:53:10.314+0000] {processor.py:925} INFO - DAG(s) 'example_dag_decorator' retrieved from /home/airflow/.local/lib/python3.12/site-packages/airflow/example_dags/example_dag_decorator.py
[2025-05-28T13:53:10.427+0000] {logging_mixin.py:190} INFO - [2025-05-28T13:53:10.427+0000] {dag.py:3239} INFO - Sync 1 DAGs
[2025-05-28T13:53:10.438+0000] {logging_mixin.py:190} INFO - [2025-05-28T13:53:10.438+0000] {dag.py:4180} INFO - Setting next_dagrun for example_dag_decorator to None, run_after=None
[2025-05-28T13:53:10.454+0000] {processor.py:208} INFO - Processing /home/airflow/.local/lib/python3.12/site-packages/airflow/example_dags/example_dag_decorator.py took 0.245 seconds
[2025-05-28T13:53:40.918+0000] {processor.py:186} INFO - Started process (PID=2226) to work on /home/airflow/.local/lib/python3.12/site-packages/airflow/example_dags/example_dag_decorator.py
[2025-05-28T13:53:40.919+0000] {processor.py:914} INFO - Processing file /home/airflow/.local/lib/python3.12/site-packages/airflow/example_dags/example_dag_decorator.py for tasks to queue
[2025-05-28T13:53:40.920+0000] {logging_mixin.py:190} INFO - [2025-05-28T13:53:40.919+0000] {dagbag.py:588} INFO - Filling up the DagBag from /home/airflow/.local/lib/python3.12/site-packages/airflow/example_dags/example_dag_decorator.py
[2025-05-28T13:53:41.012+0000] {processor.py:925} INFO - DAG(s) 'example_dag_decorator' retrieved from /home/airflow/.local/lib/python3.12/site-packages/airflow/example_dags/example_dag_decorator.py
[2025-05-28T13:53:41.119+0000] {logging_mixin.py:190} INFO - [2025-05-28T13:53:41.119+0000] {dag.py:3239} INFO - Sync 1 DAGs
[2025-05-28T13:53:41.131+0000] {logging_mixin.py:190} INFO - [2025-05-28T13:53:41.131+0000] {dag.py:4180} INFO - Setting next_dagrun for example_dag_decorator to None, run_after=None
[2025-05-28T13:53:41.146+0000] {processor.py:208} INFO - Processing /home/airflow/.local/lib/python3.12/site-packages/airflow/example_dags/example_dag_decorator.py took 0.235 seconds
[2025-05-28T13:54:11.193+0000] {processor.py:186} INFO - Started process (PID=2291) to work on /home/airflow/.local/lib/python3.12/site-packages/airflow/example_dags/example_dag_decorator.py
[2025-05-28T13:54:11.194+0000] {processor.py:914} INFO - Processing file /home/airflow/.local/lib/python3.12/site-packages/airflow/example_dags/example_dag_decorator.py for tasks to queue
[2025-05-28T13:54:11.195+0000] {logging_mixin.py:190} INFO - [2025-05-28T13:54:11.194+0000] {dagbag.py:588} INFO - Filling up the DagBag from /home/airflow/.local/lib/python3.12/site-packages/airflow/example_dags/example_dag_decorator.py
[2025-05-28T13:54:11.291+0000] {processor.py:925} INFO - DAG(s) 'example_dag_decorator' retrieved from /home/airflow/.local/lib/python3.12/site-packages/airflow/example_dags/example_dag_decorator.py
[2025-05-28T13:54:11.406+0000] {logging_mixin.py:190} INFO - [2025-05-28T13:54:11.406+0000] {dag.py:3239} INFO - Sync 1 DAGs
[2025-05-28T13:54:11.419+0000] {logging_mixin.py:190} INFO - [2025-05-28T13:54:11.419+0000] {dag.py:4180} INFO - Setting next_dagrun for example_dag_decorator to None, run_after=None
[2025-05-28T13:54:11.435+0000] {processor.py:208} INFO - Processing /home/airflow/.local/lib/python3.12/site-packages/airflow/example_dags/example_dag_decorator.py took 0.249 seconds
[2025-05-28T13:54:41.550+0000] {processor.py:186} INFO - Started process (PID=2356) to work on /home/airflow/.local/lib/python3.12/site-packages/airflow/example_dags/example_dag_decorator.py
[2025-05-28T13:54:41.551+0000] {processor.py:914} INFO - Processing file /home/airflow/.local/lib/python3.12/site-packages/airflow/example_dags/example_dag_decorator.py for tasks to queue
[2025-05-28T13:54:41.552+0000] {logging_mixin.py:190} INFO - [2025-05-28T13:54:41.552+0000] {dagbag.py:588} INFO - Filling up the DagBag from /home/airflow/.local/lib/python3.12/site-packages/airflow/example_dags/example_dag_decorator.py
[2025-05-28T13:54:41.654+0000] {processor.py:925} INFO - DAG(s) 'example_dag_decorator' retrieved from /home/airflow/.local/lib/python3.12/site-packages/airflow/example_dags/example_dag_decorator.py
[2025-05-28T13:54:41.767+0000] {logging_mixin.py:190} INFO - [2025-05-28T13:54:41.767+0000] {dag.py:3239} INFO - Sync 1 DAGs
[2025-05-28T13:54:41.780+0000] {logging_mixin.py:190} INFO - [2025-05-28T13:54:41.779+0000] {dag.py:4180} INFO - Setting next_dagrun for example_dag_decorator to None, run_after=None
[2025-05-28T13:54:41.797+0000] {processor.py:208} INFO - Processing /home/airflow/.local/lib/python3.12/site-packages/airflow/example_dags/example_dag_decorator.py took 0.255 seconds
[2025-05-28T13:55:12.076+0000] {processor.py:186} INFO - Started process (PID=2421) to work on /home/airflow/.local/lib/python3.12/site-packages/airflow/example_dags/example_dag_decorator.py
[2025-05-28T13:55:12.077+0000] {processor.py:914} INFO - Processing file /home/airflow/.local/lib/python3.12/site-packages/airflow/example_dags/example_dag_decorator.py for tasks to queue
[2025-05-28T13:55:12.079+0000] {logging_mixin.py:190} INFO - [2025-05-28T13:55:12.078+0000] {dagbag.py:588} INFO - Filling up the DagBag from /home/airflow/.local/lib/python3.12/site-packages/airflow/example_dags/example_dag_decorator.py
[2025-05-28T13:55:12.175+0000] {processor.py:925} INFO - DAG(s) 'example_dag_decorator' retrieved from /home/airflow/.local/lib/python3.12/site-packages/airflow/example_dags/example_dag_decorator.py
[2025-05-28T13:55:12.289+0000] {logging_mixin.py:190} INFO - [2025-05-28T13:55:12.289+0000] {dag.py:3239} INFO - Sync 1 DAGs
[2025-05-28T13:55:12.301+0000] {logging_mixin.py:190} INFO - [2025-05-28T13:55:12.301+0000] {dag.py:4180} INFO - Setting next_dagrun for example_dag_decorator to None, run_after=None
[2025-05-28T13:55:12.317+0000] {processor.py:208} INFO - Processing /home/airflow/.local/lib/python3.12/site-packages/airflow/example_dags/example_dag_decorator.py took 0.248 seconds
[2025-05-28T13:55:42.903+0000] {processor.py:186} INFO - Started process (PID=2486) to work on /home/airflow/.local/lib/python3.12/site-packages/airflow/example_dags/example_dag_decorator.py
[2025-05-28T13:55:42.904+0000] {processor.py:914} INFO - Processing file /home/airflow/.local/lib/python3.12/site-packages/airflow/example_dags/example_dag_decorator.py for tasks to queue
[2025-05-28T13:55:42.906+0000] {logging_mixin.py:190} INFO - [2025-05-28T13:55:42.905+0000] {dagbag.py:588} INFO - Filling up the DagBag from /home/airflow/.local/lib/python3.12/site-packages/airflow/example_dags/example_dag_decorator.py
[2025-05-28T13:55:43.015+0000] {processor.py:925} INFO - DAG(s) 'example_dag_decorator' retrieved from /home/airflow/.local/lib/python3.12/site-packages/airflow/example_dags/example_dag_decorator.py
[2025-05-28T13:55:43.132+0000] {logging_mixin.py:190} INFO - [2025-05-28T13:55:43.132+0000] {dag.py:3239} INFO - Sync 1 DAGs
[2025-05-28T13:55:43.146+0000] {logging_mixin.py:190} INFO - [2025-05-28T13:55:43.146+0000] {dag.py:4180} INFO - Setting next_dagrun for example_dag_decorator to None, run_after=None
[2025-05-28T13:55:43.161+0000] {processor.py:208} INFO - Processing /home/airflow/.local/lib/python3.12/site-packages/airflow/example_dags/example_dag_decorator.py took 0.264 seconds
[2025-05-28T13:56:13.695+0000] {processor.py:186} INFO - Started process (PID=2551) to work on /home/airflow/.local/lib/python3.12/site-packages/airflow/example_dags/example_dag_decorator.py
[2025-05-28T13:56:13.696+0000] {processor.py:914} INFO - Processing file /home/airflow/.local/lib/python3.12/site-packages/airflow/example_dags/example_dag_decorator.py for tasks to queue
[2025-05-28T13:56:13.697+0000] {logging_mixin.py:190} INFO - [2025-05-28T13:56:13.697+0000] {dagbag.py:588} INFO - Filling up the DagBag from /home/airflow/.local/lib/python3.12/site-packages/airflow/example_dags/example_dag_decorator.py
[2025-05-28T13:56:13.820+0000] {processor.py:925} INFO - DAG(s) 'example_dag_decorator' retrieved from /home/airflow/.local/lib/python3.12/site-packages/airflow/example_dags/example_dag_decorator.py
[2025-05-28T13:56:13.947+0000] {logging_mixin.py:190} INFO - [2025-05-28T13:56:13.947+0000] {dag.py:3239} INFO - Sync 1 DAGs
[2025-05-28T13:56:13.963+0000] {logging_mixin.py:190} INFO - [2025-05-28T13:56:13.963+0000] {dag.py:4180} INFO - Setting next_dagrun for example_dag_decorator to None, run_after=None
[2025-05-28T13:56:14.410+0000] {processor.py:208} INFO - Processing /home/airflow/.local/lib/python3.12/site-packages/airflow/example_dags/example_dag_decorator.py took 0.722 seconds
[2025-05-28T13:56:45.363+0000] {processor.py:186} INFO - Started process (PID=2616) to work on /home/airflow/.local/lib/python3.12/site-packages/airflow/example_dags/example_dag_decorator.py
[2025-05-28T13:56:45.364+0000] {processor.py:914} INFO - Processing file /home/airflow/.local/lib/python3.12/site-packages/airflow/example_dags/example_dag_decorator.py for tasks to queue
[2025-05-28T13:56:45.365+0000] {logging_mixin.py:190} INFO - [2025-05-28T13:56:45.365+0000] {dagbag.py:588} INFO - Filling up the DagBag from /home/airflow/.local/lib/python3.12/site-packages/airflow/example_dags/example_dag_decorator.py
[2025-05-28T13:56:45.458+0000] {processor.py:925} INFO - DAG(s) 'example_dag_decorator' retrieved from /home/airflow/.local/lib/python3.12/site-packages/airflow/example_dags/example_dag_decorator.py
[2025-05-28T13:56:45.564+0000] {logging_mixin.py:190} INFO - [2025-05-28T13:56:45.564+0000] {dag.py:3239} INFO - Sync 1 DAGs
[2025-05-28T13:56:45.576+0000] {logging_mixin.py:190} INFO - [2025-05-28T13:56:45.576+0000] {dag.py:4180} INFO - Setting next_dagrun for example_dag_decorator to None, run_after=None
[2025-05-28T13:56:45.591+0000] {processor.py:208} INFO - Processing /home/airflow/.local/lib/python3.12/site-packages/airflow/example_dags/example_dag_decorator.py took 0.234 seconds
[2025-05-28T13:57:16.305+0000] {processor.py:186} INFO - Started process (PID=2681) to work on /home/airflow/.local/lib/python3.12/site-packages/airflow/example_dags/example_dag_decorator.py
[2025-05-28T13:57:16.306+0000] {processor.py:914} INFO - Processing file /home/airflow/.local/lib/python3.12/site-packages/airflow/example_dags/example_dag_decorator.py for tasks to queue
[2025-05-28T13:57:16.307+0000] {logging_mixin.py:190} INFO - [2025-05-28T13:57:16.307+0000] {dagbag.py:588} INFO - Filling up the DagBag from /home/airflow/.local/lib/python3.12/site-packages/airflow/example_dags/example_dag_decorator.py
[2025-05-28T13:57:16.398+0000] {processor.py:925} INFO - DAG(s) 'example_dag_decorator' retrieved from /home/airflow/.local/lib/python3.12/site-packages/airflow/example_dags/example_dag_decorator.py
[2025-05-28T13:57:16.499+0000] {logging_mixin.py:190} INFO - [2025-05-28T13:57:16.499+0000] {dag.py:3239} INFO - Sync 1 DAGs
[2025-05-28T13:57:16.511+0000] {logging_mixin.py:190} INFO - [2025-05-28T13:57:16.511+0000] {dag.py:4180} INFO - Setting next_dagrun for example_dag_decorator to None, run_after=None
[2025-05-28T13:57:16.534+0000] {processor.py:208} INFO - Processing /home/airflow/.local/lib/python3.12/site-packages/airflow/example_dags/example_dag_decorator.py took 0.235 seconds
[2025-05-28T13:57:47.293+0000] {processor.py:186} INFO - Started process (PID=2746) to work on /home/airflow/.local/lib/python3.12/site-packages/airflow/example_dags/example_dag_decorator.py
[2025-05-28T13:57:47.295+0000] {processor.py:914} INFO - Processing file /home/airflow/.local/lib/python3.12/site-packages/airflow/example_dags/example_dag_decorator.py for tasks to queue
[2025-05-28T13:57:47.296+0000] {logging_mixin.py:190} INFO - [2025-05-28T13:57:47.296+0000] {dagbag.py:588} INFO - Filling up the DagBag from /home/airflow/.local/lib/python3.12/site-packages/airflow/example_dags/example_dag_decorator.py
[2025-05-28T13:57:47.408+0000] {processor.py:925} INFO - DAG(s) 'example_dag_decorator' retrieved from /home/airflow/.local/lib/python3.12/site-packages/airflow/example_dags/example_dag_decorator.py
[2025-05-28T13:57:47.531+0000] {logging_mixin.py:190} INFO - [2025-05-28T13:57:47.530+0000] {dag.py:3239} INFO - Sync 1 DAGs
[2025-05-28T13:57:47.546+0000] {logging_mixin.py:190} INFO - [2025-05-28T13:57:47.546+0000] {dag.py:4180} INFO - Setting next_dagrun for example_dag_decorator to None, run_after=None
[2025-05-28T13:57:47.565+0000] {processor.py:208} INFO - Processing /home/airflow/.local/lib/python3.12/site-packages/airflow/example_dags/example_dag_decorator.py took 0.279 seconds
[2025-05-28T13:58:17.942+0000] {processor.py:186} INFO - Started process (PID=2811) to work on /home/airflow/.local/lib/python3.12/site-packages/airflow/example_dags/example_dag_decorator.py
[2025-05-28T13:58:17.943+0000] {processor.py:914} INFO - Processing file /home/airflow/.local/lib/python3.12/site-packages/airflow/example_dags/example_dag_decorator.py for tasks to queue
[2025-05-28T13:58:17.944+0000] {logging_mixin.py:190} INFO - [2025-05-28T13:58:17.944+0000] {dagbag.py:588} INFO - Filling up the DagBag from /home/airflow/.local/lib/python3.12/site-packages/airflow/example_dags/example_dag_decorator.py
[2025-05-28T13:58:18.040+0000] {processor.py:925} INFO - DAG(s) 'example_dag_decorator' retrieved from /home/airflow/.local/lib/python3.12/site-packages/airflow/example_dags/example_dag_decorator.py
[2025-05-28T13:58:18.456+0000] {logging_mixin.py:190} INFO - [2025-05-28T13:58:18.456+0000] {dag.py:3239} INFO - Sync 1 DAGs
[2025-05-28T13:58:18.468+0000] {logging_mixin.py:190} INFO - [2025-05-28T13:58:18.467+0000] {dag.py:4180} INFO - Setting next_dagrun for example_dag_decorator to None, run_after=None
[2025-05-28T13:58:18.485+0000] {processor.py:208} INFO - Processing /home/airflow/.local/lib/python3.12/site-packages/airflow/example_dags/example_dag_decorator.py took 0.550 seconds
[2025-05-28T13:58:49.016+0000] {processor.py:186} INFO - Started process (PID=2876) to work on /home/airflow/.local/lib/python3.12/site-packages/airflow/example_dags/example_dag_decorator.py
[2025-05-28T13:58:49.017+0000] {processor.py:914} INFO - Processing file /home/airflow/.local/lib/python3.12/site-packages/airflow/example_dags/example_dag_decorator.py for tasks to queue
[2025-05-28T13:58:49.019+0000] {logging_mixin.py:190} INFO - [2025-05-28T13:58:49.018+0000] {dagbag.py:588} INFO - Filling up the DagBag from /home/airflow/.local/lib/python3.12/site-packages/airflow/example_dags/example_dag_decorator.py
[2025-05-28T13:58:49.124+0000] {processor.py:925} INFO - DAG(s) 'example_dag_decorator' retrieved from /home/airflow/.local/lib/python3.12/site-packages/airflow/example_dags/example_dag_decorator.py
[2025-05-28T13:58:49.250+0000] {logging_mixin.py:190} INFO - [2025-05-28T13:58:49.250+0000] {dag.py:3239} INFO - Sync 1 DAGs
[2025-05-28T13:58:49.531+0000] {logging_mixin.py:190} INFO - [2025-05-28T13:58:49.531+0000] {dag.py:4180} INFO - Setting next_dagrun for example_dag_decorator to None, run_after=None
[2025-05-28T13:58:49.551+0000] {processor.py:208} INFO - Processing /home/airflow/.local/lib/python3.12/site-packages/airflow/example_dags/example_dag_decorator.py took 0.543 seconds
[2025-05-28T13:59:20.533+0000] {processor.py:186} INFO - Started process (PID=2941) to work on /home/airflow/.local/lib/python3.12/site-packages/airflow/example_dags/example_dag_decorator.py
[2025-05-28T13:59:20.535+0000] {processor.py:914} INFO - Processing file /home/airflow/.local/lib/python3.12/site-packages/airflow/example_dags/example_dag_decorator.py for tasks to queue
[2025-05-28T13:59:20.536+0000] {logging_mixin.py:190} INFO - [2025-05-28T13:59:20.536+0000] {dagbag.py:588} INFO - Filling up the DagBag from /home/airflow/.local/lib/python3.12/site-packages/airflow/example_dags/example_dag_decorator.py
[2025-05-28T13:59:20.642+0000] {processor.py:925} INFO - DAG(s) 'example_dag_decorator' retrieved from /home/airflow/.local/lib/python3.12/site-packages/airflow/example_dags/example_dag_decorator.py
[2025-05-28T13:59:20.769+0000] {logging_mixin.py:190} INFO - [2025-05-28T13:59:20.768+0000] {dag.py:3239} INFO - Sync 1 DAGs
[2025-05-28T13:59:21.129+0000] {logging_mixin.py:190} INFO - [2025-05-28T13:59:21.128+0000] {dag.py:4180} INFO - Setting next_dagrun for example_dag_decorator to None, run_after=None
[2025-05-28T13:59:21.159+0000] {processor.py:208} INFO - Processing /home/airflow/.local/lib/python3.12/site-packages/airflow/example_dags/example_dag_decorator.py took 0.635 seconds
[2025-05-28T13:59:51.712+0000] {processor.py:186} INFO - Started process (PID=3012) to work on /home/airflow/.local/lib/python3.12/site-packages/airflow/example_dags/example_dag_decorator.py
[2025-05-28T13:59:51.713+0000] {processor.py:914} INFO - Processing file /home/airflow/.local/lib/python3.12/site-packages/airflow/example_dags/example_dag_decorator.py for tasks to queue
[2025-05-28T13:59:51.714+0000] {logging_mixin.py:190} INFO - [2025-05-28T13:59:51.714+0000] {dagbag.py:588} INFO - Filling up the DagBag from /home/airflow/.local/lib/python3.12/site-packages/airflow/example_dags/example_dag_decorator.py
[2025-05-28T13:59:51.835+0000] {processor.py:925} INFO - DAG(s) 'example_dag_decorator' retrieved from /home/airflow/.local/lib/python3.12/site-packages/airflow/example_dags/example_dag_decorator.py
[2025-05-28T13:59:51.865+0000] {logging_mixin.py:190} INFO - [2025-05-28T13:59:51.865+0000] {dag.py:3239} INFO - Sync 1 DAGs
[2025-05-28T13:59:51.882+0000] {logging_mixin.py:190} INFO - [2025-05-28T13:59:51.881+0000] {dag.py:4180} INFO - Setting next_dagrun for example_dag_decorator to None, run_after=None
[2025-05-28T13:59:51.899+0000] {processor.py:208} INFO - Processing /home/airflow/.local/lib/python3.12/site-packages/airflow/example_dags/example_dag_decorator.py took 0.194 seconds
[2025-05-28T14:00:22.525+0000] {processor.py:186} INFO - Started process (PID=3077) to work on /home/airflow/.local/lib/python3.12/site-packages/airflow/example_dags/example_dag_decorator.py
[2025-05-28T14:00:22.526+0000] {processor.py:914} INFO - Processing file /home/airflow/.local/lib/python3.12/site-packages/airflow/example_dags/example_dag_decorator.py for tasks to queue
[2025-05-28T14:00:22.527+0000] {logging_mixin.py:190} INFO - [2025-05-28T14:00:22.527+0000] {dagbag.py:588} INFO - Filling up the DagBag from /home/airflow/.local/lib/python3.12/site-packages/airflow/example_dags/example_dag_decorator.py
[2025-05-28T14:00:22.633+0000] {processor.py:925} INFO - DAG(s) 'example_dag_decorator' retrieved from /home/airflow/.local/lib/python3.12/site-packages/airflow/example_dags/example_dag_decorator.py
[2025-05-28T14:00:22.662+0000] {logging_mixin.py:190} INFO - [2025-05-28T14:00:22.662+0000] {dag.py:3239} INFO - Sync 1 DAGs
[2025-05-28T14:00:22.679+0000] {logging_mixin.py:190} INFO - [2025-05-28T14:00:22.679+0000] {dag.py:4180} INFO - Setting next_dagrun for example_dag_decorator to None, run_after=None
[2025-05-28T14:00:22.698+0000] {processor.py:208} INFO - Processing /home/airflow/.local/lib/python3.12/site-packages/airflow/example_dags/example_dag_decorator.py took 0.180 seconds
[2025-05-28T14:00:53.105+0000] {processor.py:186} INFO - Started process (PID=3142) to work on /home/airflow/.local/lib/python3.12/site-packages/airflow/example_dags/example_dag_decorator.py
[2025-05-28T14:00:53.107+0000] {processor.py:914} INFO - Processing file /home/airflow/.local/lib/python3.12/site-packages/airflow/example_dags/example_dag_decorator.py for tasks to queue
[2025-05-28T14:00:53.109+0000] {logging_mixin.py:190} INFO - [2025-05-28T14:00:53.108+0000] {dagbag.py:588} INFO - Filling up the DagBag from /home/airflow/.local/lib/python3.12/site-packages/airflow/example_dags/example_dag_decorator.py
[2025-05-28T14:00:53.236+0000] {processor.py:925} INFO - DAG(s) 'example_dag_decorator' retrieved from /home/airflow/.local/lib/python3.12/site-packages/airflow/example_dags/example_dag_decorator.py
[2025-05-28T14:00:53.760+0000] {logging_mixin.py:190} INFO - [2025-05-28T14:00:53.760+0000] {dag.py:3239} INFO - Sync 1 DAGs
[2025-05-28T14:00:53.776+0000] {logging_mixin.py:190} INFO - [2025-05-28T14:00:53.776+0000] {dag.py:4180} INFO - Setting next_dagrun for example_dag_decorator to None, run_after=None
[2025-05-28T14:00:53.801+0000] {processor.py:208} INFO - Processing /home/airflow/.local/lib/python3.12/site-packages/airflow/example_dags/example_dag_decorator.py took 0.705 seconds
[2025-05-28T14:01:24.379+0000] {processor.py:186} INFO - Started process (PID=3207) to work on /home/airflow/.local/lib/python3.12/site-packages/airflow/example_dags/example_dag_decorator.py
[2025-05-28T14:01:24.381+0000] {processor.py:914} INFO - Processing file /home/airflow/.local/lib/python3.12/site-packages/airflow/example_dags/example_dag_decorator.py for tasks to queue
[2025-05-28T14:01:24.382+0000] {logging_mixin.py:190} INFO - [2025-05-28T14:01:24.382+0000] {dagbag.py:588} INFO - Filling up the DagBag from /home/airflow/.local/lib/python3.12/site-packages/airflow/example_dags/example_dag_decorator.py
[2025-05-28T14:01:24.510+0000] {processor.py:925} INFO - DAG(s) 'example_dag_decorator' retrieved from /home/airflow/.local/lib/python3.12/site-packages/airflow/example_dags/example_dag_decorator.py
[2025-05-28T14:01:25.070+0000] {logging_mixin.py:190} INFO - [2025-05-28T14:01:25.070+0000] {dag.py:3239} INFO - Sync 1 DAGs
[2025-05-28T14:01:25.089+0000] {logging_mixin.py:190} INFO - [2025-05-28T14:01:25.088+0000] {dag.py:4180} INFO - Setting next_dagrun for example_dag_decorator to None, run_after=None
[2025-05-28T14:01:25.119+0000] {processor.py:208} INFO - Processing /home/airflow/.local/lib/python3.12/site-packages/airflow/example_dags/example_dag_decorator.py took 0.747 seconds
[2025-05-28T14:01:55.523+0000] {processor.py:186} INFO - Started process (PID=3254) to work on /home/airflow/.local/lib/python3.12/site-packages/airflow/example_dags/example_dag_decorator.py
[2025-05-28T14:01:55.524+0000] {processor.py:914} INFO - Processing file /home/airflow/.local/lib/python3.12/site-packages/airflow/example_dags/example_dag_decorator.py for tasks to queue
[2025-05-28T14:01:55.526+0000] {logging_mixin.py:190} INFO - [2025-05-28T14:01:55.525+0000] {dagbag.py:588} INFO - Filling up the DagBag from /home/airflow/.local/lib/python3.12/site-packages/airflow/example_dags/example_dag_decorator.py
[2025-05-28T14:01:55.654+0000] {processor.py:925} INFO - DAG(s) 'example_dag_decorator' retrieved from /home/airflow/.local/lib/python3.12/site-packages/airflow/example_dags/example_dag_decorator.py
[2025-05-28T14:01:56.188+0000] {logging_mixin.py:190} INFO - [2025-05-28T14:01:56.188+0000] {dag.py:3239} INFO - Sync 1 DAGs
[2025-05-28T14:01:56.203+0000] {logging_mixin.py:190} INFO - [2025-05-28T14:01:56.203+0000] {dag.py:4180} INFO - Setting next_dagrun for example_dag_decorator to None, run_after=None
[2025-05-28T14:01:56.230+0000] {processor.py:208} INFO - Processing /home/airflow/.local/lib/python3.12/site-packages/airflow/example_dags/example_dag_decorator.py took 0.717 seconds
[2025-05-28T14:02:26.701+0000] {processor.py:186} INFO - Started process (PID=3315) to work on /home/airflow/.local/lib/python3.12/site-packages/airflow/example_dags/example_dag_decorator.py
[2025-05-28T14:02:26.703+0000] {processor.py:914} INFO - Processing file /home/airflow/.local/lib/python3.12/site-packages/airflow/example_dags/example_dag_decorator.py for tasks to queue
[2025-05-28T14:02:26.705+0000] {logging_mixin.py:190} INFO - [2025-05-28T14:02:26.704+0000] {dagbag.py:588} INFO - Filling up the DagBag from /home/airflow/.local/lib/python3.12/site-packages/airflow/example_dags/example_dag_decorator.py
[2025-05-28T14:02:26.824+0000] {processor.py:925} INFO - DAG(s) 'example_dag_decorator' retrieved from /home/airflow/.local/lib/python3.12/site-packages/airflow/example_dags/example_dag_decorator.py
[2025-05-28T14:02:27.441+0000] {logging_mixin.py:190} INFO - [2025-05-28T14:02:27.441+0000] {dag.py:3239} INFO - Sync 1 DAGs
[2025-05-28T14:02:27.461+0000] {logging_mixin.py:190} INFO - [2025-05-28T14:02:27.461+0000] {dag.py:4180} INFO - Setting next_dagrun for example_dag_decorator to None, run_after=None
[2025-05-28T14:02:27.499+0000] {processor.py:208} INFO - Processing /home/airflow/.local/lib/python3.12/site-packages/airflow/example_dags/example_dag_decorator.py took 0.805 seconds
[2025-05-28T14:02:58.588+0000] {processor.py:186} INFO - Started process (PID=3378) to work on /home/airflow/.local/lib/python3.12/site-packages/airflow/example_dags/example_dag_decorator.py
[2025-05-28T14:02:58.589+0000] {processor.py:914} INFO - Processing file /home/airflow/.local/lib/python3.12/site-packages/airflow/example_dags/example_dag_decorator.py for tasks to queue
[2025-05-28T14:02:58.591+0000] {logging_mixin.py:190} INFO - [2025-05-28T14:02:58.591+0000] {dagbag.py:588} INFO - Filling up the DagBag from /home/airflow/.local/lib/python3.12/site-packages/airflow/example_dags/example_dag_decorator.py
[2025-05-28T14:02:58.733+0000] {processor.py:925} INFO - DAG(s) 'example_dag_decorator' retrieved from /home/airflow/.local/lib/python3.12/site-packages/airflow/example_dags/example_dag_decorator.py
[2025-05-28T14:02:59.184+0000] {logging_mixin.py:190} INFO - [2025-05-28T14:02:59.183+0000] {dag.py:3239} INFO - Sync 1 DAGs
[2025-05-28T14:02:59.203+0000] {logging_mixin.py:190} INFO - [2025-05-28T14:02:59.202+0000] {dag.py:4180} INFO - Setting next_dagrun for example_dag_decorator to None, run_after=None
[2025-05-28T14:02:59.234+0000] {processor.py:208} INFO - Processing /home/airflow/.local/lib/python3.12/site-packages/airflow/example_dags/example_dag_decorator.py took 0.657 seconds
[2025-05-28T14:03:29.897+0000] {processor.py:186} INFO - Started process (PID=3443) to work on /home/airflow/.local/lib/python3.12/site-packages/airflow/example_dags/example_dag_decorator.py
[2025-05-28T14:03:29.898+0000] {processor.py:914} INFO - Processing file /home/airflow/.local/lib/python3.12/site-packages/airflow/example_dags/example_dag_decorator.py for tasks to queue
[2025-05-28T14:03:29.900+0000] {logging_mixin.py:190} INFO - [2025-05-28T14:03:29.899+0000] {dagbag.py:588} INFO - Filling up the DagBag from /home/airflow/.local/lib/python3.12/site-packages/airflow/example_dags/example_dag_decorator.py
[2025-05-28T14:03:30.015+0000] {processor.py:925} INFO - DAG(s) 'example_dag_decorator' retrieved from /home/airflow/.local/lib/python3.12/site-packages/airflow/example_dags/example_dag_decorator.py
[2025-05-28T14:03:30.574+0000] {logging_mixin.py:190} INFO - [2025-05-28T14:03:30.574+0000] {dag.py:3239} INFO - Sync 1 DAGs
[2025-05-28T14:03:30.588+0000] {logging_mixin.py:190} INFO - [2025-05-28T14:03:30.588+0000] {dag.py:4180} INFO - Setting next_dagrun for example_dag_decorator to None, run_after=None
[2025-05-28T14:03:30.611+0000] {processor.py:208} INFO - Processing /home/airflow/.local/lib/python3.12/site-packages/airflow/example_dags/example_dag_decorator.py took 0.723 seconds
[2025-05-28T14:04:00.928+0000] {processor.py:186} INFO - Started process (PID=3509) to work on /home/airflow/.local/lib/python3.12/site-packages/airflow/example_dags/example_dag_decorator.py
[2025-05-28T14:04:00.930+0000] {processor.py:914} INFO - Processing file /home/airflow/.local/lib/python3.12/site-packages/airflow/example_dags/example_dag_decorator.py for tasks to queue
[2025-05-28T14:04:00.932+0000] {logging_mixin.py:190} INFO - [2025-05-28T14:04:00.931+0000] {dagbag.py:588} INFO - Filling up the DagBag from /home/airflow/.local/lib/python3.12/site-packages/airflow/example_dags/example_dag_decorator.py
[2025-05-28T14:04:01.050+0000] {processor.py:925} INFO - DAG(s) 'example_dag_decorator' retrieved from /home/airflow/.local/lib/python3.12/site-packages/airflow/example_dags/example_dag_decorator.py
[2025-05-28T14:04:01.638+0000] {logging_mixin.py:190} INFO - [2025-05-28T14:04:01.638+0000] {dag.py:3239} INFO - Sync 1 DAGs
[2025-05-28T14:04:01.652+0000] {logging_mixin.py:190} INFO - [2025-05-28T14:04:01.651+0000] {dag.py:4180} INFO - Setting next_dagrun for example_dag_decorator to None, run_after=None
[2025-05-28T14:04:01.670+0000] {processor.py:208} INFO - Processing /home/airflow/.local/lib/python3.12/site-packages/airflow/example_dags/example_dag_decorator.py took 0.749 seconds
[2025-05-28T14:04:31.861+0000] {processor.py:186} INFO - Started process (PID=3574) to work on /home/airflow/.local/lib/python3.12/site-packages/airflow/example_dags/example_dag_decorator.py
[2025-05-28T14:04:31.863+0000] {processor.py:914} INFO - Processing file /home/airflow/.local/lib/python3.12/site-packages/airflow/example_dags/example_dag_decorator.py for tasks to queue
[2025-05-28T14:04:31.864+0000] {logging_mixin.py:190} INFO - [2025-05-28T14:04:31.863+0000] {dagbag.py:588} INFO - Filling up the DagBag from /home/airflow/.local/lib/python3.12/site-packages/airflow/example_dags/example_dag_decorator.py
[2025-05-28T14:04:31.965+0000] {processor.py:925} INFO - DAG(s) 'example_dag_decorator' retrieved from /home/airflow/.local/lib/python3.12/site-packages/airflow/example_dags/example_dag_decorator.py
[2025-05-28T14:04:32.449+0000] {logging_mixin.py:190} INFO - [2025-05-28T14:04:32.449+0000] {dag.py:3239} INFO - Sync 1 DAGs
[2025-05-28T14:04:32.464+0000] {logging_mixin.py:190} INFO - [2025-05-28T14:04:32.463+0000] {dag.py:4180} INFO - Setting next_dagrun for example_dag_decorator to None, run_after=None
[2025-05-28T14:04:32.488+0000] {processor.py:208} INFO - Processing /home/airflow/.local/lib/python3.12/site-packages/airflow/example_dags/example_dag_decorator.py took 0.634 seconds
[2025-05-28T14:05:03.223+0000] {processor.py:186} INFO - Started process (PID=3638) to work on /home/airflow/.local/lib/python3.12/site-packages/airflow/example_dags/example_dag_decorator.py
[2025-05-28T14:05:03.224+0000] {processor.py:914} INFO - Processing file /home/airflow/.local/lib/python3.12/site-packages/airflow/example_dags/example_dag_decorator.py for tasks to queue
[2025-05-28T14:05:03.225+0000] {logging_mixin.py:190} INFO - [2025-05-28T14:05:03.225+0000] {dagbag.py:588} INFO - Filling up the DagBag from /home/airflow/.local/lib/python3.12/site-packages/airflow/example_dags/example_dag_decorator.py
[2025-05-28T14:05:03.381+0000] {processor.py:925} INFO - DAG(s) 'example_dag_decorator' retrieved from /home/airflow/.local/lib/python3.12/site-packages/airflow/example_dags/example_dag_decorator.py
[2025-05-28T14:05:04.046+0000] {logging_mixin.py:190} INFO - [2025-05-28T14:05:04.045+0000] {dag.py:3239} INFO - Sync 1 DAGs
[2025-05-28T14:05:04.063+0000] {logging_mixin.py:190} INFO - [2025-05-28T14:05:04.063+0000] {dag.py:4180} INFO - Setting next_dagrun for example_dag_decorator to None, run_after=None
[2025-05-28T14:05:04.095+0000] {processor.py:208} INFO - Processing /home/airflow/.local/lib/python3.12/site-packages/airflow/example_dags/example_dag_decorator.py took 0.880 seconds
[2025-05-28T14:05:35.124+0000] {processor.py:186} INFO - Started process (PID=3697) to work on /home/airflow/.local/lib/python3.12/site-packages/airflow/example_dags/example_dag_decorator.py
[2025-05-28T14:05:35.125+0000] {processor.py:914} INFO - Processing file /home/airflow/.local/lib/python3.12/site-packages/airflow/example_dags/example_dag_decorator.py for tasks to queue
[2025-05-28T14:05:35.127+0000] {logging_mixin.py:190} INFO - [2025-05-28T14:05:35.127+0000] {dagbag.py:588} INFO - Filling up the DagBag from /home/airflow/.local/lib/python3.12/site-packages/airflow/example_dags/example_dag_decorator.py
[2025-05-28T14:05:35.626+0000] {processor.py:925} INFO - DAG(s) 'example_dag_decorator' retrieved from /home/airflow/.local/lib/python3.12/site-packages/airflow/example_dags/example_dag_decorator.py
[2025-05-28T14:05:35.650+0000] {logging_mixin.py:190} INFO - [2025-05-28T14:05:35.650+0000] {dag.py:3239} INFO - Sync 1 DAGs
[2025-05-28T14:05:35.665+0000] {logging_mixin.py:190} INFO - [2025-05-28T14:05:35.665+0000] {dag.py:4180} INFO - Setting next_dagrun for example_dag_decorator to None, run_after=None
[2025-05-28T14:05:35.686+0000] {processor.py:208} INFO - Processing /home/airflow/.local/lib/python3.12/site-packages/airflow/example_dags/example_dag_decorator.py took 0.572 seconds
[2025-05-28T14:06:05.950+0000] {processor.py:186} INFO - Started process (PID=3759) to work on /home/airflow/.local/lib/python3.12/site-packages/airflow/example_dags/example_dag_decorator.py
[2025-05-28T14:06:05.951+0000] {processor.py:914} INFO - Processing file /home/airflow/.local/lib/python3.12/site-packages/airflow/example_dags/example_dag_decorator.py for tasks to queue
[2025-05-28T14:06:05.953+0000] {logging_mixin.py:190} INFO - [2025-05-28T14:06:05.952+0000] {dagbag.py:588} INFO - Filling up the DagBag from /home/airflow/.local/lib/python3.12/site-packages/airflow/example_dags/example_dag_decorator.py
[2025-05-28T14:06:06.405+0000] {processor.py:925} INFO - DAG(s) 'example_dag_decorator' retrieved from /home/airflow/.local/lib/python3.12/site-packages/airflow/example_dags/example_dag_decorator.py
[2025-05-28T14:06:06.433+0000] {logging_mixin.py:190} INFO - [2025-05-28T14:06:06.432+0000] {dag.py:3239} INFO - Sync 1 DAGs
[2025-05-28T14:06:06.448+0000] {logging_mixin.py:190} INFO - [2025-05-28T14:06:06.448+0000] {dag.py:4180} INFO - Setting next_dagrun for example_dag_decorator to None, run_after=None
[2025-05-28T14:06:06.475+0000] {processor.py:208} INFO - Processing /home/airflow/.local/lib/python3.12/site-packages/airflow/example_dags/example_dag_decorator.py took 0.533 seconds
[2025-05-28T14:06:37.517+0000] {processor.py:186} INFO - Started process (PID=3824) to work on /home/airflow/.local/lib/python3.12/site-packages/airflow/example_dags/example_dag_decorator.py
[2025-05-28T14:06:37.519+0000] {processor.py:914} INFO - Processing file /home/airflow/.local/lib/python3.12/site-packages/airflow/example_dags/example_dag_decorator.py for tasks to queue
[2025-05-28T14:06:37.521+0000] {logging_mixin.py:190} INFO - [2025-05-28T14:06:37.521+0000] {dagbag.py:588} INFO - Filling up the DagBag from /home/airflow/.local/lib/python3.12/site-packages/airflow/example_dags/example_dag_decorator.py
[2025-05-28T14:06:38.105+0000] {processor.py:925} INFO - DAG(s) 'example_dag_decorator' retrieved from /home/airflow/.local/lib/python3.12/site-packages/airflow/example_dags/example_dag_decorator.py
[2025-05-28T14:06:38.260+0000] {logging_mixin.py:190} INFO - [2025-05-28T14:06:38.260+0000] {dag.py:3239} INFO - Sync 1 DAGs
[2025-05-28T14:06:38.294+0000] {logging_mixin.py:190} INFO - [2025-05-28T14:06:38.294+0000] {dag.py:4180} INFO - Setting next_dagrun for example_dag_decorator to None, run_after=None
[2025-05-28T14:06:38.319+0000] {processor.py:208} INFO - Processing /home/airflow/.local/lib/python3.12/site-packages/airflow/example_dags/example_dag_decorator.py took 0.811 seconds
[2025-05-28T14:07:09.695+0000] {processor.py:186} INFO - Started process (PID=3888) to work on /home/airflow/.local/lib/python3.12/site-packages/airflow/example_dags/example_dag_decorator.py
[2025-05-28T14:07:09.697+0000] {processor.py:914} INFO - Processing file /home/airflow/.local/lib/python3.12/site-packages/airflow/example_dags/example_dag_decorator.py for tasks to queue
[2025-05-28T14:07:09.698+0000] {logging_mixin.py:190} INFO - [2025-05-28T14:07:09.698+0000] {dagbag.py:588} INFO - Filling up the DagBag from /home/airflow/.local/lib/python3.12/site-packages/airflow/example_dags/example_dag_decorator.py
[2025-05-28T14:07:10.222+0000] {processor.py:925} INFO - DAG(s) 'example_dag_decorator' retrieved from /home/airflow/.local/lib/python3.12/site-packages/airflow/example_dags/example_dag_decorator.py
[2025-05-28T14:07:10.346+0000] {logging_mixin.py:190} INFO - [2025-05-28T14:07:10.346+0000] {dag.py:3239} INFO - Sync 1 DAGs
[2025-05-28T14:07:10.360+0000] {logging_mixin.py:190} INFO - [2025-05-28T14:07:10.360+0000] {dag.py:4180} INFO - Setting next_dagrun for example_dag_decorator to None, run_after=None
[2025-05-28T14:07:10.386+0000] {processor.py:208} INFO - Processing /home/airflow/.local/lib/python3.12/site-packages/airflow/example_dags/example_dag_decorator.py took 0.698 seconds
[2025-05-28T14:07:41.245+0000] {processor.py:186} INFO - Started process (PID=3953) to work on /home/airflow/.local/lib/python3.12/site-packages/airflow/example_dags/example_dag_decorator.py
[2025-05-28T14:07:41.247+0000] {processor.py:914} INFO - Processing file /home/airflow/.local/lib/python3.12/site-packages/airflow/example_dags/example_dag_decorator.py for tasks to queue
[2025-05-28T14:07:41.249+0000] {logging_mixin.py:190} INFO - [2025-05-28T14:07:41.249+0000] {dagbag.py:588} INFO - Filling up the DagBag from /home/airflow/.local/lib/python3.12/site-packages/airflow/example_dags/example_dag_decorator.py
[2025-05-28T14:07:41.789+0000] {processor.py:925} INFO - DAG(s) 'example_dag_decorator' retrieved from /home/airflow/.local/lib/python3.12/site-packages/airflow/example_dags/example_dag_decorator.py
[2025-05-28T14:07:41.962+0000] {logging_mixin.py:190} INFO - [2025-05-28T14:07:41.961+0000] {dag.py:3239} INFO - Sync 1 DAGs
[2025-05-28T14:07:41.977+0000] {logging_mixin.py:190} INFO - [2025-05-28T14:07:41.977+0000] {dag.py:4180} INFO - Setting next_dagrun for example_dag_decorator to None, run_after=None
[2025-05-28T14:07:42.005+0000] {processor.py:208} INFO - Processing /home/airflow/.local/lib/python3.12/site-packages/airflow/example_dags/example_dag_decorator.py took 0.770 seconds
[2025-05-28T14:08:12.669+0000] {processor.py:186} INFO - Started process (PID=4017) to work on /home/airflow/.local/lib/python3.12/site-packages/airflow/example_dags/example_dag_decorator.py
[2025-05-28T14:08:12.670+0000] {processor.py:914} INFO - Processing file /home/airflow/.local/lib/python3.12/site-packages/airflow/example_dags/example_dag_decorator.py for tasks to queue
[2025-05-28T14:08:12.672+0000] {logging_mixin.py:190} INFO - [2025-05-28T14:08:12.671+0000] {dagbag.py:588} INFO - Filling up the DagBag from /home/airflow/.local/lib/python3.12/site-packages/airflow/example_dags/example_dag_decorator.py
[2025-05-28T14:08:13.355+0000] {processor.py:925} INFO - DAG(s) 'example_dag_decorator' retrieved from /home/airflow/.local/lib/python3.12/site-packages/airflow/example_dags/example_dag_decorator.py
[2025-05-28T14:08:13.523+0000] {logging_mixin.py:190} INFO - [2025-05-28T14:08:13.522+0000] {dag.py:3239} INFO - Sync 1 DAGs
[2025-05-28T14:08:13.542+0000] {logging_mixin.py:190} INFO - [2025-05-28T14:08:13.541+0000] {dag.py:4180} INFO - Setting next_dagrun for example_dag_decorator to None, run_after=None
[2025-05-28T14:08:13.573+0000] {processor.py:208} INFO - Processing /home/airflow/.local/lib/python3.12/site-packages/airflow/example_dags/example_dag_decorator.py took 0.914 seconds
[2025-05-28T14:08:44.381+0000] {processor.py:186} INFO - Started process (PID=4083) to work on /home/airflow/.local/lib/python3.12/site-packages/airflow/example_dags/example_dag_decorator.py
[2025-05-28T14:08:44.383+0000] {processor.py:914} INFO - Processing file /home/airflow/.local/lib/python3.12/site-packages/airflow/example_dags/example_dag_decorator.py for tasks to queue
[2025-05-28T14:08:44.386+0000] {logging_mixin.py:190} INFO - [2025-05-28T14:08:44.385+0000] {dagbag.py:588} INFO - Filling up the DagBag from /home/airflow/.local/lib/python3.12/site-packages/airflow/example_dags/example_dag_decorator.py
[2025-05-28T14:08:44.965+0000] {processor.py:925} INFO - DAG(s) 'example_dag_decorator' retrieved from /home/airflow/.local/lib/python3.12/site-packages/airflow/example_dags/example_dag_decorator.py
[2025-05-28T14:08:45.156+0000] {logging_mixin.py:190} INFO - [2025-05-28T14:08:45.156+0000] {dag.py:3239} INFO - Sync 1 DAGs
[2025-05-28T14:08:45.169+0000] {logging_mixin.py:190} INFO - [2025-05-28T14:08:45.169+0000] {dag.py:4180} INFO - Setting next_dagrun for example_dag_decorator to None, run_after=None
[2025-05-28T14:08:45.192+0000] {processor.py:208} INFO - Processing /home/airflow/.local/lib/python3.12/site-packages/airflow/example_dags/example_dag_decorator.py took 0.820 seconds
[2025-05-28T14:09:15.532+0000] {processor.py:186} INFO - Started process (PID=4147) to work on /home/airflow/.local/lib/python3.12/site-packages/airflow/example_dags/example_dag_decorator.py
[2025-05-28T14:09:15.539+0000] {processor.py:914} INFO - Processing file /home/airflow/.local/lib/python3.12/site-packages/airflow/example_dags/example_dag_decorator.py for tasks to queue
[2025-05-28T14:09:15.541+0000] {logging_mixin.py:190} INFO - [2025-05-28T14:09:15.540+0000] {dagbag.py:588} INFO - Filling up the DagBag from /home/airflow/.local/lib/python3.12/site-packages/airflow/example_dags/example_dag_decorator.py
[2025-05-28T14:09:16.107+0000] {processor.py:925} INFO - DAG(s) 'example_dag_decorator' retrieved from /home/airflow/.local/lib/python3.12/site-packages/airflow/example_dags/example_dag_decorator.py
[2025-05-28T14:09:16.283+0000] {logging_mixin.py:190} INFO - [2025-05-28T14:09:16.282+0000] {dag.py:3239} INFO - Sync 1 DAGs
[2025-05-28T14:09:16.305+0000] {logging_mixin.py:190} INFO - [2025-05-28T14:09:16.305+0000] {dag.py:4180} INFO - Setting next_dagrun for example_dag_decorator to None, run_after=None
[2025-05-28T14:09:16.332+0000] {processor.py:208} INFO - Processing /home/airflow/.local/lib/python3.12/site-packages/airflow/example_dags/example_dag_decorator.py took 0.813 seconds
[2025-05-28T14:09:46.592+0000] {processor.py:186} INFO - Started process (PID=4207) to work on /home/airflow/.local/lib/python3.12/site-packages/airflow/example_dags/example_dag_decorator.py
[2025-05-28T14:09:46.594+0000] {processor.py:914} INFO - Processing file /home/airflow/.local/lib/python3.12/site-packages/airflow/example_dags/example_dag_decorator.py for tasks to queue
[2025-05-28T14:09:46.596+0000] {logging_mixin.py:190} INFO - [2025-05-28T14:09:46.595+0000] {dagbag.py:588} INFO - Filling up the DagBag from /home/airflow/.local/lib/python3.12/site-packages/airflow/example_dags/example_dag_decorator.py
[2025-05-28T14:09:47.197+0000] {processor.py:925} INFO - DAG(s) 'example_dag_decorator' retrieved from /home/airflow/.local/lib/python3.12/site-packages/airflow/example_dags/example_dag_decorator.py
[2025-05-28T14:09:47.367+0000] {logging_mixin.py:190} INFO - [2025-05-28T14:09:47.366+0000] {dag.py:3239} INFO - Sync 1 DAGs
[2025-05-28T14:09:47.381+0000] {logging_mixin.py:190} INFO - [2025-05-28T14:09:47.381+0000] {dag.py:4180} INFO - Setting next_dagrun for example_dag_decorator to None, run_after=None
[2025-05-28T14:09:47.427+0000] {processor.py:208} INFO - Processing /home/airflow/.local/lib/python3.12/site-packages/airflow/example_dags/example_dag_decorator.py took 0.847 seconds
[2025-05-28T14:10:17.987+0000] {processor.py:186} INFO - Started process (PID=4271) to work on /home/airflow/.local/lib/python3.12/site-packages/airflow/example_dags/example_dag_decorator.py
[2025-05-28T14:10:17.988+0000] {processor.py:914} INFO - Processing file /home/airflow/.local/lib/python3.12/site-packages/airflow/example_dags/example_dag_decorator.py for tasks to queue
[2025-05-28T14:10:17.989+0000] {logging_mixin.py:190} INFO - [2025-05-28T14:10:17.989+0000] {dagbag.py:588} INFO - Filling up the DagBag from /home/airflow/.local/lib/python3.12/site-packages/airflow/example_dags/example_dag_decorator.py
[2025-05-28T14:10:18.124+0000] {processor.py:925} INFO - DAG(s) 'example_dag_decorator' retrieved from /home/airflow/.local/lib/python3.12/site-packages/airflow/example_dags/example_dag_decorator.py
[2025-05-28T14:10:18.276+0000] {logging_mixin.py:190} INFO - [2025-05-28T14:10:18.276+0000] {dag.py:3239} INFO - Sync 1 DAGs
[2025-05-28T14:10:18.292+0000] {logging_mixin.py:190} INFO - [2025-05-28T14:10:18.292+0000] {dag.py:4180} INFO - Setting next_dagrun for example_dag_decorator to None, run_after=None
[2025-05-28T14:10:18.316+0000] {processor.py:208} INFO - Processing /home/airflow/.local/lib/python3.12/site-packages/airflow/example_dags/example_dag_decorator.py took 0.336 seconds
[2025-05-28T14:10:48.873+0000] {processor.py:186} INFO - Started process (PID=4336) to work on /home/airflow/.local/lib/python3.12/site-packages/airflow/example_dags/example_dag_decorator.py
[2025-05-28T14:10:48.875+0000] {processor.py:914} INFO - Processing file /home/airflow/.local/lib/python3.12/site-packages/airflow/example_dags/example_dag_decorator.py for tasks to queue
[2025-05-28T14:10:48.877+0000] {logging_mixin.py:190} INFO - [2025-05-28T14:10:48.876+0000] {dagbag.py:588} INFO - Filling up the DagBag from /home/airflow/.local/lib/python3.12/site-packages/airflow/example_dags/example_dag_decorator.py
[2025-05-28T14:10:49.000+0000] {processor.py:925} INFO - DAG(s) 'example_dag_decorator' retrieved from /home/airflow/.local/lib/python3.12/site-packages/airflow/example_dags/example_dag_decorator.py
[2025-05-28T14:10:49.207+0000] {logging_mixin.py:190} INFO - [2025-05-28T14:10:49.206+0000] {dag.py:3239} INFO - Sync 1 DAGs
[2025-05-28T14:10:49.228+0000] {logging_mixin.py:190} INFO - [2025-05-28T14:10:49.227+0000] {dag.py:4180} INFO - Setting next_dagrun for example_dag_decorator to None, run_after=None
[2025-05-28T14:10:49.295+0000] {processor.py:208} INFO - Processing /home/airflow/.local/lib/python3.12/site-packages/airflow/example_dags/example_dag_decorator.py took 0.432 seconds
[2025-05-28T14:11:19.542+0000] {processor.py:186} INFO - Started process (PID=4403) to work on /home/airflow/.local/lib/python3.12/site-packages/airflow/example_dags/example_dag_decorator.py
[2025-05-28T14:11:19.543+0000] {processor.py:914} INFO - Processing file /home/airflow/.local/lib/python3.12/site-packages/airflow/example_dags/example_dag_decorator.py for tasks to queue
[2025-05-28T14:11:19.545+0000] {logging_mixin.py:190} INFO - [2025-05-28T14:11:19.545+0000] {dagbag.py:588} INFO - Filling up the DagBag from /home/airflow/.local/lib/python3.12/site-packages/airflow/example_dags/example_dag_decorator.py
[2025-05-28T14:11:19.694+0000] {processor.py:925} INFO - DAG(s) 'example_dag_decorator' retrieved from /home/airflow/.local/lib/python3.12/site-packages/airflow/example_dags/example_dag_decorator.py
[2025-05-28T14:11:19.896+0000] {logging_mixin.py:190} INFO - [2025-05-28T14:11:19.895+0000] {dag.py:3239} INFO - Sync 1 DAGs
[2025-05-28T14:11:19.913+0000] {logging_mixin.py:190} INFO - [2025-05-28T14:11:19.913+0000] {dag.py:4180} INFO - Setting next_dagrun for example_dag_decorator to None, run_after=None
[2025-05-28T14:11:19.936+0000] {processor.py:208} INFO - Processing /home/airflow/.local/lib/python3.12/site-packages/airflow/example_dags/example_dag_decorator.py took 0.402 seconds
[2025-05-28T14:11:50.020+0000] {processor.py:186} INFO - Started process (PID=4466) to work on /home/airflow/.local/lib/python3.12/site-packages/airflow/example_dags/example_dag_decorator.py
[2025-05-28T14:11:50.021+0000] {processor.py:914} INFO - Processing file /home/airflow/.local/lib/python3.12/site-packages/airflow/example_dags/example_dag_decorator.py for tasks to queue
[2025-05-28T14:11:50.023+0000] {logging_mixin.py:190} INFO - [2025-05-28T14:11:50.022+0000] {dagbag.py:588} INFO - Filling up the DagBag from /home/airflow/.local/lib/python3.12/site-packages/airflow/example_dags/example_dag_decorator.py
[2025-05-28T14:11:50.221+0000] {processor.py:925} INFO - DAG(s) 'example_dag_decorator' retrieved from /home/airflow/.local/lib/python3.12/site-packages/airflow/example_dags/example_dag_decorator.py
[2025-05-28T14:11:50.388+0000] {logging_mixin.py:190} INFO - [2025-05-28T14:11:50.388+0000] {dag.py:3239} INFO - Sync 1 DAGs
[2025-05-28T14:11:50.409+0000] {logging_mixin.py:190} INFO - [2025-05-28T14:11:50.408+0000] {dag.py:4180} INFO - Setting next_dagrun for example_dag_decorator to None, run_after=None
[2025-05-28T14:11:50.432+0000] {processor.py:208} INFO - Processing /home/airflow/.local/lib/python3.12/site-packages/airflow/example_dags/example_dag_decorator.py took 0.419 seconds
[2025-05-28T14:12:21.038+0000] {processor.py:186} INFO - Started process (PID=4529) to work on /home/airflow/.local/lib/python3.12/site-packages/airflow/example_dags/example_dag_decorator.py
[2025-05-28T14:12:21.039+0000] {processor.py:914} INFO - Processing file /home/airflow/.local/lib/python3.12/site-packages/airflow/example_dags/example_dag_decorator.py for tasks to queue
[2025-05-28T14:12:21.040+0000] {logging_mixin.py:190} INFO - [2025-05-28T14:12:21.040+0000] {dagbag.py:588} INFO - Filling up the DagBag from /home/airflow/.local/lib/python3.12/site-packages/airflow/example_dags/example_dag_decorator.py
[2025-05-28T14:12:21.149+0000] {processor.py:925} INFO - DAG(s) 'example_dag_decorator' retrieved from /home/airflow/.local/lib/python3.12/site-packages/airflow/example_dags/example_dag_decorator.py
[2025-05-28T14:12:21.286+0000] {logging_mixin.py:190} INFO - [2025-05-28T14:12:21.286+0000] {dag.py:3239} INFO - Sync 1 DAGs
[2025-05-28T14:12:21.304+0000] {logging_mixin.py:190} INFO - [2025-05-28T14:12:21.303+0000] {dag.py:4180} INFO - Setting next_dagrun for example_dag_decorator to None, run_after=None
[2025-05-28T14:12:21.338+0000] {processor.py:208} INFO - Processing /home/airflow/.local/lib/python3.12/site-packages/airflow/example_dags/example_dag_decorator.py took 0.308 seconds
[2025-05-28T14:12:52.028+0000] {processor.py:186} INFO - Started process (PID=4594) to work on /home/airflow/.local/lib/python3.12/site-packages/airflow/example_dags/example_dag_decorator.py
[2025-05-28T14:12:52.029+0000] {processor.py:914} INFO - Processing file /home/airflow/.local/lib/python3.12/site-packages/airflow/example_dags/example_dag_decorator.py for tasks to queue
[2025-05-28T14:12:52.031+0000] {logging_mixin.py:190} INFO - [2025-05-28T14:12:52.030+0000] {dagbag.py:588} INFO - Filling up the DagBag from /home/airflow/.local/lib/python3.12/site-packages/airflow/example_dags/example_dag_decorator.py
[2025-05-28T14:12:52.146+0000] {processor.py:925} INFO - DAG(s) 'example_dag_decorator' retrieved from /home/airflow/.local/lib/python3.12/site-packages/airflow/example_dags/example_dag_decorator.py
[2025-05-28T14:12:52.289+0000] {logging_mixin.py:190} INFO - [2025-05-28T14:12:52.289+0000] {dag.py:3239} INFO - Sync 1 DAGs
[2025-05-28T14:12:52.308+0000] {logging_mixin.py:190} INFO - [2025-05-28T14:12:52.307+0000] {dag.py:4180} INFO - Setting next_dagrun for example_dag_decorator to None, run_after=None
[2025-05-28T14:12:52.330+0000] {processor.py:208} INFO - Processing /home/airflow/.local/lib/python3.12/site-packages/airflow/example_dags/example_dag_decorator.py took 0.310 seconds
[2025-05-28T14:13:22.955+0000] {processor.py:186} INFO - Started process (PID=4657) to work on /home/airflow/.local/lib/python3.12/site-packages/airflow/example_dags/example_dag_decorator.py
[2025-05-28T14:13:22.957+0000] {processor.py:914} INFO - Processing file /home/airflow/.local/lib/python3.12/site-packages/airflow/example_dags/example_dag_decorator.py for tasks to queue
[2025-05-28T14:13:22.958+0000] {logging_mixin.py:190} INFO - [2025-05-28T14:13:22.958+0000] {dagbag.py:588} INFO - Filling up the DagBag from /home/airflow/.local/lib/python3.12/site-packages/airflow/example_dags/example_dag_decorator.py
[2025-05-28T14:13:23.063+0000] {processor.py:925} INFO - DAG(s) 'example_dag_decorator' retrieved from /home/airflow/.local/lib/python3.12/site-packages/airflow/example_dags/example_dag_decorator.py
[2025-05-28T14:13:23.190+0000] {logging_mixin.py:190} INFO - [2025-05-28T14:13:23.189+0000] {dag.py:3239} INFO - Sync 1 DAGs
[2025-05-28T14:13:23.204+0000] {logging_mixin.py:190} INFO - [2025-05-28T14:13:23.203+0000] {dag.py:4180} INFO - Setting next_dagrun for example_dag_decorator to None, run_after=None
[2025-05-28T14:13:23.224+0000] {processor.py:208} INFO - Processing /home/airflow/.local/lib/python3.12/site-packages/airflow/example_dags/example_dag_decorator.py took 0.276 seconds
[2025-05-28T14:13:53.288+0000] {processor.py:186} INFO - Started process (PID=4722) to work on /home/airflow/.local/lib/python3.12/site-packages/airflow/example_dags/example_dag_decorator.py
[2025-05-28T14:13:53.289+0000] {processor.py:914} INFO - Processing file /home/airflow/.local/lib/python3.12/site-packages/airflow/example_dags/example_dag_decorator.py for tasks to queue
[2025-05-28T14:13:53.290+0000] {logging_mixin.py:190} INFO - [2025-05-28T14:13:53.290+0000] {dagbag.py:588} INFO - Filling up the DagBag from /home/airflow/.local/lib/python3.12/site-packages/airflow/example_dags/example_dag_decorator.py
[2025-05-28T14:13:53.393+0000] {processor.py:925} INFO - DAG(s) 'example_dag_decorator' retrieved from /home/airflow/.local/lib/python3.12/site-packages/airflow/example_dags/example_dag_decorator.py
[2025-05-28T14:13:53.515+0000] {logging_mixin.py:190} INFO - [2025-05-28T14:13:53.515+0000] {dag.py:3239} INFO - Sync 1 DAGs
[2025-05-28T14:13:53.529+0000] {logging_mixin.py:190} INFO - [2025-05-28T14:13:53.529+0000] {dag.py:4180} INFO - Setting next_dagrun for example_dag_decorator to None, run_after=None
[2025-05-28T14:13:53.550+0000] {processor.py:208} INFO - Processing /home/airflow/.local/lib/python3.12/site-packages/airflow/example_dags/example_dag_decorator.py took 0.268 seconds
[2025-05-28T14:14:24.462+0000] {processor.py:186} INFO - Started process (PID=4793) to work on /home/airflow/.local/lib/python3.12/site-packages/airflow/example_dags/example_dag_decorator.py
[2025-05-28T14:14:24.463+0000] {processor.py:914} INFO - Processing file /home/airflow/.local/lib/python3.12/site-packages/airflow/example_dags/example_dag_decorator.py for tasks to queue
[2025-05-28T14:14:24.465+0000] {logging_mixin.py:190} INFO - [2025-05-28T14:14:24.464+0000] {dagbag.py:588} INFO - Filling up the DagBag from /home/airflow/.local/lib/python3.12/site-packages/airflow/example_dags/example_dag_decorator.py
[2025-05-28T14:14:24.630+0000] {processor.py:925} INFO - DAG(s) 'example_dag_decorator' retrieved from /home/airflow/.local/lib/python3.12/site-packages/airflow/example_dags/example_dag_decorator.py
[2025-05-28T14:14:24.803+0000] {logging_mixin.py:190} INFO - [2025-05-28T14:14:24.803+0000] {dag.py:3239} INFO - Sync 1 DAGs
[2025-05-28T14:14:24.828+0000] {logging_mixin.py:190} INFO - [2025-05-28T14:14:24.828+0000] {dag.py:4180} INFO - Setting next_dagrun for example_dag_decorator to None, run_after=None
[2025-05-28T14:14:24.860+0000] {processor.py:208} INFO - Processing /home/airflow/.local/lib/python3.12/site-packages/airflow/example_dags/example_dag_decorator.py took 0.406 seconds
[2025-05-28T14:14:55.116+0000] {processor.py:186} INFO - Started process (PID=4858) to work on /home/airflow/.local/lib/python3.12/site-packages/airflow/example_dags/example_dag_decorator.py
[2025-05-28T14:14:55.117+0000] {processor.py:914} INFO - Processing file /home/airflow/.local/lib/python3.12/site-packages/airflow/example_dags/example_dag_decorator.py for tasks to queue
[2025-05-28T14:14:55.118+0000] {logging_mixin.py:190} INFO - [2025-05-28T14:14:55.118+0000] {dagbag.py:588} INFO - Filling up the DagBag from /home/airflow/.local/lib/python3.12/site-packages/airflow/example_dags/example_dag_decorator.py
[2025-05-28T14:14:55.221+0000] {processor.py:925} INFO - DAG(s) 'example_dag_decorator' retrieved from /home/airflow/.local/lib/python3.12/site-packages/airflow/example_dags/example_dag_decorator.py
[2025-05-28T14:14:55.337+0000] {logging_mixin.py:190} INFO - [2025-05-28T14:14:55.336+0000] {dag.py:3239} INFO - Sync 1 DAGs
[2025-05-28T14:14:55.351+0000] {logging_mixin.py:190} INFO - [2025-05-28T14:14:55.351+0000] {dag.py:4180} INFO - Setting next_dagrun for example_dag_decorator to None, run_after=None
[2025-05-28T14:14:55.367+0000] {processor.py:208} INFO - Processing /home/airflow/.local/lib/python3.12/site-packages/airflow/example_dags/example_dag_decorator.py took 0.259 seconds
