[2025-05-28T13:37:18.669+0000] {processor.py:186} INFO - Started process (PID=113) to work on /home/airflow/.local/lib/python3.12/site-packages/airflow/example_dags/example_latest_only.py
[2025-05-28T13:37:18.670+0000] {processor.py:914} INFO - Processing file /home/airflow/.local/lib/python3.12/site-packages/airflow/example_dags/example_latest_only.py for tasks to queue
[2025-05-28T13:37:18.672+0000] {logging_mixin.py:190} INFO - [2025-05-28T13:37:18.672+0000] {dagbag.py:588} INFO - Filling up the DagBag from /home/airflow/.local/lib/python3.12/site-packages/airflow/example_dags/example_latest_only.py
[2025-05-28T13:37:18.679+0000] {processor.py:925} INFO - DAG(s) 'latest_only' retrieved from /home/airflow/.local/lib/python3.12/site-packages/airflow/example_dags/example_latest_only.py
[2025-05-28T13:37:18.699+0000] {logging_mixin.py:190} INFO - [2025-05-28T13:37:18.699+0000] {dag.py:3239} INFO - Sync 1 DAGs
[2025-05-28T13:37:18.720+0000] {logging_mixin.py:190} INFO - [2025-05-28T13:37:18.720+0000] {dag.py:4180} INFO - Setting next_dagrun for latest_only to 2025-05-28 08:00:00+00:00, run_after=2025-05-28 12:00:00+00:00
[2025-05-28T13:37:18.734+0000] {processor.py:208} INFO - Processing /home/airflow/.local/lib/python3.12/site-packages/airflow/example_dags/example_latest_only.py took 0.070 seconds
[2025-05-28T13:37:50.640+0000] {processor.py:186} INFO - Started process (PID=178) to work on /home/airflow/.local/lib/python3.12/site-packages/airflow/example_dags/example_latest_only.py
[2025-05-28T13:37:50.641+0000] {processor.py:914} INFO - Processing file /home/airflow/.local/lib/python3.12/site-packages/airflow/example_dags/example_latest_only.py for tasks to queue
[2025-05-28T13:37:50.645+0000] {logging_mixin.py:190} INFO - [2025-05-28T13:37:50.644+0000] {dagbag.py:588} INFO - Filling up the DagBag from /home/airflow/.local/lib/python3.12/site-packages/airflow/example_dags/example_latest_only.py
[2025-05-28T13:37:50.656+0000] {processor.py:925} INFO - DAG(s) 'latest_only' retrieved from /home/airflow/.local/lib/python3.12/site-packages/airflow/example_dags/example_latest_only.py
[2025-05-28T13:37:50.691+0000] {logging_mixin.py:190} INFO - [2025-05-28T13:37:50.690+0000] {dag.py:3239} INFO - Sync 1 DAGs
[2025-05-28T13:37:50.720+0000] {logging_mixin.py:190} INFO - [2025-05-28T13:37:50.720+0000] {dag.py:4180} INFO - Setting next_dagrun for latest_only to 2025-05-28 08:00:00+00:00, run_after=2025-05-28 12:00:00+00:00
[2025-05-28T13:37:50.747+0000] {processor.py:208} INFO - Processing /home/airflow/.local/lib/python3.12/site-packages/airflow/example_dags/example_latest_only.py took 0.117 seconds
[2025-05-28T13:38:22.262+0000] {processor.py:186} INFO - Started process (PID=243) to work on /home/airflow/.local/lib/python3.12/site-packages/airflow/example_dags/example_latest_only.py
[2025-05-28T13:38:22.263+0000] {processor.py:914} INFO - Processing file /home/airflow/.local/lib/python3.12/site-packages/airflow/example_dags/example_latest_only.py for tasks to queue
[2025-05-28T13:38:22.265+0000] {logging_mixin.py:190} INFO - [2025-05-28T13:38:22.265+0000] {dagbag.py:588} INFO - Filling up the DagBag from /home/airflow/.local/lib/python3.12/site-packages/airflow/example_dags/example_latest_only.py
[2025-05-28T13:38:22.275+0000] {processor.py:925} INFO - DAG(s) 'latest_only' retrieved from /home/airflow/.local/lib/python3.12/site-packages/airflow/example_dags/example_latest_only.py
[2025-05-28T13:38:22.298+0000] {logging_mixin.py:190} INFO - [2025-05-28T13:38:22.298+0000] {dag.py:3239} INFO - Sync 1 DAGs
[2025-05-28T13:38:22.321+0000] {logging_mixin.py:190} INFO - [2025-05-28T13:38:22.321+0000] {dag.py:4180} INFO - Setting next_dagrun for latest_only to 2025-05-28 08:00:00+00:00, run_after=2025-05-28 12:00:00+00:00
[2025-05-28T13:38:22.339+0000] {processor.py:208} INFO - Processing /home/airflow/.local/lib/python3.12/site-packages/airflow/example_dags/example_latest_only.py took 0.084 seconds
[2025-05-28T13:38:53.667+0000] {processor.py:186} INFO - Started process (PID=308) to work on /home/airflow/.local/lib/python3.12/site-packages/airflow/example_dags/example_latest_only.py
[2025-05-28T13:38:53.669+0000] {processor.py:914} INFO - Processing file /home/airflow/.local/lib/python3.12/site-packages/airflow/example_dags/example_latest_only.py for tasks to queue
[2025-05-28T13:38:53.673+0000] {logging_mixin.py:190} INFO - [2025-05-28T13:38:53.672+0000] {dagbag.py:588} INFO - Filling up the DagBag from /home/airflow/.local/lib/python3.12/site-packages/airflow/example_dags/example_latest_only.py
[2025-05-28T13:38:53.687+0000] {processor.py:925} INFO - DAG(s) 'latest_only' retrieved from /home/airflow/.local/lib/python3.12/site-packages/airflow/example_dags/example_latest_only.py
[2025-05-28T13:38:53.733+0000] {logging_mixin.py:190} INFO - [2025-05-28T13:38:53.732+0000] {dag.py:3239} INFO - Sync 1 DAGs
[2025-05-28T13:38:53.771+0000] {logging_mixin.py:190} INFO - [2025-05-28T13:38:53.771+0000] {dag.py:4180} INFO - Setting next_dagrun for latest_only to 2025-05-28 08:00:00+00:00, run_after=2025-05-28 12:00:00+00:00
[2025-05-28T13:38:53.790+0000] {processor.py:208} INFO - Processing /home/airflow/.local/lib/python3.12/site-packages/airflow/example_dags/example_latest_only.py took 0.134 seconds
[2025-05-28T13:39:24.537+0000] {processor.py:186} INFO - Started process (PID=373) to work on /home/airflow/.local/lib/python3.12/site-packages/airflow/example_dags/example_latest_only.py
[2025-05-28T13:39:24.538+0000] {processor.py:914} INFO - Processing file /home/airflow/.local/lib/python3.12/site-packages/airflow/example_dags/example_latest_only.py for tasks to queue
[2025-05-28T13:39:24.540+0000] {logging_mixin.py:190} INFO - [2025-05-28T13:39:24.540+0000] {dagbag.py:588} INFO - Filling up the DagBag from /home/airflow/.local/lib/python3.12/site-packages/airflow/example_dags/example_latest_only.py
[2025-05-28T13:39:24.547+0000] {processor.py:925} INFO - DAG(s) 'latest_only' retrieved from /home/airflow/.local/lib/python3.12/site-packages/airflow/example_dags/example_latest_only.py
[2025-05-28T13:39:24.566+0000] {logging_mixin.py:190} INFO - [2025-05-28T13:39:24.566+0000] {dag.py:3239} INFO - Sync 1 DAGs
[2025-05-28T13:39:24.588+0000] {logging_mixin.py:190} INFO - [2025-05-28T13:39:24.587+0000] {dag.py:4180} INFO - Setting next_dagrun for latest_only to 2025-05-28 08:00:00+00:00, run_after=2025-05-28 12:00:00+00:00
[2025-05-28T13:39:24.603+0000] {processor.py:208} INFO - Processing /home/airflow/.local/lib/python3.12/site-packages/airflow/example_dags/example_latest_only.py took 0.071 seconds
[2025-05-28T13:39:55.744+0000] {processor.py:186} INFO - Started process (PID=438) to work on /home/airflow/.local/lib/python3.12/site-packages/airflow/example_dags/example_latest_only.py
[2025-05-28T13:39:55.745+0000] {processor.py:914} INFO - Processing file /home/airflow/.local/lib/python3.12/site-packages/airflow/example_dags/example_latest_only.py for tasks to queue
[2025-05-28T13:39:55.748+0000] {logging_mixin.py:190} INFO - [2025-05-28T13:39:55.747+0000] {dagbag.py:588} INFO - Filling up the DagBag from /home/airflow/.local/lib/python3.12/site-packages/airflow/example_dags/example_latest_only.py
[2025-05-28T13:39:55.755+0000] {processor.py:925} INFO - DAG(s) 'latest_only' retrieved from /home/airflow/.local/lib/python3.12/site-packages/airflow/example_dags/example_latest_only.py
[2025-05-28T13:39:55.776+0000] {logging_mixin.py:190} INFO - [2025-05-28T13:39:55.775+0000] {dag.py:3239} INFO - Sync 1 DAGs
[2025-05-28T13:39:55.799+0000] {logging_mixin.py:190} INFO - [2025-05-28T13:39:55.799+0000] {dag.py:4180} INFO - Setting next_dagrun for latest_only to 2025-05-28 08:00:00+00:00, run_after=2025-05-28 12:00:00+00:00
[2025-05-28T13:39:55.815+0000] {processor.py:208} INFO - Processing /home/airflow/.local/lib/python3.12/site-packages/airflow/example_dags/example_latest_only.py took 0.077 seconds
[2025-05-28T13:40:26.511+0000] {processor.py:186} INFO - Started process (PID=503) to work on /home/airflow/.local/lib/python3.12/site-packages/airflow/example_dags/example_latest_only.py
[2025-05-28T13:40:26.512+0000] {processor.py:914} INFO - Processing file /home/airflow/.local/lib/python3.12/site-packages/airflow/example_dags/example_latest_only.py for tasks to queue
[2025-05-28T13:40:26.514+0000] {logging_mixin.py:190} INFO - [2025-05-28T13:40:26.514+0000] {dagbag.py:588} INFO - Filling up the DagBag from /home/airflow/.local/lib/python3.12/site-packages/airflow/example_dags/example_latest_only.py
[2025-05-28T13:40:26.522+0000] {processor.py:925} INFO - DAG(s) 'latest_only' retrieved from /home/airflow/.local/lib/python3.12/site-packages/airflow/example_dags/example_latest_only.py
[2025-05-28T13:40:26.542+0000] {logging_mixin.py:190} INFO - [2025-05-28T13:40:26.541+0000] {dag.py:3239} INFO - Sync 1 DAGs
[2025-05-28T13:40:26.565+0000] {logging_mixin.py:190} INFO - [2025-05-28T13:40:26.564+0000] {dag.py:4180} INFO - Setting next_dagrun for latest_only to 2025-05-28 08:00:00+00:00, run_after=2025-05-28 12:00:00+00:00
[2025-05-28T13:40:26.580+0000] {processor.py:208} INFO - Processing /home/airflow/.local/lib/python3.12/site-packages/airflow/example_dags/example_latest_only.py took 0.075 seconds
[2025-05-28T13:40:57.565+0000] {processor.py:186} INFO - Started process (PID=568) to work on /home/airflow/.local/lib/python3.12/site-packages/airflow/example_dags/example_latest_only.py
[2025-05-28T13:40:57.566+0000] {processor.py:914} INFO - Processing file /home/airflow/.local/lib/python3.12/site-packages/airflow/example_dags/example_latest_only.py for tasks to queue
[2025-05-28T13:40:57.568+0000] {logging_mixin.py:190} INFO - [2025-05-28T13:40:57.568+0000] {dagbag.py:588} INFO - Filling up the DagBag from /home/airflow/.local/lib/python3.12/site-packages/airflow/example_dags/example_latest_only.py
[2025-05-28T13:40:57.577+0000] {processor.py:925} INFO - DAG(s) 'latest_only' retrieved from /home/airflow/.local/lib/python3.12/site-packages/airflow/example_dags/example_latest_only.py
[2025-05-28T13:40:57.601+0000] {logging_mixin.py:190} INFO - [2025-05-28T13:40:57.601+0000] {dag.py:3239} INFO - Sync 1 DAGs
[2025-05-28T13:40:57.626+0000] {logging_mixin.py:190} INFO - [2025-05-28T13:40:57.626+0000] {dag.py:4180} INFO - Setting next_dagrun for latest_only to 2025-05-28 08:00:00+00:00, run_after=2025-05-28 12:00:00+00:00
[2025-05-28T13:40:57.645+0000] {processor.py:208} INFO - Processing /home/airflow/.local/lib/python3.12/site-packages/airflow/example_dags/example_latest_only.py took 0.086 seconds
[2025-05-28T13:41:29.210+0000] {processor.py:186} INFO - Started process (PID=633) to work on /home/airflow/.local/lib/python3.12/site-packages/airflow/example_dags/example_latest_only.py
[2025-05-28T13:41:29.211+0000] {processor.py:914} INFO - Processing file /home/airflow/.local/lib/python3.12/site-packages/airflow/example_dags/example_latest_only.py for tasks to queue
[2025-05-28T13:41:29.214+0000] {logging_mixin.py:190} INFO - [2025-05-28T13:41:29.213+0000] {dagbag.py:588} INFO - Filling up the DagBag from /home/airflow/.local/lib/python3.12/site-packages/airflow/example_dags/example_latest_only.py
[2025-05-28T13:41:29.221+0000] {processor.py:925} INFO - DAG(s) 'latest_only' retrieved from /home/airflow/.local/lib/python3.12/site-packages/airflow/example_dags/example_latest_only.py
[2025-05-28T13:41:29.240+0000] {logging_mixin.py:190} INFO - [2025-05-28T13:41:29.240+0000] {dag.py:3239} INFO - Sync 1 DAGs
[2025-05-28T13:41:29.260+0000] {logging_mixin.py:190} INFO - [2025-05-28T13:41:29.260+0000] {dag.py:4180} INFO - Setting next_dagrun for latest_only to 2025-05-28 08:00:00+00:00, run_after=2025-05-28 12:00:00+00:00
[2025-05-28T13:41:29.275+0000] {processor.py:208} INFO - Processing /home/airflow/.local/lib/python3.12/site-packages/airflow/example_dags/example_latest_only.py took 0.071 seconds
[2025-05-28T13:42:00.451+0000] {processor.py:186} INFO - Started process (PID=707) to work on /home/airflow/.local/lib/python3.12/site-packages/airflow/example_dags/example_latest_only.py
[2025-05-28T13:42:00.452+0000] {processor.py:914} INFO - Processing file /home/airflow/.local/lib/python3.12/site-packages/airflow/example_dags/example_latest_only.py for tasks to queue
[2025-05-28T13:42:00.455+0000] {logging_mixin.py:190} INFO - [2025-05-28T13:42:00.454+0000] {dagbag.py:588} INFO - Filling up the DagBag from /home/airflow/.local/lib/python3.12/site-packages/airflow/example_dags/example_latest_only.py
[2025-05-28T13:42:00.462+0000] {processor.py:925} INFO - DAG(s) 'latest_only' retrieved from /home/airflow/.local/lib/python3.12/site-packages/airflow/example_dags/example_latest_only.py
[2025-05-28T13:42:00.480+0000] {logging_mixin.py:190} INFO - [2025-05-28T13:42:00.480+0000] {dag.py:3239} INFO - Sync 1 DAGs
[2025-05-28T13:42:00.501+0000] {logging_mixin.py:190} INFO - [2025-05-28T13:42:00.501+0000] {dag.py:4180} INFO - Setting next_dagrun for latest_only to 2025-05-28 08:00:00+00:00, run_after=2025-05-28 12:00:00+00:00
[2025-05-28T13:42:00.516+0000] {processor.py:208} INFO - Processing /home/airflow/.local/lib/python3.12/site-packages/airflow/example_dags/example_latest_only.py took 0.071 seconds
[2025-05-28T13:42:31.658+0000] {processor.py:186} INFO - Started process (PID=777) to work on /home/airflow/.local/lib/python3.12/site-packages/airflow/example_dags/example_latest_only.py
[2025-05-28T13:42:31.659+0000] {processor.py:914} INFO - Processing file /home/airflow/.local/lib/python3.12/site-packages/airflow/example_dags/example_latest_only.py for tasks to queue
[2025-05-28T13:42:31.662+0000] {logging_mixin.py:190} INFO - [2025-05-28T13:42:31.661+0000] {dagbag.py:588} INFO - Filling up the DagBag from /home/airflow/.local/lib/python3.12/site-packages/airflow/example_dags/example_latest_only.py
[2025-05-28T13:42:31.669+0000] {processor.py:925} INFO - DAG(s) 'latest_only' retrieved from /home/airflow/.local/lib/python3.12/site-packages/airflow/example_dags/example_latest_only.py
[2025-05-28T13:42:31.689+0000] {logging_mixin.py:190} INFO - [2025-05-28T13:42:31.689+0000] {dag.py:3239} INFO - Sync 1 DAGs
[2025-05-28T13:42:31.710+0000] {logging_mixin.py:190} INFO - [2025-05-28T13:42:31.710+0000] {dag.py:4180} INFO - Setting next_dagrun for latest_only to 2025-05-28 08:00:00+00:00, run_after=2025-05-28 12:00:00+00:00
[2025-05-28T13:42:31.724+0000] {processor.py:208} INFO - Processing /home/airflow/.local/lib/python3.12/site-packages/airflow/example_dags/example_latest_only.py took 0.072 seconds
[2025-05-28T13:43:03.093+0000] {processor.py:186} INFO - Started process (PID=844) to work on /home/airflow/.local/lib/python3.12/site-packages/airflow/example_dags/example_latest_only.py
[2025-05-28T13:43:03.094+0000] {processor.py:914} INFO - Processing file /home/airflow/.local/lib/python3.12/site-packages/airflow/example_dags/example_latest_only.py for tasks to queue
[2025-05-28T13:43:03.096+0000] {logging_mixin.py:190} INFO - [2025-05-28T13:43:03.096+0000] {dagbag.py:588} INFO - Filling up the DagBag from /home/airflow/.local/lib/python3.12/site-packages/airflow/example_dags/example_latest_only.py
[2025-05-28T13:43:03.103+0000] {processor.py:925} INFO - DAG(s) 'latest_only' retrieved from /home/airflow/.local/lib/python3.12/site-packages/airflow/example_dags/example_latest_only.py
[2025-05-28T13:43:03.122+0000] {logging_mixin.py:190} INFO - [2025-05-28T13:43:03.122+0000] {dag.py:3239} INFO - Sync 1 DAGs
[2025-05-28T13:43:03.142+0000] {logging_mixin.py:190} INFO - [2025-05-28T13:43:03.142+0000] {dag.py:4180} INFO - Setting next_dagrun for latest_only to 2025-05-28 08:00:00+00:00, run_after=2025-05-28 12:00:00+00:00
[2025-05-28T13:43:03.155+0000] {processor.py:208} INFO - Processing /home/airflow/.local/lib/python3.12/site-packages/airflow/example_dags/example_latest_only.py took 0.068 seconds
[2025-05-28T13:43:33.820+0000] {processor.py:186} INFO - Started process (PID=909) to work on /home/airflow/.local/lib/python3.12/site-packages/airflow/example_dags/example_latest_only.py
[2025-05-28T13:43:33.821+0000] {processor.py:914} INFO - Processing file /home/airflow/.local/lib/python3.12/site-packages/airflow/example_dags/example_latest_only.py for tasks to queue
[2025-05-28T13:43:33.823+0000] {logging_mixin.py:190} INFO - [2025-05-28T13:43:33.822+0000] {dagbag.py:588} INFO - Filling up the DagBag from /home/airflow/.local/lib/python3.12/site-packages/airflow/example_dags/example_latest_only.py
[2025-05-28T13:43:33.830+0000] {processor.py:925} INFO - DAG(s) 'latest_only' retrieved from /home/airflow/.local/lib/python3.12/site-packages/airflow/example_dags/example_latest_only.py
[2025-05-28T13:43:33.848+0000] {logging_mixin.py:190} INFO - [2025-05-28T13:43:33.848+0000] {dag.py:3239} INFO - Sync 1 DAGs
[2025-05-28T13:43:33.869+0000] {logging_mixin.py:190} INFO - [2025-05-28T13:43:33.868+0000] {dag.py:4180} INFO - Setting next_dagrun for latest_only to 2025-05-28 08:00:00+00:00, run_after=2025-05-28 12:00:00+00:00
[2025-05-28T13:43:33.882+0000] {processor.py:208} INFO - Processing /home/airflow/.local/lib/python3.12/site-packages/airflow/example_dags/example_latest_only.py took 0.067 seconds
[2025-05-28T13:44:04.547+0000] {processor.py:186} INFO - Started process (PID=974) to work on /home/airflow/.local/lib/python3.12/site-packages/airflow/example_dags/example_latest_only.py
[2025-05-28T13:44:04.548+0000] {processor.py:914} INFO - Processing file /home/airflow/.local/lib/python3.12/site-packages/airflow/example_dags/example_latest_only.py for tasks to queue
[2025-05-28T13:44:04.549+0000] {logging_mixin.py:190} INFO - [2025-05-28T13:44:04.549+0000] {dagbag.py:588} INFO - Filling up the DagBag from /home/airflow/.local/lib/python3.12/site-packages/airflow/example_dags/example_latest_only.py
[2025-05-28T13:44:04.556+0000] {processor.py:925} INFO - DAG(s) 'latest_only' retrieved from /home/airflow/.local/lib/python3.12/site-packages/airflow/example_dags/example_latest_only.py
[2025-05-28T13:44:04.574+0000] {logging_mixin.py:190} INFO - [2025-05-28T13:44:04.573+0000] {dag.py:3239} INFO - Sync 1 DAGs
[2025-05-28T13:44:04.594+0000] {logging_mixin.py:190} INFO - [2025-05-28T13:44:04.593+0000] {dag.py:4180} INFO - Setting next_dagrun for latest_only to 2025-05-28 08:00:00+00:00, run_after=2025-05-28 12:00:00+00:00
[2025-05-28T13:44:04.609+0000] {processor.py:208} INFO - Processing /home/airflow/.local/lib/python3.12/site-packages/airflow/example_dags/example_latest_only.py took 0.067 seconds
[2025-05-28T13:44:35.253+0000] {processor.py:186} INFO - Started process (PID=1039) to work on /home/airflow/.local/lib/python3.12/site-packages/airflow/example_dags/example_latest_only.py
[2025-05-28T13:44:35.254+0000] {processor.py:914} INFO - Processing file /home/airflow/.local/lib/python3.12/site-packages/airflow/example_dags/example_latest_only.py for tasks to queue
[2025-05-28T13:44:35.255+0000] {logging_mixin.py:190} INFO - [2025-05-28T13:44:35.255+0000] {dagbag.py:588} INFO - Filling up the DagBag from /home/airflow/.local/lib/python3.12/site-packages/airflow/example_dags/example_latest_only.py
[2025-05-28T13:44:35.263+0000] {processor.py:925} INFO - DAG(s) 'latest_only' retrieved from /home/airflow/.local/lib/python3.12/site-packages/airflow/example_dags/example_latest_only.py
[2025-05-28T13:44:35.280+0000] {logging_mixin.py:190} INFO - [2025-05-28T13:44:35.280+0000] {dag.py:3239} INFO - Sync 1 DAGs
[2025-05-28T13:44:35.300+0000] {logging_mixin.py:190} INFO - [2025-05-28T13:44:35.299+0000] {dag.py:4180} INFO - Setting next_dagrun for latest_only to 2025-05-28 08:00:00+00:00, run_after=2025-05-28 12:00:00+00:00
[2025-05-28T13:44:35.313+0000] {processor.py:208} INFO - Processing /home/airflow/.local/lib/python3.12/site-packages/airflow/example_dags/example_latest_only.py took 0.066 seconds
[2025-05-28T13:45:06.737+0000] {processor.py:186} INFO - Started process (PID=1108) to work on /home/airflow/.local/lib/python3.12/site-packages/airflow/example_dags/example_latest_only.py
[2025-05-28T13:45:06.738+0000] {processor.py:914} INFO - Processing file /home/airflow/.local/lib/python3.12/site-packages/airflow/example_dags/example_latest_only.py for tasks to queue
[2025-05-28T13:45:06.739+0000] {logging_mixin.py:190} INFO - [2025-05-28T13:45:06.739+0000] {dagbag.py:588} INFO - Filling up the DagBag from /home/airflow/.local/lib/python3.12/site-packages/airflow/example_dags/example_latest_only.py
[2025-05-28T13:45:06.747+0000] {processor.py:925} INFO - DAG(s) 'latest_only' retrieved from /home/airflow/.local/lib/python3.12/site-packages/airflow/example_dags/example_latest_only.py
[2025-05-28T13:45:06.768+0000] {logging_mixin.py:190} INFO - [2025-05-28T13:45:06.768+0000] {dag.py:3239} INFO - Sync 1 DAGs
[2025-05-28T13:45:06.791+0000] {logging_mixin.py:190} INFO - [2025-05-28T13:45:06.791+0000] {dag.py:4180} INFO - Setting next_dagrun for latest_only to 2025-05-28 08:00:00+00:00, run_after=2025-05-28 12:00:00+00:00
[2025-05-28T13:45:06.806+0000] {processor.py:208} INFO - Processing /home/airflow/.local/lib/python3.12/site-packages/airflow/example_dags/example_latest_only.py took 0.075 seconds
[2025-05-28T13:45:38.055+0000] {processor.py:186} INFO - Started process (PID=1174) to work on /home/airflow/.local/lib/python3.12/site-packages/airflow/example_dags/example_latest_only.py
[2025-05-28T13:45:38.056+0000] {processor.py:914} INFO - Processing file /home/airflow/.local/lib/python3.12/site-packages/airflow/example_dags/example_latest_only.py for tasks to queue
[2025-05-28T13:45:38.058+0000] {logging_mixin.py:190} INFO - [2025-05-28T13:45:38.057+0000] {dagbag.py:588} INFO - Filling up the DagBag from /home/airflow/.local/lib/python3.12/site-packages/airflow/example_dags/example_latest_only.py
[2025-05-28T13:45:38.066+0000] {processor.py:925} INFO - DAG(s) 'latest_only' retrieved from /home/airflow/.local/lib/python3.12/site-packages/airflow/example_dags/example_latest_only.py
[2025-05-28T13:45:38.097+0000] {logging_mixin.py:190} INFO - [2025-05-28T13:45:38.096+0000] {dag.py:3239} INFO - Sync 1 DAGs
[2025-05-28T13:45:38.121+0000] {logging_mixin.py:190} INFO - [2025-05-28T13:45:38.121+0000] {dag.py:4180} INFO - Setting next_dagrun for latest_only to 2025-05-28 08:00:00+00:00, run_after=2025-05-28 12:00:00+00:00
[2025-05-28T13:45:38.136+0000] {processor.py:208} INFO - Processing /home/airflow/.local/lib/python3.12/site-packages/airflow/example_dags/example_latest_only.py took 0.088 seconds
[2025-05-28T13:46:09.465+0000] {processor.py:186} INFO - Started process (PID=1240) to work on /home/airflow/.local/lib/python3.12/site-packages/airflow/example_dags/example_latest_only.py
[2025-05-28T13:46:09.466+0000] {processor.py:914} INFO - Processing file /home/airflow/.local/lib/python3.12/site-packages/airflow/example_dags/example_latest_only.py for tasks to queue
[2025-05-28T13:46:09.467+0000] {logging_mixin.py:190} INFO - [2025-05-28T13:46:09.467+0000] {dagbag.py:588} INFO - Filling up the DagBag from /home/airflow/.local/lib/python3.12/site-packages/airflow/example_dags/example_latest_only.py
[2025-05-28T13:46:09.476+0000] {processor.py:925} INFO - DAG(s) 'latest_only' retrieved from /home/airflow/.local/lib/python3.12/site-packages/airflow/example_dags/example_latest_only.py
[2025-05-28T13:46:09.499+0000] {logging_mixin.py:190} INFO - [2025-05-28T13:46:09.498+0000] {dag.py:3239} INFO - Sync 1 DAGs
[2025-05-28T13:46:09.522+0000] {logging_mixin.py:190} INFO - [2025-05-28T13:46:09.522+0000] {dag.py:4180} INFO - Setting next_dagrun for latest_only to 2025-05-28 08:00:00+00:00, run_after=2025-05-28 12:00:00+00:00
[2025-05-28T13:46:09.536+0000] {processor.py:208} INFO - Processing /home/airflow/.local/lib/python3.12/site-packages/airflow/example_dags/example_latest_only.py took 0.078 seconds
[2025-05-28T13:46:40.971+0000] {processor.py:186} INFO - Started process (PID=1313) to work on /home/airflow/.local/lib/python3.12/site-packages/airflow/example_dags/example_latest_only.py
[2025-05-28T13:46:40.972+0000] {processor.py:914} INFO - Processing file /home/airflow/.local/lib/python3.12/site-packages/airflow/example_dags/example_latest_only.py for tasks to queue
[2025-05-28T13:46:40.973+0000] {logging_mixin.py:190} INFO - [2025-05-28T13:46:40.972+0000] {dagbag.py:588} INFO - Filling up the DagBag from /home/airflow/.local/lib/python3.12/site-packages/airflow/example_dags/example_latest_only.py
[2025-05-28T13:46:40.981+0000] {processor.py:925} INFO - DAG(s) 'latest_only' retrieved from /home/airflow/.local/lib/python3.12/site-packages/airflow/example_dags/example_latest_only.py
[2025-05-28T13:46:40.999+0000] {logging_mixin.py:190} INFO - [2025-05-28T13:46:40.999+0000] {dag.py:3239} INFO - Sync 1 DAGs
[2025-05-28T13:46:41.020+0000] {logging_mixin.py:190} INFO - [2025-05-28T13:46:41.020+0000] {dag.py:4180} INFO - Setting next_dagrun for latest_only to 2025-05-28 08:00:00+00:00, run_after=2025-05-28 12:00:00+00:00
[2025-05-28T13:46:41.038+0000] {processor.py:208} INFO - Processing /home/airflow/.local/lib/python3.12/site-packages/airflow/example_dags/example_latest_only.py took 0.074 seconds
[2025-05-28T13:47:12.673+0000] {processor.py:186} INFO - Started process (PID=1378) to work on /home/airflow/.local/lib/python3.12/site-packages/airflow/example_dags/example_latest_only.py
[2025-05-28T13:47:12.675+0000] {processor.py:914} INFO - Processing file /home/airflow/.local/lib/python3.12/site-packages/airflow/example_dags/example_latest_only.py for tasks to queue
[2025-05-28T13:47:12.678+0000] {logging_mixin.py:190} INFO - [2025-05-28T13:47:12.677+0000] {dagbag.py:588} INFO - Filling up the DagBag from /home/airflow/.local/lib/python3.12/site-packages/airflow/example_dags/example_latest_only.py
[2025-05-28T13:47:12.697+0000] {processor.py:925} INFO - DAG(s) 'latest_only' retrieved from /home/airflow/.local/lib/python3.12/site-packages/airflow/example_dags/example_latest_only.py
[2025-05-28T13:47:12.723+0000] {logging_mixin.py:190} INFO - [2025-05-28T13:47:12.722+0000] {dag.py:3239} INFO - Sync 1 DAGs
[2025-05-28T13:47:12.749+0000] {logging_mixin.py:190} INFO - [2025-05-28T13:47:12.749+0000] {dag.py:4180} INFO - Setting next_dagrun for latest_only to 2025-05-28 08:00:00+00:00, run_after=2025-05-28 12:00:00+00:00
[2025-05-28T13:47:12.765+0000] {processor.py:208} INFO - Processing /home/airflow/.local/lib/python3.12/site-packages/airflow/example_dags/example_latest_only.py took 0.103 seconds
[2025-05-28T13:47:44.051+0000] {processor.py:186} INFO - Started process (PID=1443) to work on /home/airflow/.local/lib/python3.12/site-packages/airflow/example_dags/example_latest_only.py
[2025-05-28T13:47:44.052+0000] {processor.py:914} INFO - Processing file /home/airflow/.local/lib/python3.12/site-packages/airflow/example_dags/example_latest_only.py for tasks to queue
[2025-05-28T13:47:44.053+0000] {logging_mixin.py:190} INFO - [2025-05-28T13:47:44.053+0000] {dagbag.py:588} INFO - Filling up the DagBag from /home/airflow/.local/lib/python3.12/site-packages/airflow/example_dags/example_latest_only.py
[2025-05-28T13:47:44.061+0000] {processor.py:925} INFO - DAG(s) 'latest_only' retrieved from /home/airflow/.local/lib/python3.12/site-packages/airflow/example_dags/example_latest_only.py
[2025-05-28T13:47:44.079+0000] {logging_mixin.py:190} INFO - [2025-05-28T13:47:44.079+0000] {dag.py:3239} INFO - Sync 1 DAGs
[2025-05-28T13:47:44.100+0000] {logging_mixin.py:190} INFO - [2025-05-28T13:47:44.099+0000] {dag.py:4180} INFO - Setting next_dagrun for latest_only to 2025-05-28 08:00:00+00:00, run_after=2025-05-28 12:00:00+00:00
[2025-05-28T13:47:44.114+0000] {processor.py:208} INFO - Processing /home/airflow/.local/lib/python3.12/site-packages/airflow/example_dags/example_latest_only.py took 0.068 seconds
[2025-05-28T13:48:15.263+0000] {processor.py:186} INFO - Started process (PID=1509) to work on /home/airflow/.local/lib/python3.12/site-packages/airflow/example_dags/example_latest_only.py
[2025-05-28T13:48:15.264+0000] {processor.py:914} INFO - Processing file /home/airflow/.local/lib/python3.12/site-packages/airflow/example_dags/example_latest_only.py for tasks to queue
[2025-05-28T13:48:15.265+0000] {logging_mixin.py:190} INFO - [2025-05-28T13:48:15.264+0000] {dagbag.py:588} INFO - Filling up the DagBag from /home/airflow/.local/lib/python3.12/site-packages/airflow/example_dags/example_latest_only.py
[2025-05-28T13:48:15.273+0000] {processor.py:925} INFO - DAG(s) 'latest_only' retrieved from /home/airflow/.local/lib/python3.12/site-packages/airflow/example_dags/example_latest_only.py
[2025-05-28T13:48:15.293+0000] {logging_mixin.py:190} INFO - [2025-05-28T13:48:15.293+0000] {dag.py:3239} INFO - Sync 1 DAGs
[2025-05-28T13:48:15.314+0000] {logging_mixin.py:190} INFO - [2025-05-28T13:48:15.313+0000] {dag.py:4180} INFO - Setting next_dagrun for latest_only to 2025-05-28 08:00:00+00:00, run_after=2025-05-28 12:00:00+00:00
[2025-05-28T13:48:15.327+0000] {processor.py:208} INFO - Processing /home/airflow/.local/lib/python3.12/site-packages/airflow/example_dags/example_latest_only.py took 0.070 seconds
[2025-05-28T13:48:46.631+0000] {processor.py:186} INFO - Started process (PID=1575) to work on /home/airflow/.local/lib/python3.12/site-packages/airflow/example_dags/example_latest_only.py
[2025-05-28T13:48:46.632+0000] {processor.py:914} INFO - Processing file /home/airflow/.local/lib/python3.12/site-packages/airflow/example_dags/example_latest_only.py for tasks to queue
[2025-05-28T13:48:46.634+0000] {logging_mixin.py:190} INFO - [2025-05-28T13:48:46.633+0000] {dagbag.py:588} INFO - Filling up the DagBag from /home/airflow/.local/lib/python3.12/site-packages/airflow/example_dags/example_latest_only.py
[2025-05-28T13:48:46.644+0000] {processor.py:925} INFO - DAG(s) 'latest_only' retrieved from /home/airflow/.local/lib/python3.12/site-packages/airflow/example_dags/example_latest_only.py
[2025-05-28T13:48:46.668+0000] {logging_mixin.py:190} INFO - [2025-05-28T13:48:46.668+0000] {dag.py:3239} INFO - Sync 1 DAGs
[2025-05-28T13:48:46.692+0000] {logging_mixin.py:190} INFO - [2025-05-28T13:48:46.692+0000] {dag.py:4180} INFO - Setting next_dagrun for latest_only to 2025-05-28 08:00:00+00:00, run_after=2025-05-28 12:00:00+00:00
[2025-05-28T13:48:46.709+0000] {processor.py:208} INFO - Processing /home/airflow/.local/lib/python3.12/site-packages/airflow/example_dags/example_latest_only.py took 0.086 seconds
[2025-05-28T13:49:18.020+0000] {processor.py:186} INFO - Started process (PID=1640) to work on /home/airflow/.local/lib/python3.12/site-packages/airflow/example_dags/example_latest_only.py
[2025-05-28T13:49:18.021+0000] {processor.py:914} INFO - Processing file /home/airflow/.local/lib/python3.12/site-packages/airflow/example_dags/example_latest_only.py for tasks to queue
[2025-05-28T13:49:18.022+0000] {logging_mixin.py:190} INFO - [2025-05-28T13:49:18.022+0000] {dagbag.py:588} INFO - Filling up the DagBag from /home/airflow/.local/lib/python3.12/site-packages/airflow/example_dags/example_latest_only.py
[2025-05-28T13:49:18.032+0000] {processor.py:925} INFO - DAG(s) 'latest_only' retrieved from /home/airflow/.local/lib/python3.12/site-packages/airflow/example_dags/example_latest_only.py
[2025-05-28T13:49:18.077+0000] {logging_mixin.py:190} INFO - [2025-05-28T13:49:18.077+0000] {dag.py:3239} INFO - Sync 1 DAGs
[2025-05-28T13:49:18.103+0000] {logging_mixin.py:190} INFO - [2025-05-28T13:49:18.102+0000] {dag.py:4180} INFO - Setting next_dagrun for latest_only to 2025-05-28 08:00:00+00:00, run_after=2025-05-28 12:00:00+00:00
[2025-05-28T13:49:18.119+0000] {processor.py:208} INFO - Processing /home/airflow/.local/lib/python3.12/site-packages/airflow/example_dags/example_latest_only.py took 0.106 seconds
[2025-05-28T13:49:48.744+0000] {processor.py:186} INFO - Started process (PID=1708) to work on /home/airflow/.local/lib/python3.12/site-packages/airflow/example_dags/example_latest_only.py
[2025-05-28T13:49:48.745+0000] {processor.py:914} INFO - Processing file /home/airflow/.local/lib/python3.12/site-packages/airflow/example_dags/example_latest_only.py for tasks to queue
[2025-05-28T13:49:48.746+0000] {logging_mixin.py:190} INFO - [2025-05-28T13:49:48.746+0000] {dagbag.py:588} INFO - Filling up the DagBag from /home/airflow/.local/lib/python3.12/site-packages/airflow/example_dags/example_latest_only.py
[2025-05-28T13:49:48.757+0000] {processor.py:925} INFO - DAG(s) 'latest_only' retrieved from /home/airflow/.local/lib/python3.12/site-packages/airflow/example_dags/example_latest_only.py
[2025-05-28T13:49:48.798+0000] {logging_mixin.py:190} INFO - [2025-05-28T13:49:48.798+0000] {dag.py:3239} INFO - Sync 1 DAGs
[2025-05-28T13:49:48.829+0000] {logging_mixin.py:190} INFO - [2025-05-28T13:49:48.829+0000] {dag.py:4180} INFO - Setting next_dagrun for latest_only to 2025-05-28 08:00:00+00:00, run_after=2025-05-28 12:00:00+00:00
[2025-05-28T13:49:48.877+0000] {processor.py:208} INFO - Processing /home/airflow/.local/lib/python3.12/site-packages/airflow/example_dags/example_latest_only.py took 0.141 seconds
[2025-05-28T13:50:20.192+0000] {processor.py:186} INFO - Started process (PID=1779) to work on /home/airflow/.local/lib/python3.12/site-packages/airflow/example_dags/example_latest_only.py
[2025-05-28T13:50:20.193+0000] {processor.py:914} INFO - Processing file /home/airflow/.local/lib/python3.12/site-packages/airflow/example_dags/example_latest_only.py for tasks to queue
[2025-05-28T13:50:20.194+0000] {logging_mixin.py:190} INFO - [2025-05-28T13:50:20.193+0000] {dagbag.py:588} INFO - Filling up the DagBag from /home/airflow/.local/lib/python3.12/site-packages/airflow/example_dags/example_latest_only.py
[2025-05-28T13:50:20.202+0000] {processor.py:925} INFO - DAG(s) 'latest_only' retrieved from /home/airflow/.local/lib/python3.12/site-packages/airflow/example_dags/example_latest_only.py
[2025-05-28T13:50:20.221+0000] {logging_mixin.py:190} INFO - [2025-05-28T13:50:20.220+0000] {dag.py:3239} INFO - Sync 1 DAGs
[2025-05-28T13:50:20.241+0000] {logging_mixin.py:190} INFO - [2025-05-28T13:50:20.241+0000] {dag.py:4180} INFO - Setting next_dagrun for latest_only to 2025-05-28 08:00:00+00:00, run_after=2025-05-28 12:00:00+00:00
[2025-05-28T13:50:20.256+0000] {processor.py:208} INFO - Processing /home/airflow/.local/lib/python3.12/site-packages/airflow/example_dags/example_latest_only.py took 0.071 seconds
[2025-05-28T13:50:51.716+0000] {processor.py:186} INFO - Started process (PID=1844) to work on /home/airflow/.local/lib/python3.12/site-packages/airflow/example_dags/example_latest_only.py
[2025-05-28T13:50:51.717+0000] {processor.py:914} INFO - Processing file /home/airflow/.local/lib/python3.12/site-packages/airflow/example_dags/example_latest_only.py for tasks to queue
[2025-05-28T13:50:51.718+0000] {logging_mixin.py:190} INFO - [2025-05-28T13:50:51.718+0000] {dagbag.py:588} INFO - Filling up the DagBag from /home/airflow/.local/lib/python3.12/site-packages/airflow/example_dags/example_latest_only.py
[2025-05-28T13:50:51.726+0000] {processor.py:925} INFO - DAG(s) 'latest_only' retrieved from /home/airflow/.local/lib/python3.12/site-packages/airflow/example_dags/example_latest_only.py
[2025-05-28T13:50:51.743+0000] {logging_mixin.py:190} INFO - [2025-05-28T13:50:51.743+0000] {dag.py:3239} INFO - Sync 1 DAGs
[2025-05-28T13:50:51.763+0000] {logging_mixin.py:190} INFO - [2025-05-28T13:50:51.763+0000] {dag.py:4180} INFO - Setting next_dagrun for latest_only to 2025-05-28 08:00:00+00:00, run_after=2025-05-28 12:00:00+00:00
[2025-05-28T13:50:51.782+0000] {processor.py:208} INFO - Processing /home/airflow/.local/lib/python3.12/site-packages/airflow/example_dags/example_latest_only.py took 0.072 seconds
[2025-05-28T13:51:22.887+0000] {processor.py:186} INFO - Started process (PID=1914) to work on /home/airflow/.local/lib/python3.12/site-packages/airflow/example_dags/example_latest_only.py
[2025-05-28T13:51:22.888+0000] {processor.py:914} INFO - Processing file /home/airflow/.local/lib/python3.12/site-packages/airflow/example_dags/example_latest_only.py for tasks to queue
[2025-05-28T13:51:22.890+0000] {logging_mixin.py:190} INFO - [2025-05-28T13:51:22.890+0000] {dagbag.py:588} INFO - Filling up the DagBag from /home/airflow/.local/lib/python3.12/site-packages/airflow/example_dags/example_latest_only.py
[2025-05-28T13:51:22.901+0000] {processor.py:925} INFO - DAG(s) 'latest_only' retrieved from /home/airflow/.local/lib/python3.12/site-packages/airflow/example_dags/example_latest_only.py
[2025-05-28T13:51:22.978+0000] {logging_mixin.py:190} INFO - [2025-05-28T13:51:22.978+0000] {dag.py:3239} INFO - Sync 1 DAGs
[2025-05-28T13:51:23.010+0000] {logging_mixin.py:190} INFO - [2025-05-28T13:51:23.010+0000] {dag.py:4180} INFO - Setting next_dagrun for latest_only to 2025-05-28 08:00:00+00:00, run_after=2025-05-28 12:00:00+00:00
[2025-05-28T13:51:23.080+0000] {processor.py:208} INFO - Processing /home/airflow/.local/lib/python3.12/site-packages/airflow/example_dags/example_latest_only.py took 0.202 seconds
[2025-05-28T13:51:53.992+0000] {processor.py:186} INFO - Started process (PID=1983) to work on /home/airflow/.local/lib/python3.12/site-packages/airflow/example_dags/example_latest_only.py
[2025-05-28T13:51:53.994+0000] {processor.py:914} INFO - Processing file /home/airflow/.local/lib/python3.12/site-packages/airflow/example_dags/example_latest_only.py for tasks to queue
[2025-05-28T13:51:53.996+0000] {logging_mixin.py:190} INFO - [2025-05-28T13:51:53.995+0000] {dagbag.py:588} INFO - Filling up the DagBag from /home/airflow/.local/lib/python3.12/site-packages/airflow/example_dags/example_latest_only.py
[2025-05-28T13:51:54.006+0000] {processor.py:925} INFO - DAG(s) 'latest_only' retrieved from /home/airflow/.local/lib/python3.12/site-packages/airflow/example_dags/example_latest_only.py
[2025-05-28T13:51:54.030+0000] {logging_mixin.py:190} INFO - [2025-05-28T13:51:54.030+0000] {dag.py:3239} INFO - Sync 1 DAGs
[2025-05-28T13:51:54.058+0000] {logging_mixin.py:190} INFO - [2025-05-28T13:51:54.058+0000] {dag.py:4180} INFO - Setting next_dagrun for latest_only to 2025-05-28 08:00:00+00:00, run_after=2025-05-28 12:00:00+00:00
[2025-05-28T13:51:54.078+0000] {processor.py:208} INFO - Processing /home/airflow/.local/lib/python3.12/site-packages/airflow/example_dags/example_latest_only.py took 0.094 seconds
[2025-05-28T13:52:24.855+0000] {processor.py:186} INFO - Started process (PID=2048) to work on /home/airflow/.local/lib/python3.12/site-packages/airflow/example_dags/example_latest_only.py
[2025-05-28T13:52:24.856+0000] {processor.py:914} INFO - Processing file /home/airflow/.local/lib/python3.12/site-packages/airflow/example_dags/example_latest_only.py for tasks to queue
[2025-05-28T13:52:24.857+0000] {logging_mixin.py:190} INFO - [2025-05-28T13:52:24.857+0000] {dagbag.py:588} INFO - Filling up the DagBag from /home/airflow/.local/lib/python3.12/site-packages/airflow/example_dags/example_latest_only.py
[2025-05-28T13:52:24.867+0000] {processor.py:925} INFO - DAG(s) 'latest_only' retrieved from /home/airflow/.local/lib/python3.12/site-packages/airflow/example_dags/example_latest_only.py
[2025-05-28T13:52:24.892+0000] {logging_mixin.py:190} INFO - [2025-05-28T13:52:24.892+0000] {dag.py:3239} INFO - Sync 1 DAGs
[2025-05-28T13:52:24.920+0000] {logging_mixin.py:190} INFO - [2025-05-28T13:52:24.919+0000] {dag.py:4180} INFO - Setting next_dagrun for latest_only to 2025-05-28 08:00:00+00:00, run_after=2025-05-28 12:00:00+00:00
[2025-05-28T13:52:24.937+0000] {processor.py:208} INFO - Processing /home/airflow/.local/lib/python3.12/site-packages/airflow/example_dags/example_latest_only.py took 0.089 seconds
[2025-05-28T13:52:56.574+0000] {processor.py:186} INFO - Started process (PID=2113) to work on /home/airflow/.local/lib/python3.12/site-packages/airflow/example_dags/example_latest_only.py
[2025-05-28T13:52:56.575+0000] {processor.py:914} INFO - Processing file /home/airflow/.local/lib/python3.12/site-packages/airflow/example_dags/example_latest_only.py for tasks to queue
[2025-05-28T13:52:56.577+0000] {logging_mixin.py:190} INFO - [2025-05-28T13:52:56.576+0000] {dagbag.py:588} INFO - Filling up the DagBag from /home/airflow/.local/lib/python3.12/site-packages/airflow/example_dags/example_latest_only.py
[2025-05-28T13:52:56.586+0000] {processor.py:925} INFO - DAG(s) 'latest_only' retrieved from /home/airflow/.local/lib/python3.12/site-packages/airflow/example_dags/example_latest_only.py
[2025-05-28T13:52:56.610+0000] {logging_mixin.py:190} INFO - [2025-05-28T13:52:56.609+0000] {dag.py:3239} INFO - Sync 1 DAGs
[2025-05-28T13:52:56.638+0000] {logging_mixin.py:190} INFO - [2025-05-28T13:52:56.637+0000] {dag.py:4180} INFO - Setting next_dagrun for latest_only to 2025-05-28 08:00:00+00:00, run_after=2025-05-28 12:00:00+00:00
[2025-05-28T13:52:56.659+0000] {processor.py:208} INFO - Processing /home/airflow/.local/lib/python3.12/site-packages/airflow/example_dags/example_latest_only.py took 0.092 seconds
[2025-05-28T13:53:27.383+0000] {processor.py:186} INFO - Started process (PID=2178) to work on /home/airflow/.local/lib/python3.12/site-packages/airflow/example_dags/example_latest_only.py
[2025-05-28T13:53:27.384+0000] {processor.py:914} INFO - Processing file /home/airflow/.local/lib/python3.12/site-packages/airflow/example_dags/example_latest_only.py for tasks to queue
[2025-05-28T13:53:27.385+0000] {logging_mixin.py:190} INFO - [2025-05-28T13:53:27.385+0000] {dagbag.py:588} INFO - Filling up the DagBag from /home/airflow/.local/lib/python3.12/site-packages/airflow/example_dags/example_latest_only.py
[2025-05-28T13:53:27.394+0000] {processor.py:925} INFO - DAG(s) 'latest_only' retrieved from /home/airflow/.local/lib/python3.12/site-packages/airflow/example_dags/example_latest_only.py
[2025-05-28T13:53:27.414+0000] {logging_mixin.py:190} INFO - [2025-05-28T13:53:27.414+0000] {dag.py:3239} INFO - Sync 1 DAGs
[2025-05-28T13:53:27.441+0000] {logging_mixin.py:190} INFO - [2025-05-28T13:53:27.441+0000] {dag.py:4180} INFO - Setting next_dagrun for latest_only to 2025-05-28 08:00:00+00:00, run_after=2025-05-28 12:00:00+00:00
[2025-05-28T13:53:27.465+0000] {processor.py:208} INFO - Processing /home/airflow/.local/lib/python3.12/site-packages/airflow/example_dags/example_latest_only.py took 0.089 seconds
[2025-05-28T13:53:58.320+0000] {processor.py:186} INFO - Started process (PID=2243) to work on /home/airflow/.local/lib/python3.12/site-packages/airflow/example_dags/example_latest_only.py
[2025-05-28T13:53:58.321+0000] {processor.py:914} INFO - Processing file /home/airflow/.local/lib/python3.12/site-packages/airflow/example_dags/example_latest_only.py for tasks to queue
[2025-05-28T13:53:58.322+0000] {logging_mixin.py:190} INFO - [2025-05-28T13:53:58.322+0000] {dagbag.py:588} INFO - Filling up the DagBag from /home/airflow/.local/lib/python3.12/site-packages/airflow/example_dags/example_latest_only.py
[2025-05-28T13:53:58.334+0000] {processor.py:925} INFO - DAG(s) 'latest_only' retrieved from /home/airflow/.local/lib/python3.12/site-packages/airflow/example_dags/example_latest_only.py
[2025-05-28T13:53:58.363+0000] {logging_mixin.py:190} INFO - [2025-05-28T13:53:58.362+0000] {dag.py:3239} INFO - Sync 1 DAGs
[2025-05-28T13:53:58.389+0000] {logging_mixin.py:190} INFO - [2025-05-28T13:53:58.389+0000] {dag.py:4180} INFO - Setting next_dagrun for latest_only to 2025-05-28 08:00:00+00:00, run_after=2025-05-28 12:00:00+00:00
[2025-05-28T13:53:58.408+0000] {processor.py:208} INFO - Processing /home/airflow/.local/lib/python3.12/site-packages/airflow/example_dags/example_latest_only.py took 0.097 seconds
[2025-05-28T13:54:29.592+0000] {processor.py:186} INFO - Started process (PID=2308) to work on /home/airflow/.local/lib/python3.12/site-packages/airflow/example_dags/example_latest_only.py
[2025-05-28T13:54:29.594+0000] {processor.py:914} INFO - Processing file /home/airflow/.local/lib/python3.12/site-packages/airflow/example_dags/example_latest_only.py for tasks to queue
[2025-05-28T13:54:29.595+0000] {logging_mixin.py:190} INFO - [2025-05-28T13:54:29.594+0000] {dagbag.py:588} INFO - Filling up the DagBag from /home/airflow/.local/lib/python3.12/site-packages/airflow/example_dags/example_latest_only.py
[2025-05-28T13:54:29.604+0000] {processor.py:925} INFO - DAG(s) 'latest_only' retrieved from /home/airflow/.local/lib/python3.12/site-packages/airflow/example_dags/example_latest_only.py
[2025-05-28T13:54:29.629+0000] {logging_mixin.py:190} INFO - [2025-05-28T13:54:29.628+0000] {dag.py:3239} INFO - Sync 1 DAGs
[2025-05-28T13:54:29.656+0000] {logging_mixin.py:190} INFO - [2025-05-28T13:54:29.656+0000] {dag.py:4180} INFO - Setting next_dagrun for latest_only to 2025-05-28 08:00:00+00:00, run_after=2025-05-28 12:00:00+00:00
[2025-05-28T13:54:29.677+0000] {processor.py:208} INFO - Processing /home/airflow/.local/lib/python3.12/site-packages/airflow/example_dags/example_latest_only.py took 0.092 seconds
[2025-05-28T13:55:01.244+0000] {processor.py:186} INFO - Started process (PID=2373) to work on /home/airflow/.local/lib/python3.12/site-packages/airflow/example_dags/example_latest_only.py
[2025-05-28T13:55:01.245+0000] {processor.py:914} INFO - Processing file /home/airflow/.local/lib/python3.12/site-packages/airflow/example_dags/example_latest_only.py for tasks to queue
[2025-05-28T13:55:01.246+0000] {logging_mixin.py:190} INFO - [2025-05-28T13:55:01.246+0000] {dagbag.py:588} INFO - Filling up the DagBag from /home/airflow/.local/lib/python3.12/site-packages/airflow/example_dags/example_latest_only.py
[2025-05-28T13:55:01.257+0000] {processor.py:925} INFO - DAG(s) 'latest_only' retrieved from /home/airflow/.local/lib/python3.12/site-packages/airflow/example_dags/example_latest_only.py
[2025-05-28T13:55:01.300+0000] {logging_mixin.py:190} INFO - [2025-05-28T13:55:01.300+0000] {dag.py:3239} INFO - Sync 1 DAGs
[2025-05-28T13:55:01.330+0000] {logging_mixin.py:190} INFO - [2025-05-28T13:55:01.329+0000] {dag.py:4180} INFO - Setting next_dagrun for latest_only to 2025-05-28 08:00:00+00:00, run_after=2025-05-28 12:00:00+00:00
[2025-05-28T13:55:01.348+0000] {processor.py:208} INFO - Processing /home/airflow/.local/lib/python3.12/site-packages/airflow/example_dags/example_latest_only.py took 0.111 seconds
[2025-05-28T13:55:32.435+0000] {processor.py:186} INFO - Started process (PID=2438) to work on /home/airflow/.local/lib/python3.12/site-packages/airflow/example_dags/example_latest_only.py
[2025-05-28T13:55:32.436+0000] {processor.py:914} INFO - Processing file /home/airflow/.local/lib/python3.12/site-packages/airflow/example_dags/example_latest_only.py for tasks to queue
[2025-05-28T13:55:32.437+0000] {logging_mixin.py:190} INFO - [2025-05-28T13:55:32.437+0000] {dagbag.py:588} INFO - Filling up the DagBag from /home/airflow/.local/lib/python3.12/site-packages/airflow/example_dags/example_latest_only.py
[2025-05-28T13:55:32.446+0000] {processor.py:925} INFO - DAG(s) 'latest_only' retrieved from /home/airflow/.local/lib/python3.12/site-packages/airflow/example_dags/example_latest_only.py
[2025-05-28T13:55:32.466+0000] {logging_mixin.py:190} INFO - [2025-05-28T13:55:32.465+0000] {dag.py:3239} INFO - Sync 1 DAGs
[2025-05-28T13:55:32.499+0000] {logging_mixin.py:190} INFO - [2025-05-28T13:55:32.499+0000] {dag.py:4180} INFO - Setting next_dagrun for latest_only to 2025-05-28 08:00:00+00:00, run_after=2025-05-28 12:00:00+00:00
[2025-05-28T13:55:32.521+0000] {processor.py:208} INFO - Processing /home/airflow/.local/lib/python3.12/site-packages/airflow/example_dags/example_latest_only.py took 0.093 seconds
[2025-05-28T13:56:05.089+0000] {processor.py:186} INFO - Started process (PID=2503) to work on /home/airflow/.local/lib/python3.12/site-packages/airflow/example_dags/example_latest_only.py
[2025-05-28T13:56:05.091+0000] {processor.py:914} INFO - Processing file /home/airflow/.local/lib/python3.12/site-packages/airflow/example_dags/example_latest_only.py for tasks to queue
[2025-05-28T13:56:05.092+0000] {logging_mixin.py:190} INFO - [2025-05-28T13:56:05.092+0000] {dagbag.py:588} INFO - Filling up the DagBag from /home/airflow/.local/lib/python3.12/site-packages/airflow/example_dags/example_latest_only.py
[2025-05-28T13:56:05.103+0000] {processor.py:925} INFO - DAG(s) 'latest_only' retrieved from /home/airflow/.local/lib/python3.12/site-packages/airflow/example_dags/example_latest_only.py
[2025-05-28T13:56:05.130+0000] {logging_mixin.py:190} INFO - [2025-05-28T13:56:05.130+0000] {dag.py:3239} INFO - Sync 1 DAGs
[2025-05-28T13:56:05.185+0000] {logging_mixin.py:190} INFO - [2025-05-28T13:56:05.184+0000] {dag.py:4180} INFO - Setting next_dagrun for latest_only to 2025-05-28 08:00:00+00:00, run_after=2025-05-28 12:00:00+00:00
[2025-05-28T13:56:05.201+0000] {processor.py:208} INFO - Processing /home/airflow/.local/lib/python3.12/site-packages/airflow/example_dags/example_latest_only.py took 0.121 seconds
[2025-05-28T13:56:36.628+0000] {processor.py:186} INFO - Started process (PID=2568) to work on /home/airflow/.local/lib/python3.12/site-packages/airflow/example_dags/example_latest_only.py
[2025-05-28T13:56:36.629+0000] {processor.py:914} INFO - Processing file /home/airflow/.local/lib/python3.12/site-packages/airflow/example_dags/example_latest_only.py for tasks to queue
[2025-05-28T13:56:36.630+0000] {logging_mixin.py:190} INFO - [2025-05-28T13:56:36.629+0000] {dagbag.py:588} INFO - Filling up the DagBag from /home/airflow/.local/lib/python3.12/site-packages/airflow/example_dags/example_latest_only.py
[2025-05-28T13:56:36.638+0000] {processor.py:925} INFO - DAG(s) 'latest_only' retrieved from /home/airflow/.local/lib/python3.12/site-packages/airflow/example_dags/example_latest_only.py
[2025-05-28T13:56:36.660+0000] {logging_mixin.py:190} INFO - [2025-05-28T13:56:36.660+0000] {dag.py:3239} INFO - Sync 1 DAGs
[2025-05-28T13:56:36.690+0000] {logging_mixin.py:190} INFO - [2025-05-28T13:56:36.689+0000] {dag.py:4180} INFO - Setting next_dagrun for latest_only to 2025-05-28 08:00:00+00:00, run_after=2025-05-28 12:00:00+00:00
[2025-05-28T13:56:36.709+0000] {processor.py:208} INFO - Processing /home/airflow/.local/lib/python3.12/site-packages/airflow/example_dags/example_latest_only.py took 0.087 seconds
[2025-05-28T13:57:07.843+0000] {processor.py:186} INFO - Started process (PID=2633) to work on /home/airflow/.local/lib/python3.12/site-packages/airflow/example_dags/example_latest_only.py
[2025-05-28T13:57:07.844+0000] {processor.py:914} INFO - Processing file /home/airflow/.local/lib/python3.12/site-packages/airflow/example_dags/example_latest_only.py for tasks to queue
[2025-05-28T13:57:07.845+0000] {logging_mixin.py:190} INFO - [2025-05-28T13:57:07.845+0000] {dagbag.py:588} INFO - Filling up the DagBag from /home/airflow/.local/lib/python3.12/site-packages/airflow/example_dags/example_latest_only.py
[2025-05-28T13:57:07.854+0000] {processor.py:925} INFO - DAG(s) 'latest_only' retrieved from /home/airflow/.local/lib/python3.12/site-packages/airflow/example_dags/example_latest_only.py
[2025-05-28T13:57:07.877+0000] {logging_mixin.py:190} INFO - [2025-05-28T13:57:07.877+0000] {dag.py:3239} INFO - Sync 1 DAGs
[2025-05-28T13:57:07.900+0000] {logging_mixin.py:190} INFO - [2025-05-28T13:57:07.900+0000] {dag.py:4180} INFO - Setting next_dagrun for latest_only to 2025-05-28 08:00:00+00:00, run_after=2025-05-28 12:00:00+00:00
[2025-05-28T13:57:07.918+0000] {processor.py:208} INFO - Processing /home/airflow/.local/lib/python3.12/site-packages/airflow/example_dags/example_latest_only.py took 0.081 seconds
[2025-05-28T13:57:39.583+0000] {processor.py:186} INFO - Started process (PID=2698) to work on /home/airflow/.local/lib/python3.12/site-packages/airflow/example_dags/example_latest_only.py
[2025-05-28T13:57:39.584+0000] {processor.py:914} INFO - Processing file /home/airflow/.local/lib/python3.12/site-packages/airflow/example_dags/example_latest_only.py for tasks to queue
[2025-05-28T13:57:39.586+0000] {logging_mixin.py:190} INFO - [2025-05-28T13:57:39.585+0000] {dagbag.py:588} INFO - Filling up the DagBag from /home/airflow/.local/lib/python3.12/site-packages/airflow/example_dags/example_latest_only.py
[2025-05-28T13:57:39.597+0000] {processor.py:925} INFO - DAG(s) 'latest_only' retrieved from /home/airflow/.local/lib/python3.12/site-packages/airflow/example_dags/example_latest_only.py
[2025-05-28T13:57:39.622+0000] {logging_mixin.py:190} INFO - [2025-05-28T13:57:39.622+0000] {dag.py:3239} INFO - Sync 1 DAGs
[2025-05-28T13:57:39.645+0000] {logging_mixin.py:190} INFO - [2025-05-28T13:57:39.645+0000] {dag.py:4180} INFO - Setting next_dagrun for latest_only to 2025-05-28 08:00:00+00:00, run_after=2025-05-28 12:00:00+00:00
[2025-05-28T13:57:39.660+0000] {processor.py:208} INFO - Processing /home/airflow/.local/lib/python3.12/site-packages/airflow/example_dags/example_latest_only.py took 0.085 seconds
[2025-05-28T13:58:10.877+0000] {processor.py:186} INFO - Started process (PID=2763) to work on /home/airflow/.local/lib/python3.12/site-packages/airflow/example_dags/example_latest_only.py
[2025-05-28T13:58:10.878+0000] {processor.py:914} INFO - Processing file /home/airflow/.local/lib/python3.12/site-packages/airflow/example_dags/example_latest_only.py for tasks to queue
[2025-05-28T13:58:10.880+0000] {logging_mixin.py:190} INFO - [2025-05-28T13:58:10.879+0000] {dagbag.py:588} INFO - Filling up the DagBag from /home/airflow/.local/lib/python3.12/site-packages/airflow/example_dags/example_latest_only.py
[2025-05-28T13:58:10.890+0000] {processor.py:925} INFO - DAG(s) 'latest_only' retrieved from /home/airflow/.local/lib/python3.12/site-packages/airflow/example_dags/example_latest_only.py
[2025-05-28T13:58:10.912+0000] {logging_mixin.py:190} INFO - [2025-05-28T13:58:10.912+0000] {dag.py:3239} INFO - Sync 1 DAGs
[2025-05-28T13:58:10.935+0000] {logging_mixin.py:190} INFO - [2025-05-28T13:58:10.935+0000] {dag.py:4180} INFO - Setting next_dagrun for latest_only to 2025-05-28 08:00:00+00:00, run_after=2025-05-28 12:00:00+00:00
[2025-05-28T13:58:10.952+0000] {processor.py:208} INFO - Processing /home/airflow/.local/lib/python3.12/site-packages/airflow/example_dags/example_latest_only.py took 0.082 seconds
[2025-05-28T13:58:42.410+0000] {processor.py:186} INFO - Started process (PID=2830) to work on /home/airflow/.local/lib/python3.12/site-packages/airflow/example_dags/example_latest_only.py
[2025-05-28T13:58:42.411+0000] {processor.py:914} INFO - Processing file /home/airflow/.local/lib/python3.12/site-packages/airflow/example_dags/example_latest_only.py for tasks to queue
[2025-05-28T13:58:42.412+0000] {logging_mixin.py:190} INFO - [2025-05-28T13:58:42.412+0000] {dagbag.py:588} INFO - Filling up the DagBag from /home/airflow/.local/lib/python3.12/site-packages/airflow/example_dags/example_latest_only.py
[2025-05-28T13:58:42.421+0000] {processor.py:925} INFO - DAG(s) 'latest_only' retrieved from /home/airflow/.local/lib/python3.12/site-packages/airflow/example_dags/example_latest_only.py
[2025-05-28T13:58:42.446+0000] {logging_mixin.py:190} INFO - [2025-05-28T13:58:42.446+0000] {dag.py:3239} INFO - Sync 1 DAGs
[2025-05-28T13:58:42.473+0000] {logging_mixin.py:190} INFO - [2025-05-28T13:58:42.473+0000] {dag.py:4180} INFO - Setting next_dagrun for latest_only to 2025-05-28 08:00:00+00:00, run_after=2025-05-28 12:00:00+00:00
[2025-05-28T13:58:42.492+0000] {processor.py:208} INFO - Processing /home/airflow/.local/lib/python3.12/site-packages/airflow/example_dags/example_latest_only.py took 0.090 seconds
[2025-05-28T13:59:14.428+0000] {processor.py:186} INFO - Started process (PID=2897) to work on /home/airflow/.local/lib/python3.12/site-packages/airflow/example_dags/example_latest_only.py
[2025-05-28T13:59:14.430+0000] {processor.py:914} INFO - Processing file /home/airflow/.local/lib/python3.12/site-packages/airflow/example_dags/example_latest_only.py for tasks to queue
[2025-05-28T13:59:14.431+0000] {logging_mixin.py:190} INFO - [2025-05-28T13:59:14.431+0000] {dagbag.py:588} INFO - Filling up the DagBag from /home/airflow/.local/lib/python3.12/site-packages/airflow/example_dags/example_latest_only.py
[2025-05-28T13:59:14.442+0000] {processor.py:925} INFO - DAG(s) 'latest_only' retrieved from /home/airflow/.local/lib/python3.12/site-packages/airflow/example_dags/example_latest_only.py
[2025-05-28T13:59:14.476+0000] {logging_mixin.py:190} INFO - [2025-05-28T13:59:14.475+0000] {dag.py:3239} INFO - Sync 1 DAGs
[2025-05-28T13:59:14.509+0000] {logging_mixin.py:190} INFO - [2025-05-28T13:59:14.509+0000] {dag.py:4180} INFO - Setting next_dagrun for latest_only to 2025-05-28 08:00:00+00:00, run_after=2025-05-28 12:00:00+00:00
[2025-05-28T13:59:14.535+0000] {processor.py:208} INFO - Processing /home/airflow/.local/lib/python3.12/site-packages/airflow/example_dags/example_latest_only.py took 0.116 seconds
[2025-05-28T13:59:46.299+0000] {processor.py:186} INFO - Started process (PID=2962) to work on /home/airflow/.local/lib/python3.12/site-packages/airflow/example_dags/example_latest_only.py
[2025-05-28T13:59:46.300+0000] {processor.py:914} INFO - Processing file /home/airflow/.local/lib/python3.12/site-packages/airflow/example_dags/example_latest_only.py for tasks to queue
[2025-05-28T13:59:46.301+0000] {logging_mixin.py:190} INFO - [2025-05-28T13:59:46.300+0000] {dagbag.py:588} INFO - Filling up the DagBag from /home/airflow/.local/lib/python3.12/site-packages/airflow/example_dags/example_latest_only.py
[2025-05-28T13:59:46.314+0000] {processor.py:925} INFO - DAG(s) 'latest_only' retrieved from /home/airflow/.local/lib/python3.12/site-packages/airflow/example_dags/example_latest_only.py
[2025-05-28T13:59:46.353+0000] {logging_mixin.py:190} INFO - [2025-05-28T13:59:46.352+0000] {dag.py:3239} INFO - Sync 1 DAGs
[2025-05-28T13:59:46.390+0000] {logging_mixin.py:190} INFO - [2025-05-28T13:59:46.389+0000] {dag.py:4180} INFO - Setting next_dagrun for latest_only to 2025-05-28 08:00:00+00:00, run_after=2025-05-28 12:00:00+00:00
[2025-05-28T13:59:46.417+0000] {processor.py:208} INFO - Processing /home/airflow/.local/lib/python3.12/site-packages/airflow/example_dags/example_latest_only.py took 0.126 seconds
[2025-05-28T14:00:17.350+0000] {processor.py:186} INFO - Started process (PID=3027) to work on /home/airflow/.local/lib/python3.12/site-packages/airflow/example_dags/example_latest_only.py
[2025-05-28T14:00:17.351+0000] {processor.py:914} INFO - Processing file /home/airflow/.local/lib/python3.12/site-packages/airflow/example_dags/example_latest_only.py for tasks to queue
[2025-05-28T14:00:17.353+0000] {logging_mixin.py:190} INFO - [2025-05-28T14:00:17.352+0000] {dagbag.py:588} INFO - Filling up the DagBag from /home/airflow/.local/lib/python3.12/site-packages/airflow/example_dags/example_latest_only.py
[2025-05-28T14:00:17.362+0000] {processor.py:925} INFO - DAG(s) 'latest_only' retrieved from /home/airflow/.local/lib/python3.12/site-packages/airflow/example_dags/example_latest_only.py
[2025-05-28T14:00:17.393+0000] {logging_mixin.py:190} INFO - [2025-05-28T14:00:17.393+0000] {dag.py:3239} INFO - Sync 1 DAGs
[2025-05-28T14:00:17.422+0000] {logging_mixin.py:190} INFO - [2025-05-28T14:00:17.422+0000] {dag.py:4180} INFO - Setting next_dagrun for latest_only to 2025-05-28 08:00:00+00:00, run_after=2025-05-28 12:00:00+00:00
[2025-05-28T14:00:17.446+0000] {processor.py:208} INFO - Processing /home/airflow/.local/lib/python3.12/site-packages/airflow/example_dags/example_latest_only.py took 0.104 seconds
[2025-05-28T14:00:48.715+0000] {processor.py:186} INFO - Started process (PID=3092) to work on /home/airflow/.local/lib/python3.12/site-packages/airflow/example_dags/example_latest_only.py
[2025-05-28T14:00:48.717+0000] {processor.py:914} INFO - Processing file /home/airflow/.local/lib/python3.12/site-packages/airflow/example_dags/example_latest_only.py for tasks to queue
[2025-05-28T14:00:48.718+0000] {logging_mixin.py:190} INFO - [2025-05-28T14:00:48.717+0000] {dagbag.py:588} INFO - Filling up the DagBag from /home/airflow/.local/lib/python3.12/site-packages/airflow/example_dags/example_latest_only.py
[2025-05-28T14:00:48.728+0000] {processor.py:925} INFO - DAG(s) 'latest_only' retrieved from /home/airflow/.local/lib/python3.12/site-packages/airflow/example_dags/example_latest_only.py
[2025-05-28T14:00:48.750+0000] {logging_mixin.py:190} INFO - [2025-05-28T14:00:48.750+0000] {dag.py:3239} INFO - Sync 1 DAGs
[2025-05-28T14:00:48.787+0000] {logging_mixin.py:190} INFO - [2025-05-28T14:00:48.786+0000] {dag.py:4180} INFO - Setting next_dagrun for latest_only to 2025-05-28 08:00:00+00:00, run_after=2025-05-28 12:00:00+00:00
[2025-05-28T14:00:48.811+0000] {processor.py:208} INFO - Processing /home/airflow/.local/lib/python3.12/site-packages/airflow/example_dags/example_latest_only.py took 0.103 seconds
[2025-05-28T14:01:20.132+0000] {processor.py:186} INFO - Started process (PID=3157) to work on /home/airflow/.local/lib/python3.12/site-packages/airflow/example_dags/example_latest_only.py
[2025-05-28T14:01:20.134+0000] {processor.py:914} INFO - Processing file /home/airflow/.local/lib/python3.12/site-packages/airflow/example_dags/example_latest_only.py for tasks to queue
[2025-05-28T14:01:20.136+0000] {logging_mixin.py:190} INFO - [2025-05-28T14:01:20.135+0000] {dagbag.py:588} INFO - Filling up the DagBag from /home/airflow/.local/lib/python3.12/site-packages/airflow/example_dags/example_latest_only.py
[2025-05-28T14:01:20.146+0000] {processor.py:925} INFO - DAG(s) 'latest_only' retrieved from /home/airflow/.local/lib/python3.12/site-packages/airflow/example_dags/example_latest_only.py
[2025-05-28T14:01:20.177+0000] {logging_mixin.py:190} INFO - [2025-05-28T14:01:20.177+0000] {dag.py:3239} INFO - Sync 1 DAGs
[2025-05-28T14:01:20.220+0000] {logging_mixin.py:190} INFO - [2025-05-28T14:01:20.220+0000] {dag.py:4180} INFO - Setting next_dagrun for latest_only to 2025-05-28 08:00:00+00:00, run_after=2025-05-28 12:00:00+00:00
[2025-05-28T14:01:20.251+0000] {processor.py:208} INFO - Processing /home/airflow/.local/lib/python3.12/site-packages/airflow/example_dags/example_latest_only.py took 0.129 seconds
[2025-05-28T14:01:51.316+0000] {processor.py:186} INFO - Started process (PID=3222) to work on /home/airflow/.local/lib/python3.12/site-packages/airflow/example_dags/example_latest_only.py
[2025-05-28T14:01:51.317+0000] {processor.py:914} INFO - Processing file /home/airflow/.local/lib/python3.12/site-packages/airflow/example_dags/example_latest_only.py for tasks to queue
[2025-05-28T14:01:51.319+0000] {logging_mixin.py:190} INFO - [2025-05-28T14:01:51.319+0000] {dagbag.py:588} INFO - Filling up the DagBag from /home/airflow/.local/lib/python3.12/site-packages/airflow/example_dags/example_latest_only.py
[2025-05-28T14:01:51.330+0000] {processor.py:925} INFO - DAG(s) 'latest_only' retrieved from /home/airflow/.local/lib/python3.12/site-packages/airflow/example_dags/example_latest_only.py
[2025-05-28T14:01:51.361+0000] {logging_mixin.py:190} INFO - [2025-05-28T14:01:51.360+0000] {dag.py:3239} INFO - Sync 1 DAGs
[2025-05-28T14:01:51.393+0000] {logging_mixin.py:190} INFO - [2025-05-28T14:01:51.392+0000] {dag.py:4180} INFO - Setting next_dagrun for latest_only to 2025-05-28 08:00:00+00:00, run_after=2025-05-28 12:00:00+00:00
[2025-05-28T14:01:51.421+0000] {processor.py:208} INFO - Processing /home/airflow/.local/lib/python3.12/site-packages/airflow/example_dags/example_latest_only.py took 0.114 seconds
[2025-05-28T14:02:24.405+0000] {processor.py:186} INFO - Started process (PID=3295) to work on /home/airflow/.local/lib/python3.12/site-packages/airflow/example_dags/example_latest_only.py
[2025-05-28T14:02:24.406+0000] {processor.py:914} INFO - Processing file /home/airflow/.local/lib/python3.12/site-packages/airflow/example_dags/example_latest_only.py for tasks to queue
[2025-05-28T14:02:24.408+0000] {logging_mixin.py:190} INFO - [2025-05-28T14:02:24.408+0000] {dagbag.py:588} INFO - Filling up the DagBag from /home/airflow/.local/lib/python3.12/site-packages/airflow/example_dags/example_latest_only.py
[2025-05-28T14:02:24.422+0000] {processor.py:925} INFO - DAG(s) 'latest_only' retrieved from /home/airflow/.local/lib/python3.12/site-packages/airflow/example_dags/example_latest_only.py
[2025-05-28T14:02:24.454+0000] {logging_mixin.py:190} INFO - [2025-05-28T14:02:24.453+0000] {dag.py:3239} INFO - Sync 1 DAGs
[2025-05-28T14:02:24.496+0000] {logging_mixin.py:190} INFO - [2025-05-28T14:02:24.496+0000] {dag.py:4180} INFO - Setting next_dagrun for latest_only to 2025-05-28 08:00:00+00:00, run_after=2025-05-28 12:00:00+00:00
[2025-05-28T14:02:24.532+0000] {processor.py:208} INFO - Processing /home/airflow/.local/lib/python3.12/site-packages/airflow/example_dags/example_latest_only.py took 0.136 seconds
[2025-05-28T14:02:55.766+0000] {processor.py:186} INFO - Started process (PID=3362) to work on /home/airflow/.local/lib/python3.12/site-packages/airflow/example_dags/example_latest_only.py
[2025-05-28T14:02:55.768+0000] {processor.py:914} INFO - Processing file /home/airflow/.local/lib/python3.12/site-packages/airflow/example_dags/example_latest_only.py for tasks to queue
[2025-05-28T14:02:55.769+0000] {logging_mixin.py:190} INFO - [2025-05-28T14:02:55.769+0000] {dagbag.py:588} INFO - Filling up the DagBag from /home/airflow/.local/lib/python3.12/site-packages/airflow/example_dags/example_latest_only.py
[2025-05-28T14:02:55.780+0000] {processor.py:925} INFO - DAG(s) 'latest_only' retrieved from /home/airflow/.local/lib/python3.12/site-packages/airflow/example_dags/example_latest_only.py
[2025-05-28T14:02:55.812+0000] {logging_mixin.py:190} INFO - [2025-05-28T14:02:55.812+0000] {dag.py:3239} INFO - Sync 1 DAGs
[2025-05-28T14:02:55.848+0000] {logging_mixin.py:190} INFO - [2025-05-28T14:02:55.848+0000] {dag.py:4180} INFO - Setting next_dagrun for latest_only to 2025-05-28 08:00:00+00:00, run_after=2025-05-28 12:00:00+00:00
[2025-05-28T14:02:55.876+0000] {processor.py:208} INFO - Processing /home/airflow/.local/lib/python3.12/site-packages/airflow/example_dags/example_latest_only.py took 0.118 seconds
[2025-05-28T14:03:26.962+0000] {processor.py:186} INFO - Started process (PID=3427) to work on /home/airflow/.local/lib/python3.12/site-packages/airflow/example_dags/example_latest_only.py
[2025-05-28T14:03:26.964+0000] {processor.py:914} INFO - Processing file /home/airflow/.local/lib/python3.12/site-packages/airflow/example_dags/example_latest_only.py for tasks to queue
[2025-05-28T14:03:26.965+0000] {logging_mixin.py:190} INFO - [2025-05-28T14:03:26.965+0000] {dagbag.py:588} INFO - Filling up the DagBag from /home/airflow/.local/lib/python3.12/site-packages/airflow/example_dags/example_latest_only.py
[2025-05-28T14:03:26.982+0000] {processor.py:925} INFO - DAG(s) 'latest_only' retrieved from /home/airflow/.local/lib/python3.12/site-packages/airflow/example_dags/example_latest_only.py
[2025-05-28T14:03:27.014+0000] {logging_mixin.py:190} INFO - [2025-05-28T14:03:27.013+0000] {dag.py:3239} INFO - Sync 1 DAGs
[2025-05-28T14:03:27.050+0000] {logging_mixin.py:190} INFO - [2025-05-28T14:03:27.049+0000] {dag.py:4180} INFO - Setting next_dagrun for latest_only to 2025-05-28 08:00:00+00:00, run_after=2025-05-28 12:00:00+00:00
[2025-05-28T14:03:27.085+0000] {processor.py:208} INFO - Processing /home/airflow/.local/lib/python3.12/site-packages/airflow/example_dags/example_latest_only.py took 0.133 seconds
[2025-05-28T14:03:58.357+0000] {processor.py:186} INFO - Started process (PID=3494) to work on /home/airflow/.local/lib/python3.12/site-packages/airflow/example_dags/example_latest_only.py
[2025-05-28T14:03:58.359+0000] {processor.py:914} INFO - Processing file /home/airflow/.local/lib/python3.12/site-packages/airflow/example_dags/example_latest_only.py for tasks to queue
[2025-05-28T14:03:58.361+0000] {logging_mixin.py:190} INFO - [2025-05-28T14:03:58.360+0000] {dagbag.py:588} INFO - Filling up the DagBag from /home/airflow/.local/lib/python3.12/site-packages/airflow/example_dags/example_latest_only.py
[2025-05-28T14:03:58.377+0000] {processor.py:925} INFO - DAG(s) 'latest_only' retrieved from /home/airflow/.local/lib/python3.12/site-packages/airflow/example_dags/example_latest_only.py
[2025-05-28T14:03:58.401+0000] {logging_mixin.py:190} INFO - [2025-05-28T14:03:58.401+0000] {dag.py:3239} INFO - Sync 1 DAGs
[2025-05-28T14:03:58.431+0000] {logging_mixin.py:190} INFO - [2025-05-28T14:03:58.431+0000] {dag.py:4180} INFO - Setting next_dagrun for latest_only to 2025-05-28 08:00:00+00:00, run_after=2025-05-28 12:00:00+00:00
[2025-05-28T14:03:58.447+0000] {processor.py:208} INFO - Processing /home/airflow/.local/lib/python3.12/site-packages/airflow/example_dags/example_latest_only.py took 0.098 seconds
[2025-05-28T14:04:30.230+0000] {processor.py:186} INFO - Started process (PID=3558) to work on /home/airflow/.local/lib/python3.12/site-packages/airflow/example_dags/example_latest_only.py
[2025-05-28T14:04:30.232+0000] {processor.py:914} INFO - Processing file /home/airflow/.local/lib/python3.12/site-packages/airflow/example_dags/example_latest_only.py for tasks to queue
[2025-05-28T14:04:30.233+0000] {logging_mixin.py:190} INFO - [2025-05-28T14:04:30.233+0000] {dagbag.py:588} INFO - Filling up the DagBag from /home/airflow/.local/lib/python3.12/site-packages/airflow/example_dags/example_latest_only.py
[2025-05-28T14:04:30.244+0000] {processor.py:925} INFO - DAG(s) 'latest_only' retrieved from /home/airflow/.local/lib/python3.12/site-packages/airflow/example_dags/example_latest_only.py
[2025-05-28T14:04:30.286+0000] {logging_mixin.py:190} INFO - [2025-05-28T14:04:30.285+0000] {dag.py:3239} INFO - Sync 1 DAGs
[2025-05-28T14:04:30.319+0000] {logging_mixin.py:190} INFO - [2025-05-28T14:04:30.318+0000] {dag.py:4180} INFO - Setting next_dagrun for latest_only to 2025-05-28 08:00:00+00:00, run_after=2025-05-28 12:00:00+00:00
[2025-05-28T14:04:30.345+0000] {processor.py:208} INFO - Processing /home/airflow/.local/lib/python3.12/site-packages/airflow/example_dags/example_latest_only.py took 0.123 seconds
[2025-05-28T14:05:01.994+0000] {processor.py:186} INFO - Started process (PID=3624) to work on /home/airflow/.local/lib/python3.12/site-packages/airflow/example_dags/example_latest_only.py
[2025-05-28T14:05:01.996+0000] {processor.py:914} INFO - Processing file /home/airflow/.local/lib/python3.12/site-packages/airflow/example_dags/example_latest_only.py for tasks to queue
[2025-05-28T14:05:01.997+0000] {logging_mixin.py:190} INFO - [2025-05-28T14:05:01.997+0000] {dagbag.py:588} INFO - Filling up the DagBag from /home/airflow/.local/lib/python3.12/site-packages/airflow/example_dags/example_latest_only.py
[2025-05-28T14:05:02.008+0000] {processor.py:925} INFO - DAG(s) 'latest_only' retrieved from /home/airflow/.local/lib/python3.12/site-packages/airflow/example_dags/example_latest_only.py
[2025-05-28T14:05:02.038+0000] {logging_mixin.py:190} INFO - [2025-05-28T14:05:02.037+0000] {dag.py:3239} INFO - Sync 1 DAGs
[2025-05-28T14:05:02.069+0000] {logging_mixin.py:190} INFO - [2025-05-28T14:05:02.069+0000] {dag.py:4180} INFO - Setting next_dagrun for latest_only to 2025-05-28 08:00:00+00:00, run_after=2025-05-28 12:00:00+00:00
[2025-05-28T14:05:02.093+0000] {processor.py:208} INFO - Processing /home/airflow/.local/lib/python3.12/site-packages/airflow/example_dags/example_latest_only.py took 0.107 seconds
[2025-05-28T14:05:33.902+0000] {processor.py:186} INFO - Started process (PID=3689) to work on /home/airflow/.local/lib/python3.12/site-packages/airflow/example_dags/example_latest_only.py
[2025-05-28T14:05:33.903+0000] {processor.py:914} INFO - Processing file /home/airflow/.local/lib/python3.12/site-packages/airflow/example_dags/example_latest_only.py for tasks to queue
[2025-05-28T14:05:33.904+0000] {logging_mixin.py:190} INFO - [2025-05-28T14:05:33.904+0000] {dagbag.py:588} INFO - Filling up the DagBag from /home/airflow/.local/lib/python3.12/site-packages/airflow/example_dags/example_latest_only.py
[2025-05-28T14:05:33.917+0000] {processor.py:925} INFO - DAG(s) 'latest_only' retrieved from /home/airflow/.local/lib/python3.12/site-packages/airflow/example_dags/example_latest_only.py
[2025-05-28T14:05:33.940+0000] {logging_mixin.py:190} INFO - [2025-05-28T14:05:33.940+0000] {dag.py:3239} INFO - Sync 1 DAGs
[2025-05-28T14:05:33.966+0000] {logging_mixin.py:190} INFO - [2025-05-28T14:05:33.966+0000] {dag.py:4180} INFO - Setting next_dagrun for latest_only to 2025-05-28 08:00:00+00:00, run_after=2025-05-28 12:00:00+00:00
[2025-05-28T14:05:33.994+0000] {processor.py:208} INFO - Processing /home/airflow/.local/lib/python3.12/site-packages/airflow/example_dags/example_latest_only.py took 0.099 seconds
[2025-05-28T14:06:04.388+0000] {processor.py:186} INFO - Started process (PID=3753) to work on /home/airflow/.local/lib/python3.12/site-packages/airflow/example_dags/example_latest_only.py
[2025-05-28T14:06:04.390+0000] {processor.py:914} INFO - Processing file /home/airflow/.local/lib/python3.12/site-packages/airflow/example_dags/example_latest_only.py for tasks to queue
[2025-05-28T14:06:04.391+0000] {logging_mixin.py:190} INFO - [2025-05-28T14:06:04.391+0000] {dagbag.py:588} INFO - Filling up the DagBag from /home/airflow/.local/lib/python3.12/site-packages/airflow/example_dags/example_latest_only.py
[2025-05-28T14:06:04.402+0000] {processor.py:925} INFO - DAG(s) 'latest_only' retrieved from /home/airflow/.local/lib/python3.12/site-packages/airflow/example_dags/example_latest_only.py
[2025-05-28T14:06:04.432+0000] {logging_mixin.py:190} INFO - [2025-05-28T14:06:04.432+0000] {dag.py:3239} INFO - Sync 1 DAGs
[2025-05-28T14:06:04.472+0000] {logging_mixin.py:190} INFO - [2025-05-28T14:06:04.472+0000] {dag.py:4180} INFO - Setting next_dagrun for latest_only to 2025-05-28 08:00:00+00:00, run_after=2025-05-28 12:00:00+00:00
[2025-05-28T14:06:04.502+0000] {processor.py:208} INFO - Processing /home/airflow/.local/lib/python3.12/site-packages/airflow/example_dags/example_latest_only.py took 0.122 seconds
[2025-05-28T14:06:35.689+0000] {processor.py:186} INFO - Started process (PID=3817) to work on /home/airflow/.local/lib/python3.12/site-packages/airflow/example_dags/example_latest_only.py
[2025-05-28T14:06:35.690+0000] {processor.py:914} INFO - Processing file /home/airflow/.local/lib/python3.12/site-packages/airflow/example_dags/example_latest_only.py for tasks to queue
[2025-05-28T14:06:35.692+0000] {logging_mixin.py:190} INFO - [2025-05-28T14:06:35.691+0000] {dagbag.py:588} INFO - Filling up the DagBag from /home/airflow/.local/lib/python3.12/site-packages/airflow/example_dags/example_latest_only.py
[2025-05-28T14:06:35.703+0000] {processor.py:925} INFO - DAG(s) 'latest_only' retrieved from /home/airflow/.local/lib/python3.12/site-packages/airflow/example_dags/example_latest_only.py
[2025-05-28T14:06:35.732+0000] {logging_mixin.py:190} INFO - [2025-05-28T14:06:35.732+0000] {dag.py:3239} INFO - Sync 1 DAGs
[2025-05-28T14:06:35.765+0000] {logging_mixin.py:190} INFO - [2025-05-28T14:06:35.765+0000] {dag.py:4180} INFO - Setting next_dagrun for latest_only to 2025-05-28 08:00:00+00:00, run_after=2025-05-28 12:00:00+00:00
[2025-05-28T14:06:36.141+0000] {processor.py:208} INFO - Processing /home/airflow/.local/lib/python3.12/site-packages/airflow/example_dags/example_latest_only.py took 0.461 seconds
[2025-05-28T14:07:07.242+0000] {processor.py:186} INFO - Started process (PID=3882) to work on /home/airflow/.local/lib/python3.12/site-packages/airflow/example_dags/example_latest_only.py
[2025-05-28T14:07:07.244+0000] {processor.py:914} INFO - Processing file /home/airflow/.local/lib/python3.12/site-packages/airflow/example_dags/example_latest_only.py for tasks to queue
[2025-05-28T14:07:07.246+0000] {logging_mixin.py:190} INFO - [2025-05-28T14:07:07.245+0000] {dagbag.py:588} INFO - Filling up the DagBag from /home/airflow/.local/lib/python3.12/site-packages/airflow/example_dags/example_latest_only.py
[2025-05-28T14:07:07.259+0000] {processor.py:925} INFO - DAG(s) 'latest_only' retrieved from /home/airflow/.local/lib/python3.12/site-packages/airflow/example_dags/example_latest_only.py
[2025-05-28T14:07:07.299+0000] {logging_mixin.py:190} INFO - [2025-05-28T14:07:07.299+0000] {dag.py:3239} INFO - Sync 1 DAGs
[2025-05-28T14:07:07.345+0000] {logging_mixin.py:190} INFO - [2025-05-28T14:07:07.344+0000] {dag.py:4180} INFO - Setting next_dagrun for latest_only to 2025-05-28 08:00:00+00:00, run_after=2025-05-28 12:00:00+00:00
[2025-05-28T14:07:07.393+0000] {processor.py:208} INFO - Processing /home/airflow/.local/lib/python3.12/site-packages/airflow/example_dags/example_latest_only.py took 0.161 seconds
[2025-05-28T14:07:39.457+0000] {processor.py:186} INFO - Started process (PID=3947) to work on /home/airflow/.local/lib/python3.12/site-packages/airflow/example_dags/example_latest_only.py
[2025-05-28T14:07:39.458+0000] {processor.py:914} INFO - Processing file /home/airflow/.local/lib/python3.12/site-packages/airflow/example_dags/example_latest_only.py for tasks to queue
[2025-05-28T14:07:39.460+0000] {logging_mixin.py:190} INFO - [2025-05-28T14:07:39.459+0000] {dagbag.py:588} INFO - Filling up the DagBag from /home/airflow/.local/lib/python3.12/site-packages/airflow/example_dags/example_latest_only.py
[2025-05-28T14:07:39.470+0000] {processor.py:925} INFO - DAG(s) 'latest_only' retrieved from /home/airflow/.local/lib/python3.12/site-packages/airflow/example_dags/example_latest_only.py
[2025-05-28T14:07:39.502+0000] {logging_mixin.py:190} INFO - [2025-05-28T14:07:39.502+0000] {dag.py:3239} INFO - Sync 1 DAGs
[2025-05-28T14:07:39.539+0000] {logging_mixin.py:190} INFO - [2025-05-28T14:07:39.539+0000] {dag.py:4180} INFO - Setting next_dagrun for latest_only to 2025-05-28 08:00:00+00:00, run_after=2025-05-28 12:00:00+00:00
[2025-05-28T14:07:39.565+0000] {processor.py:208} INFO - Processing /home/airflow/.local/lib/python3.12/site-packages/airflow/example_dags/example_latest_only.py took 0.115 seconds
[2025-05-28T14:08:10.935+0000] {processor.py:186} INFO - Started process (PID=4012) to work on /home/airflow/.local/lib/python3.12/site-packages/airflow/example_dags/example_latest_only.py
[2025-05-28T14:08:10.937+0000] {processor.py:914} INFO - Processing file /home/airflow/.local/lib/python3.12/site-packages/airflow/example_dags/example_latest_only.py for tasks to queue
[2025-05-28T14:08:10.938+0000] {logging_mixin.py:190} INFO - [2025-05-28T14:08:10.938+0000] {dagbag.py:588} INFO - Filling up the DagBag from /home/airflow/.local/lib/python3.12/site-packages/airflow/example_dags/example_latest_only.py
[2025-05-28T14:08:10.949+0000] {processor.py:925} INFO - DAG(s) 'latest_only' retrieved from /home/airflow/.local/lib/python3.12/site-packages/airflow/example_dags/example_latest_only.py
[2025-05-28T14:08:10.979+0000] {logging_mixin.py:190} INFO - [2025-05-28T14:08:10.978+0000] {dag.py:3239} INFO - Sync 1 DAGs
[2025-05-28T14:08:11.012+0000] {logging_mixin.py:190} INFO - [2025-05-28T14:08:11.011+0000] {dag.py:4180} INFO - Setting next_dagrun for latest_only to 2025-05-28 08:00:00+00:00, run_after=2025-05-28 12:00:00+00:00
[2025-05-28T14:08:11.037+0000] {processor.py:208} INFO - Processing /home/airflow/.local/lib/python3.12/site-packages/airflow/example_dags/example_latest_only.py took 0.111 seconds
[2025-05-28T14:08:42.218+0000] {processor.py:186} INFO - Started process (PID=4076) to work on /home/airflow/.local/lib/python3.12/site-packages/airflow/example_dags/example_latest_only.py
[2025-05-28T14:08:42.219+0000] {processor.py:914} INFO - Processing file /home/airflow/.local/lib/python3.12/site-packages/airflow/example_dags/example_latest_only.py for tasks to queue
[2025-05-28T14:08:42.222+0000] {logging_mixin.py:190} INFO - [2025-05-28T14:08:42.221+0000] {dagbag.py:588} INFO - Filling up the DagBag from /home/airflow/.local/lib/python3.12/site-packages/airflow/example_dags/example_latest_only.py
[2025-05-28T14:08:42.235+0000] {processor.py:925} INFO - DAG(s) 'latest_only' retrieved from /home/airflow/.local/lib/python3.12/site-packages/airflow/example_dags/example_latest_only.py
[2025-05-28T14:08:42.272+0000] {logging_mixin.py:190} INFO - [2025-05-28T14:08:42.272+0000] {dag.py:3239} INFO - Sync 1 DAGs
[2025-05-28T14:08:42.314+0000] {logging_mixin.py:190} INFO - [2025-05-28T14:08:42.313+0000] {dag.py:4180} INFO - Setting next_dagrun for latest_only to 2025-05-28 08:00:00+00:00, run_after=2025-05-28 12:00:00+00:00
[2025-05-28T14:08:42.344+0000] {processor.py:208} INFO - Processing /home/airflow/.local/lib/python3.12/site-packages/airflow/example_dags/example_latest_only.py took 0.137 seconds
[2025-05-28T14:09:14.508+0000] {processor.py:186} INFO - Started process (PID=4141) to work on /home/airflow/.local/lib/python3.12/site-packages/airflow/example_dags/example_latest_only.py
[2025-05-28T14:09:14.510+0000] {processor.py:914} INFO - Processing file /home/airflow/.local/lib/python3.12/site-packages/airflow/example_dags/example_latest_only.py for tasks to queue
[2025-05-28T14:09:14.512+0000] {logging_mixin.py:190} INFO - [2025-05-28T14:09:14.511+0000] {dagbag.py:588} INFO - Filling up the DagBag from /home/airflow/.local/lib/python3.12/site-packages/airflow/example_dags/example_latest_only.py
[2025-05-28T14:09:14.524+0000] {processor.py:925} INFO - DAG(s) 'latest_only' retrieved from /home/airflow/.local/lib/python3.12/site-packages/airflow/example_dags/example_latest_only.py
[2025-05-28T14:09:14.561+0000] {logging_mixin.py:190} INFO - [2025-05-28T14:09:14.560+0000] {dag.py:3239} INFO - Sync 1 DAGs
[2025-05-28T14:09:14.606+0000] {logging_mixin.py:190} INFO - [2025-05-28T14:09:14.606+0000] {dag.py:4180} INFO - Setting next_dagrun for latest_only to 2025-05-28 08:00:00+00:00, run_after=2025-05-28 12:00:00+00:00
[2025-05-28T14:09:14.641+0000] {processor.py:208} INFO - Processing /home/airflow/.local/lib/python3.12/site-packages/airflow/example_dags/example_latest_only.py took 0.144 seconds
[2025-05-28T14:09:46.552+0000] {processor.py:186} INFO - Started process (PID=4206) to work on /home/airflow/.local/lib/python3.12/site-packages/airflow/example_dags/example_latest_only.py
[2025-05-28T14:09:46.553+0000] {processor.py:914} INFO - Processing file /home/airflow/.local/lib/python3.12/site-packages/airflow/example_dags/example_latest_only.py for tasks to queue
[2025-05-28T14:09:46.555+0000] {logging_mixin.py:190} INFO - [2025-05-28T14:09:46.554+0000] {dagbag.py:588} INFO - Filling up the DagBag from /home/airflow/.local/lib/python3.12/site-packages/airflow/example_dags/example_latest_only.py
[2025-05-28T14:09:46.565+0000] {processor.py:925} INFO - DAG(s) 'latest_only' retrieved from /home/airflow/.local/lib/python3.12/site-packages/airflow/example_dags/example_latest_only.py
[2025-05-28T14:09:47.052+0000] {logging_mixin.py:190} INFO - [2025-05-28T14:09:47.051+0000] {dag.py:3239} INFO - Sync 1 DAGs
[2025-05-28T14:09:47.080+0000] {logging_mixin.py:190} INFO - [2025-05-28T14:09:47.080+0000] {dag.py:4180} INFO - Setting next_dagrun for latest_only to 2025-05-28 08:00:00+00:00, run_after=2025-05-28 12:00:00+00:00
[2025-05-28T14:09:47.116+0000] {processor.py:208} INFO - Processing /home/airflow/.local/lib/python3.12/site-packages/airflow/example_dags/example_latest_only.py took 0.574 seconds
[2025-05-28T14:10:18.001+0000] {processor.py:186} INFO - Started process (PID=4272) to work on /home/airflow/.local/lib/python3.12/site-packages/airflow/example_dags/example_latest_only.py
[2025-05-28T14:10:18.003+0000] {processor.py:914} INFO - Processing file /home/airflow/.local/lib/python3.12/site-packages/airflow/example_dags/example_latest_only.py for tasks to queue
[2025-05-28T14:10:18.004+0000] {logging_mixin.py:190} INFO - [2025-05-28T14:10:18.004+0000] {dagbag.py:588} INFO - Filling up the DagBag from /home/airflow/.local/lib/python3.12/site-packages/airflow/example_dags/example_latest_only.py
[2025-05-28T14:10:18.015+0000] {processor.py:925} INFO - DAG(s) 'latest_only' retrieved from /home/airflow/.local/lib/python3.12/site-packages/airflow/example_dags/example_latest_only.py
[2025-05-28T14:10:18.044+0000] {logging_mixin.py:190} INFO - [2025-05-28T14:10:18.044+0000] {dag.py:3239} INFO - Sync 1 DAGs
[2025-05-28T14:10:18.081+0000] {logging_mixin.py:190} INFO - [2025-05-28T14:10:18.080+0000] {dag.py:4180} INFO - Setting next_dagrun for latest_only to 2025-05-28 08:00:00+00:00, run_after=2025-05-28 12:00:00+00:00
[2025-05-28T14:10:18.111+0000] {processor.py:208} INFO - Processing /home/airflow/.local/lib/python3.12/site-packages/airflow/example_dags/example_latest_only.py took 0.118 seconds
[2025-05-28T14:10:48.890+0000] {processor.py:186} INFO - Started process (PID=4337) to work on /home/airflow/.local/lib/python3.12/site-packages/airflow/example_dags/example_latest_only.py
[2025-05-28T14:10:48.892+0000] {processor.py:914} INFO - Processing file /home/airflow/.local/lib/python3.12/site-packages/airflow/example_dags/example_latest_only.py for tasks to queue
[2025-05-28T14:10:48.893+0000] {logging_mixin.py:190} INFO - [2025-05-28T14:10:48.893+0000] {dagbag.py:588} INFO - Filling up the DagBag from /home/airflow/.local/lib/python3.12/site-packages/airflow/example_dags/example_latest_only.py
[2025-05-28T14:10:48.905+0000] {processor.py:925} INFO - DAG(s) 'latest_only' retrieved from /home/airflow/.local/lib/python3.12/site-packages/airflow/example_dags/example_latest_only.py
[2025-05-28T14:10:48.936+0000] {logging_mixin.py:190} INFO - [2025-05-28T14:10:48.935+0000] {dag.py:3239} INFO - Sync 1 DAGs
[2025-05-28T14:10:48.973+0000] {logging_mixin.py:190} INFO - [2025-05-28T14:10:48.973+0000] {dag.py:4180} INFO - Setting next_dagrun for latest_only to 2025-05-28 08:00:00+00:00, run_after=2025-05-28 12:00:00+00:00
[2025-05-28T14:10:49.008+0000] {processor.py:208} INFO - Processing /home/airflow/.local/lib/python3.12/site-packages/airflow/example_dags/example_latest_only.py took 0.126 seconds
[2025-05-28T14:11:19.140+0000] {processor.py:186} INFO - Started process (PID=4401) to work on /home/airflow/.local/lib/python3.12/site-packages/airflow/example_dags/example_latest_only.py
[2025-05-28T14:11:19.141+0000] {processor.py:914} INFO - Processing file /home/airflow/.local/lib/python3.12/site-packages/airflow/example_dags/example_latest_only.py for tasks to queue
[2025-05-28T14:11:19.143+0000] {logging_mixin.py:190} INFO - [2025-05-28T14:11:19.142+0000] {dagbag.py:588} INFO - Filling up the DagBag from /home/airflow/.local/lib/python3.12/site-packages/airflow/example_dags/example_latest_only.py
[2025-05-28T14:11:19.152+0000] {processor.py:925} INFO - DAG(s) 'latest_only' retrieved from /home/airflow/.local/lib/python3.12/site-packages/airflow/example_dags/example_latest_only.py
[2025-05-28T14:11:19.180+0000] {logging_mixin.py:190} INFO - [2025-05-28T14:11:19.180+0000] {dag.py:3239} INFO - Sync 1 DAGs
[2025-05-28T14:11:19.211+0000] {logging_mixin.py:190} INFO - [2025-05-28T14:11:19.211+0000] {dag.py:4180} INFO - Setting next_dagrun for latest_only to 2025-05-28 08:00:00+00:00, run_after=2025-05-28 12:00:00+00:00
[2025-05-28T14:11:19.233+0000] {processor.py:208} INFO - Processing /home/airflow/.local/lib/python3.12/site-packages/airflow/example_dags/example_latest_only.py took 0.100 seconds
[2025-05-28T14:11:50.086+0000] {processor.py:186} INFO - Started process (PID=4467) to work on /home/airflow/.local/lib/python3.12/site-packages/airflow/example_dags/example_latest_only.py
[2025-05-28T14:11:50.087+0000] {processor.py:914} INFO - Processing file /home/airflow/.local/lib/python3.12/site-packages/airflow/example_dags/example_latest_only.py for tasks to queue
[2025-05-28T14:11:50.089+0000] {logging_mixin.py:190} INFO - [2025-05-28T14:11:50.088+0000] {dagbag.py:588} INFO - Filling up the DagBag from /home/airflow/.local/lib/python3.12/site-packages/airflow/example_dags/example_latest_only.py
[2025-05-28T14:11:50.100+0000] {processor.py:925} INFO - DAG(s) 'latest_only' retrieved from /home/airflow/.local/lib/python3.12/site-packages/airflow/example_dags/example_latest_only.py
[2025-05-28T14:11:50.176+0000] {logging_mixin.py:190} INFO - [2025-05-28T14:11:50.175+0000] {dag.py:3239} INFO - Sync 1 DAGs
[2025-05-28T14:11:50.207+0000] {logging_mixin.py:190} INFO - [2025-05-28T14:11:50.206+0000] {dag.py:4180} INFO - Setting next_dagrun for latest_only to 2025-05-28 08:00:00+00:00, run_after=2025-05-28 12:00:00+00:00
[2025-05-28T14:11:50.228+0000] {processor.py:208} INFO - Processing /home/airflow/.local/lib/python3.12/site-packages/airflow/example_dags/example_latest_only.py took 0.151 seconds
[2025-05-28T14:12:21.586+0000] {processor.py:186} INFO - Started process (PID=4532) to work on /home/airflow/.local/lib/python3.12/site-packages/airflow/example_dags/example_latest_only.py
[2025-05-28T14:12:21.588+0000] {processor.py:914} INFO - Processing file /home/airflow/.local/lib/python3.12/site-packages/airflow/example_dags/example_latest_only.py for tasks to queue
[2025-05-28T14:12:21.589+0000] {logging_mixin.py:190} INFO - [2025-05-28T14:12:21.588+0000] {dagbag.py:588} INFO - Filling up the DagBag from /home/airflow/.local/lib/python3.12/site-packages/airflow/example_dags/example_latest_only.py
[2025-05-28T14:12:21.598+0000] {processor.py:925} INFO - DAG(s) 'latest_only' retrieved from /home/airflow/.local/lib/python3.12/site-packages/airflow/example_dags/example_latest_only.py
[2025-05-28T14:12:21.622+0000] {logging_mixin.py:190} INFO - [2025-05-28T14:12:21.621+0000] {dag.py:3239} INFO - Sync 1 DAGs
[2025-05-28T14:12:21.649+0000] {logging_mixin.py:190} INFO - [2025-05-28T14:12:21.648+0000] {dag.py:4180} INFO - Setting next_dagrun for latest_only to 2025-05-28 08:00:00+00:00, run_after=2025-05-28 12:00:00+00:00
[2025-05-28T14:12:21.675+0000] {processor.py:208} INFO - Processing /home/airflow/.local/lib/python3.12/site-packages/airflow/example_dags/example_latest_only.py took 0.096 seconds
[2025-05-28T14:12:52.350+0000] {processor.py:186} INFO - Started process (PID=4597) to work on /home/airflow/.local/lib/python3.12/site-packages/airflow/example_dags/example_latest_only.py
[2025-05-28T14:12:52.351+0000] {processor.py:914} INFO - Processing file /home/airflow/.local/lib/python3.12/site-packages/airflow/example_dags/example_latest_only.py for tasks to queue
[2025-05-28T14:12:52.352+0000] {logging_mixin.py:190} INFO - [2025-05-28T14:12:52.352+0000] {dagbag.py:588} INFO - Filling up the DagBag from /home/airflow/.local/lib/python3.12/site-packages/airflow/example_dags/example_latest_only.py
[2025-05-28T14:12:52.362+0000] {processor.py:925} INFO - DAG(s) 'latest_only' retrieved from /home/airflow/.local/lib/python3.12/site-packages/airflow/example_dags/example_latest_only.py
[2025-05-28T14:12:52.390+0000] {logging_mixin.py:190} INFO - [2025-05-28T14:12:52.390+0000] {dag.py:3239} INFO - Sync 1 DAGs
[2025-05-28T14:12:52.420+0000] {logging_mixin.py:190} INFO - [2025-05-28T14:12:52.420+0000] {dag.py:4180} INFO - Setting next_dagrun for latest_only to 2025-05-28 08:00:00+00:00, run_after=2025-05-28 12:00:00+00:00
[2025-05-28T14:12:52.441+0000] {processor.py:208} INFO - Processing /home/airflow/.local/lib/python3.12/site-packages/airflow/example_dags/example_latest_only.py took 0.098 seconds
[2025-05-28T14:13:23.856+0000] {processor.py:186} INFO - Started process (PID=4662) to work on /home/airflow/.local/lib/python3.12/site-packages/airflow/example_dags/example_latest_only.py
[2025-05-28T14:13:23.857+0000] {processor.py:914} INFO - Processing file /home/airflow/.local/lib/python3.12/site-packages/airflow/example_dags/example_latest_only.py for tasks to queue
[2025-05-28T14:13:23.858+0000] {logging_mixin.py:190} INFO - [2025-05-28T14:13:23.858+0000] {dagbag.py:588} INFO - Filling up the DagBag from /home/airflow/.local/lib/python3.12/site-packages/airflow/example_dags/example_latest_only.py
[2025-05-28T14:13:23.867+0000] {processor.py:925} INFO - DAG(s) 'latest_only' retrieved from /home/airflow/.local/lib/python3.12/site-packages/airflow/example_dags/example_latest_only.py
[2025-05-28T14:13:23.896+0000] {logging_mixin.py:190} INFO - [2025-05-28T14:13:23.896+0000] {dag.py:3239} INFO - Sync 1 DAGs
[2025-05-28T14:13:23.926+0000] {logging_mixin.py:190} INFO - [2025-05-28T14:13:23.926+0000] {dag.py:4180} INFO - Setting next_dagrun for latest_only to 2025-05-28 08:00:00+00:00, run_after=2025-05-28 12:00:00+00:00
[2025-05-28T14:13:23.943+0000] {processor.py:208} INFO - Processing /home/airflow/.local/lib/python3.12/site-packages/airflow/example_dags/example_latest_only.py took 0.094 seconds
[2025-05-28T14:13:54.495+0000] {processor.py:186} INFO - Started process (PID=4733) to work on /home/airflow/.local/lib/python3.12/site-packages/airflow/example_dags/example_latest_only.py
[2025-05-28T14:13:54.496+0000] {processor.py:914} INFO - Processing file /home/airflow/.local/lib/python3.12/site-packages/airflow/example_dags/example_latest_only.py for tasks to queue
[2025-05-28T14:13:54.497+0000] {logging_mixin.py:190} INFO - [2025-05-28T14:13:54.497+0000] {dagbag.py:588} INFO - Filling up the DagBag from /home/airflow/.local/lib/python3.12/site-packages/airflow/example_dags/example_latest_only.py
[2025-05-28T14:13:54.506+0000] {processor.py:925} INFO - DAG(s) 'latest_only' retrieved from /home/airflow/.local/lib/python3.12/site-packages/airflow/example_dags/example_latest_only.py
[2025-05-28T14:13:54.531+0000] {logging_mixin.py:190} INFO - [2025-05-28T14:13:54.531+0000] {dag.py:3239} INFO - Sync 1 DAGs
[2025-05-28T14:13:54.555+0000] {logging_mixin.py:190} INFO - [2025-05-28T14:13:54.555+0000] {dag.py:4180} INFO - Setting next_dagrun for latest_only to 2025-05-28 08:00:00+00:00, run_after=2025-05-28 12:00:00+00:00
[2025-05-28T14:13:54.580+0000] {processor.py:208} INFO - Processing /home/airflow/.local/lib/python3.12/site-packages/airflow/example_dags/example_latest_only.py took 0.092 seconds
[2025-05-28T14:14:25.378+0000] {processor.py:186} INFO - Started process (PID=4798) to work on /home/airflow/.local/lib/python3.12/site-packages/airflow/example_dags/example_latest_only.py
[2025-05-28T14:14:25.379+0000] {processor.py:914} INFO - Processing file /home/airflow/.local/lib/python3.12/site-packages/airflow/example_dags/example_latest_only.py for tasks to queue
[2025-05-28T14:14:25.381+0000] {logging_mixin.py:190} INFO - [2025-05-28T14:14:25.380+0000] {dagbag.py:588} INFO - Filling up the DagBag from /home/airflow/.local/lib/python3.12/site-packages/airflow/example_dags/example_latest_only.py
[2025-05-28T14:14:25.392+0000] {processor.py:925} INFO - DAG(s) 'latest_only' retrieved from /home/airflow/.local/lib/python3.12/site-packages/airflow/example_dags/example_latest_only.py
[2025-05-28T14:14:25.419+0000] {logging_mixin.py:190} INFO - [2025-05-28T14:14:25.418+0000] {dag.py:3239} INFO - Sync 1 DAGs
[2025-05-28T14:14:25.453+0000] {logging_mixin.py:190} INFO - [2025-05-28T14:14:25.452+0000] {dag.py:4180} INFO - Setting next_dagrun for latest_only to 2025-05-28 08:00:00+00:00, run_after=2025-05-28 12:00:00+00:00
[2025-05-28T14:14:25.476+0000] {processor.py:208} INFO - Processing /home/airflow/.local/lib/python3.12/site-packages/airflow/example_dags/example_latest_only.py took 0.107 seconds
[2025-05-28T14:14:55.538+0000] {processor.py:186} INFO - Started process (PID=4862) to work on /home/airflow/.local/lib/python3.12/site-packages/airflow/example_dags/example_latest_only.py
[2025-05-28T14:14:55.540+0000] {processor.py:914} INFO - Processing file /home/airflow/.local/lib/python3.12/site-packages/airflow/example_dags/example_latest_only.py for tasks to queue
[2025-05-28T14:14:55.541+0000] {logging_mixin.py:190} INFO - [2025-05-28T14:14:55.541+0000] {dagbag.py:588} INFO - Filling up the DagBag from /home/airflow/.local/lib/python3.12/site-packages/airflow/example_dags/example_latest_only.py
[2025-05-28T14:14:55.550+0000] {processor.py:925} INFO - DAG(s) 'latest_only' retrieved from /home/airflow/.local/lib/python3.12/site-packages/airflow/example_dags/example_latest_only.py
[2025-05-28T14:14:55.575+0000] {logging_mixin.py:190} INFO - [2025-05-28T14:14:55.574+0000] {dag.py:3239} INFO - Sync 1 DAGs
[2025-05-28T14:14:55.602+0000] {logging_mixin.py:190} INFO - [2025-05-28T14:14:55.601+0000] {dag.py:4180} INFO - Setting next_dagrun for latest_only to 2025-05-28 08:00:00+00:00, run_after=2025-05-28 12:00:00+00:00
[2025-05-28T14:14:55.619+0000] {processor.py:208} INFO - Processing /home/airflow/.local/lib/python3.12/site-packages/airflow/example_dags/example_latest_only.py took 0.088 seconds
