[2025-05-28T13:37:20.859+0000] {processor.py:186} INFO - Started process (PID=140) to work on /home/airflow/.local/lib/python3.12/site-packages/airflow/example_dags/tutorial.py
[2025-05-28T13:37:20.860+0000] {processor.py:914} INFO - Processing file /home/airflow/.local/lib/python3.12/site-packages/airflow/example_dags/tutorial.py for tasks to queue
[2025-05-28T13:37:20.862+0000] {logging_mixin.py:190} INFO - [2025-05-28T13:37:20.861+0000] {dagbag.py:588} INFO - Filling up the DagBag from /home/airflow/.local/lib/python3.12/site-packages/airflow/example_dags/tutorial.py
[2025-05-28T13:37:20.871+0000] {processor.py:925} INFO - DAG(s) 'tutorial' retrieved from /home/airflow/.local/lib/python3.12/site-packages/airflow/example_dags/tutorial.py
[2025-05-28T13:37:20.894+0000] {logging_mixin.py:190} INFO - [2025-05-28T13:37:20.893+0000] {dag.py:3239} INFO - Sync 1 DAGs
[2025-05-28T13:37:20.916+0000] {logging_mixin.py:190} INFO - [2025-05-28T13:37:20.916+0000] {dag.py:4180} INFO - Setting next_dagrun for tutorial to 2025-05-27 00:00:00+00:00, run_after=2025-05-28 00:00:00+00:00
[2025-05-28T13:37:20.931+0000] {processor.py:208} INFO - Processing /home/airflow/.local/lib/python3.12/site-packages/airflow/example_dags/tutorial.py took 0.078 seconds
[2025-05-28T13:37:53.495+0000] {processor.py:186} INFO - Started process (PID=205) to work on /home/airflow/.local/lib/python3.12/site-packages/airflow/example_dags/tutorial.py
[2025-05-28T13:37:53.496+0000] {processor.py:914} INFO - Processing file /home/airflow/.local/lib/python3.12/site-packages/airflow/example_dags/tutorial.py for tasks to queue
[2025-05-28T13:37:53.499+0000] {logging_mixin.py:190} INFO - [2025-05-28T13:37:53.499+0000] {dagbag.py:588} INFO - Filling up the DagBag from /home/airflow/.local/lib/python3.12/site-packages/airflow/example_dags/tutorial.py
[2025-05-28T13:37:53.510+0000] {processor.py:925} INFO - DAG(s) 'tutorial' retrieved from /home/airflow/.local/lib/python3.12/site-packages/airflow/example_dags/tutorial.py
[2025-05-28T13:37:53.534+0000] {logging_mixin.py:190} INFO - [2025-05-28T13:37:53.534+0000] {dag.py:3239} INFO - Sync 1 DAGs
[2025-05-28T13:37:53.563+0000] {logging_mixin.py:190} INFO - [2025-05-28T13:37:53.563+0000] {dag.py:4180} INFO - Setting next_dagrun for tutorial to 2025-05-27 00:00:00+00:00, run_after=2025-05-28 00:00:00+00:00
[2025-05-28T13:37:53.596+0000] {processor.py:208} INFO - Processing /home/airflow/.local/lib/python3.12/site-packages/airflow/example_dags/tutorial.py took 0.108 seconds
[2025-05-28T13:38:24.832+0000] {processor.py:186} INFO - Started process (PID=270) to work on /home/airflow/.local/lib/python3.12/site-packages/airflow/example_dags/tutorial.py
[2025-05-28T13:38:24.833+0000] {processor.py:914} INFO - Processing file /home/airflow/.local/lib/python3.12/site-packages/airflow/example_dags/tutorial.py for tasks to queue
[2025-05-28T13:38:24.836+0000] {logging_mixin.py:190} INFO - [2025-05-28T13:38:24.835+0000] {dagbag.py:588} INFO - Filling up the DagBag from /home/airflow/.local/lib/python3.12/site-packages/airflow/example_dags/tutorial.py
[2025-05-28T13:38:24.845+0000] {processor.py:925} INFO - DAG(s) 'tutorial' retrieved from /home/airflow/.local/lib/python3.12/site-packages/airflow/example_dags/tutorial.py
[2025-05-28T13:38:24.870+0000] {logging_mixin.py:190} INFO - [2025-05-28T13:38:24.870+0000] {dag.py:3239} INFO - Sync 1 DAGs
[2025-05-28T13:38:24.899+0000] {logging_mixin.py:190} INFO - [2025-05-28T13:38:24.898+0000] {dag.py:4180} INFO - Setting next_dagrun for tutorial to 2025-05-27 00:00:00+00:00, run_after=2025-05-28 00:00:00+00:00
[2025-05-28T13:38:24.920+0000] {processor.py:208} INFO - Processing /home/airflow/.local/lib/python3.12/site-packages/airflow/example_dags/tutorial.py took 0.095 seconds
[2025-05-28T13:38:56.164+0000] {processor.py:186} INFO - Started process (PID=335) to work on /home/airflow/.local/lib/python3.12/site-packages/airflow/example_dags/tutorial.py
[2025-05-28T13:38:56.165+0000] {processor.py:914} INFO - Processing file /home/airflow/.local/lib/python3.12/site-packages/airflow/example_dags/tutorial.py for tasks to queue
[2025-05-28T13:38:56.168+0000] {logging_mixin.py:190} INFO - [2025-05-28T13:38:56.168+0000] {dagbag.py:588} INFO - Filling up the DagBag from /home/airflow/.local/lib/python3.12/site-packages/airflow/example_dags/tutorial.py
[2025-05-28T13:38:56.178+0000] {processor.py:925} INFO - DAG(s) 'tutorial' retrieved from /home/airflow/.local/lib/python3.12/site-packages/airflow/example_dags/tutorial.py
[2025-05-28T13:38:56.205+0000] {logging_mixin.py:190} INFO - [2025-05-28T13:38:56.205+0000] {dag.py:3239} INFO - Sync 1 DAGs
[2025-05-28T13:38:56.239+0000] {logging_mixin.py:190} INFO - [2025-05-28T13:38:56.239+0000] {dag.py:4180} INFO - Setting next_dagrun for tutorial to 2025-05-27 00:00:00+00:00, run_after=2025-05-28 00:00:00+00:00
[2025-05-28T13:38:56.259+0000] {processor.py:208} INFO - Processing /home/airflow/.local/lib/python3.12/site-packages/airflow/example_dags/tutorial.py took 0.103 seconds
[2025-05-28T13:39:26.360+0000] {processor.py:186} INFO - Started process (PID=400) to work on /home/airflow/.local/lib/python3.12/site-packages/airflow/example_dags/tutorial.py
[2025-05-28T13:39:26.361+0000] {processor.py:914} INFO - Processing file /home/airflow/.local/lib/python3.12/site-packages/airflow/example_dags/tutorial.py for tasks to queue
[2025-05-28T13:39:26.363+0000] {logging_mixin.py:190} INFO - [2025-05-28T13:39:26.362+0000] {dagbag.py:588} INFO - Filling up the DagBag from /home/airflow/.local/lib/python3.12/site-packages/airflow/example_dags/tutorial.py
[2025-05-28T13:39:26.370+0000] {processor.py:925} INFO - DAG(s) 'tutorial' retrieved from /home/airflow/.local/lib/python3.12/site-packages/airflow/example_dags/tutorial.py
[2025-05-28T13:39:26.389+0000] {logging_mixin.py:190} INFO - [2025-05-28T13:39:26.389+0000] {dag.py:3239} INFO - Sync 1 DAGs
[2025-05-28T13:39:26.409+0000] {logging_mixin.py:190} INFO - [2025-05-28T13:39:26.409+0000] {dag.py:4180} INFO - Setting next_dagrun for tutorial to 2025-05-27 00:00:00+00:00, run_after=2025-05-28 00:00:00+00:00
[2025-05-28T13:39:26.425+0000] {processor.py:208} INFO - Processing /home/airflow/.local/lib/python3.12/site-packages/airflow/example_dags/tutorial.py took 0.071 seconds
[2025-05-28T13:39:57.848+0000] {processor.py:186} INFO - Started process (PID=465) to work on /home/airflow/.local/lib/python3.12/site-packages/airflow/example_dags/tutorial.py
[2025-05-28T13:39:57.850+0000] {processor.py:914} INFO - Processing file /home/airflow/.local/lib/python3.12/site-packages/airflow/example_dags/tutorial.py for tasks to queue
[2025-05-28T13:39:57.855+0000] {logging_mixin.py:190} INFO - [2025-05-28T13:39:57.854+0000] {dagbag.py:588} INFO - Filling up the DagBag from /home/airflow/.local/lib/python3.12/site-packages/airflow/example_dags/tutorial.py
[2025-05-28T13:39:57.868+0000] {processor.py:925} INFO - DAG(s) 'tutorial' retrieved from /home/airflow/.local/lib/python3.12/site-packages/airflow/example_dags/tutorial.py
[2025-05-28T13:39:57.906+0000] {logging_mixin.py:190} INFO - [2025-05-28T13:39:57.905+0000] {dag.py:3239} INFO - Sync 1 DAGs
[2025-05-28T13:39:57.938+0000] {logging_mixin.py:190} INFO - [2025-05-28T13:39:57.937+0000] {dag.py:4180} INFO - Setting next_dagrun for tutorial to 2025-05-27 00:00:00+00:00, run_after=2025-05-28 00:00:00+00:00
[2025-05-28T13:39:57.959+0000] {processor.py:208} INFO - Processing /home/airflow/.local/lib/python3.12/site-packages/airflow/example_dags/tutorial.py took 0.123 seconds
[2025-05-28T13:40:28.479+0000] {processor.py:186} INFO - Started process (PID=530) to work on /home/airflow/.local/lib/python3.12/site-packages/airflow/example_dags/tutorial.py
[2025-05-28T13:40:28.480+0000] {processor.py:914} INFO - Processing file /home/airflow/.local/lib/python3.12/site-packages/airflow/example_dags/tutorial.py for tasks to queue
[2025-05-28T13:40:28.483+0000] {logging_mixin.py:190} INFO - [2025-05-28T13:40:28.483+0000] {dagbag.py:588} INFO - Filling up the DagBag from /home/airflow/.local/lib/python3.12/site-packages/airflow/example_dags/tutorial.py
[2025-05-28T13:40:28.493+0000] {processor.py:925} INFO - DAG(s) 'tutorial' retrieved from /home/airflow/.local/lib/python3.12/site-packages/airflow/example_dags/tutorial.py
[2025-05-28T13:40:28.514+0000] {logging_mixin.py:190} INFO - [2025-05-28T13:40:28.513+0000] {dag.py:3239} INFO - Sync 1 DAGs
[2025-05-28T13:40:28.539+0000] {logging_mixin.py:190} INFO - [2025-05-28T13:40:28.539+0000] {dag.py:4180} INFO - Setting next_dagrun for tutorial to 2025-05-27 00:00:00+00:00, run_after=2025-05-28 00:00:00+00:00
[2025-05-28T13:40:28.556+0000] {processor.py:208} INFO - Processing /home/airflow/.local/lib/python3.12/site-packages/airflow/example_dags/tutorial.py took 0.083 seconds
[2025-05-28T13:40:59.654+0000] {processor.py:186} INFO - Started process (PID=595) to work on /home/airflow/.local/lib/python3.12/site-packages/airflow/example_dags/tutorial.py
[2025-05-28T13:40:59.655+0000] {processor.py:914} INFO - Processing file /home/airflow/.local/lib/python3.12/site-packages/airflow/example_dags/tutorial.py for tasks to queue
[2025-05-28T13:40:59.658+0000] {logging_mixin.py:190} INFO - [2025-05-28T13:40:59.657+0000] {dagbag.py:588} INFO - Filling up the DagBag from /home/airflow/.local/lib/python3.12/site-packages/airflow/example_dags/tutorial.py
[2025-05-28T13:40:59.667+0000] {processor.py:925} INFO - DAG(s) 'tutorial' retrieved from /home/airflow/.local/lib/python3.12/site-packages/airflow/example_dags/tutorial.py
[2025-05-28T13:40:59.691+0000] {logging_mixin.py:190} INFO - [2025-05-28T13:40:59.691+0000] {dag.py:3239} INFO - Sync 1 DAGs
[2025-05-28T13:40:59.716+0000] {logging_mixin.py:190} INFO - [2025-05-28T13:40:59.715+0000] {dag.py:4180} INFO - Setting next_dagrun for tutorial to 2025-05-27 00:00:00+00:00, run_after=2025-05-28 00:00:00+00:00
[2025-05-28T13:40:59.732+0000] {processor.py:208} INFO - Processing /home/airflow/.local/lib/python3.12/site-packages/airflow/example_dags/tutorial.py took 0.085 seconds
[2025-05-28T13:41:31.087+0000] {processor.py:186} INFO - Started process (PID=660) to work on /home/airflow/.local/lib/python3.12/site-packages/airflow/example_dags/tutorial.py
[2025-05-28T13:41:31.088+0000] {processor.py:914} INFO - Processing file /home/airflow/.local/lib/python3.12/site-packages/airflow/example_dags/tutorial.py for tasks to queue
[2025-05-28T13:41:31.092+0000] {logging_mixin.py:190} INFO - [2025-05-28T13:41:31.092+0000] {dagbag.py:588} INFO - Filling up the DagBag from /home/airflow/.local/lib/python3.12/site-packages/airflow/example_dags/tutorial.py
[2025-05-28T13:41:31.104+0000] {processor.py:925} INFO - DAG(s) 'tutorial' retrieved from /home/airflow/.local/lib/python3.12/site-packages/airflow/example_dags/tutorial.py
[2025-05-28T13:41:31.129+0000] {logging_mixin.py:190} INFO - [2025-05-28T13:41:31.129+0000] {dag.py:3239} INFO - Sync 1 DAGs
[2025-05-28T13:41:31.150+0000] {logging_mixin.py:190} INFO - [2025-05-28T13:41:31.150+0000] {dag.py:4180} INFO - Setting next_dagrun for tutorial to 2025-05-27 00:00:00+00:00, run_after=2025-05-28 00:00:00+00:00
[2025-05-28T13:41:31.166+0000] {processor.py:208} INFO - Processing /home/airflow/.local/lib/python3.12/site-packages/airflow/example_dags/tutorial.py took 0.089 seconds
[2025-05-28T13:42:02.315+0000] {processor.py:186} INFO - Started process (PID=734) to work on /home/airflow/.local/lib/python3.12/site-packages/airflow/example_dags/tutorial.py
[2025-05-28T13:42:02.316+0000] {processor.py:914} INFO - Processing file /home/airflow/.local/lib/python3.12/site-packages/airflow/example_dags/tutorial.py for tasks to queue
[2025-05-28T13:42:02.318+0000] {logging_mixin.py:190} INFO - [2025-05-28T13:42:02.318+0000] {dagbag.py:588} INFO - Filling up the DagBag from /home/airflow/.local/lib/python3.12/site-packages/airflow/example_dags/tutorial.py
[2025-05-28T13:42:02.327+0000] {processor.py:925} INFO - DAG(s) 'tutorial' retrieved from /home/airflow/.local/lib/python3.12/site-packages/airflow/example_dags/tutorial.py
[2025-05-28T13:42:02.346+0000] {logging_mixin.py:190} INFO - [2025-05-28T13:42:02.345+0000] {dag.py:3239} INFO - Sync 1 DAGs
[2025-05-28T13:42:02.377+0000] {logging_mixin.py:190} INFO - [2025-05-28T13:42:02.376+0000] {dag.py:4180} INFO - Setting next_dagrun for tutorial to 2025-05-27 00:00:00+00:00, run_after=2025-05-28 00:00:00+00:00
[2025-05-28T13:42:02.392+0000] {processor.py:208} INFO - Processing /home/airflow/.local/lib/python3.12/site-packages/airflow/example_dags/tutorial.py took 0.084 seconds
[2025-05-28T13:42:33.973+0000] {processor.py:186} INFO - Started process (PID=806) to work on /home/airflow/.local/lib/python3.12/site-packages/airflow/example_dags/tutorial.py
[2025-05-28T13:42:33.975+0000] {processor.py:914} INFO - Processing file /home/airflow/.local/lib/python3.12/site-packages/airflow/example_dags/tutorial.py for tasks to queue
[2025-05-28T13:42:33.977+0000] {logging_mixin.py:190} INFO - [2025-05-28T13:42:33.977+0000] {dagbag.py:588} INFO - Filling up the DagBag from /home/airflow/.local/lib/python3.12/site-packages/airflow/example_dags/tutorial.py
[2025-05-28T13:42:33.986+0000] {processor.py:925} INFO - DAG(s) 'tutorial' retrieved from /home/airflow/.local/lib/python3.12/site-packages/airflow/example_dags/tutorial.py
[2025-05-28T13:42:34.006+0000] {logging_mixin.py:190} INFO - [2025-05-28T13:42:34.006+0000] {dag.py:3239} INFO - Sync 1 DAGs
[2025-05-28T13:42:34.027+0000] {logging_mixin.py:190} INFO - [2025-05-28T13:42:34.027+0000] {dag.py:4180} INFO - Setting next_dagrun for tutorial to 2025-05-27 00:00:00+00:00, run_after=2025-05-28 00:00:00+00:00
[2025-05-28T13:42:34.042+0000] {processor.py:208} INFO - Processing /home/airflow/.local/lib/python3.12/site-packages/airflow/example_dags/tutorial.py took 0.075 seconds
[2025-05-28T13:43:04.893+0000] {processor.py:186} INFO - Started process (PID=871) to work on /home/airflow/.local/lib/python3.12/site-packages/airflow/example_dags/tutorial.py
[2025-05-28T13:43:04.894+0000] {processor.py:914} INFO - Processing file /home/airflow/.local/lib/python3.12/site-packages/airflow/example_dags/tutorial.py for tasks to queue
[2025-05-28T13:43:04.896+0000] {logging_mixin.py:190} INFO - [2025-05-28T13:43:04.895+0000] {dagbag.py:588} INFO - Filling up the DagBag from /home/airflow/.local/lib/python3.12/site-packages/airflow/example_dags/tutorial.py
[2025-05-28T13:43:04.904+0000] {processor.py:925} INFO - DAG(s) 'tutorial' retrieved from /home/airflow/.local/lib/python3.12/site-packages/airflow/example_dags/tutorial.py
[2025-05-28T13:43:04.926+0000] {logging_mixin.py:190} INFO - [2025-05-28T13:43:04.926+0000] {dag.py:3239} INFO - Sync 1 DAGs
[2025-05-28T13:43:04.947+0000] {logging_mixin.py:190} INFO - [2025-05-28T13:43:04.946+0000] {dag.py:4180} INFO - Setting next_dagrun for tutorial to 2025-05-27 00:00:00+00:00, run_after=2025-05-28 00:00:00+00:00
[2025-05-28T13:43:04.961+0000] {processor.py:208} INFO - Processing /home/airflow/.local/lib/python3.12/site-packages/airflow/example_dags/tutorial.py took 0.074 seconds
[2025-05-28T13:43:35.531+0000] {processor.py:186} INFO - Started process (PID=936) to work on /home/airflow/.local/lib/python3.12/site-packages/airflow/example_dags/tutorial.py
[2025-05-28T13:43:35.532+0000] {processor.py:914} INFO - Processing file /home/airflow/.local/lib/python3.12/site-packages/airflow/example_dags/tutorial.py for tasks to queue
[2025-05-28T13:43:35.533+0000] {logging_mixin.py:190} INFO - [2025-05-28T13:43:35.533+0000] {dagbag.py:588} INFO - Filling up the DagBag from /home/airflow/.local/lib/python3.12/site-packages/airflow/example_dags/tutorial.py
[2025-05-28T13:43:35.541+0000] {processor.py:925} INFO - DAG(s) 'tutorial' retrieved from /home/airflow/.local/lib/python3.12/site-packages/airflow/example_dags/tutorial.py
[2025-05-28T13:43:35.558+0000] {logging_mixin.py:190} INFO - [2025-05-28T13:43:35.558+0000] {dag.py:3239} INFO - Sync 1 DAGs
[2025-05-28T13:43:35.577+0000] {logging_mixin.py:190} INFO - [2025-05-28T13:43:35.577+0000] {dag.py:4180} INFO - Setting next_dagrun for tutorial to 2025-05-27 00:00:00+00:00, run_after=2025-05-28 00:00:00+00:00
[2025-05-28T13:43:35.589+0000] {processor.py:208} INFO - Processing /home/airflow/.local/lib/python3.12/site-packages/airflow/example_dags/tutorial.py took 0.064 seconds
[2025-05-28T13:44:06.198+0000] {processor.py:186} INFO - Started process (PID=1001) to work on /home/airflow/.local/lib/python3.12/site-packages/airflow/example_dags/tutorial.py
[2025-05-28T13:44:06.199+0000] {processor.py:914} INFO - Processing file /home/airflow/.local/lib/python3.12/site-packages/airflow/example_dags/tutorial.py for tasks to queue
[2025-05-28T13:44:06.200+0000] {logging_mixin.py:190} INFO - [2025-05-28T13:44:06.200+0000] {dagbag.py:588} INFO - Filling up the DagBag from /home/airflow/.local/lib/python3.12/site-packages/airflow/example_dags/tutorial.py
[2025-05-28T13:44:06.208+0000] {processor.py:925} INFO - DAG(s) 'tutorial' retrieved from /home/airflow/.local/lib/python3.12/site-packages/airflow/example_dags/tutorial.py
[2025-05-28T13:44:06.225+0000] {logging_mixin.py:190} INFO - [2025-05-28T13:44:06.225+0000] {dag.py:3239} INFO - Sync 1 DAGs
[2025-05-28T13:44:06.244+0000] {logging_mixin.py:190} INFO - [2025-05-28T13:44:06.244+0000] {dag.py:4180} INFO - Setting next_dagrun for tutorial to 2025-05-27 00:00:00+00:00, run_after=2025-05-28 00:00:00+00:00
[2025-05-28T13:44:06.257+0000] {processor.py:208} INFO - Processing /home/airflow/.local/lib/python3.12/site-packages/airflow/example_dags/tutorial.py took 0.064 seconds
[2025-05-28T13:44:37.553+0000] {processor.py:186} INFO - Started process (PID=1066) to work on /home/airflow/.local/lib/python3.12/site-packages/airflow/example_dags/tutorial.py
[2025-05-28T13:44:37.555+0000] {processor.py:914} INFO - Processing file /home/airflow/.local/lib/python3.12/site-packages/airflow/example_dags/tutorial.py for tasks to queue
[2025-05-28T13:44:37.556+0000] {logging_mixin.py:190} INFO - [2025-05-28T13:44:37.556+0000] {dagbag.py:588} INFO - Filling up the DagBag from /home/airflow/.local/lib/python3.12/site-packages/airflow/example_dags/tutorial.py
[2025-05-28T13:44:37.565+0000] {processor.py:925} INFO - DAG(s) 'tutorial' retrieved from /home/airflow/.local/lib/python3.12/site-packages/airflow/example_dags/tutorial.py
[2025-05-28T13:44:37.587+0000] {logging_mixin.py:190} INFO - [2025-05-28T13:44:37.586+0000] {dag.py:3239} INFO - Sync 1 DAGs
[2025-05-28T13:44:37.608+0000] {logging_mixin.py:190} INFO - [2025-05-28T13:44:37.608+0000] {dag.py:4180} INFO - Setting next_dagrun for tutorial to 2025-05-27 00:00:00+00:00, run_after=2025-05-28 00:00:00+00:00
[2025-05-28T13:44:37.621+0000] {processor.py:208} INFO - Processing /home/airflow/.local/lib/python3.12/site-packages/airflow/example_dags/tutorial.py took 0.074 seconds
[2025-05-28T13:45:08.563+0000] {processor.py:186} INFO - Started process (PID=1135) to work on /home/airflow/.local/lib/python3.12/site-packages/airflow/example_dags/tutorial.py
[2025-05-28T13:45:08.565+0000] {processor.py:914} INFO - Processing file /home/airflow/.local/lib/python3.12/site-packages/airflow/example_dags/tutorial.py for tasks to queue
[2025-05-28T13:45:08.566+0000] {logging_mixin.py:190} INFO - [2025-05-28T13:45:08.565+0000] {dagbag.py:588} INFO - Filling up the DagBag from /home/airflow/.local/lib/python3.12/site-packages/airflow/example_dags/tutorial.py
[2025-05-28T13:45:08.575+0000] {processor.py:925} INFO - DAG(s) 'tutorial' retrieved from /home/airflow/.local/lib/python3.12/site-packages/airflow/example_dags/tutorial.py
[2025-05-28T13:45:08.595+0000] {logging_mixin.py:190} INFO - [2025-05-28T13:45:08.595+0000] {dag.py:3239} INFO - Sync 1 DAGs
[2025-05-28T13:45:08.615+0000] {logging_mixin.py:190} INFO - [2025-05-28T13:45:08.615+0000] {dag.py:4180} INFO - Setting next_dagrun for tutorial to 2025-05-27 00:00:00+00:00, run_after=2025-05-28 00:00:00+00:00
[2025-05-28T13:45:08.629+0000] {processor.py:208} INFO - Processing /home/airflow/.local/lib/python3.12/site-packages/airflow/example_dags/tutorial.py took 0.072 seconds
[2025-05-28T13:45:40.254+0000] {processor.py:186} INFO - Started process (PID=1201) to work on /home/airflow/.local/lib/python3.12/site-packages/airflow/example_dags/tutorial.py
[2025-05-28T13:45:40.255+0000] {processor.py:914} INFO - Processing file /home/airflow/.local/lib/python3.12/site-packages/airflow/example_dags/tutorial.py for tasks to queue
[2025-05-28T13:45:40.256+0000] {logging_mixin.py:190} INFO - [2025-05-28T13:45:40.256+0000] {dagbag.py:588} INFO - Filling up the DagBag from /home/airflow/.local/lib/python3.12/site-packages/airflow/example_dags/tutorial.py
[2025-05-28T13:45:40.267+0000] {processor.py:925} INFO - DAG(s) 'tutorial' retrieved from /home/airflow/.local/lib/python3.12/site-packages/airflow/example_dags/tutorial.py
[2025-05-28T13:45:40.292+0000] {logging_mixin.py:190} INFO - [2025-05-28T13:45:40.292+0000] {dag.py:3239} INFO - Sync 1 DAGs
[2025-05-28T13:45:40.315+0000] {logging_mixin.py:190} INFO - [2025-05-28T13:45:40.315+0000] {dag.py:4180} INFO - Setting next_dagrun for tutorial to 2025-05-27 00:00:00+00:00, run_after=2025-05-28 00:00:00+00:00
[2025-05-28T13:45:40.329+0000] {processor.py:208} INFO - Processing /home/airflow/.local/lib/python3.12/site-packages/airflow/example_dags/tutorial.py took 0.081 seconds
[2025-05-28T13:46:11.123+0000] {processor.py:186} INFO - Started process (PID=1267) to work on /home/airflow/.local/lib/python3.12/site-packages/airflow/example_dags/tutorial.py
[2025-05-28T13:46:11.124+0000] {processor.py:914} INFO - Processing file /home/airflow/.local/lib/python3.12/site-packages/airflow/example_dags/tutorial.py for tasks to queue
[2025-05-28T13:46:11.125+0000] {logging_mixin.py:190} INFO - [2025-05-28T13:46:11.125+0000] {dagbag.py:588} INFO - Filling up the DagBag from /home/airflow/.local/lib/python3.12/site-packages/airflow/example_dags/tutorial.py
[2025-05-28T13:46:11.135+0000] {processor.py:925} INFO - DAG(s) 'tutorial' retrieved from /home/airflow/.local/lib/python3.12/site-packages/airflow/example_dags/tutorial.py
[2025-05-28T13:46:11.153+0000] {logging_mixin.py:190} INFO - [2025-05-28T13:46:11.153+0000] {dag.py:3239} INFO - Sync 1 DAGs
[2025-05-28T13:46:11.172+0000] {logging_mixin.py:190} INFO - [2025-05-28T13:46:11.172+0000] {dag.py:4180} INFO - Setting next_dagrun for tutorial to 2025-05-27 00:00:00+00:00, run_after=2025-05-28 00:00:00+00:00
[2025-05-28T13:46:11.186+0000] {processor.py:208} INFO - Processing /home/airflow/.local/lib/python3.12/site-packages/airflow/example_dags/tutorial.py took 0.069 seconds
[2025-05-28T13:46:42.943+0000] {processor.py:186} INFO - Started process (PID=1340) to work on /home/airflow/.local/lib/python3.12/site-packages/airflow/example_dags/tutorial.py
[2025-05-28T13:46:42.944+0000] {processor.py:914} INFO - Processing file /home/airflow/.local/lib/python3.12/site-packages/airflow/example_dags/tutorial.py for tasks to queue
[2025-05-28T13:46:42.945+0000] {logging_mixin.py:190} INFO - [2025-05-28T13:46:42.944+0000] {dagbag.py:588} INFO - Filling up the DagBag from /home/airflow/.local/lib/python3.12/site-packages/airflow/example_dags/tutorial.py
[2025-05-28T13:46:42.954+0000] {processor.py:925} INFO - DAG(s) 'tutorial' retrieved from /home/airflow/.local/lib/python3.12/site-packages/airflow/example_dags/tutorial.py
[2025-05-28T13:46:42.972+0000] {logging_mixin.py:190} INFO - [2025-05-28T13:46:42.972+0000] {dag.py:3239} INFO - Sync 1 DAGs
[2025-05-28T13:46:42.994+0000] {logging_mixin.py:190} INFO - [2025-05-28T13:46:42.993+0000] {dag.py:4180} INFO - Setting next_dagrun for tutorial to 2025-05-27 00:00:00+00:00, run_after=2025-05-28 00:00:00+00:00
[2025-05-28T13:46:43.007+0000] {processor.py:208} INFO - Processing /home/airflow/.local/lib/python3.12/site-packages/airflow/example_dags/tutorial.py took 0.070 seconds
[2025-05-28T13:47:15.497+0000] {processor.py:186} INFO - Started process (PID=1405) to work on /home/airflow/.local/lib/python3.12/site-packages/airflow/example_dags/tutorial.py
[2025-05-28T13:47:15.498+0000] {processor.py:914} INFO - Processing file /home/airflow/.local/lib/python3.12/site-packages/airflow/example_dags/tutorial.py for tasks to queue
[2025-05-28T13:47:15.499+0000] {logging_mixin.py:190} INFO - [2025-05-28T13:47:15.499+0000] {dagbag.py:588} INFO - Filling up the DagBag from /home/airflow/.local/lib/python3.12/site-packages/airflow/example_dags/tutorial.py
[2025-05-28T13:47:15.510+0000] {processor.py:925} INFO - DAG(s) 'tutorial' retrieved from /home/airflow/.local/lib/python3.12/site-packages/airflow/example_dags/tutorial.py
[2025-05-28T13:47:15.532+0000] {logging_mixin.py:190} INFO - [2025-05-28T13:47:15.532+0000] {dag.py:3239} INFO - Sync 1 DAGs
[2025-05-28T13:47:15.554+0000] {logging_mixin.py:190} INFO - [2025-05-28T13:47:15.554+0000] {dag.py:4180} INFO - Setting next_dagrun for tutorial to 2025-05-27 00:00:00+00:00, run_after=2025-05-28 00:00:00+00:00
[2025-05-28T13:47:15.569+0000] {processor.py:208} INFO - Processing /home/airflow/.local/lib/python3.12/site-packages/airflow/example_dags/tutorial.py took 0.079 seconds
[2025-05-28T13:47:46.040+0000] {processor.py:186} INFO - Started process (PID=1470) to work on /home/airflow/.local/lib/python3.12/site-packages/airflow/example_dags/tutorial.py
[2025-05-28T13:47:46.041+0000] {processor.py:914} INFO - Processing file /home/airflow/.local/lib/python3.12/site-packages/airflow/example_dags/tutorial.py for tasks to queue
[2025-05-28T13:47:46.042+0000] {logging_mixin.py:190} INFO - [2025-05-28T13:47:46.041+0000] {dagbag.py:588} INFO - Filling up the DagBag from /home/airflow/.local/lib/python3.12/site-packages/airflow/example_dags/tutorial.py
[2025-05-28T13:47:46.051+0000] {processor.py:925} INFO - DAG(s) 'tutorial' retrieved from /home/airflow/.local/lib/python3.12/site-packages/airflow/example_dags/tutorial.py
[2025-05-28T13:47:46.070+0000] {logging_mixin.py:190} INFO - [2025-05-28T13:47:46.070+0000] {dag.py:3239} INFO - Sync 1 DAGs
[2025-05-28T13:47:46.091+0000] {logging_mixin.py:190} INFO - [2025-05-28T13:47:46.091+0000] {dag.py:4180} INFO - Setting next_dagrun for tutorial to 2025-05-27 00:00:00+00:00, run_after=2025-05-28 00:00:00+00:00
[2025-05-28T13:47:46.105+0000] {processor.py:208} INFO - Processing /home/airflow/.local/lib/python3.12/site-packages/airflow/example_dags/tutorial.py took 0.071 seconds
[2025-05-28T13:48:16.997+0000] {processor.py:186} INFO - Started process (PID=1536) to work on /home/airflow/.local/lib/python3.12/site-packages/airflow/example_dags/tutorial.py
[2025-05-28T13:48:16.998+0000] {processor.py:914} INFO - Processing file /home/airflow/.local/lib/python3.12/site-packages/airflow/example_dags/tutorial.py for tasks to queue
[2025-05-28T13:48:16.999+0000] {logging_mixin.py:190} INFO - [2025-05-28T13:48:16.999+0000] {dagbag.py:588} INFO - Filling up the DagBag from /home/airflow/.local/lib/python3.12/site-packages/airflow/example_dags/tutorial.py
[2025-05-28T13:48:17.007+0000] {processor.py:925} INFO - DAG(s) 'tutorial' retrieved from /home/airflow/.local/lib/python3.12/site-packages/airflow/example_dags/tutorial.py
[2025-05-28T13:48:17.026+0000] {logging_mixin.py:190} INFO - [2025-05-28T13:48:17.025+0000] {dag.py:3239} INFO - Sync 1 DAGs
[2025-05-28T13:48:17.046+0000] {logging_mixin.py:190} INFO - [2025-05-28T13:48:17.046+0000] {dag.py:4180} INFO - Setting next_dagrun for tutorial to 2025-05-27 00:00:00+00:00, run_after=2025-05-28 00:00:00+00:00
[2025-05-28T13:48:17.060+0000] {processor.py:208} INFO - Processing /home/airflow/.local/lib/python3.12/site-packages/airflow/example_dags/tutorial.py took 0.068 seconds
[2025-05-28T13:48:48.926+0000] {processor.py:186} INFO - Started process (PID=1602) to work on /home/airflow/.local/lib/python3.12/site-packages/airflow/example_dags/tutorial.py
[2025-05-28T13:48:48.927+0000] {processor.py:914} INFO - Processing file /home/airflow/.local/lib/python3.12/site-packages/airflow/example_dags/tutorial.py for tasks to queue
[2025-05-28T13:48:48.928+0000] {logging_mixin.py:190} INFO - [2025-05-28T13:48:48.928+0000] {dagbag.py:588} INFO - Filling up the DagBag from /home/airflow/.local/lib/python3.12/site-packages/airflow/example_dags/tutorial.py
[2025-05-28T13:48:48.938+0000] {processor.py:925} INFO - DAG(s) 'tutorial' retrieved from /home/airflow/.local/lib/python3.12/site-packages/airflow/example_dags/tutorial.py
[2025-05-28T13:48:48.961+0000] {logging_mixin.py:190} INFO - [2025-05-28T13:48:48.961+0000] {dag.py:3239} INFO - Sync 1 DAGs
[2025-05-28T13:48:48.989+0000] {logging_mixin.py:190} INFO - [2025-05-28T13:48:48.989+0000] {dag.py:4180} INFO - Setting next_dagrun for tutorial to 2025-05-27 00:00:00+00:00, run_after=2025-05-28 00:00:00+00:00
[2025-05-28T13:48:49.017+0000] {processor.py:208} INFO - Processing /home/airflow/.local/lib/python3.12/site-packages/airflow/example_dags/tutorial.py took 0.099 seconds
[2025-05-28T13:49:20.891+0000] {processor.py:186} INFO - Started process (PID=1673) to work on /home/airflow/.local/lib/python3.12/site-packages/airflow/example_dags/tutorial.py
[2025-05-28T13:49:20.892+0000] {processor.py:914} INFO - Processing file /home/airflow/.local/lib/python3.12/site-packages/airflow/example_dags/tutorial.py for tasks to queue
[2025-05-28T13:49:20.894+0000] {logging_mixin.py:190} INFO - [2025-05-28T13:49:20.893+0000] {dagbag.py:588} INFO - Filling up the DagBag from /home/airflow/.local/lib/python3.12/site-packages/airflow/example_dags/tutorial.py
[2025-05-28T13:49:20.904+0000] {processor.py:925} INFO - DAG(s) 'tutorial' retrieved from /home/airflow/.local/lib/python3.12/site-packages/airflow/example_dags/tutorial.py
[2025-05-28T13:49:20.924+0000] {logging_mixin.py:190} INFO - [2025-05-28T13:49:20.923+0000] {dag.py:3239} INFO - Sync 1 DAGs
[2025-05-28T13:49:20.945+0000] {logging_mixin.py:190} INFO - [2025-05-28T13:49:20.945+0000] {dag.py:4180} INFO - Setting next_dagrun for tutorial to 2025-05-27 00:00:00+00:00, run_after=2025-05-28 00:00:00+00:00
[2025-05-28T13:49:20.961+0000] {processor.py:208} INFO - Processing /home/airflow/.local/lib/python3.12/site-packages/airflow/example_dags/tutorial.py took 0.076 seconds
[2025-05-28T13:49:52.383+0000] {processor.py:186} INFO - Started process (PID=1741) to work on /home/airflow/.local/lib/python3.12/site-packages/airflow/example_dags/tutorial.py
[2025-05-28T13:49:52.384+0000] {processor.py:914} INFO - Processing file /home/airflow/.local/lib/python3.12/site-packages/airflow/example_dags/tutorial.py for tasks to queue
[2025-05-28T13:49:52.385+0000] {logging_mixin.py:190} INFO - [2025-05-28T13:49:52.384+0000] {dagbag.py:588} INFO - Filling up the DagBag from /home/airflow/.local/lib/python3.12/site-packages/airflow/example_dags/tutorial.py
[2025-05-28T13:49:52.394+0000] {processor.py:925} INFO - DAG(s) 'tutorial' retrieved from /home/airflow/.local/lib/python3.12/site-packages/airflow/example_dags/tutorial.py
[2025-05-28T13:49:52.416+0000] {logging_mixin.py:190} INFO - [2025-05-28T13:49:52.416+0000] {dag.py:3239} INFO - Sync 1 DAGs
[2025-05-28T13:49:52.492+0000] {logging_mixin.py:190} INFO - [2025-05-28T13:49:52.492+0000] {dag.py:4180} INFO - Setting next_dagrun for tutorial to 2025-05-27 00:00:00+00:00, run_after=2025-05-28 00:00:00+00:00
[2025-05-28T13:49:52.510+0000] {processor.py:208} INFO - Processing /home/airflow/.local/lib/python3.12/site-packages/airflow/example_dags/tutorial.py took 0.133 seconds
[2025-05-28T13:50:23.123+0000] {processor.py:186} INFO - Started process (PID=1806) to work on /home/airflow/.local/lib/python3.12/site-packages/airflow/example_dags/tutorial.py
[2025-05-28T13:50:23.125+0000] {processor.py:914} INFO - Processing file /home/airflow/.local/lib/python3.12/site-packages/airflow/example_dags/tutorial.py for tasks to queue
[2025-05-28T13:50:23.126+0000] {logging_mixin.py:190} INFO - [2025-05-28T13:50:23.125+0000] {dagbag.py:588} INFO - Filling up the DagBag from /home/airflow/.local/lib/python3.12/site-packages/airflow/example_dags/tutorial.py
[2025-05-28T13:50:23.135+0000] {processor.py:925} INFO - DAG(s) 'tutorial' retrieved from /home/airflow/.local/lib/python3.12/site-packages/airflow/example_dags/tutorial.py
[2025-05-28T13:50:23.158+0000] {logging_mixin.py:190} INFO - [2025-05-28T13:50:23.158+0000] {dag.py:3239} INFO - Sync 1 DAGs
[2025-05-28T13:50:23.187+0000] {logging_mixin.py:190} INFO - [2025-05-28T13:50:23.187+0000] {dag.py:4180} INFO - Setting next_dagrun for tutorial to 2025-05-27 00:00:00+00:00, run_after=2025-05-28 00:00:00+00:00
[2025-05-28T13:50:23.206+0000] {processor.py:208} INFO - Processing /home/airflow/.local/lib/python3.12/site-packages/airflow/example_dags/tutorial.py took 0.089 seconds
[2025-05-28T13:50:53.336+0000] {processor.py:186} INFO - Started process (PID=1870) to work on /home/airflow/.local/lib/python3.12/site-packages/airflow/example_dags/tutorial.py
[2025-05-28T13:50:53.337+0000] {processor.py:914} INFO - Processing file /home/airflow/.local/lib/python3.12/site-packages/airflow/example_dags/tutorial.py for tasks to queue
[2025-05-28T13:50:53.338+0000] {logging_mixin.py:190} INFO - [2025-05-28T13:50:53.338+0000] {dagbag.py:588} INFO - Filling up the DagBag from /home/airflow/.local/lib/python3.12/site-packages/airflow/example_dags/tutorial.py
[2025-05-28T13:50:53.347+0000] {processor.py:925} INFO - DAG(s) 'tutorial' retrieved from /home/airflow/.local/lib/python3.12/site-packages/airflow/example_dags/tutorial.py
[2025-05-28T13:50:53.365+0000] {logging_mixin.py:190} INFO - [2025-05-28T13:50:53.364+0000] {dag.py:3239} INFO - Sync 1 DAGs
[2025-05-28T13:50:53.384+0000] {logging_mixin.py:190} INFO - [2025-05-28T13:50:53.384+0000] {dag.py:4180} INFO - Setting next_dagrun for tutorial to 2025-05-27 00:00:00+00:00, run_after=2025-05-28 00:00:00+00:00
[2025-05-28T13:50:53.399+0000] {processor.py:208} INFO - Processing /home/airflow/.local/lib/python3.12/site-packages/airflow/example_dags/tutorial.py took 0.069 seconds
[2025-05-28T13:51:25.321+0000] {processor.py:186} INFO - Started process (PID=1941) to work on /home/airflow/.local/lib/python3.12/site-packages/airflow/example_dags/tutorial.py
[2025-05-28T13:51:25.322+0000] {processor.py:914} INFO - Processing file /home/airflow/.local/lib/python3.12/site-packages/airflow/example_dags/tutorial.py for tasks to queue
[2025-05-28T13:51:25.325+0000] {logging_mixin.py:190} INFO - [2025-05-28T13:51:25.324+0000] {dagbag.py:588} INFO - Filling up the DagBag from /home/airflow/.local/lib/python3.12/site-packages/airflow/example_dags/tutorial.py
[2025-05-28T13:51:25.336+0000] {processor.py:925} INFO - DAG(s) 'tutorial' retrieved from /home/airflow/.local/lib/python3.12/site-packages/airflow/example_dags/tutorial.py
[2025-05-28T13:51:25.358+0000] {logging_mixin.py:190} INFO - [2025-05-28T13:51:25.357+0000] {dag.py:3239} INFO - Sync 1 DAGs
[2025-05-28T13:51:25.383+0000] {logging_mixin.py:190} INFO - [2025-05-28T13:51:25.383+0000] {dag.py:4180} INFO - Setting next_dagrun for tutorial to 2025-05-27 00:00:00+00:00, run_after=2025-05-28 00:00:00+00:00
[2025-05-28T13:51:25.402+0000] {processor.py:208} INFO - Processing /home/airflow/.local/lib/python3.12/site-packages/airflow/example_dags/tutorial.py took 0.089 seconds
[2025-05-28T13:51:56.164+0000] {processor.py:186} INFO - Started process (PID=2010) to work on /home/airflow/.local/lib/python3.12/site-packages/airflow/example_dags/tutorial.py
[2025-05-28T13:51:56.165+0000] {processor.py:914} INFO - Processing file /home/airflow/.local/lib/python3.12/site-packages/airflow/example_dags/tutorial.py for tasks to queue
[2025-05-28T13:51:56.166+0000] {logging_mixin.py:190} INFO - [2025-05-28T13:51:56.166+0000] {dagbag.py:588} INFO - Filling up the DagBag from /home/airflow/.local/lib/python3.12/site-packages/airflow/example_dags/tutorial.py
[2025-05-28T13:51:56.176+0000] {processor.py:925} INFO - DAG(s) 'tutorial' retrieved from /home/airflow/.local/lib/python3.12/site-packages/airflow/example_dags/tutorial.py
[2025-05-28T13:51:56.197+0000] {logging_mixin.py:190} INFO - [2025-05-28T13:51:56.197+0000] {dag.py:3239} INFO - Sync 1 DAGs
[2025-05-28T13:51:56.219+0000] {logging_mixin.py:190} INFO - [2025-05-28T13:51:56.219+0000] {dag.py:4180} INFO - Setting next_dagrun for tutorial to 2025-05-27 00:00:00+00:00, run_after=2025-05-28 00:00:00+00:00
[2025-05-28T13:51:56.236+0000] {processor.py:208} INFO - Processing /home/airflow/.local/lib/python3.12/site-packages/airflow/example_dags/tutorial.py took 0.078 seconds
[2025-05-28T13:52:27.012+0000] {processor.py:186} INFO - Started process (PID=2075) to work on /home/airflow/.local/lib/python3.12/site-packages/airflow/example_dags/tutorial.py
[2025-05-28T13:52:27.013+0000] {processor.py:914} INFO - Processing file /home/airflow/.local/lib/python3.12/site-packages/airflow/example_dags/tutorial.py for tasks to queue
[2025-05-28T13:52:27.014+0000] {logging_mixin.py:190} INFO - [2025-05-28T13:52:27.014+0000] {dagbag.py:588} INFO - Filling up the DagBag from /home/airflow/.local/lib/python3.12/site-packages/airflow/example_dags/tutorial.py
[2025-05-28T13:52:27.025+0000] {processor.py:925} INFO - DAG(s) 'tutorial' retrieved from /home/airflow/.local/lib/python3.12/site-packages/airflow/example_dags/tutorial.py
[2025-05-28T13:52:27.047+0000] {logging_mixin.py:190} INFO - [2025-05-28T13:52:27.047+0000] {dag.py:3239} INFO - Sync 1 DAGs
[2025-05-28T13:52:27.071+0000] {logging_mixin.py:190} INFO - [2025-05-28T13:52:27.070+0000] {dag.py:4180} INFO - Setting next_dagrun for tutorial to 2025-05-27 00:00:00+00:00, run_after=2025-05-28 00:00:00+00:00
[2025-05-28T13:52:27.086+0000] {processor.py:208} INFO - Processing /home/airflow/.local/lib/python3.12/site-packages/airflow/example_dags/tutorial.py took 0.080 seconds
[2025-05-28T13:52:58.915+0000] {processor.py:186} INFO - Started process (PID=2140) to work on /home/airflow/.local/lib/python3.12/site-packages/airflow/example_dags/tutorial.py
[2025-05-28T13:52:58.916+0000] {processor.py:914} INFO - Processing file /home/airflow/.local/lib/python3.12/site-packages/airflow/example_dags/tutorial.py for tasks to queue
[2025-05-28T13:52:58.918+0000] {logging_mixin.py:190} INFO - [2025-05-28T13:52:58.917+0000] {dagbag.py:588} INFO - Filling up the DagBag from /home/airflow/.local/lib/python3.12/site-packages/airflow/example_dags/tutorial.py
[2025-05-28T13:52:58.928+0000] {processor.py:925} INFO - DAG(s) 'tutorial' retrieved from /home/airflow/.local/lib/python3.12/site-packages/airflow/example_dags/tutorial.py
[2025-05-28T13:52:58.951+0000] {logging_mixin.py:190} INFO - [2025-05-28T13:52:58.951+0000] {dag.py:3239} INFO - Sync 1 DAGs
[2025-05-28T13:52:58.976+0000] {logging_mixin.py:190} INFO - [2025-05-28T13:52:58.975+0000] {dag.py:4180} INFO - Setting next_dagrun for tutorial to 2025-05-27 00:00:00+00:00, run_after=2025-05-28 00:00:00+00:00
[2025-05-28T13:52:58.997+0000] {processor.py:208} INFO - Processing /home/airflow/.local/lib/python3.12/site-packages/airflow/example_dags/tutorial.py took 0.089 seconds
[2025-05-28T13:53:29.528+0000] {processor.py:186} INFO - Started process (PID=2205) to work on /home/airflow/.local/lib/python3.12/site-packages/airflow/example_dags/tutorial.py
[2025-05-28T13:53:29.529+0000] {processor.py:914} INFO - Processing file /home/airflow/.local/lib/python3.12/site-packages/airflow/example_dags/tutorial.py for tasks to queue
[2025-05-28T13:53:29.530+0000] {logging_mixin.py:190} INFO - [2025-05-28T13:53:29.529+0000] {dagbag.py:588} INFO - Filling up the DagBag from /home/airflow/.local/lib/python3.12/site-packages/airflow/example_dags/tutorial.py
[2025-05-28T13:53:29.539+0000] {processor.py:925} INFO - DAG(s) 'tutorial' retrieved from /home/airflow/.local/lib/python3.12/site-packages/airflow/example_dags/tutorial.py
[2025-05-28T13:53:29.559+0000] {logging_mixin.py:190} INFO - [2025-05-28T13:53:29.558+0000] {dag.py:3239} INFO - Sync 1 DAGs
[2025-05-28T13:53:29.580+0000] {logging_mixin.py:190} INFO - [2025-05-28T13:53:29.579+0000] {dag.py:4180} INFO - Setting next_dagrun for tutorial to 2025-05-27 00:00:00+00:00, run_after=2025-05-28 00:00:00+00:00
[2025-05-28T13:53:29.598+0000] {processor.py:208} INFO - Processing /home/airflow/.local/lib/python3.12/site-packages/airflow/example_dags/tutorial.py took 0.076 seconds
[2025-05-28T13:54:00.649+0000] {processor.py:186} INFO - Started process (PID=2270) to work on /home/airflow/.local/lib/python3.12/site-packages/airflow/example_dags/tutorial.py
[2025-05-28T13:54:00.651+0000] {processor.py:914} INFO - Processing file /home/airflow/.local/lib/python3.12/site-packages/airflow/example_dags/tutorial.py for tasks to queue
[2025-05-28T13:54:00.653+0000] {logging_mixin.py:190} INFO - [2025-05-28T13:54:00.652+0000] {dagbag.py:588} INFO - Filling up the DagBag from /home/airflow/.local/lib/python3.12/site-packages/airflow/example_dags/tutorial.py
[2025-05-28T13:54:00.668+0000] {processor.py:925} INFO - DAG(s) 'tutorial' retrieved from /home/airflow/.local/lib/python3.12/site-packages/airflow/example_dags/tutorial.py
[2025-05-28T13:54:00.697+0000] {logging_mixin.py:190} INFO - [2025-05-28T13:54:00.696+0000] {dag.py:3239} INFO - Sync 1 DAGs
[2025-05-28T13:54:00.722+0000] {logging_mixin.py:190} INFO - [2025-05-28T13:54:00.721+0000] {dag.py:4180} INFO - Setting next_dagrun for tutorial to 2025-05-27 00:00:00+00:00, run_after=2025-05-28 00:00:00+00:00
[2025-05-28T13:54:00.737+0000] {processor.py:208} INFO - Processing /home/airflow/.local/lib/python3.12/site-packages/airflow/example_dags/tutorial.py took 0.097 seconds
[2025-05-28T13:54:31.947+0000] {processor.py:186} INFO - Started process (PID=2335) to work on /home/airflow/.local/lib/python3.12/site-packages/airflow/example_dags/tutorial.py
[2025-05-28T13:54:31.948+0000] {processor.py:914} INFO - Processing file /home/airflow/.local/lib/python3.12/site-packages/airflow/example_dags/tutorial.py for tasks to queue
[2025-05-28T13:54:31.949+0000] {logging_mixin.py:190} INFO - [2025-05-28T13:54:31.949+0000] {dagbag.py:588} INFO - Filling up the DagBag from /home/airflow/.local/lib/python3.12/site-packages/airflow/example_dags/tutorial.py
[2025-05-28T13:54:31.961+0000] {processor.py:925} INFO - DAG(s) 'tutorial' retrieved from /home/airflow/.local/lib/python3.12/site-packages/airflow/example_dags/tutorial.py
[2025-05-28T13:54:31.987+0000] {logging_mixin.py:190} INFO - [2025-05-28T13:54:31.987+0000] {dag.py:3239} INFO - Sync 1 DAGs
[2025-05-28T13:54:32.019+0000] {logging_mixin.py:190} INFO - [2025-05-28T13:54:32.019+0000] {dag.py:4180} INFO - Setting next_dagrun for tutorial to 2025-05-27 00:00:00+00:00, run_after=2025-05-28 00:00:00+00:00
[2025-05-28T13:54:32.041+0000] {processor.py:208} INFO - Processing /home/airflow/.local/lib/python3.12/site-packages/airflow/example_dags/tutorial.py took 0.102 seconds
[2025-05-28T13:55:03.678+0000] {processor.py:186} INFO - Started process (PID=2400) to work on /home/airflow/.local/lib/python3.12/site-packages/airflow/example_dags/tutorial.py
[2025-05-28T13:55:03.680+0000] {processor.py:914} INFO - Processing file /home/airflow/.local/lib/python3.12/site-packages/airflow/example_dags/tutorial.py for tasks to queue
[2025-05-28T13:55:03.681+0000] {logging_mixin.py:190} INFO - [2025-05-28T13:55:03.681+0000] {dagbag.py:588} INFO - Filling up the DagBag from /home/airflow/.local/lib/python3.12/site-packages/airflow/example_dags/tutorial.py
[2025-05-28T13:55:03.692+0000] {processor.py:925} INFO - DAG(s) 'tutorial' retrieved from /home/airflow/.local/lib/python3.12/site-packages/airflow/example_dags/tutorial.py
[2025-05-28T13:55:03.715+0000] {logging_mixin.py:190} INFO - [2025-05-28T13:55:03.714+0000] {dag.py:3239} INFO - Sync 1 DAGs
[2025-05-28T13:55:03.737+0000] {logging_mixin.py:190} INFO - [2025-05-28T13:55:03.737+0000] {dag.py:4180} INFO - Setting next_dagrun for tutorial to 2025-05-27 00:00:00+00:00, run_after=2025-05-28 00:00:00+00:00
[2025-05-28T13:55:03.754+0000] {processor.py:208} INFO - Processing /home/airflow/.local/lib/python3.12/site-packages/airflow/example_dags/tutorial.py took 0.083 seconds
[2025-05-28T13:55:35.428+0000] {processor.py:186} INFO - Started process (PID=2465) to work on /home/airflow/.local/lib/python3.12/site-packages/airflow/example_dags/tutorial.py
[2025-05-28T13:55:35.429+0000] {processor.py:914} INFO - Processing file /home/airflow/.local/lib/python3.12/site-packages/airflow/example_dags/tutorial.py for tasks to queue
[2025-05-28T13:55:35.430+0000] {logging_mixin.py:190} INFO - [2025-05-28T13:55:35.430+0000] {dagbag.py:588} INFO - Filling up the DagBag from /home/airflow/.local/lib/python3.12/site-packages/airflow/example_dags/tutorial.py
[2025-05-28T13:55:35.440+0000] {processor.py:925} INFO - DAG(s) 'tutorial' retrieved from /home/airflow/.local/lib/python3.12/site-packages/airflow/example_dags/tutorial.py
[2025-05-28T13:55:35.485+0000] {logging_mixin.py:190} INFO - [2025-05-28T13:55:35.485+0000] {dag.py:3239} INFO - Sync 1 DAGs
[2025-05-28T13:55:35.508+0000] {logging_mixin.py:190} INFO - [2025-05-28T13:55:35.507+0000] {dag.py:4180} INFO - Setting next_dagrun for tutorial to 2025-05-27 00:00:00+00:00, run_after=2025-05-28 00:00:00+00:00
[2025-05-28T13:55:35.523+0000] {processor.py:208} INFO - Processing /home/airflow/.local/lib/python3.12/site-packages/airflow/example_dags/tutorial.py took 0.101 seconds
[2025-05-28T13:56:08.116+0000] {processor.py:186} INFO - Started process (PID=2530) to work on /home/airflow/.local/lib/python3.12/site-packages/airflow/example_dags/tutorial.py
[2025-05-28T13:56:08.117+0000] {processor.py:914} INFO - Processing file /home/airflow/.local/lib/python3.12/site-packages/airflow/example_dags/tutorial.py for tasks to queue
[2025-05-28T13:56:08.118+0000] {logging_mixin.py:190} INFO - [2025-05-28T13:56:08.118+0000] {dagbag.py:588} INFO - Filling up the DagBag from /home/airflow/.local/lib/python3.12/site-packages/airflow/example_dags/tutorial.py
[2025-05-28T13:56:08.131+0000] {processor.py:925} INFO - DAG(s) 'tutorial' retrieved from /home/airflow/.local/lib/python3.12/site-packages/airflow/example_dags/tutorial.py
[2025-05-28T13:56:08.181+0000] {logging_mixin.py:190} INFO - [2025-05-28T13:56:08.181+0000] {dag.py:3239} INFO - Sync 1 DAGs
[2025-05-28T13:56:08.206+0000] {logging_mixin.py:190} INFO - [2025-05-28T13:56:08.206+0000] {dag.py:4180} INFO - Setting next_dagrun for tutorial to 2025-05-27 00:00:00+00:00, run_after=2025-05-28 00:00:00+00:00
[2025-05-28T13:56:08.224+0000] {processor.py:208} INFO - Processing /home/airflow/.local/lib/python3.12/site-packages/airflow/example_dags/tutorial.py took 0.116 seconds
[2025-05-28T13:56:39.188+0000] {processor.py:186} INFO - Started process (PID=2595) to work on /home/airflow/.local/lib/python3.12/site-packages/airflow/example_dags/tutorial.py
[2025-05-28T13:56:39.189+0000] {processor.py:914} INFO - Processing file /home/airflow/.local/lib/python3.12/site-packages/airflow/example_dags/tutorial.py for tasks to queue
[2025-05-28T13:56:39.190+0000] {logging_mixin.py:190} INFO - [2025-05-28T13:56:39.190+0000] {dagbag.py:588} INFO - Filling up the DagBag from /home/airflow/.local/lib/python3.12/site-packages/airflow/example_dags/tutorial.py
[2025-05-28T13:56:39.201+0000] {processor.py:925} INFO - DAG(s) 'tutorial' retrieved from /home/airflow/.local/lib/python3.12/site-packages/airflow/example_dags/tutorial.py
[2025-05-28T13:56:39.226+0000] {logging_mixin.py:190} INFO - [2025-05-28T13:56:39.226+0000] {dag.py:3239} INFO - Sync 1 DAGs
[2025-05-28T13:56:39.255+0000] {logging_mixin.py:190} INFO - [2025-05-28T13:56:39.255+0000] {dag.py:4180} INFO - Setting next_dagrun for tutorial to 2025-05-27 00:00:00+00:00, run_after=2025-05-28 00:00:00+00:00
[2025-05-28T13:56:39.276+0000] {processor.py:208} INFO - Processing /home/airflow/.local/lib/python3.12/site-packages/airflow/example_dags/tutorial.py took 0.095 seconds
[2025-05-28T13:57:09.828+0000] {processor.py:186} INFO - Started process (PID=2660) to work on /home/airflow/.local/lib/python3.12/site-packages/airflow/example_dags/tutorial.py
[2025-05-28T13:57:09.829+0000] {processor.py:914} INFO - Processing file /home/airflow/.local/lib/python3.12/site-packages/airflow/example_dags/tutorial.py for tasks to queue
[2025-05-28T13:57:09.831+0000] {logging_mixin.py:190} INFO - [2025-05-28T13:57:09.830+0000] {dagbag.py:588} INFO - Filling up the DagBag from /home/airflow/.local/lib/python3.12/site-packages/airflow/example_dags/tutorial.py
[2025-05-28T13:57:09.841+0000] {processor.py:925} INFO - DAG(s) 'tutorial' retrieved from /home/airflow/.local/lib/python3.12/site-packages/airflow/example_dags/tutorial.py
[2025-05-28T13:57:09.862+0000] {logging_mixin.py:190} INFO - [2025-05-28T13:57:09.862+0000] {dag.py:3239} INFO - Sync 1 DAGs
[2025-05-28T13:57:09.884+0000] {logging_mixin.py:190} INFO - [2025-05-28T13:57:09.883+0000] {dag.py:4180} INFO - Setting next_dagrun for tutorial to 2025-05-27 00:00:00+00:00, run_after=2025-05-28 00:00:00+00:00
[2025-05-28T13:57:09.901+0000] {processor.py:208} INFO - Processing /home/airflow/.local/lib/python3.12/site-packages/airflow/example_dags/tutorial.py took 0.081 seconds
[2025-05-28T13:57:42.106+0000] {processor.py:186} INFO - Started process (PID=2729) to work on /home/airflow/.local/lib/python3.12/site-packages/airflow/example_dags/tutorial.py
[2025-05-28T13:57:42.108+0000] {processor.py:914} INFO - Processing file /home/airflow/.local/lib/python3.12/site-packages/airflow/example_dags/tutorial.py for tasks to queue
[2025-05-28T13:57:42.109+0000] {logging_mixin.py:190} INFO - [2025-05-28T13:57:42.109+0000] {dagbag.py:588} INFO - Filling up the DagBag from /home/airflow/.local/lib/python3.12/site-packages/airflow/example_dags/tutorial.py
[2025-05-28T13:57:42.123+0000] {processor.py:925} INFO - DAG(s) 'tutorial' retrieved from /home/airflow/.local/lib/python3.12/site-packages/airflow/example_dags/tutorial.py
[2025-05-28T13:57:42.145+0000] {logging_mixin.py:190} INFO - [2025-05-28T13:57:42.145+0000] {dag.py:3239} INFO - Sync 1 DAGs
[2025-05-28T13:57:42.167+0000] {logging_mixin.py:190} INFO - [2025-05-28T13:57:42.166+0000] {dag.py:4180} INFO - Setting next_dagrun for tutorial to 2025-05-27 00:00:00+00:00, run_after=2025-05-28 00:00:00+00:00
[2025-05-28T13:57:42.180+0000] {processor.py:208} INFO - Processing /home/airflow/.local/lib/python3.12/site-packages/airflow/example_dags/tutorial.py took 0.082 seconds
[2025-05-28T13:58:13.779+0000] {processor.py:186} INFO - Started process (PID=2794) to work on /home/airflow/.local/lib/python3.12/site-packages/airflow/example_dags/tutorial.py
[2025-05-28T13:58:13.780+0000] {processor.py:914} INFO - Processing file /home/airflow/.local/lib/python3.12/site-packages/airflow/example_dags/tutorial.py for tasks to queue
[2025-05-28T13:58:13.781+0000] {logging_mixin.py:190} INFO - [2025-05-28T13:58:13.781+0000] {dagbag.py:588} INFO - Filling up the DagBag from /home/airflow/.local/lib/python3.12/site-packages/airflow/example_dags/tutorial.py
[2025-05-28T13:58:13.792+0000] {processor.py:925} INFO - DAG(s) 'tutorial' retrieved from /home/airflow/.local/lib/python3.12/site-packages/airflow/example_dags/tutorial.py
[2025-05-28T13:58:13.815+0000] {logging_mixin.py:190} INFO - [2025-05-28T13:58:13.815+0000] {dag.py:3239} INFO - Sync 1 DAGs
[2025-05-28T13:58:13.844+0000] {logging_mixin.py:190} INFO - [2025-05-28T13:58:13.843+0000] {dag.py:4180} INFO - Setting next_dagrun for tutorial to 2025-05-27 00:00:00+00:00, run_after=2025-05-28 00:00:00+00:00
[2025-05-28T13:58:13.863+0000] {processor.py:208} INFO - Processing /home/airflow/.local/lib/python3.12/site-packages/airflow/example_dags/tutorial.py took 0.091 seconds
[2025-05-28T13:58:45.435+0000] {processor.py:186} INFO - Started process (PID=2865) to work on /home/airflow/.local/lib/python3.12/site-packages/airflow/example_dags/tutorial.py
[2025-05-28T13:58:45.436+0000] {processor.py:914} INFO - Processing file /home/airflow/.local/lib/python3.12/site-packages/airflow/example_dags/tutorial.py for tasks to queue
[2025-05-28T13:58:45.437+0000] {logging_mixin.py:190} INFO - [2025-05-28T13:58:45.437+0000] {dagbag.py:588} INFO - Filling up the DagBag from /home/airflow/.local/lib/python3.12/site-packages/airflow/example_dags/tutorial.py
[2025-05-28T13:58:45.447+0000] {processor.py:925} INFO - DAG(s) 'tutorial' retrieved from /home/airflow/.local/lib/python3.12/site-packages/airflow/example_dags/tutorial.py
[2025-05-28T13:58:45.471+0000] {logging_mixin.py:190} INFO - [2025-05-28T13:58:45.471+0000] {dag.py:3239} INFO - Sync 1 DAGs
[2025-05-28T13:58:45.493+0000] {logging_mixin.py:190} INFO - [2025-05-28T13:58:45.493+0000] {dag.py:4180} INFO - Setting next_dagrun for tutorial to 2025-05-27 00:00:00+00:00, run_after=2025-05-28 00:00:00+00:00
[2025-05-28T13:58:45.509+0000] {processor.py:208} INFO - Processing /home/airflow/.local/lib/python3.12/site-packages/airflow/example_dags/tutorial.py took 0.081 seconds
[2025-05-28T13:59:17.692+0000] {processor.py:186} INFO - Started process (PID=2930) to work on /home/airflow/.local/lib/python3.12/site-packages/airflow/example_dags/tutorial.py
[2025-05-28T13:59:17.693+0000] {processor.py:914} INFO - Processing file /home/airflow/.local/lib/python3.12/site-packages/airflow/example_dags/tutorial.py for tasks to queue
[2025-05-28T13:59:17.695+0000] {logging_mixin.py:190} INFO - [2025-05-28T13:59:17.694+0000] {dagbag.py:588} INFO - Filling up the DagBag from /home/airflow/.local/lib/python3.12/site-packages/airflow/example_dags/tutorial.py
[2025-05-28T13:59:17.706+0000] {processor.py:925} INFO - DAG(s) 'tutorial' retrieved from /home/airflow/.local/lib/python3.12/site-packages/airflow/example_dags/tutorial.py
[2025-05-28T13:59:17.735+0000] {logging_mixin.py:190} INFO - [2025-05-28T13:59:17.734+0000] {dag.py:3239} INFO - Sync 1 DAGs
[2025-05-28T13:59:17.762+0000] {logging_mixin.py:190} INFO - [2025-05-28T13:59:17.761+0000] {dag.py:4180} INFO - Setting next_dagrun for tutorial to 2025-05-27 00:00:00+00:00, run_after=2025-05-28 00:00:00+00:00
[2025-05-28T13:59:17.784+0000] {processor.py:208} INFO - Processing /home/airflow/.local/lib/python3.12/site-packages/airflow/example_dags/tutorial.py took 0.099 seconds
[2025-05-28T13:59:50.037+0000] {processor.py:186} INFO - Started process (PID=2995) to work on /home/airflow/.local/lib/python3.12/site-packages/airflow/example_dags/tutorial.py
[2025-05-28T13:59:50.039+0000] {processor.py:914} INFO - Processing file /home/airflow/.local/lib/python3.12/site-packages/airflow/example_dags/tutorial.py for tasks to queue
[2025-05-28T13:59:50.041+0000] {logging_mixin.py:190} INFO - [2025-05-28T13:59:50.040+0000] {dagbag.py:588} INFO - Filling up the DagBag from /home/airflow/.local/lib/python3.12/site-packages/airflow/example_dags/tutorial.py
[2025-05-28T13:59:50.053+0000] {processor.py:925} INFO - DAG(s) 'tutorial' retrieved from /home/airflow/.local/lib/python3.12/site-packages/airflow/example_dags/tutorial.py
[2025-05-28T13:59:50.083+0000] {logging_mixin.py:190} INFO - [2025-05-28T13:59:50.082+0000] {dag.py:3239} INFO - Sync 1 DAGs
[2025-05-28T13:59:50.110+0000] {logging_mixin.py:190} INFO - [2025-05-28T13:59:50.109+0000] {dag.py:4180} INFO - Setting next_dagrun for tutorial to 2025-05-27 00:00:00+00:00, run_after=2025-05-28 00:00:00+00:00
[2025-05-28T13:59:50.131+0000] {processor.py:208} INFO - Processing /home/airflow/.local/lib/python3.12/site-packages/airflow/example_dags/tutorial.py took 0.101 seconds
[2025-05-28T14:00:20.825+0000] {processor.py:186} INFO - Started process (PID=3060) to work on /home/airflow/.local/lib/python3.12/site-packages/airflow/example_dags/tutorial.py
[2025-05-28T14:00:20.827+0000] {processor.py:914} INFO - Processing file /home/airflow/.local/lib/python3.12/site-packages/airflow/example_dags/tutorial.py for tasks to queue
[2025-05-28T14:00:20.828+0000] {logging_mixin.py:190} INFO - [2025-05-28T14:00:20.827+0000] {dagbag.py:588} INFO - Filling up the DagBag from /home/airflow/.local/lib/python3.12/site-packages/airflow/example_dags/tutorial.py
[2025-05-28T14:00:20.839+0000] {processor.py:925} INFO - DAG(s) 'tutorial' retrieved from /home/airflow/.local/lib/python3.12/site-packages/airflow/example_dags/tutorial.py
[2025-05-28T14:00:20.868+0000] {logging_mixin.py:190} INFO - [2025-05-28T14:00:20.868+0000] {dag.py:3239} INFO - Sync 1 DAGs
[2025-05-28T14:00:20.896+0000] {logging_mixin.py:190} INFO - [2025-05-28T14:00:20.895+0000] {dag.py:4180} INFO - Setting next_dagrun for tutorial to 2025-05-27 00:00:00+00:00, run_after=2025-05-28 00:00:00+00:00
[2025-05-28T14:00:20.914+0000] {processor.py:208} INFO - Processing /home/airflow/.local/lib/python3.12/site-packages/airflow/example_dags/tutorial.py took 0.096 seconds
[2025-05-28T14:00:52.353+0000] {processor.py:186} INFO - Started process (PID=3131) to work on /home/airflow/.local/lib/python3.12/site-packages/airflow/example_dags/tutorial.py
[2025-05-28T14:00:52.355+0000] {processor.py:914} INFO - Processing file /home/airflow/.local/lib/python3.12/site-packages/airflow/example_dags/tutorial.py for tasks to queue
[2025-05-28T14:00:52.356+0000] {logging_mixin.py:190} INFO - [2025-05-28T14:00:52.356+0000] {dagbag.py:588} INFO - Filling up the DagBag from /home/airflow/.local/lib/python3.12/site-packages/airflow/example_dags/tutorial.py
[2025-05-28T14:00:52.368+0000] {processor.py:925} INFO - DAG(s) 'tutorial' retrieved from /home/airflow/.local/lib/python3.12/site-packages/airflow/example_dags/tutorial.py
[2025-05-28T14:00:52.397+0000] {logging_mixin.py:190} INFO - [2025-05-28T14:00:52.396+0000] {dag.py:3239} INFO - Sync 1 DAGs
[2025-05-28T14:00:52.427+0000] {logging_mixin.py:190} INFO - [2025-05-28T14:00:52.426+0000] {dag.py:4180} INFO - Setting next_dagrun for tutorial to 2025-05-27 00:00:00+00:00, run_after=2025-05-28 00:00:00+00:00
[2025-05-28T14:00:52.449+0000] {processor.py:208} INFO - Processing /home/airflow/.local/lib/python3.12/site-packages/airflow/example_dags/tutorial.py took 0.104 seconds
[2025-05-28T14:01:23.526+0000] {processor.py:186} INFO - Started process (PID=3196) to work on /home/airflow/.local/lib/python3.12/site-packages/airflow/example_dags/tutorial.py
[2025-05-28T14:01:23.528+0000] {processor.py:914} INFO - Processing file /home/airflow/.local/lib/python3.12/site-packages/airflow/example_dags/tutorial.py for tasks to queue
[2025-05-28T14:01:23.530+0000] {logging_mixin.py:190} INFO - [2025-05-28T14:01:23.529+0000] {dagbag.py:588} INFO - Filling up the DagBag from /home/airflow/.local/lib/python3.12/site-packages/airflow/example_dags/tutorial.py
[2025-05-28T14:01:23.543+0000] {processor.py:925} INFO - DAG(s) 'tutorial' retrieved from /home/airflow/.local/lib/python3.12/site-packages/airflow/example_dags/tutorial.py
[2025-05-28T14:01:23.575+0000] {logging_mixin.py:190} INFO - [2025-05-28T14:01:23.575+0000] {dag.py:3239} INFO - Sync 1 DAGs
[2025-05-28T14:01:23.611+0000] {logging_mixin.py:190} INFO - [2025-05-28T14:01:23.611+0000] {dag.py:4180} INFO - Setting next_dagrun for tutorial to 2025-05-27 00:00:00+00:00, run_after=2025-05-28 00:00:00+00:00
[2025-05-28T14:01:23.643+0000] {processor.py:208} INFO - Processing /home/airflow/.local/lib/python3.12/site-packages/airflow/example_dags/tutorial.py took 0.125 seconds
[2025-05-28T14:01:56.481+0000] {processor.py:186} INFO - Started process (PID=3262) to work on /home/airflow/.local/lib/python3.12/site-packages/airflow/example_dags/tutorial.py
[2025-05-28T14:01:56.483+0000] {processor.py:914} INFO - Processing file /home/airflow/.local/lib/python3.12/site-packages/airflow/example_dags/tutorial.py for tasks to queue
[2025-05-28T14:01:56.485+0000] {logging_mixin.py:190} INFO - [2025-05-28T14:01:56.484+0000] {dagbag.py:588} INFO - Filling up the DagBag from /home/airflow/.local/lib/python3.12/site-packages/airflow/example_dags/tutorial.py
[2025-05-28T14:01:56.499+0000] {processor.py:925} INFO - DAG(s) 'tutorial' retrieved from /home/airflow/.local/lib/python3.12/site-packages/airflow/example_dags/tutorial.py
[2025-05-28T14:01:56.538+0000] {logging_mixin.py:190} INFO - [2025-05-28T14:01:56.537+0000] {dag.py:3239} INFO - Sync 1 DAGs
[2025-05-28T14:01:56.571+0000] {logging_mixin.py:190} INFO - [2025-05-28T14:01:56.570+0000] {dag.py:4180} INFO - Setting next_dagrun for tutorial to 2025-05-27 00:00:00+00:00, run_after=2025-05-28 00:00:00+00:00
[2025-05-28T14:01:56.599+0000] {processor.py:208} INFO - Processing /home/airflow/.local/lib/python3.12/site-packages/airflow/example_dags/tutorial.py took 0.128 seconds
[2025-05-28T14:02:28.042+0000] {processor.py:186} INFO - Started process (PID=3327) to work on /home/airflow/.local/lib/python3.12/site-packages/airflow/example_dags/tutorial.py
[2025-05-28T14:02:28.043+0000] {processor.py:914} INFO - Processing file /home/airflow/.local/lib/python3.12/site-packages/airflow/example_dags/tutorial.py for tasks to queue
[2025-05-28T14:02:28.045+0000] {logging_mixin.py:190} INFO - [2025-05-28T14:02:28.044+0000] {dagbag.py:588} INFO - Filling up the DagBag from /home/airflow/.local/lib/python3.12/site-packages/airflow/example_dags/tutorial.py
[2025-05-28T14:02:28.058+0000] {processor.py:925} INFO - DAG(s) 'tutorial' retrieved from /home/airflow/.local/lib/python3.12/site-packages/airflow/example_dags/tutorial.py
[2025-05-28T14:02:28.092+0000] {logging_mixin.py:190} INFO - [2025-05-28T14:02:28.091+0000] {dag.py:3239} INFO - Sync 1 DAGs
[2025-05-28T14:02:28.125+0000] {logging_mixin.py:190} INFO - [2025-05-28T14:02:28.125+0000] {dag.py:4180} INFO - Setting next_dagrun for tutorial to 2025-05-27 00:00:00+00:00, run_after=2025-05-28 00:00:00+00:00
[2025-05-28T14:02:28.155+0000] {processor.py:208} INFO - Processing /home/airflow/.local/lib/python3.12/site-packages/airflow/example_dags/tutorial.py took 0.121 seconds
[2025-05-28T14:03:00.578+0000] {processor.py:186} INFO - Started process (PID=3393) to work on /home/airflow/.local/lib/python3.12/site-packages/airflow/example_dags/tutorial.py
[2025-05-28T14:03:00.579+0000] {processor.py:914} INFO - Processing file /home/airflow/.local/lib/python3.12/site-packages/airflow/example_dags/tutorial.py for tasks to queue
[2025-05-28T14:03:00.581+0000] {logging_mixin.py:190} INFO - [2025-05-28T14:03:00.580+0000] {dagbag.py:588} INFO - Filling up the DagBag from /home/airflow/.local/lib/python3.12/site-packages/airflow/example_dags/tutorial.py
[2025-05-28T14:03:00.596+0000] {processor.py:925} INFO - DAG(s) 'tutorial' retrieved from /home/airflow/.local/lib/python3.12/site-packages/airflow/example_dags/tutorial.py
[2025-05-28T14:03:00.628+0000] {logging_mixin.py:190} INFO - [2025-05-28T14:03:00.627+0000] {dag.py:3239} INFO - Sync 1 DAGs
[2025-05-28T14:03:00.673+0000] {logging_mixin.py:190} INFO - [2025-05-28T14:03:00.672+0000] {dag.py:4180} INFO - Setting next_dagrun for tutorial to 2025-05-27 00:00:00+00:00, run_after=2025-05-28 00:00:00+00:00
[2025-05-28T14:03:00.711+0000] {processor.py:208} INFO - Processing /home/airflow/.local/lib/python3.12/site-packages/airflow/example_dags/tutorial.py took 0.143 seconds
[2025-05-28T14:03:31.359+0000] {processor.py:186} INFO - Started process (PID=3458) to work on /home/airflow/.local/lib/python3.12/site-packages/airflow/example_dags/tutorial.py
[2025-05-28T14:03:31.361+0000] {processor.py:914} INFO - Processing file /home/airflow/.local/lib/python3.12/site-packages/airflow/example_dags/tutorial.py for tasks to queue
[2025-05-28T14:03:31.362+0000] {logging_mixin.py:190} INFO - [2025-05-28T14:03:31.362+0000] {dagbag.py:588} INFO - Filling up the DagBag from /home/airflow/.local/lib/python3.12/site-packages/airflow/example_dags/tutorial.py
[2025-05-28T14:03:31.378+0000] {processor.py:925} INFO - DAG(s) 'tutorial' retrieved from /home/airflow/.local/lib/python3.12/site-packages/airflow/example_dags/tutorial.py
[2025-05-28T14:03:31.410+0000] {logging_mixin.py:190} INFO - [2025-05-28T14:03:31.410+0000] {dag.py:3239} INFO - Sync 1 DAGs
[2025-05-28T14:03:31.448+0000] {logging_mixin.py:190} INFO - [2025-05-28T14:03:31.447+0000] {dag.py:4180} INFO - Setting next_dagrun for tutorial to 2025-05-27 00:00:00+00:00, run_after=2025-05-28 00:00:00+00:00
[2025-05-28T14:03:31.479+0000] {processor.py:208} INFO - Processing /home/airflow/.local/lib/python3.12/site-packages/airflow/example_dags/tutorial.py took 0.130 seconds
[2025-05-28T14:04:02.433+0000] {processor.py:186} INFO - Started process (PID=3523) to work on /home/airflow/.local/lib/python3.12/site-packages/airflow/example_dags/tutorial.py
[2025-05-28T14:04:02.434+0000] {processor.py:914} INFO - Processing file /home/airflow/.local/lib/python3.12/site-packages/airflow/example_dags/tutorial.py for tasks to queue
[2025-05-28T14:04:02.435+0000] {logging_mixin.py:190} INFO - [2025-05-28T14:04:02.435+0000] {dagbag.py:588} INFO - Filling up the DagBag from /home/airflow/.local/lib/python3.12/site-packages/airflow/example_dags/tutorial.py
[2025-05-28T14:04:02.447+0000] {processor.py:925} INFO - DAG(s) 'tutorial' retrieved from /home/airflow/.local/lib/python3.12/site-packages/airflow/example_dags/tutorial.py
[2025-05-28T14:04:02.480+0000] {logging_mixin.py:190} INFO - [2025-05-28T14:04:02.479+0000] {dag.py:3239} INFO - Sync 1 DAGs
[2025-05-28T14:04:02.511+0000] {logging_mixin.py:190} INFO - [2025-05-28T14:04:02.510+0000] {dag.py:4180} INFO - Setting next_dagrun for tutorial to 2025-05-27 00:00:00+00:00, run_after=2025-05-28 00:00:00+00:00
[2025-05-28T14:04:02.539+0000] {processor.py:208} INFO - Processing /home/airflow/.local/lib/python3.12/site-packages/airflow/example_dags/tutorial.py took 0.113 seconds
[2025-05-28T14:04:33.578+0000] {processor.py:186} INFO - Started process (PID=3587) to work on /home/airflow/.local/lib/python3.12/site-packages/airflow/example_dags/tutorial.py
[2025-05-28T14:04:33.580+0000] {processor.py:914} INFO - Processing file /home/airflow/.local/lib/python3.12/site-packages/airflow/example_dags/tutorial.py for tasks to queue
[2025-05-28T14:04:33.581+0000] {logging_mixin.py:190} INFO - [2025-05-28T14:04:33.581+0000] {dagbag.py:588} INFO - Filling up the DagBag from /home/airflow/.local/lib/python3.12/site-packages/airflow/example_dags/tutorial.py
[2025-05-28T14:04:33.594+0000] {processor.py:925} INFO - DAG(s) 'tutorial' retrieved from /home/airflow/.local/lib/python3.12/site-packages/airflow/example_dags/tutorial.py
[2025-05-28T14:04:33.621+0000] {logging_mixin.py:190} INFO - [2025-05-28T14:04:33.621+0000] {dag.py:3239} INFO - Sync 1 DAGs
[2025-05-28T14:04:33.650+0000] {logging_mixin.py:190} INFO - [2025-05-28T14:04:33.650+0000] {dag.py:4180} INFO - Setting next_dagrun for tutorial to 2025-05-27 00:00:00+00:00, run_after=2025-05-28 00:00:00+00:00
[2025-05-28T14:04:33.684+0000] {processor.py:208} INFO - Processing /home/airflow/.local/lib/python3.12/site-packages/airflow/example_dags/tutorial.py took 0.127 seconds
[2025-05-28T14:05:05.533+0000] {processor.py:186} INFO - Started process (PID=3652) to work on /home/airflow/.local/lib/python3.12/site-packages/airflow/example_dags/tutorial.py
[2025-05-28T14:05:05.534+0000] {processor.py:914} INFO - Processing file /home/airflow/.local/lib/python3.12/site-packages/airflow/example_dags/tutorial.py for tasks to queue
[2025-05-28T14:05:05.536+0000] {logging_mixin.py:190} INFO - [2025-05-28T14:05:05.536+0000] {dagbag.py:588} INFO - Filling up the DagBag from /home/airflow/.local/lib/python3.12/site-packages/airflow/example_dags/tutorial.py
[2025-05-28T14:05:05.548+0000] {processor.py:925} INFO - DAG(s) 'tutorial' retrieved from /home/airflow/.local/lib/python3.12/site-packages/airflow/example_dags/tutorial.py
[2025-05-28T14:05:05.571+0000] {logging_mixin.py:190} INFO - [2025-05-28T14:05:05.571+0000] {dag.py:3239} INFO - Sync 1 DAGs
[2025-05-28T14:05:05.600+0000] {logging_mixin.py:190} INFO - [2025-05-28T14:05:05.600+0000] {dag.py:4180} INFO - Setting next_dagrun for tutorial to 2025-05-27 00:00:00+00:00, run_after=2025-05-28 00:00:00+00:00
[2025-05-28T14:05:05.622+0000] {processor.py:208} INFO - Processing /home/airflow/.local/lib/python3.12/site-packages/airflow/example_dags/tutorial.py took 0.097 seconds
[2025-05-28T14:05:38.017+0000] {processor.py:186} INFO - Started process (PID=3717) to work on /home/airflow/.local/lib/python3.12/site-packages/airflow/example_dags/tutorial.py
[2025-05-28T14:05:38.018+0000] {processor.py:914} INFO - Processing file /home/airflow/.local/lib/python3.12/site-packages/airflow/example_dags/tutorial.py for tasks to queue
[2025-05-28T14:05:38.020+0000] {logging_mixin.py:190} INFO - [2025-05-28T14:05:38.019+0000] {dagbag.py:588} INFO - Filling up the DagBag from /home/airflow/.local/lib/python3.12/site-packages/airflow/example_dags/tutorial.py
[2025-05-28T14:05:38.033+0000] {processor.py:925} INFO - DAG(s) 'tutorial' retrieved from /home/airflow/.local/lib/python3.12/site-packages/airflow/example_dags/tutorial.py
[2025-05-28T14:05:38.063+0000] {logging_mixin.py:190} INFO - [2025-05-28T14:05:38.063+0000] {dag.py:3239} INFO - Sync 1 DAGs
[2025-05-28T14:05:38.094+0000] {logging_mixin.py:190} INFO - [2025-05-28T14:05:38.093+0000] {dag.py:4180} INFO - Setting next_dagrun for tutorial to 2025-05-27 00:00:00+00:00, run_after=2025-05-28 00:00:00+00:00
[2025-05-28T14:05:38.113+0000] {processor.py:208} INFO - Processing /home/airflow/.local/lib/python3.12/site-packages/airflow/example_dags/tutorial.py took 0.106 seconds
[2025-05-28T14:06:09.030+0000] {processor.py:186} INFO - Started process (PID=3782) to work on /home/airflow/.local/lib/python3.12/site-packages/airflow/example_dags/tutorial.py
[2025-05-28T14:06:09.031+0000] {processor.py:914} INFO - Processing file /home/airflow/.local/lib/python3.12/site-packages/airflow/example_dags/tutorial.py for tasks to queue
[2025-05-28T14:06:09.033+0000] {logging_mixin.py:190} INFO - [2025-05-28T14:06:09.033+0000] {dagbag.py:588} INFO - Filling up the DagBag from /home/airflow/.local/lib/python3.12/site-packages/airflow/example_dags/tutorial.py
[2025-05-28T14:06:09.048+0000] {processor.py:925} INFO - DAG(s) 'tutorial' retrieved from /home/airflow/.local/lib/python3.12/site-packages/airflow/example_dags/tutorial.py
[2025-05-28T14:06:09.082+0000] {logging_mixin.py:190} INFO - [2025-05-28T14:06:09.081+0000] {dag.py:3239} INFO - Sync 1 DAGs
[2025-05-28T14:06:09.120+0000] {logging_mixin.py:190} INFO - [2025-05-28T14:06:09.120+0000] {dag.py:4180} INFO - Setting next_dagrun for tutorial to 2025-05-27 00:00:00+00:00, run_after=2025-05-28 00:00:00+00:00
[2025-05-28T14:06:09.144+0000] {processor.py:208} INFO - Processing /home/airflow/.local/lib/python3.12/site-packages/airflow/example_dags/tutorial.py took 0.124 seconds
[2025-05-28T14:06:40.538+0000] {processor.py:186} INFO - Started process (PID=3847) to work on /home/airflow/.local/lib/python3.12/site-packages/airflow/example_dags/tutorial.py
[2025-05-28T14:06:40.539+0000] {processor.py:914} INFO - Processing file /home/airflow/.local/lib/python3.12/site-packages/airflow/example_dags/tutorial.py for tasks to queue
[2025-05-28T14:06:40.540+0000] {logging_mixin.py:190} INFO - [2025-05-28T14:06:40.540+0000] {dagbag.py:588} INFO - Filling up the DagBag from /home/airflow/.local/lib/python3.12/site-packages/airflow/example_dags/tutorial.py
[2025-05-28T14:06:40.551+0000] {processor.py:925} INFO - DAG(s) 'tutorial' retrieved from /home/airflow/.local/lib/python3.12/site-packages/airflow/example_dags/tutorial.py
[2025-05-28T14:06:40.583+0000] {logging_mixin.py:190} INFO - [2025-05-28T14:06:40.583+0000] {dag.py:3239} INFO - Sync 1 DAGs
[2025-05-28T14:06:40.624+0000] {logging_mixin.py:190} INFO - [2025-05-28T14:06:40.623+0000] {dag.py:4180} INFO - Setting next_dagrun for tutorial to 2025-05-27 00:00:00+00:00, run_after=2025-05-28 00:00:00+00:00
[2025-05-28T14:06:40.650+0000] {processor.py:208} INFO - Processing /home/airflow/.local/lib/python3.12/site-packages/airflow/example_dags/tutorial.py took 0.120 seconds
[2025-05-28T14:07:12.950+0000] {processor.py:186} INFO - Started process (PID=3912) to work on /home/airflow/.local/lib/python3.12/site-packages/airflow/example_dags/tutorial.py
[2025-05-28T14:07:12.952+0000] {processor.py:914} INFO - Processing file /home/airflow/.local/lib/python3.12/site-packages/airflow/example_dags/tutorial.py for tasks to queue
[2025-05-28T14:07:12.954+0000] {logging_mixin.py:190} INFO - [2025-05-28T14:07:12.953+0000] {dagbag.py:588} INFO - Filling up the DagBag from /home/airflow/.local/lib/python3.12/site-packages/airflow/example_dags/tutorial.py
[2025-05-28T14:07:12.968+0000] {processor.py:925} INFO - DAG(s) 'tutorial' retrieved from /home/airflow/.local/lib/python3.12/site-packages/airflow/example_dags/tutorial.py
[2025-05-28T14:07:13.002+0000] {logging_mixin.py:190} INFO - [2025-05-28T14:07:13.001+0000] {dag.py:3239} INFO - Sync 1 DAGs
[2025-05-28T14:07:13.039+0000] {logging_mixin.py:190} INFO - [2025-05-28T14:07:13.039+0000] {dag.py:4180} INFO - Setting next_dagrun for tutorial to 2025-05-27 00:00:00+00:00, run_after=2025-05-28 00:00:00+00:00
[2025-05-28T14:07:13.064+0000] {processor.py:208} INFO - Processing /home/airflow/.local/lib/python3.12/site-packages/airflow/example_dags/tutorial.py took 0.124 seconds
[2025-05-28T14:07:49.195+0000] {processor.py:186} INFO - Started process (PID=3977) to work on /home/airflow/.local/lib/python3.12/site-packages/airflow/example_dags/tutorial.py
[2025-05-28T14:07:49.197+0000] {processor.py:914} INFO - Processing file /home/airflow/.local/lib/python3.12/site-packages/airflow/example_dags/tutorial.py for tasks to queue
[2025-05-28T14:07:49.199+0000] {logging_mixin.py:190} INFO - [2025-05-28T14:07:49.198+0000] {dagbag.py:588} INFO - Filling up the DagBag from /home/airflow/.local/lib/python3.12/site-packages/airflow/example_dags/tutorial.py
[2025-05-28T14:07:49.214+0000] {processor.py:925} INFO - DAG(s) 'tutorial' retrieved from /home/airflow/.local/lib/python3.12/site-packages/airflow/example_dags/tutorial.py
[2025-05-28T14:07:49.250+0000] {logging_mixin.py:190} INFO - [2025-05-28T14:07:49.250+0000] {dag.py:3239} INFO - Sync 1 DAGs
[2025-05-28T14:07:49.289+0000] {logging_mixin.py:190} INFO - [2025-05-28T14:07:49.289+0000] {dag.py:4180} INFO - Setting next_dagrun for tutorial to 2025-05-27 00:00:00+00:00, run_after=2025-05-28 00:00:00+00:00
[2025-05-28T14:07:49.317+0000] {processor.py:208} INFO - Processing /home/airflow/.local/lib/python3.12/site-packages/airflow/example_dags/tutorial.py took 0.130 seconds
[2025-05-28T14:08:20.572+0000] {processor.py:186} INFO - Started process (PID=4042) to work on /home/airflow/.local/lib/python3.12/site-packages/airflow/example_dags/tutorial.py
[2025-05-28T14:08:20.574+0000] {processor.py:914} INFO - Processing file /home/airflow/.local/lib/python3.12/site-packages/airflow/example_dags/tutorial.py for tasks to queue
[2025-05-28T14:08:20.575+0000] {logging_mixin.py:190} INFO - [2025-05-28T14:08:20.575+0000] {dagbag.py:588} INFO - Filling up the DagBag from /home/airflow/.local/lib/python3.12/site-packages/airflow/example_dags/tutorial.py
[2025-05-28T14:08:20.587+0000] {processor.py:925} INFO - DAG(s) 'tutorial' retrieved from /home/airflow/.local/lib/python3.12/site-packages/airflow/example_dags/tutorial.py
[2025-05-28T14:08:20.618+0000] {logging_mixin.py:190} INFO - [2025-05-28T14:08:20.617+0000] {dag.py:3239} INFO - Sync 1 DAGs
[2025-05-28T14:08:21.195+0000] {logging_mixin.py:190} INFO - [2025-05-28T14:08:21.195+0000] {dag.py:4180} INFO - Setting next_dagrun for tutorial to 2025-05-27 00:00:00+00:00, run_after=2025-05-28 00:00:00+00:00
[2025-05-28T14:08:21.231+0000] {processor.py:208} INFO - Processing /home/airflow/.local/lib/python3.12/site-packages/airflow/example_dags/tutorial.py took 0.667 seconds
[2025-05-28T14:08:51.712+0000] {processor.py:186} INFO - Started process (PID=4106) to work on /home/airflow/.local/lib/python3.12/site-packages/airflow/example_dags/tutorial.py
[2025-05-28T14:08:51.714+0000] {processor.py:914} INFO - Processing file /home/airflow/.local/lib/python3.12/site-packages/airflow/example_dags/tutorial.py for tasks to queue
[2025-05-28T14:08:51.715+0000] {logging_mixin.py:190} INFO - [2025-05-28T14:08:51.715+0000] {dagbag.py:588} INFO - Filling up the DagBag from /home/airflow/.local/lib/python3.12/site-packages/airflow/example_dags/tutorial.py
[2025-05-28T14:08:51.731+0000] {processor.py:925} INFO - DAG(s) 'tutorial' retrieved from /home/airflow/.local/lib/python3.12/site-packages/airflow/example_dags/tutorial.py
[2025-05-28T14:08:51.764+0000] {logging_mixin.py:190} INFO - [2025-05-28T14:08:51.764+0000] {dag.py:3239} INFO - Sync 1 DAGs
[2025-05-28T14:08:51.802+0000] {logging_mixin.py:190} INFO - [2025-05-28T14:08:51.801+0000] {dag.py:4180} INFO - Setting next_dagrun for tutorial to 2025-05-27 00:00:00+00:00, run_after=2025-05-28 00:00:00+00:00
[2025-05-28T14:08:52.182+0000] {processor.py:208} INFO - Processing /home/airflow/.local/lib/python3.12/site-packages/airflow/example_dags/tutorial.py took 0.479 seconds
[2025-05-28T14:09:22.971+0000] {processor.py:186} INFO - Started process (PID=4172) to work on /home/airflow/.local/lib/python3.12/site-packages/airflow/example_dags/tutorial.py
[2025-05-28T14:09:22.973+0000] {processor.py:914} INFO - Processing file /home/airflow/.local/lib/python3.12/site-packages/airflow/example_dags/tutorial.py for tasks to queue
[2025-05-28T14:09:22.974+0000] {logging_mixin.py:190} INFO - [2025-05-28T14:09:22.974+0000] {dagbag.py:588} INFO - Filling up the DagBag from /home/airflow/.local/lib/python3.12/site-packages/airflow/example_dags/tutorial.py
[2025-05-28T14:09:22.988+0000] {processor.py:925} INFO - DAG(s) 'tutorial' retrieved from /home/airflow/.local/lib/python3.12/site-packages/airflow/example_dags/tutorial.py
[2025-05-28T14:09:23.033+0000] {logging_mixin.py:190} INFO - [2025-05-28T14:09:23.032+0000] {dag.py:3239} INFO - Sync 1 DAGs
[2025-05-28T14:09:23.115+0000] {logging_mixin.py:190} INFO - [2025-05-28T14:09:23.114+0000] {dag.py:4180} INFO - Setting next_dagrun for tutorial to 2025-05-27 00:00:00+00:00, run_after=2025-05-28 00:00:00+00:00
[2025-05-28T14:09:23.181+0000] {processor.py:208} INFO - Processing /home/airflow/.local/lib/python3.12/site-packages/airflow/example_dags/tutorial.py took 0.220 seconds
[2025-05-28T14:09:54.225+0000] {processor.py:186} INFO - Started process (PID=4243) to work on /home/airflow/.local/lib/python3.12/site-packages/airflow/example_dags/tutorial.py
[2025-05-28T14:09:54.227+0000] {processor.py:914} INFO - Processing file /home/airflow/.local/lib/python3.12/site-packages/airflow/example_dags/tutorial.py for tasks to queue
[2025-05-28T14:09:54.228+0000] {logging_mixin.py:190} INFO - [2025-05-28T14:09:54.228+0000] {dagbag.py:588} INFO - Filling up the DagBag from /home/airflow/.local/lib/python3.12/site-packages/airflow/example_dags/tutorial.py
[2025-05-28T14:09:54.242+0000] {processor.py:925} INFO - DAG(s) 'tutorial' retrieved from /home/airflow/.local/lib/python3.12/site-packages/airflow/example_dags/tutorial.py
[2025-05-28T14:09:54.273+0000] {logging_mixin.py:190} INFO - [2025-05-28T14:09:54.272+0000] {dag.py:3239} INFO - Sync 1 DAGs
[2025-05-28T14:09:54.306+0000] {logging_mixin.py:190} INFO - [2025-05-28T14:09:54.306+0000] {dag.py:4180} INFO - Setting next_dagrun for tutorial to 2025-05-27 00:00:00+00:00, run_after=2025-05-28 00:00:00+00:00
[2025-05-28T14:09:54.337+0000] {processor.py:208} INFO - Processing /home/airflow/.local/lib/python3.12/site-packages/airflow/example_dags/tutorial.py took 0.120 seconds
[2025-05-28T14:10:25.270+0000] {processor.py:186} INFO - Started process (PID=4308) to work on /home/airflow/.local/lib/python3.12/site-packages/airflow/example_dags/tutorial.py
[2025-05-28T14:10:25.272+0000] {processor.py:914} INFO - Processing file /home/airflow/.local/lib/python3.12/site-packages/airflow/example_dags/tutorial.py for tasks to queue
[2025-05-28T14:10:25.273+0000] {logging_mixin.py:190} INFO - [2025-05-28T14:10:25.273+0000] {dagbag.py:588} INFO - Filling up the DagBag from /home/airflow/.local/lib/python3.12/site-packages/airflow/example_dags/tutorial.py
[2025-05-28T14:10:25.287+0000] {processor.py:925} INFO - DAG(s) 'tutorial' retrieved from /home/airflow/.local/lib/python3.12/site-packages/airflow/example_dags/tutorial.py
[2025-05-28T14:10:25.326+0000] {logging_mixin.py:190} INFO - [2025-05-28T14:10:25.325+0000] {dag.py:3239} INFO - Sync 1 DAGs
[2025-05-28T14:10:25.361+0000] {logging_mixin.py:190} INFO - [2025-05-28T14:10:25.360+0000] {dag.py:4180} INFO - Setting next_dagrun for tutorial to 2025-05-27 00:00:00+00:00, run_after=2025-05-28 00:00:00+00:00
[2025-05-28T14:10:25.392+0000] {processor.py:208} INFO - Processing /home/airflow/.local/lib/python3.12/site-packages/airflow/example_dags/tutorial.py took 0.131 seconds
[2025-05-28T14:10:56.059+0000] {processor.py:186} INFO - Started process (PID=4373) to work on /home/airflow/.local/lib/python3.12/site-packages/airflow/example_dags/tutorial.py
[2025-05-28T14:10:56.061+0000] {processor.py:914} INFO - Processing file /home/airflow/.local/lib/python3.12/site-packages/airflow/example_dags/tutorial.py for tasks to queue
[2025-05-28T14:10:56.063+0000] {logging_mixin.py:190} INFO - [2025-05-28T14:10:56.062+0000] {dagbag.py:588} INFO - Filling up the DagBag from /home/airflow/.local/lib/python3.12/site-packages/airflow/example_dags/tutorial.py
[2025-05-28T14:10:56.075+0000] {processor.py:925} INFO - DAG(s) 'tutorial' retrieved from /home/airflow/.local/lib/python3.12/site-packages/airflow/example_dags/tutorial.py
[2025-05-28T14:10:56.112+0000] {logging_mixin.py:190} INFO - [2025-05-28T14:10:56.112+0000] {dag.py:3239} INFO - Sync 1 DAGs
[2025-05-28T14:10:56.147+0000] {logging_mixin.py:190} INFO - [2025-05-28T14:10:56.147+0000] {dag.py:4180} INFO - Setting next_dagrun for tutorial to 2025-05-27 00:00:00+00:00, run_after=2025-05-28 00:00:00+00:00
[2025-05-28T14:10:56.167+0000] {processor.py:208} INFO - Processing /home/airflow/.local/lib/python3.12/site-packages/airflow/example_dags/tutorial.py took 0.117 seconds
[2025-05-28T14:11:26.225+0000] {processor.py:186} INFO - Started process (PID=4437) to work on /home/airflow/.local/lib/python3.12/site-packages/airflow/example_dags/tutorial.py
[2025-05-28T14:11:26.226+0000] {processor.py:914} INFO - Processing file /home/airflow/.local/lib/python3.12/site-packages/airflow/example_dags/tutorial.py for tasks to queue
[2025-05-28T14:11:26.228+0000] {logging_mixin.py:190} INFO - [2025-05-28T14:11:26.228+0000] {dagbag.py:588} INFO - Filling up the DagBag from /home/airflow/.local/lib/python3.12/site-packages/airflow/example_dags/tutorial.py
[2025-05-28T14:11:26.239+0000] {processor.py:925} INFO - DAG(s) 'tutorial' retrieved from /home/airflow/.local/lib/python3.12/site-packages/airflow/example_dags/tutorial.py
[2025-05-28T14:11:26.264+0000] {logging_mixin.py:190} INFO - [2025-05-28T14:11:26.264+0000] {dag.py:3239} INFO - Sync 1 DAGs
[2025-05-28T14:11:26.298+0000] {logging_mixin.py:190} INFO - [2025-05-28T14:11:26.298+0000] {dag.py:4180} INFO - Setting next_dagrun for tutorial to 2025-05-27 00:00:00+00:00, run_after=2025-05-28 00:00:00+00:00
[2025-05-28T14:11:26.318+0000] {processor.py:208} INFO - Processing /home/airflow/.local/lib/python3.12/site-packages/airflow/example_dags/tutorial.py took 0.101 seconds
[2025-05-28T14:11:57.178+0000] {processor.py:186} INFO - Started process (PID=4502) to work on /home/airflow/.local/lib/python3.12/site-packages/airflow/example_dags/tutorial.py
[2025-05-28T14:11:57.180+0000] {processor.py:914} INFO - Processing file /home/airflow/.local/lib/python3.12/site-packages/airflow/example_dags/tutorial.py for tasks to queue
[2025-05-28T14:11:57.181+0000] {logging_mixin.py:190} INFO - [2025-05-28T14:11:57.181+0000] {dagbag.py:588} INFO - Filling up the DagBag from /home/airflow/.local/lib/python3.12/site-packages/airflow/example_dags/tutorial.py
[2025-05-28T14:11:57.192+0000] {processor.py:925} INFO - DAG(s) 'tutorial' retrieved from /home/airflow/.local/lib/python3.12/site-packages/airflow/example_dags/tutorial.py
[2025-05-28T14:11:57.218+0000] {logging_mixin.py:190} INFO - [2025-05-28T14:11:57.217+0000] {dag.py:3239} INFO - Sync 1 DAGs
[2025-05-28T14:11:57.247+0000] {logging_mixin.py:190} INFO - [2025-05-28T14:11:57.247+0000] {dag.py:4180} INFO - Setting next_dagrun for tutorial to 2025-05-27 00:00:00+00:00, run_after=2025-05-28 00:00:00+00:00
[2025-05-28T14:11:57.265+0000] {processor.py:208} INFO - Processing /home/airflow/.local/lib/python3.12/site-packages/airflow/example_dags/tutorial.py took 0.094 seconds
[2025-05-28T14:12:28.231+0000] {processor.py:186} INFO - Started process (PID=4567) to work on /home/airflow/.local/lib/python3.12/site-packages/airflow/example_dags/tutorial.py
[2025-05-28T14:12:28.232+0000] {processor.py:914} INFO - Processing file /home/airflow/.local/lib/python3.12/site-packages/airflow/example_dags/tutorial.py for tasks to queue
[2025-05-28T14:12:28.233+0000] {logging_mixin.py:190} INFO - [2025-05-28T14:12:28.233+0000] {dagbag.py:588} INFO - Filling up the DagBag from /home/airflow/.local/lib/python3.12/site-packages/airflow/example_dags/tutorial.py
[2025-05-28T14:12:28.243+0000] {processor.py:925} INFO - DAG(s) 'tutorial' retrieved from /home/airflow/.local/lib/python3.12/site-packages/airflow/example_dags/tutorial.py
[2025-05-28T14:12:28.265+0000] {logging_mixin.py:190} INFO - [2025-05-28T14:12:28.265+0000] {dag.py:3239} INFO - Sync 1 DAGs
[2025-05-28T14:12:28.291+0000] {logging_mixin.py:190} INFO - [2025-05-28T14:12:28.290+0000] {dag.py:4180} INFO - Setting next_dagrun for tutorial to 2025-05-27 00:00:00+00:00, run_after=2025-05-28 00:00:00+00:00
[2025-05-28T14:12:28.313+0000] {processor.py:208} INFO - Processing /home/airflow/.local/lib/python3.12/site-packages/airflow/example_dags/tutorial.py took 0.089 seconds
[2025-05-28T14:12:59.879+0000] {processor.py:186} INFO - Started process (PID=4632) to work on /home/airflow/.local/lib/python3.12/site-packages/airflow/example_dags/tutorial.py
[2025-05-28T14:12:59.880+0000] {processor.py:914} INFO - Processing file /home/airflow/.local/lib/python3.12/site-packages/airflow/example_dags/tutorial.py for tasks to queue
[2025-05-28T14:12:59.882+0000] {logging_mixin.py:190} INFO - [2025-05-28T14:12:59.882+0000] {dagbag.py:588} INFO - Filling up the DagBag from /home/airflow/.local/lib/python3.12/site-packages/airflow/example_dags/tutorial.py
[2025-05-28T14:12:59.895+0000] {processor.py:925} INFO - DAG(s) 'tutorial' retrieved from /home/airflow/.local/lib/python3.12/site-packages/airflow/example_dags/tutorial.py
[2025-05-28T14:12:59.925+0000] {logging_mixin.py:190} INFO - [2025-05-28T14:12:59.924+0000] {dag.py:3239} INFO - Sync 1 DAGs
[2025-05-28T14:13:00.006+0000] {logging_mixin.py:190} INFO - [2025-05-28T14:13:00.005+0000] {dag.py:4180} INFO - Setting next_dagrun for tutorial to 2025-05-27 00:00:00+00:00, run_after=2025-05-28 00:00:00+00:00
[2025-05-28T14:13:00.027+0000] {processor.py:208} INFO - Processing /home/airflow/.local/lib/python3.12/site-packages/airflow/example_dags/tutorial.py took 0.182 seconds
[2025-05-28T14:13:30.400+0000] {processor.py:186} INFO - Started process (PID=4697) to work on /home/airflow/.local/lib/python3.12/site-packages/airflow/example_dags/tutorial.py
[2025-05-28T14:13:30.401+0000] {processor.py:914} INFO - Processing file /home/airflow/.local/lib/python3.12/site-packages/airflow/example_dags/tutorial.py for tasks to queue
[2025-05-28T14:13:30.403+0000] {logging_mixin.py:190} INFO - [2025-05-28T14:13:30.402+0000] {dagbag.py:588} INFO - Filling up the DagBag from /home/airflow/.local/lib/python3.12/site-packages/airflow/example_dags/tutorial.py
[2025-05-28T14:13:30.416+0000] {processor.py:925} INFO - DAG(s) 'tutorial' retrieved from /home/airflow/.local/lib/python3.12/site-packages/airflow/example_dags/tutorial.py
[2025-05-28T14:13:30.442+0000] {logging_mixin.py:190} INFO - [2025-05-28T14:13:30.442+0000] {dag.py:3239} INFO - Sync 1 DAGs
[2025-05-28T14:13:30.496+0000] {logging_mixin.py:190} INFO - [2025-05-28T14:13:30.495+0000] {dag.py:4180} INFO - Setting next_dagrun for tutorial to 2025-05-27 00:00:00+00:00, run_after=2025-05-28 00:00:00+00:00
[2025-05-28T14:13:30.517+0000] {processor.py:208} INFO - Processing /home/airflow/.local/lib/python3.12/site-packages/airflow/example_dags/tutorial.py took 0.123 seconds
[2025-05-28T14:14:00.633+0000] {processor.py:186} INFO - Started process (PID=4762) to work on /home/airflow/.local/lib/python3.12/site-packages/airflow/example_dags/tutorial.py
[2025-05-28T14:14:00.634+0000] {processor.py:914} INFO - Processing file /home/airflow/.local/lib/python3.12/site-packages/airflow/example_dags/tutorial.py for tasks to queue
[2025-05-28T14:14:00.636+0000] {logging_mixin.py:190} INFO - [2025-05-28T14:14:00.635+0000] {dagbag.py:588} INFO - Filling up the DagBag from /home/airflow/.local/lib/python3.12/site-packages/airflow/example_dags/tutorial.py
[2025-05-28T14:14:00.646+0000] {processor.py:925} INFO - DAG(s) 'tutorial' retrieved from /home/airflow/.local/lib/python3.12/site-packages/airflow/example_dags/tutorial.py
[2025-05-28T14:14:00.672+0000] {logging_mixin.py:190} INFO - [2025-05-28T14:14:00.671+0000] {dag.py:3239} INFO - Sync 1 DAGs
[2025-05-28T14:14:00.700+0000] {logging_mixin.py:190} INFO - [2025-05-28T14:14:00.699+0000] {dag.py:4180} INFO - Setting next_dagrun for tutorial to 2025-05-27 00:00:00+00:00, run_after=2025-05-28 00:00:00+00:00
[2025-05-28T14:14:00.721+0000] {processor.py:208} INFO - Processing /home/airflow/.local/lib/python3.12/site-packages/airflow/example_dags/tutorial.py took 0.096 seconds
[2025-05-28T14:14:31.301+0000] {processor.py:186} INFO - Started process (PID=4827) to work on /home/airflow/.local/lib/python3.12/site-packages/airflow/example_dags/tutorial.py
[2025-05-28T14:14:31.302+0000] {processor.py:914} INFO - Processing file /home/airflow/.local/lib/python3.12/site-packages/airflow/example_dags/tutorial.py for tasks to queue
[2025-05-28T14:14:31.303+0000] {logging_mixin.py:190} INFO - [2025-05-28T14:14:31.303+0000] {dagbag.py:588} INFO - Filling up the DagBag from /home/airflow/.local/lib/python3.12/site-packages/airflow/example_dags/tutorial.py
[2025-05-28T14:14:31.314+0000] {processor.py:925} INFO - DAG(s) 'tutorial' retrieved from /home/airflow/.local/lib/python3.12/site-packages/airflow/example_dags/tutorial.py
[2025-05-28T14:14:31.341+0000] {logging_mixin.py:190} INFO - [2025-05-28T14:14:31.340+0000] {dag.py:3239} INFO - Sync 1 DAGs
[2025-05-28T14:14:31.370+0000] {logging_mixin.py:190} INFO - [2025-05-28T14:14:31.370+0000] {dag.py:4180} INFO - Setting next_dagrun for tutorial to 2025-05-27 00:00:00+00:00, run_after=2025-05-28 00:00:00+00:00
[2025-05-28T14:14:31.391+0000] {processor.py:208} INFO - Processing /home/airflow/.local/lib/python3.12/site-packages/airflow/example_dags/tutorial.py took 0.097 seconds
[2025-05-28T14:15:01.955+0000] {processor.py:186} INFO - Started process (PID=4893) to work on /home/airflow/.local/lib/python3.12/site-packages/airflow/example_dags/tutorial.py
[2025-05-28T14:15:01.956+0000] {processor.py:914} INFO - Processing file /home/airflow/.local/lib/python3.12/site-packages/airflow/example_dags/tutorial.py for tasks to queue
[2025-05-28T14:15:01.958+0000] {logging_mixin.py:190} INFO - [2025-05-28T14:15:01.957+0000] {dagbag.py:588} INFO - Filling up the DagBag from /home/airflow/.local/lib/python3.12/site-packages/airflow/example_dags/tutorial.py
[2025-05-28T14:15:01.967+0000] {processor.py:925} INFO - DAG(s) 'tutorial' retrieved from /home/airflow/.local/lib/python3.12/site-packages/airflow/example_dags/tutorial.py
[2025-05-28T14:15:01.988+0000] {logging_mixin.py:190} INFO - [2025-05-28T14:15:01.987+0000] {dag.py:3239} INFO - Sync 1 DAGs
[2025-05-28T14:15:02.010+0000] {logging_mixin.py:190} INFO - [2025-05-28T14:15:02.010+0000] {dag.py:4180} INFO - Setting next_dagrun for tutorial to 2025-05-27 00:00:00+00:00, run_after=2025-05-28 00:00:00+00:00
[2025-05-28T14:15:02.026+0000] {processor.py:208} INFO - Processing /home/airflow/.local/lib/python3.12/site-packages/airflow/example_dags/tutorial.py took 0.076 seconds
