[2025-05-11T17:55:10.553+0000] {local_task_job_runner.py:123} INFO - ::group::Pre task execution logs
[2025-05-11T17:55:10.584+0000] {taskinstance.py:2614} INFO - Dependencies all met for dep_context=non-requeueable deps ti=<TaskInstance: uvt_example.wait_for_file manual__2025-05-11T17:55:07.164973+00:00 [queued]>
[2025-05-11T17:55:10.917+0000] {taskinstance.py:2614} INFO - Dependencies all met for dep_context=requeueable deps ti=<TaskInstance: uvt_example.wait_for_file manual__2025-05-11T17:55:07.164973+00:00 [queued]>
[2025-05-11T17:55:10.917+0000] {taskinstance.py:2867} INFO - Starting attempt 1 of 2
[2025-05-11T17:55:10.943+0000] {taskinstance.py:2890} INFO - Executing <Task(FileSensor): wait_for_file> on 2025-05-11 17:55:07.164973+00:00
[2025-05-11T17:55:10.961+0000] {warnings.py:112} WARNING - /home/***/.local/lib/python3.12/site-packages/***/task/task_runner/standard_task_runner.py:70: DeprecationWarning: This process (pid=306) is multi-threaded, use of fork() may lead to deadlocks in the child.
  pid = os.fork()

[2025-05-11T17:55:10.964+0000] {standard_task_runner.py:72} INFO - Started process 308 to run task
[2025-05-11T17:55:10.965+0000] {standard_task_runner.py:104} INFO - Running: ['***', 'tasks', 'run', 'uvt_example', 'wait_for_file', 'manual__2025-05-11T17:55:07.164973+00:00', '--job-id', '60', '--raw', '--subdir', 'DAGS_FOLDER/hmida.py', '--cfg-path', '/tmp/tmpxgdzequg']
[2025-05-11T17:55:10.967+0000] {standard_task_runner.py:105} INFO - Job 60: Subtask wait_for_file
[2025-05-11T17:55:11.049+0000] {task_command.py:467} INFO - Running <TaskInstance: uvt_example.wait_for_file manual__2025-05-11T17:55:07.164973+00:00 [running]> on host 0cb3ccf66fff
[2025-05-11T17:55:11.204+0000] {taskinstance.py:3134} INFO - Exporting env vars: AIRFLOW_CTX_DAG_OWNER='***' AIRFLOW_CTX_DAG_ID='uvt_example' AIRFLOW_CTX_TASK_ID='wait_for_file' AIRFLOW_CTX_EXECUTION_DATE='2025-05-11T17:55:07.164973+00:00' AIRFLOW_CTX_TRY_NUMBER='1' AIRFLOW_CTX_DAG_RUN_ID='manual__2025-05-11T17:55:07.164973+00:00'
[2025-05-11T17:55:11.205+0000] {logging_mixin.py:190} INFO - Task instance is in running state
[2025-05-11T17:55:11.206+0000] {logging_mixin.py:190} INFO -  Previous state of the Task instance: queued
[2025-05-11T17:55:11.206+0000] {logging_mixin.py:190} INFO - Current task name:wait_for_file state:running start_date:2025-05-11 17:55:10.584877+00:00
[2025-05-11T17:55:11.206+0000] {logging_mixin.py:190} INFO - Dag name:uvt_example and current dag run status:running
[2025-05-11T17:55:11.207+0000] {taskinstance.py:732} INFO - ::endgroup::
[2025-05-11T17:55:11.207+0000] {baseoperator.py:423} WARNING - FileSensor.execute cannot be called outside TaskInstance!
[2025-05-11T17:55:11.223+0000] {base.py:84} INFO - Retrieving connection 'fs_default'
[2025-05-11T17:55:11.224+0000] {filesystem.py:109} INFO - Poking for file /tmp/my_file.txt
[2025-05-11T17:55:11.224+0000] {filesystem.py:113} INFO - Found File /tmp/my_file.txt last modified: 20250511175341
[2025-05-11T17:55:11.225+0000] {base.py:339} INFO - Success criteria met. Exiting.
[2025-05-11T17:55:11.227+0000] {filesystem.py:109} INFO - Poking for file /tmp/my_file.txt
[2025-05-11T17:55:11.227+0000] {filesystem.py:113} INFO - Found File /tmp/my_file.txt last modified: 20250511175341
[2025-05-11T17:55:11.250+0000] {taskinstance.py:341} INFO - ::group::Post task execution logs
[2025-05-11T17:55:11.251+0000] {taskinstance.py:353} INFO - Marking task as SUCCESS. dag_id=uvt_example, task_id=wait_for_file, run_id=manual__2025-05-11T17:55:07.164973+00:00, execution_date=20250511T175507, start_date=20250511T175510, end_date=20250511T175511
[2025-05-11T17:55:11.288+0000] {logging_mixin.py:190} INFO - Task instance in success state
[2025-05-11T17:55:11.289+0000] {logging_mixin.py:190} INFO -  Previous state of the Task instance: running
[2025-05-11T17:55:11.289+0000] {logging_mixin.py:190} INFO - Dag name:uvt_example queued_at:2025-05-11 17:55:07.193236+00:00
[2025-05-11T17:55:11.289+0000] {logging_mixin.py:190} INFO - Task hostname:0cb3ccf66fff operator:FileSensor
[2025-05-11T17:55:11.341+0000] {local_task_job_runner.py:266} INFO - Task exited with return code 0
[2025-05-11T17:55:11.395+0000] {taskinstance.py:3901} INFO - 1 downstream tasks scheduled from follow-on schedule check
[2025-05-11T17:55:11.397+0000] {local_task_job_runner.py:245} INFO - ::endgroup::
